<?xml version="1.0" encoding="UTF-8"?>
<testsuite xmlns:xsi="http://www.w3.org/2001/XMLSchema-instance" xsi:noNamespaceSchemaLocation="https://maven.apache.org/surefire/maven-surefire-plugin/xsd/surefire-test-report.xsd" name="com.specific.integration.ProductTemplateIT" time="29.233" tests="1" errors="0" skipped="0" failures="1">
  <properties>
    <property name="sun.desktop" value="gnome"/>
    <property name="awt.toolkit" value="sun.awt.X11.XToolkit"/>
    <property name="java.specification.version" value="11"/>
    <property name="sun.cpu.isalist" value=""/>
    <property name="sun.jnu.encoding" value="UTF-8"/>
    <property name="java.class.path" value="/home/daniel/Desktop/petway/projSpecificService/target/test-classes:/home/daniel/Desktop/petway/projSpecificService/target/classes:/home/daniel/.m2/repository/org/testcontainers/testcontainers/1.16.0/testcontainers-1.16.0.jar:/home/daniel/.m2/repository/junit/junit/4.13.2/junit-4.13.2.jar:/home/daniel/.m2/repository/org/slf4j/slf4j-api/1.7.36/slf4j-api-1.7.36.jar:/home/daniel/.m2/repository/org/apache/commons/commons-compress/1.20/commons-compress-1.20.jar:/home/daniel/.m2/repository/org/rnorth/duct-tape/duct-tape/1.0.8/duct-tape-1.0.8.jar:/home/daniel/.m2/repository/com/github/docker-java/docker-java-api/3.2.11/docker-java-api-3.2.11.jar:/home/daniel/.m2/repository/com/github/docker-java/docker-java-transport-zerodep/3.2.11/docker-java-transport-zerodep-3.2.11.jar:/home/daniel/.m2/repository/com/github/docker-java/docker-java-transport/3.2.11/docker-java-transport-3.2.11.jar:/home/daniel/.m2/repository/net/java/dev/jna/jna/5.8.0/jna-5.8.0.jar:/home/daniel/.m2/repository/org/testcontainers/localstack/1.16.0/localstack-1.16.0.jar:/home/daniel/.m2/repository/org/testcontainers/junit-jupiter/1.16.0/junit-jupiter-1.16.0.jar:/home/daniel/.m2/repository/org/junit/jupiter/junit-jupiter-api/5.8.2/junit-jupiter-api-5.8.2.jar:/home/daniel/.m2/repository/org/opentest4j/opentest4j/1.2.0/opentest4j-1.2.0.jar:/home/daniel/.m2/repository/org/junit/platform/junit-platform-commons/1.8.2/junit-platform-commons-1.8.2.jar:/home/daniel/.m2/repository/org/apiguardian/apiguardian-api/1.1.2/apiguardian-api-1.1.2.jar:/home/daniel/.m2/repository/org/testcontainers/mysql/1.17.2/mysql-1.17.2.jar:/home/daniel/.m2/repository/org/testcontainers/jdbc/1.17.2/jdbc-1.17.2.jar:/home/daniel/.m2/repository/org/testcontainers/database-commons/1.17.2/database-commons-1.17.2.jar:/home/daniel/.m2/repository/org/testcontainers/postgresql/1.16.0/postgresql-1.16.0.jar:/home/daniel/.m2/repository/org/springframework/boot/spring-boot-starter-data-jpa/2.7.0/spring-boot-starter-data-jpa-2.7.0.jar:/home/daniel/.m2/repository/org/springframework/boot/spring-boot-starter-aop/2.7.0/spring-boot-starter-aop-2.7.0.jar:/home/daniel/.m2/repository/org/aspectj/aspectjweaver/1.9.7/aspectjweaver-1.9.7.jar:/home/daniel/.m2/repository/org/springframework/boot/spring-boot-starter-jdbc/2.7.0/spring-boot-starter-jdbc-2.7.0.jar:/home/daniel/.m2/repository/com/zaxxer/HikariCP/4.0.3/HikariCP-4.0.3.jar:/home/daniel/.m2/repository/org/springframework/spring-jdbc/5.3.20/spring-jdbc-5.3.20.jar:/home/daniel/.m2/repository/jakarta/transaction/jakarta.transaction-api/1.3.3/jakarta.transaction-api-1.3.3.jar:/home/daniel/.m2/repository/jakarta/persistence/jakarta.persistence-api/2.2.3/jakarta.persistence-api-2.2.3.jar:/home/daniel/.m2/repository/org/hibernate/hibernate-core/5.6.9.Final/hibernate-core-5.6.9.Final.jar:/home/daniel/.m2/repository/org/jboss/logging/jboss-logging/3.4.3.Final/jboss-logging-3.4.3.Final.jar:/home/daniel/.m2/repository/net/bytebuddy/byte-buddy/1.12.10/byte-buddy-1.12.10.jar:/home/daniel/.m2/repository/antlr/antlr/2.7.7/antlr-2.7.7.jar:/home/daniel/.m2/repository/org/jboss/jandex/2.4.2.Final/jandex-2.4.2.Final.jar:/home/daniel/.m2/repository/com/fasterxml/classmate/1.5.1/classmate-1.5.1.jar:/home/daniel/.m2/repository/org/hibernate/common/hibernate-commons-annotations/5.1.2.Final/hibernate-commons-annotations-5.1.2.Final.jar:/home/daniel/.m2/repository/org/glassfish/jaxb/jaxb-runtime/2.3.6/jaxb-runtime-2.3.6.jar:/home/daniel/.m2/repository/org/glassfish/jaxb/txw2/2.3.6/txw2-2.3.6.jar:/home/daniel/.m2/repository/com/sun/istack/istack-commons-runtime/3.0.12/istack-commons-runtime-3.0.12.jar:/home/daniel/.m2/repository/com/sun/activation/jakarta.activation/1.2.2/jakarta.activation-1.2.2.jar:/home/daniel/.m2/repository/org/springframework/data/spring-data-jpa/2.7.0/spring-data-jpa-2.7.0.jar:/home/daniel/.m2/repository/org/springframework/data/spring-data-commons/2.7.0/spring-data-commons-2.7.0.jar:/home/daniel/.m2/repository/org/springframework/spring-orm/5.3.20/spring-orm-5.3.20.jar:/home/daniel/.m2/repository/org/springframework/spring-context/5.3.20/spring-context-5.3.20.jar:/home/daniel/.m2/repository/org/springframework/spring-tx/5.3.20/spring-tx-5.3.20.jar:/home/daniel/.m2/repository/org/springframework/spring-beans/5.3.20/spring-beans-5.3.20.jar:/home/daniel/.m2/repository/org/springframework/spring-aspects/5.3.20/spring-aspects-5.3.20.jar:/home/daniel/.m2/repository/org/springframework/boot/spring-boot-starter-web/2.7.0/spring-boot-starter-web-2.7.0.jar:/home/daniel/.m2/repository/org/springframework/boot/spring-boot-starter/2.7.0/spring-boot-starter-2.7.0.jar:/home/daniel/.m2/repository/org/springframework/boot/spring-boot-starter-logging/2.7.0/spring-boot-starter-logging-2.7.0.jar:/home/daniel/.m2/repository/ch/qos/logback/logback-classic/1.2.11/logback-classic-1.2.11.jar:/home/daniel/.m2/repository/ch/qos/logback/logback-core/1.2.11/logback-core-1.2.11.jar:/home/daniel/.m2/repository/org/apache/logging/log4j/log4j-to-slf4j/2.17.2/log4j-to-slf4j-2.17.2.jar:/home/daniel/.m2/repository/org/apache/logging/log4j/log4j-api/2.17.2/log4j-api-2.17.2.jar:/home/daniel/.m2/repository/org/slf4j/jul-to-slf4j/1.7.36/jul-to-slf4j-1.7.36.jar:/home/daniel/.m2/repository/jakarta/annotation/jakarta.annotation-api/1.3.5/jakarta.annotation-api-1.3.5.jar:/home/daniel/.m2/repository/org/yaml/snakeyaml/1.30/snakeyaml-1.30.jar:/home/daniel/.m2/repository/org/springframework/boot/spring-boot-starter-json/2.7.0/spring-boot-starter-json-2.7.0.jar:/home/daniel/.m2/repository/com/fasterxml/jackson/datatype/jackson-datatype-jdk8/2.13.3/jackson-datatype-jdk8-2.13.3.jar:/home/daniel/.m2/repository/com/fasterxml/jackson/datatype/jackson-datatype-jsr310/2.13.3/jackson-datatype-jsr310-2.13.3.jar:/home/daniel/.m2/repository/com/fasterxml/jackson/module/jackson-module-parameter-names/2.13.3/jackson-module-parameter-names-2.13.3.jar:/home/daniel/.m2/repository/org/springframework/boot/spring-boot-starter-tomcat/2.7.0/spring-boot-starter-tomcat-2.7.0.jar:/home/daniel/.m2/repository/org/apache/tomcat/embed/tomcat-embed-core/9.0.63/tomcat-embed-core-9.0.63.jar:/home/daniel/.m2/repository/org/apache/tomcat/embed/tomcat-embed-el/9.0.63/tomcat-embed-el-9.0.63.jar:/home/daniel/.m2/repository/org/apache/tomcat/embed/tomcat-embed-websocket/9.0.63/tomcat-embed-websocket-9.0.63.jar:/home/daniel/.m2/repository/org/springframework/spring-web/5.3.20/spring-web-5.3.20.jar:/home/daniel/.m2/repository/org/springframework/spring-webmvc/5.3.20/spring-webmvc-5.3.20.jar:/home/daniel/.m2/repository/org/springframework/spring-expression/5.3.20/spring-expression-5.3.20.jar:/home/daniel/.m2/repository/org/hamcrest/hamcrest-all/1.3/hamcrest-all-1.3.jar:/home/daniel/.m2/repository/org/springframework/boot/spring-boot-devtools/2.7.0/spring-boot-devtools-2.7.0.jar:/home/daniel/.m2/repository/org/springframework/boot/spring-boot/2.7.0/spring-boot-2.7.0.jar:/home/daniel/.m2/repository/org/springframework/boot/spring-boot-autoconfigure/2.7.0/spring-boot-autoconfigure-2.7.0.jar:/home/daniel/.m2/repository/io/rest-assured/spring-mock-mvc/4.5.1/spring-mock-mvc-4.5.1.jar:/home/daniel/.m2/repository/io/rest-assured/rest-assured/4.5.1/rest-assured-4.5.1.jar:/home/daniel/.m2/repository/org/codehaus/groovy/groovy/3.0.10/groovy-3.0.10.jar:/home/daniel/.m2/repository/org/codehaus/groovy/groovy-xml/3.0.10/groovy-xml-3.0.10.jar:/home/daniel/.m2/repository/org/apache/httpcomponents/httpclient/4.5.13/httpclient-4.5.13.jar:/home/daniel/.m2/repository/org/apache/httpcomponents/httpcore/4.4.15/httpcore-4.4.15.jar:/home/daniel/.m2/repository/commons-codec/commons-codec/1.15/commons-codec-1.15.jar:/home/daniel/.m2/repository/org/apache/httpcomponents/httpmime/4.5.13/httpmime-4.5.13.jar:/home/daniel/.m2/repository/org/ccil/cowan/tagsoup/tagsoup/1.2.1/tagsoup-1.2.1.jar:/home/daniel/.m2/repository/io/rest-assured/json-path/4.5.1/json-path-4.5.1.jar:/home/daniel/.m2/repository/org/codehaus/groovy/groovy-json/3.0.10/groovy-json-3.0.10.jar:/home/daniel/.m2/repository/io/rest-assured/rest-assured-common/4.5.1/rest-assured-common-4.5.1.jar:/home/daniel/.m2/repository/io/rest-assured/xml-path/4.5.1/xml-path-4.5.1.jar:/home/daniel/.m2/repository/org/apache/commons/commons-lang3/3.12.0/commons-lang3-3.12.0.jar:/home/daniel/.m2/repository/io/rest-assured/spring-commons/4.5.1/spring-commons-4.5.1.jar:/home/daniel/.m2/repository/org/springframework/spring-test/5.3.20/spring-test-5.3.20.jar:/home/daniel/.m2/repository/com/h2database/h2/2.1.212/h2-2.1.212.jar:/home/daniel/.m2/repository/com/fasterxml/jackson/core/jackson-databind/2.13.3/jackson-databind-2.13.3.jar:/home/daniel/.m2/repository/com/fasterxml/jackson/core/jackson-annotations/2.13.3/jackson-annotations-2.13.3.jar:/home/daniel/.m2/repository/com/fasterxml/jackson/core/jackson-core/2.13.3/jackson-core-2.13.3.jar:/home/daniel/.m2/repository/org/springframework/boot/spring-boot-starter-test/2.7.0/spring-boot-starter-test-2.7.0.jar:/home/daniel/.m2/repository/org/springframework/boot/spring-boot-test/2.7.0/spring-boot-test-2.7.0.jar:/home/daniel/.m2/repository/org/springframework/boot/spring-boot-test-autoconfigure/2.7.0/spring-boot-test-autoconfigure-2.7.0.jar:/home/daniel/.m2/repository/com/jayway/jsonpath/json-path/2.7.0/json-path-2.7.0.jar:/home/daniel/.m2/repository/net/minidev/json-smart/2.4.8/json-smart-2.4.8.jar:/home/daniel/.m2/repository/net/minidev/accessors-smart/2.4.8/accessors-smart-2.4.8.jar:/home/daniel/.m2/repository/org/ow2/asm/asm/9.1/asm-9.1.jar:/home/daniel/.m2/repository/jakarta/xml/bind/jakarta.xml.bind-api/2.3.3/jakarta.xml.bind-api-2.3.3.jar:/home/daniel/.m2/repository/jakarta/activation/jakarta.activation-api/1.2.2/jakarta.activation-api-1.2.2.jar:/home/daniel/.m2/repository/org/assertj/assertj-core/3.22.0/assertj-core-3.22.0.jar:/home/daniel/.m2/repository/org/hamcrest/hamcrest/2.2/hamcrest-2.2.jar:/home/daniel/.m2/repository/org/junit/jupiter/junit-jupiter/5.8.2/junit-jupiter-5.8.2.jar:/home/daniel/.m2/repository/org/junit/jupiter/junit-jupiter-params/5.8.2/junit-jupiter-params-5.8.2.jar:/home/daniel/.m2/repository/org/junit/jupiter/junit-jupiter-engine/5.8.2/junit-jupiter-engine-5.8.2.jar:/home/daniel/.m2/repository/org/junit/platform/junit-platform-engine/1.8.2/junit-platform-engine-1.8.2.jar:/home/daniel/.m2/repository/org/mockito/mockito-core/4.5.1/mockito-core-4.5.1.jar:/home/daniel/.m2/repository/net/bytebuddy/byte-buddy-agent/1.12.10/byte-buddy-agent-1.12.10.jar:/home/daniel/.m2/repository/org/objenesis/objenesis/3.2/objenesis-3.2.jar:/home/daniel/.m2/repository/org/mockito/mockito-junit-jupiter/4.5.1/mockito-junit-jupiter-4.5.1.jar:/home/daniel/.m2/repository/org/skyscreamer/jsonassert/1.5.0/jsonassert-1.5.0.jar:/home/daniel/.m2/repository/com/vaadin/external/google/android-json/0.0.20131108.vaadin1/android-json-0.0.20131108.vaadin1.jar:/home/daniel/.m2/repository/org/springframework/spring-core/5.3.20/spring-core-5.3.20.jar:/home/daniel/.m2/repository/org/springframework/spring-jcl/5.3.20/spring-jcl-5.3.20.jar:/home/daniel/.m2/repository/org/xmlunit/xmlunit-core/2.9.0/xmlunit-core-2.9.0.jar:/home/daniel/.m2/repository/com/google/code/gson/gson/2.9.0/gson-2.9.0.jar:/home/daniel/.m2/repository/mysql/mysql-connector-java/8.0.29/mysql-connector-java-8.0.29.jar:/home/daniel/.m2/repository/org/projectlombok/lombok/1.18.24/lombok-1.18.24.jar:/home/daniel/.m2/repository/javax/validation/validation-api/2.0.1.Final/validation-api-2.0.1.Final.jar:/home/daniel/.m2/repository/org/springframework/boot/spring-boot-starter-security/2.7.0/spring-boot-starter-security-2.7.0.jar:/home/daniel/.m2/repository/org/springframework/spring-aop/5.3.20/spring-aop-5.3.20.jar:/home/daniel/.m2/repository/org/springframework/security/spring-security-config/5.7.1/spring-security-config-5.7.1.jar:/home/daniel/.m2/repository/org/springframework/security/spring-security-core/5.7.1/spring-security-core-5.7.1.jar:/home/daniel/.m2/repository/org/springframework/security/spring-security-crypto/5.7.1/spring-security-crypto-5.7.1.jar:/home/daniel/.m2/repository/org/springframework/security/spring-security-web/5.7.1/spring-security-web-5.7.1.jar:/home/daniel/.m2/repository/io/jsonwebtoken/jjwt/0.9.1/jjwt-0.9.1.jar:/home/daniel/.m2/repository/org/hamcrest/hamcrest-library/2.2/hamcrest-library-2.2.jar:/home/daniel/.m2/repository/org/hamcrest/hamcrest-core/2.2/hamcrest-core-2.2.jar:"/>
    <property name="java.vm.vendor" value="Private Build"/>
    <property name="sun.arch.data.model" value="64"/>
    <property name="java.vendor.url" value="Unknown"/>
    <property name="user.timezone" value=""/>
    <property name="java.vm.specification.version" value="11"/>
    <property name="os.name" value="Linux"/>
    <property name="sun.java.launcher" value="SUN_STANDARD"/>
    <property name="user.country" value="PT"/>
    <property name="sun.boot.library.path" value="/usr/lib/jvm/java-11-openjdk-amd64/lib"/>
    <property name="sun.java.command" value="/home/daniel/Desktop/petway/projSpecificService/target/surefire/surefirebooter6580657044876331762.jar /home/daniel/Desktop/petway/projSpecificService/target/surefire 2022-06-23T03-32-43_022-jvmRun1 surefire1527974724246380027tmp surefire_07624300249141648088tmp"/>
    <property name="jdk.debug" value="release"/>
    <property name="test" value="ProductTemplateIT"/>
    <property name="surefire.test.class.path" value="/home/daniel/Desktop/petway/projSpecificService/target/test-classes:/home/daniel/Desktop/petway/projSpecificService/target/classes:/home/daniel/.m2/repository/org/testcontainers/testcontainers/1.16.0/testcontainers-1.16.0.jar:/home/daniel/.m2/repository/junit/junit/4.13.2/junit-4.13.2.jar:/home/daniel/.m2/repository/org/slf4j/slf4j-api/1.7.36/slf4j-api-1.7.36.jar:/home/daniel/.m2/repository/org/apache/commons/commons-compress/1.20/commons-compress-1.20.jar:/home/daniel/.m2/repository/org/rnorth/duct-tape/duct-tape/1.0.8/duct-tape-1.0.8.jar:/home/daniel/.m2/repository/com/github/docker-java/docker-java-api/3.2.11/docker-java-api-3.2.11.jar:/home/daniel/.m2/repository/com/github/docker-java/docker-java-transport-zerodep/3.2.11/docker-java-transport-zerodep-3.2.11.jar:/home/daniel/.m2/repository/com/github/docker-java/docker-java-transport/3.2.11/docker-java-transport-3.2.11.jar:/home/daniel/.m2/repository/net/java/dev/jna/jna/5.8.0/jna-5.8.0.jar:/home/daniel/.m2/repository/org/testcontainers/localstack/1.16.0/localstack-1.16.0.jar:/home/daniel/.m2/repository/org/testcontainers/junit-jupiter/1.16.0/junit-jupiter-1.16.0.jar:/home/daniel/.m2/repository/org/junit/jupiter/junit-jupiter-api/5.8.2/junit-jupiter-api-5.8.2.jar:/home/daniel/.m2/repository/org/opentest4j/opentest4j/1.2.0/opentest4j-1.2.0.jar:/home/daniel/.m2/repository/org/junit/platform/junit-platform-commons/1.8.2/junit-platform-commons-1.8.2.jar:/home/daniel/.m2/repository/org/apiguardian/apiguardian-api/1.1.2/apiguardian-api-1.1.2.jar:/home/daniel/.m2/repository/org/testcontainers/mysql/1.17.2/mysql-1.17.2.jar:/home/daniel/.m2/repository/org/testcontainers/jdbc/1.17.2/jdbc-1.17.2.jar:/home/daniel/.m2/repository/org/testcontainers/database-commons/1.17.2/database-commons-1.17.2.jar:/home/daniel/.m2/repository/org/testcontainers/postgresql/1.16.0/postgresql-1.16.0.jar:/home/daniel/.m2/repository/org/springframework/boot/spring-boot-starter-data-jpa/2.7.0/spring-boot-starter-data-jpa-2.7.0.jar:/home/daniel/.m2/repository/org/springframework/boot/spring-boot-starter-aop/2.7.0/spring-boot-starter-aop-2.7.0.jar:/home/daniel/.m2/repository/org/aspectj/aspectjweaver/1.9.7/aspectjweaver-1.9.7.jar:/home/daniel/.m2/repository/org/springframework/boot/spring-boot-starter-jdbc/2.7.0/spring-boot-starter-jdbc-2.7.0.jar:/home/daniel/.m2/repository/com/zaxxer/HikariCP/4.0.3/HikariCP-4.0.3.jar:/home/daniel/.m2/repository/org/springframework/spring-jdbc/5.3.20/spring-jdbc-5.3.20.jar:/home/daniel/.m2/repository/jakarta/transaction/jakarta.transaction-api/1.3.3/jakarta.transaction-api-1.3.3.jar:/home/daniel/.m2/repository/jakarta/persistence/jakarta.persistence-api/2.2.3/jakarta.persistence-api-2.2.3.jar:/home/daniel/.m2/repository/org/hibernate/hibernate-core/5.6.9.Final/hibernate-core-5.6.9.Final.jar:/home/daniel/.m2/repository/org/jboss/logging/jboss-logging/3.4.3.Final/jboss-logging-3.4.3.Final.jar:/home/daniel/.m2/repository/net/bytebuddy/byte-buddy/1.12.10/byte-buddy-1.12.10.jar:/home/daniel/.m2/repository/antlr/antlr/2.7.7/antlr-2.7.7.jar:/home/daniel/.m2/repository/org/jboss/jandex/2.4.2.Final/jandex-2.4.2.Final.jar:/home/daniel/.m2/repository/com/fasterxml/classmate/1.5.1/classmate-1.5.1.jar:/home/daniel/.m2/repository/org/hibernate/common/hibernate-commons-annotations/5.1.2.Final/hibernate-commons-annotations-5.1.2.Final.jar:/home/daniel/.m2/repository/org/glassfish/jaxb/jaxb-runtime/2.3.6/jaxb-runtime-2.3.6.jar:/home/daniel/.m2/repository/org/glassfish/jaxb/txw2/2.3.6/txw2-2.3.6.jar:/home/daniel/.m2/repository/com/sun/istack/istack-commons-runtime/3.0.12/istack-commons-runtime-3.0.12.jar:/home/daniel/.m2/repository/com/sun/activation/jakarta.activation/1.2.2/jakarta.activation-1.2.2.jar:/home/daniel/.m2/repository/org/springframework/data/spring-data-jpa/2.7.0/spring-data-jpa-2.7.0.jar:/home/daniel/.m2/repository/org/springframework/data/spring-data-commons/2.7.0/spring-data-commons-2.7.0.jar:/home/daniel/.m2/repository/org/springframework/spring-orm/5.3.20/spring-orm-5.3.20.jar:/home/daniel/.m2/repository/org/springframework/spring-context/5.3.20/spring-context-5.3.20.jar:/home/daniel/.m2/repository/org/springframework/spring-tx/5.3.20/spring-tx-5.3.20.jar:/home/daniel/.m2/repository/org/springframework/spring-beans/5.3.20/spring-beans-5.3.20.jar:/home/daniel/.m2/repository/org/springframework/spring-aspects/5.3.20/spring-aspects-5.3.20.jar:/home/daniel/.m2/repository/org/springframework/boot/spring-boot-starter-web/2.7.0/spring-boot-starter-web-2.7.0.jar:/home/daniel/.m2/repository/org/springframework/boot/spring-boot-starter/2.7.0/spring-boot-starter-2.7.0.jar:/home/daniel/.m2/repository/org/springframework/boot/spring-boot-starter-logging/2.7.0/spring-boot-starter-logging-2.7.0.jar:/home/daniel/.m2/repository/ch/qos/logback/logback-classic/1.2.11/logback-classic-1.2.11.jar:/home/daniel/.m2/repository/ch/qos/logback/logback-core/1.2.11/logback-core-1.2.11.jar:/home/daniel/.m2/repository/org/apache/logging/log4j/log4j-to-slf4j/2.17.2/log4j-to-slf4j-2.17.2.jar:/home/daniel/.m2/repository/org/apache/logging/log4j/log4j-api/2.17.2/log4j-api-2.17.2.jar:/home/daniel/.m2/repository/org/slf4j/jul-to-slf4j/1.7.36/jul-to-slf4j-1.7.36.jar:/home/daniel/.m2/repository/jakarta/annotation/jakarta.annotation-api/1.3.5/jakarta.annotation-api-1.3.5.jar:/home/daniel/.m2/repository/org/yaml/snakeyaml/1.30/snakeyaml-1.30.jar:/home/daniel/.m2/repository/org/springframework/boot/spring-boot-starter-json/2.7.0/spring-boot-starter-json-2.7.0.jar:/home/daniel/.m2/repository/com/fasterxml/jackson/datatype/jackson-datatype-jdk8/2.13.3/jackson-datatype-jdk8-2.13.3.jar:/home/daniel/.m2/repository/com/fasterxml/jackson/datatype/jackson-datatype-jsr310/2.13.3/jackson-datatype-jsr310-2.13.3.jar:/home/daniel/.m2/repository/com/fasterxml/jackson/module/jackson-module-parameter-names/2.13.3/jackson-module-parameter-names-2.13.3.jar:/home/daniel/.m2/repository/org/springframework/boot/spring-boot-starter-tomcat/2.7.0/spring-boot-starter-tomcat-2.7.0.jar:/home/daniel/.m2/repository/org/apache/tomcat/embed/tomcat-embed-core/9.0.63/tomcat-embed-core-9.0.63.jar:/home/daniel/.m2/repository/org/apache/tomcat/embed/tomcat-embed-el/9.0.63/tomcat-embed-el-9.0.63.jar:/home/daniel/.m2/repository/org/apache/tomcat/embed/tomcat-embed-websocket/9.0.63/tomcat-embed-websocket-9.0.63.jar:/home/daniel/.m2/repository/org/springframework/spring-web/5.3.20/spring-web-5.3.20.jar:/home/daniel/.m2/repository/org/springframework/spring-webmvc/5.3.20/spring-webmvc-5.3.20.jar:/home/daniel/.m2/repository/org/springframework/spring-expression/5.3.20/spring-expression-5.3.20.jar:/home/daniel/.m2/repository/org/hamcrest/hamcrest-all/1.3/hamcrest-all-1.3.jar:/home/daniel/.m2/repository/org/springframework/boot/spring-boot-devtools/2.7.0/spring-boot-devtools-2.7.0.jar:/home/daniel/.m2/repository/org/springframework/boot/spring-boot/2.7.0/spring-boot-2.7.0.jar:/home/daniel/.m2/repository/org/springframework/boot/spring-boot-autoconfigure/2.7.0/spring-boot-autoconfigure-2.7.0.jar:/home/daniel/.m2/repository/io/rest-assured/spring-mock-mvc/4.5.1/spring-mock-mvc-4.5.1.jar:/home/daniel/.m2/repository/io/rest-assured/rest-assured/4.5.1/rest-assured-4.5.1.jar:/home/daniel/.m2/repository/org/codehaus/groovy/groovy/3.0.10/groovy-3.0.10.jar:/home/daniel/.m2/repository/org/codehaus/groovy/groovy-xml/3.0.10/groovy-xml-3.0.10.jar:/home/daniel/.m2/repository/org/apache/httpcomponents/httpclient/4.5.13/httpclient-4.5.13.jar:/home/daniel/.m2/repository/org/apache/httpcomponents/httpcore/4.4.15/httpcore-4.4.15.jar:/home/daniel/.m2/repository/commons-codec/commons-codec/1.15/commons-codec-1.15.jar:/home/daniel/.m2/repository/org/apache/httpcomponents/httpmime/4.5.13/httpmime-4.5.13.jar:/home/daniel/.m2/repository/org/ccil/cowan/tagsoup/tagsoup/1.2.1/tagsoup-1.2.1.jar:/home/daniel/.m2/repository/io/rest-assured/json-path/4.5.1/json-path-4.5.1.jar:/home/daniel/.m2/repository/org/codehaus/groovy/groovy-json/3.0.10/groovy-json-3.0.10.jar:/home/daniel/.m2/repository/io/rest-assured/rest-assured-common/4.5.1/rest-assured-common-4.5.1.jar:/home/daniel/.m2/repository/io/rest-assured/xml-path/4.5.1/xml-path-4.5.1.jar:/home/daniel/.m2/repository/org/apache/commons/commons-lang3/3.12.0/commons-lang3-3.12.0.jar:/home/daniel/.m2/repository/io/rest-assured/spring-commons/4.5.1/spring-commons-4.5.1.jar:/home/daniel/.m2/repository/org/springframework/spring-test/5.3.20/spring-test-5.3.20.jar:/home/daniel/.m2/repository/com/h2database/h2/2.1.212/h2-2.1.212.jar:/home/daniel/.m2/repository/com/fasterxml/jackson/core/jackson-databind/2.13.3/jackson-databind-2.13.3.jar:/home/daniel/.m2/repository/com/fasterxml/jackson/core/jackson-annotations/2.13.3/jackson-annotations-2.13.3.jar:/home/daniel/.m2/repository/com/fasterxml/jackson/core/jackson-core/2.13.3/jackson-core-2.13.3.jar:/home/daniel/.m2/repository/org/springframework/boot/spring-boot-starter-test/2.7.0/spring-boot-starter-test-2.7.0.jar:/home/daniel/.m2/repository/org/springframework/boot/spring-boot-test/2.7.0/spring-boot-test-2.7.0.jar:/home/daniel/.m2/repository/org/springframework/boot/spring-boot-test-autoconfigure/2.7.0/spring-boot-test-autoconfigure-2.7.0.jar:/home/daniel/.m2/repository/com/jayway/jsonpath/json-path/2.7.0/json-path-2.7.0.jar:/home/daniel/.m2/repository/net/minidev/json-smart/2.4.8/json-smart-2.4.8.jar:/home/daniel/.m2/repository/net/minidev/accessors-smart/2.4.8/accessors-smart-2.4.8.jar:/home/daniel/.m2/repository/org/ow2/asm/asm/9.1/asm-9.1.jar:/home/daniel/.m2/repository/jakarta/xml/bind/jakarta.xml.bind-api/2.3.3/jakarta.xml.bind-api-2.3.3.jar:/home/daniel/.m2/repository/jakarta/activation/jakarta.activation-api/1.2.2/jakarta.activation-api-1.2.2.jar:/home/daniel/.m2/repository/org/assertj/assertj-core/3.22.0/assertj-core-3.22.0.jar:/home/daniel/.m2/repository/org/hamcrest/hamcrest/2.2/hamcrest-2.2.jar:/home/daniel/.m2/repository/org/junit/jupiter/junit-jupiter/5.8.2/junit-jupiter-5.8.2.jar:/home/daniel/.m2/repository/org/junit/jupiter/junit-jupiter-params/5.8.2/junit-jupiter-params-5.8.2.jar:/home/daniel/.m2/repository/org/junit/jupiter/junit-jupiter-engine/5.8.2/junit-jupiter-engine-5.8.2.jar:/home/daniel/.m2/repository/org/junit/platform/junit-platform-engine/1.8.2/junit-platform-engine-1.8.2.jar:/home/daniel/.m2/repository/org/mockito/mockito-core/4.5.1/mockito-core-4.5.1.jar:/home/daniel/.m2/repository/net/bytebuddy/byte-buddy-agent/1.12.10/byte-buddy-agent-1.12.10.jar:/home/daniel/.m2/repository/org/objenesis/objenesis/3.2/objenesis-3.2.jar:/home/daniel/.m2/repository/org/mockito/mockito-junit-jupiter/4.5.1/mockito-junit-jupiter-4.5.1.jar:/home/daniel/.m2/repository/org/skyscreamer/jsonassert/1.5.0/jsonassert-1.5.0.jar:/home/daniel/.m2/repository/com/vaadin/external/google/android-json/0.0.20131108.vaadin1/android-json-0.0.20131108.vaadin1.jar:/home/daniel/.m2/repository/org/springframework/spring-core/5.3.20/spring-core-5.3.20.jar:/home/daniel/.m2/repository/org/springframework/spring-jcl/5.3.20/spring-jcl-5.3.20.jar:/home/daniel/.m2/repository/org/xmlunit/xmlunit-core/2.9.0/xmlunit-core-2.9.0.jar:/home/daniel/.m2/repository/com/google/code/gson/gson/2.9.0/gson-2.9.0.jar:/home/daniel/.m2/repository/mysql/mysql-connector-java/8.0.29/mysql-connector-java-8.0.29.jar:/home/daniel/.m2/repository/org/projectlombok/lombok/1.18.24/lombok-1.18.24.jar:/home/daniel/.m2/repository/javax/validation/validation-api/2.0.1.Final/validation-api-2.0.1.Final.jar:/home/daniel/.m2/repository/org/springframework/boot/spring-boot-starter-security/2.7.0/spring-boot-starter-security-2.7.0.jar:/home/daniel/.m2/repository/org/springframework/spring-aop/5.3.20/spring-aop-5.3.20.jar:/home/daniel/.m2/repository/org/springframework/security/spring-security-config/5.7.1/spring-security-config-5.7.1.jar:/home/daniel/.m2/repository/org/springframework/security/spring-security-core/5.7.1/spring-security-core-5.7.1.jar:/home/daniel/.m2/repository/org/springframework/security/spring-security-crypto/5.7.1/spring-security-crypto-5.7.1.jar:/home/daniel/.m2/repository/org/springframework/security/spring-security-web/5.7.1/spring-security-web-5.7.1.jar:/home/daniel/.m2/repository/io/jsonwebtoken/jjwt/0.9.1/jjwt-0.9.1.jar:/home/daniel/.m2/repository/org/hamcrest/hamcrest-library/2.2/hamcrest-library-2.2.jar:/home/daniel/.m2/repository/org/hamcrest/hamcrest-core/2.2/hamcrest-core-2.2.jar:"/>
    <property name="sun.cpu.endian" value="little"/>
    <property name="user.home" value="/home/daniel"/>
    <property name="user.language" value="pt"/>
    <property name="java.specification.vendor" value="Oracle Corporation"/>
    <property name="java.version.date" value="2022-04-19"/>
    <property name="java.home" value="/usr/lib/jvm/java-11-openjdk-amd64"/>
    <property name="file.separator" value="/"/>
    <property name="basedir" value="/home/daniel/Desktop/petway/projSpecificService"/>
    <property name="java.vm.compressedOopsMode" value="32-bit"/>
    <property name="line.separator" value="&#10;"/>
    <property name="java.specification.name" value="Java Platform API Specification"/>
    <property name="java.vm.specification.vendor" value="Oracle Corporation"/>
    <property name="java.awt.graphicsenv" value="sun.awt.X11GraphicsEnvironment"/>
    <property name="surefire.real.class.path" value="/home/daniel/Desktop/petway/projSpecificService/target/surefire/surefirebooter6580657044876331762.jar"/>
    <property name="sun.management.compiler" value="HotSpot 64-Bit Tiered Compilers"/>
    <property name="java.runtime.version" value="11.0.15+10-Ubuntu-0ubuntu0.20.04.1"/>
    <property name="user.name" value="daniel"/>
    <property name="path.separator" value=":"/>
    <property name="os.version" value="5.4.0-120-generic"/>
    <property name="java.runtime.name" value="OpenJDK Runtime Environment"/>
    <property name="file.encoding" value="UTF-8"/>
    <property name="java.vm.name" value="OpenJDK 64-Bit Server VM"/>
    <property name="localRepository" value="/home/daniel/.m2/repository"/>
    <property name="java.vendor.url.bug" value="Unknown"/>
    <property name="java.io.tmpdir" value="/tmp"/>
    <property name="java.version" value="11.0.15"/>
    <property name="user.dir" value="/home/daniel/Desktop/petway/projSpecificService"/>
    <property name="os.arch" value="amd64"/>
    <property name="java.vm.specification.name" value="Java Virtual Machine Specification"/>
    <property name="java.awt.printerjob" value="sun.print.PSPrinterJob"/>
    <property name="sun.os.patch.level" value="unknown"/>
    <property name="java.library.path" value="/usr/java/packages/lib:/usr/lib/x86_64-linux-gnu/jni:/lib/x86_64-linux-gnu:/usr/lib/x86_64-linux-gnu:/usr/lib/jni:/lib:/usr/lib"/>
    <property name="java.vm.info" value="mixed mode, sharing"/>
    <property name="java.vendor" value="Private Build"/>
    <property name="java.vm.version" value="11.0.15+10-Ubuntu-0ubuntu0.20.04.1"/>
    <property name="sun.io.unicode.encoding" value="UnicodeLittle"/>
    <property name="java.class.version" value="55.0"/>
  </properties>
  <testcase name="testAddProduct_thenCode200" classname="com.specific.integration.ProductTemplateIT" time="1.288">
    <failure message="1 expectation failed.&#10;Expected status code &lt;200&gt; but was &lt;400&gt;.&#10;" type="java.lang.AssertionError"><![CDATA[java.lang.AssertionError: 
1 expectation failed.
Expected status code <200> but was <400>.

	at com.specific.integration.ProductTemplateIT.testAddProduct_thenCode200(ProductTemplateIT.java:108)
]]></failure>
    <system-out><![CDATA[03:32:44.463 [main] DEBUG org.testcontainers.utility.TestcontainersConfiguration - Testcontainers configuration overrides will be loaded from file:/home/daniel/.testcontainers.properties
03:32:44.492 [main] INFO org.testcontainers.dockerclient.DockerClientProviderStrategy - Loaded org.testcontainers.dockerclient.UnixSocketClientProviderStrategy from ~/.testcontainers.properties, will try it first
03:32:45.107 [ducttape-0] DEBUG org.testcontainers.dockerclient.DockerClientProviderStrategy - Pinging docker daemon...
03:32:45.152 [ducttape-0] DEBUG org.testcontainers.shaded.com.github.dockerjava.core.command.AbstrDockerCmd - Cmd: 
03:32:45.203 [ducttape-0] DEBUG com.github.dockerjava.zerodep.shaded.org.apache.hc.client5.http.impl.classic.InternalHttpClient - ex-00000001: preparing request execution
03:32:45.212 [ducttape-0] DEBUG com.github.dockerjava.zerodep.shaded.org.apache.hc.client5.http.protocol.RequestAddCookies - Cookie spec selected: strict
03:32:45.219 [ducttape-0] DEBUG com.github.dockerjava.zerodep.shaded.org.apache.hc.client5.http.protocol.RequestAuthCache - Auth cache not set in the context
03:32:45.219 [ducttape-0] DEBUG com.github.dockerjava.zerodep.shaded.org.apache.hc.client5.http.impl.classic.ProtocolExec - ex-00000001: target auth state: UNCHALLENGED
03:32:45.221 [ducttape-0] DEBUG com.github.dockerjava.zerodep.shaded.org.apache.hc.client5.http.impl.classic.ProtocolExec - ex-00000001: proxy auth state: UNCHALLENGED
03:32:45.221 [ducttape-0] DEBUG com.github.dockerjava.zerodep.shaded.org.apache.hc.client5.http.impl.classic.ConnectExec - ex-00000001: acquiring connection with route {}->unix://localhost:2375
03:32:45.221 [ducttape-0] DEBUG com.github.dockerjava.zerodep.shaded.org.apache.hc.client5.http.impl.classic.InternalHttpClient - ex-00000001: acquiring endpoint (3 MINUTES)
03:32:45.223 [ducttape-0] DEBUG com.github.dockerjava.zerodep.shaded.org.apache.hc.client5.http.impl.io.PoolingHttpClientConnectionManager - ex-00000001: endpoint lease request (3 MINUTES) [route: {}->unix://localhost:2375][total available: 0; route allocated: 0 of 2147483647; total allocated: 0 of 2147483647]
03:32:45.232 [ducttape-0] DEBUG com.github.dockerjava.zerodep.shaded.org.apache.hc.client5.http.impl.io.PoolingHttpClientConnectionManager - ex-00000001: endpoint leased [route: {}->unix://localhost:2375][total available: 0; route allocated: 1 of 2147483647; total allocated: 1 of 2147483647]
03:32:45.252 [ducttape-0] DEBUG com.github.dockerjava.zerodep.shaded.org.apache.hc.client5.http.impl.io.PoolingHttpClientConnectionManager - ex-00000001: acquired ep-00000000
03:32:45.252 [ducttape-0] DEBUG com.github.dockerjava.zerodep.shaded.org.apache.hc.client5.http.impl.classic.InternalHttpClient - ex-00000001: acquired endpoint ep-00000000
03:32:45.252 [ducttape-0] DEBUG com.github.dockerjava.zerodep.shaded.org.apache.hc.client5.http.impl.classic.ConnectExec - ex-00000001: opening connection {}->unix://localhost:2375
03:32:45.254 [ducttape-0] DEBUG com.github.dockerjava.zerodep.shaded.org.apache.hc.client5.http.impl.classic.InternalHttpClient - ep-00000000: connecting endpoint (3 MINUTES)
03:32:45.254 [ducttape-0] DEBUG com.github.dockerjava.zerodep.shaded.org.apache.hc.client5.http.impl.io.PoolingHttpClientConnectionManager - ep-00000000: connecting endpoint to unix://localhost:2375 (3 MINUTES)
03:32:45.358 [ducttape-0] DEBUG com.github.dockerjava.zerodep.shaded.org.apache.hc.client5.http.impl.io.DefaultHttpClientConnectionOperator - http-outgoing-0: connecting to localhost/127.0.0.1:2375
03:32:45.360 [ducttape-0] DEBUG com.github.dockerjava.zerodep.shaded.org.apache.hc.client5.http.impl.io.DefaultHttpClientConnectionOperator - http-outgoing-0: connection established 
03:32:45.360 [ducttape-0] DEBUG com.github.dockerjava.zerodep.shaded.org.apache.hc.client5.http.impl.io.PoolingHttpClientConnectionManager - ep-00000000: connected http-outgoing-0
03:32:45.360 [ducttape-0] DEBUG com.github.dockerjava.zerodep.shaded.org.apache.hc.client5.http.impl.classic.InternalHttpClient - ep-00000000: endpoint connected
03:32:45.362 [ducttape-0] DEBUG com.github.dockerjava.zerodep.shaded.org.apache.hc.client5.http.impl.classic.MainClientExec - ex-00000001: executing GET /v1.32/info HTTP/1.1
03:32:45.364 [ducttape-0] DEBUG com.github.dockerjava.zerodep.shaded.org.apache.hc.client5.http.impl.classic.InternalHttpClient - ep-00000000: start execution ex-00000001
03:32:45.364 [ducttape-0] DEBUG com.github.dockerjava.zerodep.shaded.org.apache.hc.client5.http.impl.io.PoolingHttpClientConnectionManager - ep-00000000: executing exchange ex-00000001 over http-outgoing-0
03:32:45.365 [ducttape-0] DEBUG com.github.dockerjava.zerodep.shaded.org.apache.hc.client5.http.headers - http-outgoing-0 >> GET /v1.32/info HTTP/1.1
03:32:45.365 [ducttape-0] DEBUG com.github.dockerjava.zerodep.shaded.org.apache.hc.client5.http.headers - http-outgoing-0 >> Accept-Encoding: gzip, x-gzip, deflate
03:32:45.366 [ducttape-0] DEBUG com.github.dockerjava.zerodep.shaded.org.apache.hc.client5.http.headers - http-outgoing-0 >> Host: localhost:2375
03:32:45.366 [ducttape-0] DEBUG com.github.dockerjava.zerodep.shaded.org.apache.hc.client5.http.headers - http-outgoing-0 >> Connection: keep-alive
03:32:45.366 [ducttape-0] DEBUG com.github.dockerjava.zerodep.shaded.org.apache.hc.client5.http.headers - http-outgoing-0 >> User-Agent: Apache-HttpClient/5.0.3 (Java/11.0.15)
03:32:45.366 [ducttape-0] DEBUG com.github.dockerjava.zerodep.shaded.org.apache.hc.client5.http.wire - http-outgoing-0 >> "GET /v1.32/info HTTP/1.1[\r][\n]"
03:32:45.366 [ducttape-0] DEBUG com.github.dockerjava.zerodep.shaded.org.apache.hc.client5.http.wire - http-outgoing-0 >> "Accept-Encoding: gzip, x-gzip, deflate[\r][\n]"
03:32:45.366 [ducttape-0] DEBUG com.github.dockerjava.zerodep.shaded.org.apache.hc.client5.http.wire - http-outgoing-0 >> "Host: localhost:2375[\r][\n]"
03:32:45.366 [ducttape-0] DEBUG com.github.dockerjava.zerodep.shaded.org.apache.hc.client5.http.wire - http-outgoing-0 >> "Connection: keep-alive[\r][\n]"
03:32:45.366 [ducttape-0] DEBUG com.github.dockerjava.zerodep.shaded.org.apache.hc.client5.http.wire - http-outgoing-0 >> "User-Agent: Apache-HttpClient/5.0.3 (Java/11.0.15)[\r][\n]"
03:32:45.366 [ducttape-0] DEBUG com.github.dockerjava.zerodep.shaded.org.apache.hc.client5.http.wire - http-outgoing-0 >> "[\r][\n]"
03:32:45.382 [ducttape-0] DEBUG com.github.dockerjava.zerodep.shaded.org.apache.hc.client5.http.wire - http-outgoing-0 << "HTTP/1.1 200 OK[\r][\n]"
03:32:45.382 [ducttape-0] DEBUG com.github.dockerjava.zerodep.shaded.org.apache.hc.client5.http.wire - http-outgoing-0 << "Api-Version: 1.41[\r][\n]"
03:32:45.382 [ducttape-0] DEBUG com.github.dockerjava.zerodep.shaded.org.apache.hc.client5.http.wire - http-outgoing-0 << "Content-Type: application/json[\r][\n]"
03:32:45.382 [ducttape-0] DEBUG com.github.dockerjava.zerodep.shaded.org.apache.hc.client5.http.wire - http-outgoing-0 << "Docker-Experimental: false[\r][\n]"
03:32:45.382 [ducttape-0] DEBUG com.github.dockerjava.zerodep.shaded.org.apache.hc.client5.http.wire - http-outgoing-0 << "Ostype: linux[\r][\n]"
03:32:45.382 [ducttape-0] DEBUG com.github.dockerjava.zerodep.shaded.org.apache.hc.client5.http.wire - http-outgoing-0 << "Server: Docker/20.10.12 (linux)[\r][\n]"
03:32:45.382 [ducttape-0] DEBUG com.github.dockerjava.zerodep.shaded.org.apache.hc.client5.http.wire - http-outgoing-0 << "Date: Thu, 23 Jun 2022 02:32:45 GMT[\r][\n]"
03:32:45.383 [ducttape-0] DEBUG com.github.dockerjava.zerodep.shaded.org.apache.hc.client5.http.wire - http-outgoing-0 << "Transfer-Encoding: chunked[\r][\n]"
03:32:45.383 [ducttape-0] DEBUG com.github.dockerjava.zerodep.shaded.org.apache.hc.client5.http.wire - http-outgoing-0 << "[\r][\n]"
03:32:45.383 [ducttape-0] DEBUG com.github.dockerjava.zerodep.shaded.org.apache.hc.client5.http.wire - http-outgoing-0 << "898[\r][\n]"
03:32:45.383 [ducttape-0] DEBUG com.github.dockerjava.zerodep.shaded.org.apache.hc.client5.http.wire - http-outgoing-0 << "{"ID":"P6EO:WTLP:ZZOK:4KPZ:GBZX:37VB:KUME:HESS:MSA2:QLRZ:V7KN:36KC","Containers":0,"ContainersRunning":0,"ContainersPaused":0,"ContainersStopped":0,"Images":2,"Driver":"overlay2","DriverStatus":[["Backing Filesystem","extfs"],["Supports d_type","true"],["Native Overlay Diff","true"],["userxattr","false"]],"Plugins":{"Volume":["local"],"Network":["bridge","host","ipvlan","macvlan","null","overlay"],"Authorization":null,"Log":["awslogs","fluentd","gcplogs","gelf","journald","json-file","local","logentries","splunk","syslog"]},"MemoryLimit":true,"SwapLimit":false,"KernelMemory":true,"KernelMemoryTCP":true,"CpuCfsPeriod":true,"CpuCfsQuota":true,"CPUShares":true,"CPUSet":true,"PidsLimit":true,"IPv4Forwarding":true,"BridgeNfIptables":true,"BridgeNfIp6tables":true,"Debug":false,"NFd":24,"OomKillDisable":true,"NGoroutines":34,"SystemTime":"2022-06-23T03:32:45.368019075+01:00","LoggingDriver":"json-file","CgroupDriver":"cgroupfs","CgroupVersion":"1","NEventsListener":0,"KernelVersion":"5.4.0-120-generic","OperatingSystem":"Ubuntu 20.04.4 LTS","OSVersion":"20.04","OSType":"linux","Architecture":"x86_64","IndexServerAddress":"https://index.docker.io/v1/","RegistryConfig":{"AllowNondistributableArtifactsCIDRs":[],"AllowNondistributableArtifactsHostnames":[],"InsecureRegistryCIDRs":["127.0.0.0/8"],"IndexConfigs":{"docker.io":{"Name":"docker.io","Mirrors":[],"Secure":true,"Official":true}},"Mirrors":[]},"NCPU":8,"MemTotal":8141959168,"GenericResources":null,"DockerRootDir":"/var/lib/docker","HttpProxy":"","HttpsProxy":"","NoProxy":"","Name":"danielpc","Labels":[],"ExperimentalBuild":false,"ServerVersion":"20.10.12","Runtimes":{"io.containerd.runc.v2":{"path":"runc"},"io.containerd.runtime.v1.linux":{"path":"runc"},"runc":{"path":"runc"}},"DefaultRuntime":"runc","Swarm":{"NodeID":"","NodeAddr":"","LocalNodeState":"inactive","ControlAvailable":false,"Error":"","RemoteManagers":null},"LiveRestoreEnabled":false,"Isolation":"","InitBinary":"docker-init","ContainerdCommit":{"ID":"","Expected":""},"RuncCommit":{"ID":"","Expected":""},"InitCommit":{"ID":"","Expected":""},"SecurityOptions":["name=apparmor","name=seccomp,profile=default"],"Warnings":["WARNING: No swap limit support"]}[\n]"
03:32:45.383 [ducttape-0] DEBUG com.github.dockerjava.zerodep.shaded.org.apache.hc.client5.http.wire - http-outgoing-0 << "[\r][\n]"
03:32:45.384 [ducttape-0] DEBUG com.github.dockerjava.zerodep.shaded.org.apache.hc.client5.http.wire - http-outgoing-0 << "0[\r][\n]"
03:32:45.384 [ducttape-0] DEBUG com.github.dockerjava.zerodep.shaded.org.apache.hc.client5.http.wire - http-outgoing-0 << "[\r][\n]"
03:32:45.388 [ducttape-0] DEBUG com.github.dockerjava.zerodep.shaded.org.apache.hc.client5.http.headers - http-outgoing-0 << HTTP/1.1 200 OK
03:32:45.390 [ducttape-0] DEBUG com.github.dockerjava.zerodep.shaded.org.apache.hc.client5.http.headers - http-outgoing-0 << Api-Version: 1.41
03:32:45.390 [ducttape-0] DEBUG com.github.dockerjava.zerodep.shaded.org.apache.hc.client5.http.headers - http-outgoing-0 << Content-Type: application/json
03:32:45.390 [ducttape-0] DEBUG com.github.dockerjava.zerodep.shaded.org.apache.hc.client5.http.headers - http-outgoing-0 << Docker-Experimental: false
03:32:45.390 [ducttape-0] DEBUG com.github.dockerjava.zerodep.shaded.org.apache.hc.client5.http.headers - http-outgoing-0 << Ostype: linux
03:32:45.390 [ducttape-0] DEBUG com.github.dockerjava.zerodep.shaded.org.apache.hc.client5.http.headers - http-outgoing-0 << Server: Docker/20.10.12 (linux)
03:32:45.390 [ducttape-0] DEBUG com.github.dockerjava.zerodep.shaded.org.apache.hc.client5.http.headers - http-outgoing-0 << Date: Thu, 23 Jun 2022 02:32:45 GMT
03:32:45.390 [ducttape-0] DEBUG com.github.dockerjava.zerodep.shaded.org.apache.hc.client5.http.headers - http-outgoing-0 << Transfer-Encoding: chunked
03:32:45.403 [ducttape-0] DEBUG com.github.dockerjava.zerodep.shaded.org.apache.hc.client5.http.impl.classic.MainClientExec - ex-00000001: connection can be kept alive for 3 MINUTES
03:32:45.734 [ducttape-0] DEBUG com.github.dockerjava.zerodep.shaded.org.apache.hc.client5.http.impl.classic.InternalHttpClient - ep-00000000: releasing valid endpoint
03:32:45.734 [ducttape-0] DEBUG com.github.dockerjava.zerodep.shaded.org.apache.hc.client5.http.impl.io.PoolingHttpClientConnectionManager - ep-00000000: releasing endpoint
03:32:45.734 [ducttape-0] DEBUG com.github.dockerjava.zerodep.shaded.org.apache.hc.client5.http.impl.io.PoolingHttpClientConnectionManager - ep-00000000: connection http-outgoing-0 can be kept alive for 3 MINUTES
03:32:45.735 [ducttape-0] DEBUG com.github.dockerjava.zerodep.shaded.org.apache.hc.client5.http.impl.io.PoolingHttpClientConnectionManager - ep-00000000: connection released [route: {}->unix://localhost:2375][total available: 1; route allocated: 1 of 2147483647; total allocated: 1 of 2147483647]
03:32:45.737 [main] INFO org.testcontainers.dockerclient.DockerClientProviderStrategy - Found Docker environment with local Unix socket (unix:///var/run/docker.sock)
03:32:45.737 [main] DEBUG org.testcontainers.dockerclient.DockerClientProviderStrategy - Transport type: 'httpclient5', Docker host: 'unix:///var/run/docker.sock'
03:32:45.737 [main] DEBUG org.testcontainers.dockerclient.DockerClientProviderStrategy - Checking Docker OS type for local Unix socket (unix:///var/run/docker.sock)
03:32:45.740 [main] INFO org.testcontainers.DockerClientFactory - Docker host IP address is localhost
03:32:45.742 [main] DEBUG org.testcontainers.shaded.com.github.dockerjava.core.command.AbstrDockerCmd - Cmd: 
03:32:45.743 [main] DEBUG com.github.dockerjava.zerodep.shaded.org.apache.hc.client5.http.impl.classic.InternalHttpClient - ex-00000002: preparing request execution
03:32:45.743 [main] DEBUG com.github.dockerjava.zerodep.shaded.org.apache.hc.client5.http.protocol.RequestAddCookies - Cookie spec selected: strict
03:32:45.743 [main] DEBUG com.github.dockerjava.zerodep.shaded.org.apache.hc.client5.http.protocol.RequestAuthCache - Auth cache not set in the context
03:32:45.743 [main] DEBUG com.github.dockerjava.zerodep.shaded.org.apache.hc.client5.http.impl.classic.ProtocolExec - ex-00000002: target auth state: UNCHALLENGED
03:32:45.744 [main] DEBUG com.github.dockerjava.zerodep.shaded.org.apache.hc.client5.http.impl.classic.ProtocolExec - ex-00000002: proxy auth state: UNCHALLENGED
03:32:45.744 [main] DEBUG com.github.dockerjava.zerodep.shaded.org.apache.hc.client5.http.impl.classic.ConnectExec - ex-00000002: acquiring connection with route {}->unix://localhost:2375
03:32:45.744 [main] DEBUG com.github.dockerjava.zerodep.shaded.org.apache.hc.client5.http.impl.classic.InternalHttpClient - ex-00000002: acquiring endpoint (3 MINUTES)
03:32:45.744 [main] DEBUG com.github.dockerjava.zerodep.shaded.org.apache.hc.client5.http.impl.io.PoolingHttpClientConnectionManager - ex-00000002: endpoint lease request (3 MINUTES) [route: {}->unix://localhost:2375][total available: 1; route allocated: 1 of 2147483647; total allocated: 1 of 2147483647]
03:32:45.745 [main] DEBUG com.github.dockerjava.zerodep.shaded.org.apache.hc.client5.http.impl.io.PoolingHttpClientConnectionManager - ex-00000002: endpoint leased [route: {}->unix://localhost:2375][total available: 0; route allocated: 1 of 2147483647; total allocated: 1 of 2147483647]
03:32:45.748 [main] DEBUG com.github.dockerjava.zerodep.shaded.org.apache.hc.client5.http.impl.io.PoolingHttpClientConnectionManager - ex-00000002: acquired ep-00000001
03:32:45.748 [main] DEBUG com.github.dockerjava.zerodep.shaded.org.apache.hc.client5.http.impl.classic.InternalHttpClient - ex-00000002: acquired endpoint ep-00000001
03:32:45.749 [main] DEBUG com.github.dockerjava.zerodep.shaded.org.apache.hc.client5.http.impl.classic.MainClientExec - ex-00000002: executing GET /v1.32/info HTTP/1.1
03:32:45.749 [main] DEBUG com.github.dockerjava.zerodep.shaded.org.apache.hc.client5.http.impl.classic.InternalHttpClient - ep-00000001: start execution ex-00000002
03:32:45.749 [main] DEBUG com.github.dockerjava.zerodep.shaded.org.apache.hc.client5.http.impl.io.PoolingHttpClientConnectionManager - ep-00000001: executing exchange ex-00000002 over http-outgoing-0
03:32:45.749 [main] DEBUG com.github.dockerjava.zerodep.shaded.org.apache.hc.client5.http.headers - http-outgoing-0 >> GET /v1.32/info HTTP/1.1
03:32:45.749 [main] DEBUG com.github.dockerjava.zerodep.shaded.org.apache.hc.client5.http.headers - http-outgoing-0 >> Accept-Encoding: gzip, x-gzip, deflate
03:32:45.749 [main] DEBUG com.github.dockerjava.zerodep.shaded.org.apache.hc.client5.http.headers - http-outgoing-0 >> Host: localhost:2375
03:32:45.749 [main] DEBUG com.github.dockerjava.zerodep.shaded.org.apache.hc.client5.http.headers - http-outgoing-0 >> Connection: keep-alive
03:32:45.749 [main] DEBUG com.github.dockerjava.zerodep.shaded.org.apache.hc.client5.http.headers - http-outgoing-0 >> User-Agent: Apache-HttpClient/5.0.3 (Java/11.0.15)
03:32:45.749 [main] DEBUG com.github.dockerjava.zerodep.shaded.org.apache.hc.client5.http.wire - http-outgoing-0 >> "GET /v1.32/info HTTP/1.1[\r][\n]"
03:32:45.749 [main] DEBUG com.github.dockerjava.zerodep.shaded.org.apache.hc.client5.http.wire - http-outgoing-0 >> "Accept-Encoding: gzip, x-gzip, deflate[\r][\n]"
03:32:45.749 [main] DEBUG com.github.dockerjava.zerodep.shaded.org.apache.hc.client5.http.wire - http-outgoing-0 >> "Host: localhost:2375[\r][\n]"
03:32:45.749 [main] DEBUG com.github.dockerjava.zerodep.shaded.org.apache.hc.client5.http.wire - http-outgoing-0 >> "Connection: keep-alive[\r][\n]"
03:32:45.750 [main] DEBUG com.github.dockerjava.zerodep.shaded.org.apache.hc.client5.http.wire - http-outgoing-0 >> "User-Agent: Apache-HttpClient/5.0.3 (Java/11.0.15)[\r][\n]"
03:32:45.750 [main] DEBUG com.github.dockerjava.zerodep.shaded.org.apache.hc.client5.http.wire - http-outgoing-0 >> "[\r][\n]"
03:32:45.763 [main] DEBUG com.github.dockerjava.zerodep.shaded.org.apache.hc.client5.http.wire - http-outgoing-0 << "HTTP/1.1 200 OK[\r][\n]"
03:32:45.763 [main] DEBUG com.github.dockerjava.zerodep.shaded.org.apache.hc.client5.http.wire - http-outgoing-0 << "Api-Version: 1.41[\r][\n]"
03:32:45.763 [main] DEBUG com.github.dockerjava.zerodep.shaded.org.apache.hc.client5.http.wire - http-outgoing-0 << "Content-Type: application/json[\r][\n]"
03:32:45.763 [main] DEBUG com.github.dockerjava.zerodep.shaded.org.apache.hc.client5.http.wire - http-outgoing-0 << "Docker-Experimental: false[\r][\n]"
03:32:45.763 [main] DEBUG com.github.dockerjava.zerodep.shaded.org.apache.hc.client5.http.wire - http-outgoing-0 << "Ostype: linux[\r][\n]"
03:32:45.763 [main] DEBUG com.github.dockerjava.zerodep.shaded.org.apache.hc.client5.http.wire - http-outgoing-0 << "Server: Docker/20.10.12 (linux)[\r][\n]"
03:32:45.763 [main] DEBUG com.github.dockerjava.zerodep.shaded.org.apache.hc.client5.http.wire - http-outgoing-0 << "Date: Thu, 23 Jun 2022 02:32:45 GMT[\r][\n]"
03:32:45.763 [main] DEBUG com.github.dockerjava.zerodep.shaded.org.apache.hc.client5.http.wire - http-outgoing-0 << "Transfer-Encoding: chunked[\r][\n]"
03:32:45.763 [main] DEBUG com.github.dockerjava.zerodep.shaded.org.apache.hc.client5.http.wire - http-outgoing-0 << "[\r][\n]"
03:32:45.763 [main] DEBUG com.github.dockerjava.zerodep.shaded.org.apache.hc.client5.http.wire - http-outgoing-0 << "898[\r][\n]"
03:32:45.764 [main] DEBUG com.github.dockerjava.zerodep.shaded.org.apache.hc.client5.http.wire - http-outgoing-0 << "{"ID":"P6EO:WTLP:ZZOK:4KPZ:GBZX:37VB:KUME:HESS:MSA2:QLRZ:V7KN:36KC","Containers":0,"ContainersRunning":0,"ContainersPaused":0,"ContainersStopped":0,"Images":2,"Driver":"overlay2","DriverStatus":[["Backing Filesystem","extfs"],["Supports d_type","true"],["Native Overlay Diff","true"],["userxattr","false"]],"Plugins":{"Volume":["local"],"Network":["bridge","host","ipvlan","macvlan","null","overlay"],"Authorization":null,"Log":["awslogs","fluentd","gcplogs","gelf","journald","json-file","local","logentries","splunk","syslog"]},"MemoryLimit":true,"SwapLimit":false,"KernelMemory":true,"KernelMemoryTCP":true,"CpuCfsPeriod":true,"CpuCfsQuota":true,"CPUShares":true,"CPUSet":true,"PidsLimit":true,"IPv4Forwarding":true,"BridgeNfIptables":true,"BridgeNfIp6tables":true,"Debug":false,"NFd":24,"OomKillDisable":true,"NGoroutines":34,"SystemTime":"2022-06-23T03:32:45.753130257+01:00","LoggingDriver":"json-file","CgroupDriver":"cgroupfs","CgroupVersion":"1","NEventsListener":0,"KernelVersion":"5.4.0-120-generic","OperatingSystem":"Ubuntu 20.04.4 LTS","OSVersion":"20.04","OSType":"linux","Architecture":"x86_64","IndexServerAddress":"https://index.docker.io/v1/","RegistryConfig":{"AllowNondistributableArtifactsCIDRs":[],"AllowNondistributableArtifactsHostnames":[],"InsecureRegistryCIDRs":["127.0.0.0/8"],"IndexConfigs":{"docker.io":{"Name":"docker.io","Mirrors":[],"Secure":true,"Official":true}},"Mirrors":[]},"NCPU":8,"MemTotal":8141959168,"GenericResources":null,"DockerRootDir":"/var/lib/docker","HttpProxy":"","HttpsProxy":"","NoProxy":"","Name":"danielpc","Labels":[],"ExperimentalBuild":false,"ServerVersion":"20.10.12","Runtimes":{"io.containerd.runc.v2":{"path":"runc"},"io.containerd.runtime.v1.linux":{"path":"runc"},"runc":{"path":"runc"}},"DefaultRuntime":"runc","Swarm":{"NodeID":"","NodeAddr":"","LocalNodeState":"inactive","ControlAvailable":false,"Error":"","RemoteManagers":null},"LiveRestoreEnabled":false,"Isolation":"","InitBinary":"docker-init","ContainerdCommit":{"ID":"","Expected":""},"RuncCommit":{"ID":"","Expected":""},"InitCommit":{"ID":"","Expected":""},"SecurityOptions":["name=apparmor","name=seccomp,profile=default"],"Warnings":["WARNING: No swap limit support"]}[\n]"
03:32:45.764 [main] DEBUG com.github.dockerjava.zerodep.shaded.org.apache.hc.client5.http.wire - http-outgoing-0 << "[\r][\n]"
03:32:45.764 [main] DEBUG com.github.dockerjava.zerodep.shaded.org.apache.hc.client5.http.wire - http-outgoing-0 << "0[\r][\n]"
03:32:45.764 [main] DEBUG com.github.dockerjava.zerodep.shaded.org.apache.hc.client5.http.wire - http-outgoing-0 << "[\r][\n]"
03:32:45.765 [main] DEBUG com.github.dockerjava.zerodep.shaded.org.apache.hc.client5.http.headers - http-outgoing-0 << HTTP/1.1 200 OK
03:32:45.765 [main] DEBUG com.github.dockerjava.zerodep.shaded.org.apache.hc.client5.http.headers - http-outgoing-0 << Api-Version: 1.41
03:32:45.765 [main] DEBUG com.github.dockerjava.zerodep.shaded.org.apache.hc.client5.http.headers - http-outgoing-0 << Content-Type: application/json
03:32:45.765 [main] DEBUG com.github.dockerjava.zerodep.shaded.org.apache.hc.client5.http.headers - http-outgoing-0 << Docker-Experimental: false
03:32:45.765 [main] DEBUG com.github.dockerjava.zerodep.shaded.org.apache.hc.client5.http.headers - http-outgoing-0 << Ostype: linux
03:32:45.765 [main] DEBUG com.github.dockerjava.zerodep.shaded.org.apache.hc.client5.http.headers - http-outgoing-0 << Server: Docker/20.10.12 (linux)
03:32:45.765 [main] DEBUG com.github.dockerjava.zerodep.shaded.org.apache.hc.client5.http.headers - http-outgoing-0 << Date: Thu, 23 Jun 2022 02:32:45 GMT
03:32:45.765 [main] DEBUG com.github.dockerjava.zerodep.shaded.org.apache.hc.client5.http.headers - http-outgoing-0 << Transfer-Encoding: chunked
03:32:45.766 [main] DEBUG com.github.dockerjava.zerodep.shaded.org.apache.hc.client5.http.impl.classic.MainClientExec - ex-00000002: connection can be kept alive for 3 MINUTES
03:32:45.770 [main] DEBUG com.github.dockerjava.zerodep.shaded.org.apache.hc.client5.http.impl.classic.InternalHttpClient - ep-00000001: releasing valid endpoint
03:32:45.770 [main] DEBUG com.github.dockerjava.zerodep.shaded.org.apache.hc.client5.http.impl.io.PoolingHttpClientConnectionManager - ep-00000001: releasing endpoint
03:32:45.770 [main] DEBUG com.github.dockerjava.zerodep.shaded.org.apache.hc.client5.http.impl.io.PoolingHttpClientConnectionManager - ep-00000001: connection http-outgoing-0 can be kept alive for 3 MINUTES
03:32:45.770 [main] DEBUG com.github.dockerjava.zerodep.shaded.org.apache.hc.client5.http.impl.io.PoolingHttpClientConnectionManager - ep-00000001: connection released [route: {}->unix://localhost:2375][total available: 1; route allocated: 1 of 2147483647; total allocated: 1 of 2147483647]
03:32:45.781 [main] DEBUG org.testcontainers.shaded.com.github.dockerjava.core.command.AbstrDockerCmd - Cmd: 
03:32:45.791 [main] DEBUG com.github.dockerjava.zerodep.shaded.org.apache.hc.client5.http.impl.classic.InternalHttpClient - ex-00000003: preparing request execution
03:32:45.792 [main] DEBUG com.github.dockerjava.zerodep.shaded.org.apache.hc.client5.http.protocol.RequestAddCookies - Cookie spec selected: strict
03:32:45.792 [main] DEBUG com.github.dockerjava.zerodep.shaded.org.apache.hc.client5.http.protocol.RequestAuthCache - Auth cache not set in the context
03:32:45.793 [main] DEBUG com.github.dockerjava.zerodep.shaded.org.apache.hc.client5.http.impl.classic.ProtocolExec - ex-00000003: target auth state: UNCHALLENGED
03:32:45.793 [main] DEBUG com.github.dockerjava.zerodep.shaded.org.apache.hc.client5.http.impl.classic.ProtocolExec - ex-00000003: proxy auth state: UNCHALLENGED
03:32:45.793 [main] DEBUG com.github.dockerjava.zerodep.shaded.org.apache.hc.client5.http.impl.classic.ConnectExec - ex-00000003: acquiring connection with route {}->unix://localhost:2375
03:32:45.793 [main] DEBUG com.github.dockerjava.zerodep.shaded.org.apache.hc.client5.http.impl.classic.InternalHttpClient - ex-00000003: acquiring endpoint (3 MINUTES)
03:32:45.793 [main] DEBUG com.github.dockerjava.zerodep.shaded.org.apache.hc.client5.http.impl.io.PoolingHttpClientConnectionManager - ex-00000003: endpoint lease request (3 MINUTES) [route: {}->unix://localhost:2375][total available: 1; route allocated: 1 of 2147483647; total allocated: 1 of 2147483647]
03:32:45.794 [main] DEBUG com.github.dockerjava.zerodep.shaded.org.apache.hc.client5.http.impl.io.PoolingHttpClientConnectionManager - ex-00000003: endpoint leased [route: {}->unix://localhost:2375][total available: 0; route allocated: 1 of 2147483647; total allocated: 1 of 2147483647]
03:32:45.794 [main] DEBUG com.github.dockerjava.zerodep.shaded.org.apache.hc.client5.http.impl.io.PoolingHttpClientConnectionManager - ex-00000003: acquired ep-00000002
03:32:45.794 [main] DEBUG com.github.dockerjava.zerodep.shaded.org.apache.hc.client5.http.impl.classic.InternalHttpClient - ex-00000003: acquired endpoint ep-00000002
03:32:45.794 [main] DEBUG com.github.dockerjava.zerodep.shaded.org.apache.hc.client5.http.impl.classic.MainClientExec - ex-00000003: executing GET /v1.32/version HTTP/1.1
03:32:45.794 [main] DEBUG com.github.dockerjava.zerodep.shaded.org.apache.hc.client5.http.impl.classic.InternalHttpClient - ep-00000002: start execution ex-00000003
03:32:45.794 [main] DEBUG com.github.dockerjava.zerodep.shaded.org.apache.hc.client5.http.impl.io.PoolingHttpClientConnectionManager - ep-00000002: executing exchange ex-00000003 over http-outgoing-0
03:32:45.795 [main] DEBUG com.github.dockerjava.zerodep.shaded.org.apache.hc.client5.http.headers - http-outgoing-0 >> GET /v1.32/version HTTP/1.1
03:32:45.795 [main] DEBUG com.github.dockerjava.zerodep.shaded.org.apache.hc.client5.http.headers - http-outgoing-0 >> accept: application/json
03:32:45.795 [main] DEBUG com.github.dockerjava.zerodep.shaded.org.apache.hc.client5.http.headers - http-outgoing-0 >> Accept-Encoding: gzip, x-gzip, deflate
03:32:45.795 [main] DEBUG com.github.dockerjava.zerodep.shaded.org.apache.hc.client5.http.headers - http-outgoing-0 >> Host: localhost:2375
03:32:45.795 [main] DEBUG com.github.dockerjava.zerodep.shaded.org.apache.hc.client5.http.headers - http-outgoing-0 >> Connection: keep-alive
03:32:45.795 [main] DEBUG com.github.dockerjava.zerodep.shaded.org.apache.hc.client5.http.headers - http-outgoing-0 >> User-Agent: Apache-HttpClient/5.0.3 (Java/11.0.15)
03:32:45.795 [main] DEBUG com.github.dockerjava.zerodep.shaded.org.apache.hc.client5.http.wire - http-outgoing-0 >> "GET /v1.32/version HTTP/1.1[\r][\n]"
03:32:45.795 [main] DEBUG com.github.dockerjava.zerodep.shaded.org.apache.hc.client5.http.wire - http-outgoing-0 >> "accept: application/json[\r][\n]"
03:32:45.795 [main] DEBUG com.github.dockerjava.zerodep.shaded.org.apache.hc.client5.http.wire - http-outgoing-0 >> "Accept-Encoding: gzip, x-gzip, deflate[\r][\n]"
03:32:45.795 [main] DEBUG com.github.dockerjava.zerodep.shaded.org.apache.hc.client5.http.wire - http-outgoing-0 >> "Host: localhost:2375[\r][\n]"
03:32:45.795 [main] DEBUG com.github.dockerjava.zerodep.shaded.org.apache.hc.client5.http.wire - http-outgoing-0 >> "Connection: keep-alive[\r][\n]"
03:32:45.795 [main] DEBUG com.github.dockerjava.zerodep.shaded.org.apache.hc.client5.http.wire - http-outgoing-0 >> "User-Agent: Apache-HttpClient/5.0.3 (Java/11.0.15)[\r][\n]"
03:32:45.795 [main] DEBUG com.github.dockerjava.zerodep.shaded.org.apache.hc.client5.http.wire - http-outgoing-0 >> "[\r][\n]"
03:32:45.808 [main] DEBUG com.github.dockerjava.zerodep.shaded.org.apache.hc.client5.http.wire - http-outgoing-0 << "HTTP/1.1 200 OK[\r][\n]"
03:32:45.809 [main] DEBUG com.github.dockerjava.zerodep.shaded.org.apache.hc.client5.http.wire - http-outgoing-0 << "Api-Version: 1.41[\r][\n]"
03:32:45.809 [main] DEBUG com.github.dockerjava.zerodep.shaded.org.apache.hc.client5.http.wire - http-outgoing-0 << "Content-Type: application/json[\r][\n]"
03:32:45.809 [main] DEBUG com.github.dockerjava.zerodep.shaded.org.apache.hc.client5.http.wire - http-outgoing-0 << "Docker-Experimental: false[\r][\n]"
03:32:45.809 [main] DEBUG com.github.dockerjava.zerodep.shaded.org.apache.hc.client5.http.wire - http-outgoing-0 << "Ostype: linux[\r][\n]"
03:32:45.809 [main] DEBUG com.github.dockerjava.zerodep.shaded.org.apache.hc.client5.http.wire - http-outgoing-0 << "Server: Docker/20.10.12 (linux)[\r][\n]"
03:32:45.812 [main] DEBUG com.github.dockerjava.zerodep.shaded.org.apache.hc.client5.http.wire - http-outgoing-0 << "Date: Thu, 23 Jun 2022 02:32:45 GMT[\r][\n]"
03:32:45.812 [main] DEBUG com.github.dockerjava.zerodep.shaded.org.apache.hc.client5.http.wire - http-outgoing-0 << "Content-Length: 806[\r][\n]"
03:32:45.812 [main] DEBUG com.github.dockerjava.zerodep.shaded.org.apache.hc.client5.http.wire - http-outgoing-0 << "[\r][\n]"
03:32:45.812 [main] DEBUG com.github.dockerjava.zerodep.shaded.org.apache.hc.client5.http.wire - http-outgoing-0 << "{"Platform":{"Name":""},"Components":[{"Name":"Engine","Version":"20.10.12","Details":{"ApiVersion":"1.41","Arch":"amd64","BuildTime":"2022-02-10T15:03:35.000000000+00:00","Experimental":"false","GitCommit":"20.10.12-0ubuntu2~20.04.1","GoVersion":"go1.16.2","KernelVersion":"5.4.0-120-generic","MinAPIVersion":"1.12","Os":"linux"}},{"Name":"containerd","Version":"1.5.9-0ubuntu1~20.04.4","Details":{"GitCommit":""}},{"Name":"runc","Version":"1.1.0-0ubuntu1~20.04.1","Details":{"GitCommit":""}},{"Name":"docker-init","Version":"0.19.0","Details":{"GitCommit":""}}],"Version":"20.10.12","ApiVersion":"1.41","MinAPIVersion":"1.12","GitCommit":"20.10.12-0ubuntu2~20.04.1","GoVersion":"go1.16.2","Os":"linux","Arch":"amd64","KernelVersion":"5.4.0-120-generic","BuildTime":"2022-02-10T15:03:35.000000000+00:00"}[\n]"
03:32:45.814 [main] DEBUG com.github.dockerjava.zerodep.shaded.org.apache.hc.client5.http.headers - http-outgoing-0 << HTTP/1.1 200 OK
03:32:45.814 [main] DEBUG com.github.dockerjava.zerodep.shaded.org.apache.hc.client5.http.headers - http-outgoing-0 << Api-Version: 1.41
03:32:45.814 [main] DEBUG com.github.dockerjava.zerodep.shaded.org.apache.hc.client5.http.headers - http-outgoing-0 << Content-Type: application/json
03:32:45.814 [main] DEBUG com.github.dockerjava.zerodep.shaded.org.apache.hc.client5.http.headers - http-outgoing-0 << Docker-Experimental: false
03:32:45.814 [main] DEBUG com.github.dockerjava.zerodep.shaded.org.apache.hc.client5.http.headers - http-outgoing-0 << Ostype: linux
03:32:45.814 [main] DEBUG com.github.dockerjava.zerodep.shaded.org.apache.hc.client5.http.headers - http-outgoing-0 << Server: Docker/20.10.12 (linux)
03:32:45.814 [main] DEBUG com.github.dockerjava.zerodep.shaded.org.apache.hc.client5.http.headers - http-outgoing-0 << Date: Thu, 23 Jun 2022 02:32:45 GMT
03:32:45.814 [main] DEBUG com.github.dockerjava.zerodep.shaded.org.apache.hc.client5.http.headers - http-outgoing-0 << Content-Length: 806
03:32:45.814 [main] DEBUG com.github.dockerjava.zerodep.shaded.org.apache.hc.client5.http.impl.classic.MainClientExec - ex-00000003: connection can be kept alive for 3 MINUTES
03:32:45.839 [main] DEBUG com.github.dockerjava.zerodep.shaded.org.apache.hc.client5.http.impl.classic.InternalHttpClient - ep-00000002: releasing valid endpoint
03:32:45.839 [main] DEBUG com.github.dockerjava.zerodep.shaded.org.apache.hc.client5.http.impl.io.PoolingHttpClientConnectionManager - ep-00000002: releasing endpoint
03:32:45.840 [main] DEBUG com.github.dockerjava.zerodep.shaded.org.apache.hc.client5.http.impl.io.PoolingHttpClientConnectionManager - ep-00000002: connection http-outgoing-0 can be kept alive for 3 MINUTES
03:32:45.840 [main] DEBUG com.github.dockerjava.zerodep.shaded.org.apache.hc.client5.http.impl.io.PoolingHttpClientConnectionManager - ep-00000002: connection released [route: {}->unix://localhost:2375][total available: 1; route allocated: 1 of 2147483647; total allocated: 1 of 2147483647]
03:32:45.840 [main] INFO org.testcontainers.DockerClientFactory - Connected to docker: 
  Server Version: 20.10.12
  API Version: 1.41
  Operating System: Ubuntu 20.04.4 LTS
  Total Memory: 7764 MB
03:32:45.840 [main] DEBUG org.testcontainers.DockerClientFactory - Ryuk is enabled
03:32:45.847 [main] INFO org.testcontainers.utility.ImageNameSubstitutor - Image name substitution will be performed by: DefaultImageNameSubstitutor (composite of 'ConfigurationFileImageNameSubstitutor' and 'PrefixingImageNameSubstitutor')
03:32:45.851 [main] DEBUG org.testcontainers.utility.PrefixingImageNameSubstitutor - No prefix is configured
03:32:45.851 [main] DEBUG org.testcontainers.utility.ImageNameSubstitutor - Did not find a substitute image for testcontainers/ryuk:0.3.1 (using image substitutor: DefaultImageNameSubstitutor (composite of 'ConfigurationFileImageNameSubstitutor' and 'PrefixingImageNameSubstitutor'))
03:32:45.853 [main] DEBUG org.testcontainers.shaded.com.github.dockerjava.core.command.AbstrDockerCmd - Cmd: testcontainers/ryuk:0.3.1
03:32:45.859 [main] DEBUG com.github.dockerjava.zerodep.shaded.org.apache.hc.client5.http.impl.classic.InternalHttpClient - ex-00000004: preparing request execution
03:32:45.876 [main] DEBUG com.github.dockerjava.zerodep.shaded.org.apache.hc.client5.http.protocol.RequestAddCookies - Cookie spec selected: strict
03:32:45.887 [main] DEBUG com.github.dockerjava.zerodep.shaded.org.apache.hc.client5.http.protocol.RequestAuthCache - Auth cache not set in the context
03:32:45.887 [main] DEBUG com.github.dockerjava.zerodep.shaded.org.apache.hc.client5.http.impl.classic.ProtocolExec - ex-00000004: target auth state: UNCHALLENGED
03:32:45.887 [main] DEBUG com.github.dockerjava.zerodep.shaded.org.apache.hc.client5.http.impl.classic.ProtocolExec - ex-00000004: proxy auth state: UNCHALLENGED
03:32:45.887 [main] DEBUG com.github.dockerjava.zerodep.shaded.org.apache.hc.client5.http.impl.classic.ConnectExec - ex-00000004: acquiring connection with route {}->unix://localhost:2375
03:32:45.887 [main] DEBUG com.github.dockerjava.zerodep.shaded.org.apache.hc.client5.http.impl.classic.InternalHttpClient - ex-00000004: acquiring endpoint (3 MINUTES)
03:32:45.887 [main] DEBUG com.github.dockerjava.zerodep.shaded.org.apache.hc.client5.http.impl.io.PoolingHttpClientConnectionManager - ex-00000004: endpoint lease request (3 MINUTES) [route: {}->unix://localhost:2375][total available: 1; route allocated: 1 of 2147483647; total allocated: 1 of 2147483647]
03:32:45.888 [main] DEBUG com.github.dockerjava.zerodep.shaded.org.apache.hc.client5.http.impl.io.PoolingHttpClientConnectionManager - ex-00000004: endpoint leased [route: {}->unix://localhost:2375][total available: 0; route allocated: 1 of 2147483647; total allocated: 1 of 2147483647]
03:32:45.888 [main] DEBUG com.github.dockerjava.zerodep.shaded.org.apache.hc.client5.http.impl.io.PoolingHttpClientConnectionManager - ex-00000004: acquired ep-00000003
03:32:45.888 [main] DEBUG com.github.dockerjava.zerodep.shaded.org.apache.hc.client5.http.impl.classic.InternalHttpClient - ex-00000004: acquired endpoint ep-00000003
03:32:45.888 [main] DEBUG com.github.dockerjava.zerodep.shaded.org.apache.hc.client5.http.impl.classic.MainClientExec - ex-00000004: executing GET /v1.32/images/testcontainers%2Fryuk:0.3.1/json HTTP/1.1
03:32:45.888 [main] DEBUG com.github.dockerjava.zerodep.shaded.org.apache.hc.client5.http.impl.classic.InternalHttpClient - ep-00000003: start execution ex-00000004
03:32:45.889 [main] DEBUG com.github.dockerjava.zerodep.shaded.org.apache.hc.client5.http.impl.io.PoolingHttpClientConnectionManager - ep-00000003: executing exchange ex-00000004 over http-outgoing-0
03:32:45.889 [main] DEBUG com.github.dockerjava.zerodep.shaded.org.apache.hc.client5.http.headers - http-outgoing-0 >> GET /v1.32/images/testcontainers%2Fryuk:0.3.1/json HTTP/1.1
03:32:45.889 [main] DEBUG com.github.dockerjava.zerodep.shaded.org.apache.hc.client5.http.headers - http-outgoing-0 >> accept: application/json
03:32:45.889 [main] DEBUG com.github.dockerjava.zerodep.shaded.org.apache.hc.client5.http.headers - http-outgoing-0 >> Accept-Encoding: gzip, x-gzip, deflate
03:32:45.889 [main] DEBUG com.github.dockerjava.zerodep.shaded.org.apache.hc.client5.http.headers - http-outgoing-0 >> Host: localhost:2375
03:32:45.889 [main] DEBUG com.github.dockerjava.zerodep.shaded.org.apache.hc.client5.http.headers - http-outgoing-0 >> Connection: keep-alive
03:32:45.889 [main] DEBUG com.github.dockerjava.zerodep.shaded.org.apache.hc.client5.http.headers - http-outgoing-0 >> User-Agent: Apache-HttpClient/5.0.3 (Java/11.0.15)
03:32:45.889 [main] DEBUG com.github.dockerjava.zerodep.shaded.org.apache.hc.client5.http.wire - http-outgoing-0 >> "GET /v1.32/images/testcontainers%2Fryuk:0.3.1/json HTTP/1.1[\r][\n]"
03:32:45.889 [main] DEBUG com.github.dockerjava.zerodep.shaded.org.apache.hc.client5.http.wire - http-outgoing-0 >> "accept: application/json[\r][\n]"
03:32:45.890 [main] DEBUG com.github.dockerjava.zerodep.shaded.org.apache.hc.client5.http.wire - http-outgoing-0 >> "Accept-Encoding: gzip, x-gzip, deflate[\r][\n]"
03:32:45.891 [main] DEBUG com.github.dockerjava.zerodep.shaded.org.apache.hc.client5.http.wire - http-outgoing-0 >> "Host: localhost:2375[\r][\n]"
03:32:45.891 [main] DEBUG com.github.dockerjava.zerodep.shaded.org.apache.hc.client5.http.wire - http-outgoing-0 >> "Connection: keep-alive[\r][\n]"
03:32:45.891 [main] DEBUG com.github.dockerjava.zerodep.shaded.org.apache.hc.client5.http.wire - http-outgoing-0 >> "User-Agent: Apache-HttpClient/5.0.3 (Java/11.0.15)[\r][\n]"
03:32:45.891 [main] DEBUG com.github.dockerjava.zerodep.shaded.org.apache.hc.client5.http.wire - http-outgoing-0 >> "[\r][\n]"
03:32:45.893 [main] DEBUG com.github.dockerjava.zerodep.shaded.org.apache.hc.client5.http.wire - http-outgoing-0 << "HTTP/1.1 200 OK[\r][\n]"
03:32:45.893 [main] DEBUG com.github.dockerjava.zerodep.shaded.org.apache.hc.client5.http.wire - http-outgoing-0 << "Api-Version: 1.41[\r][\n]"
03:32:45.893 [main] DEBUG com.github.dockerjava.zerodep.shaded.org.apache.hc.client5.http.wire - http-outgoing-0 << "Content-Type: application/json[\r][\n]"
03:32:45.908 [main] DEBUG com.github.dockerjava.zerodep.shaded.org.apache.hc.client5.http.wire - http-outgoing-0 << "Docker-Experimental: false[\r][\n]"
03:32:45.908 [main] DEBUG com.github.dockerjava.zerodep.shaded.org.apache.hc.client5.http.wire - http-outgoing-0 << "Ostype: linux[\r][\n]"
03:32:45.909 [main] DEBUG com.github.dockerjava.zerodep.shaded.org.apache.hc.client5.http.wire - http-outgoing-0 << "Server: Docker/20.10.12 (linux)[\r][\n]"
03:32:45.909 [main] DEBUG com.github.dockerjava.zerodep.shaded.org.apache.hc.client5.http.wire - http-outgoing-0 << "Date: Thu, 23 Jun 2022 02:32:45 GMT[\r][\n]"
03:32:45.909 [main] DEBUG com.github.dockerjava.zerodep.shaded.org.apache.hc.client5.http.wire - http-outgoing-0 << "Content-Length: 1966[\r][\n]"
03:32:45.909 [main] DEBUG com.github.dockerjava.zerodep.shaded.org.apache.hc.client5.http.wire - http-outgoing-0 << "[\r][\n]"
03:32:45.910 [main] DEBUG com.github.dockerjava.zerodep.shaded.org.apache.hc.client5.http.wire - http-outgoing-0 << "{"Id":"sha256:ee7515743e6fb92fd9ae2e9b8a4ad4516ed19507079788849c33025b3bfdb7a5","RepoTags":["testcontainers/ryuk:0.3.1"],"RepoDigests":["testcontainers/ryuk@sha256:58345bdf4fd056f7c5b772319c444d6a8dbbbad112d60b9e8023637cda6a6e30"],"Parent":"","Comment":"buildkit.dockerfile.v0","Created":"2020-12-23T12:19:41.877135611Z","Container":"","ContainerConfig":{"Hostname":"","Domainname":"","User":"","AttachStdin":false,"AttachStdout":false,"AttachStderr":false,"Tty":false,"OpenStdin":false,"StdinOnce":false,"Env":null,"Cmd":null,"Image":"","Volumes":null,"WorkingDir":"","Entrypoint":null,"OnBuild":null,"Labels":null},"DockerVersion":"","Author":"","Config":{"Hostname":"","Domainname":"","User":"","AttachStdin":false,"AttachStdout":false,"AttachStderr":false,"Tty":false,"OpenStdin":false,"StdinOnce":false,"Env":["PATH=/usr/local/sbin:/usr/local/bin:/usr/sbin:/usr/bin:/sbin:/bin"],"Cmd":["/app"],"ArgsEscaped":true,"Image":"","Volumes":null,"WorkingDir":"","Entrypoint":null,"OnBuild":null,"Labels":null},"Architecture":"amd64","Os":"linux","Size":11951601,"VirtualSize":11951601,"GraphDriver":{"Data":{"LowerDir":"/var/lib/docker/overlay2/0a8a15d1df6c059cbdb266754a95663abe66fc09249196c5a002267f3f5a8dfe/diff:/var/lib/docker/overlay2/645ac4bc79c763ad14399b08f87008661050371c70a598b307f7d6a4c06c886b/diff","MergedDir":"/var/lib/docker/overlay2/3e8fe23ce86f4a072d0772ab13144add8419f10283243f4861402af1a49418fd/merged","UpperDir":"/var/lib/docker/overlay2/3e8fe23ce86f4a072d0772ab13144add8419f10283243f4861402af1a49418fd/diff","WorkDir":"/var/lib/docker/overlay2/3e8fe23ce86f4a072d0772ab13144add8419f10283243f4861402af1a49418fd/work"},"Name":"overlay2"},"RootFS":{"Type":"layers","Layers":["sha256:89ae5c4ee501a09c879f5b58474003539ab3bb978a553af2a4a6a7de248b5740","sha256:3b48f6d27de898997df9f00a7dca136a7511efef6fdf2bc65e94ac78535146a8","sha256:a0623c87f704272ec3ef7ac3848fa11ea2e8593dec73a86400cc66ec9ab7c7c9"]},"Metadata":{"LastTagTime":"0001-01-01T00:00:00Z"}}[\n]"
03:32:45.911 [main] DEBUG com.github.dockerjava.zerodep.shaded.org.apache.hc.client5.http.headers - http-outgoing-0 << HTTP/1.1 200 OK
03:32:45.911 [main] DEBUG com.github.dockerjava.zerodep.shaded.org.apache.hc.client5.http.headers - http-outgoing-0 << Api-Version: 1.41
03:32:45.911 [main] DEBUG com.github.dockerjava.zerodep.shaded.org.apache.hc.client5.http.headers - http-outgoing-0 << Content-Type: application/json
03:32:45.911 [main] DEBUG com.github.dockerjava.zerodep.shaded.org.apache.hc.client5.http.headers - http-outgoing-0 << Docker-Experimental: false
03:32:45.911 [main] DEBUG com.github.dockerjava.zerodep.shaded.org.apache.hc.client5.http.headers - http-outgoing-0 << Ostype: linux
03:32:45.911 [main] DEBUG com.github.dockerjava.zerodep.shaded.org.apache.hc.client5.http.headers - http-outgoing-0 << Server: Docker/20.10.12 (linux)
03:32:45.911 [main] DEBUG com.github.dockerjava.zerodep.shaded.org.apache.hc.client5.http.headers - http-outgoing-0 << Date: Thu, 23 Jun 2022 02:32:45 GMT
03:32:45.911 [main] DEBUG com.github.dockerjava.zerodep.shaded.org.apache.hc.client5.http.headers - http-outgoing-0 << Content-Length: 1966
03:32:45.912 [main] DEBUG com.github.dockerjava.zerodep.shaded.org.apache.hc.client5.http.impl.classic.MainClientExec - ex-00000004: connection can be kept alive for 3 MINUTES
03:32:45.984 [main] DEBUG com.github.dockerjava.zerodep.shaded.org.apache.hc.client5.http.impl.classic.InternalHttpClient - ep-00000003: releasing valid endpoint
03:32:45.984 [main] DEBUG com.github.dockerjava.zerodep.shaded.org.apache.hc.client5.http.impl.io.PoolingHttpClientConnectionManager - ep-00000003: releasing endpoint
03:32:45.984 [main] DEBUG com.github.dockerjava.zerodep.shaded.org.apache.hc.client5.http.impl.io.PoolingHttpClientConnectionManager - ep-00000003: connection http-outgoing-0 can be kept alive for 3 MINUTES
03:32:45.984 [main] DEBUG com.github.dockerjava.zerodep.shaded.org.apache.hc.client5.http.impl.io.PoolingHttpClientConnectionManager - ep-00000003: connection released [route: {}->unix://localhost:2375][total available: 1; route allocated: 1 of 2147483647; total allocated: 1 of 2147483647]
03:32:45.998 [main] DEBUG org.testcontainers.utility.RegistryAuthLocator - Looking up auth config for image: testcontainers/ryuk:0.3.1 at registry: index.docker.io
03:32:45.999 [main] DEBUG org.testcontainers.utility.RegistryAuthLocator - RegistryAuthLocator has configFile: /home/daniel/.docker/config.json (does not exist) and commandPathPrefix: 
03:32:45.999 [main] INFO org.testcontainers.utility.RegistryAuthLocator - Failure when attempting to lookup auth config. Please ignore if you don't have images in an authenticated registry. Details: (dockerImageName: testcontainers/ryuk:0.3.1, configFile: /home/daniel/.docker/config.json. Falling back to docker-java default behaviour. Exception message: /home/daniel/.docker/config.json (Ficheiro ou pasta inexistente)
03:32:46.000 [main] DEBUG org.testcontainers.utility.RegistryAuthLocator - No matching Auth Configs - falling back to defaultAuthConfig [null]
03:32:46.000 [main] DEBUG org.testcontainers.dockerclient.AuthDelegatingDockerClientConfig - Effective auth config [null]
03:32:46.016 [main] DEBUG org.testcontainers.shaded.com.github.dockerjava.core.command.AbstrDockerCmd - Cmd: org.testcontainers.shaded.com.github.dockerjava.core.command.CreateContainerCmdImpl@7ac47f14[name=testcontainers-ryuk-d48265e4-2b28-4f8c-aa67-76dd8289af84,hostName=<null>,domainName=<null>,user=<null>,attachStdin=<null>,attachStdout=<null>,attachStderr=<null>,portSpecs=<null>,tty=<null>,stdinOpen=<null>,stdInOnce=<null>,env=<null>,cmd=<null>,healthcheck=<null>,argsEscaped=<null>,entrypoint=<null>,image=testcontainers/ryuk:0.3.1,volumes=Volumes(volumes=[]),workingDir=<null>,macAddress=<null>,onBuild=<null>,networkDisabled=<null>,exposedPorts=ExposedPorts(exposedPorts=[8080/tcp]),stopSignal=<null>,stopTimeout=<null>,hostConfig=HostConfig(binds=[/var/run/docker.sock:/var/run/docker.sock:rw], blkioWeight=null, blkioWeightDevice=null, blkioDeviceReadBps=null, blkioDeviceWriteBps=null, blkioDeviceReadIOps=null, blkioDeviceWriteIOps=null, memorySwappiness=null, nanoCPUs=null, capAdd=null, capDrop=null, containerIDFile=null, cpuPeriod=null, cpuRealtimePeriod=null, cpuRealtimeRuntime=null, cpuShares=null, cpuQuota=null, cpusetCpus=null, cpusetMems=null, devices=null, deviceCgroupRules=null, deviceRequests=null, diskQuota=null, dns=null, dnsOptions=null, dnsSearch=null, extraHosts=null, groupAdd=null, ipcMode=null, cgroup=null, links=[], logConfig=LogConfig(type=null, config=null), lxcConf=null, memory=null, memorySwap=null, memoryReservation=null, kernelMemory=null, networkMode=null, oomKillDisable=null, init=null, autoRemove=true, oomScoreAdj=null, portBindings={8080/tcp=[Lcom.github.dockerjava.api.model.Ports$Binding;@3e371088}, privileged=false, publishAllPorts=null, readonlyRootfs=null, restartPolicy=null, ulimits=null, cpuCount=null, cpuPercent=null, ioMaximumIOps=null, ioMaximumBandwidth=null, volumesFrom=null, mounts=null, pidMode=null, isolation=null, securityOpts=null, storageOpt=null, cgroupParent=null, volumeDriver=null, shmSize=null, pidsLimit=null, runtime=null, tmpFs=null, utSMode=null, usernsMode=null, sysctls=null, consoleSize=null),labels={org.testcontainers=true},shell=<null>,networkingConfig=<null>,ipv4Address=<null>,ipv6Address=<null>,aliases=<null>,authConfig=<null>,platform=<null>]
03:32:46.133 [main] DEBUG com.github.dockerjava.zerodep.shaded.org.apache.hc.client5.http.impl.classic.InternalHttpClient - ex-00000005: preparing request execution
03:32:46.133 [main] DEBUG com.github.dockerjava.zerodep.shaded.org.apache.hc.client5.http.protocol.RequestAddCookies - Cookie spec selected: strict
03:32:46.133 [main] DEBUG com.github.dockerjava.zerodep.shaded.org.apache.hc.client5.http.protocol.RequestAuthCache - Auth cache not set in the context
03:32:46.133 [main] DEBUG com.github.dockerjava.zerodep.shaded.org.apache.hc.client5.http.impl.classic.ProtocolExec - ex-00000005: target auth state: UNCHALLENGED
03:32:46.133 [main] DEBUG com.github.dockerjava.zerodep.shaded.org.apache.hc.client5.http.impl.classic.ProtocolExec - ex-00000005: proxy auth state: UNCHALLENGED
03:32:46.133 [main] DEBUG com.github.dockerjava.zerodep.shaded.org.apache.hc.client5.http.impl.classic.ConnectExec - ex-00000005: acquiring connection with route {}->unix://localhost:2375
03:32:46.133 [main] DEBUG com.github.dockerjava.zerodep.shaded.org.apache.hc.client5.http.impl.classic.InternalHttpClient - ex-00000005: acquiring endpoint (3 MINUTES)
03:32:46.133 [main] DEBUG com.github.dockerjava.zerodep.shaded.org.apache.hc.client5.http.impl.io.PoolingHttpClientConnectionManager - ex-00000005: endpoint lease request (3 MINUTES) [route: {}->unix://localhost:2375][total available: 1; route allocated: 1 of 2147483647; total allocated: 1 of 2147483647]
03:32:46.134 [main] DEBUG com.github.dockerjava.zerodep.shaded.org.apache.hc.client5.http.impl.io.PoolingHttpClientConnectionManager - ex-00000005: endpoint leased [route: {}->unix://localhost:2375][total available: 0; route allocated: 1 of 2147483647; total allocated: 1 of 2147483647]
03:32:46.134 [main] DEBUG com.github.dockerjava.zerodep.shaded.org.apache.hc.client5.http.impl.io.PoolingHttpClientConnectionManager - ex-00000005: acquired ep-00000004
03:32:46.134 [main] DEBUG com.github.dockerjava.zerodep.shaded.org.apache.hc.client5.http.impl.classic.InternalHttpClient - ex-00000005: acquired endpoint ep-00000004
03:32:46.134 [main] DEBUG com.github.dockerjava.zerodep.shaded.org.apache.hc.client5.http.impl.classic.MainClientExec - ex-00000005: executing POST /v1.32/containers/create?name=testcontainers-ryuk-d48265e4-2b28-4f8c-aa67-76dd8289af84 HTTP/1.1
03:32:46.134 [main] DEBUG com.github.dockerjava.zerodep.shaded.org.apache.hc.client5.http.impl.classic.InternalHttpClient - ep-00000004: start execution ex-00000005
03:32:46.134 [main] DEBUG com.github.dockerjava.zerodep.shaded.org.apache.hc.client5.http.impl.io.PoolingHttpClientConnectionManager - ep-00000004: executing exchange ex-00000005 over http-outgoing-0
03:32:46.135 [main] DEBUG com.github.dockerjava.zerodep.shaded.org.apache.hc.client5.http.headers - http-outgoing-0 >> POST /v1.32/containers/create?name=testcontainers-ryuk-d48265e4-2b28-4f8c-aa67-76dd8289af84 HTTP/1.1
03:32:46.135 [main] DEBUG com.github.dockerjava.zerodep.shaded.org.apache.hc.client5.http.headers - http-outgoing-0 >> accept: application/json
03:32:46.135 [main] DEBUG com.github.dockerjava.zerodep.shaded.org.apache.hc.client5.http.headers - http-outgoing-0 >> content-type: application/json
03:32:46.135 [main] DEBUG com.github.dockerjava.zerodep.shaded.org.apache.hc.client5.http.headers - http-outgoing-0 >> Accept-Encoding: gzip, x-gzip, deflate
03:32:46.135 [main] DEBUG com.github.dockerjava.zerodep.shaded.org.apache.hc.client5.http.headers - http-outgoing-0 >> Content-Length: 1974
03:32:46.135 [main] DEBUG com.github.dockerjava.zerodep.shaded.org.apache.hc.client5.http.headers - http-outgoing-0 >> Host: localhost:2375
03:32:46.135 [main] DEBUG com.github.dockerjava.zerodep.shaded.org.apache.hc.client5.http.headers - http-outgoing-0 >> Connection: keep-alive
03:32:46.135 [main] DEBUG com.github.dockerjava.zerodep.shaded.org.apache.hc.client5.http.headers - http-outgoing-0 >> User-Agent: Apache-HttpClient/5.0.3 (Java/11.0.15)
03:32:46.135 [main] DEBUG com.github.dockerjava.zerodep.shaded.org.apache.hc.client5.http.wire - http-outgoing-0 >> "POST /v1.32/containers/create?name=testcontainers-ryuk-d48265e4-2b28-4f8c-aa67-76dd8289af84 HTTP/1.1[\r][\n]"
03:32:46.135 [main] DEBUG com.github.dockerjava.zerodep.shaded.org.apache.hc.client5.http.wire - http-outgoing-0 >> "accept: application/json[\r][\n]"
03:32:46.136 [main] DEBUG com.github.dockerjava.zerodep.shaded.org.apache.hc.client5.http.wire - http-outgoing-0 >> "content-type: application/json[\r][\n]"
03:32:46.136 [main] DEBUG com.github.dockerjava.zerodep.shaded.org.apache.hc.client5.http.wire - http-outgoing-0 >> "Accept-Encoding: gzip, x-gzip, deflate[\r][\n]"
03:32:46.136 [main] DEBUG com.github.dockerjava.zerodep.shaded.org.apache.hc.client5.http.wire - http-outgoing-0 >> "Content-Length: 1974[\r][\n]"
03:32:46.136 [main] DEBUG com.github.dockerjava.zerodep.shaded.org.apache.hc.client5.http.wire - http-outgoing-0 >> "Host: localhost:2375[\r][\n]"
03:32:46.136 [main] DEBUG com.github.dockerjava.zerodep.shaded.org.apache.hc.client5.http.wire - http-outgoing-0 >> "Connection: keep-alive[\r][\n]"
03:32:46.136 [main] DEBUG com.github.dockerjava.zerodep.shaded.org.apache.hc.client5.http.wire - http-outgoing-0 >> "User-Agent: Apache-HttpClient/5.0.3 (Java/11.0.15)[\r][\n]"
03:32:46.136 [main] DEBUG com.github.dockerjava.zerodep.shaded.org.apache.hc.client5.http.wire - http-outgoing-0 >> "[\r][\n]"
03:32:46.136 [main] DEBUG com.github.dockerjava.zerodep.shaded.org.apache.hc.client5.http.wire - http-outgoing-0 >> "{"name":"testcontainers-ryuk-d48265e4-2b28-4f8c-aa67-76dd8289af84","authConfig":null,"platform":null,"Hostname":null,"Domainname":null,"User":null,"AttachStdin":null,"AttachStdout":null,"AttachStderr":null,"PortSpecs":null,"Tty":null,"OpenStdin":null,"StdinOnce":null,"Env":null,"Cmd":null,"Healthcheck":null,"ArgsEscaped":null,"Entrypoint":null,"Image":"testcontainers/ryuk:0.3.1","Volumes":{},"WorkingDir":null,"MacAddress":null,"OnBuild":null,"NetworkDisabled":null,"ExposedPorts":{"8080/tcp":{}},"StopSignal":null,"StopTimeout":null,"HostConfig":{"Binds":["/var/run/docker.sock:/var/run/docker.sock:rw"],"BlkioWeight":null,"BlkioWeightDevice":null,"BlkioDeviceReadBps":null,"BlkioDeviceWriteBps":null,"BlkioDeviceReadIOps":null,"BlkioDeviceWriteIOps":null,"MemorySwappiness":null,"NanoCpus":null,"CapAdd":null,"CapDrop":null,"ContainerIDFile":null,"CpuPeriod":null,"CpuRealtimePeriod":null,"CpuRealtimeRuntime":null,"CpuShares":null,"CpuQuota":null,"CpusetCpus":null,"CpusetMems":null,"Devices":null,"DeviceCgroupRules":null,"DeviceRequests":null,"DiskQuota":null,"Dns":null,"DnsOptions":null,"DnsSearch":null,"ExtraHosts":null,"GroupAdd":null,"IpcMode":null,"Cgroup":null,"Links":null,"LogConfig":null,"LxcConf":null,"Memory":null,"MemorySwap":null,"MemoryReservation":null,"KernelMemory":null,"NetworkMode":null,"OomKillDisable":null,"Init":null,"AutoRemove":true,"OomScoreAdj":null,"PortBindings":{"8080/tcp":[{"HostIp":"","HostPort":""}]},"Privileged":false,"PublishAllPorts":null,"ReadonlyRootfs":null,"RestartPolicy":null,"Ulimits":null,"CpuCount":null,"CpuPercent":null,"IOMaximumIOps":null,"IOMaximumBandwidth":null,"VolumesFrom":null,"Mounts":null,"PidMode":null,"Isolation":null,"SecurityOpt":null,"StorageOpt":null,"CgroupParent":null,"VolumeDriver":null,"ShmSize":null,"PidsLimit":null,"Runtime":null,"Tmpfs":null,"UTSMode":null,"UsernsMode":null,"Sysctls":null,"ConsoleSize":null},"Labels":{"org.testcontainers":"true"},"Shell":null,"NetworkingConfig":null}"
03:32:46.178 [main] DEBUG com.github.dockerjava.zerodep.shaded.org.apache.hc.client5.http.wire - http-outgoing-0 << "HTTP/1.1 201 Created[\r][\n]"
03:32:46.178 [main] DEBUG com.github.dockerjava.zerodep.shaded.org.apache.hc.client5.http.wire - http-outgoing-0 << "Api-Version: 1.41[\r][\n]"
03:32:46.178 [main] DEBUG com.github.dockerjava.zerodep.shaded.org.apache.hc.client5.http.wire - http-outgoing-0 << "Content-Type: application/json[\r][\n]"
03:32:46.178 [main] DEBUG com.github.dockerjava.zerodep.shaded.org.apache.hc.client5.http.wire - http-outgoing-0 << "Docker-Experimental: false[\r][\n]"
03:32:46.179 [main] DEBUG com.github.dockerjava.zerodep.shaded.org.apache.hc.client5.http.wire - http-outgoing-0 << "Ostype: linux[\r][\n]"
03:32:46.179 [main] DEBUG com.github.dockerjava.zerodep.shaded.org.apache.hc.client5.http.wire - http-outgoing-0 << "Server: Docker/20.10.12 (linux)[\r][\n]"
03:32:46.180 [main] DEBUG com.github.dockerjava.zerodep.shaded.org.apache.hc.client5.http.wire - http-outgoing-0 << "Date: Thu, 23 Jun 2022 02:32:46 GMT[\r][\n]"
03:32:46.180 [main] DEBUG com.github.dockerjava.zerodep.shaded.org.apache.hc.client5.http.wire - http-outgoing-0 << "Content-Length: 88[\r][\n]"
03:32:46.180 [main] DEBUG com.github.dockerjava.zerodep.shaded.org.apache.hc.client5.http.wire - http-outgoing-0 << "[\r][\n]"
03:32:46.180 [main] DEBUG com.github.dockerjava.zerodep.shaded.org.apache.hc.client5.http.wire - http-outgoing-0 << "{"Id":"c37ef761854f37ee2b30aa5f746e4cbe07bf675b32e1348d9cdff026df17b67d","Warnings":[]}[\n]"
03:32:46.180 [main] DEBUG com.github.dockerjava.zerodep.shaded.org.apache.hc.client5.http.headers - http-outgoing-0 << HTTP/1.1 201 Created
03:32:46.180 [main] DEBUG com.github.dockerjava.zerodep.shaded.org.apache.hc.client5.http.headers - http-outgoing-0 << Api-Version: 1.41
03:32:46.180 [main] DEBUG com.github.dockerjava.zerodep.shaded.org.apache.hc.client5.http.headers - http-outgoing-0 << Content-Type: application/json
03:32:46.180 [main] DEBUG com.github.dockerjava.zerodep.shaded.org.apache.hc.client5.http.headers - http-outgoing-0 << Docker-Experimental: false
03:32:46.180 [main] DEBUG com.github.dockerjava.zerodep.shaded.org.apache.hc.client5.http.headers - http-outgoing-0 << Ostype: linux
03:32:46.180 [main] DEBUG com.github.dockerjava.zerodep.shaded.org.apache.hc.client5.http.headers - http-outgoing-0 << Server: Docker/20.10.12 (linux)
03:32:46.180 [main] DEBUG com.github.dockerjava.zerodep.shaded.org.apache.hc.client5.http.headers - http-outgoing-0 << Date: Thu, 23 Jun 2022 02:32:46 GMT
03:32:46.181 [main] DEBUG com.github.dockerjava.zerodep.shaded.org.apache.hc.client5.http.headers - http-outgoing-0 << Content-Length: 88
03:32:46.181 [main] DEBUG com.github.dockerjava.zerodep.shaded.org.apache.hc.client5.http.impl.classic.MainClientExec - ex-00000005: connection can be kept alive for 3 MINUTES
03:32:46.186 [main] DEBUG com.github.dockerjava.zerodep.shaded.org.apache.hc.client5.http.impl.classic.InternalHttpClient - ep-00000004: releasing valid endpoint
03:32:46.186 [main] DEBUG com.github.dockerjava.zerodep.shaded.org.apache.hc.client5.http.impl.io.PoolingHttpClientConnectionManager - ep-00000004: releasing endpoint
03:32:46.186 [main] DEBUG com.github.dockerjava.zerodep.shaded.org.apache.hc.client5.http.impl.io.PoolingHttpClientConnectionManager - ep-00000004: connection http-outgoing-0 can be kept alive for 3 MINUTES
03:32:46.187 [main] DEBUG com.github.dockerjava.zerodep.shaded.org.apache.hc.client5.http.impl.io.PoolingHttpClientConnectionManager - ep-00000004: connection released [route: {}->unix://localhost:2375][total available: 1; route allocated: 1 of 2147483647; total allocated: 1 of 2147483647]
03:32:46.188 [main] DEBUG org.testcontainers.shaded.com.github.dockerjava.core.command.AbstrDockerCmd - Cmd: c37ef761854f37ee2b30aa5f746e4cbe07bf675b32e1348d9cdff026df17b67d
03:32:46.190 [main] DEBUG com.github.dockerjava.zerodep.shaded.org.apache.hc.client5.http.impl.classic.InternalHttpClient - ex-00000006: preparing request execution
03:32:46.193 [main] DEBUG com.github.dockerjava.zerodep.shaded.org.apache.hc.client5.http.protocol.RequestAddCookies - Cookie spec selected: strict
03:32:46.193 [main] DEBUG com.github.dockerjava.zerodep.shaded.org.apache.hc.client5.http.protocol.RequestAuthCache - Auth cache not set in the context
03:32:46.193 [main] DEBUG com.github.dockerjava.zerodep.shaded.org.apache.hc.client5.http.impl.classic.ProtocolExec - ex-00000006: target auth state: UNCHALLENGED
03:32:46.193 [main] DEBUG com.github.dockerjava.zerodep.shaded.org.apache.hc.client5.http.impl.classic.ProtocolExec - ex-00000006: proxy auth state: UNCHALLENGED
03:32:46.193 [main] DEBUG com.github.dockerjava.zerodep.shaded.org.apache.hc.client5.http.impl.classic.ConnectExec - ex-00000006: acquiring connection with route {}->unix://localhost:2375
03:32:46.194 [main] DEBUG com.github.dockerjava.zerodep.shaded.org.apache.hc.client5.http.impl.classic.InternalHttpClient - ex-00000006: acquiring endpoint (3 MINUTES)
03:32:46.194 [main] DEBUG com.github.dockerjava.zerodep.shaded.org.apache.hc.client5.http.impl.io.PoolingHttpClientConnectionManager - ex-00000006: endpoint lease request (3 MINUTES) [route: {}->unix://localhost:2375][total available: 1; route allocated: 1 of 2147483647; total allocated: 1 of 2147483647]
03:32:46.194 [main] DEBUG com.github.dockerjava.zerodep.shaded.org.apache.hc.client5.http.impl.io.PoolingHttpClientConnectionManager - ex-00000006: endpoint leased [route: {}->unix://localhost:2375][total available: 0; route allocated: 1 of 2147483647; total allocated: 1 of 2147483647]
03:32:46.195 [main] DEBUG com.github.dockerjava.zerodep.shaded.org.apache.hc.client5.http.impl.io.PoolingHttpClientConnectionManager - ex-00000006: acquired ep-00000005
03:32:46.195 [main] DEBUG com.github.dockerjava.zerodep.shaded.org.apache.hc.client5.http.impl.classic.InternalHttpClient - ex-00000006: acquired endpoint ep-00000005
03:32:46.195 [main] DEBUG com.github.dockerjava.zerodep.shaded.org.apache.hc.client5.http.impl.classic.MainClientExec - ex-00000006: executing POST /v1.32/containers/c37ef761854f37ee2b30aa5f746e4cbe07bf675b32e1348d9cdff026df17b67d/start HTTP/1.1
03:32:46.195 [main] DEBUG com.github.dockerjava.zerodep.shaded.org.apache.hc.client5.http.impl.classic.InternalHttpClient - ep-00000005: start execution ex-00000006
03:32:46.195 [main] DEBUG com.github.dockerjava.zerodep.shaded.org.apache.hc.client5.http.impl.io.PoolingHttpClientConnectionManager - ep-00000005: executing exchange ex-00000006 over http-outgoing-0
03:32:46.196 [main] DEBUG com.github.dockerjava.zerodep.shaded.org.apache.hc.client5.http.headers - http-outgoing-0 >> POST /v1.32/containers/c37ef761854f37ee2b30aa5f746e4cbe07bf675b32e1348d9cdff026df17b67d/start HTTP/1.1
03:32:46.196 [main] DEBUG com.github.dockerjava.zerodep.shaded.org.apache.hc.client5.http.headers - http-outgoing-0 >> accept: application/json
03:32:46.196 [main] DEBUG com.github.dockerjava.zerodep.shaded.org.apache.hc.client5.http.headers - http-outgoing-0 >> content-type: application/json
03:32:46.196 [main] DEBUG com.github.dockerjava.zerodep.shaded.org.apache.hc.client5.http.headers - http-outgoing-0 >> Accept-Encoding: gzip, x-gzip, deflate
03:32:46.196 [main] DEBUG com.github.dockerjava.zerodep.shaded.org.apache.hc.client5.http.headers - http-outgoing-0 >> Host: localhost:2375
03:32:46.196 [main] DEBUG com.github.dockerjava.zerodep.shaded.org.apache.hc.client5.http.headers - http-outgoing-0 >> Connection: keep-alive
03:32:46.196 [main] DEBUG com.github.dockerjava.zerodep.shaded.org.apache.hc.client5.http.headers - http-outgoing-0 >> User-Agent: Apache-HttpClient/5.0.3 (Java/11.0.15)
03:32:46.196 [main] DEBUG com.github.dockerjava.zerodep.shaded.org.apache.hc.client5.http.wire - http-outgoing-0 >> "POST /v1.32/containers/c37ef761854f37ee2b30aa5f746e4cbe07bf675b32e1348d9cdff026df17b67d/start HTTP/1.1[\r][\n]"
03:32:46.196 [main] DEBUG com.github.dockerjava.zerodep.shaded.org.apache.hc.client5.http.wire - http-outgoing-0 >> "accept: application/json[\r][\n]"
03:32:46.196 [main] DEBUG com.github.dockerjava.zerodep.shaded.org.apache.hc.client5.http.wire - http-outgoing-0 >> "content-type: application/json[\r][\n]"
03:32:46.196 [main] DEBUG com.github.dockerjava.zerodep.shaded.org.apache.hc.client5.http.wire - http-outgoing-0 >> "Accept-Encoding: gzip, x-gzip, deflate[\r][\n]"
03:32:46.196 [main] DEBUG com.github.dockerjava.zerodep.shaded.org.apache.hc.client5.http.wire - http-outgoing-0 >> "Host: localhost:2375[\r][\n]"
03:32:46.196 [main] DEBUG com.github.dockerjava.zerodep.shaded.org.apache.hc.client5.http.wire - http-outgoing-0 >> "Connection: keep-alive[\r][\n]"
03:32:46.196 [main] DEBUG com.github.dockerjava.zerodep.shaded.org.apache.hc.client5.http.wire - http-outgoing-0 >> "User-Agent: Apache-HttpClient/5.0.3 (Java/11.0.15)[\r][\n]"
03:32:46.196 [main] DEBUG com.github.dockerjava.zerodep.shaded.org.apache.hc.client5.http.wire - http-outgoing-0 >> "[\r][\n]"
03:32:46.526 [main] DEBUG com.github.dockerjava.zerodep.shaded.org.apache.hc.client5.http.wire - http-outgoing-0 << "HTTP/1.1 204 No Content[\r][\n]"
03:32:46.526 [main] DEBUG com.github.dockerjava.zerodep.shaded.org.apache.hc.client5.http.wire - http-outgoing-0 << "Api-Version: 1.41[\r][\n]"
03:32:46.526 [main] DEBUG com.github.dockerjava.zerodep.shaded.org.apache.hc.client5.http.wire - http-outgoing-0 << "Docker-Experimental: false[\r][\n]"
03:32:46.526 [main] DEBUG com.github.dockerjava.zerodep.shaded.org.apache.hc.client5.http.wire - http-outgoing-0 << "Ostype: linux[\r][\n]"
03:32:46.526 [main] DEBUG com.github.dockerjava.zerodep.shaded.org.apache.hc.client5.http.wire - http-outgoing-0 << "Server: Docker/20.10.12 (linux)[\r][\n]"
03:32:46.526 [main] DEBUG com.github.dockerjava.zerodep.shaded.org.apache.hc.client5.http.wire - http-outgoing-0 << "Date: Thu, 23 Jun 2022 02:32:46 GMT[\r][\n]"
03:32:46.526 [main] DEBUG com.github.dockerjava.zerodep.shaded.org.apache.hc.client5.http.wire - http-outgoing-0 << "[\r][\n]"
03:32:46.526 [main] DEBUG com.github.dockerjava.zerodep.shaded.org.apache.hc.client5.http.headers - http-outgoing-0 << HTTP/1.1 204 No Content
03:32:46.526 [main] DEBUG com.github.dockerjava.zerodep.shaded.org.apache.hc.client5.http.headers - http-outgoing-0 << Api-Version: 1.41
03:32:46.526 [main] DEBUG com.github.dockerjava.zerodep.shaded.org.apache.hc.client5.http.headers - http-outgoing-0 << Docker-Experimental: false
03:32:46.526 [main] DEBUG com.github.dockerjava.zerodep.shaded.org.apache.hc.client5.http.headers - http-outgoing-0 << Ostype: linux
03:32:46.526 [main] DEBUG com.github.dockerjava.zerodep.shaded.org.apache.hc.client5.http.headers - http-outgoing-0 << Server: Docker/20.10.12 (linux)
03:32:46.527 [main] DEBUG com.github.dockerjava.zerodep.shaded.org.apache.hc.client5.http.headers - http-outgoing-0 << Date: Thu, 23 Jun 2022 02:32:46 GMT
03:32:46.527 [main] DEBUG com.github.dockerjava.zerodep.shaded.org.apache.hc.client5.http.impl.classic.MainClientExec - ex-00000006: connection can be kept alive for 3 MINUTES
03:32:46.527 [main] DEBUG com.github.dockerjava.zerodep.shaded.org.apache.hc.client5.http.impl.classic.InternalHttpClient - ep-00000005: releasing valid endpoint
03:32:46.527 [main] DEBUG com.github.dockerjava.zerodep.shaded.org.apache.hc.client5.http.impl.io.PoolingHttpClientConnectionManager - ep-00000005: releasing endpoint
03:32:46.527 [main] DEBUG com.github.dockerjava.zerodep.shaded.org.apache.hc.client5.http.impl.io.PoolingHttpClientConnectionManager - ep-00000005: connection http-outgoing-0 can be kept alive for 3 MINUTES
03:32:46.527 [main] DEBUG com.github.dockerjava.zerodep.shaded.org.apache.hc.client5.http.impl.io.PoolingHttpClientConnectionManager - ep-00000005: connection released [route: {}->unix://localhost:2375][total available: 1; route allocated: 1 of 2147483647; total allocated: 1 of 2147483647]
03:32:46.533 [docker-java-stream--1154538086] DEBUG com.github.dockerjava.zerodep.shaded.org.apache.hc.client5.http.impl.classic.InternalHttpClient - ex-00000007: preparing request execution
03:32:46.534 [docker-java-stream--1154538086] DEBUG com.github.dockerjava.zerodep.shaded.org.apache.hc.client5.http.protocol.RequestAddCookies - Cookie spec selected: strict
03:32:46.534 [docker-java-stream--1154538086] DEBUG com.github.dockerjava.zerodep.shaded.org.apache.hc.client5.http.protocol.RequestAuthCache - Auth cache not set in the context
03:32:46.534 [docker-java-stream--1154538086] DEBUG com.github.dockerjava.zerodep.shaded.org.apache.hc.client5.http.impl.classic.ProtocolExec - ex-00000007: target auth state: UNCHALLENGED
03:32:46.534 [docker-java-stream--1154538086] DEBUG com.github.dockerjava.zerodep.shaded.org.apache.hc.client5.http.impl.classic.ProtocolExec - ex-00000007: proxy auth state: UNCHALLENGED
03:32:46.534 [docker-java-stream--1154538086] DEBUG com.github.dockerjava.zerodep.shaded.org.apache.hc.client5.http.impl.classic.ConnectExec - ex-00000007: acquiring connection with route {}->unix://localhost:2375
03:32:46.534 [docker-java-stream--1154538086] DEBUG com.github.dockerjava.zerodep.shaded.org.apache.hc.client5.http.impl.classic.InternalHttpClient - ex-00000007: acquiring endpoint (3 MINUTES)
03:32:46.534 [docker-java-stream--1154538086] DEBUG com.github.dockerjava.zerodep.shaded.org.apache.hc.client5.http.impl.io.PoolingHttpClientConnectionManager - ex-00000007: endpoint lease request (3 MINUTES) [route: {}->unix://localhost:2375][total available: 1; route allocated: 1 of 2147483647; total allocated: 1 of 2147483647]
03:32:46.534 [docker-java-stream--1154538086] DEBUG com.github.dockerjava.zerodep.shaded.org.apache.hc.client5.http.impl.io.PoolingHttpClientConnectionManager - ex-00000007: endpoint leased [route: {}->unix://localhost:2375][total available: 0; route allocated: 1 of 2147483647; total allocated: 1 of 2147483647]
03:32:46.534 [docker-java-stream--1154538086] DEBUG com.github.dockerjava.zerodep.shaded.org.apache.hc.client5.http.impl.io.PoolingHttpClientConnectionManager - ex-00000007: acquired ep-00000006
03:32:46.534 [docker-java-stream--1154538086] DEBUG com.github.dockerjava.zerodep.shaded.org.apache.hc.client5.http.impl.classic.InternalHttpClient - ex-00000007: acquired endpoint ep-00000006
03:32:46.534 [docker-java-stream--1154538086] DEBUG com.github.dockerjava.zerodep.shaded.org.apache.hc.client5.http.impl.classic.MainClientExec - ex-00000007: executing GET /v1.32/containers/c37ef761854f37ee2b30aa5f746e4cbe07bf675b32e1348d9cdff026df17b67d/logs?stdout=true&stderr=true&follow=true&since=0 HTTP/1.1
03:32:46.534 [docker-java-stream--1154538086] DEBUG com.github.dockerjava.zerodep.shaded.org.apache.hc.client5.http.impl.classic.InternalHttpClient - ep-00000006: start execution ex-00000007
03:32:46.534 [docker-java-stream--1154538086] DEBUG com.github.dockerjava.zerodep.shaded.org.apache.hc.client5.http.impl.io.PoolingHttpClientConnectionManager - ep-00000006: executing exchange ex-00000007 over http-outgoing-0
03:32:46.535 [docker-java-stream--1154538086] DEBUG com.github.dockerjava.zerodep.shaded.org.apache.hc.client5.http.headers - http-outgoing-0 >> GET /v1.32/containers/c37ef761854f37ee2b30aa5f746e4cbe07bf675b32e1348d9cdff026df17b67d/logs?stdout=true&stderr=true&follow=true&since=0 HTTP/1.1
03:32:46.535 [docker-java-stream--1154538086] DEBUG com.github.dockerjava.zerodep.shaded.org.apache.hc.client5.http.headers - http-outgoing-0 >> Accept-Encoding: gzip, x-gzip, deflate
03:32:46.535 [docker-java-stream--1154538086] DEBUG com.github.dockerjava.zerodep.shaded.org.apache.hc.client5.http.headers - http-outgoing-0 >> Host: localhost:2375
03:32:46.535 [docker-java-stream--1154538086] DEBUG com.github.dockerjava.zerodep.shaded.org.apache.hc.client5.http.headers - http-outgoing-0 >> Connection: keep-alive
03:32:46.535 [docker-java-stream--1154538086] DEBUG com.github.dockerjava.zerodep.shaded.org.apache.hc.client5.http.headers - http-outgoing-0 >> User-Agent: Apache-HttpClient/5.0.3 (Java/11.0.15)
03:32:46.535 [docker-java-stream--1154538086] DEBUG com.github.dockerjava.zerodep.shaded.org.apache.hc.client5.http.wire - http-outgoing-0 >> "GET /v1.32/containers/c37ef761854f37ee2b30aa5f746e4cbe07bf675b32e1348d9cdff026df17b67d/logs?stdout=true&stderr=true&follow=true&since=0 HTTP/1.1[\r][\n]"
03:32:46.535 [docker-java-stream--1154538086] DEBUG com.github.dockerjava.zerodep.shaded.org.apache.hc.client5.http.wire - http-outgoing-0 >> "Accept-Encoding: gzip, x-gzip, deflate[\r][\n]"
03:32:46.535 [docker-java-stream--1154538086] DEBUG com.github.dockerjava.zerodep.shaded.org.apache.hc.client5.http.wire - http-outgoing-0 >> "Host: localhost:2375[\r][\n]"
03:32:46.535 [docker-java-stream--1154538086] DEBUG com.github.dockerjava.zerodep.shaded.org.apache.hc.client5.http.wire - http-outgoing-0 >> "Connection: keep-alive[\r][\n]"
03:32:46.535 [docker-java-stream--1154538086] DEBUG com.github.dockerjava.zerodep.shaded.org.apache.hc.client5.http.wire - http-outgoing-0 >> "User-Agent: Apache-HttpClient/5.0.3 (Java/11.0.15)[\r][\n]"
03:32:46.535 [docker-java-stream--1154538086] DEBUG com.github.dockerjava.zerodep.shaded.org.apache.hc.client5.http.wire - http-outgoing-0 >> "[\r][\n]"
03:32:46.535 [docker-java-stream--1154538086] DEBUG com.github.dockerjava.zerodep.shaded.org.apache.hc.client5.http.wire - http-outgoing-0 << "HTTP/1.1 200 OK[\r][\n]"
03:32:46.535 [docker-java-stream--1154538086] DEBUG com.github.dockerjava.zerodep.shaded.org.apache.hc.client5.http.wire - http-outgoing-0 << "Api-Version: 1.41[\r][\n]"
03:32:46.535 [docker-java-stream--1154538086] DEBUG com.github.dockerjava.zerodep.shaded.org.apache.hc.client5.http.wire - http-outgoing-0 << "Docker-Experimental: false[\r][\n]"
03:32:46.535 [docker-java-stream--1154538086] DEBUG com.github.dockerjava.zerodep.shaded.org.apache.hc.client5.http.wire - http-outgoing-0 << "Ostype: linux[\r][\n]"
03:32:46.536 [docker-java-stream--1154538086] DEBUG com.github.dockerjava.zerodep.shaded.org.apache.hc.client5.http.wire - http-outgoing-0 << "Server: Docker/20.10.12 (linux)[\r][\n]"
03:32:46.536 [docker-java-stream--1154538086] DEBUG com.github.dockerjava.zerodep.shaded.org.apache.hc.client5.http.wire - http-outgoing-0 << "Date: Thu, 23 Jun 2022 02:32:46 GMT[\r][\n]"
03:32:46.536 [docker-java-stream--1154538086] DEBUG com.github.dockerjava.zerodep.shaded.org.apache.hc.client5.http.wire - http-outgoing-0 << "Transfer-Encoding: chunked[\r][\n]"
03:32:46.536 [docker-java-stream--1154538086] DEBUG com.github.dockerjava.zerodep.shaded.org.apache.hc.client5.http.wire - http-outgoing-0 << "[\r][\n]"
03:32:46.536 [docker-java-stream--1154538086] DEBUG com.github.dockerjava.zerodep.shaded.org.apache.hc.client5.http.headers - http-outgoing-0 << HTTP/1.1 200 OK
03:32:46.536 [docker-java-stream--1154538086] DEBUG com.github.dockerjava.zerodep.shaded.org.apache.hc.client5.http.headers - http-outgoing-0 << Api-Version: 1.41
03:32:46.536 [docker-java-stream--1154538086] DEBUG com.github.dockerjava.zerodep.shaded.org.apache.hc.client5.http.headers - http-outgoing-0 << Docker-Experimental: false
03:32:46.536 [docker-java-stream--1154538086] DEBUG com.github.dockerjava.zerodep.shaded.org.apache.hc.client5.http.headers - http-outgoing-0 << Ostype: linux
03:32:46.536 [docker-java-stream--1154538086] DEBUG com.github.dockerjava.zerodep.shaded.org.apache.hc.client5.http.headers - http-outgoing-0 << Server: Docker/20.10.12 (linux)
03:32:46.536 [docker-java-stream--1154538086] DEBUG com.github.dockerjava.zerodep.shaded.org.apache.hc.client5.http.headers - http-outgoing-0 << Date: Thu, 23 Jun 2022 02:32:46 GMT
03:32:46.536 [docker-java-stream--1154538086] DEBUG com.github.dockerjava.zerodep.shaded.org.apache.hc.client5.http.headers - http-outgoing-0 << Transfer-Encoding: chunked
03:32:46.536 [docker-java-stream--1154538086] DEBUG com.github.dockerjava.zerodep.shaded.org.apache.hc.client5.http.impl.classic.MainClientExec - ex-00000007: connection can be kept alive for 3 MINUTES
03:32:46.537 [docker-java-stream--1154538086] DEBUG com.github.dockerjava.zerodep.shaded.org.apache.hc.client5.http.wire - http-outgoing-0 << "2e[\r][\n]"
03:32:46.555 [docker-java-stream--1154538086] DEBUG com.github.dockerjava.zerodep.shaded.org.apache.hc.client5.http.wire - http-outgoing-0 << "[0x2][0x0][0x0][0x0][0x0][0x0][0x0]&2022/06/23 02:32:46 Pinging Docker...[\n]"
03:32:46.555 [docker-java-stream--1154538086] DEBUG com.github.dockerjava.zerodep.shaded.org.apache.hc.client5.http.wire - http-outgoing-0 << "[\r][\n]"
03:32:46.555 [docker-java-stream--1154538086] DEBUG com.github.dockerjava.zerodep.shaded.org.apache.hc.client5.http.wire - http-outgoing-0 << "38[\r][\n]"
03:32:46.555 [docker-java-stream--1154538086] DEBUG com.github.dockerjava.zerodep.shaded.org.apache.hc.client5.http.wire - http-outgoing-0 << "[0x2][0x0][0x0][0x0][0x0][0x0][0x0]02022/06/23 02:32:46 Docker daemon is available![\n]"
03:32:46.555 [docker-java-stream--1154538086] DEBUG com.github.dockerjava.zerodep.shaded.org.apache.hc.client5.http.wire - http-outgoing-0 << "[\r][\n]"
03:32:46.555 [docker-java-stream--1154538086] DEBUG com.github.dockerjava.zerodep.shaded.org.apache.hc.client5.http.wire - http-outgoing-0 << "35[\r][\n]"
03:32:46.555 [docker-java-stream--1154538086] DEBUG com.github.dockerjava.zerodep.shaded.org.apache.hc.client5.http.wire - http-outgoing-0 << "[0x2][0x0][0x0][0x0][0x0][0x0][0x0]-2022/06/23 02:32:46 Starting on port 8080...[\n]"
03:32:46.556 [docker-java-stream--1154538086] DEBUG com.github.dockerjava.zerodep.shaded.org.apache.hc.client5.http.wire - http-outgoing-0 << "[\r][\n]"
03:32:46.556 [docker-java-stream--1154538086] DEBUG com.github.dockerjava.zerodep.shaded.org.apache.hc.client5.http.wire - http-outgoing-0 << "25[\r][\n]"
03:32:46.556 [docker-java-stream--1154538086] DEBUG com.github.dockerjava.zerodep.shaded.org.apache.hc.client5.http.wire - http-outgoing-0 << "[0x2][0x0][0x0][0x0][0x0][0x0][0x0][0x1d]2022/06/23 02:32:46 Started![\n]"
03:32:46.556 [docker-java-stream--1154538086] DEBUG com.github.dockerjava.zerodep.shaded.org.apache.hc.client5.http.wire - http-outgoing-0 << "[\r][\n]"
03:32:46.581 [main] DEBUG org.testcontainers.shaded.com.github.dockerjava.core.command.AbstrDockerCmd - Cmd: c37ef761854f37ee2b30aa5f746e4cbe07bf675b32e1348d9cdff026df17b67d,false
03:32:46.581 [main] DEBUG org.testcontainers.shaded.com.github.dockerjava.core.exec.InspectContainerCmdExec - GET: DefaultWebTarget{path=[/containers/c37ef761854f37ee2b30aa5f746e4cbe07bf675b32e1348d9cdff026df17b67d/json], queryParams={}}
03:32:46.582 [main] DEBUG com.github.dockerjava.zerodep.shaded.org.apache.hc.client5.http.impl.classic.InternalHttpClient - ex-00000008: preparing request execution
03:32:46.582 [main] DEBUG com.github.dockerjava.zerodep.shaded.org.apache.hc.client5.http.protocol.RequestAddCookies - Cookie spec selected: strict
03:32:46.582 [main] DEBUG com.github.dockerjava.zerodep.shaded.org.apache.hc.client5.http.protocol.RequestAuthCache - Auth cache not set in the context
03:32:46.582 [main] DEBUG com.github.dockerjava.zerodep.shaded.org.apache.hc.client5.http.impl.classic.ProtocolExec - ex-00000008: target auth state: UNCHALLENGED
03:32:46.582 [main] DEBUG com.github.dockerjava.zerodep.shaded.org.apache.hc.client5.http.impl.classic.ProtocolExec - ex-00000008: proxy auth state: UNCHALLENGED
03:32:46.582 [main] DEBUG com.github.dockerjava.zerodep.shaded.org.apache.hc.client5.http.impl.classic.ConnectExec - ex-00000008: acquiring connection with route {}->unix://localhost:2375
03:32:46.582 [main] DEBUG com.github.dockerjava.zerodep.shaded.org.apache.hc.client5.http.impl.classic.InternalHttpClient - ex-00000008: acquiring endpoint (3 MINUTES)
03:32:46.582 [main] DEBUG com.github.dockerjava.zerodep.shaded.org.apache.hc.client5.http.impl.io.PoolingHttpClientConnectionManager - ex-00000008: endpoint lease request (3 MINUTES) [route: {}->unix://localhost:2375][total available: 0; route allocated: 1 of 2147483647; total allocated: 1 of 2147483647]
03:32:46.583 [main] DEBUG com.github.dockerjava.zerodep.shaded.org.apache.hc.client5.http.impl.io.PoolingHttpClientConnectionManager - ex-00000008: endpoint leased [route: {}->unix://localhost:2375][total available: 0; route allocated: 2 of 2147483647; total allocated: 2 of 2147483647]
03:32:46.583 [main] DEBUG com.github.dockerjava.zerodep.shaded.org.apache.hc.client5.http.impl.io.PoolingHttpClientConnectionManager - ex-00000008: acquired ep-00000007
03:32:46.583 [main] DEBUG com.github.dockerjava.zerodep.shaded.org.apache.hc.client5.http.impl.classic.InternalHttpClient - ex-00000008: acquired endpoint ep-00000007
03:32:46.583 [main] DEBUG com.github.dockerjava.zerodep.shaded.org.apache.hc.client5.http.impl.classic.ConnectExec - ex-00000008: opening connection {}->unix://localhost:2375
03:32:46.583 [main] DEBUG com.github.dockerjava.zerodep.shaded.org.apache.hc.client5.http.impl.classic.InternalHttpClient - ep-00000007: connecting endpoint (3 MINUTES)
03:32:46.583 [main] DEBUG com.github.dockerjava.zerodep.shaded.org.apache.hc.client5.http.impl.io.PoolingHttpClientConnectionManager - ep-00000007: connecting endpoint to unix://localhost:2375 (3 MINUTES)
03:32:46.587 [main] DEBUG com.github.dockerjava.zerodep.shaded.org.apache.hc.client5.http.impl.io.DefaultHttpClientConnectionOperator - http-outgoing-1: connecting to localhost/127.0.0.1:2375
03:32:46.587 [main] DEBUG com.github.dockerjava.zerodep.shaded.org.apache.hc.client5.http.impl.io.DefaultHttpClientConnectionOperator - http-outgoing-1: connection established 
03:32:46.587 [main] DEBUG com.github.dockerjava.zerodep.shaded.org.apache.hc.client5.http.impl.io.PoolingHttpClientConnectionManager - ep-00000007: connected http-outgoing-1
03:32:46.587 [main] DEBUG com.github.dockerjava.zerodep.shaded.org.apache.hc.client5.http.impl.classic.InternalHttpClient - ep-00000007: endpoint connected
03:32:46.587 [main] DEBUG com.github.dockerjava.zerodep.shaded.org.apache.hc.client5.http.impl.classic.MainClientExec - ex-00000008: executing GET /v1.32/containers/c37ef761854f37ee2b30aa5f746e4cbe07bf675b32e1348d9cdff026df17b67d/json HTTP/1.1
03:32:46.588 [main] DEBUG com.github.dockerjava.zerodep.shaded.org.apache.hc.client5.http.impl.classic.InternalHttpClient - ep-00000007: start execution ex-00000008
03:32:46.588 [main] DEBUG com.github.dockerjava.zerodep.shaded.org.apache.hc.client5.http.impl.io.PoolingHttpClientConnectionManager - ep-00000007: executing exchange ex-00000008 over http-outgoing-1
03:32:46.588 [main] DEBUG com.github.dockerjava.zerodep.shaded.org.apache.hc.client5.http.headers - http-outgoing-1 >> GET /v1.32/containers/c37ef761854f37ee2b30aa5f746e4cbe07bf675b32e1348d9cdff026df17b67d/json HTTP/1.1
03:32:46.588 [main] DEBUG com.github.dockerjava.zerodep.shaded.org.apache.hc.client5.http.headers - http-outgoing-1 >> accept: application/json
03:32:46.588 [main] DEBUG com.github.dockerjava.zerodep.shaded.org.apache.hc.client5.http.headers - http-outgoing-1 >> Accept-Encoding: gzip, x-gzip, deflate
03:32:46.588 [main] DEBUG com.github.dockerjava.zerodep.shaded.org.apache.hc.client5.http.headers - http-outgoing-1 >> Host: localhost:2375
03:32:46.588 [main] DEBUG com.github.dockerjava.zerodep.shaded.org.apache.hc.client5.http.headers - http-outgoing-1 >> Connection: keep-alive
03:32:46.588 [main] DEBUG com.github.dockerjava.zerodep.shaded.org.apache.hc.client5.http.headers - http-outgoing-1 >> User-Agent: Apache-HttpClient/5.0.3 (Java/11.0.15)
03:32:46.588 [main] DEBUG com.github.dockerjava.zerodep.shaded.org.apache.hc.client5.http.wire - http-outgoing-1 >> "GET /v1.32/containers/c37ef761854f37ee2b30aa5f746e4cbe07bf675b32e1348d9cdff026df17b67d/json HTTP/1.1[\r][\n]"
03:32:46.588 [main] DEBUG com.github.dockerjava.zerodep.shaded.org.apache.hc.client5.http.wire - http-outgoing-1 >> "accept: application/json[\r][\n]"
03:32:46.588 [main] DEBUG com.github.dockerjava.zerodep.shaded.org.apache.hc.client5.http.wire - http-outgoing-1 >> "Accept-Encoding: gzip, x-gzip, deflate[\r][\n]"
03:32:46.588 [main] DEBUG com.github.dockerjava.zerodep.shaded.org.apache.hc.client5.http.wire - http-outgoing-1 >> "Host: localhost:2375[\r][\n]"
03:32:46.589 [main] DEBUG com.github.dockerjava.zerodep.shaded.org.apache.hc.client5.http.wire - http-outgoing-1 >> "Connection: keep-alive[\r][\n]"
03:32:46.589 [main] DEBUG com.github.dockerjava.zerodep.shaded.org.apache.hc.client5.http.wire - http-outgoing-1 >> "User-Agent: Apache-HttpClient/5.0.3 (Java/11.0.15)[\r][\n]"
03:32:46.589 [main] DEBUG com.github.dockerjava.zerodep.shaded.org.apache.hc.client5.http.wire - http-outgoing-1 >> "[\r][\n]"
03:32:46.589 [main] DEBUG com.github.dockerjava.zerodep.shaded.org.apache.hc.client5.http.wire - http-outgoing-1 << "HTTP/1.1 200 OK[\r][\n]"
03:32:46.590 [main] DEBUG com.github.dockerjava.zerodep.shaded.org.apache.hc.client5.http.wire - http-outgoing-1 << "Api-Version: 1.41[\r][\n]"
03:32:46.590 [main] DEBUG com.github.dockerjava.zerodep.shaded.org.apache.hc.client5.http.wire - http-outgoing-1 << "Content-Type: application/json[\r][\n]"
03:32:46.590 [main] DEBUG com.github.dockerjava.zerodep.shaded.org.apache.hc.client5.http.wire - http-outgoing-1 << "Docker-Experimental: false[\r][\n]"
03:32:46.590 [main] DEBUG com.github.dockerjava.zerodep.shaded.org.apache.hc.client5.http.wire - http-outgoing-1 << "Ostype: linux[\r][\n]"
03:32:46.591 [main] DEBUG com.github.dockerjava.zerodep.shaded.org.apache.hc.client5.http.wire - http-outgoing-1 << "Server: Docker/20.10.12 (linux)[\r][\n]"
03:32:46.591 [main] DEBUG com.github.dockerjava.zerodep.shaded.org.apache.hc.client5.http.wire - http-outgoing-1 << "Date: Thu, 23 Jun 2022 02:32:46 GMT[\r][\n]"
03:32:46.591 [main] DEBUG com.github.dockerjava.zerodep.shaded.org.apache.hc.client5.http.wire - http-outgoing-1 << "Transfer-Encoding: chunked[\r][\n]"
03:32:46.591 [main] DEBUG com.github.dockerjava.zerodep.shaded.org.apache.hc.client5.http.wire - http-outgoing-1 << "[\r][\n]"
03:32:46.591 [main] DEBUG com.github.dockerjava.zerodep.shaded.org.apache.hc.client5.http.wire - http-outgoing-1 << "141e[\r][\n]"
03:32:46.592 [main] DEBUG com.github.dockerjava.zerodep.shaded.org.apache.hc.client5.http.wire - http-outgoing-1 << "{"Id":"c37ef761854f37ee2b30aa5f746e4cbe07bf675b32e1348d9cdff026df17b67d","Created":"2022-06-23T02:32:46.138519589Z","Path":"/app","Args":[],"State":{"Status":"running","Running":true,"Paused":false,"Restarting":false,"OOMKilled":false,"Dead":false,"Pid":66042,"ExitCode":0,"Error":"","StartedAt":"2022-06-23T02:32:46.516043446Z","FinishedAt":"0001-01-01T00:00:00Z"},"Image":"sha256:ee7515743e6fb92fd9ae2e9b8a4ad4516ed19507079788849c33025b3bfdb7a5","ResolvConfPath":"/var/lib/docker/containers/c37ef761854f37ee2b30aa5f746e4cbe07bf675b32e1348d9cdff026df17b67d/resolv.conf","HostnamePath":"/var/lib/docker/containers/c37ef761854f37ee2b30aa5f746e4cbe07bf675b32e1348d9cdff026df17b67d/hostname","HostsPath":"/var/lib/docker/containers/c37ef761854f37ee2b30aa5f746e4cbe07bf675b32e1348d9cdff026df17b67d/hosts","LogPath":"/var/lib/docker/containers/c37ef761854f37ee2b30aa5f746e4cbe07bf675b32e1348d9cdff026df17b67d/c37ef761854f37ee2b30aa5f746e4cbe07bf675b32e1348d9cdff026df17b67d-json.log","Name":"/testcontainers-ryuk-d48265e4-2b28-4f8c-aa67-76dd8289af84","RestartCount":0,"Driver":"overlay2","Platform":"linux","MountLabel":"","ProcessLabel":"","AppArmorProfile":"docker-default","ExecIDs":null,"HostConfig":{"Binds":["/var/run/docker.sock:/var/run/docker.sock:rw"],"ContainerIDFile":"","LogConfig":{"Type":"json-file","Config":{}},"NetworkMode":"default","PortBindings":{"8080/tcp":[{"HostIp":"","HostPort":""}]},"RestartPolicy":{"Name":"","MaximumRetryCount":0},"AutoRemove":true,"VolumeDriver":"","VolumesFrom":null,"CapAdd":null,"CapDrop":null,"CgroupnsMode":"host","Dns":null,"DnsOptions":null,"DnsSearch":null,"ExtraHosts":null,"GroupAdd":null,"IpcMode":"shareable","Cgroup":"","Links":null,"OomScoreAdj":0,"PidMode":"","Privileged":false,"PublishAllPorts":false,"ReadonlyRootfs":false,"SecurityOpt":null,"UTSMode":"","UsernsMode":"","ShmSize":67108864,"Runtime":"runc","ConsoleSize":[0,0],"Isolation":"","CpuShares":0,"Memory":0,"NanoCpus":0,"CgroupParent":"","BlkioWeight":0,"BlkioWeightDevice":null,"BlkioDeviceReadBps":null,"BlkioDeviceWriteBps":null,"BlkioDeviceReadIOps":null,"BlkioDeviceWriteIOps":null,"CpuPeriod":0,"CpuQuota":0,"CpuRealtimePeriod":0,"CpuRealtimeRuntime":0,"CpusetCpus":"","CpusetMems":"","Devices":null,"DeviceCgroupRules":null,"DeviceRequests":null,"KernelMemory":0,"KernelMemoryTCP":0,"MemoryReservation":0,"MemorySwap":0,"MemorySwappiness":null,"OomKillDisable":false,"PidsLimit":null,"Ulimits":null,"CpuCount":0,"CpuPercent":0,"IOMaximumIOps":0,"IOMaximumBandwidth":0,"MaskedPaths":["/proc/asound","/proc/acpi","/proc/kcore","/proc/keys","/proc/latency_stats","/proc/timer_list","/proc/timer_stats","/proc/sched_debug","/proc/scsi","/sys/firmware"],"ReadonlyPaths":["/proc/bus","/proc/fs","/proc/irq","/proc/sys","/proc/sysrq-trigger"]},"GraphDriver":{"Data":{"LowerDir":"/var/lib/docker/overlay2/e738127d9a2660500161a160c3c79336713b99266f6bbba7cc7da5a4edebca8a-init/diff:/var/lib/docker/overlay2/3e8fe23ce86f4a072d0772ab13144add8419f10283243f4861402af1a49418fd/diff:/var/lib/docker/overlay2/0a8a15d1df6c059cbdb266754a95663abe66fc09249196c5a002267f3f5a8dfe/diff:/var/lib/docker/overlay2/645ac4bc79c763ad14399b08f87008661050371c70a598b307f7d6a4c06c886b/diff","MergedDir":"/var/lib/docker/overlay2/e738127d9a2660500161a160c3c79336713b99266f6bbba7cc7da5a4edebca8a/merged","UpperDir":"/var/lib/docker/overlay2/e738127d9a2660500161a160c3c79336713b99266f6bbba7cc7da5a4edebca8a/diff","WorkDir":"/var/lib/docker/overlay2/e738127d9a2660500161a160c3c79336713b99266f6bbba7cc7da5a4edebca8a/work"},"Name":"overlay2"},"Mounts":[{"Type":"bind","Source":"/var/run/docker.sock","Destination":"/var/run/docker.sock","Mode":"rw","RW":true,"Propagation":"rprivate"}],"Config":{"Hostname":"c37ef761854f","Domainname":"","User":"","AttachStdin":false,"AttachStdout":false,"AttachStderr":false,"ExposedPorts":{"8080/tcp":{}},"Tty":false,"OpenStdin":false,"StdinOnce":false,"Env":["PATH=/usr/local/sbin:/usr/local/bin:/usr/sbin:/usr/bin:/sbin:/bin"],"Cmd":["/app"],"Image":"testcontainers/ryuk:0.3.1","Volumes":null,"WorkingDir":"","Entrypoint":null,"OnBuild":null,"Labels":{"org.testcontainers":"true"}},"NetworkSettings":{"Bridge":"","SandboxID":"41831248789e01f79811d7aac412d9683a70fd364c3b2bf8507c34997c5f1f7d","HairpinMode":false,"LinkLocalIPv6Address":"","LinkLocalIPv6PrefixLen":0,"Ports":{"8080/tcp":[{"HostIp":"0.0.0.0","HostPort":"49159"},{"HostIp":"::","HostPort":"49159"}]},"SandboxKey":"/var/run/docker/netns/41831248789e","SecondaryIPAddresses":null,"SecondaryIPv6Addresses":null,"EndpointID":"45481cf064af4aadef96e3b8ff05e2a34639fb04001230925b31c3178b9c452a","Gateway":"172.17.0.1","GlobalIPv6Address":"","GlobalIPv6PrefixLen":0,"IPAddress":"172.17.0.2","IPPrefixLen":16,"IPv6Gateway":"","MacAddress":"02:42:ac:11:00:02","Networks":{"bridge":{"IPAMConfig":null,"Links":null,"Aliases":null,"NetworkID":"1853cd2b9856825cc97ed9ef2b12efa82d95bf9cf60ad666c276eb35cc53539e","EndpointID":"45481cf064af4aadef96e3b8ff05e2a34639fb04001230925b31c3178b9c452a","Gateway":"172.17.0.1","IPAddress":"172.17.0.2","IPPrefixLen":16,"IPv6Gateway":"","GlobalIPv6Address":"","GlobalIPv6PrefixLen":0,"MacAddress":"02:42:ac:11:00:02","DriverOpts":null}}}}[\n]"
03:32:46.593 [main] DEBUG com.github.dockerjava.zerodep.shaded.org.apache.hc.client5.http.wire - http-outgoing-1 << "[\r][\n]"
03:32:46.593 [main] DEBUG com.github.dockerjava.zerodep.shaded.org.apache.hc.client5.http.wire - http-outgoing-1 << "0[\r][\n]"
03:32:46.593 [main] DEBUG com.github.dockerjava.zerodep.shaded.org.apache.hc.client5.http.wire - http-outgoing-1 << "[\r][\n]"
03:32:46.593 [main] DEBUG com.github.dockerjava.zerodep.shaded.org.apache.hc.client5.http.headers - http-outgoing-1 << HTTP/1.1 200 OK
03:32:46.593 [main] DEBUG com.github.dockerjava.zerodep.shaded.org.apache.hc.client5.http.headers - http-outgoing-1 << Api-Version: 1.41
03:32:46.593 [main] DEBUG com.github.dockerjava.zerodep.shaded.org.apache.hc.client5.http.headers - http-outgoing-1 << Content-Type: application/json
03:32:46.593 [main] DEBUG com.github.dockerjava.zerodep.shaded.org.apache.hc.client5.http.headers - http-outgoing-1 << Docker-Experimental: false
03:32:46.593 [main] DEBUG com.github.dockerjava.zerodep.shaded.org.apache.hc.client5.http.headers - http-outgoing-1 << Ostype: linux
03:32:46.593 [main] DEBUG com.github.dockerjava.zerodep.shaded.org.apache.hc.client5.http.headers - http-outgoing-1 << Server: Docker/20.10.12 (linux)
03:32:46.593 [main] DEBUG com.github.dockerjava.zerodep.shaded.org.apache.hc.client5.http.headers - http-outgoing-1 << Date: Thu, 23 Jun 2022 02:32:46 GMT
03:32:46.593 [main] DEBUG com.github.dockerjava.zerodep.shaded.org.apache.hc.client5.http.headers - http-outgoing-1 << Transfer-Encoding: chunked
03:32:46.594 [main] DEBUG com.github.dockerjava.zerodep.shaded.org.apache.hc.client5.http.impl.classic.MainClientExec - ex-00000008: connection can be kept alive for 3 MINUTES
03:32:46.771 [main] DEBUG com.github.dockerjava.zerodep.shaded.org.apache.hc.client5.http.impl.classic.InternalHttpClient - ep-00000007: releasing valid endpoint
03:32:46.772 [main] DEBUG com.github.dockerjava.zerodep.shaded.org.apache.hc.client5.http.impl.io.PoolingHttpClientConnectionManager - ep-00000007: releasing endpoint
03:32:46.772 [main] DEBUG com.github.dockerjava.zerodep.shaded.org.apache.hc.client5.http.impl.io.PoolingHttpClientConnectionManager - ep-00000007: connection http-outgoing-1 can be kept alive for 3 MINUTES
03:32:46.772 [main] DEBUG com.github.dockerjava.zerodep.shaded.org.apache.hc.client5.http.impl.io.PoolingHttpClientConnectionManager - ep-00000007: connection released [route: {}->unix://localhost:2375][total available: 1; route allocated: 2 of 2147483647; total allocated: 2 of 2147483647]
03:32:46.798 [docker-java-stream--1154538086] DEBUG com.github.dockerjava.zerodep.shaded.org.apache.hc.client5.http.wire - http-outgoing-0 << "43[\r][\n]"
03:32:46.799 [docker-java-stream--1154538086] DEBUG com.github.dockerjava.zerodep.shaded.org.apache.hc.client5.http.wire - http-outgoing-0 << "[0x2][0x0][0x0][0x0][0x0][0x0][0x0];2022/06/23 02:32:46 New client connected: 172.17.0.1:57436[\n]"
03:32:46.800 [docker-java-stream--1154538086] DEBUG com.github.dockerjava.zerodep.shaded.org.apache.hc.client5.http.wire - http-outgoing-0 << "[\r][\n]"
03:32:46.801 [docker-java-stream--1154538086] DEBUG com.github.dockerjava.zerodep.shaded.org.apache.hc.client5.http.wire - http-outgoing-0 << "3a[\r][\n]"
03:32:46.802 [docker-java-stream--1154538086] DEBUG com.github.dockerjava.zerodep.shaded.org.apache.hc.client5.http.wire - http-outgoing-0 << "[0x2][0x0][0x0][0x0][0x0][0x0][0x0]22022/06/23 02:32:46 Received the first connection[\n]"
03:32:46.802 [docker-java-stream--1154538086] DEBUG com.github.dockerjava.zerodep.shaded.org.apache.hc.client5.http.wire - http-outgoing-0 << "[\r][\n]"
03:32:46.805 [testcontainers-ryuk] DEBUG org.testcontainers.utility.ResourceReaper - Sending 'label=org.testcontainers%3Dtrue&label=org.testcontainers.sessionId%3Dd48265e4-2b28-4f8c-aa67-76dd8289af84' to Ryuk
03:32:46.806 [testcontainers-ryuk] DEBUG org.testcontainers.utility.ResourceReaper - Received 'ACK' from Ryuk
03:32:46.806 [docker-java-stream--1154538086] DEBUG com.github.dockerjava.zerodep.shaded.org.apache.hc.client5.http.wire - http-outgoing-0 << "97[\r][\n]"
03:32:46.807 [main] DEBUG com.github.dockerjava.zerodep.shaded.org.apache.hc.client5.http.impl.classic.InternalHttpClient - ep-00000006: cancel
03:32:46.807 [docker-java-stream--1154538086] DEBUG com.github.dockerjava.zerodep.shaded.org.apache.hc.client5.http.wire - http-outgoing-0 << "[0x2][0x0][0x0][0x0][0x0][0x0][0x0][0xffffff8f]2022/06/23 02:32:46 Adding {"label":{"org.testcontainers.sessionId=d48265e4-2b28-4f8c-aa67-76dd8289af84":true,"org.testcontainers=true":true}}[\n]"
03:32:46.807 [docker-java-stream--1154538086] DEBUG com.github.dockerjava.zerodep.shaded.org.apache.hc.client5.http.wire - http-outgoing-0 << "[\r][\n]"
03:32:46.808 [main] DEBUG com.github.dockerjava.zerodep.shaded.org.apache.hc.client5.http.impl.io.DefaultManagedHttpClientConnection - http-outgoing-0: close connection IMMEDIATE
03:32:46.809 [main] DEBUG com.github.dockerjava.zerodep.shaded.org.apache.hc.client5.http.impl.classic.InternalHttpClient - ep-00000006: endpoint closed
03:32:46.809 [main] DEBUG com.github.dockerjava.zerodep.shaded.org.apache.hc.client5.http.impl.classic.InternalHttpClient - ep-00000006: discarding endpoint
03:32:46.809 [main] DEBUG com.github.dockerjava.zerodep.shaded.org.apache.hc.client5.http.impl.io.PoolingHttpClientConnectionManager - ep-00000006: releasing endpoint
03:32:46.809 [main] DEBUG com.github.dockerjava.zerodep.shaded.org.apache.hc.client5.http.impl.io.PoolingHttpClientConnectionManager - ep-00000006: connection is not kept alive
03:32:46.809 [main] DEBUG com.github.dockerjava.zerodep.shaded.org.apache.hc.client5.http.impl.io.PoolingHttpClientConnectionManager - ep-00000006: connection released [route: {}->unix://localhost:2375][total available: 1; route allocated: 1 of 2147483647; total allocated: 1 of 2147483647]
03:32:46.809 [main] DEBUG com.github.dockerjava.zerodep.shaded.org.apache.hc.client5.http.wire - http-outgoing-0 << "end of stream"
03:32:46.810 [main] INFO org.testcontainers.DockerClientFactory - Ryuk started - will monitor and terminate Testcontainers containers on JVM exit
03:32:46.810 [main] DEBUG org.testcontainers.DockerClientFactory - Checks are enabled
03:32:46.810 [main] INFO org.testcontainers.DockerClientFactory - Checking the system...
03:32:46.811 [main] INFO org.testcontainers.DockerClientFactory - ✔︎ Docker server version should be at least 1.6.0
03:32:46.813 [main] DEBUG org.testcontainers.shaded.com.github.dockerjava.core.command.AbstrDockerCmd - Cmd: c37ef761854f37ee2b30aa5f746e4cbe07bf675b32e1348d9cdff026df17b67d,<null>,true,<null>,<null>,<null>,<null>,{df,-P},<null>,<null>
03:32:46.829 [main] DEBUG com.github.dockerjava.zerodep.shaded.org.apache.hc.client5.http.impl.classic.InternalHttpClient - ex-00000009: preparing request execution
03:32:46.830 [main] DEBUG com.github.dockerjava.zerodep.shaded.org.apache.hc.client5.http.protocol.RequestAddCookies - Cookie spec selected: strict
03:32:46.830 [main] DEBUG com.github.dockerjava.zerodep.shaded.org.apache.hc.client5.http.protocol.RequestAuthCache - Auth cache not set in the context
03:32:46.830 [main] DEBUG com.github.dockerjava.zerodep.shaded.org.apache.hc.client5.http.impl.classic.ProtocolExec - ex-00000009: target auth state: UNCHALLENGED
03:32:46.830 [main] DEBUG com.github.dockerjava.zerodep.shaded.org.apache.hc.client5.http.impl.classic.ProtocolExec - ex-00000009: proxy auth state: UNCHALLENGED
03:32:46.830 [main] DEBUG com.github.dockerjava.zerodep.shaded.org.apache.hc.client5.http.impl.classic.ConnectExec - ex-00000009: acquiring connection with route {}->unix://localhost:2375
03:32:46.830 [main] DEBUG com.github.dockerjava.zerodep.shaded.org.apache.hc.client5.http.impl.classic.InternalHttpClient - ex-00000009: acquiring endpoint (3 MINUTES)
03:32:46.831 [main] DEBUG com.github.dockerjava.zerodep.shaded.org.apache.hc.client5.http.impl.io.PoolingHttpClientConnectionManager - ex-00000009: endpoint lease request (3 MINUTES) [route: {}->unix://localhost:2375][total available: 1; route allocated: 1 of 2147483647; total allocated: 1 of 2147483647]
03:32:46.832 [main] DEBUG com.github.dockerjava.zerodep.shaded.org.apache.hc.client5.http.impl.io.PoolingHttpClientConnectionManager - ex-00000009: endpoint leased [route: {}->unix://localhost:2375][total available: 0; route allocated: 1 of 2147483647; total allocated: 1 of 2147483647]
03:32:46.833 [main] DEBUG com.github.dockerjava.zerodep.shaded.org.apache.hc.client5.http.impl.io.PoolingHttpClientConnectionManager - ex-00000009: acquired ep-00000008
03:32:46.834 [main] DEBUG com.github.dockerjava.zerodep.shaded.org.apache.hc.client5.http.impl.classic.InternalHttpClient - ex-00000009: acquired endpoint ep-00000008
03:32:46.835 [main] DEBUG com.github.dockerjava.zerodep.shaded.org.apache.hc.client5.http.impl.classic.MainClientExec - ex-00000009: executing POST /v1.32/containers/c37ef761854f37ee2b30aa5f746e4cbe07bf675b32e1348d9cdff026df17b67d/exec HTTP/1.1
03:32:46.835 [main] DEBUG com.github.dockerjava.zerodep.shaded.org.apache.hc.client5.http.impl.classic.InternalHttpClient - ep-00000008: start execution ex-00000009
03:32:46.835 [main] DEBUG com.github.dockerjava.zerodep.shaded.org.apache.hc.client5.http.impl.io.PoolingHttpClientConnectionManager - ep-00000008: executing exchange ex-00000009 over http-outgoing-1
03:32:46.836 [main] DEBUG com.github.dockerjava.zerodep.shaded.org.apache.hc.client5.http.headers - http-outgoing-1 >> POST /v1.32/containers/c37ef761854f37ee2b30aa5f746e4cbe07bf675b32e1348d9cdff026df17b67d/exec HTTP/1.1
03:32:46.836 [main] DEBUG com.github.dockerjava.zerodep.shaded.org.apache.hc.client5.http.headers - http-outgoing-1 >> accept: application/json
03:32:46.836 [main] DEBUG com.github.dockerjava.zerodep.shaded.org.apache.hc.client5.http.headers - http-outgoing-1 >> content-type: application/json
03:32:46.836 [main] DEBUG com.github.dockerjava.zerodep.shaded.org.apache.hc.client5.http.headers - http-outgoing-1 >> Accept-Encoding: gzip, x-gzip, deflate
03:32:46.836 [main] DEBUG com.github.dockerjava.zerodep.shaded.org.apache.hc.client5.http.headers - http-outgoing-1 >> Content-Length: 229
03:32:46.837 [main] DEBUG com.github.dockerjava.zerodep.shaded.org.apache.hc.client5.http.headers - http-outgoing-1 >> Host: localhost:2375
03:32:46.837 [main] DEBUG com.github.dockerjava.zerodep.shaded.org.apache.hc.client5.http.headers - http-outgoing-1 >> Connection: keep-alive
03:32:46.837 [main] DEBUG com.github.dockerjava.zerodep.shaded.org.apache.hc.client5.http.headers - http-outgoing-1 >> User-Agent: Apache-HttpClient/5.0.3 (Java/11.0.15)
03:32:46.838 [main] DEBUG com.github.dockerjava.zerodep.shaded.org.apache.hc.client5.http.wire - http-outgoing-1 >> "POST /v1.32/containers/c37ef761854f37ee2b30aa5f746e4cbe07bf675b32e1348d9cdff026df17b67d/exec HTTP/1.1[\r][\n]"
03:32:46.838 [main] DEBUG com.github.dockerjava.zerodep.shaded.org.apache.hc.client5.http.wire - http-outgoing-1 >> "accept: application/json[\r][\n]"
03:32:46.838 [main] DEBUG com.github.dockerjava.zerodep.shaded.org.apache.hc.client5.http.wire - http-outgoing-1 >> "content-type: application/json[\r][\n]"
03:32:46.838 [main] DEBUG com.github.dockerjava.zerodep.shaded.org.apache.hc.client5.http.wire - http-outgoing-1 >> "Accept-Encoding: gzip, x-gzip, deflate[\r][\n]"
03:32:46.838 [main] DEBUG com.github.dockerjava.zerodep.shaded.org.apache.hc.client5.http.wire - http-outgoing-1 >> "Content-Length: 229[\r][\n]"
03:32:46.838 [main] DEBUG com.github.dockerjava.zerodep.shaded.org.apache.hc.client5.http.wire - http-outgoing-1 >> "Host: localhost:2375[\r][\n]"
03:32:46.838 [main] DEBUG com.github.dockerjava.zerodep.shaded.org.apache.hc.client5.http.wire - http-outgoing-1 >> "Connection: keep-alive[\r][\n]"
03:32:46.838 [main] DEBUG com.github.dockerjava.zerodep.shaded.org.apache.hc.client5.http.wire - http-outgoing-1 >> "User-Agent: Apache-HttpClient/5.0.3 (Java/11.0.15)[\r][\n]"
03:32:46.838 [main] DEBUG com.github.dockerjava.zerodep.shaded.org.apache.hc.client5.http.wire - http-outgoing-1 >> "[\r][\n]"
03:32:46.838 [main] DEBUG com.github.dockerjava.zerodep.shaded.org.apache.hc.client5.http.wire - http-outgoing-1 >> "{"containerId":"c37ef761854f37ee2b30aa5f746e4cbe07bf675b32e1348d9cdff026df17b67d","AttachStdin":null,"AttachStdout":true,"AttachStderr":null,"Tty":null,"Privileged":null,"User":null,"Cmd":["df","-P"],"Env":null,"WorkingDir":null}"
03:32:46.839 [main] DEBUG com.github.dockerjava.zerodep.shaded.org.apache.hc.client5.http.wire - http-outgoing-1 << "HTTP/1.1 201 Created[\r][\n]"
03:32:46.840 [main] DEBUG com.github.dockerjava.zerodep.shaded.org.apache.hc.client5.http.wire - http-outgoing-1 << "Api-Version: 1.41[\r][\n]"
03:32:46.840 [main] DEBUG com.github.dockerjava.zerodep.shaded.org.apache.hc.client5.http.wire - http-outgoing-1 << "Content-Type: application/json[\r][\n]"
03:32:46.843 [main] DEBUG com.github.dockerjava.zerodep.shaded.org.apache.hc.client5.http.wire - http-outgoing-1 << "Docker-Experimental: false[\r][\n]"
03:32:46.843 [main] DEBUG com.github.dockerjava.zerodep.shaded.org.apache.hc.client5.http.wire - http-outgoing-1 << "Ostype: linux[\r][\n]"
03:32:46.843 [main] DEBUG com.github.dockerjava.zerodep.shaded.org.apache.hc.client5.http.wire - http-outgoing-1 << "Server: Docker/20.10.12 (linux)[\r][\n]"
03:32:46.843 [main] DEBUG com.github.dockerjava.zerodep.shaded.org.apache.hc.client5.http.wire - http-outgoing-1 << "Date: Thu, 23 Jun 2022 02:32:46 GMT[\r][\n]"
03:32:46.843 [main] DEBUG com.github.dockerjava.zerodep.shaded.org.apache.hc.client5.http.wire - http-outgoing-1 << "Content-Length: 74[\r][\n]"
03:32:46.843 [main] DEBUG com.github.dockerjava.zerodep.shaded.org.apache.hc.client5.http.wire - http-outgoing-1 << "[\r][\n]"
03:32:46.843 [main] DEBUG com.github.dockerjava.zerodep.shaded.org.apache.hc.client5.http.wire - http-outgoing-1 << "{"Id":"4d1341f1da28ff227a6a69c05a3b2951ed3b1439465abd9bfa0424da7fd9868c"}[\n]"
03:32:46.843 [main] DEBUG com.github.dockerjava.zerodep.shaded.org.apache.hc.client5.http.headers - http-outgoing-1 << HTTP/1.1 201 Created
03:32:46.843 [main] DEBUG com.github.dockerjava.zerodep.shaded.org.apache.hc.client5.http.headers - http-outgoing-1 << Api-Version: 1.41
03:32:46.843 [main] DEBUG com.github.dockerjava.zerodep.shaded.org.apache.hc.client5.http.headers - http-outgoing-1 << Content-Type: application/json
03:32:46.844 [main] DEBUG com.github.dockerjava.zerodep.shaded.org.apache.hc.client5.http.headers - http-outgoing-1 << Docker-Experimental: false
03:32:46.844 [main] DEBUG com.github.dockerjava.zerodep.shaded.org.apache.hc.client5.http.headers - http-outgoing-1 << Ostype: linux
03:32:46.844 [main] DEBUG com.github.dockerjava.zerodep.shaded.org.apache.hc.client5.http.headers - http-outgoing-1 << Server: Docker/20.10.12 (linux)
03:32:46.844 [main] DEBUG com.github.dockerjava.zerodep.shaded.org.apache.hc.client5.http.headers - http-outgoing-1 << Date: Thu, 23 Jun 2022 02:32:46 GMT
03:32:46.844 [main] DEBUG com.github.dockerjava.zerodep.shaded.org.apache.hc.client5.http.headers - http-outgoing-1 << Content-Length: 74
03:32:46.845 [main] DEBUG com.github.dockerjava.zerodep.shaded.org.apache.hc.client5.http.impl.classic.MainClientExec - ex-00000009: connection can be kept alive for 3 MINUTES
03:32:46.847 [main] DEBUG com.github.dockerjava.zerodep.shaded.org.apache.hc.client5.http.impl.classic.InternalHttpClient - ep-00000008: releasing valid endpoint
03:32:46.847 [main] DEBUG com.github.dockerjava.zerodep.shaded.org.apache.hc.client5.http.impl.io.PoolingHttpClientConnectionManager - ep-00000008: releasing endpoint
03:32:46.847 [main] DEBUG com.github.dockerjava.zerodep.shaded.org.apache.hc.client5.http.impl.io.PoolingHttpClientConnectionManager - ep-00000008: connection http-outgoing-1 can be kept alive for 3 MINUTES
03:32:46.847 [main] DEBUG com.github.dockerjava.zerodep.shaded.org.apache.hc.client5.http.impl.io.PoolingHttpClientConnectionManager - ep-00000008: connection released [route: {}->unix://localhost:2375][total available: 1; route allocated: 1 of 2147483647; total allocated: 1 of 2147483647]
03:32:46.854 [docker-java-stream--2104264638] DEBUG com.github.dockerjava.zerodep.shaded.org.apache.hc.client5.http.impl.classic.InternalHttpClient - ex-0000000A: preparing request execution
03:32:46.854 [docker-java-stream--2104264638] DEBUG com.github.dockerjava.zerodep.shaded.org.apache.hc.client5.http.protocol.RequestAddCookies - Cookie spec selected: strict
03:32:46.854 [docker-java-stream--2104264638] DEBUG com.github.dockerjava.zerodep.shaded.org.apache.hc.client5.http.protocol.RequestAuthCache - Auth cache not set in the context
03:32:46.854 [docker-java-stream--2104264638] DEBUG com.github.dockerjava.zerodep.shaded.org.apache.hc.client5.http.impl.classic.ProtocolExec - ex-0000000A: target auth state: UNCHALLENGED
03:32:46.854 [docker-java-stream--2104264638] DEBUG com.github.dockerjava.zerodep.shaded.org.apache.hc.client5.http.impl.classic.ProtocolExec - ex-0000000A: proxy auth state: UNCHALLENGED
03:32:46.854 [docker-java-stream--2104264638] DEBUG com.github.dockerjava.zerodep.shaded.org.apache.hc.client5.http.impl.classic.ConnectExec - ex-0000000A: acquiring connection with route {}->unix://localhost:2375
03:32:46.854 [docker-java-stream--2104264638] DEBUG com.github.dockerjava.zerodep.shaded.org.apache.hc.client5.http.impl.classic.InternalHttpClient - ex-0000000A: acquiring endpoint (3 MINUTES)
03:32:46.855 [docker-java-stream--2104264638] DEBUG com.github.dockerjava.zerodep.shaded.org.apache.hc.client5.http.impl.io.PoolingHttpClientConnectionManager - ex-0000000A: endpoint lease request (3 MINUTES) [route: {}->unix://localhost:2375][total available: 1; route allocated: 1 of 2147483647; total allocated: 1 of 2147483647]
03:32:46.855 [docker-java-stream--2104264638] DEBUG com.github.dockerjava.zerodep.shaded.org.apache.hc.client5.http.impl.io.PoolingHttpClientConnectionManager - ex-0000000A: endpoint leased [route: {}->unix://localhost:2375][total available: 0; route allocated: 1 of 2147483647; total allocated: 1 of 2147483647]
03:32:46.868 [docker-java-stream--2104264638] DEBUG com.github.dockerjava.zerodep.shaded.org.apache.hc.client5.http.impl.io.PoolingHttpClientConnectionManager - ex-0000000A: acquired ep-00000009
03:32:46.868 [docker-java-stream--2104264638] DEBUG com.github.dockerjava.zerodep.shaded.org.apache.hc.client5.http.impl.classic.InternalHttpClient - ex-0000000A: acquired endpoint ep-00000009
03:32:46.869 [docker-java-stream--2104264638] DEBUG com.github.dockerjava.zerodep.shaded.org.apache.hc.client5.http.impl.classic.MainClientExec - ex-0000000A: executing POST /v1.32/exec/4d1341f1da28ff227a6a69c05a3b2951ed3b1439465abd9bfa0424da7fd9868c/start HTTP/1.1
03:32:46.869 [docker-java-stream--2104264638] DEBUG com.github.dockerjava.zerodep.shaded.org.apache.hc.client5.http.impl.classic.InternalHttpClient - ep-00000009: start execution ex-0000000A
03:32:46.869 [docker-java-stream--2104264638] DEBUG com.github.dockerjava.zerodep.shaded.org.apache.hc.client5.http.impl.io.PoolingHttpClientConnectionManager - ep-00000009: executing exchange ex-0000000A over http-outgoing-1
03:32:46.869 [docker-java-stream--2104264638] DEBUG com.github.dockerjava.zerodep.shaded.org.apache.hc.client5.http.headers - http-outgoing-1 >> POST /v1.32/exec/4d1341f1da28ff227a6a69c05a3b2951ed3b1439465abd9bfa0424da7fd9868c/start HTTP/1.1
03:32:46.869 [docker-java-stream--2104264638] DEBUG com.github.dockerjava.zerodep.shaded.org.apache.hc.client5.http.headers - http-outgoing-1 >> accept: application/json
03:32:46.869 [docker-java-stream--2104264638] DEBUG com.github.dockerjava.zerodep.shaded.org.apache.hc.client5.http.headers - http-outgoing-1 >> content-type: application/json
03:32:46.869 [docker-java-stream--2104264638] DEBUG com.github.dockerjava.zerodep.shaded.org.apache.hc.client5.http.headers - http-outgoing-1 >> Accept-Encoding: gzip, x-gzip, deflate
03:32:46.869 [docker-java-stream--2104264638] DEBUG com.github.dockerjava.zerodep.shaded.org.apache.hc.client5.http.headers - http-outgoing-1 >> Content-Length: 26
03:32:46.869 [docker-java-stream--2104264638] DEBUG com.github.dockerjava.zerodep.shaded.org.apache.hc.client5.http.headers - http-outgoing-1 >> Host: localhost:2375
03:32:46.869 [docker-java-stream--2104264638] DEBUG com.github.dockerjava.zerodep.shaded.org.apache.hc.client5.http.headers - http-outgoing-1 >> Connection: keep-alive
03:32:46.869 [docker-java-stream--2104264638] DEBUG com.github.dockerjava.zerodep.shaded.org.apache.hc.client5.http.headers - http-outgoing-1 >> User-Agent: Apache-HttpClient/5.0.3 (Java/11.0.15)
03:32:46.869 [docker-java-stream--2104264638] DEBUG com.github.dockerjava.zerodep.shaded.org.apache.hc.client5.http.wire - http-outgoing-1 >> "POST /v1.32/exec/4d1341f1da28ff227a6a69c05a3b2951ed3b1439465abd9bfa0424da7fd9868c/start HTTP/1.1[\r][\n]"
03:32:46.869 [docker-java-stream--2104264638] DEBUG com.github.dockerjava.zerodep.shaded.org.apache.hc.client5.http.wire - http-outgoing-1 >> "accept: application/json[\r][\n]"
03:32:46.869 [docker-java-stream--2104264638] DEBUG com.github.dockerjava.zerodep.shaded.org.apache.hc.client5.http.wire - http-outgoing-1 >> "content-type: application/json[\r][\n]"
03:32:46.869 [docker-java-stream--2104264638] DEBUG com.github.dockerjava.zerodep.shaded.org.apache.hc.client5.http.wire - http-outgoing-1 >> "Accept-Encoding: gzip, x-gzip, deflate[\r][\n]"
03:32:46.869 [docker-java-stream--2104264638] DEBUG com.github.dockerjava.zerodep.shaded.org.apache.hc.client5.http.wire - http-outgoing-1 >> "Content-Length: 26[\r][\n]"
03:32:46.869 [docker-java-stream--2104264638] DEBUG com.github.dockerjava.zerodep.shaded.org.apache.hc.client5.http.wire - http-outgoing-1 >> "Host: localhost:2375[\r][\n]"
03:32:46.869 [docker-java-stream--2104264638] DEBUG com.github.dockerjava.zerodep.shaded.org.apache.hc.client5.http.wire - http-outgoing-1 >> "Connection: keep-alive[\r][\n]"
03:32:46.869 [docker-java-stream--2104264638] DEBUG com.github.dockerjava.zerodep.shaded.org.apache.hc.client5.http.wire - http-outgoing-1 >> "User-Agent: Apache-HttpClient/5.0.3 (Java/11.0.15)[\r][\n]"
03:32:46.870 [docker-java-stream--2104264638] DEBUG com.github.dockerjava.zerodep.shaded.org.apache.hc.client5.http.wire - http-outgoing-1 >> "[\r][\n]"
03:32:46.870 [docker-java-stream--2104264638] DEBUG com.github.dockerjava.zerodep.shaded.org.apache.hc.client5.http.wire - http-outgoing-1 >> "{"Detach":null,"Tty":null}"
03:32:46.880 [docker-java-stream--2104264638] DEBUG com.github.dockerjava.zerodep.shaded.org.apache.hc.client5.http.wire - http-outgoing-1 << "HTTP/1.1 200 OK[\r][\n]"
03:32:46.880 [docker-java-stream--2104264638] DEBUG com.github.dockerjava.zerodep.shaded.org.apache.hc.client5.http.wire - http-outgoing-1 << "Content-Type: application/vnd.docker.raw-stream[\r][\n]"
03:32:46.880 [docker-java-stream--2104264638] DEBUG com.github.dockerjava.zerodep.shaded.org.apache.hc.client5.http.wire - http-outgoing-1 << "Api-Version: 1.41[\r][\n]"
03:32:46.880 [docker-java-stream--2104264638] DEBUG com.github.dockerjava.zerodep.shaded.org.apache.hc.client5.http.wire - http-outgoing-1 << "Docker-Experimental: false[\r][\n]"
03:32:46.880 [docker-java-stream--2104264638] DEBUG com.github.dockerjava.zerodep.shaded.org.apache.hc.client5.http.wire - http-outgoing-1 << "Ostype: linux[\r][\n]"
03:32:46.880 [docker-java-stream--2104264638] DEBUG com.github.dockerjava.zerodep.shaded.org.apache.hc.client5.http.wire - http-outgoing-1 << "Server: Docker/20.10.12 (linux)[\r][\n]"
03:32:46.881 [docker-java-stream--2104264638] DEBUG com.github.dockerjava.zerodep.shaded.org.apache.hc.client5.http.wire - http-outgoing-1 << "[\r][\n]"
03:32:46.881 [docker-java-stream--2104264638] DEBUG com.github.dockerjava.zerodep.shaded.org.apache.hc.client5.http.headers - http-outgoing-1 << HTTP/1.1 200 OK
03:32:46.881 [docker-java-stream--2104264638] DEBUG com.github.dockerjava.zerodep.shaded.org.apache.hc.client5.http.headers - http-outgoing-1 << Content-Type: application/vnd.docker.raw-stream
03:32:46.881 [docker-java-stream--2104264638] DEBUG com.github.dockerjava.zerodep.shaded.org.apache.hc.client5.http.headers - http-outgoing-1 << Api-Version: 1.41
03:32:46.881 [docker-java-stream--2104264638] DEBUG com.github.dockerjava.zerodep.shaded.org.apache.hc.client5.http.headers - http-outgoing-1 << Docker-Experimental: false
03:32:46.881 [docker-java-stream--2104264638] DEBUG com.github.dockerjava.zerodep.shaded.org.apache.hc.client5.http.headers - http-outgoing-1 << Ostype: linux
03:32:46.881 [docker-java-stream--2104264638] DEBUG com.github.dockerjava.zerodep.shaded.org.apache.hc.client5.http.headers - http-outgoing-1 << Server: Docker/20.10.12 (linux)
03:32:46.963 [docker-java-stream--2104264638] DEBUG com.github.dockerjava.zerodep.shaded.org.apache.hc.client5.http.wire - http-outgoing-1 << "[0x1][0x0][0x0][0x0][0x0][0x0][0x4][0xffffff8c]Filesystem           1024-blocks    Used Available Capacity Mounted on[\n]"
03:32:46.963 [docker-java-stream--2104264638] DEBUG com.github.dockerjava.zerodep.shaded.org.apache.hc.client5.http.wire - http-outgoing-1 << "overlay               38425984  33865488   2578852  93% /[\n]"
03:32:46.963 [docker-java-stream--2104264638] DEBUG com.github.dockerjava.zerodep.shaded.org.apache.hc.client5.http.wire - http-outgoing-1 << "tmpfs                    65536         0     65536   0% /dev[\n]"
03:32:46.963 [docker-java-stream--2104264638] DEBUG com.github.dockerjava.zerodep.shaded.org.apache.hc.client5.http.wire - http-outgoing-1 << "tmpfs                  3975564         0   3975564   0% /sys/fs/cgroup[\n]"
03:32:46.963 [docker-java-stream--2104264638] DEBUG com.github.dockerjava.zerodep.shaded.org.apache.hc.client5.http.wire - http-outgoing-1 << "/dev/nvme0n1p5        38425984  33865488   2578852  93% /etc/resolv.conf[\n]"
03:32:46.963 [docker-java-stream--2104264638] DEBUG com.github.dockerjava.zerodep.shaded.org.apache.hc.client5.http.wire - http-outgoing-1 << "/dev/nvme0n1p5        38425984  33865488   2578852  93% /etc/hostname[\n]"
03:32:46.963 [docker-java-stream--2104264638] DEBUG com.github.dockerjava.zerodep.shaded.org.apache.hc.client5.http.wire - http-outgoing-1 << "/dev/nvme0n1p5        38425984  33865488   2578852  93% /etc/hosts[\n]"
03:32:46.963 [docker-java-stream--2104264638] DEBUG com.github.dockerjava.zerodep.shaded.org.apache.hc.client5.http.wire - http-outgoing-1 << "shm                      65536         0     65536   0% /dev/shm[\n]"
03:32:46.963 [docker-java-stream--2104264638] DEBUG com.github.dockerjava.zerodep.shaded.org.apache.hc.client5.http.wire - http-outgoing-1 << "tmpfs                   795116      2464    792652   0% /run/docker.sock[\n]"
03:32:46.963 [docker-java-stream--2104264638] DEBUG com.github.dockerjava.zerodep.shaded.org.apache.hc.client5.http.wire - http-outgoing-1 << "tmpfs                  3975564         0   3975564   0% /proc/asound[\n]"
03:32:46.963 [docker-java-stream--2104264638] DEBUG com.github.dockerjava.zerodep.shaded.org.apache.hc.client5.http.wire - http-outgoing-1 << "tmpfs                  3975564         0   3975564   0% /proc/acpi[\n]"
03:32:46.963 [docker-java-stream--2104264638] DEBUG com.github.dockerjava.zerodep.shaded.org.apache.hc.client5.http.wire - http-outgoing-1 << "tmpfs                    65536         0     65536   0% /proc/kcore[\n]"
03:32:46.963 [docker-java-stream--2104264638] DEBUG com.github.dockerjava.zerodep.shaded.org.apache.hc.client5.http.wire - http-outgoing-1 << "tmpfs                    65536         0     65536   0% /proc/keys[\n]"
03:32:46.963 [docker-java-stream--2104264638] DEBUG com.github.dockerjava.zerodep.shaded.org.apache.hc.client5.http.wire - http-outgoing-1 << "tmpfs                    65536         0     65536   0% /proc/timer_list[\n]"
03:32:46.963 [docker-java-stream--2104264638] DEBUG com.github.dockerjava.zerodep.shaded.org.apache.hc.client5.http.wire - http-outgoing-1 << "tmpfs                    65536         0     65536   0% /proc/sched_debug[\n]"
03:32:46.964 [docker-java-stream--2104264638] DEBUG com.github.dockerjava.zerodep.shaded.org.apache.hc.client5.http.wire - http-outgoing-1 << "tmpfs                  3975564         0   3975564   0% /proc/scsi[\n]"
03:32:46.964 [docker-java-stream--2104264638] DEBUG com.github.dockerjava.zerodep.shaded.org.apache.hc.client5.http.wire - http-outgoing-1 << "tmpfs                  3975564         0   3975564   0% /sys/firmware[\n]"
03:32:46.965 [docker-java-stream--2104264638] DEBUG com.github.dockerjava.zerodep.shaded.org.apache.hc.client5.http.wire - http-outgoing-1 << "end of stream"
03:32:46.965 [docker-java-stream--2104264638] DEBUG com.github.dockerjava.zerodep.shaded.org.apache.hc.client5.http.impl.io.DefaultManagedHttpClientConnection - http-outgoing-1: close connection IMMEDIATE
03:32:46.966 [docker-java-stream--2104264638] DEBUG com.github.dockerjava.zerodep.shaded.org.apache.hc.client5.http.impl.classic.InternalHttpClient - ep-00000009: endpoint closed
03:32:46.966 [docker-java-stream--2104264638] DEBUG com.github.dockerjava.zerodep.shaded.org.apache.hc.client5.http.impl.classic.InternalHttpClient - ep-00000009: discarding endpoint
03:32:46.966 [docker-java-stream--2104264638] DEBUG com.github.dockerjava.zerodep.shaded.org.apache.hc.client5.http.impl.io.PoolingHttpClientConnectionManager - ep-00000009: releasing endpoint
03:32:46.966 [docker-java-stream--2104264638] DEBUG com.github.dockerjava.zerodep.shaded.org.apache.hc.client5.http.impl.io.PoolingHttpClientConnectionManager - ep-00000009: connection is not kept alive
03:32:46.966 [docker-java-stream--2104264638] DEBUG com.github.dockerjava.zerodep.shaded.org.apache.hc.client5.http.impl.io.PoolingHttpClientConnectionManager - ep-00000009: connection released [route: {}->unix://localhost:2375][total available: 0; route allocated: 0 of 2147483647; total allocated: 0 of 2147483647]
03:32:46.973 [main] INFO org.testcontainers.DockerClientFactory - ✔︎ Docker environment should have more than 2GB free disk space
03:32:46.981 [main] DEBUG org.testcontainers.utility.PrefixingImageNameSubstitutor - No prefix is configured
03:32:46.981 [main] DEBUG org.testcontainers.utility.ImageNameSubstitutor - Did not find a substitute image for mysql:8.0 (using image substitutor: DefaultImageNameSubstitutor (composite of 'ConfigurationFileImageNameSubstitutor' and 'PrefixingImageNameSubstitutor'))
03:32:46.988 [main] DEBUG org.testcontainers.shaded.com.github.dockerjava.core.command.AbstrDockerCmd - Cmd: ListImagesCmdImpl[imageNameFilter=<null>,showAll=false,filters=org.testcontainers.shaded.com.github.dockerjava.core.util.FiltersBuilder@0]
03:32:47.003 [main] DEBUG com.github.dockerjava.zerodep.shaded.org.apache.hc.client5.http.impl.classic.InternalHttpClient - ex-0000000B: preparing request execution
03:32:47.003 [main] DEBUG com.github.dockerjava.zerodep.shaded.org.apache.hc.client5.http.protocol.RequestAddCookies - Cookie spec selected: strict
03:32:47.003 [main] DEBUG com.github.dockerjava.zerodep.shaded.org.apache.hc.client5.http.protocol.RequestAuthCache - Auth cache not set in the context
03:32:47.003 [main] DEBUG com.github.dockerjava.zerodep.shaded.org.apache.hc.client5.http.impl.classic.ProtocolExec - ex-0000000B: target auth state: UNCHALLENGED
03:32:47.003 [main] DEBUG com.github.dockerjava.zerodep.shaded.org.apache.hc.client5.http.impl.classic.ProtocolExec - ex-0000000B: proxy auth state: UNCHALLENGED
03:32:47.003 [main] DEBUG com.github.dockerjava.zerodep.shaded.org.apache.hc.client5.http.impl.classic.ConnectExec - ex-0000000B: acquiring connection with route {}->unix://localhost:2375
03:32:47.003 [main] DEBUG com.github.dockerjava.zerodep.shaded.org.apache.hc.client5.http.impl.classic.InternalHttpClient - ex-0000000B: acquiring endpoint (3 MINUTES)
03:32:47.004 [main] DEBUG com.github.dockerjava.zerodep.shaded.org.apache.hc.client5.http.impl.io.PoolingHttpClientConnectionManager - ex-0000000B: endpoint lease request (3 MINUTES) [route: {}->unix://localhost:2375][total available: 0; route allocated: 0 of 2147483647; total allocated: 0 of 2147483647]
03:32:47.004 [main] DEBUG com.github.dockerjava.zerodep.shaded.org.apache.hc.client5.http.impl.io.PoolingHttpClientConnectionManager - ex-0000000B: endpoint leased [route: {}->unix://localhost:2375][total available: 0; route allocated: 1 of 2147483647; total allocated: 1 of 2147483647]
03:32:47.004 [main] DEBUG com.github.dockerjava.zerodep.shaded.org.apache.hc.client5.http.impl.io.PoolingHttpClientConnectionManager - ex-0000000B: acquired ep-0000000A
03:32:47.004 [main] DEBUG com.github.dockerjava.zerodep.shaded.org.apache.hc.client5.http.impl.classic.InternalHttpClient - ex-0000000B: acquired endpoint ep-0000000A
03:32:47.004 [main] DEBUG com.github.dockerjava.zerodep.shaded.org.apache.hc.client5.http.impl.classic.ConnectExec - ex-0000000B: opening connection {}->unix://localhost:2375
03:32:47.004 [main] DEBUG com.github.dockerjava.zerodep.shaded.org.apache.hc.client5.http.impl.classic.InternalHttpClient - ep-0000000A: connecting endpoint (3 MINUTES)
03:32:47.004 [main] DEBUG com.github.dockerjava.zerodep.shaded.org.apache.hc.client5.http.impl.io.PoolingHttpClientConnectionManager - ep-0000000A: connecting endpoint to unix://localhost:2375 (3 MINUTES)
03:32:47.005 [main] DEBUG com.github.dockerjava.zerodep.shaded.org.apache.hc.client5.http.impl.io.DefaultHttpClientConnectionOperator - http-outgoing-2: connecting to localhost/127.0.0.1:2375
03:32:47.005 [main] DEBUG com.github.dockerjava.zerodep.shaded.org.apache.hc.client5.http.impl.io.DefaultHttpClientConnectionOperator - http-outgoing-2: connection established 
03:32:47.005 [main] DEBUG com.github.dockerjava.zerodep.shaded.org.apache.hc.client5.http.impl.io.PoolingHttpClientConnectionManager - ep-0000000A: connected http-outgoing-2
03:32:47.005 [main] DEBUG com.github.dockerjava.zerodep.shaded.org.apache.hc.client5.http.impl.classic.InternalHttpClient - ep-0000000A: endpoint connected
03:32:47.005 [main] DEBUG com.github.dockerjava.zerodep.shaded.org.apache.hc.client5.http.impl.classic.MainClientExec - ex-0000000B: executing GET /v1.32/images/json HTTP/1.1
03:32:47.005 [main] DEBUG com.github.dockerjava.zerodep.shaded.org.apache.hc.client5.http.impl.classic.InternalHttpClient - ep-0000000A: start execution ex-0000000B
03:32:47.005 [main] DEBUG com.github.dockerjava.zerodep.shaded.org.apache.hc.client5.http.impl.io.PoolingHttpClientConnectionManager - ep-0000000A: executing exchange ex-0000000B over http-outgoing-2
03:32:47.005 [main] DEBUG com.github.dockerjava.zerodep.shaded.org.apache.hc.client5.http.headers - http-outgoing-2 >> GET /v1.32/images/json HTTP/1.1
03:32:47.005 [main] DEBUG com.github.dockerjava.zerodep.shaded.org.apache.hc.client5.http.headers - http-outgoing-2 >> accept: application/json
03:32:47.006 [main] DEBUG com.github.dockerjava.zerodep.shaded.org.apache.hc.client5.http.headers - http-outgoing-2 >> Accept-Encoding: gzip, x-gzip, deflate
03:32:47.006 [main] DEBUG com.github.dockerjava.zerodep.shaded.org.apache.hc.client5.http.headers - http-outgoing-2 >> Host: localhost:2375
03:32:47.006 [main] DEBUG com.github.dockerjava.zerodep.shaded.org.apache.hc.client5.http.headers - http-outgoing-2 >> Connection: keep-alive
03:32:47.006 [main] DEBUG com.github.dockerjava.zerodep.shaded.org.apache.hc.client5.http.headers - http-outgoing-2 >> User-Agent: Apache-HttpClient/5.0.3 (Java/11.0.15)
03:32:47.006 [main] DEBUG com.github.dockerjava.zerodep.shaded.org.apache.hc.client5.http.wire - http-outgoing-2 >> "GET /v1.32/images/json HTTP/1.1[\r][\n]"
03:32:47.006 [main] DEBUG com.github.dockerjava.zerodep.shaded.org.apache.hc.client5.http.wire - http-outgoing-2 >> "accept: application/json[\r][\n]"
03:32:47.006 [main] DEBUG com.github.dockerjava.zerodep.shaded.org.apache.hc.client5.http.wire - http-outgoing-2 >> "Accept-Encoding: gzip, x-gzip, deflate[\r][\n]"
03:32:47.006 [main] DEBUG com.github.dockerjava.zerodep.shaded.org.apache.hc.client5.http.wire - http-outgoing-2 >> "Host: localhost:2375[\r][\n]"
03:32:47.006 [main] DEBUG com.github.dockerjava.zerodep.shaded.org.apache.hc.client5.http.wire - http-outgoing-2 >> "Connection: keep-alive[\r][\n]"
03:32:47.006 [main] DEBUG com.github.dockerjava.zerodep.shaded.org.apache.hc.client5.http.wire - http-outgoing-2 >> "User-Agent: Apache-HttpClient/5.0.3 (Java/11.0.15)[\r][\n]"
03:32:47.006 [main] DEBUG com.github.dockerjava.zerodep.shaded.org.apache.hc.client5.http.wire - http-outgoing-2 >> "[\r][\n]"
03:32:47.007 [main] DEBUG com.github.dockerjava.zerodep.shaded.org.apache.hc.client5.http.wire - http-outgoing-2 << "HTTP/1.1 200 OK[\r][\n]"
03:32:47.007 [main] DEBUG com.github.dockerjava.zerodep.shaded.org.apache.hc.client5.http.wire - http-outgoing-2 << "Api-Version: 1.41[\r][\n]"
03:32:47.007 [main] DEBUG com.github.dockerjava.zerodep.shaded.org.apache.hc.client5.http.wire - http-outgoing-2 << "Content-Type: application/json[\r][\n]"
03:32:47.007 [main] DEBUG com.github.dockerjava.zerodep.shaded.org.apache.hc.client5.http.wire - http-outgoing-2 << "Docker-Experimental: false[\r][\n]"
03:32:47.007 [main] DEBUG com.github.dockerjava.zerodep.shaded.org.apache.hc.client5.http.wire - http-outgoing-2 << "Ostype: linux[\r][\n]"
03:32:47.007 [main] DEBUG com.github.dockerjava.zerodep.shaded.org.apache.hc.client5.http.wire - http-outgoing-2 << "Server: Docker/20.10.12 (linux)[\r][\n]"
03:32:47.007 [main] DEBUG com.github.dockerjava.zerodep.shaded.org.apache.hc.client5.http.wire - http-outgoing-2 << "Date: Thu, 23 Jun 2022 02:32:47 GMT[\r][\n]"
03:32:47.007 [main] DEBUG com.github.dockerjava.zerodep.shaded.org.apache.hc.client5.http.wire - http-outgoing-2 << "Content-Length: 678[\r][\n]"
03:32:47.007 [main] DEBUG com.github.dockerjava.zerodep.shaded.org.apache.hc.client5.http.wire - http-outgoing-2 << "[\r][\n]"
03:32:47.008 [main] DEBUG com.github.dockerjava.zerodep.shaded.org.apache.hc.client5.http.wire - http-outgoing-2 << "[{"Containers":-1,"Created":1653716028,"Id":"sha256:65b636d5542b73254ce90cc4b895597dc1adc2c661ca553c38eda159979dded1","Labels":null,"ParentId":"","RepoDigests":["mysql@sha256:548da4c67fd8a71908f17c308b8ddb098acf5191d3d7694e56801c6a8b2072cc"],"RepoTags":["mysql:8.0"],"SharedSize":-1,"Size":524000456,"VirtualSize":524000456},{"Containers":-1,"Created":1608725981,"Id":"sha256:ee7515743e6fb92fd9ae2e9b8a4ad4516ed19507079788849c33025b3bfdb7a5","Labels":null,"ParentId":"","RepoDigests":["testcontainers/ryuk@sha256:58345bdf4fd056f7c5b772319c444d6a8dbbbad112d60b9e8023637cda6a6e30"],"RepoTags":["testcontainers/ryuk:0.3.1"],"SharedSize":-1,"Size":11951601,"VirtualSize":11951601}][\n]"
03:32:47.008 [main] DEBUG com.github.dockerjava.zerodep.shaded.org.apache.hc.client5.http.headers - http-outgoing-2 << HTTP/1.1 200 OK
03:32:47.008 [main] DEBUG com.github.dockerjava.zerodep.shaded.org.apache.hc.client5.http.headers - http-outgoing-2 << Api-Version: 1.41
03:32:47.008 [main] DEBUG com.github.dockerjava.zerodep.shaded.org.apache.hc.client5.http.headers - http-outgoing-2 << Content-Type: application/json
03:32:47.008 [main] DEBUG com.github.dockerjava.zerodep.shaded.org.apache.hc.client5.http.headers - http-outgoing-2 << Docker-Experimental: false
03:32:47.008 [main] DEBUG com.github.dockerjava.zerodep.shaded.org.apache.hc.client5.http.headers - http-outgoing-2 << Ostype: linux
03:32:47.008 [main] DEBUG com.github.dockerjava.zerodep.shaded.org.apache.hc.client5.http.headers - http-outgoing-2 << Server: Docker/20.10.12 (linux)
03:32:47.008 [main] DEBUG com.github.dockerjava.zerodep.shaded.org.apache.hc.client5.http.headers - http-outgoing-2 << Date: Thu, 23 Jun 2022 02:32:47 GMT
03:32:47.008 [main] DEBUG com.github.dockerjava.zerodep.shaded.org.apache.hc.client5.http.headers - http-outgoing-2 << Content-Length: 678
03:32:47.009 [main] DEBUG com.github.dockerjava.zerodep.shaded.org.apache.hc.client5.http.impl.classic.MainClientExec - ex-0000000B: connection can be kept alive for 3 MINUTES
03:32:47.013 [main] DEBUG com.github.dockerjava.zerodep.shaded.org.apache.hc.client5.http.impl.classic.InternalHttpClient - ep-0000000A: releasing valid endpoint
03:32:47.013 [main] DEBUG com.github.dockerjava.zerodep.shaded.org.apache.hc.client5.http.impl.io.PoolingHttpClientConnectionManager - ep-0000000A: releasing endpoint
03:32:47.014 [main] DEBUG com.github.dockerjava.zerodep.shaded.org.apache.hc.client5.http.impl.io.PoolingHttpClientConnectionManager - ep-0000000A: connection http-outgoing-2 can be kept alive for 3 MINUTES
03:32:47.014 [main] DEBUG com.github.dockerjava.zerodep.shaded.org.apache.hc.client5.http.impl.io.PoolingHttpClientConnectionManager - ep-0000000A: connection released [route: {}->unix://localhost:2375][total available: 1; route allocated: 1 of 2147483647; total allocated: 1 of 2147483647]
03:32:47.017 [main] DEBUG org.testcontainers.images.AbstractImagePullPolicy - Using locally available and not pulling image: mysql:8.0
03:32:47.017 [main] DEBUG 🐳 [mysql:8.0] - Starting container: mysql:8.0
03:32:47.018 [main] DEBUG 🐳 [mysql:8.0] - Trying to start container: mysql:8.0 (attempt 1/3)
03:32:47.018 [main] DEBUG 🐳 [mysql:8.0] - Starting container: mysql:8.0
03:32:47.018 [main] INFO 🐳 [mysql:8.0] - Creating container for image: mysql:8.0
03:32:47.018 [main] DEBUG org.testcontainers.utility.RegistryAuthLocator - Looking up auth config for image: mysql:8.0 at registry: index.docker.io
03:32:47.018 [main] DEBUG org.testcontainers.utility.RegistryAuthLocator - No matching Auth Configs - falling back to defaultAuthConfig [null]
03:32:47.018 [main] DEBUG org.testcontainers.dockerclient.AuthDelegatingDockerClientConfig - Effective auth config [null]
03:32:47.024 [main] DEBUG org.testcontainers.shaded.com.github.dockerjava.core.command.AbstrDockerCmd - Cmd: org.testcontainers.shaded.com.github.dockerjava.core.command.CreateContainerCmdImpl@24347d8b[name=<null>,hostName=<null>,domainName=<null>,user=<null>,attachStdin=<null>,attachStdout=<null>,attachStderr=<null>,portSpecs=<null>,tty=<null>,stdinOpen=<null>,stdInOnce=<null>,env={MYSQL_DATABASE=test,MYSQL_PASSWORD=admin,MYSQL_USER=admin,MYSQL_ROOT_PASSWORD=admin},cmd={},healthcheck=<null>,argsEscaped=<null>,entrypoint=<null>,image=mysql:8.0,volumes=Volumes(volumes=[]),workingDir=<null>,macAddress=<null>,onBuild=<null>,networkDisabled=<null>,exposedPorts=ExposedPorts(exposedPorts=[3306/tcp]),stopSignal=<null>,stopTimeout=<null>,hostConfig=HostConfig(binds=[], blkioWeight=null, blkioWeightDevice=null, blkioDeviceReadBps=null, blkioDeviceWriteBps=null, blkioDeviceReadIOps=null, blkioDeviceWriteIOps=null, memorySwappiness=null, nanoCPUs=null, capAdd=null, capDrop=null, containerIDFile=null, cpuPeriod=null, cpuRealtimePeriod=null, cpuRealtimeRuntime=null, cpuShares=null, cpuQuota=null, cpusetCpus=null, cpusetMems=null, devices=null, deviceCgroupRules=null, deviceRequests=null, diskQuota=null, dns=null, dnsOptions=null, dnsSearch=null, extraHosts=[], groupAdd=null, ipcMode=null, cgroup=null, links=[], logConfig=LogConfig(type=null, config=null), lxcConf=null, memory=null, memorySwap=null, memoryReservation=null, kernelMemory=null, networkMode=null, oomKillDisable=null, init=null, autoRemove=null, oomScoreAdj=null, portBindings={3306/tcp=[Lcom.github.dockerjava.api.model.Ports$Binding;@13e6ab86}, privileged=null, publishAllPorts=null, readonlyRootfs=null, restartPolicy=null, ulimits=null, cpuCount=null, cpuPercent=null, ioMaximumIOps=null, ioMaximumBandwidth=null, volumesFrom=[], mounts=null, pidMode=null, isolation=null, securityOpts=null, storageOpt=null, cgroupParent=null, volumeDriver=null, shmSize=null, pidsLimit=null, runtime=null, tmpFs=null, utSMode=null, usernsMode=null, sysctls=null, consoleSize=null),labels={org.testcontainers=true, org.testcontainers.sessionId=d48265e4-2b28-4f8c-aa67-76dd8289af84},shell=<null>,networkingConfig=<null>,ipv4Address=<null>,ipv6Address=<null>,aliases=<null>,authConfig=<null>,platform=<null>]
03:32:47.031 [main] DEBUG com.github.dockerjava.zerodep.shaded.org.apache.hc.client5.http.impl.classic.InternalHttpClient - ex-0000000C: preparing request execution
03:32:47.032 [main] DEBUG com.github.dockerjava.zerodep.shaded.org.apache.hc.client5.http.protocol.RequestAddCookies - Cookie spec selected: strict
03:32:47.032 [main] DEBUG com.github.dockerjava.zerodep.shaded.org.apache.hc.client5.http.protocol.RequestAuthCache - Auth cache not set in the context
03:32:47.032 [main] DEBUG com.github.dockerjava.zerodep.shaded.org.apache.hc.client5.http.impl.classic.ProtocolExec - ex-0000000C: target auth state: UNCHALLENGED
03:32:47.032 [main] DEBUG com.github.dockerjava.zerodep.shaded.org.apache.hc.client5.http.impl.classic.ProtocolExec - ex-0000000C: proxy auth state: UNCHALLENGED
03:32:47.032 [main] DEBUG com.github.dockerjava.zerodep.shaded.org.apache.hc.client5.http.impl.classic.ConnectExec - ex-0000000C: acquiring connection with route {}->unix://localhost:2375
03:32:47.032 [main] DEBUG com.github.dockerjava.zerodep.shaded.org.apache.hc.client5.http.impl.classic.InternalHttpClient - ex-0000000C: acquiring endpoint (3 MINUTES)
03:32:47.032 [main] DEBUG com.github.dockerjava.zerodep.shaded.org.apache.hc.client5.http.impl.io.PoolingHttpClientConnectionManager - ex-0000000C: endpoint lease request (3 MINUTES) [route: {}->unix://localhost:2375][total available: 1; route allocated: 1 of 2147483647; total allocated: 1 of 2147483647]
03:32:47.033 [main] DEBUG com.github.dockerjava.zerodep.shaded.org.apache.hc.client5.http.impl.io.PoolingHttpClientConnectionManager - ex-0000000C: endpoint leased [route: {}->unix://localhost:2375][total available: 0; route allocated: 1 of 2147483647; total allocated: 1 of 2147483647]
03:32:47.033 [main] DEBUG com.github.dockerjava.zerodep.shaded.org.apache.hc.client5.http.impl.io.PoolingHttpClientConnectionManager - ex-0000000C: acquired ep-0000000B
03:32:47.033 [main] DEBUG com.github.dockerjava.zerodep.shaded.org.apache.hc.client5.http.impl.classic.InternalHttpClient - ex-0000000C: acquired endpoint ep-0000000B
03:32:47.033 [main] DEBUG com.github.dockerjava.zerodep.shaded.org.apache.hc.client5.http.impl.classic.MainClientExec - ex-0000000C: executing POST /v1.32/containers/create HTTP/1.1
03:32:47.033 [main] DEBUG com.github.dockerjava.zerodep.shaded.org.apache.hc.client5.http.impl.classic.InternalHttpClient - ep-0000000B: start execution ex-0000000C
03:32:47.033 [main] DEBUG com.github.dockerjava.zerodep.shaded.org.apache.hc.client5.http.impl.io.PoolingHttpClientConnectionManager - ep-0000000B: executing exchange ex-0000000C over http-outgoing-2
03:32:47.033 [main] DEBUG com.github.dockerjava.zerodep.shaded.org.apache.hc.client5.http.headers - http-outgoing-2 >> POST /v1.32/containers/create HTTP/1.1
03:32:47.033 [main] DEBUG com.github.dockerjava.zerodep.shaded.org.apache.hc.client5.http.headers - http-outgoing-2 >> accept: application/json
03:32:47.033 [main] DEBUG com.github.dockerjava.zerodep.shaded.org.apache.hc.client5.http.headers - http-outgoing-2 >> content-type: application/json
03:32:47.033 [main] DEBUG com.github.dockerjava.zerodep.shaded.org.apache.hc.client5.http.headers - http-outgoing-2 >> Accept-Encoding: gzip, x-gzip, deflate
03:32:47.033 [main] DEBUG com.github.dockerjava.zerodep.shaded.org.apache.hc.client5.http.headers - http-outgoing-2 >> Content-Length: 2008
03:32:47.033 [main] DEBUG com.github.dockerjava.zerodep.shaded.org.apache.hc.client5.http.headers - http-outgoing-2 >> Host: localhost:2375
03:32:47.033 [main] DEBUG com.github.dockerjava.zerodep.shaded.org.apache.hc.client5.http.headers - http-outgoing-2 >> Connection: keep-alive
03:32:47.033 [main] DEBUG com.github.dockerjava.zerodep.shaded.org.apache.hc.client5.http.headers - http-outgoing-2 >> User-Agent: Apache-HttpClient/5.0.3 (Java/11.0.15)
03:32:47.033 [main] DEBUG com.github.dockerjava.zerodep.shaded.org.apache.hc.client5.http.wire - http-outgoing-2 >> "POST /v1.32/containers/create HTTP/1.1[\r][\n]"
03:32:47.034 [main] DEBUG com.github.dockerjava.zerodep.shaded.org.apache.hc.client5.http.wire - http-outgoing-2 >> "accept: application/json[\r][\n]"
03:32:47.034 [main] DEBUG com.github.dockerjava.zerodep.shaded.org.apache.hc.client5.http.wire - http-outgoing-2 >> "content-type: application/json[\r][\n]"
03:32:47.034 [main] DEBUG com.github.dockerjava.zerodep.shaded.org.apache.hc.client5.http.wire - http-outgoing-2 >> "Accept-Encoding: gzip, x-gzip, deflate[\r][\n]"
03:32:47.034 [main] DEBUG com.github.dockerjava.zerodep.shaded.org.apache.hc.client5.http.wire - http-outgoing-2 >> "Content-Length: 2008[\r][\n]"
03:32:47.034 [main] DEBUG com.github.dockerjava.zerodep.shaded.org.apache.hc.client5.http.wire - http-outgoing-2 >> "Host: localhost:2375[\r][\n]"
03:32:47.034 [main] DEBUG com.github.dockerjava.zerodep.shaded.org.apache.hc.client5.http.wire - http-outgoing-2 >> "Connection: keep-alive[\r][\n]"
03:32:47.034 [main] DEBUG com.github.dockerjava.zerodep.shaded.org.apache.hc.client5.http.wire - http-outgoing-2 >> "User-Agent: Apache-HttpClient/5.0.3 (Java/11.0.15)[\r][\n]"
03:32:47.034 [main] DEBUG com.github.dockerjava.zerodep.shaded.org.apache.hc.client5.http.wire - http-outgoing-2 >> "[\r][\n]"
03:32:47.034 [main] DEBUG com.github.dockerjava.zerodep.shaded.org.apache.hc.client5.http.wire - http-outgoing-2 >> "{"name":null,"authConfig":null,"platform":null,"Hostname":null,"Domainname":null,"User":null,"AttachStdin":null,"AttachStdout":null,"AttachStderr":null,"PortSpecs":null,"Tty":null,"OpenStdin":null,"StdinOnce":null,"Env":["MYSQL_DATABASE=test","MYSQL_PASSWORD=admin","MYSQL_USER=admin","MYSQL_ROOT_PASSWORD=admin"],"Cmd":[],"Healthcheck":null,"ArgsEscaped":null,"Entrypoint":null,"Image":"mysql:8.0","Volumes":{},"WorkingDir":null,"MacAddress":null,"OnBuild":null,"NetworkDisabled":null,"ExposedPorts":{"3306/tcp":{}},"StopSignal":null,"StopTimeout":null,"HostConfig":{"Binds":[],"BlkioWeight":null,"BlkioWeightDevice":null,"BlkioDeviceReadBps":null,"BlkioDeviceWriteBps":null,"BlkioDeviceReadIOps":null,"BlkioDeviceWriteIOps":null,"MemorySwappiness":null,"NanoCpus":null,"CapAdd":null,"CapDrop":null,"ContainerIDFile":null,"CpuPeriod":null,"CpuRealtimePeriod":null,"CpuRealtimeRuntime":null,"CpuShares":null,"CpuQuota":null,"CpusetCpus":null,"CpusetMems":null,"Devices":null,"DeviceCgroupRules":null,"DeviceRequests":null,"DiskQuota":null,"Dns":null,"DnsOptions":null,"DnsSearch":null,"ExtraHosts":[],"GroupAdd":null,"IpcMode":null,"Cgroup":null,"Links":[],"LogConfig":null,"LxcConf":null,"Memory":null,"MemorySwap":null,"MemoryReservation":null,"KernelMemory":null,"NetworkMode":null,"OomKillDisable":null,"Init":null,"AutoRemove":null,"OomScoreAdj":null,"PortBindings":{"3306/tcp":[{"HostIp":"","HostPort":""}]},"Privileged":null,"PublishAllPorts":null,"ReadonlyRootfs":null,"RestartPolicy":null,"Ulimits":null,"CpuCount":null,"CpuPercent":null,"IOMaximumIOps":null,"IOMaximumBandwidth":null,"VolumesFrom":[],"Mounts":null,"PidMode":null,"Isolation":null,"SecurityOpt":null,"StorageOpt":null,"CgroupParent":null,"VolumeDriver":null,"ShmSize":null,"PidsLimit":null,"Runtime":null,"Tmpfs":null,"UTSMode":null,"UsernsMode":null,"Sysctls":null,"ConsoleSize":null},"Labels":{"org.testcontainers":"true","org.testcontainers.sessionId":"d48265e4-2b28-4f8c-aa67-76dd8289af84"},"Shell":null,"NetworkingConfig":null}"
03:32:47.075 [main] DEBUG com.github.dockerjava.zerodep.shaded.org.apache.hc.client5.http.wire - http-outgoing-2 << "HTTP/1.1 201 Created[\r][\n]"
03:32:47.075 [main] DEBUG com.github.dockerjava.zerodep.shaded.org.apache.hc.client5.http.wire - http-outgoing-2 << "Api-Version: 1.41[\r][\n]"
03:32:47.075 [main] DEBUG com.github.dockerjava.zerodep.shaded.org.apache.hc.client5.http.wire - http-outgoing-2 << "Content-Type: application/json[\r][\n]"
03:32:47.075 [main] DEBUG com.github.dockerjava.zerodep.shaded.org.apache.hc.client5.http.wire - http-outgoing-2 << "Docker-Experimental: false[\r][\n]"
03:32:47.075 [main] DEBUG com.github.dockerjava.zerodep.shaded.org.apache.hc.client5.http.wire - http-outgoing-2 << "Ostype: linux[\r][\n]"
03:32:47.075 [main] DEBUG com.github.dockerjava.zerodep.shaded.org.apache.hc.client5.http.wire - http-outgoing-2 << "Server: Docker/20.10.12 (linux)[\r][\n]"
03:32:47.075 [main] DEBUG com.github.dockerjava.zerodep.shaded.org.apache.hc.client5.http.wire - http-outgoing-2 << "Date: Thu, 23 Jun 2022 02:32:47 GMT[\r][\n]"
03:32:47.075 [main] DEBUG com.github.dockerjava.zerodep.shaded.org.apache.hc.client5.http.wire - http-outgoing-2 << "Content-Length: 88[\r][\n]"
03:32:47.075 [main] DEBUG com.github.dockerjava.zerodep.shaded.org.apache.hc.client5.http.wire - http-outgoing-2 << "[\r][\n]"
03:32:47.075 [main] DEBUG com.github.dockerjava.zerodep.shaded.org.apache.hc.client5.http.wire - http-outgoing-2 << "{"Id":"9691e31891711283f4d98263d11bc6156717d3e75a0b86a23f3b128a992c1f38","Warnings":[]}[\n]"
03:32:47.076 [main] DEBUG com.github.dockerjava.zerodep.shaded.org.apache.hc.client5.http.headers - http-outgoing-2 << HTTP/1.1 201 Created
03:32:47.076 [main] DEBUG com.github.dockerjava.zerodep.shaded.org.apache.hc.client5.http.headers - http-outgoing-2 << Api-Version: 1.41
03:32:47.076 [main] DEBUG com.github.dockerjava.zerodep.shaded.org.apache.hc.client5.http.headers - http-outgoing-2 << Content-Type: application/json
03:32:47.076 [main] DEBUG com.github.dockerjava.zerodep.shaded.org.apache.hc.client5.http.headers - http-outgoing-2 << Docker-Experimental: false
03:32:47.076 [main] DEBUG com.github.dockerjava.zerodep.shaded.org.apache.hc.client5.http.headers - http-outgoing-2 << Ostype: linux
03:32:47.076 [main] DEBUG com.github.dockerjava.zerodep.shaded.org.apache.hc.client5.http.headers - http-outgoing-2 << Server: Docker/20.10.12 (linux)
03:32:47.076 [main] DEBUG com.github.dockerjava.zerodep.shaded.org.apache.hc.client5.http.headers - http-outgoing-2 << Date: Thu, 23 Jun 2022 02:32:47 GMT
03:32:47.076 [main] DEBUG com.github.dockerjava.zerodep.shaded.org.apache.hc.client5.http.headers - http-outgoing-2 << Content-Length: 88
03:32:47.077 [main] DEBUG com.github.dockerjava.zerodep.shaded.org.apache.hc.client5.http.impl.classic.MainClientExec - ex-0000000C: connection can be kept alive for 3 MINUTES
03:32:47.077 [main] DEBUG com.github.dockerjava.zerodep.shaded.org.apache.hc.client5.http.impl.classic.InternalHttpClient - ep-0000000B: releasing valid endpoint
03:32:47.077 [main] DEBUG com.github.dockerjava.zerodep.shaded.org.apache.hc.client5.http.impl.io.PoolingHttpClientConnectionManager - ep-0000000B: releasing endpoint
03:32:47.077 [main] DEBUG com.github.dockerjava.zerodep.shaded.org.apache.hc.client5.http.impl.io.PoolingHttpClientConnectionManager - ep-0000000B: connection http-outgoing-2 can be kept alive for 3 MINUTES
03:32:47.078 [main] DEBUG com.github.dockerjava.zerodep.shaded.org.apache.hc.client5.http.impl.io.PoolingHttpClientConnectionManager - ep-0000000B: connection released [route: {}->unix://localhost:2375][total available: 1; route allocated: 1 of 2147483647; total allocated: 1 of 2147483647]
03:32:47.086 [main] DEBUG org.testcontainers.utility.MountableFile - Copying classpath resource(s) from jar:file:/home/daniel/.m2/repository/org/testcontainers/mysql/1.17.2/mysql-1.17.2.jar!/mysql-default-conf to /tmp/.testcontainers-tmp-15701483773938413053 to permit Docker to bind
03:32:47.092 [main] DEBUG org.testcontainers.utility.MountableFile - Copying resource mysql-default-conf from JAR file /home/daniel/.m2/repository/org/testcontainers/mysql/1.17.2/mysql-1.17.2.jar
03:32:47.093 [main] DEBUG org.testcontainers.utility.MountableFile - Copying classpath resource(s) from jar:file:/home/daniel/.m2/repository/org/testcontainers/mysql/1.17.2/mysql-1.17.2.jar!/mysql-default-conf to /tmp/.testcontainers-tmp-15701483773938413053 to permit Docker to bind
03:32:47.093 [main] DEBUG org.testcontainers.utility.MountableFile - Copying resource mysql-default-conf from JAR file /home/daniel/.m2/repository/org/testcontainers/mysql/1.17.2/mysql-1.17.2.jar
03:32:47.115 [main] DEBUG org.testcontainers.shaded.com.github.dockerjava.core.command.AbstrDockerCmd - Cmd: org.testcontainers.shaded.com.github.dockerjava.core.command.CopyArchiveToContainerCmdImpl@4e797a39[cp ,<null>, ,9691e31891711283f4d98263d11bc6156717d3e75a0b86a23f3b128a992c1f38,:,/]
03:32:47.118 [main] DEBUG com.github.dockerjava.zerodep.shaded.org.apache.hc.client5.http.impl.classic.InternalHttpClient - ex-0000000D: preparing request execution
03:32:47.119 [main] DEBUG com.github.dockerjava.zerodep.shaded.org.apache.hc.client5.http.protocol.RequestAddCookies - Cookie spec selected: strict
03:32:47.120 [main] DEBUG com.github.dockerjava.zerodep.shaded.org.apache.hc.client5.http.protocol.RequestAuthCache - Auth cache not set in the context
03:32:47.120 [main] DEBUG com.github.dockerjava.zerodep.shaded.org.apache.hc.client5.http.impl.classic.ProtocolExec - ex-0000000D: target auth state: UNCHALLENGED
03:32:47.121 [main] DEBUG com.github.dockerjava.zerodep.shaded.org.apache.hc.client5.http.impl.classic.ProtocolExec - ex-0000000D: proxy auth state: UNCHALLENGED
03:32:47.122 [main] DEBUG com.github.dockerjava.zerodep.shaded.org.apache.hc.client5.http.impl.classic.ConnectExec - ex-0000000D: acquiring connection with route {}->unix://localhost:2375
03:32:47.122 [main] DEBUG com.github.dockerjava.zerodep.shaded.org.apache.hc.client5.http.impl.classic.InternalHttpClient - ex-0000000D: acquiring endpoint (3 MINUTES)
03:32:47.126 [main] DEBUG com.github.dockerjava.zerodep.shaded.org.apache.hc.client5.http.impl.io.PoolingHttpClientConnectionManager - ex-0000000D: endpoint lease request (3 MINUTES) [route: {}->unix://localhost:2375][total available: 1; route allocated: 1 of 2147483647; total allocated: 1 of 2147483647]
03:32:47.128 [main] DEBUG com.github.dockerjava.zerodep.shaded.org.apache.hc.client5.http.impl.io.PoolingHttpClientConnectionManager - ex-0000000D: endpoint leased [route: {}->unix://localhost:2375][total available: 0; route allocated: 1 of 2147483647; total allocated: 1 of 2147483647]
03:32:47.128 [main] DEBUG com.github.dockerjava.zerodep.shaded.org.apache.hc.client5.http.impl.io.PoolingHttpClientConnectionManager - ex-0000000D: acquired ep-0000000C
03:32:47.128 [main] DEBUG com.github.dockerjava.zerodep.shaded.org.apache.hc.client5.http.impl.classic.InternalHttpClient - ex-0000000D: acquired endpoint ep-0000000C
03:32:47.128 [main] DEBUG com.github.dockerjava.zerodep.shaded.org.apache.hc.client5.http.impl.classic.MainClientExec - ex-0000000D: executing PUT /v1.32/containers/9691e31891711283f4d98263d11bc6156717d3e75a0b86a23f3b128a992c1f38/archive?noOverwriteDirNonDir=false&path=%2F HTTP/1.1
03:32:47.129 [main] DEBUG com.github.dockerjava.zerodep.shaded.org.apache.hc.client5.http.impl.classic.InternalHttpClient - ep-0000000C: start execution ex-0000000D
03:32:47.129 [main] DEBUG com.github.dockerjava.zerodep.shaded.org.apache.hc.client5.http.impl.io.PoolingHttpClientConnectionManager - ep-0000000C: executing exchange ex-0000000D over http-outgoing-2
03:32:47.129 [main] DEBUG com.github.dockerjava.zerodep.shaded.org.apache.hc.client5.http.headers - http-outgoing-2 >> PUT /v1.32/containers/9691e31891711283f4d98263d11bc6156717d3e75a0b86a23f3b128a992c1f38/archive?noOverwriteDirNonDir=false&path=%2F HTTP/1.1
03:32:47.129 [main] DEBUG com.github.dockerjava.zerodep.shaded.org.apache.hc.client5.http.headers - http-outgoing-2 >> content-type: APPLICATION_X_TAR
03:32:47.129 [main] DEBUG com.github.dockerjava.zerodep.shaded.org.apache.hc.client5.http.headers - http-outgoing-2 >> Accept-Encoding: gzip, x-gzip, deflate
03:32:47.129 [main] DEBUG com.github.dockerjava.zerodep.shaded.org.apache.hc.client5.http.headers - http-outgoing-2 >> Transfer-Encoding: chunked
03:32:47.130 [main] DEBUG com.github.dockerjava.zerodep.shaded.org.apache.hc.client5.http.headers - http-outgoing-2 >> Host: localhost:2375
03:32:47.130 [main] DEBUG com.github.dockerjava.zerodep.shaded.org.apache.hc.client5.http.headers - http-outgoing-2 >> Connection: keep-alive
03:32:47.130 [main] DEBUG com.github.dockerjava.zerodep.shaded.org.apache.hc.client5.http.headers - http-outgoing-2 >> User-Agent: Apache-HttpClient/5.0.3 (Java/11.0.15)
03:32:47.130 [main] DEBUG com.github.dockerjava.zerodep.shaded.org.apache.hc.client5.http.wire - http-outgoing-2 >> "PUT /v1.32/containers/9691e31891711283f4d98263d11bc6156717d3e75a0b86a23f3b128a992c1f38/archive?noOverwriteDirNonDir=false&path=%2F HTTP/1.1[\r][\n]"
03:32:47.140 [main] DEBUG com.github.dockerjava.zerodep.shaded.org.apache.hc.client5.http.wire - http-outgoing-2 >> "content-type: APPLICATION_X_TAR[\r][\n]"
03:32:47.140 [main] DEBUG com.github.dockerjava.zerodep.shaded.org.apache.hc.client5.http.wire - http-outgoing-2 >> "Accept-Encoding: gzip, x-gzip, deflate[\r][\n]"
03:32:47.141 [main] DEBUG com.github.dockerjava.zerodep.shaded.org.apache.hc.client5.http.wire - http-outgoing-2 >> "Transfer-Encoding: chunked[\r][\n]"
03:32:47.141 [main] DEBUG com.github.dockerjava.zerodep.shaded.org.apache.hc.client5.http.wire - http-outgoing-2 >> "Host: localhost:2375[\r][\n]"
03:32:47.141 [main] DEBUG com.github.dockerjava.zerodep.shaded.org.apache.hc.client5.http.wire - http-outgoing-2 >> "Connection: keep-alive[\r][\n]"
03:32:47.141 [main] DEBUG com.github.dockerjava.zerodep.shaded.org.apache.hc.client5.http.wire - http-outgoing-2 >> "User-Agent: Apache-HttpClient/5.0.3 (Java/11.0.15)[\r][\n]"
03:32:47.141 [main] DEBUG com.github.dockerjava.zerodep.shaded.org.apache.hc.client5.http.wire - http-outgoing-2 >> "[\r][\n]"
03:32:47.141 [main] DEBUG com.github.dockerjava.zerodep.shaded.org.apache.hc.client5.http.wire - http-outgoing-2 >> "1000[\r][\n]"
03:32:47.142 [main] DEBUG com.github.dockerjava.zerodep.shaded.org.apache.hc.client5.http.wire - http-outgoing-2 >> "etc/mysql/conf.d/[0x0][0x0][0x0][0x0][0x0][0x0][0x0][0x0][0x0][0x0][0x0][0x0][0x0][0x0][0x0][0x0][0x0][0x0][0x0][0x0][0x0][0x0][0x0][0x0][0x0][0x0][0x0][0x0][0x0][0x0][0x0][0x0][0x0][0x0][0x0][0x0][0x0][0x0][0x0][0x0][0x0][0x0][0x0][0x0][0x0][0x0][0x0][0x0][0x0][0x0][0x0][0x0][0x0][0x0][0x0][0x0][0x0][0x0][0x0][0x0][0x0][0x0][0x0][0x0][0x0][0x0][0x0][0x0][0x0][0x0][0x0][0x0][0x0][0x0][0x0][0x0][0x0][0x0][0x0][0x0][0x0][0x0][0x0]0040775 0000000 0000000 00000000000 14254750317 012711[0x0] 5[0x0][0x0][0x0][0x0][0x0][0x0][0x0][0x0][0x0][0x0][0x0][0x0][0x0][0x0][0x0][0x0][0x0][0x0][0x0][0x0][0x0][0x0][0x0][0x0][0x0][0x0][0x0][0x0][0x0][0x0][0x0][0x0][0x0][0x0][0x0][0x0][0x0][0x0][0x0][0x0][0x0][0x0][0x0][0x0][0x0][0x0][0x0][0x0][0x0][0x0][0x0][0x0][0x0][0x0][0x0][0x0][0x0][0x0][0x0][0x0][0x0][0x0][0x0][0x0][0x0][0x0][0x0][0x0][0x0][0x0][0x0][0x0][0x0][0x0][0x0][0x0][0x0][0x0][0x0][0x0][0x0][0x0][0x0][0x0][0x0][0x0][0x0][0x0][0x0][0x0][0x0][0x0][0x0][0x0][0x0][0x0][0x0][0x0][0x0][0x0]ustar[0x0]00[0x0][0x0][0x0][0x0][0x0][0x0][0x0][0x0][0x0][0x0][0x0][0x0][0x0][0x0][0x0][0x0][0x0][0x0][0x0][0x0][0x0][0x0][0x0][0x0][0x0][0x0][0x0][0x0][0x0][0x0][0x0][0x0][0x0][0x0][0x0][0x0][0x0][0x0][0x0][0x0][0x0][0x0][0x0][0x0][0x0][0x0][0x0][0x0][0x0][0x0][0x0][0x0][0x0][0x0][0x0][0x0][0x0][0x0][0x0][0x0][0x0][0x0][0x0][0x0]0000000 0000000 [0x0][0x0][0x0][0x0][0x0][0x0][0x0][0x0][0x0][0x0][0x0][0x0][0x0][0x0][0x0][0x0][0x0][0x0][0x0][0x0][0x0][0x0][0x0][0x0][0x0][0x0][0x0][0x0][0x0][0x0][0x0][0x0][0x0][0x0][0x0][0x0][0x0][0x0][0x0][0x0][0x0][0x0][0x0][0x0][0x0][0x0][0x0][0x0][0x0][0x0][0x0][0x0][0x0][0x0][0x0][0x0][0x0][0x0][0x0][0x0][0x0][0x0][0x0][0x0][0x0][0x0][0x0][0x0][0x0][0x0][0x0][0x0][0x0][0x0][0x0][0x0][0x0][0x0][0x0][0x0][0x0][0x0][0x0][0x0][0x0][0x0][0x0][0x0][0x0][0x0][0x0][0x0][0x0][0x0][0x0][0x0][0x0][0x0][0x0][0x0][0x0][0x0][0x0][0x0][0x0][0x0][0x0][0x0][0x0][0x0][0x0][0x0][0x0][0x0][0x0][0x0][0x0][0x0][0x0][0x0][0x0][0x0][0x0][0x0][0x0][0x0][0x0][0x0][0x0][0x0][0x0][0x0][0x0][0x0][0x0][0x0][0x0][0x0][0x0][0x0][0x0][0x0][0x0][0x0][0x0][0x0][0x0][0x0][0x0][0x0][0x0][0x0][0x0][0x0][0x0][0x0][0x0][0x0][0x0][0x0][0x0][0x0][0x0][0x0][0x0][0x0][0x0]etc/mysql/conf.d/my.cnf[0x0][0x0][0x0][0x0][0x0][0x0][0x0][0x0][0x0][0x0][0x0][0x0][0x0][0x0][0x0][0x0][0x0][0x0][0x0][0x0][0x0][0x0][0x0][0x0][0x0][0x0][0x0][0x0][0x0][0x0][0x0][0x0][0x0][0x0][0x0][0x0][0x0][0x0][0x0][0x0][0x0][0x0][0x0][0x0][0x0][0x0][0x0][0x0][0x0][0x0][0x0][0x0][0x0][0x0][0x0][0x0][0x0][0x0][0x0][0x0][0x0][0x0][0x0][0x0][0x0][0x0][0x0][0x0][0x0][0x0][0x0][0x0][0x0][0x0][0x0][0x0][0x0]0100664 0000000 0000000 00000003240 14254750317 014022[0x0] 0[0x0][0x0][0x0][0x0][0x0][0x0][0x0][0x0][0x0][0x0][0x0][0x0][0x0][0x0][0x0][0x0][0x0][0x0][0x0][0x0][0x0][0x0][0x0][0x0][0x0][0x0][0x0][0x0][0x0][0x0][0x0][0x0][0x0][0x0][0x0][0x0][0x0][0x0][0x0][0x0][0x0][0x0][0x0][0x0][0x0][0x0][0x0][0x0][0x0][0x0][0x0][0x0][0x0][0x0][0x0][0x0][0x0][0x0][0x0][0x0][0x0][0x0][0x0][0x0][0x0][0x0][0x0][0x0][0x0][0x0][0x0][0x0][0x0][0x0][0x0][0x0][0x0][0x0][0x0][0x0][0x0][0x0][0x0][0x0][0x0][0x0][0x0][0x0][0x0][0x0][0x0][0x0][0x0][0x0][0x0][0x0][0x0][0x0][0x0][0x0]ustar[0x0]00[0x0][0x0][0x0][0x0][0x0][0x0][0x0][0x0][0x0][0x0][0x0][0x0][0x0][0x0][0x0][0x0][0x0][0x0][0x0][0x0][0x0][0x0][0x0][0x0][0x0][0x0][0x0][0x0][0x0][0x0][0x0][0x0][0x0][0x0][0x0][0x0][0x0][0x0][0x0][0x0][0x0][0x0][0x0][0x0][0x0][0x0][0x0][0x0][0x0][0x0][0x0][0x0][0x0][0x0][0x0][0x0][0x0][0x0][0x0][0x0][0x0][0x0][0x0][0x0]0000000 0000000 [0x0][0x0][0x0][0x0][0x0][0x0][0x0][0x0][0x0][0x0][0x0][0x0][0x0][0x0][0x0][0x0][0x0][0x0][0x0][0x0][0x0][0x0][0x0][0x0][0x0][0x0][0x0][0x0][0x0][0x0][0x0][0x0][0x0][0x0][0x0][0x0][0x0][0x0][0x0][0x0][0x0][0x0][0x0][0x0][0x0][0x0][0x0][0x0][0x0][0x0][0x0][0x0][0x0][0x0][0x0][0x0][0x0][0x0][0x0][0x0][0x0][0x0][0x0][0x0][0x0][0x0][0x0][0x0][0x0][0x0][0x0][0x0][0x0][0x0][0x0][0x0][0x0][0x0][0x0][0x0][0x0][0x0][0x0][0x0][0x0][0x0][0x0][0x0][0x0][0x0][0x0][0x0][0x0][0x0][0x0][0x0][0x0][0x0][0x0][0x0][0x0][0x0][0x0][0x0][0x0][0x0][0x0][0x0][0x0][0x0][0x0][0x0][0x0][0x0][0x0][0x0][0x0][0x0][0x0][0x0][0x0][0x0][0x0][0x0][0x0][0x0][0x0][0x0][0x0][0x0][0x0][0x0][0x0][0x0][0x0][0x0][0x0][0x0][0x0][0x0][0x0][0x0][0x0][0x0][0x0][0x0][0x0][0x0][0x0][0x0][0x0][0x0][0x0][0x0][0x0][0x0][0x0][0x0][0x0][0x0][0x0][0x0][0x0][0x0][0x0][0x0][0x0][mysqld][\n]"
03:32:47.142 [main] DEBUG com.github.dockerjava.zerodep.shaded.org.apache.hc.client5.http.wire - http-outgoing-2 >> "user = mysql[\n]"
03:32:47.142 [main] DEBUG com.github.dockerjava.zerodep.shaded.org.apache.hc.client5.http.wire - http-outgoing-2 >> "datadir = /var/lib/mysql[\n]"
03:32:47.142 [main] DEBUG com.github.dockerjava.zerodep.shaded.org.apache.hc.client5.http.wire - http-outgoing-2 >> "port   [0x9][0x9]= 3306[\n]"
03:32:47.142 [main] DEBUG com.github.dockerjava.zerodep.shaded.org.apache.hc.client5.http.wire - http-outgoing-2 >> "#socket [0x9][0x9]= /tmp/mysql.sock[\n]"
03:32:47.142 [main] DEBUG com.github.dockerjava.zerodep.shaded.org.apache.hc.client5.http.wire - http-outgoing-2 >> "skip-external-locking[\n]"
03:32:47.142 [main] DEBUG com.github.dockerjava.zerodep.shaded.org.apache.hc.client5.http.wire - http-outgoing-2 >> "key_buffer_size = 16K[\n]"
03:32:47.142 [main] DEBUG com.github.dockerjava.zerodep.shaded.org.apache.hc.client5.http.wire - http-outgoing-2 >> "max_allowed_packet = 1M[\n]"
03:32:47.142 [main] DEBUG com.github.dockerjava.zerodep.shaded.org.apache.hc.client5.http.wire - http-outgoing-2 >> "table_open_cache = 4[\n]"
03:32:47.142 [main] DEBUG com.github.dockerjava.zerodep.shaded.org.apache.hc.client5.http.wire - http-outgoing-2 >> "sort_buffer_size = 64K[\n]"
03:32:47.142 [main] DEBUG com.github.dockerjava.zerodep.shaded.org.apache.hc.client5.http.wire - http-outgoing-2 >> "read_buffer_size = 256K[\n]"
03:32:47.142 [main] DEBUG com.github.dockerjava.zerodep.shaded.org.apache.hc.client5.http.wire - http-outgoing-2 >> "read_rnd_buffer_size = 256K[\n]"
03:32:47.143 [main] DEBUG com.github.dockerjava.zerodep.shaded.org.apache.hc.client5.http.wire - http-outgoing-2 >> "net_buffer_length = 2K[\n]"
03:32:47.143 [main] DEBUG com.github.dockerjava.zerodep.shaded.org.apache.hc.client5.http.wire - http-outgoing-2 >> "skip-host-cache[\n]"
03:32:47.143 [main] DEBUG com.github.dockerjava.zerodep.shaded.org.apache.hc.client5.http.wire - http-outgoing-2 >> "skip-name-resolve[\n]"
03:32:47.143 [main] DEBUG com.github.dockerjava.zerodep.shaded.org.apache.hc.client5.http.wire - http-outgoing-2 >> "[\n]"
03:32:47.143 [main] DEBUG com.github.dockerjava.zerodep.shaded.org.apache.hc.client5.http.wire - http-outgoing-2 >> "# Don't listen on a TCP/IP port at all. This can be a security enhancement,[\n]"
03:32:47.143 [main] DEBUG com.github.dockerjava.zerodep.shaded.org.apache.hc.client5.http.wire - http-outgoing-2 >> "# if all processes that need to connect to mysqld run on the same host.[\n]"
03:32:47.143 [main] DEBUG com.github.dockerjava.zerodep.shaded.org.apache.hc.client5.http.wire - http-outgoing-2 >> "# All interaction with mysqld must be made via Unix sockets or named pipes.[\n]"
03:32:47.143 [main] DEBUG com.github.dockerjava.zerodep.shaded.org.apache.hc.client5.http.wire - http-outgoing-2 >> "# Note that using this option without enabling named pipes on Windows[\n]"
03:32:47.143 [main] DEBUG com.github.dockerjava.zerodep.shaded.org.apache.hc.client5.http.wire - http-outgoing-2 >> "# (using the "enable-named-pipe" option) will render mysqld useless![\n]"
03:32:47.143 [main] DEBUG com.github.dockerjava.zerodep.shaded.org.apache.hc.client5.http.wire - http-outgoing-2 >> "#[\n]"
03:32:47.143 [main] DEBUG com.github.dockerjava.zerodep.shaded.org.apache.hc.client5.http.wire - http-outgoing-2 >> "#skip-networking[\n]"
03:32:47.143 [main] DEBUG com.github.dockerjava.zerodep.shaded.org.apache.hc.client5.http.wire - http-outgoing-2 >> "#server-id      [0x9]= 1[\n]"
03:32:47.143 [main] DEBUG com.github.dockerjava.zerodep.shaded.org.apache.hc.client5.http.wire - http-outgoing-2 >> "[\n]"
03:32:47.143 [main] DEBUG com.github.dockerjava.zerodep.shaded.org.apache.hc.client5.http.wire - http-outgoing-2 >> "# Uncomment the following if you want to log updates[\n]"
03:32:47.143 [main] DEBUG com.github.dockerjava.zerodep.shaded.org.apache.hc.client5.http.wire - http-outgoing-2 >> "#log-bin=mysql-bin[\n]"
03:32:47.143 [main] DEBUG com.github.dockerjava.zerodep.shaded.org.apache.hc.client5.http.wire - http-outgoing-2 >> "[\n]"
03:32:47.143 [main] DEBUG com.github.dockerjava.zerodep.shaded.org.apache.hc.client5.http.wire - http-outgoing-2 >> "# binary logging format - mixed recommended[\n]"
03:32:47.143 [main] DEBUG com.github.dockerjava.zerodep.shaded.org.apache.hc.client5.http.wire - http-outgoing-2 >> "#binlog_format=mixed[\n]"
03:32:47.143 [main] DEBUG com.github.dockerjava.zerodep.shaded.org.apache.hc.client5.http.wire - http-outgoing-2 >> "[\n]"
03:32:47.143 [main] DEBUG com.github.dockerjava.zerodep.shaded.org.apache.hc.client5.http.wire - http-outgoing-2 >> "# Causes updates to non-transactional engines using statement format to be[\n]"
03:32:47.143 [main] DEBUG com.github.dockerjava.zerodep.shaded.org.apache.hc.client5.http.wire - http-outgoing-2 >> "# written directly to binary log. Before using this option make sure that[\n]"
03:32:47.143 [main] DEBUG com.github.dockerjava.zerodep.shaded.org.apache.hc.client5.http.wire - http-outgoing-2 >> "# there are no dependencies between transactional and non-transactional[\n]"
03:32:47.144 [main] DEBUG com.github.dockerjava.zerodep.shaded.org.apache.hc.client5.http.wire - http-outgoing-2 >> "# tables such as in the statement INSERT INTO t_myisam SELECT * FROM[\n]"
03:32:47.144 [main] DEBUG com.github.dockerjava.zerodep.shaded.org.apache.hc.client5.http.wire - http-outgoing-2 >> "# t_innodb; otherwise, slaves may diverge from the master.[\n]"
03:32:47.144 [main] DEBUG com.github.dockerjava.zerodep.shaded.org.apache.hc.client5.http.wire - http-outgoing-2 >> "#binlog_direct_non_transactional_updates=TRUE[\n]"
03:32:47.144 [main] DEBUG com.github.dockerjava.zerodep.shaded.org.apache.hc.client5.http.wire - http-outgoing-2 >> "[\n]"
03:32:47.144 [main] DEBUG com.github.dockerjava.zerodep.shaded.org.apache.hc.client5.http.wire - http-outgoing-2 >> "# Uncomment the following if you are using InnoDB tables[\n]"
03:32:47.144 [main] DEBUG com.github.dockerjava.zerodep.shaded.org.apache.hc.client5.http.wire - http-outgoing-2 >> "innodb_data_file_path = ibdata1:10M:autoextend[\n]"
03:32:47.144 [main] DEBUG com.github.dockerjava.zerodep.shaded.org.apache.hc.client5.http.wire - http-outgoing-2 >> "# You can set .._buffer_pool_size up to 50 - 80 %[\n]"
03:32:47.144 [main] DEBUG com.github.dockerjava.zerodep.shaded.org.apache.hc.client5.http.wire - http-outgoing-2 >> "# of RAM but beware of setting memory usage too high[\n]"
03:32:47.144 [main] DEBUG com.github.dockerjava.zerodep.shaded.org.apache.hc.client5.http.wire - http-outgoing-2 >> "innodb_buffer_pool_size = 16M[\n]"
03:32:47.144 [main] DEBUG com.github.dockerjava.zerodep.shaded.org.apache.hc.client5.http.wire - http-outgoing-2 >> "#innodb_additional_mem_pool_size = 2M[\n]"
03:32:47.144 [main] DEBUG com.github.dockerjava.zerodep.shaded.org.apache.hc.client5.http.wire - http-outgoing-2 >> "# Set .._log_file_size to 25 % of buffer pool size[\n]"
03:32:47.144 [main] DEBUG com.github.dockerjava.zerodep.shaded.org.apache.hc.client5.http.wire - http-outgoing-2 >> "innodb_log_file_size = 5M[\n]"
03:32:47.144 [main] DEBUG com.github.dockerjava.zerodep.shaded.org.apache.hc.client5.http.wire - http-outgoing-2 >> "innodb_log_buffer_size = 8M[\n]"
03:32:47.144 [main] DEBUG com.github.dockerjava.zerodep.shaded.org.apache.hc.client5.http.wire - http-outgoing-2 >> "innodb_flush_log_at_trx_commit = 1[\n]"
03:32:47.144 [main] DEBUG com.github.dockerjava.zerodep.shaded.org.apache.hc.client5.http.wire - http-outgoing-2 >> "innodb_lock_wait_timeout = 50[0x0][0x0][0x0][0x0][0x0][0x0][0x0][0x0][0x0][0x0][0x0][0x0][0x0][0x0][0x0][0x0][0x0][0x0][0x0][0x0][0x0][0x0][0x0][0x0][0x0][0x0][0x0][0x0][0x0][0x0][0x0][0x0][0x0][0x0][0x0][0x0][0x0][0x0][0x0][0x0][0x0][0x0][0x0][0x0][0x0][0x0][0x0][0x0][0x0][0x0][0x0][0x0][0x0][0x0][0x0][0x0][0x0][0x0][0x0][0x0][0x0][0x0][0x0][0x0][0x0][0x0][0x0][0x0][0x0][0x0][0x0][0x0][0x0][0x0][0x0][0x0][0x0][0x0][0x0][0x0][0x0][0x0][0x0][0x0][0x0][0x0][0x0][0x0][0x0][0x0][0x0][0x0][0x0][0x0][0x0][0x0][0x0][0x0][0x0][0x0][0x0][0x0][0x0][0x0][0x0][0x0][0x0][0x0][0x0][0x0][0x0][0x0][0x0][0x0][0x0][0x0][0x0][0x0][0x0][0x0][0x0][0x0][0x0][0x0][0x0][0x0][0x0][0x0][0x0][0x0][0x0][0x0][0x0][0x0][0x0][0x0][0x0][0x0][0x0][0x0][0x0][0x0][0x0][0x0][0x0][0x0][0x0][0x0][0x0][0x0][0x0][0x0][0x0][0x0][0x0][0x0][0x0][0x0][0x0][0x0][0x0][0x0][0x0][0x0][0x0][0x0][0x0][0x0][0x0][0x0][0x0][0x0][0x0][0x0][0x0][0x0][0x0][0x0][0x0][0x0][0x0][0x0][0x0][0x0][0x0][0x0][0x0][0x0][0x0][0x0][0x0][0x0][0x0][0x0][0x0][0x0][0x0][0x0][0x0][0x0][0x0][0x0][0x0][0x0][0x0][0x0][0x0][0x0][0x0][0x0][0x0][0x0][0x0][0x0][0x0][0x0][0x0][0x0][0x0][0x0][0x0][0x0][0x0][0x0][0x0][0x0][0x0][0x0][0x0][0x0][0x0][0x0][0x0][0x0][0x0][0x0][0x0][0x0][0x0][0x0][0x0][0x0][0x0][0x0][0x0][0x0][0x0][0x0][0x0][0x0][0x0][0x0][0x0][0x0][0x0][0x0][0x0][0x0][0x0][0x0][0x0][0x0][0x0][0x0][0x0][0x0][0x0][0x0][0x0][0x0][0x0][0x0][0x0][0x0][0x0][0x0][0x0][0x0][0x0][0x0][0x0][0x0][0x0][0x0][0x0][0x0][0x0][0x0][0x0][0x0][0x0][0x0][0x0][0x0][0x0][0x0][0x0][0x0][0x0][0x0][0x0][0x0][0x0][0x0][0x0][0x0][0x0][0x0][0x0][0x0][0x0][0x0][0x0][0x0][0x0][0x0][0x0][0x0][0x0][0x0][0x0][0x0][0x0][0x0][0x0][0x0][0x0][0x0][0x0][0x0][0x0][0x0][0x0][0x0][0x0][0x0][0x0][0x0][0x0][0x0][0x0][0x0][0x0][0x0][0x0][0x0][0x0][0x0][0x0][0x0][0x0][0x0][0x0][0x0][0x0][0x0][0x0][0x0][0x0][0x0][0x0][0x0][0x0][0x0][0x0][0x0][0x0][0x0][0x0][0x0][0x0][0x0][0x0][0x0][0x0][0x0][0x0][0x0][0x0][0x0][0x0][0x0][0x0][0x0][0x0][0x0][0x0][0x0][0x0][0x0][0x0][0x0][0x0][0x0][0x0][0x0][0x0][0x0][0x0][0x0][0x0][0x0][0x0][0x0][0x0][0x0][0x0][0x0][0x0][0x0][0x0][0x0][0x0][0x0][0x0][0x0][0x0][0x0][0x0][0x0][0x0][0x0][0x0][0x0][0x0][0x0][0x0][0x0][0x0][0x0][0x0][0x0][0x0][0x0][0x0][0x0][0x0][0x0][0x0][0x0][0x0][0x0][0x0][0x0][0x0][0x0][0x0][0x0][0x0][0x0][0x0][0x0][0x0][0x0][0x0][0x0][0x0][0x0][0x0][0x0][0x0][0x0][0x0][0x0][0x0][0x0][0x0][0x0][0x0][0x0][0x0][0x0][0x0][0x0][0x0][0x0][0x0][0x0][0x0][0x0][0x0][0x0][0x0][0x0][0x0][0x0][0x0][0x0][0x0][0x0][0x0][0x0][0x0][0x0][0x0][0x0][0x0][0x0][0x0][0x0][0x0][0x0][0x0][0x0][0x0][0x0][0x0][0x0][0x0][0x0][0x0][0x0][0x0][0x0][0x0][0x0][0x0][0x0][0x0][0x0][0x0][0x0][0x0][0x0][0x0][0x0][0x0][0x0][0x0][0x0][0x0][0x0][0x0][0x0][0x0][0x0][0x0][0x0][0x0][0x0][0x0][0x0][0x0][0x0][0x0][0x0][0x0][0x0][0x0][0x0][0x0][0x0][0x0][0x0][0x0][0x0][0x0][0x0][0x0][0x0][0x0][0x0][0x0][0x0][0x0][0x0][0x0][0x0][0x0][0x0][0x0][0x0][0x0][0x0][0x0][0x0][0x0][0x0][0x0][0x0][0x0][0x0][0x0][0x0][0x0][0x0][0x0][0x0][0x0][0x0][0x0][0x0][0x0][0x0][0x0][0x0][0x0][0x0][0x0][0x0][0x0][0x0][0x0][0x0][0x0][0x0][0x0][0x0][0x0][0x0][0x0][0x0][0x0][0x0][0x0][0x0][0x0][0x0][0x0][0x0][0x0][0x0][0x0][0x0][0x0][0x0][0x0][0x0][0x0][0x0][0x0][0x0][0x0][0x0][0x0][0x0][0x0][0x0][0x0][0x0][0x0][0x0][0x0][0x0][0x0][0x0][0x0][0x0][0x0][0x0][0x0][0x0][0x0][0x0][0x0][0x0][0x0][0x0][0x0][0x0][0x0][0x0][0x0][0x0][0x0][0x0][0x0][0x0][0x0][0x0][0x0][0x0][0x0][0x0][0x0][0x0][0x0][0x0][0x0][0x0][0x0][0x0][0x0][0x0][0x0][0x0][0x0][0x0][0x0][0x0][0x0][0x0][0x0][0x0][0x0][0x0][0x0][0x0][0x0][0x0][0x0][0x0][0x0][0x0][0x0][0x0][0x0][0x0][0x0][0x0][0x0][0x0][0x0][0x0][0x0][0x0][0x0][0x0][0x0][0x0][0x0][0x0][0x0][0x0][0x0][0x0][0x0][0x0][0x0][0x0][0x0][0x0][0x0][0x0][0x0][0x0][0x0][0x0][0x0][0x0][0x0][0x0][0x0][0x0][0x0][0x0][0x0][0x0][0x0][0x0][0x0][0x0][0x0][0x0][0x0][0x0][0x0][0x0][0x0][0x0][0x0][0x0][0x0][0x0][0x0][0x0][0x0][0x0][0x0][0x0][0x0][0x0][0x0][0x0][0x0][0x0][0x0][0x0][0x0][0x0][0x0][0x0][0x0][0x0][0x0][0x0][0x0][0x0][0x0][0x0][0x0][0x0][0x0][0x0][0x0][0x0][0x0][0x0][0x0][0x0][0x0][0x0][0x0][0x0][0x0][0x0][0x0][0x0][0x0][0x0][0x0][0x0][0x0][0x0][0x0][0x0][0x0][0x0][0x0][0x0][0x0][0x0][0x0][0x0][0x0][0x0][0x0][0x0][0x0][0x0][0x0][0x0][0x0][0x0][0x0][0x0][0x0][0x0][0x0][0x0][0x0][0x0][0x0][0x0][0x0][0x0][0x0][0x0][0x0][0x0][0x0][0x0][0x0][0x0][0x0][0x0][0x0][0x0][0x0][0x0][0x0][0x0][0x0][0x0][0x0][0x0][0x0][0x0][0x0][0x0][0x0][0x0][0x0][0x0][0x0][0x0][0x0][0x0][0x0][0x0][0x0][0x0][0x0][0x0][0x0][0x0][0x0][0x0][0x0][0x0][0x0][0x0][0x0][0x0][0x0][0x0][0x0][0x0][0x0][0x0][0x0][0x0][0x0][0x0][0x0][0x0][0x0][0x0][0x0][0x0][0x0][0x0][0x0][0x0][0x0][0x0][0x0][0x0][0x0][0x0][0x0][0x0][0x0][0x0][0x0][0x0][0x0][0x0][0x0][0x0][0x0][0x0][0x0][0x0][0x0][0x0][0x0][0x0][0x0][0x0][0x0][0x0][0x0][0x0][0x0][0x0][0x0][0x0][0x0][0x0][0x0][0x0][0x0][0x0][0x0][0x0][0x0][0x0][0x0][0x0][0x0][0x0][0x0][0x0][0x0][0x0][0x0][0x0][0x0][0x0][0x0][0x0][0x0][0x0][0x0][0x0][0x0][0x0][0x0][0x0][0x0][0x0][0x0][0x0][0x0][0x0][0x0][0x0][0x0][0x0][0x0][0x0][0x0][0x0][0x0][0x0][0x0][0x0][0x0][0x0][0x0][0x0][0x0][0x0][0x0][0x0][0x0][0x0][0x0][0x0][0x0][0x0][0x0][0x0][0x0][0x0][0x0][0x0][0x0][0x0][0x0][0x0][0x0][0x0][0x0][0x0][0x0][0x0][0x0][0x0][0x0][0x0][0x0][0x0][0x0][0x0][0x0][0x0][0x0][0x0][0x0][0x0][0x0][0x0][0x0][0x0][0x0][0x0][0x0][0x0][0x0][0x0][0x0][0x0][0x0][0x0][0x0][0x0][0x0][0x0][0x0][0x0][0x0][0x0][0x0][0x0][0x0][0x0][0x0][0x0][0x0][0x0][0x0][0x0][0x0][0x0][0x0][0x0][0x0][0x0][0x0][0x0][0x0][0x0][0x0][0x0][0x0][0x0][0x0][0x0][0x0][0x0][0x0][0x0][0x0][0x0][0x0][0x0][0x0][0x0][0x0][0x0][0x0][0x0][0x0][0x0][0x0][0x0][0x0][0x0][0x0][0x0][0x0][0x0][0x0][0x0][0x0][0x0][0x0][0x0][0x0][0x0][0x0][0x0][0x0][0x0][0x0][0x0][0x0][0x0][0x0][0x0][0x0][0x0][0x0][0x0][0x0][0x0][0x0][0x0][0x0][0x0][0x0][0x0][0x0][0x0][0x0][0x0][0x0][0x0][0x0][0x0][0x0][0x0][0x0][0x0][0x0][0x0][0x0][0x0][0x0][0x0][0x0][0x0][0x0][0x0][0x0][0x0][0x0][0x0][0x0][0x0][0x0][0x0][0x0][0x0][0x0][0x0][0x0][0x0][0x0][0x0][0x0][0x0][0x0][0x0][0x0][0x0][0x0][0x0][0x0][0x0][0x0][0x0][0x0][0x0][0x0][0x0][0x0][0x0][0x0][0x0][0x0][0x0][0x0][0x0][0x0][0x0][0x0][0x0][0x0][0x0][0x0][0x0][0x0][0x0][0x0][0x0][0x0][0x0][0x0][0x0][0x0][0x0][0x0][0x0][0x0][0x0][0x0][0x0][0x0][0x0][0x0][0x0][0x0][0x0][0x0][0x0][0x0][0x0][0x0][0x0][0x0][0x0][0x0][0x0][0x0][0x0][0x0][0x0][0x0][0x0][0x0][0x0][0x0][0x0][0x0][0x0][0x0][0x0][0x0][0x0][0x0][0x0][0x0][0x0][0x0][0x0][0x0][0x0][0x0][0x0][0x0][0x0][0x0][0x0][0x0][0x0][0x0][0x0][0x0][0x0][0x0][0x0][0x0][0x0][0x0][0x0][0x0][0x0][0x0][0x0][0x0][0x0][0x0][0x0][0x0][0x0][0x0][0x0][0x0][0x0][0x0][0x0][0x0][0x0][0x0][0x0][0x0][0x0][0x0][0x0][0x0][0x0][0x0][0x0][0x0][0x0][0x0][0x0][0x0][0x0][0x0][0x0][0x0][0x0][0x0][0x0][0x0][0x0][0x0][0x0][0x0][0x0][0x0][0x0][0x0][0x0][0x0][0x0][0x0][0x0][0x0][0x0][0x0][0x0][0x0][0x0][0x0][0x0][0x0][0x0][0x0][0x0][0x0][0x0][0x0][0x0][0x0][0x0][0x0][0x0][0x0][0x0][0x0][0x0][0x0][0x0][0x0][0x0][0x0][0x0][0x0][0x0][0x0][0x0][\r][\n]"
03:32:47.145 [main] DEBUG com.github.dockerjava.zerodep.shaded.org.apache.hc.client5.http.wire - http-outgoing-2 >> "0[\r][\n]"
03:32:47.145 [main] DEBUG com.github.dockerjava.zerodep.shaded.org.apache.hc.client5.http.wire - http-outgoing-2 >> "[\r][\n]"
03:32:47.291 [main] DEBUG com.github.dockerjava.zerodep.shaded.org.apache.hc.client5.http.wire - http-outgoing-2 << "HTTP/1.1 200 OK[\r][\n]"
03:32:47.291 [main] DEBUG com.github.dockerjava.zerodep.shaded.org.apache.hc.client5.http.wire - http-outgoing-2 << "Api-Version: 1.41[\r][\n]"
03:32:47.291 [main] DEBUG com.github.dockerjava.zerodep.shaded.org.apache.hc.client5.http.wire - http-outgoing-2 << "Docker-Experimental: false[\r][\n]"
03:32:47.291 [main] DEBUG com.github.dockerjava.zerodep.shaded.org.apache.hc.client5.http.wire - http-outgoing-2 << "Ostype: linux[\r][\n]"
03:32:47.291 [main] DEBUG com.github.dockerjava.zerodep.shaded.org.apache.hc.client5.http.wire - http-outgoing-2 << "Server: Docker/20.10.12 (linux)[\r][\n]"
03:32:47.291 [main] DEBUG com.github.dockerjava.zerodep.shaded.org.apache.hc.client5.http.wire - http-outgoing-2 << "Date: Thu, 23 Jun 2022 02:32:47 GMT[\r][\n]"
03:32:47.291 [main] DEBUG com.github.dockerjava.zerodep.shaded.org.apache.hc.client5.http.wire - http-outgoing-2 << "Content-Length: 0[\r][\n]"
03:32:47.291 [main] DEBUG com.github.dockerjava.zerodep.shaded.org.apache.hc.client5.http.wire - http-outgoing-2 << "[\r][\n]"
03:32:47.291 [main] DEBUG com.github.dockerjava.zerodep.shaded.org.apache.hc.client5.http.headers - http-outgoing-2 << HTTP/1.1 200 OK
03:32:47.291 [main] DEBUG com.github.dockerjava.zerodep.shaded.org.apache.hc.client5.http.headers - http-outgoing-2 << Api-Version: 1.41
03:32:47.291 [main] DEBUG com.github.dockerjava.zerodep.shaded.org.apache.hc.client5.http.headers - http-outgoing-2 << Docker-Experimental: false
03:32:47.291 [main] DEBUG com.github.dockerjava.zerodep.shaded.org.apache.hc.client5.http.headers - http-outgoing-2 << Ostype: linux
03:32:47.291 [main] DEBUG com.github.dockerjava.zerodep.shaded.org.apache.hc.client5.http.headers - http-outgoing-2 << Server: Docker/20.10.12 (linux)
03:32:47.291 [main] DEBUG com.github.dockerjava.zerodep.shaded.org.apache.hc.client5.http.headers - http-outgoing-2 << Date: Thu, 23 Jun 2022 02:32:47 GMT
03:32:47.291 [main] DEBUG com.github.dockerjava.zerodep.shaded.org.apache.hc.client5.http.headers - http-outgoing-2 << Content-Length: 0
03:32:47.292 [main] DEBUG com.github.dockerjava.zerodep.shaded.org.apache.hc.client5.http.impl.classic.MainClientExec - ex-0000000D: connection can be kept alive for 3 MINUTES
03:32:47.292 [main] DEBUG com.github.dockerjava.zerodep.shaded.org.apache.hc.client5.http.impl.classic.InternalHttpClient - ep-0000000C: releasing valid endpoint
03:32:47.292 [main] DEBUG com.github.dockerjava.zerodep.shaded.org.apache.hc.client5.http.impl.io.PoolingHttpClientConnectionManager - ep-0000000C: releasing endpoint
03:32:47.292 [main] DEBUG com.github.dockerjava.zerodep.shaded.org.apache.hc.client5.http.impl.io.PoolingHttpClientConnectionManager - ep-0000000C: connection http-outgoing-2 can be kept alive for 3 MINUTES
03:32:47.292 [main] DEBUG com.github.dockerjava.zerodep.shaded.org.apache.hc.client5.http.impl.io.PoolingHttpClientConnectionManager - ep-0000000C: connection released [route: {}->unix://localhost:2375][total available: 1; route allocated: 1 of 2147483647; total allocated: 1 of 2147483647]
03:32:47.292 [main] DEBUG com.github.dockerjava.zerodep.shaded.org.apache.hc.client5.http.impl.classic.ProtocolExec - ex-0000000D: Cannot retry non-repeatable request
03:32:47.292 [main] DEBUG com.github.dockerjava.zerodep.shaded.org.apache.hc.client5.http.impl.classic.HttpRequestRetryExec - ex-0000000D: cannot retry non-repeatable request
03:32:47.293 [main] INFO 🐳 [mysql:8.0] - Starting container with ID: 9691e31891711283f4d98263d11bc6156717d3e75a0b86a23f3b128a992c1f38
03:32:47.293 [main] DEBUG org.testcontainers.shaded.com.github.dockerjava.core.command.AbstrDockerCmd - Cmd: 9691e31891711283f4d98263d11bc6156717d3e75a0b86a23f3b128a992c1f38
03:32:47.293 [main] DEBUG com.github.dockerjava.zerodep.shaded.org.apache.hc.client5.http.impl.classic.InternalHttpClient - ex-0000000E: preparing request execution
03:32:47.294 [main] DEBUG com.github.dockerjava.zerodep.shaded.org.apache.hc.client5.http.protocol.RequestAddCookies - Cookie spec selected: strict
03:32:47.294 [main] DEBUG com.github.dockerjava.zerodep.shaded.org.apache.hc.client5.http.protocol.RequestAuthCache - Auth cache not set in the context
03:32:47.294 [main] DEBUG com.github.dockerjava.zerodep.shaded.org.apache.hc.client5.http.impl.classic.ProtocolExec - ex-0000000E: target auth state: UNCHALLENGED
03:32:47.294 [main] DEBUG com.github.dockerjava.zerodep.shaded.org.apache.hc.client5.http.impl.classic.ProtocolExec - ex-0000000E: proxy auth state: UNCHALLENGED
03:32:47.294 [main] DEBUG com.github.dockerjava.zerodep.shaded.org.apache.hc.client5.http.impl.classic.ConnectExec - ex-0000000E: acquiring connection with route {}->unix://localhost:2375
03:32:47.294 [main] DEBUG com.github.dockerjava.zerodep.shaded.org.apache.hc.client5.http.impl.classic.InternalHttpClient - ex-0000000E: acquiring endpoint (3 MINUTES)
03:32:47.294 [main] DEBUG com.github.dockerjava.zerodep.shaded.org.apache.hc.client5.http.impl.io.PoolingHttpClientConnectionManager - ex-0000000E: endpoint lease request (3 MINUTES) [route: {}->unix://localhost:2375][total available: 1; route allocated: 1 of 2147483647; total allocated: 1 of 2147483647]
03:32:47.294 [main] DEBUG com.github.dockerjava.zerodep.shaded.org.apache.hc.client5.http.impl.io.PoolingHttpClientConnectionManager - ex-0000000E: endpoint leased [route: {}->unix://localhost:2375][total available: 0; route allocated: 1 of 2147483647; total allocated: 1 of 2147483647]
03:32:47.294 [main] DEBUG com.github.dockerjava.zerodep.shaded.org.apache.hc.client5.http.impl.io.PoolingHttpClientConnectionManager - ex-0000000E: acquired ep-0000000D
03:32:47.294 [main] DEBUG com.github.dockerjava.zerodep.shaded.org.apache.hc.client5.http.impl.classic.InternalHttpClient - ex-0000000E: acquired endpoint ep-0000000D
03:32:47.294 [main] DEBUG com.github.dockerjava.zerodep.shaded.org.apache.hc.client5.http.impl.classic.MainClientExec - ex-0000000E: executing POST /v1.32/containers/9691e31891711283f4d98263d11bc6156717d3e75a0b86a23f3b128a992c1f38/start HTTP/1.1
03:32:47.294 [main] DEBUG com.github.dockerjava.zerodep.shaded.org.apache.hc.client5.http.impl.classic.InternalHttpClient - ep-0000000D: start execution ex-0000000E
03:32:47.294 [main] DEBUG com.github.dockerjava.zerodep.shaded.org.apache.hc.client5.http.impl.io.PoolingHttpClientConnectionManager - ep-0000000D: executing exchange ex-0000000E over http-outgoing-2
03:32:47.294 [main] DEBUG com.github.dockerjava.zerodep.shaded.org.apache.hc.client5.http.headers - http-outgoing-2 >> POST /v1.32/containers/9691e31891711283f4d98263d11bc6156717d3e75a0b86a23f3b128a992c1f38/start HTTP/1.1
03:32:47.294 [main] DEBUG com.github.dockerjava.zerodep.shaded.org.apache.hc.client5.http.headers - http-outgoing-2 >> accept: application/json
03:32:47.294 [main] DEBUG com.github.dockerjava.zerodep.shaded.org.apache.hc.client5.http.headers - http-outgoing-2 >> content-type: application/json
03:32:47.294 [main] DEBUG com.github.dockerjava.zerodep.shaded.org.apache.hc.client5.http.headers - http-outgoing-2 >> Accept-Encoding: gzip, x-gzip, deflate
03:32:47.295 [main] DEBUG com.github.dockerjava.zerodep.shaded.org.apache.hc.client5.http.headers - http-outgoing-2 >> Host: localhost:2375
03:32:47.295 [main] DEBUG com.github.dockerjava.zerodep.shaded.org.apache.hc.client5.http.headers - http-outgoing-2 >> Connection: keep-alive
03:32:47.295 [main] DEBUG com.github.dockerjava.zerodep.shaded.org.apache.hc.client5.http.headers - http-outgoing-2 >> User-Agent: Apache-HttpClient/5.0.3 (Java/11.0.15)
03:32:47.295 [main] DEBUG com.github.dockerjava.zerodep.shaded.org.apache.hc.client5.http.wire - http-outgoing-2 >> "POST /v1.32/containers/9691e31891711283f4d98263d11bc6156717d3e75a0b86a23f3b128a992c1f38/start HTTP/1.1[\r][\n]"
03:32:47.295 [main] DEBUG com.github.dockerjava.zerodep.shaded.org.apache.hc.client5.http.wire - http-outgoing-2 >> "accept: application/json[\r][\n]"
03:32:47.295 [main] DEBUG com.github.dockerjava.zerodep.shaded.org.apache.hc.client5.http.wire - http-outgoing-2 >> "content-type: application/json[\r][\n]"
03:32:47.295 [main] DEBUG com.github.dockerjava.zerodep.shaded.org.apache.hc.client5.http.wire - http-outgoing-2 >> "Accept-Encoding: gzip, x-gzip, deflate[\r][\n]"
03:32:47.295 [main] DEBUG com.github.dockerjava.zerodep.shaded.org.apache.hc.client5.http.wire - http-outgoing-2 >> "Host: localhost:2375[\r][\n]"
03:32:47.295 [main] DEBUG com.github.dockerjava.zerodep.shaded.org.apache.hc.client5.http.wire - http-outgoing-2 >> "Connection: keep-alive[\r][\n]"
03:32:47.295 [main] DEBUG com.github.dockerjava.zerodep.shaded.org.apache.hc.client5.http.wire - http-outgoing-2 >> "User-Agent: Apache-HttpClient/5.0.3 (Java/11.0.15)[\r][\n]"
03:32:47.295 [main] DEBUG com.github.dockerjava.zerodep.shaded.org.apache.hc.client5.http.wire - http-outgoing-2 >> "[\r][\n]"
03:32:47.712 [main] DEBUG com.github.dockerjava.zerodep.shaded.org.apache.hc.client5.http.wire - http-outgoing-2 << "HTTP/1.1 204 No Content[\r][\n]"
03:32:47.712 [main] DEBUG com.github.dockerjava.zerodep.shaded.org.apache.hc.client5.http.wire - http-outgoing-2 << "Api-Version: 1.41[\r][\n]"
03:32:47.712 [main] DEBUG com.github.dockerjava.zerodep.shaded.org.apache.hc.client5.http.wire - http-outgoing-2 << "Docker-Experimental: false[\r][\n]"
03:32:47.712 [main] DEBUG com.github.dockerjava.zerodep.shaded.org.apache.hc.client5.http.wire - http-outgoing-2 << "Ostype: linux[\r][\n]"
03:32:47.712 [main] DEBUG com.github.dockerjava.zerodep.shaded.org.apache.hc.client5.http.wire - http-outgoing-2 << "Server: Docker/20.10.12 (linux)[\r][\n]"
03:32:47.712 [main] DEBUG com.github.dockerjava.zerodep.shaded.org.apache.hc.client5.http.wire - http-outgoing-2 << "Date: Thu, 23 Jun 2022 02:32:47 GMT[\r][\n]"
03:32:47.712 [main] DEBUG com.github.dockerjava.zerodep.shaded.org.apache.hc.client5.http.wire - http-outgoing-2 << "[\r][\n]"
03:32:47.713 [main] DEBUG com.github.dockerjava.zerodep.shaded.org.apache.hc.client5.http.headers - http-outgoing-2 << HTTP/1.1 204 No Content
03:32:47.713 [main] DEBUG com.github.dockerjava.zerodep.shaded.org.apache.hc.client5.http.headers - http-outgoing-2 << Api-Version: 1.41
03:32:47.713 [main] DEBUG com.github.dockerjava.zerodep.shaded.org.apache.hc.client5.http.headers - http-outgoing-2 << Docker-Experimental: false
03:32:47.713 [main] DEBUG com.github.dockerjava.zerodep.shaded.org.apache.hc.client5.http.headers - http-outgoing-2 << Ostype: linux
03:32:47.713 [main] DEBUG com.github.dockerjava.zerodep.shaded.org.apache.hc.client5.http.headers - http-outgoing-2 << Server: Docker/20.10.12 (linux)
03:32:47.713 [main] DEBUG com.github.dockerjava.zerodep.shaded.org.apache.hc.client5.http.headers - http-outgoing-2 << Date: Thu, 23 Jun 2022 02:32:47 GMT
03:32:47.714 [main] DEBUG com.github.dockerjava.zerodep.shaded.org.apache.hc.client5.http.impl.classic.MainClientExec - ex-0000000E: connection can be kept alive for 3 MINUTES
03:32:47.714 [main] DEBUG com.github.dockerjava.zerodep.shaded.org.apache.hc.client5.http.impl.classic.InternalHttpClient - ep-0000000D: releasing valid endpoint
03:32:47.714 [main] DEBUG com.github.dockerjava.zerodep.shaded.org.apache.hc.client5.http.impl.io.PoolingHttpClientConnectionManager - ep-0000000D: releasing endpoint
03:32:47.715 [main] DEBUG com.github.dockerjava.zerodep.shaded.org.apache.hc.client5.http.impl.io.PoolingHttpClientConnectionManager - ep-0000000D: connection http-outgoing-2 can be kept alive for 3 MINUTES
03:32:47.715 [main] DEBUG com.github.dockerjava.zerodep.shaded.org.apache.hc.client5.http.impl.io.PoolingHttpClientConnectionManager - ep-0000000D: connection released [route: {}->unix://localhost:2375][total available: 1; route allocated: 1 of 2147483647; total allocated: 1 of 2147483647]
03:32:47.715 [main] INFO 🐳 [mysql:8.0] - Container mysql:8.0 is starting: 9691e31891711283f4d98263d11bc6156717d3e75a0b86a23f3b128a992c1f38
03:32:47.718 [main] DEBUG org.testcontainers.shaded.com.github.dockerjava.core.command.AbstrDockerCmd - Cmd: 9691e31891711283f4d98263d11bc6156717d3e75a0b86a23f3b128a992c1f38,false
03:32:47.719 [main] DEBUG org.testcontainers.shaded.com.github.dockerjava.core.exec.InspectContainerCmdExec - GET: DefaultWebTarget{path=[/containers/9691e31891711283f4d98263d11bc6156717d3e75a0b86a23f3b128a992c1f38/json], queryParams={}}
03:32:47.720 [main] DEBUG com.github.dockerjava.zerodep.shaded.org.apache.hc.client5.http.impl.classic.InternalHttpClient - ex-0000000F: preparing request execution
03:32:47.720 [main] DEBUG com.github.dockerjava.zerodep.shaded.org.apache.hc.client5.http.protocol.RequestAddCookies - Cookie spec selected: strict
03:32:47.720 [main] DEBUG com.github.dockerjava.zerodep.shaded.org.apache.hc.client5.http.protocol.RequestAuthCache - Auth cache not set in the context
03:32:47.720 [main] DEBUG com.github.dockerjava.zerodep.shaded.org.apache.hc.client5.http.impl.classic.ProtocolExec - ex-0000000F: target auth state: UNCHALLENGED
03:32:47.720 [main] DEBUG com.github.dockerjava.zerodep.shaded.org.apache.hc.client5.http.impl.classic.ProtocolExec - ex-0000000F: proxy auth state: UNCHALLENGED
03:32:47.721 [main] DEBUG com.github.dockerjava.zerodep.shaded.org.apache.hc.client5.http.impl.classic.ConnectExec - ex-0000000F: acquiring connection with route {}->unix://localhost:2375
03:32:47.721 [main] DEBUG com.github.dockerjava.zerodep.shaded.org.apache.hc.client5.http.impl.classic.InternalHttpClient - ex-0000000F: acquiring endpoint (3 MINUTES)
03:32:47.721 [main] DEBUG com.github.dockerjava.zerodep.shaded.org.apache.hc.client5.http.impl.io.PoolingHttpClientConnectionManager - ex-0000000F: endpoint lease request (3 MINUTES) [route: {}->unix://localhost:2375][total available: 1; route allocated: 1 of 2147483647; total allocated: 1 of 2147483647]
03:32:47.725 [main] DEBUG com.github.dockerjava.zerodep.shaded.org.apache.hc.client5.http.impl.io.PoolingHttpClientConnectionManager - ex-0000000F: endpoint leased [route: {}->unix://localhost:2375][total available: 0; route allocated: 1 of 2147483647; total allocated: 1 of 2147483647]
03:32:47.726 [main] DEBUG com.github.dockerjava.zerodep.shaded.org.apache.hc.client5.http.impl.io.PoolingHttpClientConnectionManager - ex-0000000F: acquired ep-0000000E
03:32:47.726 [main] DEBUG com.github.dockerjava.zerodep.shaded.org.apache.hc.client5.http.impl.classic.InternalHttpClient - ex-0000000F: acquired endpoint ep-0000000E
03:32:47.726 [main] DEBUG com.github.dockerjava.zerodep.shaded.org.apache.hc.client5.http.impl.classic.MainClientExec - ex-0000000F: executing GET /v1.32/containers/9691e31891711283f4d98263d11bc6156717d3e75a0b86a23f3b128a992c1f38/json HTTP/1.1
03:32:47.726 [main] DEBUG com.github.dockerjava.zerodep.shaded.org.apache.hc.client5.http.impl.classic.InternalHttpClient - ep-0000000E: start execution ex-0000000F
03:32:47.726 [main] DEBUG com.github.dockerjava.zerodep.shaded.org.apache.hc.client5.http.impl.io.PoolingHttpClientConnectionManager - ep-0000000E: executing exchange ex-0000000F over http-outgoing-2
03:32:47.727 [main] DEBUG com.github.dockerjava.zerodep.shaded.org.apache.hc.client5.http.headers - http-outgoing-2 >> GET /v1.32/containers/9691e31891711283f4d98263d11bc6156717d3e75a0b86a23f3b128a992c1f38/json HTTP/1.1
03:32:47.727 [main] DEBUG com.github.dockerjava.zerodep.shaded.org.apache.hc.client5.http.headers - http-outgoing-2 >> accept: application/json
03:32:47.727 [main] DEBUG com.github.dockerjava.zerodep.shaded.org.apache.hc.client5.http.headers - http-outgoing-2 >> Accept-Encoding: gzip, x-gzip, deflate
03:32:47.727 [main] DEBUG com.github.dockerjava.zerodep.shaded.org.apache.hc.client5.http.headers - http-outgoing-2 >> Host: localhost:2375
03:32:47.727 [main] DEBUG com.github.dockerjava.zerodep.shaded.org.apache.hc.client5.http.headers - http-outgoing-2 >> Connection: keep-alive
03:32:47.727 [main] DEBUG com.github.dockerjava.zerodep.shaded.org.apache.hc.client5.http.headers - http-outgoing-2 >> User-Agent: Apache-HttpClient/5.0.3 (Java/11.0.15)
03:32:47.727 [main] DEBUG com.github.dockerjava.zerodep.shaded.org.apache.hc.client5.http.wire - http-outgoing-2 >> "GET /v1.32/containers/9691e31891711283f4d98263d11bc6156717d3e75a0b86a23f3b128a992c1f38/json HTTP/1.1[\r][\n]"
03:32:47.727 [main] DEBUG com.github.dockerjava.zerodep.shaded.org.apache.hc.client5.http.wire - http-outgoing-2 >> "accept: application/json[\r][\n]"
03:32:47.727 [main] DEBUG com.github.dockerjava.zerodep.shaded.org.apache.hc.client5.http.wire - http-outgoing-2 >> "Accept-Encoding: gzip, x-gzip, deflate[\r][\n]"
03:32:47.727 [main] DEBUG com.github.dockerjava.zerodep.shaded.org.apache.hc.client5.http.wire - http-outgoing-2 >> "Host: localhost:2375[\r][\n]"
03:32:47.727 [main] DEBUG com.github.dockerjava.zerodep.shaded.org.apache.hc.client5.http.wire - http-outgoing-2 >> "Connection: keep-alive[\r][\n]"
03:32:47.727 [main] DEBUG com.github.dockerjava.zerodep.shaded.org.apache.hc.client5.http.wire - http-outgoing-2 >> "User-Agent: Apache-HttpClient/5.0.3 (Java/11.0.15)[\r][\n]"
03:32:47.727 [main] DEBUG com.github.dockerjava.zerodep.shaded.org.apache.hc.client5.http.wire - http-outgoing-2 >> "[\r][\n]"
03:32:47.728 [main] DEBUG com.github.dockerjava.zerodep.shaded.org.apache.hc.client5.http.wire - http-outgoing-2 << "HTTP/1.1 200 OK[\r][\n]"
03:32:47.729 [main] DEBUG com.github.dockerjava.zerodep.shaded.org.apache.hc.client5.http.wire - http-outgoing-2 << "Api-Version: 1.41[\r][\n]"
03:32:47.729 [main] DEBUG com.github.dockerjava.zerodep.shaded.org.apache.hc.client5.http.wire - http-outgoing-2 << "Content-Type: application/json[\r][\n]"
03:32:47.729 [main] DEBUG com.github.dockerjava.zerodep.shaded.org.apache.hc.client5.http.wire - http-outgoing-2 << "Docker-Experimental: false[\r][\n]"
03:32:47.729 [main] DEBUG com.github.dockerjava.zerodep.shaded.org.apache.hc.client5.http.wire - http-outgoing-2 << "Ostype: linux[\r][\n]"
03:32:47.729 [main] DEBUG com.github.dockerjava.zerodep.shaded.org.apache.hc.client5.http.wire - http-outgoing-2 << "Server: Docker/20.10.12 (linux)[\r][\n]"
03:32:47.729 [main] DEBUG com.github.dockerjava.zerodep.shaded.org.apache.hc.client5.http.wire - http-outgoing-2 << "Date: Thu, 23 Jun 2022 02:32:47 GMT[\r][\n]"
03:32:47.729 [main] DEBUG com.github.dockerjava.zerodep.shaded.org.apache.hc.client5.http.wire - http-outgoing-2 << "Transfer-Encoding: chunked[\r][\n]"
03:32:47.729 [main] DEBUG com.github.dockerjava.zerodep.shaded.org.apache.hc.client5.http.wire - http-outgoing-2 << "[\r][\n]"
03:32:47.729 [main] DEBUG com.github.dockerjava.zerodep.shaded.org.apache.hc.client5.http.wire - http-outgoing-2 << "18ed[\r][\n]"
03:32:47.730 [main] DEBUG com.github.dockerjava.zerodep.shaded.org.apache.hc.client5.http.wire - http-outgoing-2 << "{"Id":"9691e31891711283f4d98263d11bc6156717d3e75a0b86a23f3b128a992c1f38","Created":"2022-06-23T02:32:47.03956921Z","Path":"docker-entrypoint.sh","Args":["mysqld"],"State":{"Status":"running","Running":true,"Paused":false,"Restarting":false,"OOMKilled":false,"Dead":false,"Pid":66188,"ExitCode":0,"Error":"","StartedAt":"2022-06-23T02:32:47.703880551Z","FinishedAt":"0001-01-01T00:00:00Z"},"Image":"sha256:65b636d5542b73254ce90cc4b895597dc1adc2c661ca553c38eda159979dded1","ResolvConfPath":"/var/lib/docker/containers/9691e31891711283f4d98263d11bc6156717d3e75a0b86a23f3b128a992c1f38/resolv.conf","HostnamePath":"/var/lib/docker/containers/9691e31891711283f4d98263d11bc6156717d3e75a0b86a23f3b128a992c1f38/hostname","HostsPath":"/var/lib/docker/containers/9691e31891711283f4d98263d11bc6156717d3e75a0b86a23f3b128a992c1f38/hosts","LogPath":"/var/lib/docker/containers/9691e31891711283f4d98263d11bc6156717d3e75a0b86a23f3b128a992c1f38/9691e31891711283f4d98263d11bc6156717d3e75a0b86a23f3b128a992c1f38-json.log","Name":"/xenodochial_satoshi","RestartCount":0,"Driver":"overlay2","Platform":"linux","MountLabel":"","ProcessLabel":"","AppArmorProfile":"docker-default","ExecIDs":null,"HostConfig":{"Binds":[],"ContainerIDFile":"","LogConfig":{"Type":"json-file","Config":{}},"NetworkMode":"default","PortBindings":{"3306/tcp":[{"HostIp":"","HostPort":""}]},"RestartPolicy":{"Name":"","MaximumRetryCount":0},"AutoRemove":false,"VolumeDriver":"","VolumesFrom":[],"CapAdd":null,"CapDrop":null,"CgroupnsMode":"host","Dns":null,"DnsOptions":null,"DnsSearch":null,"ExtraHosts":[],"GroupAdd":null,"IpcMode":"shareable","Cgroup":"","Links":null,"OomScoreAdj":0,"PidMode":"","Privileged":false,"PublishAllPorts":false,"ReadonlyRootfs":false,"SecurityOpt":null,"UTSMode":"","UsernsMode":"","ShmSize":67108864,"Runtime":"runc","ConsoleSize":[0,0],"Isolation":"","CpuShares":0,"Memory":0,"NanoCpus":0,"CgroupParent":"","BlkioWeight":0,"BlkioWeightDevice":null,"BlkioDeviceReadBps":null,"BlkioDeviceWriteBps":null,"BlkioDeviceReadIOps":null,"BlkioDeviceWriteIOps":null,"CpuPeriod":0,"CpuQuota":0,"CpuRealtimePeriod":0,"CpuRealtimeRuntime":0,"CpusetCpus":"","CpusetMems":"","Devices":null,"DeviceCgroupRules":null,"DeviceRequests":null,"KernelMemory":0,"KernelMemoryTCP":0,"MemoryReservation":0,"MemorySwap":0,"MemorySwappiness":null,"OomKillDisable":false,"PidsLimit":null,"Ulimits":null,"CpuCount":0,"CpuPercent":0,"IOMaximumIOps":0,"IOMaximumBandwidth":0,"MaskedPaths":["/proc/asound","/proc/acpi","/proc/kcore","/proc/keys","/proc/latency_stats","/proc/timer_list","/proc/timer_stats","/proc/sched_debug","/proc/scsi","/sys/firmware"],"ReadonlyPaths":["/proc/bus","/proc/fs","/proc/irq","/proc/sys","/proc/sysrq-trigger"]},"GraphDriver":{"Data":{"LowerDir":"/var/lib/docker/overlay2/5529564f52cf969e31e7a1482c27be7ffed19639b506ae2e15b7e7115f699a73-init/diff:/var/lib/docker/overlay2/833a665819b5d9728d3efa7c33135034345a24f83af53b1a1af33d9b64f5492a/diff:/var/lib/docker/overlay2/bd4a2a46c227c2f15475b08c398f37acaab93f4fdba31de015d730efae0a0cfc/diff:/var/lib/docker/overlay2/31ad437d7cba8e64428a2b62db1bbb2a2ec19ca4e439ec493ef4deb50dce2783/diff:/var/lib/docker/overlay2/35173cbd8ec5b88a8888e9abbe75f8694f5d3f96a9b781bb70dc1f0889685741/diff:/var/lib/docker/overlay2/24bf69ac4e8c81062fee44e7c9f746fffbb139c3f7f4b55b4fd1b23bb101b529/diff:/var/lib/docker/overlay2/2f27c96a7775dad186b6f0da325d5a251c80aa1b7f80cf8520f493c5154aee70/diff:/var/lib/docker/overlay2/463a60088c72ddbea82639ded15801e35a79c443f6a26bf1baf320c683cb06af/diff:/var/lib/docker/overlay2/80b8224b23a2ee4b5be635c58ae579fd1913aa95558cd66ab2f5e8430f00a5b8/diff:/var/lib/docker/overlay2/20451fa0b1a07b85d665bc3a0359d721ce4e4c28fa3bce7456ab25e0babae708/diff:/var/lib/docker/overlay2/f80d865cbc6c1c6f57d0963fa6234e7a6409e079eb17f4f13ca41d02731701ad/diff:/var/lib/docker/overlay2/5a3029e0b57c6ec9b985871ff6adf08356aaa0f2a15f1e34c1a7f116ecc4a61d/dif"
03:32:47.731 [main] DEBUG com.github.dockerjava.zerodep.shaded.org.apache.hc.client5.http.headers - http-outgoing-2 << HTTP/1.1 200 OK
03:32:47.731 [main] DEBUG com.github.dockerjava.zerodep.shaded.org.apache.hc.client5.http.headers - http-outgoing-2 << Api-Version: 1.41
03:32:47.731 [main] DEBUG com.github.dockerjava.zerodep.shaded.org.apache.hc.client5.http.headers - http-outgoing-2 << Content-Type: application/json
03:32:47.731 [main] DEBUG com.github.dockerjava.zerodep.shaded.org.apache.hc.client5.http.headers - http-outgoing-2 << Docker-Experimental: false
03:32:47.731 [main] DEBUG com.github.dockerjava.zerodep.shaded.org.apache.hc.client5.http.headers - http-outgoing-2 << Ostype: linux
03:32:47.732 [main] DEBUG com.github.dockerjava.zerodep.shaded.org.apache.hc.client5.http.headers - http-outgoing-2 << Server: Docker/20.10.12 (linux)
03:32:47.732 [main] DEBUG com.github.dockerjava.zerodep.shaded.org.apache.hc.client5.http.headers - http-outgoing-2 << Date: Thu, 23 Jun 2022 02:32:47 GMT
03:32:47.732 [main] DEBUG com.github.dockerjava.zerodep.shaded.org.apache.hc.client5.http.headers - http-outgoing-2 << Transfer-Encoding: chunked
03:32:47.732 [main] DEBUG com.github.dockerjava.zerodep.shaded.org.apache.hc.client5.http.impl.classic.MainClientExec - ex-0000000F: connection can be kept alive for 3 MINUTES
03:32:47.737 [main] DEBUG com.github.dockerjava.zerodep.shaded.org.apache.hc.client5.http.wire - http-outgoing-2 << "f:/var/lib/docker/overlay2/4f3423103248d0b381a1bc6a7287e2b42313ff458cea602a02b7379014b03e0e/diff","MergedDir":"/var/lib/docker/overlay2/5529564f52cf969e31e7a1482c27be7ffed19639b506ae2e15b7e7115f699a73/merged","UpperDir":"/var/lib/docker/overlay2/5529564f52cf969e31e7a1482c27be7ffed19639b506ae2e15b7e7115f699a73/diff","WorkDir":"/var/lib/docker/overlay2/5529564f52cf969e31e7a1482c27be7ffed19639b506ae2e15b7e7115f699a73/work"},"Name":"overlay2"},"Mounts":[{"Type":"volume","Name":"fd1f613c7fe3ca3ae799982507ac3f565cc9f6a2dc99ceaed92389e2c43f47d1","Source":"/var/lib/docker/volumes/fd1f613c7fe3ca3ae799982507ac3f565cc9f6a2dc99ceaed92389e2c43f47d1/_data","Destination":"/var/lib/mysql","Driver":"local","Mode":"","RW":true,"Propagation":""}],"Config":{"Hostname":"9691e3189171","Domainname":"","User":"","AttachStdin":false,"AttachStdout":false,"AttachStderr":false,"ExposedPorts":{"3306/tcp":{},"33060/tcp":{}},"Tty":false,"OpenStdin":false,"StdinOnce":false,"Env":["MYSQL_DATABASE=test","MYSQL_PASSWORD=admin","MYSQL_USER=admin","MYSQL_ROOT_PASSWORD=admin","PATH=/usr/local/sbin:/usr/local/bin:/usr/sbin:/usr/bin:/sbin:/bin","GOSU_VERSION=1.14","MYSQL_MAJOR=8.0","MYSQL_VERSION=8.0.29-1debian10"],"Cmd":["mysqld"],"Image":"mysql:8.0","Volumes":{"/var/lib/mysql":{}},"WorkingDir":"","Entrypoint":["docker-entrypoint.sh"],"OnBuild":null,"Labels":{"org.testcontainers":"true","org.testcontainers.sessionId":"d48265e4-2b28-4f8c-aa67-76dd8289af84"}},"NetworkSettings":{"Bridge":"","SandboxID":"d9de8570fe3f0a4e9f3a1ff7101c963bbd2c6a0a9d8a867b96f17f4d5edca537","HairpinMode":false,"LinkLocalIPv6Address":"","LinkLocalIPv6PrefixLen":0,"Ports":{"3306/tcp":[{"HostIp":"0.0.0.0","HostPort":"49160"},{"HostIp":"::","HostPort":"49160"}],"33060/tcp":null},"SandboxKey":"/var/run/docker/netns/d9de8570fe3f","SecondaryIPAddresses":null,"SecondaryIPv6Addresses":null,"EndpointID":"93e8fe159f683a98670e8995677c2b130dbce857fc116679206e206bda319cbf","Gateway":"172.17.0.1","GlobalIPv6Address":"","GlobalIPv6PrefixLen":0,"IPAddress":"172.17.0.3","IPPrefixLen":16,"IPv6Gateway":"","MacAddress":"02:42:ac:11:00:03","Networks":{"bridge":{"IPAMConfig":null,"Links":null,"Aliases":null,"NetworkID":"1853cd2b9856825cc97ed9ef2b12efa82d95bf9cf60ad666c276eb35cc53539e","EndpointID":"93e8fe159f683a98670e8995677c2b130dbce857fc116679206e206bda319cbf","Gateway":"172.17.0.1","IPAddress":"172.17.0.3","IPPrefixLen":16,"IPv6Gateway":"","GlobalIPv6Address":"","GlobalIPv6PrefixLen":0,"MacAddress":"02:42:ac:11:00:03","DriverOpts":null}}}}[\n]"
03:32:47.768 [main] DEBUG com.github.dockerjava.zerodep.shaded.org.apache.hc.client5.http.wire - http-outgoing-2 << "[\r][\n]"
03:32:47.769 [main] DEBUG com.github.dockerjava.zerodep.shaded.org.apache.hc.client5.http.wire - http-outgoing-2 << "0[\r][\n]"
03:32:47.769 [main] DEBUG com.github.dockerjava.zerodep.shaded.org.apache.hc.client5.http.wire - http-outgoing-2 << "[\r][\n]"
03:32:47.769 [main] DEBUG com.github.dockerjava.zerodep.shaded.org.apache.hc.client5.http.impl.classic.InternalHttpClient - ep-0000000E: releasing valid endpoint
03:32:47.769 [main] DEBUG com.github.dockerjava.zerodep.shaded.org.apache.hc.client5.http.impl.io.PoolingHttpClientConnectionManager - ep-0000000E: releasing endpoint
03:32:47.769 [main] DEBUG com.github.dockerjava.zerodep.shaded.org.apache.hc.client5.http.impl.io.PoolingHttpClientConnectionManager - ep-0000000E: connection http-outgoing-2 can be kept alive for 3 MINUTES
03:32:47.770 [main] DEBUG com.github.dockerjava.zerodep.shaded.org.apache.hc.client5.http.impl.io.PoolingHttpClientConnectionManager - ep-0000000E: connection released [route: {}->unix://localhost:2375][total available: 1; route allocated: 1 of 2147483647; total allocated: 1 of 2147483647]
03:32:47.776 [ducttape-0] DEBUG org.testcontainers.shaded.com.github.dockerjava.core.command.AbstrDockerCmd - Cmd: 9691e31891711283f4d98263d11bc6156717d3e75a0b86a23f3b128a992c1f38,false
03:32:47.777 [ducttape-0] DEBUG org.testcontainers.shaded.com.github.dockerjava.core.exec.InspectContainerCmdExec - GET: DefaultWebTarget{path=[/containers/9691e31891711283f4d98263d11bc6156717d3e75a0b86a23f3b128a992c1f38/json], queryParams={}}
03:32:47.778 [ducttape-0] DEBUG com.github.dockerjava.zerodep.shaded.org.apache.hc.client5.http.impl.classic.InternalHttpClient - ex-00000010: preparing request execution
03:32:47.778 [ducttape-0] DEBUG com.github.dockerjava.zerodep.shaded.org.apache.hc.client5.http.protocol.RequestAddCookies - Cookie spec selected: strict
03:32:47.778 [ducttape-0] DEBUG com.github.dockerjava.zerodep.shaded.org.apache.hc.client5.http.protocol.RequestAuthCache - Auth cache not set in the context
03:32:47.778 [ducttape-0] DEBUG com.github.dockerjava.zerodep.shaded.org.apache.hc.client5.http.impl.classic.ProtocolExec - ex-00000010: target auth state: UNCHALLENGED
03:32:47.778 [ducttape-0] DEBUG com.github.dockerjava.zerodep.shaded.org.apache.hc.client5.http.impl.classic.ProtocolExec - ex-00000010: proxy auth state: UNCHALLENGED
03:32:47.778 [ducttape-0] DEBUG com.github.dockerjava.zerodep.shaded.org.apache.hc.client5.http.impl.classic.ConnectExec - ex-00000010: acquiring connection with route {}->unix://localhost:2375
03:32:47.778 [ducttape-0] DEBUG com.github.dockerjava.zerodep.shaded.org.apache.hc.client5.http.impl.classic.InternalHttpClient - ex-00000010: acquiring endpoint (3 MINUTES)
03:32:47.779 [ducttape-0] DEBUG com.github.dockerjava.zerodep.shaded.org.apache.hc.client5.http.impl.io.PoolingHttpClientConnectionManager - ex-00000010: endpoint lease request (3 MINUTES) [route: {}->unix://localhost:2375][total available: 1; route allocated: 1 of 2147483647; total allocated: 1 of 2147483647]
03:32:47.780 [ducttape-0] DEBUG com.github.dockerjava.zerodep.shaded.org.apache.hc.client5.http.impl.io.PoolingHttpClientConnectionManager - ex-00000010: endpoint leased [route: {}->unix://localhost:2375][total available: 0; route allocated: 1 of 2147483647; total allocated: 1 of 2147483647]
03:32:47.781 [ducttape-0] DEBUG com.github.dockerjava.zerodep.shaded.org.apache.hc.client5.http.impl.io.PoolingHttpClientConnectionManager - ex-00000010: acquired ep-0000000F
03:32:47.782 [ducttape-0] DEBUG com.github.dockerjava.zerodep.shaded.org.apache.hc.client5.http.impl.classic.InternalHttpClient - ex-00000010: acquired endpoint ep-0000000F
03:32:47.782 [ducttape-0] DEBUG com.github.dockerjava.zerodep.shaded.org.apache.hc.client5.http.impl.classic.MainClientExec - ex-00000010: executing GET /v1.32/containers/9691e31891711283f4d98263d11bc6156717d3e75a0b86a23f3b128a992c1f38/json HTTP/1.1
03:32:47.782 [ducttape-0] DEBUG com.github.dockerjava.zerodep.shaded.org.apache.hc.client5.http.impl.classic.InternalHttpClient - ep-0000000F: start execution ex-00000010
03:32:47.782 [ducttape-0] DEBUG com.github.dockerjava.zerodep.shaded.org.apache.hc.client5.http.impl.io.PoolingHttpClientConnectionManager - ep-0000000F: executing exchange ex-00000010 over http-outgoing-2
03:32:47.783 [ducttape-0] DEBUG com.github.dockerjava.zerodep.shaded.org.apache.hc.client5.http.headers - http-outgoing-2 >> GET /v1.32/containers/9691e31891711283f4d98263d11bc6156717d3e75a0b86a23f3b128a992c1f38/json HTTP/1.1
03:32:47.783 [ducttape-0] DEBUG com.github.dockerjava.zerodep.shaded.org.apache.hc.client5.http.headers - http-outgoing-2 >> accept: application/json
03:32:47.783 [ducttape-0] DEBUG com.github.dockerjava.zerodep.shaded.org.apache.hc.client5.http.headers - http-outgoing-2 >> Accept-Encoding: gzip, x-gzip, deflate
03:32:47.783 [ducttape-0] DEBUG com.github.dockerjava.zerodep.shaded.org.apache.hc.client5.http.headers - http-outgoing-2 >> Host: localhost:2375
03:32:47.783 [ducttape-0] DEBUG com.github.dockerjava.zerodep.shaded.org.apache.hc.client5.http.headers - http-outgoing-2 >> Connection: keep-alive
03:32:47.783 [ducttape-0] DEBUG com.github.dockerjava.zerodep.shaded.org.apache.hc.client5.http.headers - http-outgoing-2 >> User-Agent: Apache-HttpClient/5.0.3 (Java/11.0.15)
03:32:47.783 [ducttape-0] DEBUG com.github.dockerjava.zerodep.shaded.org.apache.hc.client5.http.wire - http-outgoing-2 >> "GET /v1.32/containers/9691e31891711283f4d98263d11bc6156717d3e75a0b86a23f3b128a992c1f38/json HTTP/1.1[\r][\n]"
03:32:47.783 [ducttape-0] DEBUG com.github.dockerjava.zerodep.shaded.org.apache.hc.client5.http.wire - http-outgoing-2 >> "accept: application/json[\r][\n]"
03:32:47.783 [ducttape-0] DEBUG com.github.dockerjava.zerodep.shaded.org.apache.hc.client5.http.wire - http-outgoing-2 >> "Accept-Encoding: gzip, x-gzip, deflate[\r][\n]"
03:32:47.783 [ducttape-0] DEBUG com.github.dockerjava.zerodep.shaded.org.apache.hc.client5.http.wire - http-outgoing-2 >> "Host: localhost:2375[\r][\n]"
03:32:47.783 [ducttape-0] DEBUG com.github.dockerjava.zerodep.shaded.org.apache.hc.client5.http.wire - http-outgoing-2 >> "Connection: keep-alive[\r][\n]"
03:32:47.783 [ducttape-0] DEBUG com.github.dockerjava.zerodep.shaded.org.apache.hc.client5.http.wire - http-outgoing-2 >> "User-Agent: Apache-HttpClient/5.0.3 (Java/11.0.15)[\r][\n]"
03:32:47.783 [ducttape-0] DEBUG com.github.dockerjava.zerodep.shaded.org.apache.hc.client5.http.wire - http-outgoing-2 >> "[\r][\n]"
03:32:47.785 [ducttape-0] DEBUG com.github.dockerjava.zerodep.shaded.org.apache.hc.client5.http.wire - http-outgoing-2 << "HTTP/1.1 200 OK[\r][\n]"
03:32:47.786 [ducttape-0] DEBUG com.github.dockerjava.zerodep.shaded.org.apache.hc.client5.http.wire - http-outgoing-2 << "Api-Version: 1.41[\r][\n]"
03:32:47.786 [ducttape-0] DEBUG com.github.dockerjava.zerodep.shaded.org.apache.hc.client5.http.wire - http-outgoing-2 << "Content-Type: application/json[\r][\n]"
03:32:47.792 [ducttape-0] DEBUG com.github.dockerjava.zerodep.shaded.org.apache.hc.client5.http.wire - http-outgoing-2 << "Docker-Experimental: false[\r][\n]"
03:32:47.794 [ducttape-0] DEBUG com.github.dockerjava.zerodep.shaded.org.apache.hc.client5.http.wire - http-outgoing-2 << "Ostype: linux[\r][\n]"
03:32:47.794 [ducttape-0] DEBUG com.github.dockerjava.zerodep.shaded.org.apache.hc.client5.http.wire - http-outgoing-2 << "Server: Docker/20.10.12 (linux)[\r][\n]"
03:32:47.795 [ducttape-0] DEBUG com.github.dockerjava.zerodep.shaded.org.apache.hc.client5.http.wire - http-outgoing-2 << "Date: Thu, 23 Jun 2022 02:32:47 GMT[\r][\n]"
03:32:47.795 [ducttape-0] DEBUG com.github.dockerjava.zerodep.shaded.org.apache.hc.client5.http.wire - http-outgoing-2 << "Transfer-Encoding: chunked[\r][\n]"
03:32:47.795 [ducttape-0] DEBUG com.github.dockerjava.zerodep.shaded.org.apache.hc.client5.http.wire - http-outgoing-2 << "[\r][\n]"
03:32:47.796 [ducttape-0] DEBUG com.github.dockerjava.zerodep.shaded.org.apache.hc.client5.http.wire - http-outgoing-2 << "18ed[\r][\n]"
03:32:47.799 [ducttape-0] DEBUG com.github.dockerjava.zerodep.shaded.org.apache.hc.client5.http.wire - http-outgoing-2 << "{"Id":"9691e31891711283f4d98263d11bc6156717d3e75a0b86a23f3b128a992c1f38","Created":"2022-06-23T02:32:47.03956921Z","Path":"docker-entrypoint.sh","Args":["mysqld"],"State":{"Status":"running","Running":true,"Paused":false,"Restarting":false,"OOMKilled":false,"Dead":false,"Pid":66188,"ExitCode":0,"Error":"","StartedAt":"2022-06-23T02:32:47.703880551Z","FinishedAt":"0001-01-01T00:00:00Z"},"Image":"sha256:65b636d5542b73254ce90cc4b895597dc1adc2c661ca553c38eda159979dded1","ResolvConfPath":"/var/lib/docker/containers/9691e31891711283f4d98263d11bc6156717d3e75a0b86a23f3b128a992c1f38/resolv.conf","HostnamePath":"/var/lib/docker/containers/9691e31891711283f4d98263d11bc6156717d3e75a0b86a23f3b128a992c1f38/hostname","HostsPath":"/var/lib/docker/containers/9691e31891711283f4d98263d11bc6156717d3e75a0b86a23f3b128a992c1f38/hosts","LogPath":"/var/lib/docker/containers/9691e31891711283f4d98263d11bc6156717d3e75a0b86a23f3b128a992c1f38/9691e31891711283f4d98263d11bc6156717d3e75a0b86a23f3b128a992c1f38-json.log","Name":"/xenodochial_satoshi","RestartCount":0,"Driver":"overlay2","Platform":"linux","MountLabel":"","ProcessLabel":"","AppArmorProfile":"docker-default","ExecIDs":null,"HostConfig":{"Binds":[],"ContainerIDFile":"","LogConfig":{"Type":"json-file","Config":{}},"NetworkMode":"default","PortBindings":{"3306/tcp":[{"HostIp":"","HostPort":""}]},"RestartPolicy":{"Name":"","MaximumRetryCount":0},"AutoRemove":false,"VolumeDriver":"","VolumesFrom":[],"CapAdd":null,"CapDrop":null,"CgroupnsMode":"host","Dns":null,"DnsOptions":null,"DnsSearch":null,"ExtraHosts":[],"GroupAdd":null,"IpcMode":"shareable","Cgroup":"","Links":null,"OomScoreAdj":0,"PidMode":"","Privileged":false,"PublishAllPorts":false,"ReadonlyRootfs":false,"SecurityOpt":null,"UTSMode":"","UsernsMode":"","ShmSize":67108864,"Runtime":"runc","ConsoleSize":[0,0],"Isolation":"","CpuShares":0,"Memory":0,"NanoCpus":0,"CgroupParent":"","BlkioWeight":0,"BlkioWeightDevice":null,"BlkioDeviceReadBps":null,"BlkioDeviceWriteBps":null,"BlkioDeviceReadIOps":null,"BlkioDeviceWriteIOps":null,"CpuPeriod":0,"CpuQuota":0,"CpuRealtimePeriod":0,"CpuRealtimeRuntime":0,"CpusetCpus":"","CpusetMems":"","Devices":null,"DeviceCgroupRules":null,"DeviceRequests":null,"KernelMemory":0,"KernelMemoryTCP":0,"MemoryReservation":0,"MemorySwap":0,"MemorySwappiness":null,"OomKillDisable":false,"PidsLimit":null,"Ulimits":null,"CpuCount":0,"CpuPercent":0,"IOMaximumIOps":0,"IOMaximumBandwidth":0,"MaskedPaths":["/proc/asound","/proc/acpi","/proc/kcore","/proc/keys","/proc/latency_stats","/proc/timer_list","/proc/timer_stats","/proc/sched_debug","/proc/scsi","/sys/firmware"],"ReadonlyPaths":["/proc/bus","/proc/fs","/proc/irq","/proc/sys","/proc/sysrq-trigger"]},"GraphDriver":{"Data":{"LowerDir":"/var/lib/docker/overlay2/5529564f52cf969e31e7a1482c27be7ffed19639b506ae2e15b7e7115f699a73-init/diff:/var/lib/docker/overlay2/833a665819b5d9728d3efa7c33135034345a24f83af53b1a1af33d9b64f5492a/diff:/var/lib/docker/overlay2/bd4a2a46c227c2f15475b08c398f37acaab93f4fdba31de015d730efae0a0cfc/diff:/var/lib/docker/overlay2/31ad437d7cba8e64428a2b62db1bbb2a2ec19ca4e439ec493ef4deb50dce2783/diff:/var/lib/docker/overlay2/35173cbd8ec5b88a8888e9abbe75f8694f5d3f96a9b781bb70dc1f0889685741/diff:/var/lib/docker/overlay2/24bf69ac4e8c81062fee44e7c9f746fffbb139c3f7f4b55b4fd1b23bb101b529/diff:/var/lib/docker/overlay2/2f27c96a7775dad186b6f0da325d5a251c80aa1b7f80cf8520f493c5154aee70/diff:/var/lib/docker/overlay2/463a60088c72ddbea82639ded15801e35a79c443f6a26bf1baf320c683cb06af/diff:/var/lib/docker/overlay2/80b8224b23a2ee4b5be635c58ae579fd1913aa95558cd66ab2f5e8430f00a5b8/diff:/var/lib/docker/overlay2/20451fa0b1a07b85d665bc3a0359d721ce4e4c28fa3bce7456ab25e0babae708/diff:/var/lib/docker/overlay2/f80d865cbc6c1c6f57d0963fa6234e7a6409e079eb17f4f13ca41d02731701ad/diff:/var/lib/docker/overlay2/5a3029e0b57c6ec9b985871ff6adf08356aaa0f2a15f1e34c1a7f116ecc4a61d/diff:/var/lib/docker/overlay2/4f3423103248d0b381a1bc6a7287e2b42313ff458cea602a02b7379014b03e0e/diff","MergedDir":"/var/lib/docker/overlay2/5529564f52cf969e31e7a1482c27be7ffed19639b506ae2e15b7e7115f699a73/merged","UpperDir":"/var/lib/docker/overlay2/5529564f52cf969e31e7a1482c27be7ffed19639b506ae2e15b7e7115f699a73/diff","WorkDir":"/var/lib/docker/overlay2/5529564f52cf969e31e7a1482c27be7ffed19639b506ae2e15b7e7115f699a73/work"},"Name":"overlay2"},"Mounts":[{"Type":"volume","Name":"fd1f613c7fe3ca3ae799982507ac3f565cc9f6a2dc99ceaed92389e2c43f47d1","Source":"/var/lib/docker/volumes/fd1f613c7fe3ca3ae799982507ac3f565cc9f6a2dc99ceaed92389e2c43f47d1/_data","Destination":"/var/lib/mysql","Driver":"local","Mode":"","RW":true,"Propagation":""}],"Config":{"Hostname":"9691e3189171","Domainname":"","User":"","AttachStdin":false,"AttachStdout":false,"AttachStderr":false,"ExposedPorts":{"3306/tcp":{},"33060/tcp":{}},"Tty":false,"OpenStdin":false,"StdinOnce":false,"Env":["MYSQL_DATABASE=test","MYSQL_PASSWORD=admin","MYSQL_USER=admin","MYSQL_ROOT_PASSWORD=admin","PATH=/usr/local/sbin:/usr/local/bin:/usr/sbin:/usr/bin:/sbin:/bin","GOSU_VERSION=1.14","MYSQL_MAJOR=8.0","MYSQL_VERSION=8.0.29-1debian10"],"Cmd":["mysqld"],"Image":"mysql:8.0","Volumes":{"/var/lib/mysql":{}},"WorkingDir":"","Entrypoint":["docker-entrypoint.sh"],"OnBuild":null,"Labels":{"org.testcontainers":"true","org.testcontainers.sessionId":"d48265e4-2b28-4f8c-aa67-76dd8289af84"}},"NetworkSettings":{"Bridge":"","SandboxID":"d9de8570fe3f0a4e9f3a1ff7101c963bbd2c6a0a9d8a867b96f17f4d5edca537","HairpinMode":false,"LinkLocalIPv6Address":"","LinkLocalIPv6PrefixLen":0,"Ports":{"3306/tcp":[{"HostIp":"0.0.0.0","HostPort":"49160"},{"HostIp":"::","HostPort":"49160"}],"33060/tcp":null},"SandboxKey":"/var/run/docker/netns/d9de8570fe3f","SecondaryIPAddresses":null,"SecondaryIPv6Addresses":null,"EndpointID":"93e8fe159f683a98670e8995677c2b130dbce857fc116679206e206bda319cbf","Gateway":"172.17.0.1","GlobalIPv6Address":"","GlobalIPv6PrefixLen":0,"IPAddress":"172.17.0.3","IPPrefixLen":16,"IPv6Gateway":"","MacAddress":"02:42:ac:11:00:03","Networks":{"bridge":{"IPAMConfig":null,"Links":null,"Aliases":null,"NetworkID":"1853cd2b9856825cc97ed9ef2b12efa82d95bf9cf60ad666c276eb35cc53539e","EndpointID":"93e8fe159f683a98670e8995677c2b130dbce857fc116679206e206bda319cbf","Gateway":"172.17.0.1","IPAddress":"172.17.0.3","IPPrefixLen":16,"IPv6Gateway":"","GlobalIPv6Address":"","GlobalIPv6PrefixLen":0,"MacAddress":"02:42:ac:11:00:03","DriverOpts":null}}}}[\n]"
03:32:47.800 [ducttape-0] DEBUG com.github.dockerjava.zerodep.shaded.org.apache.hc.client5.http.wire - http-outgoing-2 << "[\r][\n]"
03:32:47.800 [ducttape-0] DEBUG com.github.dockerjava.zerodep.shaded.org.apache.hc.client5.http.wire - http-outgoing-2 << "0[\r][\n]"
03:32:47.800 [ducttape-0] DEBUG com.github.dockerjava.zerodep.shaded.org.apache.hc.client5.http.wire - http-outgoing-2 << "[\r][\n]"
03:32:47.800 [ducttape-0] DEBUG com.github.dockerjava.zerodep.shaded.org.apache.hc.client5.http.headers - http-outgoing-2 << HTTP/1.1 200 OK
03:32:47.800 [ducttape-0] DEBUG com.github.dockerjava.zerodep.shaded.org.apache.hc.client5.http.headers - http-outgoing-2 << Api-Version: 1.41
03:32:47.800 [ducttape-0] DEBUG com.github.dockerjava.zerodep.shaded.org.apache.hc.client5.http.headers - http-outgoing-2 << Content-Type: application/json
03:32:47.800 [ducttape-0] DEBUG com.github.dockerjava.zerodep.shaded.org.apache.hc.client5.http.headers - http-outgoing-2 << Docker-Experimental: false
03:32:47.800 [ducttape-0] DEBUG com.github.dockerjava.zerodep.shaded.org.apache.hc.client5.http.headers - http-outgoing-2 << Ostype: linux
03:32:47.800 [ducttape-0] DEBUG com.github.dockerjava.zerodep.shaded.org.apache.hc.client5.http.headers - http-outgoing-2 << Server: Docker/20.10.12 (linux)
03:32:47.801 [ducttape-0] DEBUG com.github.dockerjava.zerodep.shaded.org.apache.hc.client5.http.headers - http-outgoing-2 << Date: Thu, 23 Jun 2022 02:32:47 GMT
03:32:47.801 [ducttape-0] DEBUG com.github.dockerjava.zerodep.shaded.org.apache.hc.client5.http.headers - http-outgoing-2 << Transfer-Encoding: chunked
03:32:47.801 [ducttape-0] DEBUG com.github.dockerjava.zerodep.shaded.org.apache.hc.client5.http.impl.classic.MainClientExec - ex-00000010: connection can be kept alive for 3 MINUTES
03:32:47.825 [ducttape-0] DEBUG com.github.dockerjava.zerodep.shaded.org.apache.hc.client5.http.impl.classic.InternalHttpClient - ep-0000000F: releasing valid endpoint
03:32:47.825 [ducttape-0] DEBUG com.github.dockerjava.zerodep.shaded.org.apache.hc.client5.http.impl.io.PoolingHttpClientConnectionManager - ep-0000000F: releasing endpoint
03:32:47.825 [ducttape-0] DEBUG com.github.dockerjava.zerodep.shaded.org.apache.hc.client5.http.impl.io.PoolingHttpClientConnectionManager - ep-0000000F: connection http-outgoing-2 can be kept alive for 3 MINUTES
03:32:47.825 [ducttape-0] DEBUG com.github.dockerjava.zerodep.shaded.org.apache.hc.client5.http.impl.io.PoolingHttpClientConnectionManager - ep-0000000F: connection released [route: {}->unix://localhost:2375][total available: 1; route allocated: 1 of 2147483647; total allocated: 1 of 2147483647]
03:32:47.827 [main] INFO 🐳 [mysql:8.0] - Waiting for database connection to become available at jdbc:mysql://localhost:49160/test using query 'SELECT 1'
03:32:47.827 [main] DEBUG org.testcontainers.shaded.com.github.dockerjava.core.command.AbstrDockerCmd - Cmd: 9691e31891711283f4d98263d11bc6156717d3e75a0b86a23f3b128a992c1f38,false
03:32:47.828 [main] DEBUG org.testcontainers.shaded.com.github.dockerjava.core.exec.InspectContainerCmdExec - GET: DefaultWebTarget{path=[/containers/9691e31891711283f4d98263d11bc6156717d3e75a0b86a23f3b128a992c1f38/json], queryParams={}}
03:32:47.828 [main] DEBUG com.github.dockerjava.zerodep.shaded.org.apache.hc.client5.http.impl.classic.InternalHttpClient - ex-00000011: preparing request execution
03:32:47.828 [main] DEBUG com.github.dockerjava.zerodep.shaded.org.apache.hc.client5.http.protocol.RequestAddCookies - Cookie spec selected: strict
03:32:47.828 [main] DEBUG com.github.dockerjava.zerodep.shaded.org.apache.hc.client5.http.protocol.RequestAuthCache - Auth cache not set in the context
03:32:47.828 [main] DEBUG com.github.dockerjava.zerodep.shaded.org.apache.hc.client5.http.impl.classic.ProtocolExec - ex-00000011: target auth state: UNCHALLENGED
03:32:47.828 [main] DEBUG com.github.dockerjava.zerodep.shaded.org.apache.hc.client5.http.impl.classic.ProtocolExec - ex-00000011: proxy auth state: UNCHALLENGED
03:32:47.828 [main] DEBUG com.github.dockerjava.zerodep.shaded.org.apache.hc.client5.http.impl.classic.ConnectExec - ex-00000011: acquiring connection with route {}->unix://localhost:2375
03:32:47.828 [main] DEBUG com.github.dockerjava.zerodep.shaded.org.apache.hc.client5.http.impl.classic.InternalHttpClient - ex-00000011: acquiring endpoint (3 MINUTES)
03:32:47.828 [main] DEBUG com.github.dockerjava.zerodep.shaded.org.apache.hc.client5.http.impl.io.PoolingHttpClientConnectionManager - ex-00000011: endpoint lease request (3 MINUTES) [route: {}->unix://localhost:2375][total available: 1; route allocated: 1 of 2147483647; total allocated: 1 of 2147483647]
03:32:47.829 [main] DEBUG com.github.dockerjava.zerodep.shaded.org.apache.hc.client5.http.impl.io.PoolingHttpClientConnectionManager - ex-00000011: endpoint leased [route: {}->unix://localhost:2375][total available: 0; route allocated: 1 of 2147483647; total allocated: 1 of 2147483647]
03:32:47.829 [main] DEBUG com.github.dockerjava.zerodep.shaded.org.apache.hc.client5.http.impl.io.PoolingHttpClientConnectionManager - ex-00000011: acquired ep-00000010
03:32:47.829 [main] DEBUG com.github.dockerjava.zerodep.shaded.org.apache.hc.client5.http.impl.classic.InternalHttpClient - ex-00000011: acquired endpoint ep-00000010
03:32:47.829 [main] DEBUG com.github.dockerjava.zerodep.shaded.org.apache.hc.client5.http.impl.classic.MainClientExec - ex-00000011: executing GET /v1.32/containers/9691e31891711283f4d98263d11bc6156717d3e75a0b86a23f3b128a992c1f38/json HTTP/1.1
03:32:47.829 [main] DEBUG com.github.dockerjava.zerodep.shaded.org.apache.hc.client5.http.impl.classic.InternalHttpClient - ep-00000010: start execution ex-00000011
03:32:47.829 [main] DEBUG com.github.dockerjava.zerodep.shaded.org.apache.hc.client5.http.impl.io.PoolingHttpClientConnectionManager - ep-00000010: executing exchange ex-00000011 over http-outgoing-2
03:32:47.829 [main] DEBUG com.github.dockerjava.zerodep.shaded.org.apache.hc.client5.http.headers - http-outgoing-2 >> GET /v1.32/containers/9691e31891711283f4d98263d11bc6156717d3e75a0b86a23f3b128a992c1f38/json HTTP/1.1
03:32:47.829 [main] DEBUG com.github.dockerjava.zerodep.shaded.org.apache.hc.client5.http.headers - http-outgoing-2 >> accept: application/json
03:32:47.829 [main] DEBUG com.github.dockerjava.zerodep.shaded.org.apache.hc.client5.http.headers - http-outgoing-2 >> Accept-Encoding: gzip, x-gzip, deflate
03:32:47.829 [main] DEBUG com.github.dockerjava.zerodep.shaded.org.apache.hc.client5.http.headers - http-outgoing-2 >> Host: localhost:2375
03:32:47.829 [main] DEBUG com.github.dockerjava.zerodep.shaded.org.apache.hc.client5.http.headers - http-outgoing-2 >> Connection: keep-alive
03:32:47.829 [main] DEBUG com.github.dockerjava.zerodep.shaded.org.apache.hc.client5.http.headers - http-outgoing-2 >> User-Agent: Apache-HttpClient/5.0.3 (Java/11.0.15)
03:32:47.829 [main] DEBUG com.github.dockerjava.zerodep.shaded.org.apache.hc.client5.http.wire - http-outgoing-2 >> "GET /v1.32/containers/9691e31891711283f4d98263d11bc6156717d3e75a0b86a23f3b128a992c1f38/json HTTP/1.1[\r][\n]"
03:32:47.829 [main] DEBUG com.github.dockerjava.zerodep.shaded.org.apache.hc.client5.http.wire - http-outgoing-2 >> "accept: application/json[\r][\n]"
03:32:47.829 [main] DEBUG com.github.dockerjava.zerodep.shaded.org.apache.hc.client5.http.wire - http-outgoing-2 >> "Accept-Encoding: gzip, x-gzip, deflate[\r][\n]"
03:32:47.829 [main] DEBUG com.github.dockerjava.zerodep.shaded.org.apache.hc.client5.http.wire - http-outgoing-2 >> "Host: localhost:2375[\r][\n]"
03:32:47.829 [main] DEBUG com.github.dockerjava.zerodep.shaded.org.apache.hc.client5.http.wire - http-outgoing-2 >> "Connection: keep-alive[\r][\n]"
03:32:47.829 [main] DEBUG com.github.dockerjava.zerodep.shaded.org.apache.hc.client5.http.wire - http-outgoing-2 >> "User-Agent: Apache-HttpClient/5.0.3 (Java/11.0.15)[\r][\n]"
03:32:47.829 [main] DEBUG com.github.dockerjava.zerodep.shaded.org.apache.hc.client5.http.wire - http-outgoing-2 >> "[\r][\n]"
03:32:47.832 [main] DEBUG com.github.dockerjava.zerodep.shaded.org.apache.hc.client5.http.wire - http-outgoing-2 << "HTTP/1.1 200 OK[\r][\n]"
03:32:47.832 [main] DEBUG com.github.dockerjava.zerodep.shaded.org.apache.hc.client5.http.wire - http-outgoing-2 << "Api-Version: 1.41[\r][\n]"
03:32:47.832 [main] DEBUG com.github.dockerjava.zerodep.shaded.org.apache.hc.client5.http.wire - http-outgoing-2 << "Content-Type: application/json[\r][\n]"
03:32:47.832 [main] DEBUG com.github.dockerjava.zerodep.shaded.org.apache.hc.client5.http.wire - http-outgoing-2 << "Docker-Experimental: false[\r][\n]"
03:32:47.832 [main] DEBUG com.github.dockerjava.zerodep.shaded.org.apache.hc.client5.http.wire - http-outgoing-2 << "Ostype: linux[\r][\n]"
03:32:47.832 [main] DEBUG com.github.dockerjava.zerodep.shaded.org.apache.hc.client5.http.wire - http-outgoing-2 << "Server: Docker/20.10.12 (linux)[\r][\n]"
03:32:47.832 [main] DEBUG com.github.dockerjava.zerodep.shaded.org.apache.hc.client5.http.wire - http-outgoing-2 << "Date: Thu, 23 Jun 2022 02:32:47 GMT[\r][\n]"
03:32:47.832 [main] DEBUG com.github.dockerjava.zerodep.shaded.org.apache.hc.client5.http.wire - http-outgoing-2 << "Transfer-Encoding: chunked[\r][\n]"
03:32:47.832 [main] DEBUG com.github.dockerjava.zerodep.shaded.org.apache.hc.client5.http.wire - http-outgoing-2 << "[\r][\n]"
03:32:47.832 [main] DEBUG com.github.dockerjava.zerodep.shaded.org.apache.hc.client5.http.wire - http-outgoing-2 << "18ed[\r][\n]"
03:32:47.833 [main] DEBUG com.github.dockerjava.zerodep.shaded.org.apache.hc.client5.http.wire - http-outgoing-2 << "{"Id":"9691e31891711283f4d98263d11bc6156717d3e75a0b86a23f3b128a992c1f38","Created":"2022-06-23T02:32:47.03956921Z","Path":"docker-entrypoint.sh","Args":["mysqld"],"State":{"Status":"running","Running":true,"Paused":false,"Restarting":false,"OOMKilled":false,"Dead":false,"Pid":66188,"ExitCode":0,"Error":"","StartedAt":"2022-06-23T02:32:47.703880551Z","FinishedAt":"0001-01-01T00:00:00Z"},"Image":"sha256:65b636d5542b73254ce90cc4b895597dc1adc2c661ca553c38eda159979dded1","ResolvConfPath":"/var/lib/docker/containers/9691e31891711283f4d98263d11bc6156717d3e75a0b86a23f3b128a992c1f38/resolv.conf","HostnamePath":"/var/lib/docker/containers/9691e31891711283f4d98263d11bc6156717d3e75a0b86a23f3b128a992c1f38/hostname","HostsPath":"/var/lib/docker/containers/9691e31891711283f4d98263d11bc6156717d3e75a0b86a23f3b128a992c1f38/hosts","LogPath":"/var/lib/docker/containers/9691e31891711283f4d98263d11bc6156717d3e75a0b86a23f3b128a992c1f38/9691e31891711283f4d98263d11bc6156717d3e75a0b86a23f3b128a992c1f38-json.log","Name":"/xenodochial_satoshi","RestartCount":0,"Driver":"overlay2","Platform":"linux","MountLabel":"","ProcessLabel":"","AppArmorProfile":"docker-default","ExecIDs":null,"HostConfig":{"Binds":[],"ContainerIDFile":"","LogConfig":{"Type":"json-file","Config":{}},"NetworkMode":"default","PortBindings":{"3306/tcp":[{"HostIp":"","HostPort":""}]},"RestartPolicy":{"Name":"","MaximumRetryCount":0},"AutoRemove":false,"VolumeDriver":"","VolumesFrom":[],"CapAdd":null,"CapDrop":null,"CgroupnsMode":"host","Dns":null,"DnsOptions":null,"DnsSearch":null,"ExtraHosts":[],"GroupAdd":null,"IpcMode":"shareable","Cgroup":"","Links":null,"OomScoreAdj":0,"PidMode":"","Privileged":false,"PublishAllPorts":false,"ReadonlyRootfs":false,"SecurityOpt":null,"UTSMode":"","UsernsMode":"","ShmSize":67108864,"Runtime":"runc","ConsoleSize":[0,0],"Isolation":"","CpuShares":0,"Memory":0,"NanoCpus":0,"CgroupParent":"","BlkioWeight":0,"BlkioWeightDevice":null,"BlkioDeviceReadBps":null,"BlkioDeviceWriteBps":null,"BlkioDeviceReadIOps":null,"BlkioDeviceWriteIOps":null,"CpuPeriod":0,"CpuQuota":0,"CpuRealtimePeriod":0,"CpuRealtimeRuntime":0,"CpusetCpus":"","CpusetMems":"","Devices":null,"DeviceCgroupRules":null,"DeviceRequests":null,"KernelMemory":0,"KernelMemoryTCP":0,"MemoryReservation":0,"MemorySwap":0,"MemorySwappiness":null,"OomKillDisable":false,"PidsLimit":null,"Ulimits":null,"CpuCount":0,"CpuPercent":0,"IOMaximumIOps":0,"IOMaximumBandwidth":0,"MaskedPaths":["/proc/asound","/proc/acpi","/proc/kcore","/proc/keys","/proc/latency_stats","/proc/timer_list","/proc/timer_stats","/proc/sched_debug","/proc/scsi","/sys/firmware"],"ReadonlyPaths":["/proc/bus","/proc/fs","/proc/irq","/proc/sys","/proc/sysrq-trigger"]},"GraphDriver":{"Data":{"LowerDir":"/var/lib/docker/overlay2/5529564f52cf969e31e7a1482c27be7ffed19639b506ae2e15b7e7115f699a73-init/diff:/var/lib/docker/overlay2/833a665819b5d9728d3efa7c33135034345a24f83af53b1a1af33d9b64f5492a/diff:/var/lib/docker/overlay2/bd4a2a46c227c2f15475b08c398f37acaab93f4fdba31de015d730efae0a0cfc/diff:/var/lib/docker/overlay2/31ad437d7cba8e64428a2b62db1bbb2a2ec19ca4e439ec493ef4deb50dce2783/diff:/var/lib/docker/overlay2/35173cbd8ec5b88a8888e9abbe75f8694f5d3f96a9b781bb70dc1f0889685741/diff:/var/lib/docker/overlay2/24bf69ac4e8c81062fee44e7c9f746fffbb139c3f7f4b55b4fd1b23bb101b529/diff:/var/lib/docker/overlay2/2f27c96a7775dad186b6f0da325d5a251c80aa1b7f80cf8520f493c5154aee70/diff:/var/lib/docker/overlay2/463a60088c72ddbea82639ded15801e35a79c443f6a26bf1baf320c683cb06af/diff:/var/lib/docker/overlay2/80b8224b23a2ee4b5be635c58ae579fd1913aa95558cd66ab2f5e8430f00a5b8/diff:/var/lib/docker/overlay2/20451fa0b1a07b85d665bc3a0359d721ce4e4c28fa3bce7456ab25e0babae708/diff:/var/lib/docker/overlay2/f80d865cbc6c1c6f57d0963fa6234e7a6409e079eb17f4f13ca41d02731701ad/diff:/var/lib/docker/overlay2/5a3029e0b57c6ec9b985871ff6adf08356aaa0f2a15f1e34c1a7f116ecc4a61d/diff:/var/lib/docker/overlay2/4f3423103248d0b381a1bc6a7287e2b42313ff458cea602a02b7379014b03e0e/diff","MergedDir":"/var/lib/docker/overlay2/5529564f52cf969e31e7a1482c27be7ffed19639b506ae2e15b7e7115f699a73/merged","UpperDir":"/var/lib/docker/overlay2/5529564f52cf969e31e7a1482c27be7ffed19639b506ae2e15b7e7115f699a73/diff","WorkDir":"/var/lib/docker/overlay2/5529564f52cf969e31e7a1482c27be7ffed19639b506ae2e15b7e7115f699a73/work"},"Name":"overlay2"},"Mounts":[{"Type":"volume","Name":"fd1f613c7fe3ca3ae799982507ac3f565cc9f6a2dc99ceaed92389e2c43f47d1","Source":"/var/lib/docker/volumes/fd1f613c7fe3ca3ae799982507ac3f565cc9f6a2dc99ceaed92389e2c43f47d1/_data","Destination":"/var/lib/mysql","Driver":"local","Mode":"","RW":true,"Propagation":""}],"Config":{"Hostname":"9691e3189171","Domainname":"","User":"","AttachStdin":false,"AttachStdout":false,"AttachStderr":false,"ExposedPorts":{"3306/tcp":{},"33060/tcp":{}},"Tty":false,"OpenStdin":false,"StdinOnce":false,"Env":["MYSQL_DATABASE=test","MYSQL_PASSWORD=admin","MYSQL_USER=admin","MYSQL_ROOT_PASSWORD=admin","PATH=/usr/local/sbin:/usr/local/bin:/usr/sbin:/usr/bin:/sbin:/bin","GOSU_VERSION=1.14","MYSQL_MAJOR=8.0","MYSQL_VERSION=8.0.29-1debian10"],"Cmd":["mysqld"],"Image":"mysql:8.0","Volumes":{"/var/lib/mysql":{}},"WorkingDir":"","Entrypoint":["docker-entrypoint.sh"],"OnBuild":null,"Labels":{"org.testcontainers":"true","org.testcontainers.sessionId":"d48265e4-2b28-4f8c-aa67-76dd8289af84"}},"NetworkSettings":{"Bridge":"","SandboxID":"d9de8570fe3f0a4e9f3a1ff7101c963bbd2c6a0a9d8a867b96f17f4d5edca537","HairpinMode":false,"LinkLocalIPv6Address":"","LinkLocalIPv6PrefixLen":0,"Ports":{"3306/tcp":[{"HostIp":"0.0.0.0","HostPort":"49160"},{"HostIp":"::","HostPort":"49160"}],"33060/tcp":null},"SandboxKey":"/var/run/docker/netns/d9de8570fe3f","SecondaryIPAddresses":null,"SecondaryIPv6Addresses":null,"EndpointID":"93e8fe159f683a98670e8995677c2b130dbce857fc116679206e206bda319cbf","Gateway":"172.17.0.1","GlobalIPv6Address":"","GlobalIPv6PrefixLen":0,"IPAddress":"172.17.0.3","IPPrefixLen":16,"IPv6Gateway":"","MacAddress":"02:42:ac:11:00:03","Networks":{"bridge":{"IPAMConfig":null,"Links":null,"Aliases":null,"NetworkID":"1853cd2b9856825cc97ed9ef2b12efa82d95bf9cf60ad666c276eb35cc53539e","EndpointID":"93e8fe159f683a98670e8995677c2b130dbce857fc116679206e206bda319cbf","Gateway":"172.17.0.1","IPAddress":"172.17.0.3","IPPrefixLen":16,"IPv6Gateway":"","GlobalIPv6Address":"","GlobalIPv6PrefixLen":0,"MacAddress":"02:42:ac:11:00:03","DriverOpts":null}}}}[\n]"
03:32:47.833 [main] DEBUG com.github.dockerjava.zerodep.shaded.org.apache.hc.client5.http.wire - http-outgoing-2 << "[\r][\n]"
03:32:47.833 [main] DEBUG com.github.dockerjava.zerodep.shaded.org.apache.hc.client5.http.wire - http-outgoing-2 << "0[\r][\n]"
03:32:47.833 [main] DEBUG com.github.dockerjava.zerodep.shaded.org.apache.hc.client5.http.wire - http-outgoing-2 << "[\r][\n]"
03:32:47.833 [main] DEBUG com.github.dockerjava.zerodep.shaded.org.apache.hc.client5.http.headers - http-outgoing-2 << HTTP/1.1 200 OK
03:32:47.833 [main] DEBUG com.github.dockerjava.zerodep.shaded.org.apache.hc.client5.http.headers - http-outgoing-2 << Api-Version: 1.41
03:32:47.833 [main] DEBUG com.github.dockerjava.zerodep.shaded.org.apache.hc.client5.http.headers - http-outgoing-2 << Content-Type: application/json
03:32:47.834 [main] DEBUG com.github.dockerjava.zerodep.shaded.org.apache.hc.client5.http.headers - http-outgoing-2 << Docker-Experimental: false
03:32:47.834 [main] DEBUG com.github.dockerjava.zerodep.shaded.org.apache.hc.client5.http.headers - http-outgoing-2 << Ostype: linux
03:32:47.834 [main] DEBUG com.github.dockerjava.zerodep.shaded.org.apache.hc.client5.http.headers - http-outgoing-2 << Server: Docker/20.10.12 (linux)
03:32:47.834 [main] DEBUG com.github.dockerjava.zerodep.shaded.org.apache.hc.client5.http.headers - http-outgoing-2 << Date: Thu, 23 Jun 2022 02:32:47 GMT
03:32:47.834 [main] DEBUG com.github.dockerjava.zerodep.shaded.org.apache.hc.client5.http.headers - http-outgoing-2 << Transfer-Encoding: chunked
03:32:47.834 [main] DEBUG com.github.dockerjava.zerodep.shaded.org.apache.hc.client5.http.impl.classic.MainClientExec - ex-00000011: connection can be kept alive for 3 MINUTES
03:32:47.838 [main] DEBUG com.github.dockerjava.zerodep.shaded.org.apache.hc.client5.http.impl.classic.InternalHttpClient - ep-00000010: releasing valid endpoint
03:32:47.838 [main] DEBUG com.github.dockerjava.zerodep.shaded.org.apache.hc.client5.http.impl.io.PoolingHttpClientConnectionManager - ep-00000010: releasing endpoint
03:32:47.838 [main] DEBUG com.github.dockerjava.zerodep.shaded.org.apache.hc.client5.http.impl.io.PoolingHttpClientConnectionManager - ep-00000010: connection http-outgoing-2 can be kept alive for 3 MINUTES
03:32:47.838 [main] DEBUG com.github.dockerjava.zerodep.shaded.org.apache.hc.client5.http.impl.io.PoolingHttpClientConnectionManager - ep-00000010: connection released [route: {}->unix://localhost:2375][total available: 1; route allocated: 1 of 2147483647; total allocated: 1 of 2147483647]
03:32:47.877 [main] DEBUG org.testcontainers.shaded.com.github.dockerjava.core.command.AbstrDockerCmd - Cmd: 9691e31891711283f4d98263d11bc6156717d3e75a0b86a23f3b128a992c1f38,false
03:32:47.878 [main] DEBUG org.testcontainers.shaded.com.github.dockerjava.core.exec.InspectContainerCmdExec - GET: DefaultWebTarget{path=[/containers/9691e31891711283f4d98263d11bc6156717d3e75a0b86a23f3b128a992c1f38/json], queryParams={}}
03:32:47.878 [main] DEBUG com.github.dockerjava.zerodep.shaded.org.apache.hc.client5.http.impl.classic.InternalHttpClient - ex-00000012: preparing request execution
03:32:47.878 [main] DEBUG com.github.dockerjava.zerodep.shaded.org.apache.hc.client5.http.protocol.RequestAddCookies - Cookie spec selected: strict
03:32:47.878 [main] DEBUG com.github.dockerjava.zerodep.shaded.org.apache.hc.client5.http.protocol.RequestAuthCache - Auth cache not set in the context
03:32:47.878 [main] DEBUG com.github.dockerjava.zerodep.shaded.org.apache.hc.client5.http.impl.classic.ProtocolExec - ex-00000012: target auth state: UNCHALLENGED
03:32:47.878 [main] DEBUG com.github.dockerjava.zerodep.shaded.org.apache.hc.client5.http.impl.classic.ProtocolExec - ex-00000012: proxy auth state: UNCHALLENGED
03:32:47.878 [main] DEBUG com.github.dockerjava.zerodep.shaded.org.apache.hc.client5.http.impl.classic.ConnectExec - ex-00000012: acquiring connection with route {}->unix://localhost:2375
03:32:47.878 [main] DEBUG com.github.dockerjava.zerodep.shaded.org.apache.hc.client5.http.impl.classic.InternalHttpClient - ex-00000012: acquiring endpoint (3 MINUTES)
03:32:47.878 [main] DEBUG com.github.dockerjava.zerodep.shaded.org.apache.hc.client5.http.impl.io.PoolingHttpClientConnectionManager - ex-00000012: endpoint lease request (3 MINUTES) [route: {}->unix://localhost:2375][total available: 1; route allocated: 1 of 2147483647; total allocated: 1 of 2147483647]
03:32:47.879 [main] DEBUG com.github.dockerjava.zerodep.shaded.org.apache.hc.client5.http.impl.io.PoolingHttpClientConnectionManager - ex-00000012: endpoint leased [route: {}->unix://localhost:2375][total available: 0; route allocated: 1 of 2147483647; total allocated: 1 of 2147483647]
03:32:47.879 [main] DEBUG com.github.dockerjava.zerodep.shaded.org.apache.hc.client5.http.impl.io.PoolingHttpClientConnectionManager - ex-00000012: acquired ep-00000011
03:32:47.879 [main] DEBUG com.github.dockerjava.zerodep.shaded.org.apache.hc.client5.http.impl.classic.InternalHttpClient - ex-00000012: acquired endpoint ep-00000011
03:32:47.879 [main] DEBUG com.github.dockerjava.zerodep.shaded.org.apache.hc.client5.http.impl.classic.MainClientExec - ex-00000012: executing GET /v1.32/containers/9691e31891711283f4d98263d11bc6156717d3e75a0b86a23f3b128a992c1f38/json HTTP/1.1
03:32:47.879 [main] DEBUG com.github.dockerjava.zerodep.shaded.org.apache.hc.client5.http.impl.classic.InternalHttpClient - ep-00000011: start execution ex-00000012
03:32:47.879 [main] DEBUG com.github.dockerjava.zerodep.shaded.org.apache.hc.client5.http.impl.io.PoolingHttpClientConnectionManager - ep-00000011: executing exchange ex-00000012 over http-outgoing-2
03:32:47.879 [main] DEBUG com.github.dockerjava.zerodep.shaded.org.apache.hc.client5.http.headers - http-outgoing-2 >> GET /v1.32/containers/9691e31891711283f4d98263d11bc6156717d3e75a0b86a23f3b128a992c1f38/json HTTP/1.1
03:32:47.879 [main] DEBUG com.github.dockerjava.zerodep.shaded.org.apache.hc.client5.http.headers - http-outgoing-2 >> accept: application/json
03:32:47.879 [main] DEBUG com.github.dockerjava.zerodep.shaded.org.apache.hc.client5.http.headers - http-outgoing-2 >> Accept-Encoding: gzip, x-gzip, deflate
03:32:47.879 [main] DEBUG com.github.dockerjava.zerodep.shaded.org.apache.hc.client5.http.headers - http-outgoing-2 >> Host: localhost:2375
03:32:47.879 [main] DEBUG com.github.dockerjava.zerodep.shaded.org.apache.hc.client5.http.headers - http-outgoing-2 >> Connection: keep-alive
03:32:47.879 [main] DEBUG com.github.dockerjava.zerodep.shaded.org.apache.hc.client5.http.headers - http-outgoing-2 >> User-Agent: Apache-HttpClient/5.0.3 (Java/11.0.15)
03:32:47.879 [main] DEBUG com.github.dockerjava.zerodep.shaded.org.apache.hc.client5.http.wire - http-outgoing-2 >> "GET /v1.32/containers/9691e31891711283f4d98263d11bc6156717d3e75a0b86a23f3b128a992c1f38/json HTTP/1.1[\r][\n]"
03:32:47.879 [main] DEBUG com.github.dockerjava.zerodep.shaded.org.apache.hc.client5.http.wire - http-outgoing-2 >> "accept: application/json[\r][\n]"
03:32:47.879 [main] DEBUG com.github.dockerjava.zerodep.shaded.org.apache.hc.client5.http.wire - http-outgoing-2 >> "Accept-Encoding: gzip, x-gzip, deflate[\r][\n]"
03:32:47.879 [main] DEBUG com.github.dockerjava.zerodep.shaded.org.apache.hc.client5.http.wire - http-outgoing-2 >> "Host: localhost:2375[\r][\n]"
03:32:47.879 [main] DEBUG com.github.dockerjava.zerodep.shaded.org.apache.hc.client5.http.wire - http-outgoing-2 >> "Connection: keep-alive[\r][\n]"
03:32:47.880 [main] DEBUG com.github.dockerjava.zerodep.shaded.org.apache.hc.client5.http.wire - http-outgoing-2 >> "User-Agent: Apache-HttpClient/5.0.3 (Java/11.0.15)[\r][\n]"
03:32:47.880 [main] DEBUG com.github.dockerjava.zerodep.shaded.org.apache.hc.client5.http.wire - http-outgoing-2 >> "[\r][\n]"
03:32:47.881 [main] DEBUG com.github.dockerjava.zerodep.shaded.org.apache.hc.client5.http.wire - http-outgoing-2 << "HTTP/1.1 200 OK[\r][\n]"
03:32:47.881 [main] DEBUG com.github.dockerjava.zerodep.shaded.org.apache.hc.client5.http.wire - http-outgoing-2 << "Api-Version: 1.41[\r][\n]"
03:32:47.881 [main] DEBUG com.github.dockerjava.zerodep.shaded.org.apache.hc.client5.http.wire - http-outgoing-2 << "Content-Type: application/json[\r][\n]"
03:32:47.881 [main] DEBUG com.github.dockerjava.zerodep.shaded.org.apache.hc.client5.http.wire - http-outgoing-2 << "Docker-Experimental: false[\r][\n]"
03:32:47.881 [main] DEBUG com.github.dockerjava.zerodep.shaded.org.apache.hc.client5.http.wire - http-outgoing-2 << "Ostype: linux[\r][\n]"
03:32:47.881 [main] DEBUG com.github.dockerjava.zerodep.shaded.org.apache.hc.client5.http.wire - http-outgoing-2 << "Server: Docker/20.10.12 (linux)[\r][\n]"
03:32:47.881 [main] DEBUG com.github.dockerjava.zerodep.shaded.org.apache.hc.client5.http.wire - http-outgoing-2 << "Date: Thu, 23 Jun 2022 02:32:47 GMT[\r][\n]"
03:32:47.881 [main] DEBUG com.github.dockerjava.zerodep.shaded.org.apache.hc.client5.http.wire - http-outgoing-2 << "Transfer-Encoding: chunked[\r][\n]"
03:32:47.881 [main] DEBUG com.github.dockerjava.zerodep.shaded.org.apache.hc.client5.http.wire - http-outgoing-2 << "[\r][\n]"
03:32:47.881 [main] DEBUG com.github.dockerjava.zerodep.shaded.org.apache.hc.client5.http.wire - http-outgoing-2 << "18ed[\r][\n]"
03:32:47.882 [main] DEBUG com.github.dockerjava.zerodep.shaded.org.apache.hc.client5.http.wire - http-outgoing-2 << "{"Id":"9691e31891711283f4d98263d11bc6156717d3e75a0b86a23f3b128a992c1f38","Created":"2022-06-23T02:32:47.03956921Z","Path":"docker-entrypoint.sh","Args":["mysqld"],"State":{"Status":"running","Running":true,"Paused":false,"Restarting":false,"OOMKilled":false,"Dead":false,"Pid":66188,"ExitCode":0,"Error":"","StartedAt":"2022-06-23T02:32:47.703880551Z","FinishedAt":"0001-01-01T00:00:00Z"},"Image":"sha256:65b636d5542b73254ce90cc4b895597dc1adc2c661ca553c38eda159979dded1","ResolvConfPath":"/var/lib/docker/containers/9691e31891711283f4d98263d11bc6156717d3e75a0b86a23f3b128a992c1f38/resolv.conf","HostnamePath":"/var/lib/docker/containers/9691e31891711283f4d98263d11bc6156717d3e75a0b86a23f3b128a992c1f38/hostname","HostsPath":"/var/lib/docker/containers/9691e31891711283f4d98263d11bc6156717d3e75a0b86a23f3b128a992c1f38/hosts","LogPath":"/var/lib/docker/containers/9691e31891711283f4d98263d11bc6156717d3e75a0b86a23f3b128a992c1f38/9691e31891711283f4d98263d11bc6156717d3e75a0b86a23f3b128a992c1f38-json.log","Name":"/xenodochial_satoshi","RestartCount":0,"Driver":"overlay2","Platform":"linux","MountLabel":"","ProcessLabel":"","AppArmorProfile":"docker-default","ExecIDs":null,"HostConfig":{"Binds":[],"ContainerIDFile":"","LogConfig":{"Type":"json-file","Config":{}},"NetworkMode":"default","PortBindings":{"3306/tcp":[{"HostIp":"","HostPort":""}]},"RestartPolicy":{"Name":"","MaximumRetryCount":0},"AutoRemove":false,"VolumeDriver":"","VolumesFrom":[],"CapAdd":null,"CapDrop":null,"CgroupnsMode":"host","Dns":null,"DnsOptions":null,"DnsSearch":null,"ExtraHosts":[],"GroupAdd":null,"IpcMode":"shareable","Cgroup":"","Links":null,"OomScoreAdj":0,"PidMode":"","Privileged":false,"PublishAllPorts":false,"ReadonlyRootfs":false,"SecurityOpt":null,"UTSMode":"","UsernsMode":"","ShmSize":67108864,"Runtime":"runc","ConsoleSize":[0,0],"Isolation":"","CpuShares":0,"Memory":0,"NanoCpus":0,"CgroupParent":"","BlkioWeight":0,"BlkioWeightDevice":null,"BlkioDeviceReadBps":null,"BlkioDeviceWriteBps":null,"BlkioDeviceReadIOps":null,"BlkioDeviceWriteIOps":null,"CpuPeriod":0,"CpuQuota":0,"CpuRealtimePeriod":0,"CpuRealtimeRuntime":0,"CpusetCpus":"","CpusetMems":"","Devices":null,"DeviceCgroupRules":null,"DeviceRequests":null,"KernelMemory":0,"KernelMemoryTCP":0,"MemoryReservation":0,"MemorySwap":0,"MemorySwappiness":null,"OomKillDisable":false,"PidsLimit":null,"Ulimits":null,"CpuCount":0,"CpuPercent":0,"IOMaximumIOps":0,"IOMaximumBandwidth":0,"MaskedPaths":["/proc/asound","/proc/acpi","/proc/kcore","/proc/keys","/proc/latency_stats","/proc/timer_list","/proc/timer_stats","/proc/sched_debug","/proc/scsi","/sys/firmware"],"ReadonlyPaths":["/proc/bus","/proc/fs","/proc/irq","/proc/sys","/proc/sysrq-trigger"]},"GraphDriver":{"Data":{"LowerDir":"/var/lib/docker/overlay2/5529564f52cf969e31e7a1482c27be7ffed19639b506ae2e15b7e7115f699a73-init/diff:/var/lib/docker/overlay2/833a665819b5d9728d3efa7c33135034345a24f83af53b1a1af33d9b64f5492a/diff:/var/lib/docker/overlay2/bd4a2a46c227c2f15475b08c398f37acaab93f4fdba31de015d730efae0a0cfc/diff:/var/lib/docker/overlay2/31ad437d7cba8e64428a2b62db1bbb2a2ec19ca4e439ec493ef4deb50dce2783/diff:/var/lib/docker/overlay2/35173cbd8ec5b88a8888e9abbe75f8694f5d3f96a9b781bb70dc1f0889685741/diff:/var/lib/docker/overlay2/24bf69ac4e8c81062fee44e7c9f746fffbb139c3f7f4b55b4fd1b23bb101b529/diff:/var/lib/docker/overlay2/2f27c96a7775dad186b6f0da325d5a251c80aa1b7f80cf8520f493c5154aee70/diff:/var/lib/docker/overlay2/463a60088c72ddbea82639ded15801e35a79c443f6a26bf1baf320c683cb06af/diff:/var/lib/docker/overlay2/80b8224b23a2ee4b5be635c58ae579fd1913aa95558cd66ab2f5e8430f00a5b8/diff:/var/lib/docker/overlay2/20451fa0b1a07b85d665bc3a0359d721ce4e4c28fa3bce7456ab25e0babae708/diff:/var/lib/docker/overlay2/f80d865cbc6c1c6f57d0963fa6234e7a6409e079eb17f4f13ca41d02731701ad/diff:/var/lib/docker/overlay2/5a3029e0b57c6ec9b985871ff6adf08356aaa0f2a15f1e34c1a7f116ecc4a61d/diff:/var/lib/docker/overlay2/4f3423103248d0b381a1bc6a7287e2b42313ff458cea602a02b7379014b03e0e/diff","MergedDir":"/var/lib/docker/overlay2/5529564f52cf969e31e7a1482c27be7ffed19639b506ae2e15b7e7115f699a73/merged","UpperDir":"/var/lib/docker/overlay2/5529564f52cf969e31e7a1482c27be7ffed19639b506ae2e15b7e7115f699a73/diff","WorkDir":"/var/lib/docker/overlay2/5529564f52cf969e31e7a1482c27be7ffed19639b506ae2e15b7e7115f699a73/work"},"Name":"overlay2"},"Mounts":[{"Type":"volume","Name":"fd1f613c7fe3ca3ae799982507ac3f565cc9f6a2dc99ceaed92389e2c43f47d1","Source":"/var/lib/docker/volumes/fd1f613c7fe3ca3ae799982507ac3f565cc9f6a2dc99ceaed92389e2c43f47d1/_data","Destination":"/var/lib/mysql","Driver":"local","Mode":"","RW":true,"Propagation":""}],"Config":{"Hostname":"9691e3189171","Domainname":"","User":"","AttachStdin":false,"AttachStdout":false,"AttachStderr":false,"ExposedPorts":{"3306/tcp":{},"33060/tcp":{}},"Tty":false,"OpenStdin":false,"StdinOnce":false,"Env":["MYSQL_DATABASE=test","MYSQL_PASSWORD=admin","MYSQL_USER=admin","MYSQL_ROOT_PASSWORD=admin","PATH=/usr/local/sbin:/usr/local/bin:/usr/sbin:/usr/bin:/sbin:/bin","GOSU_VERSION=1.14","MYSQL_MAJOR=8.0","MYSQL_VERSION=8.0.29-1debian10"],"Cmd":["mysqld"],"Image":"mysql:8.0","Volumes":{"/var/lib/mysql":{}},"WorkingDir":"","Entrypoint":["docker-entrypoint.sh"],"OnBuild":null,"Labels":{"org.testcontainers":"true","org.testcontainers.sessionId":"d48265e4-2b28-4f8c-aa67-76dd8289af84"}},"NetworkSettings":{"Bridge":"","SandboxID":"d9de8570fe3f0a4e9f3a1ff7101c963bbd2c6a0a9d8a867b96f17f4d5edca537","HairpinMode":false,"LinkLocalIPv6Address":"","LinkLocalIPv6PrefixLen":0,"Ports":{"3306/tcp":[{"HostIp":"0.0.0.0","HostPort":"49160"},{"HostIp":"::","HostPort":"49160"}],"33060/tcp":null},"SandboxKey":"/var/run/docker/netns/d9de8570fe3f","SecondaryIPAddresses":null,"SecondaryIPv6Addresses":null,"EndpointID":"93e8fe159f683a98670e8995677c2b130dbce857fc116679206e206bda319cbf","Gateway":"172.17.0.1","GlobalIPv6Address":"","GlobalIPv6PrefixLen":0,"IPAddress":"172.17.0.3","IPPrefixLen":16,"IPv6Gateway":"","MacAddress":"02:42:ac:11:00:03","Networks":{"bridge":{"IPAMConfig":null,"Links":null,"Aliases":null,"NetworkID":"1853cd2b9856825cc97ed9ef2b12efa82d95bf9cf60ad666c276eb35cc53539e","EndpointID":"93e8fe159f683a98670e8995677c2b130dbce857fc116679206e206bda319cbf","Gateway":"172.17.0.1","IPAddress":"172.17.0.3","IPPrefixLen":16,"IPv6Gateway":"","GlobalIPv6Address":"","GlobalIPv6PrefixLen":0,"MacAddress":"02:42:ac:11:00:03","DriverOpts":null}}}}[\n]"
03:32:47.882 [main] DEBUG com.github.dockerjava.zerodep.shaded.org.apache.hc.client5.http.wire - http-outgoing-2 << "[\r][\n]"
03:32:47.882 [main] DEBUG com.github.dockerjava.zerodep.shaded.org.apache.hc.client5.http.wire - http-outgoing-2 << "0[\r][\n]"
03:32:47.882 [main] DEBUG com.github.dockerjava.zerodep.shaded.org.apache.hc.client5.http.wire - http-outgoing-2 << "[\r][\n]"
03:32:47.882 [main] DEBUG com.github.dockerjava.zerodep.shaded.org.apache.hc.client5.http.headers - http-outgoing-2 << HTTP/1.1 200 OK
03:32:47.882 [main] DEBUG com.github.dockerjava.zerodep.shaded.org.apache.hc.client5.http.headers - http-outgoing-2 << Api-Version: 1.41
03:32:47.882 [main] DEBUG com.github.dockerjava.zerodep.shaded.org.apache.hc.client5.http.headers - http-outgoing-2 << Content-Type: application/json
03:32:47.882 [main] DEBUG com.github.dockerjava.zerodep.shaded.org.apache.hc.client5.http.headers - http-outgoing-2 << Docker-Experimental: false
03:32:47.882 [main] DEBUG com.github.dockerjava.zerodep.shaded.org.apache.hc.client5.http.headers - http-outgoing-2 << Ostype: linux
03:32:47.882 [main] DEBUG com.github.dockerjava.zerodep.shaded.org.apache.hc.client5.http.headers - http-outgoing-2 << Server: Docker/20.10.12 (linux)
03:32:47.882 [main] DEBUG com.github.dockerjava.zerodep.shaded.org.apache.hc.client5.http.headers - http-outgoing-2 << Date: Thu, 23 Jun 2022 02:32:47 GMT
03:32:47.882 [main] DEBUG com.github.dockerjava.zerodep.shaded.org.apache.hc.client5.http.headers - http-outgoing-2 << Transfer-Encoding: chunked
03:32:47.882 [main] DEBUG com.github.dockerjava.zerodep.shaded.org.apache.hc.client5.http.impl.classic.MainClientExec - ex-00000012: connection can be kept alive for 3 MINUTES
03:32:47.886 [main] DEBUG com.github.dockerjava.zerodep.shaded.org.apache.hc.client5.http.impl.classic.InternalHttpClient - ep-00000011: releasing valid endpoint
03:32:47.886 [main] DEBUG com.github.dockerjava.zerodep.shaded.org.apache.hc.client5.http.impl.io.PoolingHttpClientConnectionManager - ep-00000011: releasing endpoint
03:32:47.886 [main] DEBUG com.github.dockerjava.zerodep.shaded.org.apache.hc.client5.http.impl.io.PoolingHttpClientConnectionManager - ep-00000011: connection http-outgoing-2 can be kept alive for 3 MINUTES
03:32:47.886 [main] DEBUG com.github.dockerjava.zerodep.shaded.org.apache.hc.client5.http.impl.io.PoolingHttpClientConnectionManager - ep-00000011: connection released [route: {}->unix://localhost:2375][total available: 1; route allocated: 1 of 2147483647; total allocated: 1 of 2147483647]
03:32:47.887 [main] DEBUG 🐳 [mysql:8.0] - Trying to create JDBC connection using com.mysql.cj.jdbc.Driver to jdbc:mysql://localhost:49160/test?useSSL=false&allowPublicKeyRetrieval=true with properties: {password=admin, user=admin}
03:32:48.396 [main] DEBUG org.testcontainers.shaded.com.github.dockerjava.core.command.AbstrDockerCmd - Cmd: 9691e31891711283f4d98263d11bc6156717d3e75a0b86a23f3b128a992c1f38,false
03:32:48.397 [main] DEBUG org.testcontainers.shaded.com.github.dockerjava.core.exec.InspectContainerCmdExec - GET: DefaultWebTarget{path=[/containers/9691e31891711283f4d98263d11bc6156717d3e75a0b86a23f3b128a992c1f38/json], queryParams={}}
03:32:48.397 [main] DEBUG com.github.dockerjava.zerodep.shaded.org.apache.hc.client5.http.impl.classic.InternalHttpClient - ex-00000013: preparing request execution
03:32:48.397 [main] DEBUG com.github.dockerjava.zerodep.shaded.org.apache.hc.client5.http.protocol.RequestAddCookies - Cookie spec selected: strict
03:32:48.397 [main] DEBUG com.github.dockerjava.zerodep.shaded.org.apache.hc.client5.http.protocol.RequestAuthCache - Auth cache not set in the context
03:32:48.397 [main] DEBUG com.github.dockerjava.zerodep.shaded.org.apache.hc.client5.http.impl.classic.ProtocolExec - ex-00000013: target auth state: UNCHALLENGED
03:32:48.397 [main] DEBUG com.github.dockerjava.zerodep.shaded.org.apache.hc.client5.http.impl.classic.ProtocolExec - ex-00000013: proxy auth state: UNCHALLENGED
03:32:48.397 [main] DEBUG com.github.dockerjava.zerodep.shaded.org.apache.hc.client5.http.impl.classic.ConnectExec - ex-00000013: acquiring connection with route {}->unix://localhost:2375
03:32:48.397 [main] DEBUG com.github.dockerjava.zerodep.shaded.org.apache.hc.client5.http.impl.classic.InternalHttpClient - ex-00000013: acquiring endpoint (3 MINUTES)
03:32:48.397 [main] DEBUG com.github.dockerjava.zerodep.shaded.org.apache.hc.client5.http.impl.io.PoolingHttpClientConnectionManager - ex-00000013: endpoint lease request (3 MINUTES) [route: {}->unix://localhost:2375][total available: 1; route allocated: 1 of 2147483647; total allocated: 1 of 2147483647]
03:32:48.398 [main] DEBUG com.github.dockerjava.zerodep.shaded.org.apache.hc.client5.http.impl.io.PoolingHttpClientConnectionManager - ex-00000013: endpoint leased [route: {}->unix://localhost:2375][total available: 0; route allocated: 1 of 2147483647; total allocated: 1 of 2147483647]
03:32:48.398 [main] DEBUG com.github.dockerjava.zerodep.shaded.org.apache.hc.client5.http.impl.io.PoolingHttpClientConnectionManager - ex-00000013: acquired ep-00000012
03:32:48.398 [main] DEBUG com.github.dockerjava.zerodep.shaded.org.apache.hc.client5.http.impl.classic.InternalHttpClient - ex-00000013: acquired endpoint ep-00000012
03:32:48.398 [main] DEBUG com.github.dockerjava.zerodep.shaded.org.apache.hc.client5.http.impl.classic.MainClientExec - ex-00000013: executing GET /v1.32/containers/9691e31891711283f4d98263d11bc6156717d3e75a0b86a23f3b128a992c1f38/json HTTP/1.1
03:32:48.398 [main] DEBUG com.github.dockerjava.zerodep.shaded.org.apache.hc.client5.http.impl.classic.InternalHttpClient - ep-00000012: start execution ex-00000013
03:32:48.398 [main] DEBUG com.github.dockerjava.zerodep.shaded.org.apache.hc.client5.http.impl.io.PoolingHttpClientConnectionManager - ep-00000012: executing exchange ex-00000013 over http-outgoing-2
03:32:48.398 [main] DEBUG com.github.dockerjava.zerodep.shaded.org.apache.hc.client5.http.headers - http-outgoing-2 >> GET /v1.32/containers/9691e31891711283f4d98263d11bc6156717d3e75a0b86a23f3b128a992c1f38/json HTTP/1.1
03:32:48.398 [main] DEBUG com.github.dockerjava.zerodep.shaded.org.apache.hc.client5.http.headers - http-outgoing-2 >> accept: application/json
03:32:48.398 [main] DEBUG com.github.dockerjava.zerodep.shaded.org.apache.hc.client5.http.headers - http-outgoing-2 >> Accept-Encoding: gzip, x-gzip, deflate
03:32:48.398 [main] DEBUG com.github.dockerjava.zerodep.shaded.org.apache.hc.client5.http.headers - http-outgoing-2 >> Host: localhost:2375
03:32:48.398 [main] DEBUG com.github.dockerjava.zerodep.shaded.org.apache.hc.client5.http.headers - http-outgoing-2 >> Connection: keep-alive
03:32:48.398 [main] DEBUG com.github.dockerjava.zerodep.shaded.org.apache.hc.client5.http.headers - http-outgoing-2 >> User-Agent: Apache-HttpClient/5.0.3 (Java/11.0.15)
03:32:48.398 [main] DEBUG com.github.dockerjava.zerodep.shaded.org.apache.hc.client5.http.wire - http-outgoing-2 >> "GET /v1.32/containers/9691e31891711283f4d98263d11bc6156717d3e75a0b86a23f3b128a992c1f38/json HTTP/1.1[\r][\n]"
03:32:48.398 [main] DEBUG com.github.dockerjava.zerodep.shaded.org.apache.hc.client5.http.wire - http-outgoing-2 >> "accept: application/json[\r][\n]"
03:32:48.398 [main] DEBUG com.github.dockerjava.zerodep.shaded.org.apache.hc.client5.http.wire - http-outgoing-2 >> "Accept-Encoding: gzip, x-gzip, deflate[\r][\n]"
03:32:48.398 [main] DEBUG com.github.dockerjava.zerodep.shaded.org.apache.hc.client5.http.wire - http-outgoing-2 >> "Host: localhost:2375[\r][\n]"
03:32:48.398 [main] DEBUG com.github.dockerjava.zerodep.shaded.org.apache.hc.client5.http.wire - http-outgoing-2 >> "Connection: keep-alive[\r][\n]"
03:32:48.398 [main] DEBUG com.github.dockerjava.zerodep.shaded.org.apache.hc.client5.http.wire - http-outgoing-2 >> "User-Agent: Apache-HttpClient/5.0.3 (Java/11.0.15)[\r][\n]"
03:32:48.398 [main] DEBUG com.github.dockerjava.zerodep.shaded.org.apache.hc.client5.http.wire - http-outgoing-2 >> "[\r][\n]"
03:32:48.399 [main] DEBUG com.github.dockerjava.zerodep.shaded.org.apache.hc.client5.http.wire - http-outgoing-2 << "HTTP/1.1 200 OK[\r][\n]"
03:32:48.399 [main] DEBUG com.github.dockerjava.zerodep.shaded.org.apache.hc.client5.http.wire - http-outgoing-2 << "Api-Version: 1.41[\r][\n]"
03:32:48.399 [main] DEBUG com.github.dockerjava.zerodep.shaded.org.apache.hc.client5.http.wire - http-outgoing-2 << "Content-Type: application/json[\r][\n]"
03:32:48.399 [main] DEBUG com.github.dockerjava.zerodep.shaded.org.apache.hc.client5.http.wire - http-outgoing-2 << "Docker-Experimental: false[\r][\n]"
03:32:48.399 [main] DEBUG com.github.dockerjava.zerodep.shaded.org.apache.hc.client5.http.wire - http-outgoing-2 << "Ostype: linux[\r][\n]"
03:32:48.399 [main] DEBUG com.github.dockerjava.zerodep.shaded.org.apache.hc.client5.http.wire - http-outgoing-2 << "Server: Docker/20.10.12 (linux)[\r][\n]"
03:32:48.399 [main] DEBUG com.github.dockerjava.zerodep.shaded.org.apache.hc.client5.http.wire - http-outgoing-2 << "Date: Thu, 23 Jun 2022 02:32:48 GMT[\r][\n]"
03:32:48.399 [main] DEBUG com.github.dockerjava.zerodep.shaded.org.apache.hc.client5.http.wire - http-outgoing-2 << "Transfer-Encoding: chunked[\r][\n]"
03:32:48.399 [main] DEBUG com.github.dockerjava.zerodep.shaded.org.apache.hc.client5.http.wire - http-outgoing-2 << "[\r][\n]"
03:32:48.399 [main] DEBUG com.github.dockerjava.zerodep.shaded.org.apache.hc.client5.http.wire - http-outgoing-2 << "18ed[\r][\n]"
03:32:48.399 [main] DEBUG com.github.dockerjava.zerodep.shaded.org.apache.hc.client5.http.wire - http-outgoing-2 << "{"Id":"9691e31891711283f4d98263d11bc6156717d3e75a0b86a23f3b128a992c1f38","Created":"2022-06-23T02:32:47.03956921Z","Path":"docker-entrypoint.sh","Args":["mysqld"],"State":{"Status":"running","Running":true,"Paused":false,"Restarting":false,"OOMKilled":false,"Dead":false,"Pid":66188,"ExitCode":0,"Error":"","StartedAt":"2022-06-23T02:32:47.703880551Z","FinishedAt":"0001-01-01T00:00:00Z"},"Image":"sha256:65b636d5542b73254ce90cc4b895597dc1adc2c661ca553c38eda159979dded1","ResolvConfPath":"/var/lib/docker/containers/9691e31891711283f4d98263d11bc6156717d3e75a0b86a23f3b128a992c1f38/resolv.conf","HostnamePath":"/var/lib/docker/containers/9691e31891711283f4d98263d11bc6156717d3e75a0b86a23f3b128a992c1f38/hostname","HostsPath":"/var/lib/docker/containers/9691e31891711283f4d98263d11bc6156717d3e75a0b86a23f3b128a992c1f38/hosts","LogPath":"/var/lib/docker/containers/9691e31891711283f4d98263d11bc6156717d3e75a0b86a23f3b128a992c1f38/9691e31891711283f4d98263d11bc6156717d3e75a0b86a23f3b128a992c1f38-json.log","Name":"/xenodochial_satoshi","RestartCount":0,"Driver":"overlay2","Platform":"linux","MountLabel":"","ProcessLabel":"","AppArmorProfile":"docker-default","ExecIDs":null,"HostConfig":{"Binds":[],"ContainerIDFile":"","LogConfig":{"Type":"json-file","Config":{}},"NetworkMode":"default","PortBindings":{"3306/tcp":[{"HostIp":"","HostPort":""}]},"RestartPolicy":{"Name":"","MaximumRetryCount":0},"AutoRemove":false,"VolumeDriver":"","VolumesFrom":[],"CapAdd":null,"CapDrop":null,"CgroupnsMode":"host","Dns":null,"DnsOptions":null,"DnsSearch":null,"ExtraHosts":[],"GroupAdd":null,"IpcMode":"shareable","Cgroup":"","Links":null,"OomScoreAdj":0,"PidMode":"","Privileged":false,"PublishAllPorts":false,"ReadonlyRootfs":false,"SecurityOpt":null,"UTSMode":"","UsernsMode":"","ShmSize":67108864,"Runtime":"runc","ConsoleSize":[0,0],"Isolation":"","CpuShares":0,"Memory":0,"NanoCpus":0,"CgroupParent":"","BlkioWeight":0,"BlkioWeightDevice":null,"BlkioDeviceReadBps":null,"BlkioDeviceWriteBps":null,"BlkioDeviceReadIOps":null,"BlkioDeviceWriteIOps":null,"CpuPeriod":0,"CpuQuota":0,"CpuRealtimePeriod":0,"CpuRealtimeRuntime":0,"CpusetCpus":"","CpusetMems":"","Devices":null,"DeviceCgroupRules":null,"DeviceRequests":null,"KernelMemory":0,"KernelMemoryTCP":0,"MemoryReservation":0,"MemorySwap":0,"MemorySwappiness":null,"OomKillDisable":false,"PidsLimit":null,"Ulimits":null,"CpuCount":0,"CpuPercent":0,"IOMaximumIOps":0,"IOMaximumBandwidth":0,"MaskedPaths":["/proc/asound","/proc/acpi","/proc/kcore","/proc/keys","/proc/latency_stats","/proc/timer_list","/proc/timer_stats","/proc/sched_debug","/proc/scsi","/sys/firmware"],"ReadonlyPaths":["/proc/bus","/proc/fs","/proc/irq","/proc/sys","/proc/sysrq-trigger"]},"GraphDriver":{"Data":{"LowerDir":"/var/lib/docker/overlay2/5529564f52cf969e31e7a1482c27be7ffed19639b506ae2e15b7e7115f699a73-init/diff:/var/lib/docker/overlay2/833a665819b5d9728d3efa7c33135034345a24f83af53b1a1af33d9b64f5492a/diff:/var/lib/docker/overlay2/bd4a2a46c227c2f15475b08c398f37acaab93f4fdba31de015d730efae0a0cfc/diff:/var/lib/docker/overlay2/31ad437d7cba8e64428a2b62db1bbb2a2ec19ca4e439ec493ef4deb50dce2783/diff:/var/lib/docker/overlay2/35173cbd8ec5b88a8888e9abbe75f8694f5d3f96a9b781bb70dc1f0889685741/diff:/var/lib/docker/overlay2/24bf69ac4e8c81062fee44e7c9f746fffbb139c3f7f4b55b4fd1b23bb101b529/diff:/var/lib/docker/overlay2/2f27c96a7775dad186b6f0da325d5a251c80aa1b7f80cf8520f493c5154aee70/diff:/var/lib/docker/overlay2/463a60088c72ddbea82639ded15801e35a79c443f6a26bf1baf320c683cb06af/diff:/var/lib/docker/overlay2/80b8224b23a2ee4b5be635c58ae579fd1913aa95558cd66ab2f5e8430f00a5b8/diff:/var/lib/docker/overlay2/20451fa0b1a07b85d665bc3a0359d721ce4e4c28fa3bce7456ab25e0babae708/diff:/var/lib/docker/overlay2/f80d865cbc6c1c6f57d0963fa6234e7a6409e079eb17f4f13ca41d02731701ad/diff:/var/lib/docker/overlay2/5a3029e0b57c6ec9b985871ff6adf08356aaa0f2a15f1e34c1a7f116ecc4a61d/dif"
03:32:48.399 [main] DEBUG com.github.dockerjava.zerodep.shaded.org.apache.hc.client5.http.headers - http-outgoing-2 << HTTP/1.1 200 OK
03:32:48.399 [main] DEBUG com.github.dockerjava.zerodep.shaded.org.apache.hc.client5.http.headers - http-outgoing-2 << Api-Version: 1.41
03:32:48.400 [main] DEBUG com.github.dockerjava.zerodep.shaded.org.apache.hc.client5.http.headers - http-outgoing-2 << Content-Type: application/json
03:32:48.400 [main] DEBUG com.github.dockerjava.zerodep.shaded.org.apache.hc.client5.http.headers - http-outgoing-2 << Docker-Experimental: false
03:32:48.400 [main] DEBUG com.github.dockerjava.zerodep.shaded.org.apache.hc.client5.http.headers - http-outgoing-2 << Ostype: linux
03:32:48.400 [main] DEBUG com.github.dockerjava.zerodep.shaded.org.apache.hc.client5.http.headers - http-outgoing-2 << Server: Docker/20.10.12 (linux)
03:32:48.400 [main] DEBUG com.github.dockerjava.zerodep.shaded.org.apache.hc.client5.http.headers - http-outgoing-2 << Date: Thu, 23 Jun 2022 02:32:48 GMT
03:32:48.400 [main] DEBUG com.github.dockerjava.zerodep.shaded.org.apache.hc.client5.http.headers - http-outgoing-2 << Transfer-Encoding: chunked
03:32:48.400 [main] DEBUG com.github.dockerjava.zerodep.shaded.org.apache.hc.client5.http.impl.classic.MainClientExec - ex-00000013: connection can be kept alive for 3 MINUTES
03:32:48.401 [main] DEBUG com.github.dockerjava.zerodep.shaded.org.apache.hc.client5.http.wire - http-outgoing-2 << "f:/var/lib/docker/overlay2/4f3423103248d0b381a1bc6a7287e2b42313ff458cea602a02b7379014b03e0e/diff","MergedDir":"/var/lib/docker/overlay2/5529564f52cf969e31e7a1482c27be7ffed19639b506ae2e15b7e7115f699a73/merged","UpperDir":"/var/lib/docker/overlay2/5529564f52cf969e31e7a1482c27be7ffed19639b506ae2e15b7e7115f699a73/diff","WorkDir":"/var/lib/docker/overlay2/5529564f52cf969e31e7a1482c27be7ffed19639b506ae2e15b7e7115f699a73/work"},"Name":"overlay2"},"Mounts":[{"Type":"volume","Name":"fd1f613c7fe3ca3ae799982507ac3f565cc9f6a2dc99ceaed92389e2c43f47d1","Source":"/var/lib/docker/volumes/fd1f613c7fe3ca3ae799982507ac3f565cc9f6a2dc99ceaed92389e2c43f47d1/_data","Destination":"/var/lib/mysql","Driver":"local","Mode":"","RW":true,"Propagation":""}],"Config":{"Hostname":"9691e3189171","Domainname":"","User":"","AttachStdin":false,"AttachStdout":false,"AttachStderr":false,"ExposedPorts":{"3306/tcp":{},"33060/tcp":{}},"Tty":false,"OpenStdin":false,"StdinOnce":false,"Env":["MYSQL_DATABASE=test","MYSQL_PASSWORD=admin","MYSQL_USER=admin","MYSQL_ROOT_PASSWORD=admin","PATH=/usr/local/sbin:/usr/local/bin:/usr/sbin:/usr/bin:/sbin:/bin","GOSU_VERSION=1.14","MYSQL_MAJOR=8.0","MYSQL_VERSION=8.0.29-1debian10"],"Cmd":["mysqld"],"Image":"mysql:8.0","Volumes":{"/var/lib/mysql":{}},"WorkingDir":"","Entrypoint":["docker-entrypoint.sh"],"OnBuild":null,"Labels":{"org.testcontainers":"true","org.testcontainers.sessionId":"d48265e4-2b28-4f8c-aa67-76dd8289af84"}},"NetworkSettings":{"Bridge":"","SandboxID":"d9de8570fe3f0a4e9f3a1ff7101c963bbd2c6a0a9d8a867b96f17f4d5edca537","HairpinMode":false,"LinkLocalIPv6Address":"","LinkLocalIPv6PrefixLen":0,"Ports":{"3306/tcp":[{"HostIp":"0.0.0.0","HostPort":"49160"},{"HostIp":"::","HostPort":"49160"}],"33060/tcp":null},"SandboxKey":"/var/run/docker/netns/d9de8570fe3f","SecondaryIPAddresses":null,"SecondaryIPv6Addresses":null,"EndpointID":"93e8fe159f683a98670e8995677c2b130dbce857fc116679206e206bda319cbf","Gateway":"172.17.0.1","GlobalIPv6Address":"","GlobalIPv6PrefixLen":0,"IPAddress":"172.17.0.3","IPPrefixLen":16,"IPv6Gateway":"","MacAddress":"02:42:ac:11:00:03","Networks":{"bridge":{"IPAMConfig":null,"Links":null,"Aliases":null,"NetworkID":"1853cd2b9856825cc97ed9ef2b12efa82d95bf9cf60ad666c276eb35cc53539e","EndpointID":"93e8fe159f683a98670e8995677c2b130dbce857fc116679206e206bda319cbf","Gateway":"172.17.0.1","IPAddress":"172.17.0.3","IPPrefixLen":16,"IPv6Gateway":"","GlobalIPv6Address":"","GlobalIPv6PrefixLen":0,"MacAddress":"02:42:ac:11:00:03","DriverOpts":null}}}}[\n]"
03:32:48.405 [main] DEBUG com.github.dockerjava.zerodep.shaded.org.apache.hc.client5.http.wire - http-outgoing-2 << "[\r][\n]"
03:32:48.405 [main] DEBUG com.github.dockerjava.zerodep.shaded.org.apache.hc.client5.http.wire - http-outgoing-2 << "0[\r][\n]"
03:32:48.405 [main] DEBUG com.github.dockerjava.zerodep.shaded.org.apache.hc.client5.http.wire - http-outgoing-2 << "[\r][\n]"
03:32:48.405 [main] DEBUG com.github.dockerjava.zerodep.shaded.org.apache.hc.client5.http.impl.classic.InternalHttpClient - ep-00000012: releasing valid endpoint
03:32:48.405 [main] DEBUG com.github.dockerjava.zerodep.shaded.org.apache.hc.client5.http.impl.io.PoolingHttpClientConnectionManager - ep-00000012: releasing endpoint
03:32:48.405 [main] DEBUG com.github.dockerjava.zerodep.shaded.org.apache.hc.client5.http.impl.io.PoolingHttpClientConnectionManager - ep-00000012: connection http-outgoing-2 can be kept alive for 3 MINUTES
03:32:48.406 [main] DEBUG com.github.dockerjava.zerodep.shaded.org.apache.hc.client5.http.impl.io.PoolingHttpClientConnectionManager - ep-00000012: connection released [route: {}->unix://localhost:2375][total available: 1; route allocated: 1 of 2147483647; total allocated: 1 of 2147483647]
03:32:48.406 [main] DEBUG 🐳 [mysql:8.0] - Trying to create JDBC connection using com.mysql.cj.jdbc.Driver to jdbc:mysql://localhost:49160/test?useSSL=false&allowPublicKeyRetrieval=true with properties: {password=admin, user=admin}
03:32:48.508 [main] DEBUG org.testcontainers.shaded.com.github.dockerjava.core.command.AbstrDockerCmd - Cmd: 9691e31891711283f4d98263d11bc6156717d3e75a0b86a23f3b128a992c1f38,false
03:32:48.508 [main] DEBUG org.testcontainers.shaded.com.github.dockerjava.core.exec.InspectContainerCmdExec - GET: DefaultWebTarget{path=[/containers/9691e31891711283f4d98263d11bc6156717d3e75a0b86a23f3b128a992c1f38/json], queryParams={}}
03:32:48.509 [main] DEBUG com.github.dockerjava.zerodep.shaded.org.apache.hc.client5.http.impl.classic.InternalHttpClient - ex-00000014: preparing request execution
03:32:48.509 [main] DEBUG com.github.dockerjava.zerodep.shaded.org.apache.hc.client5.http.protocol.RequestAddCookies - Cookie spec selected: strict
03:32:48.509 [main] DEBUG com.github.dockerjava.zerodep.shaded.org.apache.hc.client5.http.protocol.RequestAuthCache - Auth cache not set in the context
03:32:48.509 [main] DEBUG com.github.dockerjava.zerodep.shaded.org.apache.hc.client5.http.impl.classic.ProtocolExec - ex-00000014: target auth state: UNCHALLENGED
03:32:48.509 [main] DEBUG com.github.dockerjava.zerodep.shaded.org.apache.hc.client5.http.impl.classic.ProtocolExec - ex-00000014: proxy auth state: UNCHALLENGED
03:32:48.509 [main] DEBUG com.github.dockerjava.zerodep.shaded.org.apache.hc.client5.http.impl.classic.ConnectExec - ex-00000014: acquiring connection with route {}->unix://localhost:2375
03:32:48.509 [main] DEBUG com.github.dockerjava.zerodep.shaded.org.apache.hc.client5.http.impl.classic.InternalHttpClient - ex-00000014: acquiring endpoint (3 MINUTES)
03:32:48.509 [main] DEBUG com.github.dockerjava.zerodep.shaded.org.apache.hc.client5.http.impl.io.PoolingHttpClientConnectionManager - ex-00000014: endpoint lease request (3 MINUTES) [route: {}->unix://localhost:2375][total available: 1; route allocated: 1 of 2147483647; total allocated: 1 of 2147483647]
03:32:48.510 [main] DEBUG com.github.dockerjava.zerodep.shaded.org.apache.hc.client5.http.impl.io.PoolingHttpClientConnectionManager - ex-00000014: endpoint leased [route: {}->unix://localhost:2375][total available: 0; route allocated: 1 of 2147483647; total allocated: 1 of 2147483647]
03:32:48.510 [main] DEBUG com.github.dockerjava.zerodep.shaded.org.apache.hc.client5.http.impl.io.PoolingHttpClientConnectionManager - ex-00000014: acquired ep-00000013
03:32:48.510 [main] DEBUG com.github.dockerjava.zerodep.shaded.org.apache.hc.client5.http.impl.classic.InternalHttpClient - ex-00000014: acquired endpoint ep-00000013
03:32:48.510 [main] DEBUG com.github.dockerjava.zerodep.shaded.org.apache.hc.client5.http.impl.classic.MainClientExec - ex-00000014: executing GET /v1.32/containers/9691e31891711283f4d98263d11bc6156717d3e75a0b86a23f3b128a992c1f38/json HTTP/1.1
03:32:48.510 [main] DEBUG com.github.dockerjava.zerodep.shaded.org.apache.hc.client5.http.impl.classic.InternalHttpClient - ep-00000013: start execution ex-00000014
03:32:48.510 [main] DEBUG com.github.dockerjava.zerodep.shaded.org.apache.hc.client5.http.impl.io.PoolingHttpClientConnectionManager - ep-00000013: executing exchange ex-00000014 over http-outgoing-2
03:32:48.510 [main] DEBUG com.github.dockerjava.zerodep.shaded.org.apache.hc.client5.http.headers - http-outgoing-2 >> GET /v1.32/containers/9691e31891711283f4d98263d11bc6156717d3e75a0b86a23f3b128a992c1f38/json HTTP/1.1
03:32:48.510 [main] DEBUG com.github.dockerjava.zerodep.shaded.org.apache.hc.client5.http.headers - http-outgoing-2 >> accept: application/json
03:32:48.510 [main] DEBUG com.github.dockerjava.zerodep.shaded.org.apache.hc.client5.http.headers - http-outgoing-2 >> Accept-Encoding: gzip, x-gzip, deflate
03:32:48.510 [main] DEBUG com.github.dockerjava.zerodep.shaded.org.apache.hc.client5.http.headers - http-outgoing-2 >> Host: localhost:2375
03:32:48.510 [main] DEBUG com.github.dockerjava.zerodep.shaded.org.apache.hc.client5.http.headers - http-outgoing-2 >> Connection: keep-alive
03:32:48.510 [main] DEBUG com.github.dockerjava.zerodep.shaded.org.apache.hc.client5.http.headers - http-outgoing-2 >> User-Agent: Apache-HttpClient/5.0.3 (Java/11.0.15)
03:32:48.511 [main] DEBUG com.github.dockerjava.zerodep.shaded.org.apache.hc.client5.http.wire - http-outgoing-2 >> "GET /v1.32/containers/9691e31891711283f4d98263d11bc6156717d3e75a0b86a23f3b128a992c1f38/json HTTP/1.1[\r][\n]"
03:32:48.511 [main] DEBUG com.github.dockerjava.zerodep.shaded.org.apache.hc.client5.http.wire - http-outgoing-2 >> "accept: application/json[\r][\n]"
03:32:48.511 [main] DEBUG com.github.dockerjava.zerodep.shaded.org.apache.hc.client5.http.wire - http-outgoing-2 >> "Accept-Encoding: gzip, x-gzip, deflate[\r][\n]"
03:32:48.511 [main] DEBUG com.github.dockerjava.zerodep.shaded.org.apache.hc.client5.http.wire - http-outgoing-2 >> "Host: localhost:2375[\r][\n]"
03:32:48.511 [main] DEBUG com.github.dockerjava.zerodep.shaded.org.apache.hc.client5.http.wire - http-outgoing-2 >> "Connection: keep-alive[\r][\n]"
03:32:48.511 [main] DEBUG com.github.dockerjava.zerodep.shaded.org.apache.hc.client5.http.wire - http-outgoing-2 >> "User-Agent: Apache-HttpClient/5.0.3 (Java/11.0.15)[\r][\n]"
03:32:48.511 [main] DEBUG com.github.dockerjava.zerodep.shaded.org.apache.hc.client5.http.wire - http-outgoing-2 >> "[\r][\n]"
03:32:48.511 [main] DEBUG com.github.dockerjava.zerodep.shaded.org.apache.hc.client5.http.wire - http-outgoing-2 << "HTTP/1.1 200 OK[\r][\n]"
03:32:48.511 [main] DEBUG com.github.dockerjava.zerodep.shaded.org.apache.hc.client5.http.wire - http-outgoing-2 << "Api-Version: 1.41[\r][\n]"
03:32:48.511 [main] DEBUG com.github.dockerjava.zerodep.shaded.org.apache.hc.client5.http.wire - http-outgoing-2 << "Content-Type: application/json[\r][\n]"
03:32:48.511 [main] DEBUG com.github.dockerjava.zerodep.shaded.org.apache.hc.client5.http.wire - http-outgoing-2 << "Docker-Experimental: false[\r][\n]"
03:32:48.511 [main] DEBUG com.github.dockerjava.zerodep.shaded.org.apache.hc.client5.http.wire - http-outgoing-2 << "Ostype: linux[\r][\n]"
03:32:48.511 [main] DEBUG com.github.dockerjava.zerodep.shaded.org.apache.hc.client5.http.wire - http-outgoing-2 << "Server: Docker/20.10.12 (linux)[\r][\n]"
03:32:48.511 [main] DEBUG com.github.dockerjava.zerodep.shaded.org.apache.hc.client5.http.wire - http-outgoing-2 << "Date: Thu, 23 Jun 2022 02:32:48 GMT[\r][\n]"
03:32:48.511 [main] DEBUG com.github.dockerjava.zerodep.shaded.org.apache.hc.client5.http.wire - http-outgoing-2 << "Transfer-Encoding: chunked[\r][\n]"
03:32:48.511 [main] DEBUG com.github.dockerjava.zerodep.shaded.org.apache.hc.client5.http.wire - http-outgoing-2 << "[\r][\n]"
03:32:48.511 [main] DEBUG com.github.dockerjava.zerodep.shaded.org.apache.hc.client5.http.wire - http-outgoing-2 << "18ed[\r][\n]"
03:32:48.512 [main] DEBUG com.github.dockerjava.zerodep.shaded.org.apache.hc.client5.http.wire - http-outgoing-2 << "{"Id":"9691e31891711283f4d98263d11bc6156717d3e75a0b86a23f3b128a992c1f38","Created":"2022-06-23T02:32:47.03956921Z","Path":"docker-entrypoint.sh","Args":["mysqld"],"State":{"Status":"running","Running":true,"Paused":false,"Restarting":false,"OOMKilled":false,"Dead":false,"Pid":66188,"ExitCode":0,"Error":"","StartedAt":"2022-06-23T02:32:47.703880551Z","FinishedAt":"0001-01-01T00:00:00Z"},"Image":"sha256:65b636d5542b73254ce90cc4b895597dc1adc2c661ca553c38eda159979dded1","ResolvConfPath":"/var/lib/docker/containers/9691e31891711283f4d98263d11bc6156717d3e75a0b86a23f3b128a992c1f38/resolv.conf","HostnamePath":"/var/lib/docker/containers/9691e31891711283f4d98263d11bc6156717d3e75a0b86a23f3b128a992c1f38/hostname","HostsPath":"/var/lib/docker/containers/9691e31891711283f4d98263d11bc6156717d3e75a0b86a23f3b128a992c1f38/hosts","LogPath":"/var/lib/docker/containers/9691e31891711283f4d98263d11bc6156717d3e75a0b86a23f3b128a992c1f38/9691e31891711283f4d98263d11bc6156717d3e75a0b86a23f3b128a992c1f38-json.log","Name":"/xenodochial_satoshi","RestartCount":0,"Driver":"overlay2","Platform":"linux","MountLabel":"","ProcessLabel":"","AppArmorProfile":"docker-default","ExecIDs":null,"HostConfig":{"Binds":[],"ContainerIDFile":"","LogConfig":{"Type":"json-file","Config":{}},"NetworkMode":"default","PortBindings":{"3306/tcp":[{"HostIp":"","HostPort":""}]},"RestartPolicy":{"Name":"","MaximumRetryCount":0},"AutoRemove":false,"VolumeDriver":"","VolumesFrom":[],"CapAdd":null,"CapDrop":null,"CgroupnsMode":"host","Dns":null,"DnsOptions":null,"DnsSearch":null,"ExtraHosts":[],"GroupAdd":null,"IpcMode":"shareable","Cgroup":"","Links":null,"OomScoreAdj":0,"PidMode":"","Privileged":false,"PublishAllPorts":false,"ReadonlyRootfs":false,"SecurityOpt":null,"UTSMode":"","UsernsMode":"","ShmSize":67108864,"Runtime":"runc","ConsoleSize":[0,0],"Isolation":"","CpuShares":0,"Memory":0,"NanoCpus":0,"CgroupParent":"","BlkioWeight":0,"BlkioWeightDevice":null,"BlkioDeviceReadBps":null,"BlkioDeviceWriteBps":null,"BlkioDeviceReadIOps":null,"BlkioDeviceWriteIOps":null,"CpuPeriod":0,"CpuQuota":0,"CpuRealtimePeriod":0,"CpuRealtimeRuntime":0,"CpusetCpus":"","CpusetMems":"","Devices":null,"DeviceCgroupRules":null,"DeviceRequests":null,"KernelMemory":0,"KernelMemoryTCP":0,"MemoryReservation":0,"MemorySwap":0,"MemorySwappiness":null,"OomKillDisable":false,"PidsLimit":null,"Ulimits":null,"CpuCount":0,"CpuPercent":0,"IOMaximumIOps":0,"IOMaximumBandwidth":0,"MaskedPaths":["/proc/asound","/proc/acpi","/proc/kcore","/proc/keys","/proc/latency_stats","/proc/timer_list","/proc/timer_stats","/proc/sched_debug","/proc/scsi","/sys/firmware"],"ReadonlyPaths":["/proc/bus","/proc/fs","/proc/irq","/proc/sys","/proc/sysrq-trigger"]},"GraphDriver":{"Data":{"LowerDir":"/var/lib/docker/overlay2/5529564f52cf969e31e7a1482c27be7ffed19639b506ae2e15b7e7115f699a73-init/diff:/var/lib/docker/overlay2/833a665819b5d9728d3efa7c33135034345a24f83af53b1a1af33d9b64f5492a/diff:/var/lib/docker/overlay2/bd4a2a46c227c2f15475b08c398f37acaab93f4fdba31de015d730efae0a0cfc/diff:/var/lib/docker/overlay2/31ad437d7cba8e64428a2b62db1bbb2a2ec19ca4e439ec493ef4deb50dce2783/diff:/var/lib/docker/overlay2/35173cbd8ec5b88a8888e9abbe75f8694f5d3f96a9b781bb70dc1f0889685741/diff:/var/lib/docker/overlay2/24bf69ac4e8c81062fee44e7c9f746fffbb139c3f7f4b55b4fd1b23bb101b529/diff:/var/lib/docker/overlay2/2f27c96a7775dad186b6f0da325d5a251c80aa1b7f80cf8520f493c5154aee70/diff:/var/lib/docker/overlay2/463a60088c72ddbea82639ded15801e35a79c443f6a26bf1baf320c683cb06af/diff:/var/lib/docker/overlay2/80b8224b23a2ee4b5be635c58ae579fd1913aa95558cd66ab2f5e8430f00a5b8/diff:/var/lib/docker/overlay2/20451fa0b1a07b85d665bc3a0359d721ce4e4c28fa3bce7456ab25e0babae708/diff:/var/lib/docker/overlay2/f80d865cbc6c1c6f57d0963fa6234e7a6409e079eb17f4f13ca41d02731701ad/diff:/var/lib/docker/overlay2/5a3029e0b57c6ec9b985871ff6adf08356aaa0f2a15f1e34c1a7f116ecc4a61d/diff:/var/lib/docker/overlay2/4f3423103248d0b381a1bc6a7287e2b42313ff458cea602a02b7379014b03e0e/diff","MergedDir":"/var/lib/docker/overlay2/5529564f52cf969e31e7a1482c27be7ffed19639b506ae2e15b7e7115f699a73/merged","UpperDir":"/var/lib/docker/overlay2/5529564f52cf969e31e7a1482c27be7ffed19639b506ae2e15b7e7115f699a73/diff","WorkDir":"/var/lib/docker/overlay2/5529564f52cf969e31e7a1482c27be7ffed19639b506ae2e15b7e7115f699a73/work"},"Name":"overlay2"},"Mounts":[{"Type":"volume","Name":"fd1f613c7fe3ca3ae799982507ac3f565cc9f6a2dc99ceaed92389e2c43f47d1","Source":"/var/lib/docker/volumes/fd1f613c7fe3ca3ae799982507ac3f565cc9f6a2dc99ceaed92389e2c43f47d1/_data","Destination":"/var/lib/mysql","Driver":"local","Mode":"","RW":true,"Propagation":""}],"Config":{"Hostname":"9691e3189171","Domainname":"","User":"","AttachStdin":false,"AttachStdout":false,"AttachStderr":false,"ExposedPorts":{"3306/tcp":{},"33060/tcp":{}},"Tty":false,"OpenStdin":false,"StdinOnce":false,"Env":["MYSQL_DATABASE=test","MYSQL_PASSWORD=admin","MYSQL_USER=admin","MYSQL_ROOT_PASSWORD=admin","PATH=/usr/local/sbin:/usr/local/bin:/usr/sbin:/usr/bin:/sbin:/bin","GOSU_VERSION=1.14","MYSQL_MAJOR=8.0","MYSQL_VERSION=8.0.29-1debian10"],"Cmd":["mysqld"],"Image":"mysql:8.0","Volumes":{"/var/lib/mysql":{}},"WorkingDir":"","Entrypoint":["docker-entrypoint.sh"],"OnBuild":null,"Labels":{"org.testcontainers":"true","org.testcontainers.sessionId":"d48265e4-2b28-4f8c-aa67-76dd8289af84"}},"NetworkSettings":{"Bridge":"","SandboxID":"d9de8570fe3f0a4e9f3a1ff7101c963bbd2c6a0a9d8a867b96f17f4d5edca537","HairpinMode":false,"LinkLocalIPv6Address":"","LinkLocalIPv6PrefixLen":0,"Ports":{"3306/tcp":[{"HostIp":"0.0.0.0","HostPort":"49160"},{"HostIp":"::","HostPort":"49160"}],"33060/tcp":null},"SandboxKey":"/var/run/docker/netns/d9de8570fe3f","SecondaryIPAddresses":null,"SecondaryIPv6Addresses":null,"EndpointID":"93e8fe159f683a98670e8995677c2b130dbce857fc116679206e206bda319cbf","Gateway":"172.17.0.1","GlobalIPv6Address":"","GlobalIPv6PrefixLen":0,"IPAddress":"172.17.0.3","IPPrefixLen":16,"IPv6Gateway":"","MacAddress":"02:42:ac:11:00:03","Networks":{"bridge":{"IPAMConfig":null,"Links":null,"Aliases":null,"NetworkID":"1853cd2b9856825cc97ed9ef2b12efa82d95bf9cf60ad666c276eb35cc53539e","EndpointID":"93e8fe159f683a98670e8995677c2b130dbce857fc116679206e206bda319cbf","Gateway":"172.17.0.1","IPAddress":"172.17.0.3","IPPrefixLen":16,"IPv6Gateway":"","GlobalIPv6Address":"","GlobalIPv6PrefixLen":0,"MacAddress":"02:42:ac:11:00:03","DriverOpts":null}}}}[\n]"
03:32:48.512 [main] DEBUG com.github.dockerjava.zerodep.shaded.org.apache.hc.client5.http.wire - http-outgoing-2 << "[\r][\n]"
03:32:48.512 [main] DEBUG com.github.dockerjava.zerodep.shaded.org.apache.hc.client5.http.wire - http-outgoing-2 << "0[\r][\n]"
03:32:48.512 [main] DEBUG com.github.dockerjava.zerodep.shaded.org.apache.hc.client5.http.wire - http-outgoing-2 << "[\r][\n]"
03:32:48.512 [main] DEBUG com.github.dockerjava.zerodep.shaded.org.apache.hc.client5.http.headers - http-outgoing-2 << HTTP/1.1 200 OK
03:32:48.512 [main] DEBUG com.github.dockerjava.zerodep.shaded.org.apache.hc.client5.http.headers - http-outgoing-2 << Api-Version: 1.41
03:32:48.512 [main] DEBUG com.github.dockerjava.zerodep.shaded.org.apache.hc.client5.http.headers - http-outgoing-2 << Content-Type: application/json
03:32:48.512 [main] DEBUG com.github.dockerjava.zerodep.shaded.org.apache.hc.client5.http.headers - http-outgoing-2 << Docker-Experimental: false
03:32:48.512 [main] DEBUG com.github.dockerjava.zerodep.shaded.org.apache.hc.client5.http.headers - http-outgoing-2 << Ostype: linux
03:32:48.512 [main] DEBUG com.github.dockerjava.zerodep.shaded.org.apache.hc.client5.http.headers - http-outgoing-2 << Server: Docker/20.10.12 (linux)
03:32:48.512 [main] DEBUG com.github.dockerjava.zerodep.shaded.org.apache.hc.client5.http.headers - http-outgoing-2 << Date: Thu, 23 Jun 2022 02:32:48 GMT
03:32:48.512 [main] DEBUG com.github.dockerjava.zerodep.shaded.org.apache.hc.client5.http.headers - http-outgoing-2 << Transfer-Encoding: chunked
03:32:48.512 [main] DEBUG com.github.dockerjava.zerodep.shaded.org.apache.hc.client5.http.impl.classic.MainClientExec - ex-00000014: connection can be kept alive for 3 MINUTES
03:32:48.515 [main] DEBUG com.github.dockerjava.zerodep.shaded.org.apache.hc.client5.http.impl.classic.InternalHttpClient - ep-00000013: releasing valid endpoint
03:32:48.515 [main] DEBUG com.github.dockerjava.zerodep.shaded.org.apache.hc.client5.http.impl.io.PoolingHttpClientConnectionManager - ep-00000013: releasing endpoint
03:32:48.515 [main] DEBUG com.github.dockerjava.zerodep.shaded.org.apache.hc.client5.http.impl.io.PoolingHttpClientConnectionManager - ep-00000013: connection http-outgoing-2 can be kept alive for 3 MINUTES
03:32:48.515 [main] DEBUG com.github.dockerjava.zerodep.shaded.org.apache.hc.client5.http.impl.io.PoolingHttpClientConnectionManager - ep-00000013: connection released [route: {}->unix://localhost:2375][total available: 1; route allocated: 1 of 2147483647; total allocated: 1 of 2147483647]
03:32:48.515 [main] DEBUG 🐳 [mysql:8.0] - Trying to create JDBC connection using com.mysql.cj.jdbc.Driver to jdbc:mysql://localhost:49160/test?useSSL=false&allowPublicKeyRetrieval=true with properties: {password=admin, user=admin}
03:32:48.618 [main] DEBUG org.testcontainers.shaded.com.github.dockerjava.core.command.AbstrDockerCmd - Cmd: 9691e31891711283f4d98263d11bc6156717d3e75a0b86a23f3b128a992c1f38,false
03:32:48.618 [main] DEBUG org.testcontainers.shaded.com.github.dockerjava.core.exec.InspectContainerCmdExec - GET: DefaultWebTarget{path=[/containers/9691e31891711283f4d98263d11bc6156717d3e75a0b86a23f3b128a992c1f38/json], queryParams={}}
03:32:48.618 [main] DEBUG com.github.dockerjava.zerodep.shaded.org.apache.hc.client5.http.impl.classic.InternalHttpClient - ex-00000015: preparing request execution
03:32:48.618 [main] DEBUG com.github.dockerjava.zerodep.shaded.org.apache.hc.client5.http.protocol.RequestAddCookies - Cookie spec selected: strict
03:32:48.618 [main] DEBUG com.github.dockerjava.zerodep.shaded.org.apache.hc.client5.http.protocol.RequestAuthCache - Auth cache not set in the context
03:32:48.618 [main] DEBUG com.github.dockerjava.zerodep.shaded.org.apache.hc.client5.http.impl.classic.ProtocolExec - ex-00000015: target auth state: UNCHALLENGED
03:32:48.618 [main] DEBUG com.github.dockerjava.zerodep.shaded.org.apache.hc.client5.http.impl.classic.ProtocolExec - ex-00000015: proxy auth state: UNCHALLENGED
03:32:48.618 [main] DEBUG com.github.dockerjava.zerodep.shaded.org.apache.hc.client5.http.impl.classic.ConnectExec - ex-00000015: acquiring connection with route {}->unix://localhost:2375
03:32:48.618 [main] DEBUG com.github.dockerjava.zerodep.shaded.org.apache.hc.client5.http.impl.classic.InternalHttpClient - ex-00000015: acquiring endpoint (3 MINUTES)
03:32:48.618 [main] DEBUG com.github.dockerjava.zerodep.shaded.org.apache.hc.client5.http.impl.io.PoolingHttpClientConnectionManager - ex-00000015: endpoint lease request (3 MINUTES) [route: {}->unix://localhost:2375][total available: 1; route allocated: 1 of 2147483647; total allocated: 1 of 2147483647]
03:32:48.619 [main] DEBUG com.github.dockerjava.zerodep.shaded.org.apache.hc.client5.http.impl.io.PoolingHttpClientConnectionManager - ex-00000015: endpoint leased [route: {}->unix://localhost:2375][total available: 0; route allocated: 1 of 2147483647; total allocated: 1 of 2147483647]
03:32:48.619 [main] DEBUG com.github.dockerjava.zerodep.shaded.org.apache.hc.client5.http.impl.io.PoolingHttpClientConnectionManager - ex-00000015: acquired ep-00000014
03:32:48.619 [main] DEBUG com.github.dockerjava.zerodep.shaded.org.apache.hc.client5.http.impl.classic.InternalHttpClient - ex-00000015: acquired endpoint ep-00000014
03:32:48.619 [main] DEBUG com.github.dockerjava.zerodep.shaded.org.apache.hc.client5.http.impl.classic.MainClientExec - ex-00000015: executing GET /v1.32/containers/9691e31891711283f4d98263d11bc6156717d3e75a0b86a23f3b128a992c1f38/json HTTP/1.1
03:32:48.619 [main] DEBUG com.github.dockerjava.zerodep.shaded.org.apache.hc.client5.http.impl.classic.InternalHttpClient - ep-00000014: start execution ex-00000015
03:32:48.619 [main] DEBUG com.github.dockerjava.zerodep.shaded.org.apache.hc.client5.http.impl.io.PoolingHttpClientConnectionManager - ep-00000014: executing exchange ex-00000015 over http-outgoing-2
03:32:48.619 [main] DEBUG com.github.dockerjava.zerodep.shaded.org.apache.hc.client5.http.headers - http-outgoing-2 >> GET /v1.32/containers/9691e31891711283f4d98263d11bc6156717d3e75a0b86a23f3b128a992c1f38/json HTTP/1.1
03:32:48.619 [main] DEBUG com.github.dockerjava.zerodep.shaded.org.apache.hc.client5.http.headers - http-outgoing-2 >> accept: application/json
03:32:48.619 [main] DEBUG com.github.dockerjava.zerodep.shaded.org.apache.hc.client5.http.headers - http-outgoing-2 >> Accept-Encoding: gzip, x-gzip, deflate
03:32:48.619 [main] DEBUG com.github.dockerjava.zerodep.shaded.org.apache.hc.client5.http.headers - http-outgoing-2 >> Host: localhost:2375
03:32:48.619 [main] DEBUG com.github.dockerjava.zerodep.shaded.org.apache.hc.client5.http.headers - http-outgoing-2 >> Connection: keep-alive
03:32:48.619 [main] DEBUG com.github.dockerjava.zerodep.shaded.org.apache.hc.client5.http.headers - http-outgoing-2 >> User-Agent: Apache-HttpClient/5.0.3 (Java/11.0.15)
03:32:48.619 [main] DEBUG com.github.dockerjava.zerodep.shaded.org.apache.hc.client5.http.wire - http-outgoing-2 >> "GET /v1.32/containers/9691e31891711283f4d98263d11bc6156717d3e75a0b86a23f3b128a992c1f38/json HTTP/1.1[\r][\n]"
03:32:48.619 [main] DEBUG com.github.dockerjava.zerodep.shaded.org.apache.hc.client5.http.wire - http-outgoing-2 >> "accept: application/json[\r][\n]"
03:32:48.619 [main] DEBUG com.github.dockerjava.zerodep.shaded.org.apache.hc.client5.http.wire - http-outgoing-2 >> "Accept-Encoding: gzip, x-gzip, deflate[\r][\n]"
03:32:48.619 [main] DEBUG com.github.dockerjava.zerodep.shaded.org.apache.hc.client5.http.wire - http-outgoing-2 >> "Host: localhost:2375[\r][\n]"
03:32:48.619 [main] DEBUG com.github.dockerjava.zerodep.shaded.org.apache.hc.client5.http.wire - http-outgoing-2 >> "Connection: keep-alive[\r][\n]"
03:32:48.619 [main] DEBUG com.github.dockerjava.zerodep.shaded.org.apache.hc.client5.http.wire - http-outgoing-2 >> "User-Agent: Apache-HttpClient/5.0.3 (Java/11.0.15)[\r][\n]"
03:32:48.619 [main] DEBUG com.github.dockerjava.zerodep.shaded.org.apache.hc.client5.http.wire - http-outgoing-2 >> "[\r][\n]"
03:32:48.620 [main] DEBUG com.github.dockerjava.zerodep.shaded.org.apache.hc.client5.http.wire - http-outgoing-2 << "HTTP/1.1 200 OK[\r][\n]"
03:32:48.620 [main] DEBUG com.github.dockerjava.zerodep.shaded.org.apache.hc.client5.http.wire - http-outgoing-2 << "Api-Version: 1.41[\r][\n]"
03:32:48.620 [main] DEBUG com.github.dockerjava.zerodep.shaded.org.apache.hc.client5.http.wire - http-outgoing-2 << "Content-Type: application/json[\r][\n]"
03:32:48.620 [main] DEBUG com.github.dockerjava.zerodep.shaded.org.apache.hc.client5.http.wire - http-outgoing-2 << "Docker-Experimental: false[\r][\n]"
03:32:48.620 [main] DEBUG com.github.dockerjava.zerodep.shaded.org.apache.hc.client5.http.wire - http-outgoing-2 << "Ostype: linux[\r][\n]"
03:32:48.620 [main] DEBUG com.github.dockerjava.zerodep.shaded.org.apache.hc.client5.http.wire - http-outgoing-2 << "Server: Docker/20.10.12 (linux)[\r][\n]"
03:32:48.620 [main] DEBUG com.github.dockerjava.zerodep.shaded.org.apache.hc.client5.http.wire - http-outgoing-2 << "Date: Thu, 23 Jun 2022 02:32:48 GMT[\r][\n]"
03:32:48.620 [main] DEBUG com.github.dockerjava.zerodep.shaded.org.apache.hc.client5.http.wire - http-outgoing-2 << "Transfer-Encoding: chunked[\r][\n]"
03:32:48.620 [main] DEBUG com.github.dockerjava.zerodep.shaded.org.apache.hc.client5.http.wire - http-outgoing-2 << "[\r][\n]"
03:32:48.620 [main] DEBUG com.github.dockerjava.zerodep.shaded.org.apache.hc.client5.http.wire - http-outgoing-2 << "18ed[\r][\n]"
03:32:48.620 [main] DEBUG com.github.dockerjava.zerodep.shaded.org.apache.hc.client5.http.wire - http-outgoing-2 << "{"Id":"9691e31891711283f4d98263d11bc6156717d3e75a0b86a23f3b128a992c1f38","Created":"2022-06-23T02:32:47.03956921Z","Path":"docker-entrypoint.sh","Args":["mysqld"],"State":{"Status":"running","Running":true,"Paused":false,"Restarting":false,"OOMKilled":false,"Dead":false,"Pid":66188,"ExitCode":0,"Error":"","StartedAt":"2022-06-23T02:32:47.703880551Z","FinishedAt":"0001-01-01T00:00:00Z"},"Image":"sha256:65b636d5542b73254ce90cc4b895597dc1adc2c661ca553c38eda159979dded1","ResolvConfPath":"/var/lib/docker/containers/9691e31891711283f4d98263d11bc6156717d3e75a0b86a23f3b128a992c1f38/resolv.conf","HostnamePath":"/var/lib/docker/containers/9691e31891711283f4d98263d11bc6156717d3e75a0b86a23f3b128a992c1f38/hostname","HostsPath":"/var/lib/docker/containers/9691e31891711283f4d98263d11bc6156717d3e75a0b86a23f3b128a992c1f38/hosts","LogPath":"/var/lib/docker/containers/9691e31891711283f4d98263d11bc6156717d3e75a0b86a23f3b128a992c1f38/9691e31891711283f4d98263d11bc6156717d3e75a0b86a23f3b128a992c1f38-json.log","Name":"/xenodochial_satoshi","RestartCount":0,"Driver":"overlay2","Platform":"linux","MountLabel":"","ProcessLabel":"","AppArmorProfile":"docker-default","ExecIDs":null,"HostConfig":{"Binds":[],"ContainerIDFile":"","LogConfig":{"Type":"json-file","Config":{}},"NetworkMode":"default","PortBindings":{"3306/tcp":[{"HostIp":"","HostPort":""}]},"RestartPolicy":{"Name":"","MaximumRetryCount":0},"AutoRemove":false,"VolumeDriver":"","VolumesFrom":[],"CapAdd":null,"CapDrop":null,"CgroupnsMode":"host","Dns":null,"DnsOptions":null,"DnsSearch":null,"ExtraHosts":[],"GroupAdd":null,"IpcMode":"shareable","Cgroup":"","Links":null,"OomScoreAdj":0,"PidMode":"","Privileged":false,"PublishAllPorts":false,"ReadonlyRootfs":false,"SecurityOpt":null,"UTSMode":"","UsernsMode":"","ShmSize":67108864,"Runtime":"runc","ConsoleSize":[0,0],"Isolation":"","CpuShares":0,"Memory":0,"NanoCpus":0,"CgroupParent":"","BlkioWeight":0,"BlkioWeightDevice":null,"BlkioDeviceReadBps":null,"BlkioDeviceWriteBps":null,"BlkioDeviceReadIOps":null,"BlkioDeviceWriteIOps":null,"CpuPeriod":0,"CpuQuota":0,"CpuRealtimePeriod":0,"CpuRealtimeRuntime":0,"CpusetCpus":"","CpusetMems":"","Devices":null,"DeviceCgroupRules":null,"DeviceRequests":null,"KernelMemory":0,"KernelMemoryTCP":0,"MemoryReservation":0,"MemorySwap":0,"MemorySwappiness":null,"OomKillDisable":false,"PidsLimit":null,"Ulimits":null,"CpuCount":0,"CpuPercent":0,"IOMaximumIOps":0,"IOMaximumBandwidth":0,"MaskedPaths":["/proc/asound","/proc/acpi","/proc/kcore","/proc/keys","/proc/latency_stats","/proc/timer_list","/proc/timer_stats","/proc/sched_debug","/proc/scsi","/sys/firmware"],"ReadonlyPaths":["/proc/bus","/proc/fs","/proc/irq","/proc/sys","/proc/sysrq-trigger"]},"GraphDriver":{"Data":{"LowerDir":"/var/lib/docker/overlay2/5529564f52cf969e31e7a1482c27be7ffed19639b506ae2e15b7e7115f699a73-init/diff:/var/lib/docker/overlay2/833a665819b5d9728d3efa7c33135034345a24f83af53b1a1af33d9b64f5492a/diff:/var/lib/docker/overlay2/bd4a2a46c227c2f15475b08c398f37acaab93f4fdba31de015d730efae0a0cfc/diff:/var/lib/docker/overlay2/31ad437d7cba8e64428a2b62db1bbb2a2ec19ca4e439ec493ef4deb50dce2783/diff:/var/lib/docker/overlay2/35173cbd8ec5b88a8888e9abbe75f8694f5d3f96a9b781bb70dc1f0889685741/diff:/var/lib/docker/overlay2/24bf69ac4e8c81062fee44e7c9f746fffbb139c3f7f4b55b4fd1b23bb101b529/diff:/var/lib/docker/overlay2/2f27c96a7775dad186b6f0da325d5a251c80aa1b7f80cf8520f493c5154aee70/diff:/var/lib/docker/overlay2/463a60088c72ddbea82639ded15801e35a79c443f6a26bf1baf320c683cb06af/diff:/var/lib/docker/overlay2/80b8224b23a2ee4b5be635c58ae579fd1913aa95558cd66ab2f5e8430f00a5b8/diff:/var/lib/docker/overlay2/20451fa0b1a07b85d665bc3a0359d721ce4e4c28fa3bce7456ab25e0babae708/diff:/var/lib/docker/overlay2/f80d865cbc6c1c6f57d0963fa6234e7a6409e079eb17f4f13ca41d02731701ad/diff:/var/lib/docker/overlay2/5a3029e0b57c6ec9b985871ff6adf08356aaa0f2a15f1e34c1a7f116ecc4a61d/diff:/var/lib/docker/overlay2/4f3423103248d0b381a1bc6a7287e2b42313ff458cea602a02b7379014b03e0e/diff","MergedDir":"/var/lib/docker/overlay2/5529564f52cf969e31e7a1482c27be7ffed19639b506ae2e15b7e7115f699a73/merged","UpperDir":"/var/lib/docker/overlay2/5529564f52cf969e31e7a1482c27be7ffed19639b506ae2e15b7e7115f699a73/diff","WorkDir":"/var/lib/docker/overlay2/5529564f52cf969e31e7a1482c27be7ffed19639b506ae2e15b7e7115f699a73/work"},"Name":"overlay2"},"Mounts":[{"Type":"volume","Name":"fd1f613c7fe3ca3ae799982507ac3f565cc9f6a2dc99ceaed92389e2c43f47d1","Source":"/var/lib/docker/volumes/fd1f613c7fe3ca3ae799982507ac3f565cc9f6a2dc99ceaed92389e2c43f47d1/_data","Destination":"/var/lib/mysql","Driver":"local","Mode":"","RW":true,"Propagation":""}],"Config":{"Hostname":"9691e3189171","Domainname":"","User":"","AttachStdin":false,"AttachStdout":false,"AttachStderr":false,"ExposedPorts":{"3306/tcp":{},"33060/tcp":{}},"Tty":false,"OpenStdin":false,"StdinOnce":false,"Env":["MYSQL_DATABASE=test","MYSQL_PASSWORD=admin","MYSQL_USER=admin","MYSQL_ROOT_PASSWORD=admin","PATH=/usr/local/sbin:/usr/local/bin:/usr/sbin:/usr/bin:/sbin:/bin","GOSU_VERSION=1.14","MYSQL_MAJOR=8.0","MYSQL_VERSION=8.0.29-1debian10"],"Cmd":["mysqld"],"Image":"mysql:8.0","Volumes":{"/var/lib/mysql":{}},"WorkingDir":"","Entrypoint":["docker-entrypoint.sh"],"OnBuild":null,"Labels":{"org.testcontainers":"true","org.testcontainers.sessionId":"d48265e4-2b28-4f8c-aa67-76dd8289af84"}},"NetworkSettings":{"Bridge":"","SandboxID":"d9de8570fe3f0a4e9f3a1ff7101c963bbd2c6a0a9d8a867b96f17f4d5edca537","HairpinMode":false,"LinkLocalIPv6Address":"","LinkLocalIPv6PrefixLen":0,"Ports":{"3306/tcp":[{"HostIp":"0.0.0.0","HostPort":"49160"},{"HostIp":"::","HostPort":"49160"}],"33060/tcp":null},"SandboxKey":"/var/run/docker/netns/d9de8570fe3f","SecondaryIPAddresses":null,"SecondaryIPv6Addresses":null,"EndpointID":"93e8fe159f683a98670e8995677c2b130dbce857fc116679206e206bda319cbf","Gateway":"172.17.0.1","GlobalIPv6Address":"","GlobalIPv6PrefixLen":0,"IPAddress":"172.17.0.3","IPPrefixLen":16,"IPv6Gateway":"","MacAddress":"02:42:ac:11:00:03","Networks":{"bridge":{"IPAMConfig":null,"Links":null,"Aliases":null,"NetworkID":"1853cd2b9856825cc97ed9ef2b12efa82d95bf9cf60ad666c276eb35cc53539e","EndpointID":"93e8fe159f683a98670e8995677c2b130dbce857fc116679206e206bda319cbf","Gateway":"172.17.0.1","IPAddress":"172.17.0.3","IPPrefixLen":16,"IPv6Gateway":"","GlobalIPv6Address":"","GlobalIPv6PrefixLen":0,"MacAddress":"02:42:ac:11:00:03","DriverOpts":null}}}}[\n]"
03:32:48.620 [main] DEBUG com.github.dockerjava.zerodep.shaded.org.apache.hc.client5.http.wire - http-outgoing-2 << "[\r][\n]"
03:32:48.620 [main] DEBUG com.github.dockerjava.zerodep.shaded.org.apache.hc.client5.http.wire - http-outgoing-2 << "0[\r][\n]"
03:32:48.620 [main] DEBUG com.github.dockerjava.zerodep.shaded.org.apache.hc.client5.http.wire - http-outgoing-2 << "[\r][\n]"
03:32:48.620 [main] DEBUG com.github.dockerjava.zerodep.shaded.org.apache.hc.client5.http.headers - http-outgoing-2 << HTTP/1.1 200 OK
03:32:48.620 [main] DEBUG com.github.dockerjava.zerodep.shaded.org.apache.hc.client5.http.headers - http-outgoing-2 << Api-Version: 1.41
03:32:48.620 [main] DEBUG com.github.dockerjava.zerodep.shaded.org.apache.hc.client5.http.headers - http-outgoing-2 << Content-Type: application/json
03:32:48.620 [main] DEBUG com.github.dockerjava.zerodep.shaded.org.apache.hc.client5.http.headers - http-outgoing-2 << Docker-Experimental: false
03:32:48.620 [main] DEBUG com.github.dockerjava.zerodep.shaded.org.apache.hc.client5.http.headers - http-outgoing-2 << Ostype: linux
03:32:48.620 [main] DEBUG com.github.dockerjava.zerodep.shaded.org.apache.hc.client5.http.headers - http-outgoing-2 << Server: Docker/20.10.12 (linux)
03:32:48.620 [main] DEBUG com.github.dockerjava.zerodep.shaded.org.apache.hc.client5.http.headers - http-outgoing-2 << Date: Thu, 23 Jun 2022 02:32:48 GMT
03:32:48.620 [main] DEBUG com.github.dockerjava.zerodep.shaded.org.apache.hc.client5.http.headers - http-outgoing-2 << Transfer-Encoding: chunked
03:32:48.620 [main] DEBUG com.github.dockerjava.zerodep.shaded.org.apache.hc.client5.http.impl.classic.MainClientExec - ex-00000015: connection can be kept alive for 3 MINUTES
03:32:48.624 [main] DEBUG com.github.dockerjava.zerodep.shaded.org.apache.hc.client5.http.impl.classic.InternalHttpClient - ep-00000014: releasing valid endpoint
03:32:48.624 [main] DEBUG com.github.dockerjava.zerodep.shaded.org.apache.hc.client5.http.impl.io.PoolingHttpClientConnectionManager - ep-00000014: releasing endpoint
03:32:48.625 [main] DEBUG com.github.dockerjava.zerodep.shaded.org.apache.hc.client5.http.impl.io.PoolingHttpClientConnectionManager - ep-00000014: connection http-outgoing-2 can be kept alive for 3 MINUTES
03:32:48.625 [main] DEBUG com.github.dockerjava.zerodep.shaded.org.apache.hc.client5.http.impl.io.PoolingHttpClientConnectionManager - ep-00000014: connection released [route: {}->unix://localhost:2375][total available: 1; route allocated: 1 of 2147483647; total allocated: 1 of 2147483647]
03:32:48.625 [main] DEBUG 🐳 [mysql:8.0] - Trying to create JDBC connection using com.mysql.cj.jdbc.Driver to jdbc:mysql://localhost:49160/test?useSSL=false&allowPublicKeyRetrieval=true with properties: {password=admin, user=admin}
03:32:48.728 [main] DEBUG org.testcontainers.shaded.com.github.dockerjava.core.command.AbstrDockerCmd - Cmd: 9691e31891711283f4d98263d11bc6156717d3e75a0b86a23f3b128a992c1f38,false
03:32:48.728 [main] DEBUG org.testcontainers.shaded.com.github.dockerjava.core.exec.InspectContainerCmdExec - GET: DefaultWebTarget{path=[/containers/9691e31891711283f4d98263d11bc6156717d3e75a0b86a23f3b128a992c1f38/json], queryParams={}}
03:32:48.728 [main] DEBUG com.github.dockerjava.zerodep.shaded.org.apache.hc.client5.http.impl.classic.InternalHttpClient - ex-00000016: preparing request execution
03:32:48.728 [main] DEBUG com.github.dockerjava.zerodep.shaded.org.apache.hc.client5.http.protocol.RequestAddCookies - Cookie spec selected: strict
03:32:48.728 [main] DEBUG com.github.dockerjava.zerodep.shaded.org.apache.hc.client5.http.protocol.RequestAuthCache - Auth cache not set in the context
03:32:48.728 [main] DEBUG com.github.dockerjava.zerodep.shaded.org.apache.hc.client5.http.impl.classic.ProtocolExec - ex-00000016: target auth state: UNCHALLENGED
03:32:48.728 [main] DEBUG com.github.dockerjava.zerodep.shaded.org.apache.hc.client5.http.impl.classic.ProtocolExec - ex-00000016: proxy auth state: UNCHALLENGED
03:32:48.728 [main] DEBUG com.github.dockerjava.zerodep.shaded.org.apache.hc.client5.http.impl.classic.ConnectExec - ex-00000016: acquiring connection with route {}->unix://localhost:2375
03:32:48.728 [main] DEBUG com.github.dockerjava.zerodep.shaded.org.apache.hc.client5.http.impl.classic.InternalHttpClient - ex-00000016: acquiring endpoint (3 MINUTES)
03:32:48.728 [main] DEBUG com.github.dockerjava.zerodep.shaded.org.apache.hc.client5.http.impl.io.PoolingHttpClientConnectionManager - ex-00000016: endpoint lease request (3 MINUTES) [route: {}->unix://localhost:2375][total available: 1; route allocated: 1 of 2147483647; total allocated: 1 of 2147483647]
03:32:48.729 [main] DEBUG com.github.dockerjava.zerodep.shaded.org.apache.hc.client5.http.impl.io.PoolingHttpClientConnectionManager - ex-00000016: endpoint leased [route: {}->unix://localhost:2375][total available: 0; route allocated: 1 of 2147483647; total allocated: 1 of 2147483647]
03:32:48.729 [main] DEBUG com.github.dockerjava.zerodep.shaded.org.apache.hc.client5.http.impl.io.PoolingHttpClientConnectionManager - ex-00000016: acquired ep-00000015
03:32:48.729 [main] DEBUG com.github.dockerjava.zerodep.shaded.org.apache.hc.client5.http.impl.classic.InternalHttpClient - ex-00000016: acquired endpoint ep-00000015
03:32:48.729 [main] DEBUG com.github.dockerjava.zerodep.shaded.org.apache.hc.client5.http.impl.classic.MainClientExec - ex-00000016: executing GET /v1.32/containers/9691e31891711283f4d98263d11bc6156717d3e75a0b86a23f3b128a992c1f38/json HTTP/1.1
03:32:48.729 [main] DEBUG com.github.dockerjava.zerodep.shaded.org.apache.hc.client5.http.impl.classic.InternalHttpClient - ep-00000015: start execution ex-00000016
03:32:48.729 [main] DEBUG com.github.dockerjava.zerodep.shaded.org.apache.hc.client5.http.impl.io.PoolingHttpClientConnectionManager - ep-00000015: executing exchange ex-00000016 over http-outgoing-2
03:32:48.729 [main] DEBUG com.github.dockerjava.zerodep.shaded.org.apache.hc.client5.http.headers - http-outgoing-2 >> GET /v1.32/containers/9691e31891711283f4d98263d11bc6156717d3e75a0b86a23f3b128a992c1f38/json HTTP/1.1
03:32:48.729 [main] DEBUG com.github.dockerjava.zerodep.shaded.org.apache.hc.client5.http.headers - http-outgoing-2 >> accept: application/json
03:32:48.729 [main] DEBUG com.github.dockerjava.zerodep.shaded.org.apache.hc.client5.http.headers - http-outgoing-2 >> Accept-Encoding: gzip, x-gzip, deflate
03:32:48.729 [main] DEBUG com.github.dockerjava.zerodep.shaded.org.apache.hc.client5.http.headers - http-outgoing-2 >> Host: localhost:2375
03:32:48.729 [main] DEBUG com.github.dockerjava.zerodep.shaded.org.apache.hc.client5.http.headers - http-outgoing-2 >> Connection: keep-alive
03:32:48.729 [main] DEBUG com.github.dockerjava.zerodep.shaded.org.apache.hc.client5.http.headers - http-outgoing-2 >> User-Agent: Apache-HttpClient/5.0.3 (Java/11.0.15)
03:32:48.729 [main] DEBUG com.github.dockerjava.zerodep.shaded.org.apache.hc.client5.http.wire - http-outgoing-2 >> "GET /v1.32/containers/9691e31891711283f4d98263d11bc6156717d3e75a0b86a23f3b128a992c1f38/json HTTP/1.1[\r][\n]"
03:32:48.729 [main] DEBUG com.github.dockerjava.zerodep.shaded.org.apache.hc.client5.http.wire - http-outgoing-2 >> "accept: application/json[\r][\n]"
03:32:48.729 [main] DEBUG com.github.dockerjava.zerodep.shaded.org.apache.hc.client5.http.wire - http-outgoing-2 >> "Accept-Encoding: gzip, x-gzip, deflate[\r][\n]"
03:32:48.729 [main] DEBUG com.github.dockerjava.zerodep.shaded.org.apache.hc.client5.http.wire - http-outgoing-2 >> "Host: localhost:2375[\r][\n]"
03:32:48.729 [main] DEBUG com.github.dockerjava.zerodep.shaded.org.apache.hc.client5.http.wire - http-outgoing-2 >> "Connection: keep-alive[\r][\n]"
03:32:48.729 [main] DEBUG com.github.dockerjava.zerodep.shaded.org.apache.hc.client5.http.wire - http-outgoing-2 >> "User-Agent: Apache-HttpClient/5.0.3 (Java/11.0.15)[\r][\n]"
03:32:48.729 [main] DEBUG com.github.dockerjava.zerodep.shaded.org.apache.hc.client5.http.wire - http-outgoing-2 >> "[\r][\n]"
03:32:48.730 [main] DEBUG com.github.dockerjava.zerodep.shaded.org.apache.hc.client5.http.wire - http-outgoing-2 << "HTTP/1.1 200 OK[\r][\n]"
03:32:48.730 [main] DEBUG com.github.dockerjava.zerodep.shaded.org.apache.hc.client5.http.wire - http-outgoing-2 << "Api-Version: 1.41[\r][\n]"
03:32:48.730 [main] DEBUG com.github.dockerjava.zerodep.shaded.org.apache.hc.client5.http.wire - http-outgoing-2 << "Content-Type: application/json[\r][\n]"
03:32:48.730 [main] DEBUG com.github.dockerjava.zerodep.shaded.org.apache.hc.client5.http.wire - http-outgoing-2 << "Docker-Experimental: false[\r][\n]"
03:32:48.730 [main] DEBUG com.github.dockerjava.zerodep.shaded.org.apache.hc.client5.http.wire - http-outgoing-2 << "Ostype: linux[\r][\n]"
03:32:48.730 [main] DEBUG com.github.dockerjava.zerodep.shaded.org.apache.hc.client5.http.wire - http-outgoing-2 << "Server: Docker/20.10.12 (linux)[\r][\n]"
03:32:48.730 [main] DEBUG com.github.dockerjava.zerodep.shaded.org.apache.hc.client5.http.wire - http-outgoing-2 << "Date: Thu, 23 Jun 2022 02:32:48 GMT[\r][\n]"
03:32:48.730 [main] DEBUG com.github.dockerjava.zerodep.shaded.org.apache.hc.client5.http.wire - http-outgoing-2 << "Transfer-Encoding: chunked[\r][\n]"
03:32:48.730 [main] DEBUG com.github.dockerjava.zerodep.shaded.org.apache.hc.client5.http.wire - http-outgoing-2 << "[\r][\n]"
03:32:48.730 [main] DEBUG com.github.dockerjava.zerodep.shaded.org.apache.hc.client5.http.wire - http-outgoing-2 << "18ed[\r][\n]"
03:32:48.730 [main] DEBUG com.github.dockerjava.zerodep.shaded.org.apache.hc.client5.http.wire - http-outgoing-2 << "{"Id":"9691e31891711283f4d98263d11bc6156717d3e75a0b86a23f3b128a992c1f38","Created":"2022-06-23T02:32:47.03956921Z","Path":"docker-entrypoint.sh","Args":["mysqld"],"State":{"Status":"running","Running":true,"Paused":false,"Restarting":false,"OOMKilled":false,"Dead":false,"Pid":66188,"ExitCode":0,"Error":"","StartedAt":"2022-06-23T02:32:47.703880551Z","FinishedAt":"0001-01-01T00:00:00Z"},"Image":"sha256:65b636d5542b73254ce90cc4b895597dc1adc2c661ca553c38eda159979dded1","ResolvConfPath":"/var/lib/docker/containers/9691e31891711283f4d98263d11bc6156717d3e75a0b86a23f3b128a992c1f38/resolv.conf","HostnamePath":"/var/lib/docker/containers/9691e31891711283f4d98263d11bc6156717d3e75a0b86a23f3b128a992c1f38/hostname","HostsPath":"/var/lib/docker/containers/9691e31891711283f4d98263d11bc6156717d3e75a0b86a23f3b128a992c1f38/hosts","LogPath":"/var/lib/docker/containers/9691e31891711283f4d98263d11bc6156717d3e75a0b86a23f3b128a992c1f38/9691e31891711283f4d98263d11bc6156717d3e75a0b86a23f3b128a992c1f38-json.log","Name":"/xenodochial_satoshi","RestartCount":0,"Driver":"overlay2","Platform":"linux","MountLabel":"","ProcessLabel":"","AppArmorProfile":"docker-default","ExecIDs":null,"HostConfig":{"Binds":[],"ContainerIDFile":"","LogConfig":{"Type":"json-file","Config":{}},"NetworkMode":"default","PortBindings":{"3306/tcp":[{"HostIp":"","HostPort":""}]},"RestartPolicy":{"Name":"","MaximumRetryCount":0},"AutoRemove":false,"VolumeDriver":"","VolumesFrom":[],"CapAdd":null,"CapDrop":null,"CgroupnsMode":"host","Dns":null,"DnsOptions":null,"DnsSearch":null,"ExtraHosts":[],"GroupAdd":null,"IpcMode":"shareable","Cgroup":"","Links":null,"OomScoreAdj":0,"PidMode":"","Privileged":false,"PublishAllPorts":false,"ReadonlyRootfs":false,"SecurityOpt":null,"UTSMode":"","UsernsMode":"","ShmSize":67108864,"Runtime":"runc","ConsoleSize":[0,0],"Isolation":"","CpuShares":0,"Memory":0,"NanoCpus":0,"CgroupParent":"","BlkioWeight":0,"BlkioWeightDevice":null,"BlkioDeviceReadBps":null,"BlkioDeviceWriteBps":null,"BlkioDeviceReadIOps":null,"BlkioDeviceWriteIOps":null,"CpuPeriod":0,"CpuQuota":0,"CpuRealtimePeriod":0,"CpuRealtimeRuntime":0,"CpusetCpus":"","CpusetMems":"","Devices":null,"DeviceCgroupRules":null,"DeviceRequests":null,"KernelMemory":0,"KernelMemoryTCP":0,"MemoryReservation":0,"MemorySwap":0,"MemorySwappiness":null,"OomKillDisable":false,"PidsLimit":null,"Ulimits":null,"CpuCount":0,"CpuPercent":0,"IOMaximumIOps":0,"IOMaximumBandwidth":0,"MaskedPaths":["/proc/asound","/proc/acpi","/proc/kcore","/proc/keys","/proc/latency_stats","/proc/timer_list","/proc/timer_stats","/proc/sched_debug","/proc/scsi","/sys/firmware"],"ReadonlyPaths":["/proc/bus","/proc/fs","/proc/irq","/proc/sys","/proc/sysrq-trigger"]},"GraphDriver":{"Data":{"LowerDir":"/var/lib/docker/overlay2/5529564f52cf969e31e7a1482c27be7ffed19639b506ae2e15b7e7115f699a73-init/diff:/var/lib/docker/overlay2/833a665819b5d9728d3efa7c33135034345a24f83af53b1a1af33d9b64f5492a/diff:/var/lib/docker/overlay2/bd4a2a46c227c2f15475b08c398f37acaab93f4fdba31de015d730efae0a0cfc/diff:/var/lib/docker/overlay2/31ad437d7cba8e64428a2b62db1bbb2a2ec19ca4e439ec493ef4deb50dce2783/diff:/var/lib/docker/overlay2/35173cbd8ec5b88a8888e9abbe75f8694f5d3f96a9b781bb70dc1f0889685741/diff:/var/lib/docker/overlay2/24bf69ac4e8c81062fee44e7c9f746fffbb139c3f7f4b55b4fd1b23bb101b529/diff:/var/lib/docker/overlay2/2f27c96a7775dad186b6f0da325d5a251c80aa1b7f80cf8520f493c5154aee70/diff:/var/lib/docker/overlay2/463a60088c72ddbea82639ded15801e35a79c443f6a26bf1baf320c683cb06af/diff:/var/lib/docker/overlay2/80b8224b23a2ee4b5be635c58ae579fd1913aa95558cd66ab2f5e8430f00a5b8/diff:/var/lib/docker/overlay2/20451fa0b1a07b85d665bc3a0359d721ce4e4c28fa3bce7456ab25e0babae708/diff:/var/lib/docker/overlay2/f80d865cbc6c1c6f57d0963fa6234e7a6409e079eb17f4f13ca41d02731701ad/diff:/var/lib/docker/overlay2/5a3029e0b57c6ec9b985871ff6adf08356aaa0f2a15f1e34c1a7f116ecc4a61d/diff:/var/lib/docker/overlay2/4f3423103248d0b381a1bc6a7287e2b42313ff458cea602a02b7379014b03e0e/diff","MergedDir":"/var/lib/docker/overlay2/5529564f52cf969e31e7a1482c27be7ffed19639b506ae2e15b7e7115f699a73/merged","UpperDir":"/var/lib/docker/overlay2/5529564f52cf969e31e7a1482c27be7ffed19639b506ae2e15b7e7115f699a73/diff","WorkDir":"/var/lib/docker/overlay2/5529564f52cf969e31e7a1482c27be7ffed19639b506ae2e15b7e7115f699a73/work"},"Name":"overlay2"},"Mounts":[{"Type":"volume","Name":"fd1f613c7fe3ca3ae799982507ac3f565cc9f6a2dc99ceaed92389e2c43f47d1","Source":"/var/lib/docker/volumes/fd1f613c7fe3ca3ae799982507ac3f565cc9f6a2dc99ceaed92389e2c43f47d1/_data","Destination":"/var/lib/mysql","Driver":"local","Mode":"","RW":true,"Propagation":""}],"Config":{"Hostname":"9691e3189171","Domainname":"","User":"","AttachStdin":false,"AttachStdout":false,"AttachStderr":false,"ExposedPorts":{"3306/tcp":{},"33060/tcp":{}},"Tty":false,"OpenStdin":false,"StdinOnce":false,"Env":["MYSQL_DATABASE=test","MYSQL_PASSWORD=admin","MYSQL_USER=admin","MYSQL_ROOT_PASSWORD=admin","PATH=/usr/local/sbin:/usr/local/bin:/usr/sbin:/usr/bin:/sbin:/bin","GOSU_VERSION=1.14","MYSQL_MAJOR=8.0","MYSQL_VERSION=8.0.29-1debian10"],"Cmd":["mysqld"],"Image":"mysql:8.0","Volumes":{"/var/lib/mysql":{}},"WorkingDir":"","Entrypoint":["docker-entrypoint.sh"],"OnBuild":null,"Labels":{"org.testcontainers":"true","org.testcontainers.sessionId":"d48265e4-2b28-4f8c-aa67-76dd8289af84"}},"NetworkSettings":{"Bridge":"","SandboxID":"d9de8570fe3f0a4e9f3a1ff7101c963bbd2c6a0a9d8a867b96f17f4d5edca537","HairpinMode":false,"LinkLocalIPv6Address":"","LinkLocalIPv6PrefixLen":0,"Ports":{"3306/tcp":[{"HostIp":"0.0.0.0","HostPort":"49160"},{"HostIp":"::","HostPort":"49160"}],"33060/tcp":null},"SandboxKey":"/var/run/docker/netns/d9de8570fe3f","SecondaryIPAddresses":null,"SecondaryIPv6Addresses":null,"EndpointID":"93e8fe159f683a98670e8995677c2b130dbce857fc116679206e206bda319cbf","Gateway":"172.17.0.1","GlobalIPv6Address":"","GlobalIPv6PrefixLen":0,"IPAddress":"172.17.0.3","IPPrefixLen":16,"IPv6Gateway":"","MacAddress":"02:42:ac:11:00:03","Networks":{"bridge":{"IPAMConfig":null,"Links":null,"Aliases":null,"NetworkID":"1853cd2b9856825cc97ed9ef2b12efa82d95bf9cf60ad666c276eb35cc53539e","EndpointID":"93e8fe159f683a98670e8995677c2b130dbce857fc116679206e206bda319cbf","Gateway":"172.17.0.1","IPAddress":"172.17.0.3","IPPrefixLen":16,"IPv6Gateway":"","GlobalIPv6Address":"","GlobalIPv6PrefixLen":0,"MacAddress":"02:42:ac:11:00:03","DriverOpts":null}}}}[\n]"
03:32:48.730 [main] DEBUG com.github.dockerjava.zerodep.shaded.org.apache.hc.client5.http.wire - http-outgoing-2 << "[\r][\n]"
03:32:48.730 [main] DEBUG com.github.dockerjava.zerodep.shaded.org.apache.hc.client5.http.wire - http-outgoing-2 << "0[\r][\n]"
03:32:48.730 [main] DEBUG com.github.dockerjava.zerodep.shaded.org.apache.hc.client5.http.wire - http-outgoing-2 << "[\r][\n]"
03:32:48.730 [main] DEBUG com.github.dockerjava.zerodep.shaded.org.apache.hc.client5.http.headers - http-outgoing-2 << HTTP/1.1 200 OK
03:32:48.730 [main] DEBUG com.github.dockerjava.zerodep.shaded.org.apache.hc.client5.http.headers - http-outgoing-2 << Api-Version: 1.41
03:32:48.730 [main] DEBUG com.github.dockerjava.zerodep.shaded.org.apache.hc.client5.http.headers - http-outgoing-2 << Content-Type: application/json
03:32:48.730 [main] DEBUG com.github.dockerjava.zerodep.shaded.org.apache.hc.client5.http.headers - http-outgoing-2 << Docker-Experimental: false
03:32:48.730 [main] DEBUG com.github.dockerjava.zerodep.shaded.org.apache.hc.client5.http.headers - http-outgoing-2 << Ostype: linux
03:32:48.730 [main] DEBUG com.github.dockerjava.zerodep.shaded.org.apache.hc.client5.http.headers - http-outgoing-2 << Server: Docker/20.10.12 (linux)
03:32:48.730 [main] DEBUG com.github.dockerjava.zerodep.shaded.org.apache.hc.client5.http.headers - http-outgoing-2 << Date: Thu, 23 Jun 2022 02:32:48 GMT
03:32:48.730 [main] DEBUG com.github.dockerjava.zerodep.shaded.org.apache.hc.client5.http.headers - http-outgoing-2 << Transfer-Encoding: chunked
03:32:48.730 [main] DEBUG com.github.dockerjava.zerodep.shaded.org.apache.hc.client5.http.impl.classic.MainClientExec - ex-00000016: connection can be kept alive for 3 MINUTES
03:32:48.742 [main] DEBUG com.github.dockerjava.zerodep.shaded.org.apache.hc.client5.http.impl.classic.InternalHttpClient - ep-00000015: releasing valid endpoint
03:32:48.742 [main] DEBUG com.github.dockerjava.zerodep.shaded.org.apache.hc.client5.http.impl.io.PoolingHttpClientConnectionManager - ep-00000015: releasing endpoint
03:32:48.743 [main] DEBUG com.github.dockerjava.zerodep.shaded.org.apache.hc.client5.http.impl.io.PoolingHttpClientConnectionManager - ep-00000015: connection http-outgoing-2 can be kept alive for 3 MINUTES
03:32:48.743 [main] DEBUG com.github.dockerjava.zerodep.shaded.org.apache.hc.client5.http.impl.io.PoolingHttpClientConnectionManager - ep-00000015: connection released [route: {}->unix://localhost:2375][total available: 1; route allocated: 1 of 2147483647; total allocated: 1 of 2147483647]
03:32:48.743 [main] DEBUG 🐳 [mysql:8.0] - Trying to create JDBC connection using com.mysql.cj.jdbc.Driver to jdbc:mysql://localhost:49160/test?useSSL=false&allowPublicKeyRetrieval=true with properties: {password=admin, user=admin}
03:32:48.845 [main] DEBUG org.testcontainers.shaded.com.github.dockerjava.core.command.AbstrDockerCmd - Cmd: 9691e31891711283f4d98263d11bc6156717d3e75a0b86a23f3b128a992c1f38,false
03:32:48.846 [main] DEBUG org.testcontainers.shaded.com.github.dockerjava.core.exec.InspectContainerCmdExec - GET: DefaultWebTarget{path=[/containers/9691e31891711283f4d98263d11bc6156717d3e75a0b86a23f3b128a992c1f38/json], queryParams={}}
03:32:48.846 [main] DEBUG com.github.dockerjava.zerodep.shaded.org.apache.hc.client5.http.impl.classic.InternalHttpClient - ex-00000017: preparing request execution
03:32:48.846 [main] DEBUG com.github.dockerjava.zerodep.shaded.org.apache.hc.client5.http.protocol.RequestAddCookies - Cookie spec selected: strict
03:32:48.846 [main] DEBUG com.github.dockerjava.zerodep.shaded.org.apache.hc.client5.http.protocol.RequestAuthCache - Auth cache not set in the context
03:32:48.846 [main] DEBUG com.github.dockerjava.zerodep.shaded.org.apache.hc.client5.http.impl.classic.ProtocolExec - ex-00000017: target auth state: UNCHALLENGED
03:32:48.846 [main] DEBUG com.github.dockerjava.zerodep.shaded.org.apache.hc.client5.http.impl.classic.ProtocolExec - ex-00000017: proxy auth state: UNCHALLENGED
03:32:48.846 [main] DEBUG com.github.dockerjava.zerodep.shaded.org.apache.hc.client5.http.impl.classic.ConnectExec - ex-00000017: acquiring connection with route {}->unix://localhost:2375
03:32:48.846 [main] DEBUG com.github.dockerjava.zerodep.shaded.org.apache.hc.client5.http.impl.classic.InternalHttpClient - ex-00000017: acquiring endpoint (3 MINUTES)
03:32:48.846 [main] DEBUG com.github.dockerjava.zerodep.shaded.org.apache.hc.client5.http.impl.io.PoolingHttpClientConnectionManager - ex-00000017: endpoint lease request (3 MINUTES) [route: {}->unix://localhost:2375][total available: 1; route allocated: 1 of 2147483647; total allocated: 1 of 2147483647]
03:32:48.847 [main] DEBUG com.github.dockerjava.zerodep.shaded.org.apache.hc.client5.http.impl.io.PoolingHttpClientConnectionManager - ex-00000017: endpoint leased [route: {}->unix://localhost:2375][total available: 0; route allocated: 1 of 2147483647; total allocated: 1 of 2147483647]
03:32:48.847 [main] DEBUG com.github.dockerjava.zerodep.shaded.org.apache.hc.client5.http.impl.io.PoolingHttpClientConnectionManager - ex-00000017: acquired ep-00000016
03:32:48.847 [main] DEBUG com.github.dockerjava.zerodep.shaded.org.apache.hc.client5.http.impl.classic.InternalHttpClient - ex-00000017: acquired endpoint ep-00000016
03:32:48.847 [main] DEBUG com.github.dockerjava.zerodep.shaded.org.apache.hc.client5.http.impl.classic.MainClientExec - ex-00000017: executing GET /v1.32/containers/9691e31891711283f4d98263d11bc6156717d3e75a0b86a23f3b128a992c1f38/json HTTP/1.1
03:32:48.847 [main] DEBUG com.github.dockerjava.zerodep.shaded.org.apache.hc.client5.http.impl.classic.InternalHttpClient - ep-00000016: start execution ex-00000017
03:32:48.847 [main] DEBUG com.github.dockerjava.zerodep.shaded.org.apache.hc.client5.http.impl.io.PoolingHttpClientConnectionManager - ep-00000016: executing exchange ex-00000017 over http-outgoing-2
03:32:48.847 [main] DEBUG com.github.dockerjava.zerodep.shaded.org.apache.hc.client5.http.headers - http-outgoing-2 >> GET /v1.32/containers/9691e31891711283f4d98263d11bc6156717d3e75a0b86a23f3b128a992c1f38/json HTTP/1.1
03:32:48.847 [main] DEBUG com.github.dockerjava.zerodep.shaded.org.apache.hc.client5.http.headers - http-outgoing-2 >> accept: application/json
03:32:48.847 [main] DEBUG com.github.dockerjava.zerodep.shaded.org.apache.hc.client5.http.headers - http-outgoing-2 >> Accept-Encoding: gzip, x-gzip, deflate
03:32:48.847 [main] DEBUG com.github.dockerjava.zerodep.shaded.org.apache.hc.client5.http.headers - http-outgoing-2 >> Host: localhost:2375
03:32:48.847 [main] DEBUG com.github.dockerjava.zerodep.shaded.org.apache.hc.client5.http.headers - http-outgoing-2 >> Connection: keep-alive
03:32:48.847 [main] DEBUG com.github.dockerjava.zerodep.shaded.org.apache.hc.client5.http.headers - http-outgoing-2 >> User-Agent: Apache-HttpClient/5.0.3 (Java/11.0.15)
03:32:48.847 [main] DEBUG com.github.dockerjava.zerodep.shaded.org.apache.hc.client5.http.wire - http-outgoing-2 >> "GET /v1.32/containers/9691e31891711283f4d98263d11bc6156717d3e75a0b86a23f3b128a992c1f38/json HTTP/1.1[\r][\n]"
03:32:48.847 [main] DEBUG com.github.dockerjava.zerodep.shaded.org.apache.hc.client5.http.wire - http-outgoing-2 >> "accept: application/json[\r][\n]"
03:32:48.847 [main] DEBUG com.github.dockerjava.zerodep.shaded.org.apache.hc.client5.http.wire - http-outgoing-2 >> "Accept-Encoding: gzip, x-gzip, deflate[\r][\n]"
03:32:48.847 [main] DEBUG com.github.dockerjava.zerodep.shaded.org.apache.hc.client5.http.wire - http-outgoing-2 >> "Host: localhost:2375[\r][\n]"
03:32:48.847 [main] DEBUG com.github.dockerjava.zerodep.shaded.org.apache.hc.client5.http.wire - http-outgoing-2 >> "Connection: keep-alive[\r][\n]"
03:32:48.847 [main] DEBUG com.github.dockerjava.zerodep.shaded.org.apache.hc.client5.http.wire - http-outgoing-2 >> "User-Agent: Apache-HttpClient/5.0.3 (Java/11.0.15)[\r][\n]"
03:32:48.847 [main] DEBUG com.github.dockerjava.zerodep.shaded.org.apache.hc.client5.http.wire - http-outgoing-2 >> "[\r][\n]"
03:32:48.847 [main] DEBUG com.github.dockerjava.zerodep.shaded.org.apache.hc.client5.http.wire - http-outgoing-2 << "HTTP/1.1 200 OK[\r][\n]"
03:32:48.848 [main] DEBUG com.github.dockerjava.zerodep.shaded.org.apache.hc.client5.http.wire - http-outgoing-2 << "Api-Version: 1.41[\r][\n]"
03:32:48.848 [main] DEBUG com.github.dockerjava.zerodep.shaded.org.apache.hc.client5.http.wire - http-outgoing-2 << "Content-Type: application/json[\r][\n]"
03:32:48.848 [main] DEBUG com.github.dockerjava.zerodep.shaded.org.apache.hc.client5.http.wire - http-outgoing-2 << "Docker-Experimental: false[\r][\n]"
03:32:48.848 [main] DEBUG com.github.dockerjava.zerodep.shaded.org.apache.hc.client5.http.wire - http-outgoing-2 << "Ostype: linux[\r][\n]"
03:32:48.848 [main] DEBUG com.github.dockerjava.zerodep.shaded.org.apache.hc.client5.http.wire - http-outgoing-2 << "Server: Docker/20.10.12 (linux)[\r][\n]"
03:32:48.848 [main] DEBUG com.github.dockerjava.zerodep.shaded.org.apache.hc.client5.http.wire - http-outgoing-2 << "Date: Thu, 23 Jun 2022 02:32:48 GMT[\r][\n]"
03:32:48.848 [main] DEBUG com.github.dockerjava.zerodep.shaded.org.apache.hc.client5.http.wire - http-outgoing-2 << "Transfer-Encoding: chunked[\r][\n]"
03:32:48.848 [main] DEBUG com.github.dockerjava.zerodep.shaded.org.apache.hc.client5.http.wire - http-outgoing-2 << "[\r][\n]"
03:32:48.848 [main] DEBUG com.github.dockerjava.zerodep.shaded.org.apache.hc.client5.http.wire - http-outgoing-2 << "18ed[\r][\n]"
03:32:48.848 [main] DEBUG com.github.dockerjava.zerodep.shaded.org.apache.hc.client5.http.wire - http-outgoing-2 << "{"Id":"9691e31891711283f4d98263d11bc6156717d3e75a0b86a23f3b128a992c1f38","Created":"2022-06-23T02:32:47.03956921Z","Path":"docker-entrypoint.sh","Args":["mysqld"],"State":{"Status":"running","Running":true,"Paused":false,"Restarting":false,"OOMKilled":false,"Dead":false,"Pid":66188,"ExitCode":0,"Error":"","StartedAt":"2022-06-23T02:32:47.703880551Z","FinishedAt":"0001-01-01T00:00:00Z"},"Image":"sha256:65b636d5542b73254ce90cc4b895597dc1adc2c661ca553c38eda159979dded1","ResolvConfPath":"/var/lib/docker/containers/9691e31891711283f4d98263d11bc6156717d3e75a0b86a23f3b128a992c1f38/resolv.conf","HostnamePath":"/var/lib/docker/containers/9691e31891711283f4d98263d11bc6156717d3e75a0b86a23f3b128a992c1f38/hostname","HostsPath":"/var/lib/docker/containers/9691e31891711283f4d98263d11bc6156717d3e75a0b86a23f3b128a992c1f38/hosts","LogPath":"/var/lib/docker/containers/9691e31891711283f4d98263d11bc6156717d3e75a0b86a23f3b128a992c1f38/9691e31891711283f4d98263d11bc6156717d3e75a0b86a23f3b128a992c1f38-json.log","Name":"/xenodochial_satoshi","RestartCount":0,"Driver":"overlay2","Platform":"linux","MountLabel":"","ProcessLabel":"","AppArmorProfile":"docker-default","ExecIDs":null,"HostConfig":{"Binds":[],"ContainerIDFile":"","LogConfig":{"Type":"json-file","Config":{}},"NetworkMode":"default","PortBindings":{"3306/tcp":[{"HostIp":"","HostPort":""}]},"RestartPolicy":{"Name":"","MaximumRetryCount":0},"AutoRemove":false,"VolumeDriver":"","VolumesFrom":[],"CapAdd":null,"CapDrop":null,"CgroupnsMode":"host","Dns":null,"DnsOptions":null,"DnsSearch":null,"ExtraHosts":[],"GroupAdd":null,"IpcMode":"shareable","Cgroup":"","Links":null,"OomScoreAdj":0,"PidMode":"","Privileged":false,"PublishAllPorts":false,"ReadonlyRootfs":false,"SecurityOpt":null,"UTSMode":"","UsernsMode":"","ShmSize":67108864,"Runtime":"runc","ConsoleSize":[0,0],"Isolation":"","CpuShares":0,"Memory":0,"NanoCpus":0,"CgroupParent":"","BlkioWeight":0,"BlkioWeightDevice":null,"BlkioDeviceReadBps":null,"BlkioDeviceWriteBps":null,"BlkioDeviceReadIOps":null,"BlkioDeviceWriteIOps":null,"CpuPeriod":0,"CpuQuota":0,"CpuRealtimePeriod":0,"CpuRealtimeRuntime":0,"CpusetCpus":"","CpusetMems":"","Devices":null,"DeviceCgroupRules":null,"DeviceRequests":null,"KernelMemory":0,"KernelMemoryTCP":0,"MemoryReservation":0,"MemorySwap":0,"MemorySwappiness":null,"OomKillDisable":false,"PidsLimit":null,"Ulimits":null,"CpuCount":0,"CpuPercent":0,"IOMaximumIOps":0,"IOMaximumBandwidth":0,"MaskedPaths":["/proc/asound","/proc/acpi","/proc/kcore","/proc/keys","/proc/latency_stats","/proc/timer_list","/proc/timer_stats","/proc/sched_debug","/proc/scsi","/sys/firmware"],"ReadonlyPaths":["/proc/bus","/proc/fs","/proc/irq","/proc/sys","/proc/sysrq-trigger"]},"GraphDriver":{"Data":{"LowerDir":"/var/lib/docker/overlay2/5529564f52cf969e31e7a1482c27be7ffed19639b506ae2e15b7e7115f699a73-init/diff:/var/lib/docker/overlay2/833a665819b5d9728d3efa7c33135034345a24f83af53b1a1af33d9b64f5492a/diff:/var/lib/docker/overlay2/bd4a2a46c227c2f15475b08c398f37acaab93f4fdba31de015d730efae0a0cfc/diff:/var/lib/docker/overlay2/31ad437d7cba8e64428a2b62db1bbb2a2ec19ca4e439ec493ef4deb50dce2783/diff:/var/lib/docker/overlay2/35173cbd8ec5b88a8888e9abbe75f8694f5d3f96a9b781bb70dc1f0889685741/diff:/var/lib/docker/overlay2/24bf69ac4e8c81062fee44e7c9f746fffbb139c3f7f4b55b4fd1b23bb101b529/diff:/var/lib/docker/overlay2/2f27c96a7775dad186b6f0da325d5a251c80aa1b7f80cf8520f493c5154aee70/diff:/var/lib/docker/overlay2/463a60088c72ddbea82639ded15801e35a79c443f6a26bf1baf320c683cb06af/diff:/var/lib/docker/overlay2/80b8224b23a2ee4b5be635c58ae579fd1913aa95558cd66ab2f5e8430f00a5b8/diff:/var/lib/docker/overlay2/20451fa0b1a07b85d665bc3a0359d721ce4e4c28fa3bce7456ab25e0babae708/diff:/var/lib/docker/overlay2/f80d865cbc6c1c6f57d0963fa6234e7a6409e079eb17f4f13ca41d02731701ad/diff:/var/lib/docker/overlay2/5a3029e0b57c6ec9b985871ff6adf08356aaa0f2a15f1e34c1a7f116ecc4a61d/diff:/var/lib/docker/overlay2/4f3423103248d0b381a1bc6a7287e2b42313ff458cea602a02b7379014b03e0e/diff","MergedDir":"/var/lib/docker/overlay2/5529564f52cf969e31e7a1482c27be7ffed19639b506ae2e15b7e7115f699a73/merged","UpperDir":"/var/lib/docker/overlay2/5529564f52cf969e31e7a1482c27be7ffed19639b506ae2e15b7e7115f699a73/diff","WorkDir":"/var/lib/docker/overlay2/5529564f52cf969e31e7a1482c27be7ffed19639b506ae2e15b7e7115f699a73/work"},"Name":"overlay2"},"Mounts":[{"Type":"volume","Name":"fd1f613c7fe3ca3ae799982507ac3f565cc9f6a2dc99ceaed92389e2c43f47d1","Source":"/var/lib/docker/volumes/fd1f613c7fe3ca3ae799982507ac3f565cc9f6a2dc99ceaed92389e2c43f47d1/_data","Destination":"/var/lib/mysql","Driver":"local","Mode":"","RW":true,"Propagation":""}],"Config":{"Hostname":"9691e3189171","Domainname":"","User":"","AttachStdin":false,"AttachStdout":false,"AttachStderr":false,"ExposedPorts":{"3306/tcp":{},"33060/tcp":{}},"Tty":false,"OpenStdin":false,"StdinOnce":false,"Env":["MYSQL_DATABASE=test","MYSQL_PASSWORD=admin","MYSQL_USER=admin","MYSQL_ROOT_PASSWORD=admin","PATH=/usr/local/sbin:/usr/local/bin:/usr/sbin:/usr/bin:/sbin:/bin","GOSU_VERSION=1.14","MYSQL_MAJOR=8.0","MYSQL_VERSION=8.0.29-1debian10"],"Cmd":["mysqld"],"Image":"mysql:8.0","Volumes":{"/var/lib/mysql":{}},"WorkingDir":"","Entrypoint":["docker-entrypoint.sh"],"OnBuild":null,"Labels":{"org.testcontainers":"true","org.testcontainers.sessionId":"d48265e4-2b28-4f8c-aa67-76dd8289af84"}},"NetworkSettings":{"Bridge":"","SandboxID":"d9de8570fe3f0a4e9f3a1ff7101c963bbd2c6a0a9d8a867b96f17f4d5edca537","HairpinMode":false,"LinkLocalIPv6Address":"","LinkLocalIPv6PrefixLen":0,"Ports":{"3306/tcp":[{"HostIp":"0.0.0.0","HostPort":"49160"},{"HostIp":"::","HostPort":"49160"}],"33060/tcp":null},"SandboxKey":"/var/run/docker/netns/d9de8570fe3f","SecondaryIPAddresses":null,"SecondaryIPv6Addresses":null,"EndpointID":"93e8fe159f683a98670e8995677c2b130dbce857fc116679206e206bda319cbf","Gateway":"172.17.0.1","GlobalIPv6Address":"","GlobalIPv6PrefixLen":0,"IPAddress":"172.17.0.3","IPPrefixLen":16,"IPv6Gateway":"","MacAddress":"02:42:ac:11:00:03","Networks":{"bridge":{"IPAMConfig":null,"Links":null,"Aliases":null,"NetworkID":"1853cd2b9856825cc97ed9ef2b12efa82d95bf9cf60ad666c276eb35cc53539e","EndpointID":"93e8fe159f683a98670e8995677c2b130dbce857fc116679206e206bda319cbf","Gateway":"172.17.0.1","IPAddress":"172.17.0.3","IPPrefixLen":16,"IPv6Gateway":"","GlobalIPv6Address":"","GlobalIPv6PrefixLen":0,"MacAddress":"02:42:ac:11:00:03","DriverOpts":null}}}}[\n]"
03:32:48.848 [main] DEBUG com.github.dockerjava.zerodep.shaded.org.apache.hc.client5.http.wire - http-outgoing-2 << "[\r][\n]"
03:32:48.848 [main] DEBUG com.github.dockerjava.zerodep.shaded.org.apache.hc.client5.http.wire - http-outgoing-2 << "0[\r][\n]"
03:32:48.848 [main] DEBUG com.github.dockerjava.zerodep.shaded.org.apache.hc.client5.http.wire - http-outgoing-2 << "[\r][\n]"
03:32:48.848 [main] DEBUG com.github.dockerjava.zerodep.shaded.org.apache.hc.client5.http.headers - http-outgoing-2 << HTTP/1.1 200 OK
03:32:48.848 [main] DEBUG com.github.dockerjava.zerodep.shaded.org.apache.hc.client5.http.headers - http-outgoing-2 << Api-Version: 1.41
03:32:48.848 [main] DEBUG com.github.dockerjava.zerodep.shaded.org.apache.hc.client5.http.headers - http-outgoing-2 << Content-Type: application/json
03:32:48.848 [main] DEBUG com.github.dockerjava.zerodep.shaded.org.apache.hc.client5.http.headers - http-outgoing-2 << Docker-Experimental: false
03:32:48.848 [main] DEBUG com.github.dockerjava.zerodep.shaded.org.apache.hc.client5.http.headers - http-outgoing-2 << Ostype: linux
03:32:48.848 [main] DEBUG com.github.dockerjava.zerodep.shaded.org.apache.hc.client5.http.headers - http-outgoing-2 << Server: Docker/20.10.12 (linux)
03:32:48.848 [main] DEBUG com.github.dockerjava.zerodep.shaded.org.apache.hc.client5.http.headers - http-outgoing-2 << Date: Thu, 23 Jun 2022 02:32:48 GMT
03:32:48.848 [main] DEBUG com.github.dockerjava.zerodep.shaded.org.apache.hc.client5.http.headers - http-outgoing-2 << Transfer-Encoding: chunked
03:32:48.848 [main] DEBUG com.github.dockerjava.zerodep.shaded.org.apache.hc.client5.http.impl.classic.MainClientExec - ex-00000017: connection can be kept alive for 3 MINUTES
03:32:48.850 [main] DEBUG com.github.dockerjava.zerodep.shaded.org.apache.hc.client5.http.impl.classic.InternalHttpClient - ep-00000016: releasing valid endpoint
03:32:48.850 [main] DEBUG com.github.dockerjava.zerodep.shaded.org.apache.hc.client5.http.impl.io.PoolingHttpClientConnectionManager - ep-00000016: releasing endpoint
03:32:48.851 [main] DEBUG com.github.dockerjava.zerodep.shaded.org.apache.hc.client5.http.impl.io.PoolingHttpClientConnectionManager - ep-00000016: connection http-outgoing-2 can be kept alive for 3 MINUTES
03:32:48.851 [main] DEBUG com.github.dockerjava.zerodep.shaded.org.apache.hc.client5.http.impl.io.PoolingHttpClientConnectionManager - ep-00000016: connection released [route: {}->unix://localhost:2375][total available: 1; route allocated: 1 of 2147483647; total allocated: 1 of 2147483647]
03:32:48.851 [main] DEBUG 🐳 [mysql:8.0] - Trying to create JDBC connection using com.mysql.cj.jdbc.Driver to jdbc:mysql://localhost:49160/test?useSSL=false&allowPublicKeyRetrieval=true with properties: {password=admin, user=admin}
03:32:48.953 [main] DEBUG org.testcontainers.shaded.com.github.dockerjava.core.command.AbstrDockerCmd - Cmd: 9691e31891711283f4d98263d11bc6156717d3e75a0b86a23f3b128a992c1f38,false
03:32:48.953 [main] DEBUG org.testcontainers.shaded.com.github.dockerjava.core.exec.InspectContainerCmdExec - GET: DefaultWebTarget{path=[/containers/9691e31891711283f4d98263d11bc6156717d3e75a0b86a23f3b128a992c1f38/json], queryParams={}}
03:32:48.953 [main] DEBUG com.github.dockerjava.zerodep.shaded.org.apache.hc.client5.http.impl.classic.InternalHttpClient - ex-00000018: preparing request execution
03:32:48.954 [main] DEBUG com.github.dockerjava.zerodep.shaded.org.apache.hc.client5.http.protocol.RequestAddCookies - Cookie spec selected: strict
03:32:48.954 [main] DEBUG com.github.dockerjava.zerodep.shaded.org.apache.hc.client5.http.protocol.RequestAuthCache - Auth cache not set in the context
03:32:48.954 [main] DEBUG com.github.dockerjava.zerodep.shaded.org.apache.hc.client5.http.impl.classic.ProtocolExec - ex-00000018: target auth state: UNCHALLENGED
03:32:48.954 [main] DEBUG com.github.dockerjava.zerodep.shaded.org.apache.hc.client5.http.impl.classic.ProtocolExec - ex-00000018: proxy auth state: UNCHALLENGED
03:32:48.954 [main] DEBUG com.github.dockerjava.zerodep.shaded.org.apache.hc.client5.http.impl.classic.ConnectExec - ex-00000018: acquiring connection with route {}->unix://localhost:2375
03:32:48.954 [main] DEBUG com.github.dockerjava.zerodep.shaded.org.apache.hc.client5.http.impl.classic.InternalHttpClient - ex-00000018: acquiring endpoint (3 MINUTES)
03:32:48.954 [main] DEBUG com.github.dockerjava.zerodep.shaded.org.apache.hc.client5.http.impl.io.PoolingHttpClientConnectionManager - ex-00000018: endpoint lease request (3 MINUTES) [route: {}->unix://localhost:2375][total available: 1; route allocated: 1 of 2147483647; total allocated: 1 of 2147483647]
03:32:48.954 [main] DEBUG com.github.dockerjava.zerodep.shaded.org.apache.hc.client5.http.impl.io.PoolingHttpClientConnectionManager - ex-00000018: endpoint leased [route: {}->unix://localhost:2375][total available: 0; route allocated: 1 of 2147483647; total allocated: 1 of 2147483647]
03:32:48.954 [main] DEBUG com.github.dockerjava.zerodep.shaded.org.apache.hc.client5.http.impl.io.PoolingHttpClientConnectionManager - ex-00000018: acquired ep-00000017
03:32:48.954 [main] DEBUG com.github.dockerjava.zerodep.shaded.org.apache.hc.client5.http.impl.classic.InternalHttpClient - ex-00000018: acquired endpoint ep-00000017
03:32:48.954 [main] DEBUG com.github.dockerjava.zerodep.shaded.org.apache.hc.client5.http.impl.classic.MainClientExec - ex-00000018: executing GET /v1.32/containers/9691e31891711283f4d98263d11bc6156717d3e75a0b86a23f3b128a992c1f38/json HTTP/1.1
03:32:48.954 [main] DEBUG com.github.dockerjava.zerodep.shaded.org.apache.hc.client5.http.impl.classic.InternalHttpClient - ep-00000017: start execution ex-00000018
03:32:48.954 [main] DEBUG com.github.dockerjava.zerodep.shaded.org.apache.hc.client5.http.impl.io.PoolingHttpClientConnectionManager - ep-00000017: executing exchange ex-00000018 over http-outgoing-2
03:32:48.954 [main] DEBUG com.github.dockerjava.zerodep.shaded.org.apache.hc.client5.http.headers - http-outgoing-2 >> GET /v1.32/containers/9691e31891711283f4d98263d11bc6156717d3e75a0b86a23f3b128a992c1f38/json HTTP/1.1
03:32:48.954 [main] DEBUG com.github.dockerjava.zerodep.shaded.org.apache.hc.client5.http.headers - http-outgoing-2 >> accept: application/json
03:32:48.954 [main] DEBUG com.github.dockerjava.zerodep.shaded.org.apache.hc.client5.http.headers - http-outgoing-2 >> Accept-Encoding: gzip, x-gzip, deflate
03:32:48.954 [main] DEBUG com.github.dockerjava.zerodep.shaded.org.apache.hc.client5.http.headers - http-outgoing-2 >> Host: localhost:2375
03:32:48.954 [main] DEBUG com.github.dockerjava.zerodep.shaded.org.apache.hc.client5.http.headers - http-outgoing-2 >> Connection: keep-alive
03:32:48.954 [main] DEBUG com.github.dockerjava.zerodep.shaded.org.apache.hc.client5.http.headers - http-outgoing-2 >> User-Agent: Apache-HttpClient/5.0.3 (Java/11.0.15)
03:32:48.954 [main] DEBUG com.github.dockerjava.zerodep.shaded.org.apache.hc.client5.http.wire - http-outgoing-2 >> "GET /v1.32/containers/9691e31891711283f4d98263d11bc6156717d3e75a0b86a23f3b128a992c1f38/json HTTP/1.1[\r][\n]"
03:32:48.954 [main] DEBUG com.github.dockerjava.zerodep.shaded.org.apache.hc.client5.http.wire - http-outgoing-2 >> "accept: application/json[\r][\n]"
03:32:48.954 [main] DEBUG com.github.dockerjava.zerodep.shaded.org.apache.hc.client5.http.wire - http-outgoing-2 >> "Accept-Encoding: gzip, x-gzip, deflate[\r][\n]"
03:32:48.954 [main] DEBUG com.github.dockerjava.zerodep.shaded.org.apache.hc.client5.http.wire - http-outgoing-2 >> "Host: localhost:2375[\r][\n]"
03:32:48.954 [main] DEBUG com.github.dockerjava.zerodep.shaded.org.apache.hc.client5.http.wire - http-outgoing-2 >> "Connection: keep-alive[\r][\n]"
03:32:48.954 [main] DEBUG com.github.dockerjava.zerodep.shaded.org.apache.hc.client5.http.wire - http-outgoing-2 >> "User-Agent: Apache-HttpClient/5.0.3 (Java/11.0.15)[\r][\n]"
03:32:48.955 [main] DEBUG com.github.dockerjava.zerodep.shaded.org.apache.hc.client5.http.wire - http-outgoing-2 >> "[\r][\n]"
03:32:48.955 [main] DEBUG com.github.dockerjava.zerodep.shaded.org.apache.hc.client5.http.wire - http-outgoing-2 << "HTTP/1.1 200 OK[\r][\n]"
03:32:48.955 [main] DEBUG com.github.dockerjava.zerodep.shaded.org.apache.hc.client5.http.wire - http-outgoing-2 << "Api-Version: 1.41[\r][\n]"
03:32:48.955 [main] DEBUG com.github.dockerjava.zerodep.shaded.org.apache.hc.client5.http.wire - http-outgoing-2 << "Content-Type: application/json[\r][\n]"
03:32:48.955 [main] DEBUG com.github.dockerjava.zerodep.shaded.org.apache.hc.client5.http.wire - http-outgoing-2 << "Docker-Experimental: false[\r][\n]"
03:32:48.955 [main] DEBUG com.github.dockerjava.zerodep.shaded.org.apache.hc.client5.http.wire - http-outgoing-2 << "Ostype: linux[\r][\n]"
03:32:48.955 [main] DEBUG com.github.dockerjava.zerodep.shaded.org.apache.hc.client5.http.wire - http-outgoing-2 << "Server: Docker/20.10.12 (linux)[\r][\n]"
03:32:48.955 [main] DEBUG com.github.dockerjava.zerodep.shaded.org.apache.hc.client5.http.wire - http-outgoing-2 << "Date: Thu, 23 Jun 2022 02:32:48 GMT[\r][\n]"
03:32:48.955 [main] DEBUG com.github.dockerjava.zerodep.shaded.org.apache.hc.client5.http.wire - http-outgoing-2 << "Transfer-Encoding: chunked[\r][\n]"
03:32:48.955 [main] DEBUG com.github.dockerjava.zerodep.shaded.org.apache.hc.client5.http.wire - http-outgoing-2 << "[\r][\n]"
03:32:48.955 [main] DEBUG com.github.dockerjava.zerodep.shaded.org.apache.hc.client5.http.wire - http-outgoing-2 << "18ed[\r][\n]"
03:32:48.955 [main] DEBUG com.github.dockerjava.zerodep.shaded.org.apache.hc.client5.http.wire - http-outgoing-2 << "{"Id":"9691e31891711283f4d98263d11bc6156717d3e75a0b86a23f3b128a992c1f38","Created":"2022-06-23T02:32:47.03956921Z","Path":"docker-entrypoint.sh","Args":["mysqld"],"State":{"Status":"running","Running":true,"Paused":false,"Restarting":false,"OOMKilled":false,"Dead":false,"Pid":66188,"ExitCode":0,"Error":"","StartedAt":"2022-06-23T02:32:47.703880551Z","FinishedAt":"0001-01-01T00:00:00Z"},"Image":"sha256:65b636d5542b73254ce90cc4b895597dc1adc2c661ca553c38eda159979dded1","ResolvConfPath":"/var/lib/docker/containers/9691e31891711283f4d98263d11bc6156717d3e75a0b86a23f3b128a992c1f38/resolv.conf","HostnamePath":"/var/lib/docker/containers/9691e31891711283f4d98263d11bc6156717d3e75a0b86a23f3b128a992c1f38/hostname","HostsPath":"/var/lib/docker/containers/9691e31891711283f4d98263d11bc6156717d3e75a0b86a23f3b128a992c1f38/hosts","LogPath":"/var/lib/docker/containers/9691e31891711283f4d98263d11bc6156717d3e75a0b86a23f3b128a992c1f38/9691e31891711283f4d98263d11bc6156717d3e75a0b86a23f3b128a992c1f38-json.log","Name":"/xenodochial_satoshi","RestartCount":0,"Driver":"overlay2","Platform":"linux","MountLabel":"","ProcessLabel":"","AppArmorProfile":"docker-default","ExecIDs":null,"HostConfig":{"Binds":[],"ContainerIDFile":"","LogConfig":{"Type":"json-file","Config":{}},"NetworkMode":"default","PortBindings":{"3306/tcp":[{"HostIp":"","HostPort":""}]},"RestartPolicy":{"Name":"","MaximumRetryCount":0},"AutoRemove":false,"VolumeDriver":"","VolumesFrom":[],"CapAdd":null,"CapDrop":null,"CgroupnsMode":"host","Dns":null,"DnsOptions":null,"DnsSearch":null,"ExtraHosts":[],"GroupAdd":null,"IpcMode":"shareable","Cgroup":"","Links":null,"OomScoreAdj":0,"PidMode":"","Privileged":false,"PublishAllPorts":false,"ReadonlyRootfs":false,"SecurityOpt":null,"UTSMode":"","UsernsMode":"","ShmSize":67108864,"Runtime":"runc","ConsoleSize":[0,0],"Isolation":"","CpuShares":0,"Memory":0,"NanoCpus":0,"CgroupParent":"","BlkioWeight":0,"BlkioWeightDevice":null,"BlkioDeviceReadBps":null,"BlkioDeviceWriteBps":null,"BlkioDeviceReadIOps":null,"BlkioDeviceWriteIOps":null,"CpuPeriod":0,"CpuQuota":0,"CpuRealtimePeriod":0,"CpuRealtimeRuntime":0,"CpusetCpus":"","CpusetMems":"","Devices":null,"DeviceCgroupRules":null,"DeviceRequests":null,"KernelMemory":0,"KernelMemoryTCP":0,"MemoryReservation":0,"MemorySwap":0,"MemorySwappiness":null,"OomKillDisable":false,"PidsLimit":null,"Ulimits":null,"CpuCount":0,"CpuPercent":0,"IOMaximumIOps":0,"IOMaximumBandwidth":0,"MaskedPaths":["/proc/asound","/proc/acpi","/proc/kcore","/proc/keys","/proc/latency_stats","/proc/timer_list","/proc/timer_stats","/proc/sched_debug","/proc/scsi","/sys/firmware"],"ReadonlyPaths":["/proc/bus","/proc/fs","/proc/irq","/proc/sys","/proc/sysrq-trigger"]},"GraphDriver":{"Data":{"LowerDir":"/var/lib/docker/overlay2/5529564f52cf969e31e7a1482c27be7ffed19639b506ae2e15b7e7115f699a73-init/diff:/var/lib/docker/overlay2/833a665819b5d9728d3efa7c33135034345a24f83af53b1a1af33d9b64f5492a/diff:/var/lib/docker/overlay2/bd4a2a46c227c2f15475b08c398f37acaab93f4fdba31de015d730efae0a0cfc/diff:/var/lib/docker/overlay2/31ad437d7cba8e64428a2b62db1bbb2a2ec19ca4e439ec493ef4deb50dce2783/diff:/var/lib/docker/overlay2/35173cbd8ec5b88a8888e9abbe75f8694f5d3f96a9b781bb70dc1f0889685741/diff:/var/lib/docker/overlay2/24bf69ac4e8c81062fee44e7c9f746fffbb139c3f7f4b55b4fd1b23bb101b529/diff:/var/lib/docker/overlay2/2f27c96a7775dad186b6f0da325d5a251c80aa1b7f80cf8520f493c5154aee70/diff:/var/lib/docker/overlay2/463a60088c72ddbea82639ded15801e35a79c443f6a26bf1baf320c683cb06af/diff:/var/lib/docker/overlay2/80b8224b23a2ee4b5be635c58ae579fd1913aa95558cd66ab2f5e8430f00a5b8/diff:/var/lib/docker/overlay2/20451fa0b1a07b85d665bc3a0359d721ce4e4c28fa3bce7456ab25e0babae708/diff:/var/lib/docker/overlay2/f80d865cbc6c1c6f57d0963fa6234e7a6409e079eb17f4f13ca41d02731701ad/diff:/var/lib/docker/overlay2/5a3029e0b57c6ec9b985871ff6adf08356aaa0f2a15f1e34c1a7f116ecc4a61d/dif"
03:32:48.955 [main] DEBUG com.github.dockerjava.zerodep.shaded.org.apache.hc.client5.http.headers - http-outgoing-2 << HTTP/1.1 200 OK
03:32:48.955 [main] DEBUG com.github.dockerjava.zerodep.shaded.org.apache.hc.client5.http.headers - http-outgoing-2 << Api-Version: 1.41
03:32:48.955 [main] DEBUG com.github.dockerjava.zerodep.shaded.org.apache.hc.client5.http.headers - http-outgoing-2 << Content-Type: application/json
03:32:48.955 [main] DEBUG com.github.dockerjava.zerodep.shaded.org.apache.hc.client5.http.headers - http-outgoing-2 << Docker-Experimental: false
03:32:48.955 [main] DEBUG com.github.dockerjava.zerodep.shaded.org.apache.hc.client5.http.headers - http-outgoing-2 << Ostype: linux
03:32:48.955 [main] DEBUG com.github.dockerjava.zerodep.shaded.org.apache.hc.client5.http.headers - http-outgoing-2 << Server: Docker/20.10.12 (linux)
03:32:48.955 [main] DEBUG com.github.dockerjava.zerodep.shaded.org.apache.hc.client5.http.headers - http-outgoing-2 << Date: Thu, 23 Jun 2022 02:32:48 GMT
03:32:48.955 [main] DEBUG com.github.dockerjava.zerodep.shaded.org.apache.hc.client5.http.headers - http-outgoing-2 << Transfer-Encoding: chunked
03:32:48.956 [main] DEBUG com.github.dockerjava.zerodep.shaded.org.apache.hc.client5.http.impl.classic.MainClientExec - ex-00000018: connection can be kept alive for 3 MINUTES
03:32:48.956 [main] DEBUG com.github.dockerjava.zerodep.shaded.org.apache.hc.client5.http.wire - http-outgoing-2 << "f:/var/lib/docker/overlay2/4f3423103248d0b381a1bc6a7287e2b42313ff458cea602a02b7379014b03e0e/diff","MergedDir":"/var/lib/docker/overlay2/5529564f52cf969e31e7a1482c27be7ffed19639b506ae2e15b7e7115f699a73/merged","UpperDir":"/var/lib/docker/overlay2/5529564f52cf969e31e7a1482c27be7ffed19639b506ae2e15b7e7115f699a73/diff","WorkDir":"/var/lib/docker/overlay2/5529564f52cf969e31e7a1482c27be7ffed19639b506ae2e15b7e7115f699a73/work"},"Name":"overlay2"},"Mounts":[{"Type":"volume","Name":"fd1f613c7fe3ca3ae799982507ac3f565cc9f6a2dc99ceaed92389e2c43f47d1","Source":"/var/lib/docker/volumes/fd1f613c7fe3ca3ae799982507ac3f565cc9f6a2dc99ceaed92389e2c43f47d1/_data","Destination":"/var/lib/mysql","Driver":"local","Mode":"","RW":true,"Propagation":""}],"Config":{"Hostname":"9691e3189171","Domainname":"","User":"","AttachStdin":false,"AttachStdout":false,"AttachStderr":false,"ExposedPorts":{"3306/tcp":{},"33060/tcp":{}},"Tty":false,"OpenStdin":false,"StdinOnce":false,"Env":["MYSQL_DATABASE=test","MYSQL_PASSWORD=admin","MYSQL_USER=admin","MYSQL_ROOT_PASSWORD=admin","PATH=/usr/local/sbin:/usr/local/bin:/usr/sbin:/usr/bin:/sbin:/bin","GOSU_VERSION=1.14","MYSQL_MAJOR=8.0","MYSQL_VERSION=8.0.29-1debian10"],"Cmd":["mysqld"],"Image":"mysql:8.0","Volumes":{"/var/lib/mysql":{}},"WorkingDir":"","Entrypoint":["docker-entrypoint.sh"],"OnBuild":null,"Labels":{"org.testcontainers":"true","org.testcontainers.sessionId":"d48265e4-2b28-4f8c-aa67-76dd8289af84"}},"NetworkSettings":{"Bridge":"","SandboxID":"d9de8570fe3f0a4e9f3a1ff7101c963bbd2c6a0a9d8a867b96f17f4d5edca537","HairpinMode":false,"LinkLocalIPv6Address":"","LinkLocalIPv6PrefixLen":0,"Ports":{"3306/tcp":[{"HostIp":"0.0.0.0","HostPort":"49160"},{"HostIp":"::","HostPort":"49160"}],"33060/tcp":null},"SandboxKey":"/var/run/docker/netns/d9de8570fe3f","SecondaryIPAddresses":null,"SecondaryIPv6Addresses":null,"EndpointID":"93e8fe159f683a98670e8995677c2b130dbce857fc116679206e206bda319cbf","Gateway":"172.17.0.1","GlobalIPv6Address":"","GlobalIPv6PrefixLen":0,"IPAddress":"172.17.0.3","IPPrefixLen":16,"IPv6Gateway":"","MacAddress":"02:42:ac:11:00:03","Networks":{"bridge":{"IPAMConfig":null,"Links":null,"Aliases":null,"NetworkID":"1853cd2b9856825cc97ed9ef2b12efa82d95bf9cf60ad666c276eb35cc53539e","EndpointID":"93e8fe159f683a98670e8995677c2b130dbce857fc116679206e206bda319cbf","Gateway":"172.17.0.1","IPAddress":"172.17.0.3","IPPrefixLen":16,"IPv6Gateway":"","GlobalIPv6Address":"","GlobalIPv6PrefixLen":0,"MacAddress":"02:42:ac:11:00:03","DriverOpts":null}}}}[\n]"
03:32:48.958 [main] DEBUG com.github.dockerjava.zerodep.shaded.org.apache.hc.client5.http.wire - http-outgoing-2 << "[\r][\n]"
03:32:48.959 [main] DEBUG com.github.dockerjava.zerodep.shaded.org.apache.hc.client5.http.wire - http-outgoing-2 << "0[\r][\n]"
03:32:48.959 [main] DEBUG com.github.dockerjava.zerodep.shaded.org.apache.hc.client5.http.wire - http-outgoing-2 << "[\r][\n]"
03:32:48.959 [main] DEBUG com.github.dockerjava.zerodep.shaded.org.apache.hc.client5.http.impl.classic.InternalHttpClient - ep-00000017: releasing valid endpoint
03:32:48.959 [main] DEBUG com.github.dockerjava.zerodep.shaded.org.apache.hc.client5.http.impl.io.PoolingHttpClientConnectionManager - ep-00000017: releasing endpoint
03:32:48.959 [main] DEBUG com.github.dockerjava.zerodep.shaded.org.apache.hc.client5.http.impl.io.PoolingHttpClientConnectionManager - ep-00000017: connection http-outgoing-2 can be kept alive for 3 MINUTES
03:32:48.959 [main] DEBUG com.github.dockerjava.zerodep.shaded.org.apache.hc.client5.http.impl.io.PoolingHttpClientConnectionManager - ep-00000017: connection released [route: {}->unix://localhost:2375][total available: 1; route allocated: 1 of 2147483647; total allocated: 1 of 2147483647]
03:32:48.959 [main] DEBUG 🐳 [mysql:8.0] - Trying to create JDBC connection using com.mysql.cj.jdbc.Driver to jdbc:mysql://localhost:49160/test?useSSL=false&allowPublicKeyRetrieval=true with properties: {password=admin, user=admin}
03:32:49.061 [main] DEBUG org.testcontainers.shaded.com.github.dockerjava.core.command.AbstrDockerCmd - Cmd: 9691e31891711283f4d98263d11bc6156717d3e75a0b86a23f3b128a992c1f38,false
03:32:49.061 [main] DEBUG org.testcontainers.shaded.com.github.dockerjava.core.exec.InspectContainerCmdExec - GET: DefaultWebTarget{path=[/containers/9691e31891711283f4d98263d11bc6156717d3e75a0b86a23f3b128a992c1f38/json], queryParams={}}
03:32:49.062 [main] DEBUG com.github.dockerjava.zerodep.shaded.org.apache.hc.client5.http.impl.classic.InternalHttpClient - ex-00000019: preparing request execution
03:32:49.062 [main] DEBUG com.github.dockerjava.zerodep.shaded.org.apache.hc.client5.http.protocol.RequestAddCookies - Cookie spec selected: strict
03:32:49.062 [main] DEBUG com.github.dockerjava.zerodep.shaded.org.apache.hc.client5.http.protocol.RequestAuthCache - Auth cache not set in the context
03:32:49.062 [main] DEBUG com.github.dockerjava.zerodep.shaded.org.apache.hc.client5.http.impl.classic.ProtocolExec - ex-00000019: target auth state: UNCHALLENGED
03:32:49.062 [main] DEBUG com.github.dockerjava.zerodep.shaded.org.apache.hc.client5.http.impl.classic.ProtocolExec - ex-00000019: proxy auth state: UNCHALLENGED
03:32:49.062 [main] DEBUG com.github.dockerjava.zerodep.shaded.org.apache.hc.client5.http.impl.classic.ConnectExec - ex-00000019: acquiring connection with route {}->unix://localhost:2375
03:32:49.062 [main] DEBUG com.github.dockerjava.zerodep.shaded.org.apache.hc.client5.http.impl.classic.InternalHttpClient - ex-00000019: acquiring endpoint (3 MINUTES)
03:32:49.062 [main] DEBUG com.github.dockerjava.zerodep.shaded.org.apache.hc.client5.http.impl.io.PoolingHttpClientConnectionManager - ex-00000019: endpoint lease request (3 MINUTES) [route: {}->unix://localhost:2375][total available: 1; route allocated: 1 of 2147483647; total allocated: 1 of 2147483647]
03:32:49.064 [main] DEBUG com.github.dockerjava.zerodep.shaded.org.apache.hc.client5.http.impl.io.PoolingHttpClientConnectionManager - ex-00000019: endpoint leased [route: {}->unix://localhost:2375][total available: 0; route allocated: 1 of 2147483647; total allocated: 1 of 2147483647]
03:32:49.064 [main] DEBUG com.github.dockerjava.zerodep.shaded.org.apache.hc.client5.http.impl.io.PoolingHttpClientConnectionManager - ex-00000019: acquired ep-00000018
03:32:49.064 [main] DEBUG com.github.dockerjava.zerodep.shaded.org.apache.hc.client5.http.impl.classic.InternalHttpClient - ex-00000019: acquired endpoint ep-00000018
03:32:49.064 [main] DEBUG com.github.dockerjava.zerodep.shaded.org.apache.hc.client5.http.impl.classic.MainClientExec - ex-00000019: executing GET /v1.32/containers/9691e31891711283f4d98263d11bc6156717d3e75a0b86a23f3b128a992c1f38/json HTTP/1.1
03:32:49.064 [main] DEBUG com.github.dockerjava.zerodep.shaded.org.apache.hc.client5.http.impl.classic.InternalHttpClient - ep-00000018: start execution ex-00000019
03:32:49.064 [main] DEBUG com.github.dockerjava.zerodep.shaded.org.apache.hc.client5.http.impl.io.PoolingHttpClientConnectionManager - ep-00000018: executing exchange ex-00000019 over http-outgoing-2
03:32:49.066 [main] DEBUG com.github.dockerjava.zerodep.shaded.org.apache.hc.client5.http.headers - http-outgoing-2 >> GET /v1.32/containers/9691e31891711283f4d98263d11bc6156717d3e75a0b86a23f3b128a992c1f38/json HTTP/1.1
03:32:49.066 [main] DEBUG com.github.dockerjava.zerodep.shaded.org.apache.hc.client5.http.headers - http-outgoing-2 >> accept: application/json
03:32:49.066 [main] DEBUG com.github.dockerjava.zerodep.shaded.org.apache.hc.client5.http.headers - http-outgoing-2 >> Accept-Encoding: gzip, x-gzip, deflate
03:32:49.066 [main] DEBUG com.github.dockerjava.zerodep.shaded.org.apache.hc.client5.http.headers - http-outgoing-2 >> Host: localhost:2375
03:32:49.066 [main] DEBUG com.github.dockerjava.zerodep.shaded.org.apache.hc.client5.http.headers - http-outgoing-2 >> Connection: keep-alive
03:32:49.066 [main] DEBUG com.github.dockerjava.zerodep.shaded.org.apache.hc.client5.http.headers - http-outgoing-2 >> User-Agent: Apache-HttpClient/5.0.3 (Java/11.0.15)
03:32:49.066 [main] DEBUG com.github.dockerjava.zerodep.shaded.org.apache.hc.client5.http.wire - http-outgoing-2 >> "GET /v1.32/containers/9691e31891711283f4d98263d11bc6156717d3e75a0b86a23f3b128a992c1f38/json HTTP/1.1[\r][\n]"
03:32:49.066 [main] DEBUG com.github.dockerjava.zerodep.shaded.org.apache.hc.client5.http.wire - http-outgoing-2 >> "accept: application/json[\r][\n]"
03:32:49.066 [main] DEBUG com.github.dockerjava.zerodep.shaded.org.apache.hc.client5.http.wire - http-outgoing-2 >> "Accept-Encoding: gzip, x-gzip, deflate[\r][\n]"
03:32:49.066 [main] DEBUG com.github.dockerjava.zerodep.shaded.org.apache.hc.client5.http.wire - http-outgoing-2 >> "Host: localhost:2375[\r][\n]"
03:32:49.066 [main] DEBUG com.github.dockerjava.zerodep.shaded.org.apache.hc.client5.http.wire - http-outgoing-2 >> "Connection: keep-alive[\r][\n]"
03:32:49.066 [main] DEBUG com.github.dockerjava.zerodep.shaded.org.apache.hc.client5.http.wire - http-outgoing-2 >> "User-Agent: Apache-HttpClient/5.0.3 (Java/11.0.15)[\r][\n]"
03:32:49.066 [main] DEBUG com.github.dockerjava.zerodep.shaded.org.apache.hc.client5.http.wire - http-outgoing-2 >> "[\r][\n]"
03:32:49.067 [main] DEBUG com.github.dockerjava.zerodep.shaded.org.apache.hc.client5.http.wire - http-outgoing-2 << "HTTP/1.1 200 OK[\r][\n]"
03:32:49.067 [main] DEBUG com.github.dockerjava.zerodep.shaded.org.apache.hc.client5.http.wire - http-outgoing-2 << "Api-Version: 1.41[\r][\n]"
03:32:49.067 [main] DEBUG com.github.dockerjava.zerodep.shaded.org.apache.hc.client5.http.wire - http-outgoing-2 << "Content-Type: application/json[\r][\n]"
03:32:49.067 [main] DEBUG com.github.dockerjava.zerodep.shaded.org.apache.hc.client5.http.wire - http-outgoing-2 << "Docker-Experimental: false[\r][\n]"
03:32:49.067 [main] DEBUG com.github.dockerjava.zerodep.shaded.org.apache.hc.client5.http.wire - http-outgoing-2 << "Ostype: linux[\r][\n]"
03:32:49.067 [main] DEBUG com.github.dockerjava.zerodep.shaded.org.apache.hc.client5.http.wire - http-outgoing-2 << "Server: Docker/20.10.12 (linux)[\r][\n]"
03:32:49.067 [main] DEBUG com.github.dockerjava.zerodep.shaded.org.apache.hc.client5.http.wire - http-outgoing-2 << "Date: Thu, 23 Jun 2022 02:32:49 GMT[\r][\n]"
03:32:49.067 [main] DEBUG com.github.dockerjava.zerodep.shaded.org.apache.hc.client5.http.wire - http-outgoing-2 << "Transfer-Encoding: chunked[\r][\n]"
03:32:49.067 [main] DEBUG com.github.dockerjava.zerodep.shaded.org.apache.hc.client5.http.wire - http-outgoing-2 << "[\r][\n]"
03:32:49.067 [main] DEBUG com.github.dockerjava.zerodep.shaded.org.apache.hc.client5.http.wire - http-outgoing-2 << "18ed[\r][\n]"
03:32:49.070 [main] DEBUG com.github.dockerjava.zerodep.shaded.org.apache.hc.client5.http.wire - http-outgoing-2 << "{"Id":"9691e31891711283f4d98263d11bc6156717d3e75a0b86a23f3b128a992c1f38","Created":"2022-06-23T02:32:47.03956921Z","Path":"docker-entrypoint.sh","Args":["mysqld"],"State":{"Status":"running","Running":true,"Paused":false,"Restarting":false,"OOMKilled":false,"Dead":false,"Pid":66188,"ExitCode":0,"Error":"","StartedAt":"2022-06-23T02:32:47.703880551Z","FinishedAt":"0001-01-01T00:00:00Z"},"Image":"sha256:65b636d5542b73254ce90cc4b895597dc1adc2c661ca553c38eda159979dded1","ResolvConfPath":"/var/lib/docker/containers/9691e31891711283f4d98263d11bc6156717d3e75a0b86a23f3b128a992c1f38/resolv.conf","HostnamePath":"/var/lib/docker/containers/9691e31891711283f4d98263d11bc6156717d3e75a0b86a23f3b128a992c1f38/hostname","HostsPath":"/var/lib/docker/containers/9691e31891711283f4d98263d11bc6156717d3e75a0b86a23f3b128a992c1f38/hosts","LogPath":"/var/lib/docker/containers/9691e31891711283f4d98263d11bc6156717d3e75a0b86a23f3b128a992c1f38/9691e31891711283f4d98263d11bc6156717d3e75a0b86a23f3b128a992c1f38-json.log","Name":"/xenodochial_satoshi","RestartCount":0,"Driver":"overlay2","Platform":"linux","MountLabel":"","ProcessLabel":"","AppArmorProfile":"docker-default","ExecIDs":null,"HostConfig":{"Binds":[],"ContainerIDFile":"","LogConfig":{"Type":"json-file","Config":{}},"NetworkMode":"default","PortBindings":{"3306/tcp":[{"HostIp":"","HostPort":""}]},"RestartPolicy":{"Name":"","MaximumRetryCount":0},"AutoRemove":false,"VolumeDriver":"","VolumesFrom":[],"CapAdd":null,"CapDrop":null,"CgroupnsMode":"host","Dns":null,"DnsOptions":null,"DnsSearch":null,"ExtraHosts":[],"GroupAdd":null,"IpcMode":"shareable","Cgroup":"","Links":null,"OomScoreAdj":0,"PidMode":"","Privileged":false,"PublishAllPorts":false,"ReadonlyRootfs":false,"SecurityOpt":null,"UTSMode":"","UsernsMode":"","ShmSize":67108864,"Runtime":"runc","ConsoleSize":[0,0],"Isolation":"","CpuShares":0,"Memory":0,"NanoCpus":0,"CgroupParent":"","BlkioWeight":0,"BlkioWeightDevice":null,"BlkioDeviceReadBps":null,"BlkioDeviceWriteBps":null,"BlkioDeviceReadIOps":null,"BlkioDeviceWriteIOps":null,"CpuPeriod":0,"CpuQuota":0,"CpuRealtimePeriod":0,"CpuRealtimeRuntime":0,"CpusetCpus":"","CpusetMems":"","Devices":null,"DeviceCgroupRules":null,"DeviceRequests":null,"KernelMemory":0,"KernelMemoryTCP":0,"MemoryReservation":0,"MemorySwap":0,"MemorySwappiness":null,"OomKillDisable":false,"PidsLimit":null,"Ulimits":null,"CpuCount":0,"CpuPercent":0,"IOMaximumIOps":0,"IOMaximumBandwidth":0,"MaskedPaths":["/proc/asound","/proc/acpi","/proc/kcore","/proc/keys","/proc/latency_stats","/proc/timer_list","/proc/timer_stats","/proc/sched_debug","/proc/scsi","/sys/firmware"],"ReadonlyPaths":["/proc/bus","/proc/fs","/proc/irq","/proc/sys","/proc/sysrq-trigger"]},"GraphDriver":{"Data":{"LowerDir":"/var/lib/docker/overlay2/5529564f52cf969e31e7a1482c27be7ffed19639b506ae2e15b7e7115f699a73-init/diff:/var/lib/docker/overlay2/833a665819b5d9728d3efa7c33135034345a24f83af53b1a1af33d9b64f5492a/diff:/var/lib/docker/overlay2/bd4a2a46c227c2f15475b08c398f37acaab93f4fdba31de015d730efae0a0cfc/diff:/var/lib/docker/overlay2/31ad437d7cba8e64428a2b62db1bbb2a2ec19ca4e439ec493ef4deb50dce2783/diff:/var/lib/docker/overlay2/35173cbd8ec5b88a8888e9abbe75f8694f5d3f96a9b781bb70dc1f0889685741/diff:/var/lib/docker/overlay2/24bf69ac4e8c81062fee44e7c9f746fffbb139c3f7f4b55b4fd1b23bb101b529/diff:/var/lib/docker/overlay2/2f27c96a7775dad186b6f0da325d5a251c80aa1b7f80cf8520f493c5154aee70/diff:/var/lib/docker/overlay2/463a60088c72ddbea82639ded15801e35a79c443f6a26bf1baf320c683cb06af/diff:/var/lib/docker/overlay2/80b8224b23a2ee4b5be635c58ae579fd1913aa95558cd66ab2f5e8430f00a5b8/diff:/var/lib/docker/overlay2/20451fa0b1a07b85d665bc3a0359d721ce4e4c28fa3bce7456ab25e0babae708/diff:/var/lib/docker/overlay2/f80d865cbc6c1c6f57d0963fa6234e7a6409e079eb17f4f13ca41d02731701ad/diff:/var/lib/docker/overlay2/5a3029e0b57c6ec9b985871ff6adf08356aaa0f2a15f1e34c1a7f116ecc4a61d/diff:/var/lib/docker/overlay2/4f3423103248d0b381a1bc6a7287e2b42313ff458cea602a02b7379014b03e0e/diff","MergedDir":"/var/lib/docker/overlay2/5529564f52cf969e31e7a1482c27be7ffed19639b506ae2e15b7e7115f699a73/merged","UpperDir":"/var/lib/docker/overlay2/5529564f52cf969e31e7a1482c27be7ffed19639b506ae2e15b7e7115f699a73/diff","WorkDir":"/var/lib/docker/overlay2/5529564f52cf969e31e7a1482c27be7ffed19639b506ae2e15b7e7115f699a73/work"},"Name":"overlay2"},"Mounts":[{"Type":"volume","Name":"fd1f613c7fe3ca3ae799982507ac3f565cc9f6a2dc99ceaed92389e2c43f47d1","Source":"/var/lib/docker/volumes/fd1f613c7fe3ca3ae799982507ac3f565cc9f6a2dc99ceaed92389e2c43f47d1/_data","Destination":"/var/lib/mysql","Driver":"local","Mode":"","RW":true,"Propagation":""}],"Config":{"Hostname":"9691e3189171","Domainname":"","User":"","AttachStdin":false,"AttachStdout":false,"AttachStderr":false,"ExposedPorts":{"3306/tcp":{},"33060/tcp":{}},"Tty":false,"OpenStdin":false,"StdinOnce":false,"Env":["MYSQL_DATABASE=test","MYSQL_PASSWORD=admin","MYSQL_USER=admin","MYSQL_ROOT_PASSWORD=admin","PATH=/usr/local/sbin:/usr/local/bin:/usr/sbin:/usr/bin:/sbin:/bin","GOSU_VERSION=1.14","MYSQL_MAJOR=8.0","MYSQL_VERSION=8.0.29-1debian10"],"Cmd":["mysqld"],"Image":"mysql:8.0","Volumes":{"/var/lib/mysql":{}},"WorkingDir":"","Entrypoint":["docker-entrypoint.sh"],"OnBuild":null,"Labels":{"org.testcontainers":"true","org.testcontainers.sessionId":"d48265e4-2b28-4f8c-aa67-76dd8289af84"}},"NetworkSettings":{"Bridge":"","SandboxID":"d9de8570fe3f0a4e9f3a1ff7101c963bbd2c6a0a9d8a867b96f17f4d5edca537","HairpinMode":false,"LinkLocalIPv6Address":"","LinkLocalIPv6PrefixLen":0,"Ports":{"3306/tcp":[{"HostIp":"0.0.0.0","HostPort":"49160"},{"HostIp":"::","HostPort":"49160"}],"33060/tcp":null},"SandboxKey":"/var/run/docker/netns/d9de8570fe3f","SecondaryIPAddresses":null,"SecondaryIPv6Addresses":null,"EndpointID":"93e8fe159f683a98670e8995677c2b130dbce857fc116679206e206bda319cbf","Gateway":"172.17.0.1","GlobalIPv6Address":"","GlobalIPv6PrefixLen":0,"IPAddress":"172.17.0.3","IPPrefixLen":16,"IPv6Gateway":"","MacAddress":"02:42:ac:11:00:03","Networks":{"bridge":{"IPAMConfig":null,"Links":null,"Aliases":null,"NetworkID":"1853cd2b9856825cc97ed9ef2b12efa82d95bf9cf60ad666c276eb35cc53539e","EndpointID":"93e8fe159f683a98670e8995677c2b130dbce857fc116679206e206bda319cbf","Gateway":"172.17.0.1","IPAddress":"172.17.0.3","IPPrefixLen":16,"IPv6Gateway":"","GlobalIPv6Address":"","GlobalIPv6PrefixLen":0,"MacAddress":"02:42:ac:11:00:03","DriverOpts":null}}}}[\n]"
03:32:49.070 [main] DEBUG com.github.dockerjava.zerodep.shaded.org.apache.hc.client5.http.wire - http-outgoing-2 << "[\r][\n]"
03:32:49.070 [main] DEBUG com.github.dockerjava.zerodep.shaded.org.apache.hc.client5.http.wire - http-outgoing-2 << "0[\r][\n]"
03:32:49.070 [main] DEBUG com.github.dockerjava.zerodep.shaded.org.apache.hc.client5.http.wire - http-outgoing-2 << "[\r][\n]"
03:32:49.070 [main] DEBUG com.github.dockerjava.zerodep.shaded.org.apache.hc.client5.http.headers - http-outgoing-2 << HTTP/1.1 200 OK
03:32:49.070 [main] DEBUG com.github.dockerjava.zerodep.shaded.org.apache.hc.client5.http.headers - http-outgoing-2 << Api-Version: 1.41
03:32:49.070 [main] DEBUG com.github.dockerjava.zerodep.shaded.org.apache.hc.client5.http.headers - http-outgoing-2 << Content-Type: application/json
03:32:49.072 [main] DEBUG com.github.dockerjava.zerodep.shaded.org.apache.hc.client5.http.headers - http-outgoing-2 << Docker-Experimental: false
03:32:49.072 [main] DEBUG com.github.dockerjava.zerodep.shaded.org.apache.hc.client5.http.headers - http-outgoing-2 << Ostype: linux
03:32:49.072 [main] DEBUG com.github.dockerjava.zerodep.shaded.org.apache.hc.client5.http.headers - http-outgoing-2 << Server: Docker/20.10.12 (linux)
03:32:49.072 [main] DEBUG com.github.dockerjava.zerodep.shaded.org.apache.hc.client5.http.headers - http-outgoing-2 << Date: Thu, 23 Jun 2022 02:32:49 GMT
03:32:49.072 [main] DEBUG com.github.dockerjava.zerodep.shaded.org.apache.hc.client5.http.headers - http-outgoing-2 << Transfer-Encoding: chunked
03:32:49.072 [main] DEBUG com.github.dockerjava.zerodep.shaded.org.apache.hc.client5.http.impl.classic.MainClientExec - ex-00000019: connection can be kept alive for 3 MINUTES
03:32:49.083 [main] DEBUG com.github.dockerjava.zerodep.shaded.org.apache.hc.client5.http.impl.classic.InternalHttpClient - ep-00000018: releasing valid endpoint
03:32:49.083 [main] DEBUG com.github.dockerjava.zerodep.shaded.org.apache.hc.client5.http.impl.io.PoolingHttpClientConnectionManager - ep-00000018: releasing endpoint
03:32:49.083 [main] DEBUG com.github.dockerjava.zerodep.shaded.org.apache.hc.client5.http.impl.io.PoolingHttpClientConnectionManager - ep-00000018: connection http-outgoing-2 can be kept alive for 3 MINUTES
03:32:49.083 [main] DEBUG com.github.dockerjava.zerodep.shaded.org.apache.hc.client5.http.impl.io.PoolingHttpClientConnectionManager - ep-00000018: connection released [route: {}->unix://localhost:2375][total available: 1; route allocated: 1 of 2147483647; total allocated: 1 of 2147483647]
03:32:49.083 [main] DEBUG 🐳 [mysql:8.0] - Trying to create JDBC connection using com.mysql.cj.jdbc.Driver to jdbc:mysql://localhost:49160/test?useSSL=false&allowPublicKeyRetrieval=true with properties: {password=admin, user=admin}
03:32:49.188 [main] DEBUG org.testcontainers.shaded.com.github.dockerjava.core.command.AbstrDockerCmd - Cmd: 9691e31891711283f4d98263d11bc6156717d3e75a0b86a23f3b128a992c1f38,false
03:32:49.188 [main] DEBUG org.testcontainers.shaded.com.github.dockerjava.core.exec.InspectContainerCmdExec - GET: DefaultWebTarget{path=[/containers/9691e31891711283f4d98263d11bc6156717d3e75a0b86a23f3b128a992c1f38/json], queryParams={}}
03:32:49.189 [main] DEBUG com.github.dockerjava.zerodep.shaded.org.apache.hc.client5.http.impl.classic.InternalHttpClient - ex-0000001A: preparing request execution
03:32:49.189 [main] DEBUG com.github.dockerjava.zerodep.shaded.org.apache.hc.client5.http.protocol.RequestAddCookies - Cookie spec selected: strict
03:32:49.189 [main] DEBUG com.github.dockerjava.zerodep.shaded.org.apache.hc.client5.http.protocol.RequestAuthCache - Auth cache not set in the context
03:32:49.189 [main] DEBUG com.github.dockerjava.zerodep.shaded.org.apache.hc.client5.http.impl.classic.ProtocolExec - ex-0000001A: target auth state: UNCHALLENGED
03:32:49.189 [main] DEBUG com.github.dockerjava.zerodep.shaded.org.apache.hc.client5.http.impl.classic.ProtocolExec - ex-0000001A: proxy auth state: UNCHALLENGED
03:32:49.189 [main] DEBUG com.github.dockerjava.zerodep.shaded.org.apache.hc.client5.http.impl.classic.ConnectExec - ex-0000001A: acquiring connection with route {}->unix://localhost:2375
03:32:49.189 [main] DEBUG com.github.dockerjava.zerodep.shaded.org.apache.hc.client5.http.impl.classic.InternalHttpClient - ex-0000001A: acquiring endpoint (3 MINUTES)
03:32:49.189 [main] DEBUG com.github.dockerjava.zerodep.shaded.org.apache.hc.client5.http.impl.io.PoolingHttpClientConnectionManager - ex-0000001A: endpoint lease request (3 MINUTES) [route: {}->unix://localhost:2375][total available: 1; route allocated: 1 of 2147483647; total allocated: 1 of 2147483647]
03:32:49.189 [main] DEBUG com.github.dockerjava.zerodep.shaded.org.apache.hc.client5.http.impl.io.PoolingHttpClientConnectionManager - ex-0000001A: endpoint leased [route: {}->unix://localhost:2375][total available: 0; route allocated: 1 of 2147483647; total allocated: 1 of 2147483647]
03:32:49.189 [main] DEBUG com.github.dockerjava.zerodep.shaded.org.apache.hc.client5.http.impl.io.PoolingHttpClientConnectionManager - ex-0000001A: acquired ep-00000019
03:32:49.189 [main] DEBUG com.github.dockerjava.zerodep.shaded.org.apache.hc.client5.http.impl.classic.InternalHttpClient - ex-0000001A: acquired endpoint ep-00000019
03:32:49.189 [main] DEBUG com.github.dockerjava.zerodep.shaded.org.apache.hc.client5.http.impl.classic.MainClientExec - ex-0000001A: executing GET /v1.32/containers/9691e31891711283f4d98263d11bc6156717d3e75a0b86a23f3b128a992c1f38/json HTTP/1.1
03:32:49.189 [main] DEBUG com.github.dockerjava.zerodep.shaded.org.apache.hc.client5.http.impl.classic.InternalHttpClient - ep-00000019: start execution ex-0000001A
03:32:49.189 [main] DEBUG com.github.dockerjava.zerodep.shaded.org.apache.hc.client5.http.impl.io.PoolingHttpClientConnectionManager - ep-00000019: executing exchange ex-0000001A over http-outgoing-2
03:32:49.190 [main] DEBUG com.github.dockerjava.zerodep.shaded.org.apache.hc.client5.http.headers - http-outgoing-2 >> GET /v1.32/containers/9691e31891711283f4d98263d11bc6156717d3e75a0b86a23f3b128a992c1f38/json HTTP/1.1
03:32:49.190 [main] DEBUG com.github.dockerjava.zerodep.shaded.org.apache.hc.client5.http.headers - http-outgoing-2 >> accept: application/json
03:32:49.190 [main] DEBUG com.github.dockerjava.zerodep.shaded.org.apache.hc.client5.http.headers - http-outgoing-2 >> Accept-Encoding: gzip, x-gzip, deflate
03:32:49.190 [main] DEBUG com.github.dockerjava.zerodep.shaded.org.apache.hc.client5.http.headers - http-outgoing-2 >> Host: localhost:2375
03:32:49.190 [main] DEBUG com.github.dockerjava.zerodep.shaded.org.apache.hc.client5.http.headers - http-outgoing-2 >> Connection: keep-alive
03:32:49.190 [main] DEBUG com.github.dockerjava.zerodep.shaded.org.apache.hc.client5.http.headers - http-outgoing-2 >> User-Agent: Apache-HttpClient/5.0.3 (Java/11.0.15)
03:32:49.190 [main] DEBUG com.github.dockerjava.zerodep.shaded.org.apache.hc.client5.http.wire - http-outgoing-2 >> "GET /v1.32/containers/9691e31891711283f4d98263d11bc6156717d3e75a0b86a23f3b128a992c1f38/json HTTP/1.1[\r][\n]"
03:32:49.190 [main] DEBUG com.github.dockerjava.zerodep.shaded.org.apache.hc.client5.http.wire - http-outgoing-2 >> "accept: application/json[\r][\n]"
03:32:49.190 [main] DEBUG com.github.dockerjava.zerodep.shaded.org.apache.hc.client5.http.wire - http-outgoing-2 >> "Accept-Encoding: gzip, x-gzip, deflate[\r][\n]"
03:32:49.190 [main] DEBUG com.github.dockerjava.zerodep.shaded.org.apache.hc.client5.http.wire - http-outgoing-2 >> "Host: localhost:2375[\r][\n]"
03:32:49.190 [main] DEBUG com.github.dockerjava.zerodep.shaded.org.apache.hc.client5.http.wire - http-outgoing-2 >> "Connection: keep-alive[\r][\n]"
03:32:49.190 [main] DEBUG com.github.dockerjava.zerodep.shaded.org.apache.hc.client5.http.wire - http-outgoing-2 >> "User-Agent: Apache-HttpClient/5.0.3 (Java/11.0.15)[\r][\n]"
03:32:49.190 [main] DEBUG com.github.dockerjava.zerodep.shaded.org.apache.hc.client5.http.wire - http-outgoing-2 >> "[\r][\n]"
03:32:49.190 [main] DEBUG com.github.dockerjava.zerodep.shaded.org.apache.hc.client5.http.wire - http-outgoing-2 << "HTTP/1.1 200 OK[\r][\n]"
03:32:49.190 [main] DEBUG com.github.dockerjava.zerodep.shaded.org.apache.hc.client5.http.wire - http-outgoing-2 << "Api-Version: 1.41[\r][\n]"
03:32:49.190 [main] DEBUG com.github.dockerjava.zerodep.shaded.org.apache.hc.client5.http.wire - http-outgoing-2 << "Content-Type: application/json[\r][\n]"
03:32:49.190 [main] DEBUG com.github.dockerjava.zerodep.shaded.org.apache.hc.client5.http.wire - http-outgoing-2 << "Docker-Experimental: false[\r][\n]"
03:32:49.190 [main] DEBUG com.github.dockerjava.zerodep.shaded.org.apache.hc.client5.http.wire - http-outgoing-2 << "Ostype: linux[\r][\n]"
03:32:49.190 [main] DEBUG com.github.dockerjava.zerodep.shaded.org.apache.hc.client5.http.wire - http-outgoing-2 << "Server: Docker/20.10.12 (linux)[\r][\n]"
03:32:49.190 [main] DEBUG com.github.dockerjava.zerodep.shaded.org.apache.hc.client5.http.wire - http-outgoing-2 << "Date: Thu, 23 Jun 2022 02:32:49 GMT[\r][\n]"
03:32:49.190 [main] DEBUG com.github.dockerjava.zerodep.shaded.org.apache.hc.client5.http.wire - http-outgoing-2 << "Transfer-Encoding: chunked[\r][\n]"
03:32:49.190 [main] DEBUG com.github.dockerjava.zerodep.shaded.org.apache.hc.client5.http.wire - http-outgoing-2 << "[\r][\n]"
03:32:49.190 [main] DEBUG com.github.dockerjava.zerodep.shaded.org.apache.hc.client5.http.wire - http-outgoing-2 << "18ed[\r][\n]"
03:32:49.190 [main] DEBUG com.github.dockerjava.zerodep.shaded.org.apache.hc.client5.http.wire - http-outgoing-2 << "{"Id":"9691e31891711283f4d98263d11bc6156717d3e75a0b86a23f3b128a992c1f38","Created":"2022-06-23T02:32:47.03956921Z","Path":"docker-entrypoint.sh","Args":["mysqld"],"State":{"Status":"running","Running":true,"Paused":false,"Restarting":false,"OOMKilled":false,"Dead":false,"Pid":66188,"ExitCode":0,"Error":"","StartedAt":"2022-06-23T02:32:47.703880551Z","FinishedAt":"0001-01-01T00:00:00Z"},"Image":"sha256:65b636d5542b73254ce90cc4b895597dc1adc2c661ca553c38eda159979dded1","ResolvConfPath":"/var/lib/docker/containers/9691e31891711283f4d98263d11bc6156717d3e75a0b86a23f3b128a992c1f38/resolv.conf","HostnamePath":"/var/lib/docker/containers/9691e31891711283f4d98263d11bc6156717d3e75a0b86a23f3b128a992c1f38/hostname","HostsPath":"/var/lib/docker/containers/9691e31891711283f4d98263d11bc6156717d3e75a0b86a23f3b128a992c1f38/hosts","LogPath":"/var/lib/docker/containers/9691e31891711283f4d98263d11bc6156717d3e75a0b86a23f3b128a992c1f38/9691e31891711283f4d98263d11bc6156717d3e75a0b86a23f3b128a992c1f38-json.log","Name":"/xenodochial_satoshi","RestartCount":0,"Driver":"overlay2","Platform":"linux","MountLabel":"","ProcessLabel":"","AppArmorProfile":"docker-default","ExecIDs":null,"HostConfig":{"Binds":[],"ContainerIDFile":"","LogConfig":{"Type":"json-file","Config":{}},"NetworkMode":"default","PortBindings":{"3306/tcp":[{"HostIp":"","HostPort":""}]},"RestartPolicy":{"Name":"","MaximumRetryCount":0},"AutoRemove":false,"VolumeDriver":"","VolumesFrom":[],"CapAdd":null,"CapDrop":null,"CgroupnsMode":"host","Dns":null,"DnsOptions":null,"DnsSearch":null,"ExtraHosts":[],"GroupAdd":null,"IpcMode":"shareable","Cgroup":"","Links":null,"OomScoreAdj":0,"PidMode":"","Privileged":false,"PublishAllPorts":false,"ReadonlyRootfs":false,"SecurityOpt":null,"UTSMode":"","UsernsMode":"","ShmSize":67108864,"Runtime":"runc","ConsoleSize":[0,0],"Isolation":"","CpuShares":0,"Memory":0,"NanoCpus":0,"CgroupParent":"","BlkioWeight":0,"BlkioWeightDevice":null,"BlkioDeviceReadBps":null,"BlkioDeviceWriteBps":null,"BlkioDeviceReadIOps":null,"BlkioDeviceWriteIOps":null,"CpuPeriod":0,"CpuQuota":0,"CpuRealtimePeriod":0,"CpuRealtimeRuntime":0,"CpusetCpus":"","CpusetMems":"","Devices":null,"DeviceCgroupRules":null,"DeviceRequests":null,"KernelMemory":0,"KernelMemoryTCP":0,"MemoryReservation":0,"MemorySwap":0,"MemorySwappiness":null,"OomKillDisable":false,"PidsLimit":null,"Ulimits":null,"CpuCount":0,"CpuPercent":0,"IOMaximumIOps":0,"IOMaximumBandwidth":0,"MaskedPaths":["/proc/asound","/proc/acpi","/proc/kcore","/proc/keys","/proc/latency_stats","/proc/timer_list","/proc/timer_stats","/proc/sched_debug","/proc/scsi","/sys/firmware"],"ReadonlyPaths":["/proc/bus","/proc/fs","/proc/irq","/proc/sys","/proc/sysrq-trigger"]},"GraphDriver":{"Data":{"LowerDir":"/var/lib/docker/overlay2/5529564f52cf969e31e7a1482c27be7ffed19639b506ae2e15b7e7115f699a73-init/diff:/var/lib/docker/overlay2/833a665819b5d9728d3efa7c33135034345a24f83af53b1a1af33d9b64f5492a/diff:/var/lib/docker/overlay2/bd4a2a46c227c2f15475b08c398f37acaab93f4fdba31de015d730efae0a0cfc/diff:/var/lib/docker/overlay2/31ad437d7cba8e64428a2b62db1bbb2a2ec19ca4e439ec493ef4deb50dce2783/diff:/var/lib/docker/overlay2/35173cbd8ec5b88a8888e9abbe75f8694f5d3f96a9b781bb70dc1f0889685741/diff:/var/lib/docker/overlay2/24bf69ac4e8c81062fee44e7c9f746fffbb139c3f7f4b55b4fd1b23bb101b529/diff:/var/lib/docker/overlay2/2f27c96a7775dad186b6f0da325d5a251c80aa1b7f80cf8520f493c5154aee70/diff:/var/lib/docker/overlay2/463a60088c72ddbea82639ded15801e35a79c443f6a26bf1baf320c683cb06af/diff:/var/lib/docker/overlay2/80b8224b23a2ee4b5be635c58ae579fd1913aa95558cd66ab2f5e8430f00a5b8/diff:/var/lib/docker/overlay2/20451fa0b1a07b85d665bc3a0359d721ce4e4c28fa3bce7456ab25e0babae708/diff:/var/lib/docker/overlay2/f80d865cbc6c1c6f57d0963fa6234e7a6409e079eb17f4f13ca41d02731701ad/diff:/var/lib/docker/overlay2/5a3029e0b57c6ec9b985871ff6adf08356aaa0f2a15f1e34c1a7f116ecc4a61d/dif"
03:32:49.191 [main] DEBUG com.github.dockerjava.zerodep.shaded.org.apache.hc.client5.http.headers - http-outgoing-2 << HTTP/1.1 200 OK
03:32:49.191 [main] DEBUG com.github.dockerjava.zerodep.shaded.org.apache.hc.client5.http.headers - http-outgoing-2 << Api-Version: 1.41
03:32:49.191 [main] DEBUG com.github.dockerjava.zerodep.shaded.org.apache.hc.client5.http.headers - http-outgoing-2 << Content-Type: application/json
03:32:49.191 [main] DEBUG com.github.dockerjava.zerodep.shaded.org.apache.hc.client5.http.headers - http-outgoing-2 << Docker-Experimental: false
03:32:49.191 [main] DEBUG com.github.dockerjava.zerodep.shaded.org.apache.hc.client5.http.headers - http-outgoing-2 << Ostype: linux
03:32:49.191 [main] DEBUG com.github.dockerjava.zerodep.shaded.org.apache.hc.client5.http.headers - http-outgoing-2 << Server: Docker/20.10.12 (linux)
03:32:49.191 [main] DEBUG com.github.dockerjava.zerodep.shaded.org.apache.hc.client5.http.headers - http-outgoing-2 << Date: Thu, 23 Jun 2022 02:32:49 GMT
03:32:49.191 [main] DEBUG com.github.dockerjava.zerodep.shaded.org.apache.hc.client5.http.headers - http-outgoing-2 << Transfer-Encoding: chunked
03:32:49.191 [main] DEBUG com.github.dockerjava.zerodep.shaded.org.apache.hc.client5.http.impl.classic.MainClientExec - ex-0000001A: connection can be kept alive for 3 MINUTES
03:32:49.192 [main] DEBUG com.github.dockerjava.zerodep.shaded.org.apache.hc.client5.http.wire - http-outgoing-2 << "f:/var/lib/docker/overlay2/4f3423103248d0b381a1bc6a7287e2b42313ff458cea602a02b7379014b03e0e/diff","MergedDir":"/var/lib/docker/overlay2/5529564f52cf969e31e7a1482c27be7ffed19639b506ae2e15b7e7115f699a73/merged","UpperDir":"/var/lib/docker/overlay2/5529564f52cf969e31e7a1482c27be7ffed19639b506ae2e15b7e7115f699a73/diff","WorkDir":"/var/lib/docker/overlay2/5529564f52cf969e31e7a1482c27be7ffed19639b506ae2e15b7e7115f699a73/work"},"Name":"overlay2"},"Mounts":[{"Type":"volume","Name":"fd1f613c7fe3ca3ae799982507ac3f565cc9f6a2dc99ceaed92389e2c43f47d1","Source":"/var/lib/docker/volumes/fd1f613c7fe3ca3ae799982507ac3f565cc9f6a2dc99ceaed92389e2c43f47d1/_data","Destination":"/var/lib/mysql","Driver":"local","Mode":"","RW":true,"Propagation":""}],"Config":{"Hostname":"9691e3189171","Domainname":"","User":"","AttachStdin":false,"AttachStdout":false,"AttachStderr":false,"ExposedPorts":{"3306/tcp":{},"33060/tcp":{}},"Tty":false,"OpenStdin":false,"StdinOnce":false,"Env":["MYSQL_DATABASE=test","MYSQL_PASSWORD=admin","MYSQL_USER=admin","MYSQL_ROOT_PASSWORD=admin","PATH=/usr/local/sbin:/usr/local/bin:/usr/sbin:/usr/bin:/sbin:/bin","GOSU_VERSION=1.14","MYSQL_MAJOR=8.0","MYSQL_VERSION=8.0.29-1debian10"],"Cmd":["mysqld"],"Image":"mysql:8.0","Volumes":{"/var/lib/mysql":{}},"WorkingDir":"","Entrypoint":["docker-entrypoint.sh"],"OnBuild":null,"Labels":{"org.testcontainers":"true","org.testcontainers.sessionId":"d48265e4-2b28-4f8c-aa67-76dd8289af84"}},"NetworkSettings":{"Bridge":"","SandboxID":"d9de8570fe3f0a4e9f3a1ff7101c963bbd2c6a0a9d8a867b96f17f4d5edca537","HairpinMode":false,"LinkLocalIPv6Address":"","LinkLocalIPv6PrefixLen":0,"Ports":{"3306/tcp":[{"HostIp":"0.0.0.0","HostPort":"49160"},{"HostIp":"::","HostPort":"49160"}],"33060/tcp":null},"SandboxKey":"/var/run/docker/netns/d9de8570fe3f","SecondaryIPAddresses":null,"SecondaryIPv6Addresses":null,"EndpointID":"93e8fe159f683a98670e8995677c2b130dbce857fc116679206e206bda319cbf","Gateway":"172.17.0.1","GlobalIPv6Address":"","GlobalIPv6PrefixLen":0,"IPAddress":"172.17.0.3","IPPrefixLen":16,"IPv6Gateway":"","MacAddress":"02:42:ac:11:00:03","Networks":{"bridge":{"IPAMConfig":null,"Links":null,"Aliases":null,"NetworkID":"1853cd2b9856825cc97ed9ef2b12efa82d95bf9cf60ad666c276eb35cc53539e","EndpointID":"93e8fe159f683a98670e8995677c2b130dbce857fc116679206e206bda319cbf","Gateway":"172.17.0.1","IPAddress":"172.17.0.3","IPPrefixLen":16,"IPv6Gateway":"","GlobalIPv6Address":"","GlobalIPv6PrefixLen":0,"MacAddress":"02:42:ac:11:00:03","DriverOpts":null}}}}[\n]"
03:32:49.195 [main] DEBUG com.github.dockerjava.zerodep.shaded.org.apache.hc.client5.http.wire - http-outgoing-2 << "[\r][\n]"
03:32:49.195 [main] DEBUG com.github.dockerjava.zerodep.shaded.org.apache.hc.client5.http.wire - http-outgoing-2 << "0[\r][\n]"
03:32:49.195 [main] DEBUG com.github.dockerjava.zerodep.shaded.org.apache.hc.client5.http.wire - http-outgoing-2 << "[\r][\n]"
03:32:49.195 [main] DEBUG com.github.dockerjava.zerodep.shaded.org.apache.hc.client5.http.impl.classic.InternalHttpClient - ep-00000019: releasing valid endpoint
03:32:49.195 [main] DEBUG com.github.dockerjava.zerodep.shaded.org.apache.hc.client5.http.impl.io.PoolingHttpClientConnectionManager - ep-00000019: releasing endpoint
03:32:49.195 [main] DEBUG com.github.dockerjava.zerodep.shaded.org.apache.hc.client5.http.impl.io.PoolingHttpClientConnectionManager - ep-00000019: connection http-outgoing-2 can be kept alive for 3 MINUTES
03:32:49.195 [main] DEBUG com.github.dockerjava.zerodep.shaded.org.apache.hc.client5.http.impl.io.PoolingHttpClientConnectionManager - ep-00000019: connection released [route: {}->unix://localhost:2375][total available: 1; route allocated: 1 of 2147483647; total allocated: 1 of 2147483647]
03:32:49.195 [main] DEBUG 🐳 [mysql:8.0] - Trying to create JDBC connection using com.mysql.cj.jdbc.Driver to jdbc:mysql://localhost:49160/test?useSSL=false&allowPublicKeyRetrieval=true with properties: {password=admin, user=admin}
03:32:49.298 [main] DEBUG org.testcontainers.shaded.com.github.dockerjava.core.command.AbstrDockerCmd - Cmd: 9691e31891711283f4d98263d11bc6156717d3e75a0b86a23f3b128a992c1f38,false
03:32:49.299 [main] DEBUG org.testcontainers.shaded.com.github.dockerjava.core.exec.InspectContainerCmdExec - GET: DefaultWebTarget{path=[/containers/9691e31891711283f4d98263d11bc6156717d3e75a0b86a23f3b128a992c1f38/json], queryParams={}}
03:32:49.299 [main] DEBUG com.github.dockerjava.zerodep.shaded.org.apache.hc.client5.http.impl.classic.InternalHttpClient - ex-0000001B: preparing request execution
03:32:49.300 [main] DEBUG com.github.dockerjava.zerodep.shaded.org.apache.hc.client5.http.protocol.RequestAddCookies - Cookie spec selected: strict
03:32:49.300 [main] DEBUG com.github.dockerjava.zerodep.shaded.org.apache.hc.client5.http.protocol.RequestAuthCache - Auth cache not set in the context
03:32:49.300 [main] DEBUG com.github.dockerjava.zerodep.shaded.org.apache.hc.client5.http.impl.classic.ProtocolExec - ex-0000001B: target auth state: UNCHALLENGED
03:32:49.300 [main] DEBUG com.github.dockerjava.zerodep.shaded.org.apache.hc.client5.http.impl.classic.ProtocolExec - ex-0000001B: proxy auth state: UNCHALLENGED
03:32:49.300 [main] DEBUG com.github.dockerjava.zerodep.shaded.org.apache.hc.client5.http.impl.classic.ConnectExec - ex-0000001B: acquiring connection with route {}->unix://localhost:2375
03:32:49.300 [main] DEBUG com.github.dockerjava.zerodep.shaded.org.apache.hc.client5.http.impl.classic.InternalHttpClient - ex-0000001B: acquiring endpoint (3 MINUTES)
03:32:49.301 [main] DEBUG com.github.dockerjava.zerodep.shaded.org.apache.hc.client5.http.impl.io.PoolingHttpClientConnectionManager - ex-0000001B: endpoint lease request (3 MINUTES) [route: {}->unix://localhost:2375][total available: 1; route allocated: 1 of 2147483647; total allocated: 1 of 2147483647]
03:32:49.301 [main] DEBUG com.github.dockerjava.zerodep.shaded.org.apache.hc.client5.http.impl.io.PoolingHttpClientConnectionManager - ex-0000001B: endpoint leased [route: {}->unix://localhost:2375][total available: 0; route allocated: 1 of 2147483647; total allocated: 1 of 2147483647]
03:32:49.313 [main] DEBUG com.github.dockerjava.zerodep.shaded.org.apache.hc.client5.http.impl.io.PoolingHttpClientConnectionManager - ex-0000001B: acquired ep-0000001A
03:32:49.315 [main] DEBUG com.github.dockerjava.zerodep.shaded.org.apache.hc.client5.http.impl.classic.InternalHttpClient - ex-0000001B: acquired endpoint ep-0000001A
03:32:49.317 [main] DEBUG com.github.dockerjava.zerodep.shaded.org.apache.hc.client5.http.impl.classic.MainClientExec - ex-0000001B: executing GET /v1.32/containers/9691e31891711283f4d98263d11bc6156717d3e75a0b86a23f3b128a992c1f38/json HTTP/1.1
03:32:49.319 [main] DEBUG com.github.dockerjava.zerodep.shaded.org.apache.hc.client5.http.impl.classic.InternalHttpClient - ep-0000001A: start execution ex-0000001B
03:32:49.319 [main] DEBUG com.github.dockerjava.zerodep.shaded.org.apache.hc.client5.http.impl.io.PoolingHttpClientConnectionManager - ep-0000001A: executing exchange ex-0000001B over http-outgoing-2
03:32:49.320 [main] DEBUG com.github.dockerjava.zerodep.shaded.org.apache.hc.client5.http.headers - http-outgoing-2 >> GET /v1.32/containers/9691e31891711283f4d98263d11bc6156717d3e75a0b86a23f3b128a992c1f38/json HTTP/1.1
03:32:49.321 [main] DEBUG com.github.dockerjava.zerodep.shaded.org.apache.hc.client5.http.headers - http-outgoing-2 >> accept: application/json
03:32:49.321 [main] DEBUG com.github.dockerjava.zerodep.shaded.org.apache.hc.client5.http.headers - http-outgoing-2 >> Accept-Encoding: gzip, x-gzip, deflate
03:32:49.321 [main] DEBUG com.github.dockerjava.zerodep.shaded.org.apache.hc.client5.http.headers - http-outgoing-2 >> Host: localhost:2375
03:32:49.321 [main] DEBUG com.github.dockerjava.zerodep.shaded.org.apache.hc.client5.http.headers - http-outgoing-2 >> Connection: keep-alive
03:32:49.321 [main] DEBUG com.github.dockerjava.zerodep.shaded.org.apache.hc.client5.http.headers - http-outgoing-2 >> User-Agent: Apache-HttpClient/5.0.3 (Java/11.0.15)
03:32:49.321 [main] DEBUG com.github.dockerjava.zerodep.shaded.org.apache.hc.client5.http.wire - http-outgoing-2 >> "GET /v1.32/containers/9691e31891711283f4d98263d11bc6156717d3e75a0b86a23f3b128a992c1f38/json HTTP/1.1[\r][\n]"
03:32:49.321 [main] DEBUG com.github.dockerjava.zerodep.shaded.org.apache.hc.client5.http.wire - http-outgoing-2 >> "accept: application/json[\r][\n]"
03:32:49.321 [main] DEBUG com.github.dockerjava.zerodep.shaded.org.apache.hc.client5.http.wire - http-outgoing-2 >> "Accept-Encoding: gzip, x-gzip, deflate[\r][\n]"
03:32:49.321 [main] DEBUG com.github.dockerjava.zerodep.shaded.org.apache.hc.client5.http.wire - http-outgoing-2 >> "Host: localhost:2375[\r][\n]"
03:32:49.321 [main] DEBUG com.github.dockerjava.zerodep.shaded.org.apache.hc.client5.http.wire - http-outgoing-2 >> "Connection: keep-alive[\r][\n]"
03:32:49.321 [main] DEBUG com.github.dockerjava.zerodep.shaded.org.apache.hc.client5.http.wire - http-outgoing-2 >> "User-Agent: Apache-HttpClient/5.0.3 (Java/11.0.15)[\r][\n]"
03:32:49.321 [main] DEBUG com.github.dockerjava.zerodep.shaded.org.apache.hc.client5.http.wire - http-outgoing-2 >> "[\r][\n]"
03:32:49.322 [main] DEBUG com.github.dockerjava.zerodep.shaded.org.apache.hc.client5.http.wire - http-outgoing-2 << "HTTP/1.1 200 OK[\r][\n]"
03:32:49.322 [main] DEBUG com.github.dockerjava.zerodep.shaded.org.apache.hc.client5.http.wire - http-outgoing-2 << "Api-Version: 1.41[\r][\n]"
03:32:49.322 [main] DEBUG com.github.dockerjava.zerodep.shaded.org.apache.hc.client5.http.wire - http-outgoing-2 << "Content-Type: application/json[\r][\n]"
03:32:49.323 [main] DEBUG com.github.dockerjava.zerodep.shaded.org.apache.hc.client5.http.wire - http-outgoing-2 << "Docker-Experimental: false[\r][\n]"
03:32:49.323 [main] DEBUG com.github.dockerjava.zerodep.shaded.org.apache.hc.client5.http.wire - http-outgoing-2 << "Ostype: linux[\r][\n]"
03:32:49.323 [main] DEBUG com.github.dockerjava.zerodep.shaded.org.apache.hc.client5.http.wire - http-outgoing-2 << "Server: Docker/20.10.12 (linux)[\r][\n]"
03:32:49.323 [main] DEBUG com.github.dockerjava.zerodep.shaded.org.apache.hc.client5.http.wire - http-outgoing-2 << "Date: Thu, 23 Jun 2022 02:32:49 GMT[\r][\n]"
03:32:49.323 [main] DEBUG com.github.dockerjava.zerodep.shaded.org.apache.hc.client5.http.wire - http-outgoing-2 << "Transfer-Encoding: chunked[\r][\n]"
03:32:49.323 [main] DEBUG com.github.dockerjava.zerodep.shaded.org.apache.hc.client5.http.wire - http-outgoing-2 << "[\r][\n]"
03:32:49.323 [main] DEBUG com.github.dockerjava.zerodep.shaded.org.apache.hc.client5.http.wire - http-outgoing-2 << "18ed[\r][\n]"
03:32:49.323 [main] DEBUG com.github.dockerjava.zerodep.shaded.org.apache.hc.client5.http.wire - http-outgoing-2 << "{"Id":"9691e31891711283f4d98263d11bc6156717d3e75a0b86a23f3b128a992c1f38","Created":"2022-06-23T02:32:47.03956921Z","Path":"docker-entrypoint.sh","Args":["mysqld"],"State":{"Status":"running","Running":true,"Paused":false,"Restarting":false,"OOMKilled":false,"Dead":false,"Pid":66188,"ExitCode":0,"Error":"","StartedAt":"2022-06-23T02:32:47.703880551Z","FinishedAt":"0001-01-01T00:00:00Z"},"Image":"sha256:65b636d5542b73254ce90cc4b895597dc1adc2c661ca553c38eda159979dded1","ResolvConfPath":"/var/lib/docker/containers/9691e31891711283f4d98263d11bc6156717d3e75a0b86a23f3b128a992c1f38/resolv.conf","HostnamePath":"/var/lib/docker/containers/9691e31891711283f4d98263d11bc6156717d3e75a0b86a23f3b128a992c1f38/hostname","HostsPath":"/var/lib/docker/containers/9691e31891711283f4d98263d11bc6156717d3e75a0b86a23f3b128a992c1f38/hosts","LogPath":"/var/lib/docker/containers/9691e31891711283f4d98263d11bc6156717d3e75a0b86a23f3b128a992c1f38/9691e31891711283f4d98263d11bc6156717d3e75a0b86a23f3b128a992c1f38-json.log","Name":"/xenodochial_satoshi","RestartCount":0,"Driver":"overlay2","Platform":"linux","MountLabel":"","ProcessLabel":"","AppArmorProfile":"docker-default","ExecIDs":null,"HostConfig":{"Binds":[],"ContainerIDFile":"","LogConfig":{"Type":"json-file","Config":{}},"NetworkMode":"default","PortBindings":{"3306/tcp":[{"HostIp":"","HostPort":""}]},"RestartPolicy":{"Name":"","MaximumRetryCount":0},"AutoRemove":false,"VolumeDriver":"","VolumesFrom":[],"CapAdd":null,"CapDrop":null,"CgroupnsMode":"host","Dns":null,"DnsOptions":null,"DnsSearch":null,"ExtraHosts":[],"GroupAdd":null,"IpcMode":"shareable","Cgroup":"","Links":null,"OomScoreAdj":0,"PidMode":"","Privileged":false,"PublishAllPorts":false,"ReadonlyRootfs":false,"SecurityOpt":null,"UTSMode":"","UsernsMode":"","ShmSize":67108864,"Runtime":"runc","ConsoleSize":[0,0],"Isolation":"","CpuShares":0,"Memory":0,"NanoCpus":0,"CgroupParent":"","BlkioWeight":0,"BlkioWeightDevice":null,"BlkioDeviceReadBps":null,"BlkioDeviceWriteBps":null,"BlkioDeviceReadIOps":null,"BlkioDeviceWriteIOps":null,"CpuPeriod":0,"CpuQuota":0,"CpuRealtimePeriod":0,"CpuRealtimeRuntime":0,"CpusetCpus":"","CpusetMems":"","Devices":null,"DeviceCgroupRules":null,"DeviceRequests":null,"KernelMemory":0,"KernelMemoryTCP":0,"MemoryReservation":0,"MemorySwap":0,"MemorySwappiness":null,"OomKillDisable":false,"PidsLimit":null,"Ulimits":null,"CpuCount":0,"CpuPercent":0,"IOMaximumIOps":0,"IOMaximumBandwidth":0,"MaskedPaths":["/proc/asound","/proc/acpi","/proc/kcore","/proc/keys","/proc/latency_stats","/proc/timer_list","/proc/timer_stats","/proc/sched_debug","/proc/scsi","/sys/firmware"],"ReadonlyPaths":["/proc/bus","/proc/fs","/proc/irq","/proc/sys","/proc/sysrq-trigger"]},"GraphDriver":{"Data":{"LowerDir":"/var/lib/docker/overlay2/5529564f52cf969e31e7a1482c27be7ffed19639b506ae2e15b7e7115f699a73-init/diff:/var/lib/docker/overlay2/833a665819b5d9728d3efa7c33135034345a24f83af53b1a1af33d9b64f5492a/diff:/var/lib/docker/overlay2/bd4a2a46c227c2f15475b08c398f37acaab93f4fdba31de015d730efae0a0cfc/diff:/var/lib/docker/overlay2/31ad437d7cba8e64428a2b62db1bbb2a2ec19ca4e439ec493ef4deb50dce2783/diff:/var/lib/docker/overlay2/35173cbd8ec5b88a8888e9abbe75f8694f5d3f96a9b781bb70dc1f0889685741/diff:/var/lib/docker/overlay2/24bf69ac4e8c81062fee44e7c9f746fffbb139c3f7f4b55b4fd1b23bb101b529/diff:/var/lib/docker/overlay2/2f27c96a7775dad186b6f0da325d5a251c80aa1b7f80cf8520f493c5154aee70/diff:/var/lib/docker/overlay2/463a60088c72ddbea82639ded15801e35a79c443f6a26bf1baf320c683cb06af/diff:/var/lib/docker/overlay2/80b8224b23a2ee4b5be635c58ae579fd1913aa95558cd66ab2f5e8430f00a5b8/diff:/var/lib/docker/overlay2/20451fa0b1a07b85d665bc3a0359d721ce4e4c28fa3bce7456ab25e0babae708/diff:/var/lib/docker/overlay2/f80d865cbc6c1c6f57d0963fa6234e7a6409e079eb17f4f13ca41d02731701ad/diff:/var/lib/docker/overlay2/5a3029e0b57c6ec9b985871ff6adf08356aaa0f2a15f1e34c1a7f116ecc4a61d/diff:/var/lib/docker/overlay2/4f3423103248d0b381a1bc6a7287e2b42313ff458cea602a02b7379014b03e0e/diff","MergedDir":"/var/lib/docker/overlay2/5529564f52cf969e31e7a1482c27be7ffed19639b506ae2e15b7e7115f699a73/merged","UpperDir":"/var/lib/docker/overlay2/5529564f52cf969e31e7a1482c27be7ffed19639b506ae2e15b7e7115f699a73/diff","WorkDir":"/var/lib/docker/overlay2/5529564f52cf969e31e7a1482c27be7ffed19639b506ae2e15b7e7115f699a73/work"},"Name":"overlay2"},"Mounts":[{"Type":"volume","Name":"fd1f613c7fe3ca3ae799982507ac3f565cc9f6a2dc99ceaed92389e2c43f47d1","Source":"/var/lib/docker/volumes/fd1f613c7fe3ca3ae799982507ac3f565cc9f6a2dc99ceaed92389e2c43f47d1/_data","Destination":"/var/lib/mysql","Driver":"local","Mode":"","RW":true,"Propagation":""}],"Config":{"Hostname":"9691e3189171","Domainname":"","User":"","AttachStdin":false,"AttachStdout":false,"AttachStderr":false,"ExposedPorts":{"3306/tcp":{},"33060/tcp":{}},"Tty":false,"OpenStdin":false,"StdinOnce":false,"Env":["MYSQL_DATABASE=test","MYSQL_PASSWORD=admin","MYSQL_USER=admin","MYSQL_ROOT_PASSWORD=admin","PATH=/usr/local/sbin:/usr/local/bin:/usr/sbin:/usr/bin:/sbin:/bin","GOSU_VERSION=1.14","MYSQL_MAJOR=8.0","MYSQL_VERSION=8.0.29-1debian10"],"Cmd":["mysqld"],"Image":"mysql:8.0","Volumes":{"/var/lib/mysql":{}},"WorkingDir":"","Entrypoint":["docker-entrypoint.sh"],"OnBuild":null,"Labels":{"org.testcontainers":"true","org.testcontainers.sessionId":"d48265e4-2b28-4f8c-aa67-76dd8289af84"}},"NetworkSettings":{"Bridge":"","SandboxID":"d9de8570fe3f0a4e9f3a1ff7101c963bbd2c6a0a9d8a867b96f17f4d5edca537","HairpinMode":false,"LinkLocalIPv6Address":"","LinkLocalIPv6PrefixLen":0,"Ports":{"3306/tcp":[{"HostIp":"0.0.0.0","HostPort":"49160"},{"HostIp":"::","HostPort":"49160"}],"33060/tcp":null},"SandboxKey":"/var/run/docker/netns/d9de8570fe3f","SecondaryIPAddresses":null,"SecondaryIPv6Addresses":null,"EndpointID":"93e8fe159f683a98670e8995677c2b130dbce857fc116679206e206bda319cbf","Gateway":"172.17.0.1","GlobalIPv6Address":"","GlobalIPv6PrefixLen":0,"IPAddress":"172.17.0.3","IPPrefixLen":16,"IPv6Gateway":"","MacAddress":"02:42:ac:11:00:03","Networks":{"bridge":{"IPAMConfig":null,"Links":null,"Aliases":null,"NetworkID":"1853cd2b9856825cc97ed9ef2b12efa82d95bf9cf60ad666c276eb35cc53539e","EndpointID":"93e8fe159f683a98670e8995677c2b130dbce857fc116679206e206bda319cbf","Gateway":"172.17.0.1","IPAddress":"172.17.0.3","IPPrefixLen":16,"IPv6Gateway":"","GlobalIPv6Address":"","GlobalIPv6PrefixLen":0,"MacAddress":"02:42:ac:11:00:03","DriverOpts":null}}}}[\n]"
03:32:49.324 [main] DEBUG com.github.dockerjava.zerodep.shaded.org.apache.hc.client5.http.wire - http-outgoing-2 << "[\r][\n]"
03:32:49.324 [main] DEBUG com.github.dockerjava.zerodep.shaded.org.apache.hc.client5.http.wire - http-outgoing-2 << "0[\r][\n]"
03:32:49.324 [main] DEBUG com.github.dockerjava.zerodep.shaded.org.apache.hc.client5.http.wire - http-outgoing-2 << "[\r][\n]"
03:32:49.324 [main] DEBUG com.github.dockerjava.zerodep.shaded.org.apache.hc.client5.http.headers - http-outgoing-2 << HTTP/1.1 200 OK
03:32:49.325 [main] DEBUG com.github.dockerjava.zerodep.shaded.org.apache.hc.client5.http.headers - http-outgoing-2 << Api-Version: 1.41
03:32:49.325 [main] DEBUG com.github.dockerjava.zerodep.shaded.org.apache.hc.client5.http.headers - http-outgoing-2 << Content-Type: application/json
03:32:49.325 [main] DEBUG com.github.dockerjava.zerodep.shaded.org.apache.hc.client5.http.headers - http-outgoing-2 << Docker-Experimental: false
03:32:49.325 [main] DEBUG com.github.dockerjava.zerodep.shaded.org.apache.hc.client5.http.headers - http-outgoing-2 << Ostype: linux
03:32:49.325 [main] DEBUG com.github.dockerjava.zerodep.shaded.org.apache.hc.client5.http.headers - http-outgoing-2 << Server: Docker/20.10.12 (linux)
03:32:49.325 [main] DEBUG com.github.dockerjava.zerodep.shaded.org.apache.hc.client5.http.headers - http-outgoing-2 << Date: Thu, 23 Jun 2022 02:32:49 GMT
03:32:49.325 [main] DEBUG com.github.dockerjava.zerodep.shaded.org.apache.hc.client5.http.headers - http-outgoing-2 << Transfer-Encoding: chunked
03:32:49.326 [main] DEBUG com.github.dockerjava.zerodep.shaded.org.apache.hc.client5.http.impl.classic.MainClientExec - ex-0000001B: connection can be kept alive for 3 MINUTES
03:32:49.336 [main] DEBUG com.github.dockerjava.zerodep.shaded.org.apache.hc.client5.http.impl.classic.InternalHttpClient - ep-0000001A: releasing valid endpoint
03:32:49.337 [main] DEBUG com.github.dockerjava.zerodep.shaded.org.apache.hc.client5.http.impl.io.PoolingHttpClientConnectionManager - ep-0000001A: releasing endpoint
03:32:49.338 [main] DEBUG com.github.dockerjava.zerodep.shaded.org.apache.hc.client5.http.impl.io.PoolingHttpClientConnectionManager - ep-0000001A: connection http-outgoing-2 can be kept alive for 3 MINUTES
03:32:49.338 [main] DEBUG com.github.dockerjava.zerodep.shaded.org.apache.hc.client5.http.impl.io.PoolingHttpClientConnectionManager - ep-0000001A: connection released [route: {}->unix://localhost:2375][total available: 1; route allocated: 1 of 2147483647; total allocated: 1 of 2147483647]
03:32:49.338 [main] DEBUG 🐳 [mysql:8.0] - Trying to create JDBC connection using com.mysql.cj.jdbc.Driver to jdbc:mysql://localhost:49160/test?useSSL=false&allowPublicKeyRetrieval=true with properties: {password=admin, user=admin}
03:32:49.444 [main] DEBUG org.testcontainers.shaded.com.github.dockerjava.core.command.AbstrDockerCmd - Cmd: 9691e31891711283f4d98263d11bc6156717d3e75a0b86a23f3b128a992c1f38,false
03:32:49.445 [main] DEBUG org.testcontainers.shaded.com.github.dockerjava.core.exec.InspectContainerCmdExec - GET: DefaultWebTarget{path=[/containers/9691e31891711283f4d98263d11bc6156717d3e75a0b86a23f3b128a992c1f38/json], queryParams={}}
03:32:49.446 [main] DEBUG com.github.dockerjava.zerodep.shaded.org.apache.hc.client5.http.impl.classic.InternalHttpClient - ex-0000001C: preparing request execution
03:32:49.446 [main] DEBUG com.github.dockerjava.zerodep.shaded.org.apache.hc.client5.http.protocol.RequestAddCookies - Cookie spec selected: strict
03:32:49.447 [main] DEBUG com.github.dockerjava.zerodep.shaded.org.apache.hc.client5.http.protocol.RequestAuthCache - Auth cache not set in the context
03:32:49.447 [main] DEBUG com.github.dockerjava.zerodep.shaded.org.apache.hc.client5.http.impl.classic.ProtocolExec - ex-0000001C: target auth state: UNCHALLENGED
03:32:49.447 [main] DEBUG com.github.dockerjava.zerodep.shaded.org.apache.hc.client5.http.impl.classic.ProtocolExec - ex-0000001C: proxy auth state: UNCHALLENGED
03:32:49.447 [main] DEBUG com.github.dockerjava.zerodep.shaded.org.apache.hc.client5.http.impl.classic.ConnectExec - ex-0000001C: acquiring connection with route {}->unix://localhost:2375
03:32:49.447 [main] DEBUG com.github.dockerjava.zerodep.shaded.org.apache.hc.client5.http.impl.classic.InternalHttpClient - ex-0000001C: acquiring endpoint (3 MINUTES)
03:32:49.447 [main] DEBUG com.github.dockerjava.zerodep.shaded.org.apache.hc.client5.http.impl.io.PoolingHttpClientConnectionManager - ex-0000001C: endpoint lease request (3 MINUTES) [route: {}->unix://localhost:2375][total available: 1; route allocated: 1 of 2147483647; total allocated: 1 of 2147483647]
03:32:49.448 [main] DEBUG com.github.dockerjava.zerodep.shaded.org.apache.hc.client5.http.impl.io.PoolingHttpClientConnectionManager - ex-0000001C: endpoint leased [route: {}->unix://localhost:2375][total available: 0; route allocated: 1 of 2147483647; total allocated: 1 of 2147483647]
03:32:49.448 [main] DEBUG com.github.dockerjava.zerodep.shaded.org.apache.hc.client5.http.impl.io.PoolingHttpClientConnectionManager - ex-0000001C: acquired ep-0000001B
03:32:49.448 [main] DEBUG com.github.dockerjava.zerodep.shaded.org.apache.hc.client5.http.impl.classic.InternalHttpClient - ex-0000001C: acquired endpoint ep-0000001B
03:32:49.449 [main] DEBUG com.github.dockerjava.zerodep.shaded.org.apache.hc.client5.http.impl.classic.MainClientExec - ex-0000001C: executing GET /v1.32/containers/9691e31891711283f4d98263d11bc6156717d3e75a0b86a23f3b128a992c1f38/json HTTP/1.1
03:32:49.449 [main] DEBUG com.github.dockerjava.zerodep.shaded.org.apache.hc.client5.http.impl.classic.InternalHttpClient - ep-0000001B: start execution ex-0000001C
03:32:49.449 [main] DEBUG com.github.dockerjava.zerodep.shaded.org.apache.hc.client5.http.impl.io.PoolingHttpClientConnectionManager - ep-0000001B: executing exchange ex-0000001C over http-outgoing-2
03:32:49.449 [main] DEBUG com.github.dockerjava.zerodep.shaded.org.apache.hc.client5.http.headers - http-outgoing-2 >> GET /v1.32/containers/9691e31891711283f4d98263d11bc6156717d3e75a0b86a23f3b128a992c1f38/json HTTP/1.1
03:32:49.453 [main] DEBUG com.github.dockerjava.zerodep.shaded.org.apache.hc.client5.http.headers - http-outgoing-2 >> accept: application/json
03:32:49.453 [main] DEBUG com.github.dockerjava.zerodep.shaded.org.apache.hc.client5.http.headers - http-outgoing-2 >> Accept-Encoding: gzip, x-gzip, deflate
03:32:49.453 [main] DEBUG com.github.dockerjava.zerodep.shaded.org.apache.hc.client5.http.headers - http-outgoing-2 >> Host: localhost:2375
03:32:49.453 [main] DEBUG com.github.dockerjava.zerodep.shaded.org.apache.hc.client5.http.headers - http-outgoing-2 >> Connection: keep-alive
03:32:49.453 [main] DEBUG com.github.dockerjava.zerodep.shaded.org.apache.hc.client5.http.headers - http-outgoing-2 >> User-Agent: Apache-HttpClient/5.0.3 (Java/11.0.15)
03:32:49.454 [main] DEBUG com.github.dockerjava.zerodep.shaded.org.apache.hc.client5.http.wire - http-outgoing-2 >> "GET /v1.32/containers/9691e31891711283f4d98263d11bc6156717d3e75a0b86a23f3b128a992c1f38/json HTTP/1.1[\r][\n]"
03:32:49.454 [main] DEBUG com.github.dockerjava.zerodep.shaded.org.apache.hc.client5.http.wire - http-outgoing-2 >> "accept: application/json[\r][\n]"
03:32:49.454 [main] DEBUG com.github.dockerjava.zerodep.shaded.org.apache.hc.client5.http.wire - http-outgoing-2 >> "Accept-Encoding: gzip, x-gzip, deflate[\r][\n]"
03:32:49.454 [main] DEBUG com.github.dockerjava.zerodep.shaded.org.apache.hc.client5.http.wire - http-outgoing-2 >> "Host: localhost:2375[\r][\n]"
03:32:49.454 [main] DEBUG com.github.dockerjava.zerodep.shaded.org.apache.hc.client5.http.wire - http-outgoing-2 >> "Connection: keep-alive[\r][\n]"
03:32:49.454 [main] DEBUG com.github.dockerjava.zerodep.shaded.org.apache.hc.client5.http.wire - http-outgoing-2 >> "User-Agent: Apache-HttpClient/5.0.3 (Java/11.0.15)[\r][\n]"
03:32:49.454 [main] DEBUG com.github.dockerjava.zerodep.shaded.org.apache.hc.client5.http.wire - http-outgoing-2 >> "[\r][\n]"
03:32:49.455 [main] DEBUG com.github.dockerjava.zerodep.shaded.org.apache.hc.client5.http.wire - http-outgoing-2 << "HTTP/1.1 200 OK[\r][\n]"
03:32:49.455 [main] DEBUG com.github.dockerjava.zerodep.shaded.org.apache.hc.client5.http.wire - http-outgoing-2 << "Api-Version: 1.41[\r][\n]"
03:32:49.455 [main] DEBUG com.github.dockerjava.zerodep.shaded.org.apache.hc.client5.http.wire - http-outgoing-2 << "Content-Type: application/json[\r][\n]"
03:32:49.455 [main] DEBUG com.github.dockerjava.zerodep.shaded.org.apache.hc.client5.http.wire - http-outgoing-2 << "Docker-Experimental: false[\r][\n]"
03:32:49.455 [main] DEBUG com.github.dockerjava.zerodep.shaded.org.apache.hc.client5.http.wire - http-outgoing-2 << "Ostype: linux[\r][\n]"
03:32:49.456 [main] DEBUG com.github.dockerjava.zerodep.shaded.org.apache.hc.client5.http.wire - http-outgoing-2 << "Server: Docker/20.10.12 (linux)[\r][\n]"
03:32:49.456 [main] DEBUG com.github.dockerjava.zerodep.shaded.org.apache.hc.client5.http.wire - http-outgoing-2 << "Date: Thu, 23 Jun 2022 02:32:49 GMT[\r][\n]"
03:32:49.456 [main] DEBUG com.github.dockerjava.zerodep.shaded.org.apache.hc.client5.http.wire - http-outgoing-2 << "Transfer-Encoding: chunked[\r][\n]"
03:32:49.456 [main] DEBUG com.github.dockerjava.zerodep.shaded.org.apache.hc.client5.http.wire - http-outgoing-2 << "[\r][\n]"
03:32:49.456 [main] DEBUG com.github.dockerjava.zerodep.shaded.org.apache.hc.client5.http.wire - http-outgoing-2 << "18ed[\r][\n]"
03:32:49.456 [main] DEBUG com.github.dockerjava.zerodep.shaded.org.apache.hc.client5.http.wire - http-outgoing-2 << "{"Id":"9691e31891711283f4d98263d11bc6156717d3e75a0b86a23f3b128a992c1f38","Created":"2022-06-23T02:32:47.03956921Z","Path":"docker-entrypoint.sh","Args":["mysqld"],"State":{"Status":"running","Running":true,"Paused":false,"Restarting":false,"OOMKilled":false,"Dead":false,"Pid":66188,"ExitCode":0,"Error":"","StartedAt":"2022-06-23T02:32:47.703880551Z","FinishedAt":"0001-01-01T00:00:00Z"},"Image":"sha256:65b636d5542b73254ce90cc4b895597dc1adc2c661ca553c38eda159979dded1","ResolvConfPath":"/var/lib/docker/containers/9691e31891711283f4d98263d11bc6156717d3e75a0b86a23f3b128a992c1f38/resolv.conf","HostnamePath":"/var/lib/docker/containers/9691e31891711283f4d98263d11bc6156717d3e75a0b86a23f3b128a992c1f38/hostname","HostsPath":"/var/lib/docker/containers/9691e31891711283f4d98263d11bc6156717d3e75a0b86a23f3b128a992c1f38/hosts","LogPath":"/var/lib/docker/containers/9691e31891711283f4d98263d11bc6156717d3e75a0b86a23f3b128a992c1f38/9691e31891711283f4d98263d11bc6156717d3e75a0b86a23f3b128a992c1f38-json.log","Name":"/xenodochial_satoshi","RestartCount":0,"Driver":"overlay2","Platform":"linux","MountLabel":"","ProcessLabel":"","AppArmorProfile":"docker-default","ExecIDs":null,"HostConfig":{"Binds":[],"ContainerIDFile":"","LogConfig":{"Type":"json-file","Config":{}},"NetworkMode":"default","PortBindings":{"3306/tcp":[{"HostIp":"","HostPort":""}]},"RestartPolicy":{"Name":"","MaximumRetryCount":0},"AutoRemove":false,"VolumeDriver":"","VolumesFrom":[],"CapAdd":null,"CapDrop":null,"CgroupnsMode":"host","Dns":null,"DnsOptions":null,"DnsSearch":null,"ExtraHosts":[],"GroupAdd":null,"IpcMode":"shareable","Cgroup":"","Links":null,"OomScoreAdj":0,"PidMode":"","Privileged":false,"PublishAllPorts":false,"ReadonlyRootfs":false,"SecurityOpt":null,"UTSMode":"","UsernsMode":"","ShmSize":67108864,"Runtime":"runc","ConsoleSize":[0,0],"Isolation":"","CpuShares":0,"Memory":0,"NanoCpus":0,"CgroupParent":"","BlkioWeight":0,"BlkioWeightDevice":null,"BlkioDeviceReadBps":null,"BlkioDeviceWriteBps":null,"BlkioDeviceReadIOps":null,"BlkioDeviceWriteIOps":null,"CpuPeriod":0,"CpuQuota":0,"CpuRealtimePeriod":0,"CpuRealtimeRuntime":0,"CpusetCpus":"","CpusetMems":"","Devices":null,"DeviceCgroupRules":null,"DeviceRequests":null,"KernelMemory":0,"KernelMemoryTCP":0,"MemoryReservation":0,"MemorySwap":0,"MemorySwappiness":null,"OomKillDisable":false,"PidsLimit":null,"Ulimits":null,"CpuCount":0,"CpuPercent":0,"IOMaximumIOps":0,"IOMaximumBandwidth":0,"MaskedPaths":["/proc/asound","/proc/acpi","/proc/kcore","/proc/keys","/proc/latency_stats","/proc/timer_list","/proc/timer_stats","/proc/sched_debug","/proc/scsi","/sys/firmware"],"ReadonlyPaths":["/proc/bus","/proc/fs","/proc/irq","/proc/sys","/proc/sysrq-trigger"]},"GraphDriver":{"Data":{"LowerDir":"/var/lib/docker/overlay2/5529564f52cf969e31e7a1482c27be7ffed19639b506ae2e15b7e7115f699a73-init/diff:/var/lib/docker/overlay2/833a665819b5d9728d3efa7c33135034345a24f83af53b1a1af33d9b64f5492a/diff:/var/lib/docker/overlay2/bd4a2a46c227c2f15475b08c398f37acaab93f4fdba31de015d730efae0a0cfc/diff:/var/lib/docker/overlay2/31ad437d7cba8e64428a2b62db1bbb2a2ec19ca4e439ec493ef4deb50dce2783/diff:/var/lib/docker/overlay2/35173cbd8ec5b88a8888e9abbe75f8694f5d3f96a9b781bb70dc1f0889685741/diff:/var/lib/docker/overlay2/24bf69ac4e8c81062fee44e7c9f746fffbb139c3f7f4b55b4fd1b23bb101b529/diff:/var/lib/docker/overlay2/2f27c96a7775dad186b6f0da325d5a251c80aa1b7f80cf8520f493c5154aee70/diff:/var/lib/docker/overlay2/463a60088c72ddbea82639ded15801e35a79c443f6a26bf1baf320c683cb06af/diff:/var/lib/docker/overlay2/80b8224b23a2ee4b5be635c58ae579fd1913aa95558cd66ab2f5e8430f00a5b8/diff:/var/lib/docker/overlay2/20451fa0b1a07b85d665bc3a0359d721ce4e4c28fa3bce7456ab25e0babae708/diff:/var/lib/docker/overlay2/f80d865cbc6c1c6f57d0963fa6234e7a6409e079eb17f4f13ca41d02731701ad/diff:/var/lib/docker/overlay2/5a3029e0b57c6ec9b985871ff6adf08356aaa0f2a15f1e34c1a7f116ecc4a61d/diff:/var/lib/docker/overlay2/4f3423103248d0b381a1bc6a7287e2b42313ff458cea602a02b7379014b03e0e/diff","MergedDir":"/var/lib/docker/overlay2/5529564f52cf969e31e7a1482c27be7ffed19639b506ae2e15b7e7115f699a73/merged","UpperDir":"/var/lib/docker/overlay2/5529564f52cf969e31e7a1482c27be7ffed19639b506ae2e15b7e7115f699a73/diff","WorkDir":"/var/lib/docker/overlay2/5529564f52cf969e31e7a1482c27be7ffed19639b506ae2e15b7e7115f699a73/work"},"Name":"overlay2"},"Mounts":[{"Type":"volume","Name":"fd1f613c7fe3ca3ae799982507ac3f565cc9f6a2dc99ceaed92389e2c43f47d1","Source":"/var/lib/docker/volumes/fd1f613c7fe3ca3ae799982507ac3f565cc9f6a2dc99ceaed92389e2c43f47d1/_data","Destination":"/var/lib/mysql","Driver":"local","Mode":"","RW":true,"Propagation":""}],"Config":{"Hostname":"9691e3189171","Domainname":"","User":"","AttachStdin":false,"AttachStdout":false,"AttachStderr":false,"ExposedPorts":{"3306/tcp":{},"33060/tcp":{}},"Tty":false,"OpenStdin":false,"StdinOnce":false,"Env":["MYSQL_DATABASE=test","MYSQL_PASSWORD=admin","MYSQL_USER=admin","MYSQL_ROOT_PASSWORD=admin","PATH=/usr/local/sbin:/usr/local/bin:/usr/sbin:/usr/bin:/sbin:/bin","GOSU_VERSION=1.14","MYSQL_MAJOR=8.0","MYSQL_VERSION=8.0.29-1debian10"],"Cmd":["mysqld"],"Image":"mysql:8.0","Volumes":{"/var/lib/mysql":{}},"WorkingDir":"","Entrypoint":["docker-entrypoint.sh"],"OnBuild":null,"Labels":{"org.testcontainers":"true","org.testcontainers.sessionId":"d48265e4-2b28-4f8c-aa67-76dd8289af84"}},"NetworkSettings":{"Bridge":"","SandboxID":"d9de8570fe3f0a4e9f3a1ff7101c963bbd2c6a0a9d8a867b96f17f4d5edca537","HairpinMode":false,"LinkLocalIPv6Address":"","LinkLocalIPv6PrefixLen":0,"Ports":{"3306/tcp":[{"HostIp":"0.0.0.0","HostPort":"49160"},{"HostIp":"::","HostPort":"49160"}],"33060/tcp":null},"SandboxKey":"/var/run/docker/netns/d9de8570fe3f","SecondaryIPAddresses":null,"SecondaryIPv6Addresses":null,"EndpointID":"93e8fe159f683a98670e8995677c2b130dbce857fc116679206e206bda319cbf","Gateway":"172.17.0.1","GlobalIPv6Address":"","GlobalIPv6PrefixLen":0,"IPAddress":"172.17.0.3","IPPrefixLen":16,"IPv6Gateway":"","MacAddress":"02:42:ac:11:00:03","Networks":{"bridge":{"IPAMConfig":null,"Links":null,"Aliases":null,"NetworkID":"1853cd2b9856825cc97ed9ef2b12efa82d95bf9cf60ad666c276eb35cc53539e","EndpointID":"93e8fe159f683a98670e8995677c2b130dbce857fc116679206e206bda319cbf","Gateway":"172.17.0.1","IPAddress":"172.17.0.3","IPPrefixLen":16,"IPv6Gateway":"","GlobalIPv6Address":"","GlobalIPv6PrefixLen":0,"MacAddress":"02:42:ac:11:00:03","DriverOpts":null}}}}[\n]"
03:32:49.456 [main] DEBUG com.github.dockerjava.zerodep.shaded.org.apache.hc.client5.http.wire - http-outgoing-2 << "[\r][\n]"
03:32:49.456 [main] DEBUG com.github.dockerjava.zerodep.shaded.org.apache.hc.client5.http.wire - http-outgoing-2 << "0[\r][\n]"
03:32:49.456 [main] DEBUG com.github.dockerjava.zerodep.shaded.org.apache.hc.client5.http.wire - http-outgoing-2 << "[\r][\n]"
03:32:49.457 [main] DEBUG com.github.dockerjava.zerodep.shaded.org.apache.hc.client5.http.headers - http-outgoing-2 << HTTP/1.1 200 OK
03:32:49.457 [main] DEBUG com.github.dockerjava.zerodep.shaded.org.apache.hc.client5.http.headers - http-outgoing-2 << Api-Version: 1.41
03:32:49.457 [main] DEBUG com.github.dockerjava.zerodep.shaded.org.apache.hc.client5.http.headers - http-outgoing-2 << Content-Type: application/json
03:32:49.457 [main] DEBUG com.github.dockerjava.zerodep.shaded.org.apache.hc.client5.http.headers - http-outgoing-2 << Docker-Experimental: false
03:32:49.457 [main] DEBUG com.github.dockerjava.zerodep.shaded.org.apache.hc.client5.http.headers - http-outgoing-2 << Ostype: linux
03:32:49.457 [main] DEBUG com.github.dockerjava.zerodep.shaded.org.apache.hc.client5.http.headers - http-outgoing-2 << Server: Docker/20.10.12 (linux)
03:32:49.457 [main] DEBUG com.github.dockerjava.zerodep.shaded.org.apache.hc.client5.http.headers - http-outgoing-2 << Date: Thu, 23 Jun 2022 02:32:49 GMT
03:32:49.458 [main] DEBUG com.github.dockerjava.zerodep.shaded.org.apache.hc.client5.http.headers - http-outgoing-2 << Transfer-Encoding: chunked
03:32:49.458 [main] DEBUG com.github.dockerjava.zerodep.shaded.org.apache.hc.client5.http.impl.classic.MainClientExec - ex-0000001C: connection can be kept alive for 3 MINUTES
03:32:49.466 [main] DEBUG com.github.dockerjava.zerodep.shaded.org.apache.hc.client5.http.impl.classic.InternalHttpClient - ep-0000001B: releasing valid endpoint
03:32:49.467 [main] DEBUG com.github.dockerjava.zerodep.shaded.org.apache.hc.client5.http.impl.io.PoolingHttpClientConnectionManager - ep-0000001B: releasing endpoint
03:32:49.467 [main] DEBUG com.github.dockerjava.zerodep.shaded.org.apache.hc.client5.http.impl.io.PoolingHttpClientConnectionManager - ep-0000001B: connection http-outgoing-2 can be kept alive for 3 MINUTES
03:32:49.467 [main] DEBUG com.github.dockerjava.zerodep.shaded.org.apache.hc.client5.http.impl.io.PoolingHttpClientConnectionManager - ep-0000001B: connection released [route: {}->unix://localhost:2375][total available: 1; route allocated: 1 of 2147483647; total allocated: 1 of 2147483647]
03:32:49.467 [main] DEBUG 🐳 [mysql:8.0] - Trying to create JDBC connection using com.mysql.cj.jdbc.Driver to jdbc:mysql://localhost:49160/test?useSSL=false&allowPublicKeyRetrieval=true with properties: {password=admin, user=admin}
03:32:49.575 [main] DEBUG org.testcontainers.shaded.com.github.dockerjava.core.command.AbstrDockerCmd - Cmd: 9691e31891711283f4d98263d11bc6156717d3e75a0b86a23f3b128a992c1f38,false
03:32:49.575 [main] DEBUG org.testcontainers.shaded.com.github.dockerjava.core.exec.InspectContainerCmdExec - GET: DefaultWebTarget{path=[/containers/9691e31891711283f4d98263d11bc6156717d3e75a0b86a23f3b128a992c1f38/json], queryParams={}}
03:32:49.576 [main] DEBUG com.github.dockerjava.zerodep.shaded.org.apache.hc.client5.http.impl.classic.InternalHttpClient - ex-0000001D: preparing request execution
03:32:49.576 [main] DEBUG com.github.dockerjava.zerodep.shaded.org.apache.hc.client5.http.protocol.RequestAddCookies - Cookie spec selected: strict
03:32:49.576 [main] DEBUG com.github.dockerjava.zerodep.shaded.org.apache.hc.client5.http.protocol.RequestAuthCache - Auth cache not set in the context
03:32:49.576 [main] DEBUG com.github.dockerjava.zerodep.shaded.org.apache.hc.client5.http.impl.classic.ProtocolExec - ex-0000001D: target auth state: UNCHALLENGED
03:32:49.576 [main] DEBUG com.github.dockerjava.zerodep.shaded.org.apache.hc.client5.http.impl.classic.ProtocolExec - ex-0000001D: proxy auth state: UNCHALLENGED
03:32:49.576 [main] DEBUG com.github.dockerjava.zerodep.shaded.org.apache.hc.client5.http.impl.classic.ConnectExec - ex-0000001D: acquiring connection with route {}->unix://localhost:2375
03:32:49.576 [main] DEBUG com.github.dockerjava.zerodep.shaded.org.apache.hc.client5.http.impl.classic.InternalHttpClient - ex-0000001D: acquiring endpoint (3 MINUTES)
03:32:49.576 [main] DEBUG com.github.dockerjava.zerodep.shaded.org.apache.hc.client5.http.impl.io.PoolingHttpClientConnectionManager - ex-0000001D: endpoint lease request (3 MINUTES) [route: {}->unix://localhost:2375][total available: 1; route allocated: 1 of 2147483647; total allocated: 1 of 2147483647]
03:32:49.577 [main] DEBUG com.github.dockerjava.zerodep.shaded.org.apache.hc.client5.http.impl.io.PoolingHttpClientConnectionManager - ex-0000001D: endpoint leased [route: {}->unix://localhost:2375][total available: 0; route allocated: 1 of 2147483647; total allocated: 1 of 2147483647]
03:32:49.577 [main] DEBUG com.github.dockerjava.zerodep.shaded.org.apache.hc.client5.http.impl.io.PoolingHttpClientConnectionManager - ex-0000001D: acquired ep-0000001C
03:32:49.577 [main] DEBUG com.github.dockerjava.zerodep.shaded.org.apache.hc.client5.http.impl.classic.InternalHttpClient - ex-0000001D: acquired endpoint ep-0000001C
03:32:49.577 [main] DEBUG com.github.dockerjava.zerodep.shaded.org.apache.hc.client5.http.impl.classic.MainClientExec - ex-0000001D: executing GET /v1.32/containers/9691e31891711283f4d98263d11bc6156717d3e75a0b86a23f3b128a992c1f38/json HTTP/1.1
03:32:49.577 [main] DEBUG com.github.dockerjava.zerodep.shaded.org.apache.hc.client5.http.impl.classic.InternalHttpClient - ep-0000001C: start execution ex-0000001D
03:32:49.577 [main] DEBUG com.github.dockerjava.zerodep.shaded.org.apache.hc.client5.http.impl.io.PoolingHttpClientConnectionManager - ep-0000001C: executing exchange ex-0000001D over http-outgoing-2
03:32:49.577 [main] DEBUG com.github.dockerjava.zerodep.shaded.org.apache.hc.client5.http.headers - http-outgoing-2 >> GET /v1.32/containers/9691e31891711283f4d98263d11bc6156717d3e75a0b86a23f3b128a992c1f38/json HTTP/1.1
03:32:49.577 [main] DEBUG com.github.dockerjava.zerodep.shaded.org.apache.hc.client5.http.headers - http-outgoing-2 >> accept: application/json
03:32:49.577 [main] DEBUG com.github.dockerjava.zerodep.shaded.org.apache.hc.client5.http.headers - http-outgoing-2 >> Accept-Encoding: gzip, x-gzip, deflate
03:32:49.577 [main] DEBUG com.github.dockerjava.zerodep.shaded.org.apache.hc.client5.http.headers - http-outgoing-2 >> Host: localhost:2375
03:32:49.577 [main] DEBUG com.github.dockerjava.zerodep.shaded.org.apache.hc.client5.http.headers - http-outgoing-2 >> Connection: keep-alive
03:32:49.577 [main] DEBUG com.github.dockerjava.zerodep.shaded.org.apache.hc.client5.http.headers - http-outgoing-2 >> User-Agent: Apache-HttpClient/5.0.3 (Java/11.0.15)
03:32:49.577 [main] DEBUG com.github.dockerjava.zerodep.shaded.org.apache.hc.client5.http.wire - http-outgoing-2 >> "GET /v1.32/containers/9691e31891711283f4d98263d11bc6156717d3e75a0b86a23f3b128a992c1f38/json HTTP/1.1[\r][\n]"
03:32:49.577 [main] DEBUG com.github.dockerjava.zerodep.shaded.org.apache.hc.client5.http.wire - http-outgoing-2 >> "accept: application/json[\r][\n]"
03:32:49.577 [main] DEBUG com.github.dockerjava.zerodep.shaded.org.apache.hc.client5.http.wire - http-outgoing-2 >> "Accept-Encoding: gzip, x-gzip, deflate[\r][\n]"
03:32:49.577 [main] DEBUG com.github.dockerjava.zerodep.shaded.org.apache.hc.client5.http.wire - http-outgoing-2 >> "Host: localhost:2375[\r][\n]"
03:32:49.577 [main] DEBUG com.github.dockerjava.zerodep.shaded.org.apache.hc.client5.http.wire - http-outgoing-2 >> "Connection: keep-alive[\r][\n]"
03:32:49.577 [main] DEBUG com.github.dockerjava.zerodep.shaded.org.apache.hc.client5.http.wire - http-outgoing-2 >> "User-Agent: Apache-HttpClient/5.0.3 (Java/11.0.15)[\r][\n]"
03:32:49.577 [main] DEBUG com.github.dockerjava.zerodep.shaded.org.apache.hc.client5.http.wire - http-outgoing-2 >> "[\r][\n]"
03:32:49.578 [main] DEBUG com.github.dockerjava.zerodep.shaded.org.apache.hc.client5.http.wire - http-outgoing-2 << "HTTP/1.1 200 OK[\r][\n]"
03:32:49.578 [main] DEBUG com.github.dockerjava.zerodep.shaded.org.apache.hc.client5.http.wire - http-outgoing-2 << "Api-Version: 1.41[\r][\n]"
03:32:49.578 [main] DEBUG com.github.dockerjava.zerodep.shaded.org.apache.hc.client5.http.wire - http-outgoing-2 << "Content-Type: application/json[\r][\n]"
03:32:49.578 [main] DEBUG com.github.dockerjava.zerodep.shaded.org.apache.hc.client5.http.wire - http-outgoing-2 << "Docker-Experimental: false[\r][\n]"
03:32:49.578 [main] DEBUG com.github.dockerjava.zerodep.shaded.org.apache.hc.client5.http.wire - http-outgoing-2 << "Ostype: linux[\r][\n]"
03:32:49.578 [main] DEBUG com.github.dockerjava.zerodep.shaded.org.apache.hc.client5.http.wire - http-outgoing-2 << "Server: Docker/20.10.12 (linux)[\r][\n]"
03:32:49.578 [main] DEBUG com.github.dockerjava.zerodep.shaded.org.apache.hc.client5.http.wire - http-outgoing-2 << "Date: Thu, 23 Jun 2022 02:32:49 GMT[\r][\n]"
03:32:49.578 [main] DEBUG com.github.dockerjava.zerodep.shaded.org.apache.hc.client5.http.wire - http-outgoing-2 << "Transfer-Encoding: chunked[\r][\n]"
03:32:49.578 [main] DEBUG com.github.dockerjava.zerodep.shaded.org.apache.hc.client5.http.wire - http-outgoing-2 << "[\r][\n]"
03:32:49.578 [main] DEBUG com.github.dockerjava.zerodep.shaded.org.apache.hc.client5.http.wire - http-outgoing-2 << "18ed[\r][\n]"
03:32:49.578 [main] DEBUG com.github.dockerjava.zerodep.shaded.org.apache.hc.client5.http.wire - http-outgoing-2 << "{"Id":"9691e31891711283f4d98263d11bc6156717d3e75a0b86a23f3b128a992c1f38","Created":"2022-06-23T02:32:47.03956921Z","Path":"docker-entrypoint.sh","Args":["mysqld"],"State":{"Status":"running","Running":true,"Paused":false,"Restarting":false,"OOMKilled":false,"Dead":false,"Pid":66188,"ExitCode":0,"Error":"","StartedAt":"2022-06-23T02:32:47.703880551Z","FinishedAt":"0001-01-01T00:00:00Z"},"Image":"sha256:65b636d5542b73254ce90cc4b895597dc1adc2c661ca553c38eda159979dded1","ResolvConfPath":"/var/lib/docker/containers/9691e31891711283f4d98263d11bc6156717d3e75a0b86a23f3b128a992c1f38/resolv.conf","HostnamePath":"/var/lib/docker/containers/9691e31891711283f4d98263d11bc6156717d3e75a0b86a23f3b128a992c1f38/hostname","HostsPath":"/var/lib/docker/containers/9691e31891711283f4d98263d11bc6156717d3e75a0b86a23f3b128a992c1f38/hosts","LogPath":"/var/lib/docker/containers/9691e31891711283f4d98263d11bc6156717d3e75a0b86a23f3b128a992c1f38/9691e31891711283f4d98263d11bc6156717d3e75a0b86a23f3b128a992c1f38-json.log","Name":"/xenodochial_satoshi","RestartCount":0,"Driver":"overlay2","Platform":"linux","MountLabel":"","ProcessLabel":"","AppArmorProfile":"docker-default","ExecIDs":null,"HostConfig":{"Binds":[],"ContainerIDFile":"","LogConfig":{"Type":"json-file","Config":{}},"NetworkMode":"default","PortBindings":{"3306/tcp":[{"HostIp":"","HostPort":""}]},"RestartPolicy":{"Name":"","MaximumRetryCount":0},"AutoRemove":false,"VolumeDriver":"","VolumesFrom":[],"CapAdd":null,"CapDrop":null,"CgroupnsMode":"host","Dns":null,"DnsOptions":null,"DnsSearch":null,"ExtraHosts":[],"GroupAdd":null,"IpcMode":"shareable","Cgroup":"","Links":null,"OomScoreAdj":0,"PidMode":"","Privileged":false,"PublishAllPorts":false,"ReadonlyRootfs":false,"SecurityOpt":null,"UTSMode":"","UsernsMode":"","ShmSize":67108864,"Runtime":"runc","ConsoleSize":[0,0],"Isolation":"","CpuShares":0,"Memory":0,"NanoCpus":0,"CgroupParent":"","BlkioWeight":0,"BlkioWeightDevice":null,"BlkioDeviceReadBps":null,"BlkioDeviceWriteBps":null,"BlkioDeviceReadIOps":null,"BlkioDeviceWriteIOps":null,"CpuPeriod":0,"CpuQuota":0,"CpuRealtimePeriod":0,"CpuRealtimeRuntime":0,"CpusetCpus":"","CpusetMems":"","Devices":null,"DeviceCgroupRules":null,"DeviceRequests":null,"KernelMemory":0,"KernelMemoryTCP":0,"MemoryReservation":0,"MemorySwap":0,"MemorySwappiness":null,"OomKillDisable":false,"PidsLimit":null,"Ulimits":null,"CpuCount":0,"CpuPercent":0,"IOMaximumIOps":0,"IOMaximumBandwidth":0,"MaskedPaths":["/proc/asound","/proc/acpi","/proc/kcore","/proc/keys","/proc/latency_stats","/proc/timer_list","/proc/timer_stats","/proc/sched_debug","/proc/scsi","/sys/firmware"],"ReadonlyPaths":["/proc/bus","/proc/fs","/proc/irq","/proc/sys","/proc/sysrq-trigger"]},"GraphDriver":{"Data":{"LowerDir":"/var/lib/docker/overlay2/5529564f52cf969e31e7a1482c27be7ffed19639b506ae2e15b7e7115f699a73-init/diff:/var/lib/docker/overlay2/833a665819b5d9728d3efa7c33135034345a24f83af53b1a1af33d9b64f5492a/diff:/var/lib/docker/overlay2/bd4a2a46c227c2f15475b08c398f37acaab93f4fdba31de015d730efae0a0cfc/diff:/var/lib/docker/overlay2/31ad437d7cba8e64428a2b62db1bbb2a2ec19ca4e439ec493ef4deb50dce2783/diff:/var/lib/docker/overlay2/35173cbd8ec5b88a8888e9abbe75f8694f5d3f96a9b781bb70dc1f0889685741/diff:/var/lib/docker/overlay2/24bf69ac4e8c81062fee44e7c9f746fffbb139c3f7f4b55b4fd1b23bb101b529/diff:/var/lib/docker/overlay2/2f27c96a7775dad186b6f0da325d5a251c80aa1b7f80cf8520f493c5154aee70/diff:/var/lib/docker/overlay2/463a60088c72ddbea82639ded15801e35a79c443f6a26bf1baf320c683cb06af/diff:/var/lib/docker/overlay2/80b8224b23a2ee4b5be635c58ae579fd1913aa95558cd66ab2f5e8430f00a5b8/diff:/var/lib/docker/overlay2/20451fa0b1a07b85d665bc3a0359d721ce4e4c28fa3bce7456ab25e0babae708/diff:/var/lib/docker/overlay2/f80d865cbc6c1c6f57d0963fa6234e7a6409e079eb17f4f13ca41d02731701ad/diff:/var/lib/docker/overlay2/5a3029e0b57c6ec9b985871ff6adf08356aaa0f2a15f1e34c1a7f116ecc4a61d/diff:/var/lib/docker/overlay2/4f3423103248d0b381a1bc6a7287e2b42313ff458cea602a02b7379014b03e0e/diff","MergedDir":"/var/lib/docker/overlay2/5529564f52cf969e31e7a1482c27be7ffed19639b506ae2e15b7e7115f699a73/merged","UpperDir":"/var/lib/docker/overlay2/5529564f52cf969e31e7a1482c27be7ffed19639b506ae2e15b7e7115f699a73/diff","WorkDir":"/var/lib/docker/overlay2/5529564f52cf969e31e7a1482c27be7ffed19639b506ae2e15b7e7115f699a73/work"},"Name":"overlay2"},"Mounts":[{"Type":"volume","Name":"fd1f613c7fe3ca3ae799982507ac3f565cc9f6a2dc99ceaed92389e2c43f47d1","Source":"/var/lib/docker/volumes/fd1f613c7fe3ca3ae799982507ac3f565cc9f6a2dc99ceaed92389e2c43f47d1/_data","Destination":"/var/lib/mysql","Driver":"local","Mode":"","RW":true,"Propagation":""}],"Config":{"Hostname":"9691e3189171","Domainname":"","User":"","AttachStdin":false,"AttachStdout":false,"AttachStderr":false,"ExposedPorts":{"3306/tcp":{},"33060/tcp":{}},"Tty":false,"OpenStdin":false,"StdinOnce":false,"Env":["MYSQL_DATABASE=test","MYSQL_PASSWORD=admin","MYSQL_USER=admin","MYSQL_ROOT_PASSWORD=admin","PATH=/usr/local/sbin:/usr/local/bin:/usr/sbin:/usr/bin:/sbin:/bin","GOSU_VERSION=1.14","MYSQL_MAJOR=8.0","MYSQL_VERSION=8.0.29-1debian10"],"Cmd":["mysqld"],"Image":"mysql:8.0","Volumes":{"/var/lib/mysql":{}},"WorkingDir":"","Entrypoint":["docker-entrypoint.sh"],"OnBuild":null,"Labels":{"org.testcontainers":"true","org.testcontainers.sessionId":"d48265e4-2b28-4f8c-aa67-76dd8289af84"}},"NetworkSettings":{"Bridge":"","SandboxID":"d9de8570fe3f0a4e9f3a1ff7101c963bbd2c6a0a9d8a867b96f17f4d5edca537","HairpinMode":false,"LinkLocalIPv6Address":"","LinkLocalIPv6PrefixLen":0,"Ports":{"3306/tcp":[{"HostIp":"0.0.0.0","HostPort":"49160"},{"HostIp":"::","HostPort":"49160"}],"33060/tcp":null},"SandboxKey":"/var/run/docker/netns/d9de8570fe3f","SecondaryIPAddresses":null,"SecondaryIPv6Addresses":null,"EndpointID":"93e8fe159f683a98670e8995677c2b130dbce857fc116679206e206bda319cbf","Gateway":"172.17.0.1","GlobalIPv6Address":"","GlobalIPv6PrefixLen":0,"IPAddress":"172.17.0.3","IPPrefixLen":16,"IPv6Gateway":"","MacAddress":"02:42:ac:11:00:03","Networks":{"bridge":{"IPAMConfig":null,"Links":null,"Aliases":null,"NetworkID":"1853cd2b9856825cc97ed9ef2b12efa82d95bf9cf60ad666c276eb35cc53539e","EndpointID":"93e8fe159f683a98670e8995677c2b130dbce857fc116679206e206bda319cbf","Gateway":"172.17.0.1","IPAddress":"172.17.0.3","IPPrefixLen":16,"IPv6Gateway":"","GlobalIPv6Address":"","GlobalIPv6PrefixLen":0,"MacAddress":"02:42:ac:11:00:03","DriverOpts":null}}}}[\n]"
03:32:49.578 [main] DEBUG com.github.dockerjava.zerodep.shaded.org.apache.hc.client5.http.wire - http-outgoing-2 << "[\r][\n]"
03:32:49.578 [main] DEBUG com.github.dockerjava.zerodep.shaded.org.apache.hc.client5.http.wire - http-outgoing-2 << "0[\r][\n]"
03:32:49.578 [main] DEBUG com.github.dockerjava.zerodep.shaded.org.apache.hc.client5.http.wire - http-outgoing-2 << "[\r][\n]"
03:32:49.578 [main] DEBUG com.github.dockerjava.zerodep.shaded.org.apache.hc.client5.http.headers - http-outgoing-2 << HTTP/1.1 200 OK
03:32:49.578 [main] DEBUG com.github.dockerjava.zerodep.shaded.org.apache.hc.client5.http.headers - http-outgoing-2 << Api-Version: 1.41
03:32:49.578 [main] DEBUG com.github.dockerjava.zerodep.shaded.org.apache.hc.client5.http.headers - http-outgoing-2 << Content-Type: application/json
03:32:49.578 [main] DEBUG com.github.dockerjava.zerodep.shaded.org.apache.hc.client5.http.headers - http-outgoing-2 << Docker-Experimental: false
03:32:49.578 [main] DEBUG com.github.dockerjava.zerodep.shaded.org.apache.hc.client5.http.headers - http-outgoing-2 << Ostype: linux
03:32:49.578 [main] DEBUG com.github.dockerjava.zerodep.shaded.org.apache.hc.client5.http.headers - http-outgoing-2 << Server: Docker/20.10.12 (linux)
03:32:49.578 [main] DEBUG com.github.dockerjava.zerodep.shaded.org.apache.hc.client5.http.headers - http-outgoing-2 << Date: Thu, 23 Jun 2022 02:32:49 GMT
03:32:49.578 [main] DEBUG com.github.dockerjava.zerodep.shaded.org.apache.hc.client5.http.headers - http-outgoing-2 << Transfer-Encoding: chunked
03:32:49.579 [main] DEBUG com.github.dockerjava.zerodep.shaded.org.apache.hc.client5.http.impl.classic.MainClientExec - ex-0000001D: connection can be kept alive for 3 MINUTES
03:32:49.589 [main] DEBUG com.github.dockerjava.zerodep.shaded.org.apache.hc.client5.http.impl.classic.InternalHttpClient - ep-0000001C: releasing valid endpoint
03:32:49.591 [main] DEBUG com.github.dockerjava.zerodep.shaded.org.apache.hc.client5.http.impl.io.PoolingHttpClientConnectionManager - ep-0000001C: releasing endpoint
03:32:49.591 [main] DEBUG com.github.dockerjava.zerodep.shaded.org.apache.hc.client5.http.impl.io.PoolingHttpClientConnectionManager - ep-0000001C: connection http-outgoing-2 can be kept alive for 3 MINUTES
03:32:49.591 [main] DEBUG com.github.dockerjava.zerodep.shaded.org.apache.hc.client5.http.impl.io.PoolingHttpClientConnectionManager - ep-0000001C: connection released [route: {}->unix://localhost:2375][total available: 1; route allocated: 1 of 2147483647; total allocated: 1 of 2147483647]
03:32:49.591 [main] DEBUG 🐳 [mysql:8.0] - Trying to create JDBC connection using com.mysql.cj.jdbc.Driver to jdbc:mysql://localhost:49160/test?useSSL=false&allowPublicKeyRetrieval=true with properties: {password=admin, user=admin}
03:32:49.705 [main] DEBUG org.testcontainers.shaded.com.github.dockerjava.core.command.AbstrDockerCmd - Cmd: 9691e31891711283f4d98263d11bc6156717d3e75a0b86a23f3b128a992c1f38,false
03:32:49.705 [main] DEBUG org.testcontainers.shaded.com.github.dockerjava.core.exec.InspectContainerCmdExec - GET: DefaultWebTarget{path=[/containers/9691e31891711283f4d98263d11bc6156717d3e75a0b86a23f3b128a992c1f38/json], queryParams={}}
03:32:49.705 [main] DEBUG com.github.dockerjava.zerodep.shaded.org.apache.hc.client5.http.impl.classic.InternalHttpClient - ex-0000001E: preparing request execution
03:32:49.705 [main] DEBUG com.github.dockerjava.zerodep.shaded.org.apache.hc.client5.http.protocol.RequestAddCookies - Cookie spec selected: strict
03:32:49.706 [main] DEBUG com.github.dockerjava.zerodep.shaded.org.apache.hc.client5.http.protocol.RequestAuthCache - Auth cache not set in the context
03:32:49.706 [main] DEBUG com.github.dockerjava.zerodep.shaded.org.apache.hc.client5.http.impl.classic.ProtocolExec - ex-0000001E: target auth state: UNCHALLENGED
03:32:49.706 [main] DEBUG com.github.dockerjava.zerodep.shaded.org.apache.hc.client5.http.impl.classic.ProtocolExec - ex-0000001E: proxy auth state: UNCHALLENGED
03:32:49.706 [main] DEBUG com.github.dockerjava.zerodep.shaded.org.apache.hc.client5.http.impl.classic.ConnectExec - ex-0000001E: acquiring connection with route {}->unix://localhost:2375
03:32:49.706 [main] DEBUG com.github.dockerjava.zerodep.shaded.org.apache.hc.client5.http.impl.classic.InternalHttpClient - ex-0000001E: acquiring endpoint (3 MINUTES)
03:32:49.706 [main] DEBUG com.github.dockerjava.zerodep.shaded.org.apache.hc.client5.http.impl.io.PoolingHttpClientConnectionManager - ex-0000001E: endpoint lease request (3 MINUTES) [route: {}->unix://localhost:2375][total available: 1; route allocated: 1 of 2147483647; total allocated: 1 of 2147483647]
03:32:49.706 [main] DEBUG com.github.dockerjava.zerodep.shaded.org.apache.hc.client5.http.impl.io.PoolingHttpClientConnectionManager - ex-0000001E: endpoint leased [route: {}->unix://localhost:2375][total available: 0; route allocated: 1 of 2147483647; total allocated: 1 of 2147483647]
03:32:49.706 [main] DEBUG com.github.dockerjava.zerodep.shaded.org.apache.hc.client5.http.impl.io.PoolingHttpClientConnectionManager - ex-0000001E: acquired ep-0000001D
03:32:49.706 [main] DEBUG com.github.dockerjava.zerodep.shaded.org.apache.hc.client5.http.impl.classic.InternalHttpClient - ex-0000001E: acquired endpoint ep-0000001D
03:32:49.706 [main] DEBUG com.github.dockerjava.zerodep.shaded.org.apache.hc.client5.http.impl.classic.MainClientExec - ex-0000001E: executing GET /v1.32/containers/9691e31891711283f4d98263d11bc6156717d3e75a0b86a23f3b128a992c1f38/json HTTP/1.1
03:32:49.706 [main] DEBUG com.github.dockerjava.zerodep.shaded.org.apache.hc.client5.http.impl.classic.InternalHttpClient - ep-0000001D: start execution ex-0000001E
03:32:49.706 [main] DEBUG com.github.dockerjava.zerodep.shaded.org.apache.hc.client5.http.impl.io.PoolingHttpClientConnectionManager - ep-0000001D: executing exchange ex-0000001E over http-outgoing-2
03:32:49.706 [main] DEBUG com.github.dockerjava.zerodep.shaded.org.apache.hc.client5.http.headers - http-outgoing-2 >> GET /v1.32/containers/9691e31891711283f4d98263d11bc6156717d3e75a0b86a23f3b128a992c1f38/json HTTP/1.1
03:32:49.706 [main] DEBUG com.github.dockerjava.zerodep.shaded.org.apache.hc.client5.http.headers - http-outgoing-2 >> accept: application/json
03:32:49.706 [main] DEBUG com.github.dockerjava.zerodep.shaded.org.apache.hc.client5.http.headers - http-outgoing-2 >> Accept-Encoding: gzip, x-gzip, deflate
03:32:49.706 [main] DEBUG com.github.dockerjava.zerodep.shaded.org.apache.hc.client5.http.headers - http-outgoing-2 >> Host: localhost:2375
03:32:49.706 [main] DEBUG com.github.dockerjava.zerodep.shaded.org.apache.hc.client5.http.headers - http-outgoing-2 >> Connection: keep-alive
03:32:49.706 [main] DEBUG com.github.dockerjava.zerodep.shaded.org.apache.hc.client5.http.headers - http-outgoing-2 >> User-Agent: Apache-HttpClient/5.0.3 (Java/11.0.15)
03:32:49.706 [main] DEBUG com.github.dockerjava.zerodep.shaded.org.apache.hc.client5.http.wire - http-outgoing-2 >> "GET /v1.32/containers/9691e31891711283f4d98263d11bc6156717d3e75a0b86a23f3b128a992c1f38/json HTTP/1.1[\r][\n]"
03:32:49.706 [main] DEBUG com.github.dockerjava.zerodep.shaded.org.apache.hc.client5.http.wire - http-outgoing-2 >> "accept: application/json[\r][\n]"
03:32:49.706 [main] DEBUG com.github.dockerjava.zerodep.shaded.org.apache.hc.client5.http.wire - http-outgoing-2 >> "Accept-Encoding: gzip, x-gzip, deflate[\r][\n]"
03:32:49.706 [main] DEBUG com.github.dockerjava.zerodep.shaded.org.apache.hc.client5.http.wire - http-outgoing-2 >> "Host: localhost:2375[\r][\n]"
03:32:49.706 [main] DEBUG com.github.dockerjava.zerodep.shaded.org.apache.hc.client5.http.wire - http-outgoing-2 >> "Connection: keep-alive[\r][\n]"
03:32:49.706 [main] DEBUG com.github.dockerjava.zerodep.shaded.org.apache.hc.client5.http.wire - http-outgoing-2 >> "User-Agent: Apache-HttpClient/5.0.3 (Java/11.0.15)[\r][\n]"
03:32:49.706 [main] DEBUG com.github.dockerjava.zerodep.shaded.org.apache.hc.client5.http.wire - http-outgoing-2 >> "[\r][\n]"
03:32:49.707 [main] DEBUG com.github.dockerjava.zerodep.shaded.org.apache.hc.client5.http.wire - http-outgoing-2 << "HTTP/1.1 200 OK[\r][\n]"
03:32:49.707 [main] DEBUG com.github.dockerjava.zerodep.shaded.org.apache.hc.client5.http.wire - http-outgoing-2 << "Api-Version: 1.41[\r][\n]"
03:32:49.707 [main] DEBUG com.github.dockerjava.zerodep.shaded.org.apache.hc.client5.http.wire - http-outgoing-2 << "Content-Type: application/json[\r][\n]"
03:32:49.707 [main] DEBUG com.github.dockerjava.zerodep.shaded.org.apache.hc.client5.http.wire - http-outgoing-2 << "Docker-Experimental: false[\r][\n]"
03:32:49.707 [main] DEBUG com.github.dockerjava.zerodep.shaded.org.apache.hc.client5.http.wire - http-outgoing-2 << "Ostype: linux[\r][\n]"
03:32:49.707 [main] DEBUG com.github.dockerjava.zerodep.shaded.org.apache.hc.client5.http.wire - http-outgoing-2 << "Server: Docker/20.10.12 (linux)[\r][\n]"
03:32:49.707 [main] DEBUG com.github.dockerjava.zerodep.shaded.org.apache.hc.client5.http.wire - http-outgoing-2 << "Date: Thu, 23 Jun 2022 02:32:49 GMT[\r][\n]"
03:32:49.707 [main] DEBUG com.github.dockerjava.zerodep.shaded.org.apache.hc.client5.http.wire - http-outgoing-2 << "Transfer-Encoding: chunked[\r][\n]"
03:32:49.707 [main] DEBUG com.github.dockerjava.zerodep.shaded.org.apache.hc.client5.http.wire - http-outgoing-2 << "[\r][\n]"
03:32:49.707 [main] DEBUG com.github.dockerjava.zerodep.shaded.org.apache.hc.client5.http.wire - http-outgoing-2 << "18ed[\r][\n]"
03:32:49.707 [main] DEBUG com.github.dockerjava.zerodep.shaded.org.apache.hc.client5.http.wire - http-outgoing-2 << "{"Id":"9691e31891711283f4d98263d11bc6156717d3e75a0b86a23f3b128a992c1f38","Created":"2022-06-23T02:32:47.03956921Z","Path":"docker-entrypoint.sh","Args":["mysqld"],"State":{"Status":"running","Running":true,"Paused":false,"Restarting":false,"OOMKilled":false,"Dead":false,"Pid":66188,"ExitCode":0,"Error":"","StartedAt":"2022-06-23T02:32:47.703880551Z","FinishedAt":"0001-01-01T00:00:00Z"},"Image":"sha256:65b636d5542b73254ce90cc4b895597dc1adc2c661ca553c38eda159979dded1","ResolvConfPath":"/var/lib/docker/containers/9691e31891711283f4d98263d11bc6156717d3e75a0b86a23f3b128a992c1f38/resolv.conf","HostnamePath":"/var/lib/docker/containers/9691e31891711283f4d98263d11bc6156717d3e75a0b86a23f3b128a992c1f38/hostname","HostsPath":"/var/lib/docker/containers/9691e31891711283f4d98263d11bc6156717d3e75a0b86a23f3b128a992c1f38/hosts","LogPath":"/var/lib/docker/containers/9691e31891711283f4d98263d11bc6156717d3e75a0b86a23f3b128a992c1f38/9691e31891711283f4d98263d11bc6156717d3e75a0b86a23f3b128a992c1f38-json.log","Name":"/xenodochial_satoshi","RestartCount":0,"Driver":"overlay2","Platform":"linux","MountLabel":"","ProcessLabel":"","AppArmorProfile":"docker-default","ExecIDs":null,"HostConfig":{"Binds":[],"ContainerIDFile":"","LogConfig":{"Type":"json-file","Config":{}},"NetworkMode":"default","PortBindings":{"3306/tcp":[{"HostIp":"","HostPort":""}]},"RestartPolicy":{"Name":"","MaximumRetryCount":0},"AutoRemove":false,"VolumeDriver":"","VolumesFrom":[],"CapAdd":null,"CapDrop":null,"CgroupnsMode":"host","Dns":null,"DnsOptions":null,"DnsSearch":null,"ExtraHosts":[],"GroupAdd":null,"IpcMode":"shareable","Cgroup":"","Links":null,"OomScoreAdj":0,"PidMode":"","Privileged":false,"PublishAllPorts":false,"ReadonlyRootfs":false,"SecurityOpt":null,"UTSMode":"","UsernsMode":"","ShmSize":67108864,"Runtime":"runc","ConsoleSize":[0,0],"Isolation":"","CpuShares":0,"Memory":0,"NanoCpus":0,"CgroupParent":"","BlkioWeight":0,"BlkioWeightDevice":null,"BlkioDeviceReadBps":null,"BlkioDeviceWriteBps":null,"BlkioDeviceReadIOps":null,"BlkioDeviceWriteIOps":null,"CpuPeriod":0,"CpuQuota":0,"CpuRealtimePeriod":0,"CpuRealtimeRuntime":0,"CpusetCpus":"","CpusetMems":"","Devices":null,"DeviceCgroupRules":null,"DeviceRequests":null,"KernelMemory":0,"KernelMemoryTCP":0,"MemoryReservation":0,"MemorySwap":0,"MemorySwappiness":null,"OomKillDisable":false,"PidsLimit":null,"Ulimits":null,"CpuCount":0,"CpuPercent":0,"IOMaximumIOps":0,"IOMaximumBandwidth":0,"MaskedPaths":["/proc/asound","/proc/acpi","/proc/kcore","/proc/keys","/proc/latency_stats","/proc/timer_list","/proc/timer_stats","/proc/sched_debug","/proc/scsi","/sys/firmware"],"ReadonlyPaths":["/proc/bus","/proc/fs","/proc/irq","/proc/sys","/proc/sysrq-trigger"]},"GraphDriver":{"Data":{"LowerDir":"/var/lib/docker/overlay2/5529564f52cf969e31e7a1482c27be7ffed19639b506ae2e15b7e7115f699a73-init/diff:/var/lib/docker/overlay2/833a665819b5d9728d3efa7c33135034345a24f83af53b1a1af33d9b64f5492a/diff:/var/lib/docker/overlay2/bd4a2a46c227c2f15475b08c398f37acaab93f4fdba31de015d730efae0a0cfc/diff:/var/lib/docker/overlay2/31ad437d7cba8e64428a2b62db1bbb2a2ec19ca4e439ec493ef4deb50dce2783/diff:/var/lib/docker/overlay2/35173cbd8ec5b88a8888e9abbe75f8694f5d3f96a9b781bb70dc1f0889685741/diff:/var/lib/docker/overlay2/24bf69ac4e8c81062fee44e7c9f746fffbb139c3f7f4b55b4fd1b23bb101b529/diff:/var/lib/docker/overlay2/2f27c96a7775dad186b6f0da325d5a251c80aa1b7f80cf8520f493c5154aee70/diff:/var/lib/docker/overlay2/463a60088c72ddbea82639ded15801e35a79c443f6a26bf1baf320c683cb06af/diff:/var/lib/docker/overlay2/80b8224b23a2ee4b5be635c58ae579fd1913aa95558cd66ab2f5e8430f00a5b8/diff:/var/lib/docker/overlay2/20451fa0b1a07b85d665bc3a0359d721ce4e4c28fa3bce7456ab25e0babae708/diff:/var/lib/docker/overlay2/f80d865cbc6c1c6f57d0963fa6234e7a6409e079eb17f4f13ca41d02731701ad/diff:/var/lib/docker/overlay2/5a3029e0b57c6ec9b985871ff6adf08356aaa0f2a15f1e34c1a7f116ecc4a61d/diff:/var/lib/docker/overlay2/4f3423103248d0b381a1bc6a7287e2b42313ff458cea602a02b7379014b03e0e/diff","MergedDir":"/var/lib/docker/overlay2/5529564f52cf969e31e7a1482c27be7ffed19639b506ae2e15b7e7115f699a73/merged","UpperDir":"/var/lib/docker/overlay2/5529564f52cf969e31e7a1482c27be7ffed19639b506ae2e15b7e7115f699a73/diff","WorkDir":"/var/lib/docker/overlay2/5529564f52cf969e31e7a1482c27be7ffed19639b506ae2e15b7e7115f699a73/work"},"Name":"overlay2"},"Mounts":[{"Type":"volume","Name":"fd1f613c7fe3ca3ae799982507ac3f565cc9f6a2dc99ceaed92389e2c43f47d1","Source":"/var/lib/docker/volumes/fd1f613c7fe3ca3ae799982507ac3f565cc9f6a2dc99ceaed92389e2c43f47d1/_data","Destination":"/var/lib/mysql","Driver":"local","Mode":"","RW":true,"Propagation":""}],"Config":{"Hostname":"9691e3189171","Domainname":"","User":"","AttachStdin":false,"AttachStdout":false,"AttachStderr":false,"ExposedPorts":{"3306/tcp":{},"33060/tcp":{}},"Tty":false,"OpenStdin":false,"StdinOnce":false,"Env":["MYSQL_DATABASE=test","MYSQL_PASSWORD=admin","MYSQL_USER=admin","MYSQL_ROOT_PASSWORD=admin","PATH=/usr/local/sbin:/usr/local/bin:/usr/sbin:/usr/bin:/sbin:/bin","GOSU_VERSION=1.14","MYSQL_MAJOR=8.0","MYSQL_VERSION=8.0.29-1debian10"],"Cmd":["mysqld"],"Image":"mysql:8.0","Volumes":{"/var/lib/mysql":{}},"WorkingDir":"","Entrypoint":["docker-entrypoint.sh"],"OnBuild":null,"Labels":{"org.testcontainers":"true","org.testcontainers.sessionId":"d48265e4-2b28-4f8c-aa67-76dd8289af84"}},"NetworkSettings":{"Bridge":"","SandboxID":"d9de8570fe3f0a4e9f3a1ff7101c963bbd2c6a0a9d8a867b96f17f4d5edca537","HairpinMode":false,"LinkLocalIPv6Address":"","LinkLocalIPv6PrefixLen":0,"Ports":{"3306/tcp":[{"HostIp":"0.0.0.0","HostPort":"49160"},{"HostIp":"::","HostPort":"49160"}],"33060/tcp":null},"SandboxKey":"/var/run/docker/netns/d9de8570fe3f","SecondaryIPAddresses":null,"SecondaryIPv6Addresses":null,"EndpointID":"93e8fe159f683a98670e8995677c2b130dbce857fc116679206e206bda319cbf","Gateway":"172.17.0.1","GlobalIPv6Address":"","GlobalIPv6PrefixLen":0,"IPAddress":"172.17.0.3","IPPrefixLen":16,"IPv6Gateway":"","MacAddress":"02:42:ac:11:00:03","Networks":{"bridge":{"IPAMConfig":null,"Links":null,"Aliases":null,"NetworkID":"1853cd2b9856825cc97ed9ef2b12efa82d95bf9cf60ad666c276eb35cc53539e","EndpointID":"93e8fe159f683a98670e8995677c2b130dbce857fc116679206e206bda319cbf","Gateway":"172.17.0.1","IPAddress":"172.17.0.3","IPPrefixLen":16,"IPv6Gateway":"","GlobalIPv6Address":"","GlobalIPv6PrefixLen":0,"MacAddress":"02:42:ac:11:00:03","DriverOpts":null}}}}[\n]"
03:32:49.707 [main] DEBUG com.github.dockerjava.zerodep.shaded.org.apache.hc.client5.http.wire - http-outgoing-2 << "[\r][\n]"
03:32:49.707 [main] DEBUG com.github.dockerjava.zerodep.shaded.org.apache.hc.client5.http.wire - http-outgoing-2 << "0[\r][\n]"
03:32:49.707 [main] DEBUG com.github.dockerjava.zerodep.shaded.org.apache.hc.client5.http.wire - http-outgoing-2 << "[\r][\n]"
03:32:49.708 [main] DEBUG com.github.dockerjava.zerodep.shaded.org.apache.hc.client5.http.headers - http-outgoing-2 << HTTP/1.1 200 OK
03:32:49.708 [main] DEBUG com.github.dockerjava.zerodep.shaded.org.apache.hc.client5.http.headers - http-outgoing-2 << Api-Version: 1.41
03:32:49.708 [main] DEBUG com.github.dockerjava.zerodep.shaded.org.apache.hc.client5.http.headers - http-outgoing-2 << Content-Type: application/json
03:32:49.708 [main] DEBUG com.github.dockerjava.zerodep.shaded.org.apache.hc.client5.http.headers - http-outgoing-2 << Docker-Experimental: false
03:32:49.708 [main] DEBUG com.github.dockerjava.zerodep.shaded.org.apache.hc.client5.http.headers - http-outgoing-2 << Ostype: linux
03:32:49.708 [main] DEBUG com.github.dockerjava.zerodep.shaded.org.apache.hc.client5.http.headers - http-outgoing-2 << Server: Docker/20.10.12 (linux)
03:32:49.708 [main] DEBUG com.github.dockerjava.zerodep.shaded.org.apache.hc.client5.http.headers - http-outgoing-2 << Date: Thu, 23 Jun 2022 02:32:49 GMT
03:32:49.708 [main] DEBUG com.github.dockerjava.zerodep.shaded.org.apache.hc.client5.http.headers - http-outgoing-2 << Transfer-Encoding: chunked
03:32:49.708 [main] DEBUG com.github.dockerjava.zerodep.shaded.org.apache.hc.client5.http.impl.classic.MainClientExec - ex-0000001E: connection can be kept alive for 3 MINUTES
03:32:49.710 [main] DEBUG com.github.dockerjava.zerodep.shaded.org.apache.hc.client5.http.impl.classic.InternalHttpClient - ep-0000001D: releasing valid endpoint
03:32:49.710 [main] DEBUG com.github.dockerjava.zerodep.shaded.org.apache.hc.client5.http.impl.io.PoolingHttpClientConnectionManager - ep-0000001D: releasing endpoint
03:32:49.710 [main] DEBUG com.github.dockerjava.zerodep.shaded.org.apache.hc.client5.http.impl.io.PoolingHttpClientConnectionManager - ep-0000001D: connection http-outgoing-2 can be kept alive for 3 MINUTES
03:32:49.710 [main] DEBUG com.github.dockerjava.zerodep.shaded.org.apache.hc.client5.http.impl.io.PoolingHttpClientConnectionManager - ep-0000001D: connection released [route: {}->unix://localhost:2375][total available: 1; route allocated: 1 of 2147483647; total allocated: 1 of 2147483647]
03:32:49.710 [main] DEBUG 🐳 [mysql:8.0] - Trying to create JDBC connection using com.mysql.cj.jdbc.Driver to jdbc:mysql://localhost:49160/test?useSSL=false&allowPublicKeyRetrieval=true with properties: {password=admin, user=admin}
03:32:49.812 [main] DEBUG org.testcontainers.shaded.com.github.dockerjava.core.command.AbstrDockerCmd - Cmd: 9691e31891711283f4d98263d11bc6156717d3e75a0b86a23f3b128a992c1f38,false
03:32:49.812 [main] DEBUG org.testcontainers.shaded.com.github.dockerjava.core.exec.InspectContainerCmdExec - GET: DefaultWebTarget{path=[/containers/9691e31891711283f4d98263d11bc6156717d3e75a0b86a23f3b128a992c1f38/json], queryParams={}}
03:32:49.813 [main] DEBUG com.github.dockerjava.zerodep.shaded.org.apache.hc.client5.http.impl.classic.InternalHttpClient - ex-0000001F: preparing request execution
03:32:49.813 [main] DEBUG com.github.dockerjava.zerodep.shaded.org.apache.hc.client5.http.protocol.RequestAddCookies - Cookie spec selected: strict
03:32:49.813 [main] DEBUG com.github.dockerjava.zerodep.shaded.org.apache.hc.client5.http.protocol.RequestAuthCache - Auth cache not set in the context
03:32:49.813 [main] DEBUG com.github.dockerjava.zerodep.shaded.org.apache.hc.client5.http.impl.classic.ProtocolExec - ex-0000001F: target auth state: UNCHALLENGED
03:32:49.813 [main] DEBUG com.github.dockerjava.zerodep.shaded.org.apache.hc.client5.http.impl.classic.ProtocolExec - ex-0000001F: proxy auth state: UNCHALLENGED
03:32:49.813 [main] DEBUG com.github.dockerjava.zerodep.shaded.org.apache.hc.client5.http.impl.classic.ConnectExec - ex-0000001F: acquiring connection with route {}->unix://localhost:2375
03:32:49.813 [main] DEBUG com.github.dockerjava.zerodep.shaded.org.apache.hc.client5.http.impl.classic.InternalHttpClient - ex-0000001F: acquiring endpoint (3 MINUTES)
03:32:49.813 [main] DEBUG com.github.dockerjava.zerodep.shaded.org.apache.hc.client5.http.impl.io.PoolingHttpClientConnectionManager - ex-0000001F: endpoint lease request (3 MINUTES) [route: {}->unix://localhost:2375][total available: 1; route allocated: 1 of 2147483647; total allocated: 1 of 2147483647]
03:32:49.813 [main] DEBUG com.github.dockerjava.zerodep.shaded.org.apache.hc.client5.http.impl.io.PoolingHttpClientConnectionManager - ex-0000001F: endpoint leased [route: {}->unix://localhost:2375][total available: 0; route allocated: 1 of 2147483647; total allocated: 1 of 2147483647]
03:32:49.814 [main] DEBUG com.github.dockerjava.zerodep.shaded.org.apache.hc.client5.http.impl.io.PoolingHttpClientConnectionManager - ex-0000001F: acquired ep-0000001E
03:32:49.814 [main] DEBUG com.github.dockerjava.zerodep.shaded.org.apache.hc.client5.http.impl.classic.InternalHttpClient - ex-0000001F: acquired endpoint ep-0000001E
03:32:49.814 [main] DEBUG com.github.dockerjava.zerodep.shaded.org.apache.hc.client5.http.impl.classic.MainClientExec - ex-0000001F: executing GET /v1.32/containers/9691e31891711283f4d98263d11bc6156717d3e75a0b86a23f3b128a992c1f38/json HTTP/1.1
03:32:49.814 [main] DEBUG com.github.dockerjava.zerodep.shaded.org.apache.hc.client5.http.impl.classic.InternalHttpClient - ep-0000001E: start execution ex-0000001F
03:32:49.814 [main] DEBUG com.github.dockerjava.zerodep.shaded.org.apache.hc.client5.http.impl.io.PoolingHttpClientConnectionManager - ep-0000001E: executing exchange ex-0000001F over http-outgoing-2
03:32:49.814 [main] DEBUG com.github.dockerjava.zerodep.shaded.org.apache.hc.client5.http.headers - http-outgoing-2 >> GET /v1.32/containers/9691e31891711283f4d98263d11bc6156717d3e75a0b86a23f3b128a992c1f38/json HTTP/1.1
03:32:49.814 [main] DEBUG com.github.dockerjava.zerodep.shaded.org.apache.hc.client5.http.headers - http-outgoing-2 >> accept: application/json
03:32:49.814 [main] DEBUG com.github.dockerjava.zerodep.shaded.org.apache.hc.client5.http.headers - http-outgoing-2 >> Accept-Encoding: gzip, x-gzip, deflate
03:32:49.814 [main] DEBUG com.github.dockerjava.zerodep.shaded.org.apache.hc.client5.http.headers - http-outgoing-2 >> Host: localhost:2375
03:32:49.814 [main] DEBUG com.github.dockerjava.zerodep.shaded.org.apache.hc.client5.http.headers - http-outgoing-2 >> Connection: keep-alive
03:32:49.814 [main] DEBUG com.github.dockerjava.zerodep.shaded.org.apache.hc.client5.http.headers - http-outgoing-2 >> User-Agent: Apache-HttpClient/5.0.3 (Java/11.0.15)
03:32:49.814 [main] DEBUG com.github.dockerjava.zerodep.shaded.org.apache.hc.client5.http.wire - http-outgoing-2 >> "GET /v1.32/containers/9691e31891711283f4d98263d11bc6156717d3e75a0b86a23f3b128a992c1f38/json HTTP/1.1[\r][\n]"
03:32:49.814 [main] DEBUG com.github.dockerjava.zerodep.shaded.org.apache.hc.client5.http.wire - http-outgoing-2 >> "accept: application/json[\r][\n]"
03:32:49.814 [main] DEBUG com.github.dockerjava.zerodep.shaded.org.apache.hc.client5.http.wire - http-outgoing-2 >> "Accept-Encoding: gzip, x-gzip, deflate[\r][\n]"
03:32:49.814 [main] DEBUG com.github.dockerjava.zerodep.shaded.org.apache.hc.client5.http.wire - http-outgoing-2 >> "Host: localhost:2375[\r][\n]"
03:32:49.814 [main] DEBUG com.github.dockerjava.zerodep.shaded.org.apache.hc.client5.http.wire - http-outgoing-2 >> "Connection: keep-alive[\r][\n]"
03:32:49.814 [main] DEBUG com.github.dockerjava.zerodep.shaded.org.apache.hc.client5.http.wire - http-outgoing-2 >> "User-Agent: Apache-HttpClient/5.0.3 (Java/11.0.15)[\r][\n]"
03:32:49.814 [main] DEBUG com.github.dockerjava.zerodep.shaded.org.apache.hc.client5.http.wire - http-outgoing-2 >> "[\r][\n]"
03:32:49.815 [main] DEBUG com.github.dockerjava.zerodep.shaded.org.apache.hc.client5.http.wire - http-outgoing-2 << "HTTP/1.1 200 OK[\r][\n]"
03:32:49.815 [main] DEBUG com.github.dockerjava.zerodep.shaded.org.apache.hc.client5.http.wire - http-outgoing-2 << "Api-Version: 1.41[\r][\n]"
03:32:49.815 [main] DEBUG com.github.dockerjava.zerodep.shaded.org.apache.hc.client5.http.wire - http-outgoing-2 << "Content-Type: application/json[\r][\n]"
03:32:49.815 [main] DEBUG com.github.dockerjava.zerodep.shaded.org.apache.hc.client5.http.wire - http-outgoing-2 << "Docker-Experimental: false[\r][\n]"
03:32:49.815 [main] DEBUG com.github.dockerjava.zerodep.shaded.org.apache.hc.client5.http.wire - http-outgoing-2 << "Ostype: linux[\r][\n]"
03:32:49.815 [main] DEBUG com.github.dockerjava.zerodep.shaded.org.apache.hc.client5.http.wire - http-outgoing-2 << "Server: Docker/20.10.12 (linux)[\r][\n]"
03:32:49.815 [main] DEBUG com.github.dockerjava.zerodep.shaded.org.apache.hc.client5.http.wire - http-outgoing-2 << "Date: Thu, 23 Jun 2022 02:32:49 GMT[\r][\n]"
03:32:49.815 [main] DEBUG com.github.dockerjava.zerodep.shaded.org.apache.hc.client5.http.wire - http-outgoing-2 << "Transfer-Encoding: chunked[\r][\n]"
03:32:49.815 [main] DEBUG com.github.dockerjava.zerodep.shaded.org.apache.hc.client5.http.wire - http-outgoing-2 << "[\r][\n]"
03:32:49.815 [main] DEBUG com.github.dockerjava.zerodep.shaded.org.apache.hc.client5.http.wire - http-outgoing-2 << "18ed[\r][\n]"
03:32:49.815 [main] DEBUG com.github.dockerjava.zerodep.shaded.org.apache.hc.client5.http.wire - http-outgoing-2 << "{"Id":"9691e31891711283f4d98263d11bc6156717d3e75a0b86a23f3b128a992c1f38","Created":"2022-06-23T02:32:47.03956921Z","Path":"docker-entrypoint.sh","Args":["mysqld"],"State":{"Status":"running","Running":true,"Paused":false,"Restarting":false,"OOMKilled":false,"Dead":false,"Pid":66188,"ExitCode":0,"Error":"","StartedAt":"2022-06-23T02:32:47.703880551Z","FinishedAt":"0001-01-01T00:00:00Z"},"Image":"sha256:65b636d5542b73254ce90cc4b895597dc1adc2c661ca553c38eda159979dded1","ResolvConfPath":"/var/lib/docker/containers/9691e31891711283f4d98263d11bc6156717d3e75a0b86a23f3b128a992c1f38/resolv.conf","HostnamePath":"/var/lib/docker/containers/9691e31891711283f4d98263d11bc6156717d3e75a0b86a23f3b128a992c1f38/hostname","HostsPath":"/var/lib/docker/containers/9691e31891711283f4d98263d11bc6156717d3e75a0b86a23f3b128a992c1f38/hosts","LogPath":"/var/lib/docker/containers/9691e31891711283f4d98263d11bc6156717d3e75a0b86a23f3b128a992c1f38/9691e31891711283f4d98263d11bc6156717d3e75a0b86a23f3b128a992c1f38-json.log","Name":"/xenodochial_satoshi","RestartCount":0,"Driver":"overlay2","Platform":"linux","MountLabel":"","ProcessLabel":"","AppArmorProfile":"docker-default","ExecIDs":null,"HostConfig":{"Binds":[],"ContainerIDFile":"","LogConfig":{"Type":"json-file","Config":{}},"NetworkMode":"default","PortBindings":{"3306/tcp":[{"HostIp":"","HostPort":""}]},"RestartPolicy":{"Name":"","MaximumRetryCount":0},"AutoRemove":false,"VolumeDriver":"","VolumesFrom":[],"CapAdd":null,"CapDrop":null,"CgroupnsMode":"host","Dns":null,"DnsOptions":null,"DnsSearch":null,"ExtraHosts":[],"GroupAdd":null,"IpcMode":"shareable","Cgroup":"","Links":null,"OomScoreAdj":0,"PidMode":"","Privileged":false,"PublishAllPorts":false,"ReadonlyRootfs":false,"SecurityOpt":null,"UTSMode":"","UsernsMode":"","ShmSize":67108864,"Runtime":"runc","ConsoleSize":[0,0],"Isolation":"","CpuShares":0,"Memory":0,"NanoCpus":0,"CgroupParent":"","BlkioWeight":0,"BlkioWeightDevice":null,"BlkioDeviceReadBps":null,"BlkioDeviceWriteBps":null,"BlkioDeviceReadIOps":null,"BlkioDeviceWriteIOps":null,"CpuPeriod":0,"CpuQuota":0,"CpuRealtimePeriod":0,"CpuRealtimeRuntime":0,"CpusetCpus":"","CpusetMems":"","Devices":null,"DeviceCgroupRules":null,"DeviceRequests":null,"KernelMemory":0,"KernelMemoryTCP":0,"MemoryReservation":0,"MemorySwap":0,"MemorySwappiness":null,"OomKillDisable":false,"PidsLimit":null,"Ulimits":null,"CpuCount":0,"CpuPercent":0,"IOMaximumIOps":0,"IOMaximumBandwidth":0,"MaskedPaths":["/proc/asound","/proc/acpi","/proc/kcore","/proc/keys","/proc/latency_stats","/proc/timer_list","/proc/timer_stats","/proc/sched_debug","/proc/scsi","/sys/firmware"],"ReadonlyPaths":["/proc/bus","/proc/fs","/proc/irq","/proc/sys","/proc/sysrq-trigger"]},"GraphDriver":{"Data":{"LowerDir":"/var/lib/docker/overlay2/5529564f52cf969e31e7a1482c27be7ffed19639b506ae2e15b7e7115f699a73-init/diff:/var/lib/docker/overlay2/833a665819b5d9728d3efa7c33135034345a24f83af53b1a1af33d9b64f5492a/diff:/var/lib/docker/overlay2/bd4a2a46c227c2f15475b08c398f37acaab93f4fdba31de015d730efae0a0cfc/diff:/var/lib/docker/overlay2/31ad437d7cba8e64428a2b62db1bbb2a2ec19ca4e439ec493ef4deb50dce2783/diff:/var/lib/docker/overlay2/35173cbd8ec5b88a8888e9abbe75f8694f5d3f96a9b781bb70dc1f0889685741/diff:/var/lib/docker/overlay2/24bf69ac4e8c81062fee44e7c9f746fffbb139c3f7f4b55b4fd1b23bb101b529/diff:/var/lib/docker/overlay2/2f27c96a7775dad186b6f0da325d5a251c80aa1b7f80cf8520f493c5154aee70/diff:/var/lib/docker/overlay2/463a60088c72ddbea82639ded15801e35a79c443f6a26bf1baf320c683cb06af/diff:/var/lib/docker/overlay2/80b8224b23a2ee4b5be635c58ae579fd1913aa95558cd66ab2f5e8430f00a5b8/diff:/var/lib/docker/overlay2/20451fa0b1a07b85d665bc3a0359d721ce4e4c28fa3bce7456ab25e0babae708/diff:/var/lib/docker/overlay2/f80d865cbc6c1c6f57d0963fa6234e7a6409e079eb17f4f13ca41d02731701ad/diff:/var/lib/docker/overlay2/5a3029e0b57c6ec9b985871ff6adf08356aaa0f2a15f1e34c1a7f116ecc4a61d/diff:/var/lib/docker/overlay2/4f3423103248d0b381a1bc6a7287e2b42313ff458cea602a02b7379014b03e0e/diff","MergedDir":"/var/lib/docker/overlay2/5529564f52cf969e31e7a1482c27be7ffed19639b506ae2e15b7e7115f699a73/merged","UpperDir":"/var/lib/docker/overlay2/5529564f52cf969e31e7a1482c27be7ffed19639b506ae2e15b7e7115f699a73/diff","WorkDir":"/var/lib/docker/overlay2/5529564f52cf969e31e7a1482c27be7ffed19639b506ae2e15b7e7115f699a73/work"},"Name":"overlay2"},"Mounts":[{"Type":"volume","Name":"fd1f613c7fe3ca3ae799982507ac3f565cc9f6a2dc99ceaed92389e2c43f47d1","Source":"/var/lib/docker/volumes/fd1f613c7fe3ca3ae799982507ac3f565cc9f6a2dc99ceaed92389e2c43f47d1/_data","Destination":"/var/lib/mysql","Driver":"local","Mode":"","RW":true,"Propagation":""}],"Config":{"Hostname":"9691e3189171","Domainname":"","User":"","AttachStdin":false,"AttachStdout":false,"AttachStderr":false,"ExposedPorts":{"3306/tcp":{},"33060/tcp":{}},"Tty":false,"OpenStdin":false,"StdinOnce":false,"Env":["MYSQL_DATABASE=test","MYSQL_PASSWORD=admin","MYSQL_USER=admin","MYSQL_ROOT_PASSWORD=admin","PATH=/usr/local/sbin:/usr/local/bin:/usr/sbin:/usr/bin:/sbin:/bin","GOSU_VERSION=1.14","MYSQL_MAJOR=8.0","MYSQL_VERSION=8.0.29-1debian10"],"Cmd":["mysqld"],"Image":"mysql:8.0","Volumes":{"/var/lib/mysql":{}},"WorkingDir":"","Entrypoint":["docker-entrypoint.sh"],"OnBuild":null,"Labels":{"org.testcontainers":"true","org.testcontainers.sessionId":"d48265e4-2b28-4f8c-aa67-76dd8289af84"}},"NetworkSettings":{"Bridge":"","SandboxID":"d9de8570fe3f0a4e9f3a1ff7101c963bbd2c6a0a9d8a867b96f17f4d5edca537","HairpinMode":false,"LinkLocalIPv6Address":"","LinkLocalIPv6PrefixLen":0,"Ports":{"3306/tcp":[{"HostIp":"0.0.0.0","HostPort":"49160"},{"HostIp":"::","HostPort":"49160"}],"33060/tcp":null},"SandboxKey":"/var/run/docker/netns/d9de8570fe3f","SecondaryIPAddresses":null,"SecondaryIPv6Addresses":null,"EndpointID":"93e8fe159f683a98670e8995677c2b130dbce857fc116679206e206bda319cbf","Gateway":"172.17.0.1","GlobalIPv6Address":"","GlobalIPv6PrefixLen":0,"IPAddress":"172.17.0.3","IPPrefixLen":16,"IPv6Gateway":"","MacAddress":"02:42:ac:11:00:03","Networks":{"bridge":{"IPAMConfig":null,"Links":null,"Aliases":null,"NetworkID":"1853cd2b9856825cc97ed9ef2b12efa82d95bf9cf60ad666c276eb35cc53539e","EndpointID":"93e8fe159f683a98670e8995677c2b130dbce857fc116679206e206bda319cbf","Gateway":"172.17.0.1","IPAddress":"172.17.0.3","IPPrefixLen":16,"IPv6Gateway":"","GlobalIPv6Address":"","GlobalIPv6PrefixLen":0,"MacAddress":"02:42:ac:11:00:03","DriverOpts":null}}}}[\n]"
03:32:49.815 [main] DEBUG com.github.dockerjava.zerodep.shaded.org.apache.hc.client5.http.wire - http-outgoing-2 << "[\r][\n]"
03:32:49.815 [main] DEBUG com.github.dockerjava.zerodep.shaded.org.apache.hc.client5.http.wire - http-outgoing-2 << "0[\r][\n]"
03:32:49.815 [main] DEBUG com.github.dockerjava.zerodep.shaded.org.apache.hc.client5.http.wire - http-outgoing-2 << "[\r][\n]"
03:32:49.815 [main] DEBUG com.github.dockerjava.zerodep.shaded.org.apache.hc.client5.http.headers - http-outgoing-2 << HTTP/1.1 200 OK
03:32:49.815 [main] DEBUG com.github.dockerjava.zerodep.shaded.org.apache.hc.client5.http.headers - http-outgoing-2 << Api-Version: 1.41
03:32:49.815 [main] DEBUG com.github.dockerjava.zerodep.shaded.org.apache.hc.client5.http.headers - http-outgoing-2 << Content-Type: application/json
03:32:49.815 [main] DEBUG com.github.dockerjava.zerodep.shaded.org.apache.hc.client5.http.headers - http-outgoing-2 << Docker-Experimental: false
03:32:49.815 [main] DEBUG com.github.dockerjava.zerodep.shaded.org.apache.hc.client5.http.headers - http-outgoing-2 << Ostype: linux
03:32:49.815 [main] DEBUG com.github.dockerjava.zerodep.shaded.org.apache.hc.client5.http.headers - http-outgoing-2 << Server: Docker/20.10.12 (linux)
03:32:49.815 [main] DEBUG com.github.dockerjava.zerodep.shaded.org.apache.hc.client5.http.headers - http-outgoing-2 << Date: Thu, 23 Jun 2022 02:32:49 GMT
03:32:49.815 [main] DEBUG com.github.dockerjava.zerodep.shaded.org.apache.hc.client5.http.headers - http-outgoing-2 << Transfer-Encoding: chunked
03:32:49.815 [main] DEBUG com.github.dockerjava.zerodep.shaded.org.apache.hc.client5.http.impl.classic.MainClientExec - ex-0000001F: connection can be kept alive for 3 MINUTES
03:32:49.818 [main] DEBUG com.github.dockerjava.zerodep.shaded.org.apache.hc.client5.http.impl.classic.InternalHttpClient - ep-0000001E: releasing valid endpoint
03:32:49.818 [main] DEBUG com.github.dockerjava.zerodep.shaded.org.apache.hc.client5.http.impl.io.PoolingHttpClientConnectionManager - ep-0000001E: releasing endpoint
03:32:49.818 [main] DEBUG com.github.dockerjava.zerodep.shaded.org.apache.hc.client5.http.impl.io.PoolingHttpClientConnectionManager - ep-0000001E: connection http-outgoing-2 can be kept alive for 3 MINUTES
03:32:49.818 [main] DEBUG com.github.dockerjava.zerodep.shaded.org.apache.hc.client5.http.impl.io.PoolingHttpClientConnectionManager - ep-0000001E: connection released [route: {}->unix://localhost:2375][total available: 1; route allocated: 1 of 2147483647; total allocated: 1 of 2147483647]
03:32:49.818 [main] DEBUG 🐳 [mysql:8.0] - Trying to create JDBC connection using com.mysql.cj.jdbc.Driver to jdbc:mysql://localhost:49160/test?useSSL=false&allowPublicKeyRetrieval=true with properties: {password=admin, user=admin}
03:32:49.920 [main] DEBUG org.testcontainers.shaded.com.github.dockerjava.core.command.AbstrDockerCmd - Cmd: 9691e31891711283f4d98263d11bc6156717d3e75a0b86a23f3b128a992c1f38,false
03:32:49.920 [main] DEBUG org.testcontainers.shaded.com.github.dockerjava.core.exec.InspectContainerCmdExec - GET: DefaultWebTarget{path=[/containers/9691e31891711283f4d98263d11bc6156717d3e75a0b86a23f3b128a992c1f38/json], queryParams={}}
03:32:49.921 [main] DEBUG com.github.dockerjava.zerodep.shaded.org.apache.hc.client5.http.impl.classic.InternalHttpClient - ex-00000020: preparing request execution
03:32:49.921 [main] DEBUG com.github.dockerjava.zerodep.shaded.org.apache.hc.client5.http.protocol.RequestAddCookies - Cookie spec selected: strict
03:32:49.921 [main] DEBUG com.github.dockerjava.zerodep.shaded.org.apache.hc.client5.http.protocol.RequestAuthCache - Auth cache not set in the context
03:32:49.921 [main] DEBUG com.github.dockerjava.zerodep.shaded.org.apache.hc.client5.http.impl.classic.ProtocolExec - ex-00000020: target auth state: UNCHALLENGED
03:32:49.921 [main] DEBUG com.github.dockerjava.zerodep.shaded.org.apache.hc.client5.http.impl.classic.ProtocolExec - ex-00000020: proxy auth state: UNCHALLENGED
03:32:49.921 [main] DEBUG com.github.dockerjava.zerodep.shaded.org.apache.hc.client5.http.impl.classic.ConnectExec - ex-00000020: acquiring connection with route {}->unix://localhost:2375
03:32:49.921 [main] DEBUG com.github.dockerjava.zerodep.shaded.org.apache.hc.client5.http.impl.classic.InternalHttpClient - ex-00000020: acquiring endpoint (3 MINUTES)
03:32:49.921 [main] DEBUG com.github.dockerjava.zerodep.shaded.org.apache.hc.client5.http.impl.io.PoolingHttpClientConnectionManager - ex-00000020: endpoint lease request (3 MINUTES) [route: {}->unix://localhost:2375][total available: 1; route allocated: 1 of 2147483647; total allocated: 1 of 2147483647]
03:32:49.921 [main] DEBUG com.github.dockerjava.zerodep.shaded.org.apache.hc.client5.http.impl.io.PoolingHttpClientConnectionManager - ex-00000020: endpoint leased [route: {}->unix://localhost:2375][total available: 0; route allocated: 1 of 2147483647; total allocated: 1 of 2147483647]
03:32:49.921 [main] DEBUG com.github.dockerjava.zerodep.shaded.org.apache.hc.client5.http.impl.io.PoolingHttpClientConnectionManager - ex-00000020: acquired ep-0000001F
03:32:49.921 [main] DEBUG com.github.dockerjava.zerodep.shaded.org.apache.hc.client5.http.impl.classic.InternalHttpClient - ex-00000020: acquired endpoint ep-0000001F
03:32:49.921 [main] DEBUG com.github.dockerjava.zerodep.shaded.org.apache.hc.client5.http.impl.classic.MainClientExec - ex-00000020: executing GET /v1.32/containers/9691e31891711283f4d98263d11bc6156717d3e75a0b86a23f3b128a992c1f38/json HTTP/1.1
03:32:49.921 [main] DEBUG com.github.dockerjava.zerodep.shaded.org.apache.hc.client5.http.impl.classic.InternalHttpClient - ep-0000001F: start execution ex-00000020
03:32:49.921 [main] DEBUG com.github.dockerjava.zerodep.shaded.org.apache.hc.client5.http.impl.io.PoolingHttpClientConnectionManager - ep-0000001F: executing exchange ex-00000020 over http-outgoing-2
03:32:49.921 [main] DEBUG com.github.dockerjava.zerodep.shaded.org.apache.hc.client5.http.headers - http-outgoing-2 >> GET /v1.32/containers/9691e31891711283f4d98263d11bc6156717d3e75a0b86a23f3b128a992c1f38/json HTTP/1.1
03:32:49.921 [main] DEBUG com.github.dockerjava.zerodep.shaded.org.apache.hc.client5.http.headers - http-outgoing-2 >> accept: application/json
03:32:49.921 [main] DEBUG com.github.dockerjava.zerodep.shaded.org.apache.hc.client5.http.headers - http-outgoing-2 >> Accept-Encoding: gzip, x-gzip, deflate
03:32:49.921 [main] DEBUG com.github.dockerjava.zerodep.shaded.org.apache.hc.client5.http.headers - http-outgoing-2 >> Host: localhost:2375
03:32:49.921 [main] DEBUG com.github.dockerjava.zerodep.shaded.org.apache.hc.client5.http.headers - http-outgoing-2 >> Connection: keep-alive
03:32:49.921 [main] DEBUG com.github.dockerjava.zerodep.shaded.org.apache.hc.client5.http.headers - http-outgoing-2 >> User-Agent: Apache-HttpClient/5.0.3 (Java/11.0.15)
03:32:49.922 [main] DEBUG com.github.dockerjava.zerodep.shaded.org.apache.hc.client5.http.wire - http-outgoing-2 >> "GET /v1.32/containers/9691e31891711283f4d98263d11bc6156717d3e75a0b86a23f3b128a992c1f38/json HTTP/1.1[\r][\n]"
03:32:49.922 [main] DEBUG com.github.dockerjava.zerodep.shaded.org.apache.hc.client5.http.wire - http-outgoing-2 >> "accept: application/json[\r][\n]"
03:32:49.922 [main] DEBUG com.github.dockerjava.zerodep.shaded.org.apache.hc.client5.http.wire - http-outgoing-2 >> "Accept-Encoding: gzip, x-gzip, deflate[\r][\n]"
03:32:49.922 [main] DEBUG com.github.dockerjava.zerodep.shaded.org.apache.hc.client5.http.wire - http-outgoing-2 >> "Host: localhost:2375[\r][\n]"
03:32:49.922 [main] DEBUG com.github.dockerjava.zerodep.shaded.org.apache.hc.client5.http.wire - http-outgoing-2 >> "Connection: keep-alive[\r][\n]"
03:32:49.922 [main] DEBUG com.github.dockerjava.zerodep.shaded.org.apache.hc.client5.http.wire - http-outgoing-2 >> "User-Agent: Apache-HttpClient/5.0.3 (Java/11.0.15)[\r][\n]"
03:32:49.922 [main] DEBUG com.github.dockerjava.zerodep.shaded.org.apache.hc.client5.http.wire - http-outgoing-2 >> "[\r][\n]"
03:32:49.922 [main] DEBUG com.github.dockerjava.zerodep.shaded.org.apache.hc.client5.http.wire - http-outgoing-2 << "HTTP/1.1 200 OK[\r][\n]"
03:32:49.922 [main] DEBUG com.github.dockerjava.zerodep.shaded.org.apache.hc.client5.http.wire - http-outgoing-2 << "Api-Version: 1.41[\r][\n]"
03:32:49.922 [main] DEBUG com.github.dockerjava.zerodep.shaded.org.apache.hc.client5.http.wire - http-outgoing-2 << "Content-Type: application/json[\r][\n]"
03:32:49.922 [main] DEBUG com.github.dockerjava.zerodep.shaded.org.apache.hc.client5.http.wire - http-outgoing-2 << "Docker-Experimental: false[\r][\n]"
03:32:49.922 [main] DEBUG com.github.dockerjava.zerodep.shaded.org.apache.hc.client5.http.wire - http-outgoing-2 << "Ostype: linux[\r][\n]"
03:32:49.922 [main] DEBUG com.github.dockerjava.zerodep.shaded.org.apache.hc.client5.http.wire - http-outgoing-2 << "Server: Docker/20.10.12 (linux)[\r][\n]"
03:32:49.922 [main] DEBUG com.github.dockerjava.zerodep.shaded.org.apache.hc.client5.http.wire - http-outgoing-2 << "Date: Thu, 23 Jun 2022 02:32:49 GMT[\r][\n]"
03:32:49.923 [main] DEBUG com.github.dockerjava.zerodep.shaded.org.apache.hc.client5.http.wire - http-outgoing-2 << "Transfer-Encoding: chunked[\r][\n]"
03:32:49.923 [main] DEBUG com.github.dockerjava.zerodep.shaded.org.apache.hc.client5.http.wire - http-outgoing-2 << "[\r][\n]"
03:32:49.923 [main] DEBUG com.github.dockerjava.zerodep.shaded.org.apache.hc.client5.http.wire - http-outgoing-2 << "18ed[\r][\n]"
03:32:49.923 [main] DEBUG com.github.dockerjava.zerodep.shaded.org.apache.hc.client5.http.wire - http-outgoing-2 << "{"Id":"9691e31891711283f4d98263d11bc6156717d3e75a0b86a23f3b128a992c1f38","Created":"2022-06-23T02:32:47.03956921Z","Path":"docker-entrypoint.sh","Args":["mysqld"],"State":{"Status":"running","Running":true,"Paused":false,"Restarting":false,"OOMKilled":false,"Dead":false,"Pid":66188,"ExitCode":0,"Error":"","StartedAt":"2022-06-23T02:32:47.703880551Z","FinishedAt":"0001-01-01T00:00:00Z"},"Image":"sha256:65b636d5542b73254ce90cc4b895597dc1adc2c661ca553c38eda159979dded1","ResolvConfPath":"/var/lib/docker/containers/9691e31891711283f4d98263d11bc6156717d3e75a0b86a23f3b128a992c1f38/resolv.conf","HostnamePath":"/var/lib/docker/containers/9691e31891711283f4d98263d11bc6156717d3e75a0b86a23f3b128a992c1f38/hostname","HostsPath":"/var/lib/docker/containers/9691e31891711283f4d98263d11bc6156717d3e75a0b86a23f3b128a992c1f38/hosts","LogPath":"/var/lib/docker/containers/9691e31891711283f4d98263d11bc6156717d3e75a0b86a23f3b128a992c1f38/9691e31891711283f4d98263d11bc6156717d3e75a0b86a23f3b128a992c1f38-json.log","Name":"/xenodochial_satoshi","RestartCount":0,"Driver":"overlay2","Platform":"linux","MountLabel":"","ProcessLabel":"","AppArmorProfile":"docker-default","ExecIDs":null,"HostConfig":{"Binds":[],"ContainerIDFile":"","LogConfig":{"Type":"json-file","Config":{}},"NetworkMode":"default","PortBindings":{"3306/tcp":[{"HostIp":"","HostPort":""}]},"RestartPolicy":{"Name":"","MaximumRetryCount":0},"AutoRemove":false,"VolumeDriver":"","VolumesFrom":[],"CapAdd":null,"CapDrop":null,"CgroupnsMode":"host","Dns":null,"DnsOptions":null,"DnsSearch":null,"ExtraHosts":[],"GroupAdd":null,"IpcMode":"shareable","Cgroup":"","Links":null,"OomScoreAdj":0,"PidMode":"","Privileged":false,"PublishAllPorts":false,"ReadonlyRootfs":false,"SecurityOpt":null,"UTSMode":"","UsernsMode":"","ShmSize":67108864,"Runtime":"runc","ConsoleSize":[0,0],"Isolation":"","CpuShares":0,"Memory":0,"NanoCpus":0,"CgroupParent":"","BlkioWeight":0,"BlkioWeightDevice":null,"BlkioDeviceReadBps":null,"BlkioDeviceWriteBps":null,"BlkioDeviceReadIOps":null,"BlkioDeviceWriteIOps":null,"CpuPeriod":0,"CpuQuota":0,"CpuRealtimePeriod":0,"CpuRealtimeRuntime":0,"CpusetCpus":"","CpusetMems":"","Devices":null,"DeviceCgroupRules":null,"DeviceRequests":null,"KernelMemory":0,"KernelMemoryTCP":0,"MemoryReservation":0,"MemorySwap":0,"MemorySwappiness":null,"OomKillDisable":false,"PidsLimit":null,"Ulimits":null,"CpuCount":0,"CpuPercent":0,"IOMaximumIOps":0,"IOMaximumBandwidth":0,"MaskedPaths":["/proc/asound","/proc/acpi","/proc/kcore","/proc/keys","/proc/latency_stats","/proc/timer_list","/proc/timer_stats","/proc/sched_debug","/proc/scsi","/sys/firmware"],"ReadonlyPaths":["/proc/bus","/proc/fs","/proc/irq","/proc/sys","/proc/sysrq-trigger"]},"GraphDriver":{"Data":{"LowerDir":"/var/lib/docker/overlay2/5529564f52cf969e31e7a1482c27be7ffed19639b506ae2e15b7e7115f699a73-init/diff:/var/lib/docker/overlay2/833a665819b5d9728d3efa7c33135034345a24f83af53b1a1af33d9b64f5492a/diff:/var/lib/docker/overlay2/bd4a2a46c227c2f15475b08c398f37acaab93f4fdba31de015d730efae0a0cfc/diff:/var/lib/docker/overlay2/31ad437d7cba8e64428a2b62db1bbb2a2ec19ca4e439ec493ef4deb50dce2783/diff:/var/lib/docker/overlay2/35173cbd8ec5b88a8888e9abbe75f8694f5d3f96a9b781bb70dc1f0889685741/diff:/var/lib/docker/overlay2/24bf69ac4e8c81062fee44e7c9f746fffbb139c3f7f4b55b4fd1b23bb101b529/diff:/var/lib/docker/overlay2/2f27c96a7775dad186b6f0da325d5a251c80aa1b7f80cf8520f493c5154aee70/diff:/var/lib/docker/overlay2/463a60088c72ddbea82639ded15801e35a79c443f6a26bf1baf320c683cb06af/diff:/var/lib/docker/overlay2/80b8224b23a2ee4b5be635c58ae579fd1913aa95558cd66ab2f5e8430f00a5b8/diff:/var/lib/docker/overlay2/20451fa0b1a07b85d665bc3a0359d721ce4e4c28fa3bce7456ab25e0babae708/diff:/var/lib/docker/overlay2/f80d865cbc6c1c6f57d0963fa6234e7a6409e079eb17f4f13ca41d02731701ad/diff:/var/lib/docker/overlay2/5a3029e0b57c6ec9b985871ff6adf08356aaa0f2a15f1e34c1a7f116ecc4a61d/diff:/var/lib/docker/overlay2/4f3423103248d0b381a1bc6a7287e2b42313ff458cea602a02b7379014b03e0e/diff","MergedDir":"/var/lib/docker/overlay2/5529564f52cf969e31e7a1482c27be7ffed19639b506ae2e15b7e7115f699a73/merged","UpperDir":"/var/lib/docker/overlay2/5529564f52cf969e31e7a1482c27be7ffed19639b506ae2e15b7e7115f699a73/diff","WorkDir":"/var/lib/docker/overlay2/5529564f52cf969e31e7a1482c27be7ffed19639b506ae2e15b7e7115f699a73/work"},"Name":"overlay2"},"Mounts":[{"Type":"volume","Name":"fd1f613c7fe3ca3ae799982507ac3f565cc9f6a2dc99ceaed92389e2c43f47d1","Source":"/var/lib/docker/volumes/fd1f613c7fe3ca3ae799982507ac3f565cc9f6a2dc99ceaed92389e2c43f47d1/_data","Destination":"/var/lib/mysql","Driver":"local","Mode":"","RW":true,"Propagation":""}],"Config":{"Hostname":"9691e3189171","Domainname":"","User":"","AttachStdin":false,"AttachStdout":false,"AttachStderr":false,"ExposedPorts":{"3306/tcp":{},"33060/tcp":{}},"Tty":false,"OpenStdin":false,"StdinOnce":false,"Env":["MYSQL_DATABASE=test","MYSQL_PASSWORD=admin","MYSQL_USER=admin","MYSQL_ROOT_PASSWORD=admin","PATH=/usr/local/sbin:/usr/local/bin:/usr/sbin:/usr/bin:/sbin:/bin","GOSU_VERSION=1.14","MYSQL_MAJOR=8.0","MYSQL_VERSION=8.0.29-1debian10"],"Cmd":["mysqld"],"Image":"mysql:8.0","Volumes":{"/var/lib/mysql":{}},"WorkingDir":"","Entrypoint":["docker-entrypoint.sh"],"OnBuild":null,"Labels":{"org.testcontainers":"true","org.testcontainers.sessionId":"d48265e4-2b28-4f8c-aa67-76dd8289af84"}},"NetworkSettings":{"Bridge":"","SandboxID":"d9de8570fe3f0a4e9f3a1ff7101c963bbd2c6a0a9d8a867b96f17f4d5edca537","HairpinMode":false,"LinkLocalIPv6Address":"","LinkLocalIPv6PrefixLen":0,"Ports":{"3306/tcp":[{"HostIp":"0.0.0.0","HostPort":"49160"},{"HostIp":"::","HostPort":"49160"}],"33060/tcp":null},"SandboxKey":"/var/run/docker/netns/d9de8570fe3f","SecondaryIPAddresses":null,"SecondaryIPv6Addresses":null,"EndpointID":"93e8fe159f683a98670e8995677c2b130dbce857fc116679206e206bda319cbf","Gateway":"172.17.0.1","GlobalIPv6Address":"","GlobalIPv6PrefixLen":0,"IPAddress":"172.17.0.3","IPPrefixLen":16,"IPv6Gateway":"","MacAddress":"02:42:ac:11:00:03","Networks":{"bridge":{"IPAMConfig":null,"Links":null,"Aliases":null,"NetworkID":"1853cd2b9856825cc97ed9ef2b12efa82d95bf9cf60ad666c276eb35cc53539e","EndpointID":"93e8fe159f683a98670e8995677c2b130dbce857fc116679206e206bda319cbf","Gateway":"172.17.0.1","IPAddress":"172.17.0.3","IPPrefixLen":16,"IPv6Gateway":"","GlobalIPv6Address":"","GlobalIPv6PrefixLen":0,"MacAddress":"02:42:ac:11:00:03","DriverOpts":null}}}}[\n]"
03:32:49.923 [main] DEBUG com.github.dockerjava.zerodep.shaded.org.apache.hc.client5.http.wire - http-outgoing-2 << "[\r][\n]"
03:32:49.923 [main] DEBUG com.github.dockerjava.zerodep.shaded.org.apache.hc.client5.http.wire - http-outgoing-2 << "0[\r][\n]"
03:32:49.923 [main] DEBUG com.github.dockerjava.zerodep.shaded.org.apache.hc.client5.http.wire - http-outgoing-2 << "[\r][\n]"
03:32:49.923 [main] DEBUG com.github.dockerjava.zerodep.shaded.org.apache.hc.client5.http.headers - http-outgoing-2 << HTTP/1.1 200 OK
03:32:49.923 [main] DEBUG com.github.dockerjava.zerodep.shaded.org.apache.hc.client5.http.headers - http-outgoing-2 << Api-Version: 1.41
03:32:49.923 [main] DEBUG com.github.dockerjava.zerodep.shaded.org.apache.hc.client5.http.headers - http-outgoing-2 << Content-Type: application/json
03:32:49.923 [main] DEBUG com.github.dockerjava.zerodep.shaded.org.apache.hc.client5.http.headers - http-outgoing-2 << Docker-Experimental: false
03:32:49.923 [main] DEBUG com.github.dockerjava.zerodep.shaded.org.apache.hc.client5.http.headers - http-outgoing-2 << Ostype: linux
03:32:49.923 [main] DEBUG com.github.dockerjava.zerodep.shaded.org.apache.hc.client5.http.headers - http-outgoing-2 << Server: Docker/20.10.12 (linux)
03:32:49.923 [main] DEBUG com.github.dockerjava.zerodep.shaded.org.apache.hc.client5.http.headers - http-outgoing-2 << Date: Thu, 23 Jun 2022 02:32:49 GMT
03:32:49.923 [main] DEBUG com.github.dockerjava.zerodep.shaded.org.apache.hc.client5.http.headers - http-outgoing-2 << Transfer-Encoding: chunked
03:32:49.923 [main] DEBUG com.github.dockerjava.zerodep.shaded.org.apache.hc.client5.http.impl.classic.MainClientExec - ex-00000020: connection can be kept alive for 3 MINUTES
03:32:49.926 [main] DEBUG com.github.dockerjava.zerodep.shaded.org.apache.hc.client5.http.impl.classic.InternalHttpClient - ep-0000001F: releasing valid endpoint
03:32:49.926 [main] DEBUG com.github.dockerjava.zerodep.shaded.org.apache.hc.client5.http.impl.io.PoolingHttpClientConnectionManager - ep-0000001F: releasing endpoint
03:32:49.927 [main] DEBUG com.github.dockerjava.zerodep.shaded.org.apache.hc.client5.http.impl.io.PoolingHttpClientConnectionManager - ep-0000001F: connection http-outgoing-2 can be kept alive for 3 MINUTES
03:32:49.927 [main] DEBUG com.github.dockerjava.zerodep.shaded.org.apache.hc.client5.http.impl.io.PoolingHttpClientConnectionManager - ep-0000001F: connection released [route: {}->unix://localhost:2375][total available: 1; route allocated: 1 of 2147483647; total allocated: 1 of 2147483647]
03:32:49.927 [main] DEBUG 🐳 [mysql:8.0] - Trying to create JDBC connection using com.mysql.cj.jdbc.Driver to jdbc:mysql://localhost:49160/test?useSSL=false&allowPublicKeyRetrieval=true with properties: {password=admin, user=admin}
03:32:50.029 [main] DEBUG org.testcontainers.shaded.com.github.dockerjava.core.command.AbstrDockerCmd - Cmd: 9691e31891711283f4d98263d11bc6156717d3e75a0b86a23f3b128a992c1f38,false
03:32:50.029 [main] DEBUG org.testcontainers.shaded.com.github.dockerjava.core.exec.InspectContainerCmdExec - GET: DefaultWebTarget{path=[/containers/9691e31891711283f4d98263d11bc6156717d3e75a0b86a23f3b128a992c1f38/json], queryParams={}}
03:32:50.029 [main] DEBUG com.github.dockerjava.zerodep.shaded.org.apache.hc.client5.http.impl.classic.InternalHttpClient - ex-00000021: preparing request execution
03:32:50.029 [main] DEBUG com.github.dockerjava.zerodep.shaded.org.apache.hc.client5.http.protocol.RequestAddCookies - Cookie spec selected: strict
03:32:50.030 [main] DEBUG com.github.dockerjava.zerodep.shaded.org.apache.hc.client5.http.protocol.RequestAuthCache - Auth cache not set in the context
03:32:50.030 [main] DEBUG com.github.dockerjava.zerodep.shaded.org.apache.hc.client5.http.impl.classic.ProtocolExec - ex-00000021: target auth state: UNCHALLENGED
03:32:50.030 [main] DEBUG com.github.dockerjava.zerodep.shaded.org.apache.hc.client5.http.impl.classic.ProtocolExec - ex-00000021: proxy auth state: UNCHALLENGED
03:32:50.030 [main] DEBUG com.github.dockerjava.zerodep.shaded.org.apache.hc.client5.http.impl.classic.ConnectExec - ex-00000021: acquiring connection with route {}->unix://localhost:2375
03:32:50.030 [main] DEBUG com.github.dockerjava.zerodep.shaded.org.apache.hc.client5.http.impl.classic.InternalHttpClient - ex-00000021: acquiring endpoint (3 MINUTES)
03:32:50.030 [main] DEBUG com.github.dockerjava.zerodep.shaded.org.apache.hc.client5.http.impl.io.PoolingHttpClientConnectionManager - ex-00000021: endpoint lease request (3 MINUTES) [route: {}->unix://localhost:2375][total available: 1; route allocated: 1 of 2147483647; total allocated: 1 of 2147483647]
03:32:50.030 [main] DEBUG com.github.dockerjava.zerodep.shaded.org.apache.hc.client5.http.impl.io.PoolingHttpClientConnectionManager - ex-00000021: endpoint leased [route: {}->unix://localhost:2375][total available: 0; route allocated: 1 of 2147483647; total allocated: 1 of 2147483647]
03:32:50.030 [main] DEBUG com.github.dockerjava.zerodep.shaded.org.apache.hc.client5.http.impl.io.PoolingHttpClientConnectionManager - ex-00000021: acquired ep-00000020
03:32:50.030 [main] DEBUG com.github.dockerjava.zerodep.shaded.org.apache.hc.client5.http.impl.classic.InternalHttpClient - ex-00000021: acquired endpoint ep-00000020
03:32:50.030 [main] DEBUG com.github.dockerjava.zerodep.shaded.org.apache.hc.client5.http.impl.classic.MainClientExec - ex-00000021: executing GET /v1.32/containers/9691e31891711283f4d98263d11bc6156717d3e75a0b86a23f3b128a992c1f38/json HTTP/1.1
03:32:50.030 [main] DEBUG com.github.dockerjava.zerodep.shaded.org.apache.hc.client5.http.impl.classic.InternalHttpClient - ep-00000020: start execution ex-00000021
03:32:50.030 [main] DEBUG com.github.dockerjava.zerodep.shaded.org.apache.hc.client5.http.impl.io.PoolingHttpClientConnectionManager - ep-00000020: executing exchange ex-00000021 over http-outgoing-2
03:32:50.030 [main] DEBUG com.github.dockerjava.zerodep.shaded.org.apache.hc.client5.http.headers - http-outgoing-2 >> GET /v1.32/containers/9691e31891711283f4d98263d11bc6156717d3e75a0b86a23f3b128a992c1f38/json HTTP/1.1
03:32:50.030 [main] DEBUG com.github.dockerjava.zerodep.shaded.org.apache.hc.client5.http.headers - http-outgoing-2 >> accept: application/json
03:32:50.030 [main] DEBUG com.github.dockerjava.zerodep.shaded.org.apache.hc.client5.http.headers - http-outgoing-2 >> Accept-Encoding: gzip, x-gzip, deflate
03:32:50.030 [main] DEBUG com.github.dockerjava.zerodep.shaded.org.apache.hc.client5.http.headers - http-outgoing-2 >> Host: localhost:2375
03:32:50.030 [main] DEBUG com.github.dockerjava.zerodep.shaded.org.apache.hc.client5.http.headers - http-outgoing-2 >> Connection: keep-alive
03:32:50.030 [main] DEBUG com.github.dockerjava.zerodep.shaded.org.apache.hc.client5.http.headers - http-outgoing-2 >> User-Agent: Apache-HttpClient/5.0.3 (Java/11.0.15)
03:32:50.030 [main] DEBUG com.github.dockerjava.zerodep.shaded.org.apache.hc.client5.http.wire - http-outgoing-2 >> "GET /v1.32/containers/9691e31891711283f4d98263d11bc6156717d3e75a0b86a23f3b128a992c1f38/json HTTP/1.1[\r][\n]"
03:32:50.030 [main] DEBUG com.github.dockerjava.zerodep.shaded.org.apache.hc.client5.http.wire - http-outgoing-2 >> "accept: application/json[\r][\n]"
03:32:50.030 [main] DEBUG com.github.dockerjava.zerodep.shaded.org.apache.hc.client5.http.wire - http-outgoing-2 >> "Accept-Encoding: gzip, x-gzip, deflate[\r][\n]"
03:32:50.030 [main] DEBUG com.github.dockerjava.zerodep.shaded.org.apache.hc.client5.http.wire - http-outgoing-2 >> "Host: localhost:2375[\r][\n]"
03:32:50.030 [main] DEBUG com.github.dockerjava.zerodep.shaded.org.apache.hc.client5.http.wire - http-outgoing-2 >> "Connection: keep-alive[\r][\n]"
03:32:50.030 [main] DEBUG com.github.dockerjava.zerodep.shaded.org.apache.hc.client5.http.wire - http-outgoing-2 >> "User-Agent: Apache-HttpClient/5.0.3 (Java/11.0.15)[\r][\n]"
03:32:50.030 [main] DEBUG com.github.dockerjava.zerodep.shaded.org.apache.hc.client5.http.wire - http-outgoing-2 >> "[\r][\n]"
03:32:50.031 [main] DEBUG com.github.dockerjava.zerodep.shaded.org.apache.hc.client5.http.wire - http-outgoing-2 << "HTTP/1.1 200 OK[\r][\n]"
03:32:50.031 [main] DEBUG com.github.dockerjava.zerodep.shaded.org.apache.hc.client5.http.wire - http-outgoing-2 << "Api-Version: 1.41[\r][\n]"
03:32:50.031 [main] DEBUG com.github.dockerjava.zerodep.shaded.org.apache.hc.client5.http.wire - http-outgoing-2 << "Content-Type: application/json[\r][\n]"
03:32:50.031 [main] DEBUG com.github.dockerjava.zerodep.shaded.org.apache.hc.client5.http.wire - http-outgoing-2 << "Docker-Experimental: false[\r][\n]"
03:32:50.031 [main] DEBUG com.github.dockerjava.zerodep.shaded.org.apache.hc.client5.http.wire - http-outgoing-2 << "Ostype: linux[\r][\n]"
03:32:50.031 [main] DEBUG com.github.dockerjava.zerodep.shaded.org.apache.hc.client5.http.wire - http-outgoing-2 << "Server: Docker/20.10.12 (linux)[\r][\n]"
03:32:50.031 [main] DEBUG com.github.dockerjava.zerodep.shaded.org.apache.hc.client5.http.wire - http-outgoing-2 << "Date: Thu, 23 Jun 2022 02:32:50 GMT[\r][\n]"
03:32:50.031 [main] DEBUG com.github.dockerjava.zerodep.shaded.org.apache.hc.client5.http.wire - http-outgoing-2 << "Transfer-Encoding: chunked[\r][\n]"
03:32:50.031 [main] DEBUG com.github.dockerjava.zerodep.shaded.org.apache.hc.client5.http.wire - http-outgoing-2 << "[\r][\n]"
03:32:50.031 [main] DEBUG com.github.dockerjava.zerodep.shaded.org.apache.hc.client5.http.wire - http-outgoing-2 << "18ed[\r][\n]"
03:32:50.031 [main] DEBUG com.github.dockerjava.zerodep.shaded.org.apache.hc.client5.http.wire - http-outgoing-2 << "{"Id":"9691e31891711283f4d98263d11bc6156717d3e75a0b86a23f3b128a992c1f38","Created":"2022-06-23T02:32:47.03956921Z","Path":"docker-entrypoint.sh","Args":["mysqld"],"State":{"Status":"running","Running":true,"Paused":false,"Restarting":false,"OOMKilled":false,"Dead":false,"Pid":66188,"ExitCode":0,"Error":"","StartedAt":"2022-06-23T02:32:47.703880551Z","FinishedAt":"0001-01-01T00:00:00Z"},"Image":"sha256:65b636d5542b73254ce90cc4b895597dc1adc2c661ca553c38eda159979dded1","ResolvConfPath":"/var/lib/docker/containers/9691e31891711283f4d98263d11bc6156717d3e75a0b86a23f3b128a992c1f38/resolv.conf","HostnamePath":"/var/lib/docker/containers/9691e31891711283f4d98263d11bc6156717d3e75a0b86a23f3b128a992c1f38/hostname","HostsPath":"/var/lib/docker/containers/9691e31891711283f4d98263d11bc6156717d3e75a0b86a23f3b128a992c1f38/hosts","LogPath":"/var/lib/docker/containers/9691e31891711283f4d98263d11bc6156717d3e75a0b86a23f3b128a992c1f38/9691e31891711283f4d98263d11bc6156717d3e75a0b86a23f3b128a992c1f38-json.log","Name":"/xenodochial_satoshi","RestartCount":0,"Driver":"overlay2","Platform":"linux","MountLabel":"","ProcessLabel":"","AppArmorProfile":"docker-default","ExecIDs":null,"HostConfig":{"Binds":[],"ContainerIDFile":"","LogConfig":{"Type":"json-file","Config":{}},"NetworkMode":"default","PortBindings":{"3306/tcp":[{"HostIp":"","HostPort":""}]},"RestartPolicy":{"Name":"","MaximumRetryCount":0},"AutoRemove":false,"VolumeDriver":"","VolumesFrom":[],"CapAdd":null,"CapDrop":null,"CgroupnsMode":"host","Dns":null,"DnsOptions":null,"DnsSearch":null,"ExtraHosts":[],"GroupAdd":null,"IpcMode":"shareable","Cgroup":"","Links":null,"OomScoreAdj":0,"PidMode":"","Privileged":false,"PublishAllPorts":false,"ReadonlyRootfs":false,"SecurityOpt":null,"UTSMode":"","UsernsMode":"","ShmSize":67108864,"Runtime":"runc","ConsoleSize":[0,0],"Isolation":"","CpuShares":0,"Memory":0,"NanoCpus":0,"CgroupParent":"","BlkioWeight":0,"BlkioWeightDevice":null,"BlkioDeviceReadBps":null,"BlkioDeviceWriteBps":null,"BlkioDeviceReadIOps":null,"BlkioDeviceWriteIOps":null,"CpuPeriod":0,"CpuQuota":0,"CpuRealtimePeriod":0,"CpuRealtimeRuntime":0,"CpusetCpus":"","CpusetMems":"","Devices":null,"DeviceCgroupRules":null,"DeviceRequests":null,"KernelMemory":0,"KernelMemoryTCP":0,"MemoryReservation":0,"MemorySwap":0,"MemorySwappiness":null,"OomKillDisable":false,"PidsLimit":null,"Ulimits":null,"CpuCount":0,"CpuPercent":0,"IOMaximumIOps":0,"IOMaximumBandwidth":0,"MaskedPaths":["/proc/asound","/proc/acpi","/proc/kcore","/proc/keys","/proc/latency_stats","/proc/timer_list","/proc/timer_stats","/proc/sched_debug","/proc/scsi","/sys/firmware"],"ReadonlyPaths":["/proc/bus","/proc/fs","/proc/irq","/proc/sys","/proc/sysrq-trigger"]},"GraphDriver":{"Data":{"LowerDir":"/var/lib/docker/overlay2/5529564f52cf969e31e7a1482c27be7ffed19639b506ae2e15b7e7115f699a73-init/diff:/var/lib/docker/overlay2/833a665819b5d9728d3efa7c33135034345a24f83af53b1a1af33d9b64f5492a/diff:/var/lib/docker/overlay2/bd4a2a46c227c2f15475b08c398f37acaab93f4fdba31de015d730efae0a0cfc/diff:/var/lib/docker/overlay2/31ad437d7cba8e64428a2b62db1bbb2a2ec19ca4e439ec493ef4deb50dce2783/diff:/var/lib/docker/overlay2/35173cbd8ec5b88a8888e9abbe75f8694f5d3f96a9b781bb70dc1f0889685741/diff:/var/lib/docker/overlay2/24bf69ac4e8c81062fee44e7c9f746fffbb139c3f7f4b55b4fd1b23bb101b529/diff:/var/lib/docker/overlay2/2f27c96a7775dad186b6f0da325d5a251c80aa1b7f80cf8520f493c5154aee70/diff:/var/lib/docker/overlay2/463a60088c72ddbea82639ded15801e35a79c443f6a26bf1baf320c683cb06af/diff:/var/lib/docker/overlay2/80b8224b23a2ee4b5be635c58ae579fd1913aa95558cd66ab2f5e8430f00a5b8/diff:/var/lib/docker/overlay2/20451fa0b1a07b85d665bc3a0359d721ce4e4c28fa3bce7456ab25e0babae708/diff:/var/lib/docker/overlay2/f80d865cbc6c1c6f57d0963fa6234e7a6409e079eb17f4f13ca41d02731701ad/diff:/var/lib/docker/overlay2/5a3029e0b57c6ec9b985871ff6adf08356aaa0f2a15f1e34c1a7f116ecc4a61d/diff:/var/lib/docker/overlay2/4f3423103248d0b381a1bc6a7287e2b42313ff458cea602a02b7379014b03e0e/diff","MergedDir":"/var/lib/docker/overlay2/5529564f52cf969e31e7a1482c27be7ffed19639b506ae2e15b7e7115f699a73/merged","UpperDir":"/var/lib/docker/overlay2/5529564f52cf969e31e7a1482c27be7ffed19639b506ae2e15b7e7115f699a73/diff","WorkDir":"/var/lib/docker/overlay2/5529564f52cf969e31e7a1482c27be7ffed19639b506ae2e15b7e7115f699a73/work"},"Name":"overlay2"},"Mounts":[{"Type":"volume","Name":"fd1f613c7fe3ca3ae799982507ac3f565cc9f6a2dc99ceaed92389e2c43f47d1","Source":"/var/lib/docker/volumes/fd1f613c7fe3ca3ae799982507ac3f565cc9f6a2dc99ceaed92389e2c43f47d1/_data","Destination":"/var/lib/mysql","Driver":"local","Mode":"","RW":true,"Propagation":""}],"Config":{"Hostname":"9691e3189171","Domainname":"","User":"","AttachStdin":false,"AttachStdout":false,"AttachStderr":false,"ExposedPorts":{"3306/tcp":{},"33060/tcp":{}},"Tty":false,"OpenStdin":false,"StdinOnce":false,"Env":["MYSQL_DATABASE=test","MYSQL_PASSWORD=admin","MYSQL_USER=admin","MYSQL_ROOT_PASSWORD=admin","PATH=/usr/local/sbin:/usr/local/bin:/usr/sbin:/usr/bin:/sbin:/bin","GOSU_VERSION=1.14","MYSQL_MAJOR=8.0","MYSQL_VERSION=8.0.29-1debian10"],"Cmd":["mysqld"],"Image":"mysql:8.0","Volumes":{"/var/lib/mysql":{}},"WorkingDir":"","Entrypoint":["docker-entrypoint.sh"],"OnBuild":null,"Labels":{"org.testcontainers":"true","org.testcontainers.sessionId":"d48265e4-2b28-4f8c-aa67-76dd8289af84"}},"NetworkSettings":{"Bridge":"","SandboxID":"d9de8570fe3f0a4e9f3a1ff7101c963bbd2c6a0a9d8a867b96f17f4d5edca537","HairpinMode":false,"LinkLocalIPv6Address":"","LinkLocalIPv6PrefixLen":0,"Ports":{"3306/tcp":[{"HostIp":"0.0.0.0","HostPort":"49160"},{"HostIp":"::","HostPort":"49160"}],"33060/tcp":null},"SandboxKey":"/var/run/docker/netns/d9de8570fe3f","SecondaryIPAddresses":null,"SecondaryIPv6Addresses":null,"EndpointID":"93e8fe159f683a98670e8995677c2b130dbce857fc116679206e206bda319cbf","Gateway":"172.17.0.1","GlobalIPv6Address":"","GlobalIPv6PrefixLen":0,"IPAddress":"172.17.0.3","IPPrefixLen":16,"IPv6Gateway":"","MacAddress":"02:42:ac:11:00:03","Networks":{"bridge":{"IPAMConfig":null,"Links":null,"Aliases":null,"NetworkID":"1853cd2b9856825cc97ed9ef2b12efa82d95bf9cf60ad666c276eb35cc53539e","EndpointID":"93e8fe159f683a98670e8995677c2b130dbce857fc116679206e206bda319cbf","Gateway":"172.17.0.1","IPAddress":"172.17.0.3","IPPrefixLen":16,"IPv6Gateway":"","GlobalIPv6Address":"","GlobalIPv6PrefixLen":0,"MacAddress":"02:42:ac:11:00:03","DriverOpts":null}}}}[\n]"
03:32:50.031 [main] DEBUG com.github.dockerjava.zerodep.shaded.org.apache.hc.client5.http.wire - http-outgoing-2 << "[\r][\n]"
03:32:50.031 [main] DEBUG com.github.dockerjava.zerodep.shaded.org.apache.hc.client5.http.wire - http-outgoing-2 << "0[\r][\n]"
03:32:50.031 [main] DEBUG com.github.dockerjava.zerodep.shaded.org.apache.hc.client5.http.wire - http-outgoing-2 << "[\r][\n]"
03:32:50.031 [main] DEBUG com.github.dockerjava.zerodep.shaded.org.apache.hc.client5.http.headers - http-outgoing-2 << HTTP/1.1 200 OK
03:32:50.031 [main] DEBUG com.github.dockerjava.zerodep.shaded.org.apache.hc.client5.http.headers - http-outgoing-2 << Api-Version: 1.41
03:32:50.031 [main] DEBUG com.github.dockerjava.zerodep.shaded.org.apache.hc.client5.http.headers - http-outgoing-2 << Content-Type: application/json
03:32:50.031 [main] DEBUG com.github.dockerjava.zerodep.shaded.org.apache.hc.client5.http.headers - http-outgoing-2 << Docker-Experimental: false
03:32:50.031 [main] DEBUG com.github.dockerjava.zerodep.shaded.org.apache.hc.client5.http.headers - http-outgoing-2 << Ostype: linux
03:32:50.031 [main] DEBUG com.github.dockerjava.zerodep.shaded.org.apache.hc.client5.http.headers - http-outgoing-2 << Server: Docker/20.10.12 (linux)
03:32:50.032 [main] DEBUG com.github.dockerjava.zerodep.shaded.org.apache.hc.client5.http.headers - http-outgoing-2 << Date: Thu, 23 Jun 2022 02:32:50 GMT
03:32:50.032 [main] DEBUG com.github.dockerjava.zerodep.shaded.org.apache.hc.client5.http.headers - http-outgoing-2 << Transfer-Encoding: chunked
03:32:50.032 [main] DEBUG com.github.dockerjava.zerodep.shaded.org.apache.hc.client5.http.impl.classic.MainClientExec - ex-00000021: connection can be kept alive for 3 MINUTES
03:32:50.037 [main] DEBUG com.github.dockerjava.zerodep.shaded.org.apache.hc.client5.http.impl.classic.InternalHttpClient - ep-00000020: releasing valid endpoint
03:32:50.037 [main] DEBUG com.github.dockerjava.zerodep.shaded.org.apache.hc.client5.http.impl.io.PoolingHttpClientConnectionManager - ep-00000020: releasing endpoint
03:32:50.037 [main] DEBUG com.github.dockerjava.zerodep.shaded.org.apache.hc.client5.http.impl.io.PoolingHttpClientConnectionManager - ep-00000020: connection http-outgoing-2 can be kept alive for 3 MINUTES
03:32:50.037 [main] DEBUG com.github.dockerjava.zerodep.shaded.org.apache.hc.client5.http.impl.io.PoolingHttpClientConnectionManager - ep-00000020: connection released [route: {}->unix://localhost:2375][total available: 1; route allocated: 1 of 2147483647; total allocated: 1 of 2147483647]
03:32:50.037 [main] DEBUG 🐳 [mysql:8.0] - Trying to create JDBC connection using com.mysql.cj.jdbc.Driver to jdbc:mysql://localhost:49160/test?useSSL=false&allowPublicKeyRetrieval=true with properties: {password=admin, user=admin}
03:32:50.141 [main] DEBUG org.testcontainers.shaded.com.github.dockerjava.core.command.AbstrDockerCmd - Cmd: 9691e31891711283f4d98263d11bc6156717d3e75a0b86a23f3b128a992c1f38,false
03:32:50.141 [main] DEBUG org.testcontainers.shaded.com.github.dockerjava.core.exec.InspectContainerCmdExec - GET: DefaultWebTarget{path=[/containers/9691e31891711283f4d98263d11bc6156717d3e75a0b86a23f3b128a992c1f38/json], queryParams={}}
03:32:50.142 [main] DEBUG com.github.dockerjava.zerodep.shaded.org.apache.hc.client5.http.impl.classic.InternalHttpClient - ex-00000022: preparing request execution
03:32:50.142 [main] DEBUG com.github.dockerjava.zerodep.shaded.org.apache.hc.client5.http.protocol.RequestAddCookies - Cookie spec selected: strict
03:32:50.142 [main] DEBUG com.github.dockerjava.zerodep.shaded.org.apache.hc.client5.http.protocol.RequestAuthCache - Auth cache not set in the context
03:32:50.142 [main] DEBUG com.github.dockerjava.zerodep.shaded.org.apache.hc.client5.http.impl.classic.ProtocolExec - ex-00000022: target auth state: UNCHALLENGED
03:32:50.142 [main] DEBUG com.github.dockerjava.zerodep.shaded.org.apache.hc.client5.http.impl.classic.ProtocolExec - ex-00000022: proxy auth state: UNCHALLENGED
03:32:50.142 [main] DEBUG com.github.dockerjava.zerodep.shaded.org.apache.hc.client5.http.impl.classic.ConnectExec - ex-00000022: acquiring connection with route {}->unix://localhost:2375
03:32:50.142 [main] DEBUG com.github.dockerjava.zerodep.shaded.org.apache.hc.client5.http.impl.classic.InternalHttpClient - ex-00000022: acquiring endpoint (3 MINUTES)
03:32:50.142 [main] DEBUG com.github.dockerjava.zerodep.shaded.org.apache.hc.client5.http.impl.io.PoolingHttpClientConnectionManager - ex-00000022: endpoint lease request (3 MINUTES) [route: {}->unix://localhost:2375][total available: 1; route allocated: 1 of 2147483647; total allocated: 1 of 2147483647]
03:32:50.142 [main] DEBUG com.github.dockerjava.zerodep.shaded.org.apache.hc.client5.http.impl.io.PoolingHttpClientConnectionManager - ex-00000022: endpoint leased [route: {}->unix://localhost:2375][total available: 0; route allocated: 1 of 2147483647; total allocated: 1 of 2147483647]
03:32:50.142 [main] DEBUG com.github.dockerjava.zerodep.shaded.org.apache.hc.client5.http.impl.io.PoolingHttpClientConnectionManager - ex-00000022: acquired ep-00000021
03:32:50.142 [main] DEBUG com.github.dockerjava.zerodep.shaded.org.apache.hc.client5.http.impl.classic.InternalHttpClient - ex-00000022: acquired endpoint ep-00000021
03:32:50.142 [main] DEBUG com.github.dockerjava.zerodep.shaded.org.apache.hc.client5.http.impl.classic.MainClientExec - ex-00000022: executing GET /v1.32/containers/9691e31891711283f4d98263d11bc6156717d3e75a0b86a23f3b128a992c1f38/json HTTP/1.1
03:32:50.142 [main] DEBUG com.github.dockerjava.zerodep.shaded.org.apache.hc.client5.http.impl.classic.InternalHttpClient - ep-00000021: start execution ex-00000022
03:32:50.142 [main] DEBUG com.github.dockerjava.zerodep.shaded.org.apache.hc.client5.http.impl.io.PoolingHttpClientConnectionManager - ep-00000021: executing exchange ex-00000022 over http-outgoing-2
03:32:50.143 [main] DEBUG com.github.dockerjava.zerodep.shaded.org.apache.hc.client5.http.headers - http-outgoing-2 >> GET /v1.32/containers/9691e31891711283f4d98263d11bc6156717d3e75a0b86a23f3b128a992c1f38/json HTTP/1.1
03:32:50.143 [main] DEBUG com.github.dockerjava.zerodep.shaded.org.apache.hc.client5.http.headers - http-outgoing-2 >> accept: application/json
03:32:50.143 [main] DEBUG com.github.dockerjava.zerodep.shaded.org.apache.hc.client5.http.headers - http-outgoing-2 >> Accept-Encoding: gzip, x-gzip, deflate
03:32:50.143 [main] DEBUG com.github.dockerjava.zerodep.shaded.org.apache.hc.client5.http.headers - http-outgoing-2 >> Host: localhost:2375
03:32:50.143 [main] DEBUG com.github.dockerjava.zerodep.shaded.org.apache.hc.client5.http.headers - http-outgoing-2 >> Connection: keep-alive
03:32:50.143 [main] DEBUG com.github.dockerjava.zerodep.shaded.org.apache.hc.client5.http.headers - http-outgoing-2 >> User-Agent: Apache-HttpClient/5.0.3 (Java/11.0.15)
03:32:50.143 [main] DEBUG com.github.dockerjava.zerodep.shaded.org.apache.hc.client5.http.wire - http-outgoing-2 >> "GET /v1.32/containers/9691e31891711283f4d98263d11bc6156717d3e75a0b86a23f3b128a992c1f38/json HTTP/1.1[\r][\n]"
03:32:50.143 [main] DEBUG com.github.dockerjava.zerodep.shaded.org.apache.hc.client5.http.wire - http-outgoing-2 >> "accept: application/json[\r][\n]"
03:32:50.143 [main] DEBUG com.github.dockerjava.zerodep.shaded.org.apache.hc.client5.http.wire - http-outgoing-2 >> "Accept-Encoding: gzip, x-gzip, deflate[\r][\n]"
03:32:50.143 [main] DEBUG com.github.dockerjava.zerodep.shaded.org.apache.hc.client5.http.wire - http-outgoing-2 >> "Host: localhost:2375[\r][\n]"
03:32:50.143 [main] DEBUG com.github.dockerjava.zerodep.shaded.org.apache.hc.client5.http.wire - http-outgoing-2 >> "Connection: keep-alive[\r][\n]"
03:32:50.143 [main] DEBUG com.github.dockerjava.zerodep.shaded.org.apache.hc.client5.http.wire - http-outgoing-2 >> "User-Agent: Apache-HttpClient/5.0.3 (Java/11.0.15)[\r][\n]"
03:32:50.143 [main] DEBUG com.github.dockerjava.zerodep.shaded.org.apache.hc.client5.http.wire - http-outgoing-2 >> "[\r][\n]"
03:32:50.143 [main] DEBUG com.github.dockerjava.zerodep.shaded.org.apache.hc.client5.http.wire - http-outgoing-2 << "HTTP/1.1 200 OK[\r][\n]"
03:32:50.143 [main] DEBUG com.github.dockerjava.zerodep.shaded.org.apache.hc.client5.http.wire - http-outgoing-2 << "Api-Version: 1.41[\r][\n]"
03:32:50.143 [main] DEBUG com.github.dockerjava.zerodep.shaded.org.apache.hc.client5.http.wire - http-outgoing-2 << "Content-Type: application/json[\r][\n]"
03:32:50.143 [main] DEBUG com.github.dockerjava.zerodep.shaded.org.apache.hc.client5.http.wire - http-outgoing-2 << "Docker-Experimental: false[\r][\n]"
03:32:50.143 [main] DEBUG com.github.dockerjava.zerodep.shaded.org.apache.hc.client5.http.wire - http-outgoing-2 << "Ostype: linux[\r][\n]"
03:32:50.143 [main] DEBUG com.github.dockerjava.zerodep.shaded.org.apache.hc.client5.http.wire - http-outgoing-2 << "Server: Docker/20.10.12 (linux)[\r][\n]"
03:32:50.143 [main] DEBUG com.github.dockerjava.zerodep.shaded.org.apache.hc.client5.http.wire - http-outgoing-2 << "Date: Thu, 23 Jun 2022 02:32:50 GMT[\r][\n]"
03:32:50.143 [main] DEBUG com.github.dockerjava.zerodep.shaded.org.apache.hc.client5.http.wire - http-outgoing-2 << "Transfer-Encoding: chunked[\r][\n]"
03:32:50.143 [main] DEBUG com.github.dockerjava.zerodep.shaded.org.apache.hc.client5.http.wire - http-outgoing-2 << "[\r][\n]"
03:32:50.143 [main] DEBUG com.github.dockerjava.zerodep.shaded.org.apache.hc.client5.http.wire - http-outgoing-2 << "18ed[\r][\n]"
03:32:50.143 [main] DEBUG com.github.dockerjava.zerodep.shaded.org.apache.hc.client5.http.wire - http-outgoing-2 << "{"Id":"9691e31891711283f4d98263d11bc6156717d3e75a0b86a23f3b128a992c1f38","Created":"2022-06-23T02:32:47.03956921Z","Path":"docker-entrypoint.sh","Args":["mysqld"],"State":{"Status":"running","Running":true,"Paused":false,"Restarting":false,"OOMKilled":false,"Dead":false,"Pid":66188,"ExitCode":0,"Error":"","StartedAt":"2022-06-23T02:32:47.703880551Z","FinishedAt":"0001-01-01T00:00:00Z"},"Image":"sha256:65b636d5542b73254ce90cc4b895597dc1adc2c661ca553c38eda159979dded1","ResolvConfPath":"/var/lib/docker/containers/9691e31891711283f4d98263d11bc6156717d3e75a0b86a23f3b128a992c1f38/resolv.conf","HostnamePath":"/var/lib/docker/containers/9691e31891711283f4d98263d11bc6156717d3e75a0b86a23f3b128a992c1f38/hostname","HostsPath":"/var/lib/docker/containers/9691e31891711283f4d98263d11bc6156717d3e75a0b86a23f3b128a992c1f38/hosts","LogPath":"/var/lib/docker/containers/9691e31891711283f4d98263d11bc6156717d3e75a0b86a23f3b128a992c1f38/9691e31891711283f4d98263d11bc6156717d3e75a0b86a23f3b128a992c1f38-json.log","Name":"/xenodochial_satoshi","RestartCount":0,"Driver":"overlay2","Platform":"linux","MountLabel":"","ProcessLabel":"","AppArmorProfile":"docker-default","ExecIDs":null,"HostConfig":{"Binds":[],"ContainerIDFile":"","LogConfig":{"Type":"json-file","Config":{}},"NetworkMode":"default","PortBindings":{"3306/tcp":[{"HostIp":"","HostPort":""}]},"RestartPolicy":{"Name":"","MaximumRetryCount":0},"AutoRemove":false,"VolumeDriver":"","VolumesFrom":[],"CapAdd":null,"CapDrop":null,"CgroupnsMode":"host","Dns":null,"DnsOptions":null,"DnsSearch":null,"ExtraHosts":[],"GroupAdd":null,"IpcMode":"shareable","Cgroup":"","Links":null,"OomScoreAdj":0,"PidMode":"","Privileged":false,"PublishAllPorts":false,"ReadonlyRootfs":false,"SecurityOpt":null,"UTSMode":"","UsernsMode":"","ShmSize":67108864,"Runtime":"runc","ConsoleSize":[0,0],"Isolation":"","CpuShares":0,"Memory":0,"NanoCpus":0,"CgroupParent":"","BlkioWeight":0,"BlkioWeightDevice":null,"BlkioDeviceReadBps":null,"BlkioDeviceWriteBps":null,"BlkioDeviceReadIOps":null,"BlkioDeviceWriteIOps":null,"CpuPeriod":0,"CpuQuota":0,"CpuRealtimePeriod":0,"CpuRealtimeRuntime":0,"CpusetCpus":"","CpusetMems":"","Devices":null,"DeviceCgroupRules":null,"DeviceRequests":null,"KernelMemory":0,"KernelMemoryTCP":0,"MemoryReservation":0,"MemorySwap":0,"MemorySwappiness":null,"OomKillDisable":false,"PidsLimit":null,"Ulimits":null,"CpuCount":0,"CpuPercent":0,"IOMaximumIOps":0,"IOMaximumBandwidth":0,"MaskedPaths":["/proc/asound","/proc/acpi","/proc/kcore","/proc/keys","/proc/latency_stats","/proc/timer_list","/proc/timer_stats","/proc/sched_debug","/proc/scsi","/sys/firmware"],"ReadonlyPaths":["/proc/bus","/proc/fs","/proc/irq","/proc/sys","/proc/sysrq-trigger"]},"GraphDriver":{"Data":{"LowerDir":"/var/lib/docker/overlay2/5529564f52cf969e31e7a1482c27be7ffed19639b506ae2e15b7e7115f699a73-init/diff:/var/lib/docker/overlay2/833a665819b5d9728d3efa7c33135034345a24f83af53b1a1af33d9b64f5492a/diff:/var/lib/docker/overlay2/bd4a2a46c227c2f15475b08c398f37acaab93f4fdba31de015d730efae0a0cfc/diff:/var/lib/docker/overlay2/31ad437d7cba8e64428a2b62db1bbb2a2ec19ca4e439ec493ef4deb50dce2783/diff:/var/lib/docker/overlay2/35173cbd8ec5b88a8888e9abbe75f8694f5d3f96a9b781bb70dc1f0889685741/diff:/var/lib/docker/overlay2/24bf69ac4e8c81062fee44e7c9f746fffbb139c3f7f4b55b4fd1b23bb101b529/diff:/var/lib/docker/overlay2/2f27c96a7775dad186b6f0da325d5a251c80aa1b7f80cf8520f493c5154aee70/diff:/var/lib/docker/overlay2/463a60088c72ddbea82639ded15801e35a79c443f6a26bf1baf320c683cb06af/diff:/var/lib/docker/overlay2/80b8224b23a2ee4b5be635c58ae579fd1913aa95558cd66ab2f5e8430f00a5b8/diff:/var/lib/docker/overlay2/20451fa0b1a07b85d665bc3a0359d721ce4e4c28fa3bce7456ab25e0babae708/diff:/var/lib/docker/overlay2/f80d865cbc6c1c6f57d0963fa6234e7a6409e079eb17f4f13ca41d02731701ad/diff:/var/lib/docker/overlay2/5a3029e0b57c6ec9b985871ff6adf08356aaa0f2a15f1e34c1a7f116ecc4a61d/diff:/var/lib/docker/overlay2/4f3423103248d0b381a1bc6a7287e2b42313ff458cea602a02b7379014b03e0e/diff","MergedDir":"/var/lib/docker/overlay2/5529564f52cf969e31e7a1482c27be7ffed19639b506ae2e15b7e7115f699a73/merged","UpperDir":"/var/lib/docker/overlay2/5529564f52cf969e31e7a1482c27be7ffed19639b506ae2e15b7e7115f699a73/diff","WorkDir":"/var/lib/docker/overlay2/5529564f52cf969e31e7a1482c27be7ffed19639b506ae2e15b7e7115f699a73/work"},"Name":"overlay2"},"Mounts":[{"Type":"volume","Name":"fd1f613c7fe3ca3ae799982507ac3f565cc9f6a2dc99ceaed92389e2c43f47d1","Source":"/var/lib/docker/volumes/fd1f613c7fe3ca3ae799982507ac3f565cc9f6a2dc99ceaed92389e2c43f47d1/_data","Destination":"/var/lib/mysql","Driver":"local","Mode":"","RW":true,"Propagation":""}],"Config":{"Hostname":"9691e3189171","Domainname":"","User":"","AttachStdin":false,"AttachStdout":false,"AttachStderr":false,"ExposedPorts":{"3306/tcp":{},"33060/tcp":{}},"Tty":false,"OpenStdin":false,"StdinOnce":false,"Env":["MYSQL_DATABASE=test","MYSQL_PASSWORD=admin","MYSQL_USER=admin","MYSQL_ROOT_PASSWORD=admin","PATH=/usr/local/sbin:/usr/local/bin:/usr/sbin:/usr/bin:/sbin:/bin","GOSU_VERSION=1.14","MYSQL_MAJOR=8.0","MYSQL_VERSION=8.0.29-1debian10"],"Cmd":["mysqld"],"Image":"mysql:8.0","Volumes":{"/var/lib/mysql":{}},"WorkingDir":"","Entrypoint":["docker-entrypoint.sh"],"OnBuild":null,"Labels":{"org.testcontainers":"true","org.testcontainers.sessionId":"d48265e4-2b28-4f8c-aa67-76dd8289af84"}},"NetworkSettings":{"Bridge":"","SandboxID":"d9de8570fe3f0a4e9f3a1ff7101c963bbd2c6a0a9d8a867b96f17f4d5edca537","HairpinMode":false,"LinkLocalIPv6Address":"","LinkLocalIPv6PrefixLen":0,"Ports":{"3306/tcp":[{"HostIp":"0.0.0.0","HostPort":"49160"},{"HostIp":"::","HostPort":"49160"}],"33060/tcp":null},"SandboxKey":"/var/run/docker/netns/d9de8570fe3f","SecondaryIPAddresses":null,"SecondaryIPv6Addresses":null,"EndpointID":"93e8fe159f683a98670e8995677c2b130dbce857fc116679206e206bda319cbf","Gateway":"172.17.0.1","GlobalIPv6Address":"","GlobalIPv6PrefixLen":0,"IPAddress":"172.17.0.3","IPPrefixLen":16,"IPv6Gateway":"","MacAddress":"02:42:ac:11:00:03","Networks":{"bridge":{"IPAMConfig":null,"Links":null,"Aliases":null,"NetworkID":"1853cd2b9856825cc97ed9ef2b12efa82d95bf9cf60ad666c276eb35cc53539e","EndpointID":"93e8fe159f683a98670e8995677c2b130dbce857fc116679206e206bda319cbf","Gateway":"172.17.0.1","IPAddress":"172.17.0.3","IPPrefixLen":16,"IPv6Gateway":"","GlobalIPv6Address":"","GlobalIPv6PrefixLen":0,"MacAddress":"02:42:ac:11:00:03","DriverOpts":null}}}}[\n]"
03:32:50.144 [main] DEBUG com.github.dockerjava.zerodep.shaded.org.apache.hc.client5.http.wire - http-outgoing-2 << "[\r][\n]"
03:32:50.144 [main] DEBUG com.github.dockerjava.zerodep.shaded.org.apache.hc.client5.http.wire - http-outgoing-2 << "0[\r][\n]"
03:32:50.144 [main] DEBUG com.github.dockerjava.zerodep.shaded.org.apache.hc.client5.http.wire - http-outgoing-2 << "[\r][\n]"
03:32:50.144 [main] DEBUG com.github.dockerjava.zerodep.shaded.org.apache.hc.client5.http.headers - http-outgoing-2 << HTTP/1.1 200 OK
03:32:50.144 [main] DEBUG com.github.dockerjava.zerodep.shaded.org.apache.hc.client5.http.headers - http-outgoing-2 << Api-Version: 1.41
03:32:50.144 [main] DEBUG com.github.dockerjava.zerodep.shaded.org.apache.hc.client5.http.headers - http-outgoing-2 << Content-Type: application/json
03:32:50.144 [main] DEBUG com.github.dockerjava.zerodep.shaded.org.apache.hc.client5.http.headers - http-outgoing-2 << Docker-Experimental: false
03:32:50.144 [main] DEBUG com.github.dockerjava.zerodep.shaded.org.apache.hc.client5.http.headers - http-outgoing-2 << Ostype: linux
03:32:50.144 [main] DEBUG com.github.dockerjava.zerodep.shaded.org.apache.hc.client5.http.headers - http-outgoing-2 << Server: Docker/20.10.12 (linux)
03:32:50.144 [main] DEBUG com.github.dockerjava.zerodep.shaded.org.apache.hc.client5.http.headers - http-outgoing-2 << Date: Thu, 23 Jun 2022 02:32:50 GMT
03:32:50.144 [main] DEBUG com.github.dockerjava.zerodep.shaded.org.apache.hc.client5.http.headers - http-outgoing-2 << Transfer-Encoding: chunked
03:32:50.144 [main] DEBUG com.github.dockerjava.zerodep.shaded.org.apache.hc.client5.http.impl.classic.MainClientExec - ex-00000022: connection can be kept alive for 3 MINUTES
03:32:50.146 [main] DEBUG com.github.dockerjava.zerodep.shaded.org.apache.hc.client5.http.impl.classic.InternalHttpClient - ep-00000021: releasing valid endpoint
03:32:50.146 [main] DEBUG com.github.dockerjava.zerodep.shaded.org.apache.hc.client5.http.impl.io.PoolingHttpClientConnectionManager - ep-00000021: releasing endpoint
03:32:50.146 [main] DEBUG com.github.dockerjava.zerodep.shaded.org.apache.hc.client5.http.impl.io.PoolingHttpClientConnectionManager - ep-00000021: connection http-outgoing-2 can be kept alive for 3 MINUTES
03:32:50.146 [main] DEBUG com.github.dockerjava.zerodep.shaded.org.apache.hc.client5.http.impl.io.PoolingHttpClientConnectionManager - ep-00000021: connection released [route: {}->unix://localhost:2375][total available: 1; route allocated: 1 of 2147483647; total allocated: 1 of 2147483647]
03:32:50.146 [main] DEBUG 🐳 [mysql:8.0] - Trying to create JDBC connection using com.mysql.cj.jdbc.Driver to jdbc:mysql://localhost:49160/test?useSSL=false&allowPublicKeyRetrieval=true with properties: {password=admin, user=admin}
03:32:50.247 [main] DEBUG org.testcontainers.shaded.com.github.dockerjava.core.command.AbstrDockerCmd - Cmd: 9691e31891711283f4d98263d11bc6156717d3e75a0b86a23f3b128a992c1f38,false
03:32:50.248 [main] DEBUG org.testcontainers.shaded.com.github.dockerjava.core.exec.InspectContainerCmdExec - GET: DefaultWebTarget{path=[/containers/9691e31891711283f4d98263d11bc6156717d3e75a0b86a23f3b128a992c1f38/json], queryParams={}}
03:32:50.248 [main] DEBUG com.github.dockerjava.zerodep.shaded.org.apache.hc.client5.http.impl.classic.InternalHttpClient - ex-00000023: preparing request execution
03:32:50.248 [main] DEBUG com.github.dockerjava.zerodep.shaded.org.apache.hc.client5.http.protocol.RequestAddCookies - Cookie spec selected: strict
03:32:50.248 [main] DEBUG com.github.dockerjava.zerodep.shaded.org.apache.hc.client5.http.protocol.RequestAuthCache - Auth cache not set in the context
03:32:50.248 [main] DEBUG com.github.dockerjava.zerodep.shaded.org.apache.hc.client5.http.impl.classic.ProtocolExec - ex-00000023: target auth state: UNCHALLENGED
03:32:50.248 [main] DEBUG com.github.dockerjava.zerodep.shaded.org.apache.hc.client5.http.impl.classic.ProtocolExec - ex-00000023: proxy auth state: UNCHALLENGED
03:32:50.248 [main] DEBUG com.github.dockerjava.zerodep.shaded.org.apache.hc.client5.http.impl.classic.ConnectExec - ex-00000023: acquiring connection with route {}->unix://localhost:2375
03:32:50.249 [main] DEBUG com.github.dockerjava.zerodep.shaded.org.apache.hc.client5.http.impl.classic.InternalHttpClient - ex-00000023: acquiring endpoint (3 MINUTES)
03:32:50.249 [main] DEBUG com.github.dockerjava.zerodep.shaded.org.apache.hc.client5.http.impl.io.PoolingHttpClientConnectionManager - ex-00000023: endpoint lease request (3 MINUTES) [route: {}->unix://localhost:2375][total available: 1; route allocated: 1 of 2147483647; total allocated: 1 of 2147483647]
03:32:50.249 [main] DEBUG com.github.dockerjava.zerodep.shaded.org.apache.hc.client5.http.impl.io.PoolingHttpClientConnectionManager - ex-00000023: endpoint leased [route: {}->unix://localhost:2375][total available: 0; route allocated: 1 of 2147483647; total allocated: 1 of 2147483647]
03:32:50.249 [main] DEBUG com.github.dockerjava.zerodep.shaded.org.apache.hc.client5.http.impl.io.PoolingHttpClientConnectionManager - ex-00000023: acquired ep-00000022
03:32:50.249 [main] DEBUG com.github.dockerjava.zerodep.shaded.org.apache.hc.client5.http.impl.classic.InternalHttpClient - ex-00000023: acquired endpoint ep-00000022
03:32:50.249 [main] DEBUG com.github.dockerjava.zerodep.shaded.org.apache.hc.client5.http.impl.classic.MainClientExec - ex-00000023: executing GET /v1.32/containers/9691e31891711283f4d98263d11bc6156717d3e75a0b86a23f3b128a992c1f38/json HTTP/1.1
03:32:50.249 [main] DEBUG com.github.dockerjava.zerodep.shaded.org.apache.hc.client5.http.impl.classic.InternalHttpClient - ep-00000022: start execution ex-00000023
03:32:50.249 [main] DEBUG com.github.dockerjava.zerodep.shaded.org.apache.hc.client5.http.impl.io.PoolingHttpClientConnectionManager - ep-00000022: executing exchange ex-00000023 over http-outgoing-2
03:32:50.249 [main] DEBUG com.github.dockerjava.zerodep.shaded.org.apache.hc.client5.http.headers - http-outgoing-2 >> GET /v1.32/containers/9691e31891711283f4d98263d11bc6156717d3e75a0b86a23f3b128a992c1f38/json HTTP/1.1
03:32:50.249 [main] DEBUG com.github.dockerjava.zerodep.shaded.org.apache.hc.client5.http.headers - http-outgoing-2 >> accept: application/json
03:32:50.249 [main] DEBUG com.github.dockerjava.zerodep.shaded.org.apache.hc.client5.http.headers - http-outgoing-2 >> Accept-Encoding: gzip, x-gzip, deflate
03:32:50.249 [main] DEBUG com.github.dockerjava.zerodep.shaded.org.apache.hc.client5.http.headers - http-outgoing-2 >> Host: localhost:2375
03:32:50.249 [main] DEBUG com.github.dockerjava.zerodep.shaded.org.apache.hc.client5.http.headers - http-outgoing-2 >> Connection: keep-alive
03:32:50.249 [main] DEBUG com.github.dockerjava.zerodep.shaded.org.apache.hc.client5.http.headers - http-outgoing-2 >> User-Agent: Apache-HttpClient/5.0.3 (Java/11.0.15)
03:32:50.249 [main] DEBUG com.github.dockerjava.zerodep.shaded.org.apache.hc.client5.http.wire - http-outgoing-2 >> "GET /v1.32/containers/9691e31891711283f4d98263d11bc6156717d3e75a0b86a23f3b128a992c1f38/json HTTP/1.1[\r][\n]"
03:32:50.249 [main] DEBUG com.github.dockerjava.zerodep.shaded.org.apache.hc.client5.http.wire - http-outgoing-2 >> "accept: application/json[\r][\n]"
03:32:50.249 [main] DEBUG com.github.dockerjava.zerodep.shaded.org.apache.hc.client5.http.wire - http-outgoing-2 >> "Accept-Encoding: gzip, x-gzip, deflate[\r][\n]"
03:32:50.249 [main] DEBUG com.github.dockerjava.zerodep.shaded.org.apache.hc.client5.http.wire - http-outgoing-2 >> "Host: localhost:2375[\r][\n]"
03:32:50.249 [main] DEBUG com.github.dockerjava.zerodep.shaded.org.apache.hc.client5.http.wire - http-outgoing-2 >> "Connection: keep-alive[\r][\n]"
03:32:50.249 [main] DEBUG com.github.dockerjava.zerodep.shaded.org.apache.hc.client5.http.wire - http-outgoing-2 >> "User-Agent: Apache-HttpClient/5.0.3 (Java/11.0.15)[\r][\n]"
03:32:50.249 [main] DEBUG com.github.dockerjava.zerodep.shaded.org.apache.hc.client5.http.wire - http-outgoing-2 >> "[\r][\n]"
03:32:50.250 [main] DEBUG com.github.dockerjava.zerodep.shaded.org.apache.hc.client5.http.wire - http-outgoing-2 << "HTTP/1.1 200 OK[\r][\n]"
03:32:50.250 [main] DEBUG com.github.dockerjava.zerodep.shaded.org.apache.hc.client5.http.wire - http-outgoing-2 << "Api-Version: 1.41[\r][\n]"
03:32:50.250 [main] DEBUG com.github.dockerjava.zerodep.shaded.org.apache.hc.client5.http.wire - http-outgoing-2 << "Content-Type: application/json[\r][\n]"
03:32:50.250 [main] DEBUG com.github.dockerjava.zerodep.shaded.org.apache.hc.client5.http.wire - http-outgoing-2 << "Docker-Experimental: false[\r][\n]"
03:32:50.250 [main] DEBUG com.github.dockerjava.zerodep.shaded.org.apache.hc.client5.http.wire - http-outgoing-2 << "Ostype: linux[\r][\n]"
03:32:50.250 [main] DEBUG com.github.dockerjava.zerodep.shaded.org.apache.hc.client5.http.wire - http-outgoing-2 << "Server: Docker/20.10.12 (linux)[\r][\n]"
03:32:50.250 [main] DEBUG com.github.dockerjava.zerodep.shaded.org.apache.hc.client5.http.wire - http-outgoing-2 << "Date: Thu, 23 Jun 2022 02:32:50 GMT[\r][\n]"
03:32:50.250 [main] DEBUG com.github.dockerjava.zerodep.shaded.org.apache.hc.client5.http.wire - http-outgoing-2 << "Transfer-Encoding: chunked[\r][\n]"
03:32:50.250 [main] DEBUG com.github.dockerjava.zerodep.shaded.org.apache.hc.client5.http.wire - http-outgoing-2 << "[\r][\n]"
03:32:50.250 [main] DEBUG com.github.dockerjava.zerodep.shaded.org.apache.hc.client5.http.wire - http-outgoing-2 << "18ed[\r][\n]"
03:32:50.250 [main] DEBUG com.github.dockerjava.zerodep.shaded.org.apache.hc.client5.http.wire - http-outgoing-2 << "{"Id":"9691e31891711283f4d98263d11bc6156717d3e75a0b86a23f3b128a992c1f38","Created":"2022-06-23T02:32:47.03956921Z","Path":"docker-entrypoint.sh","Args":["mysqld"],"State":{"Status":"running","Running":true,"Paused":false,"Restarting":false,"OOMKilled":false,"Dead":false,"Pid":66188,"ExitCode":0,"Error":"","StartedAt":"2022-06-23T02:32:47.703880551Z","FinishedAt":"0001-01-01T00:00:00Z"},"Image":"sha256:65b636d5542b73254ce90cc4b895597dc1adc2c661ca553c38eda159979dded1","ResolvConfPath":"/var/lib/docker/containers/9691e31891711283f4d98263d11bc6156717d3e75a0b86a23f3b128a992c1f38/resolv.conf","HostnamePath":"/var/lib/docker/containers/9691e31891711283f4d98263d11bc6156717d3e75a0b86a23f3b128a992c1f38/hostname","HostsPath":"/var/lib/docker/containers/9691e31891711283f4d98263d11bc6156717d3e75a0b86a23f3b128a992c1f38/hosts","LogPath":"/var/lib/docker/containers/9691e31891711283f4d98263d11bc6156717d3e75a0b86a23f3b128a992c1f38/9691e31891711283f4d98263d11bc6156717d3e75a0b86a23f3b128a992c1f38-json.log","Name":"/xenodochial_satoshi","RestartCount":0,"Driver":"overlay2","Platform":"linux","MountLabel":"","ProcessLabel":"","AppArmorProfile":"docker-default","ExecIDs":null,"HostConfig":{"Binds":[],"ContainerIDFile":"","LogConfig":{"Type":"json-file","Config":{}},"NetworkMode":"default","PortBindings":{"3306/tcp":[{"HostIp":"","HostPort":""}]},"RestartPolicy":{"Name":"","MaximumRetryCount":0},"AutoRemove":false,"VolumeDriver":"","VolumesFrom":[],"CapAdd":null,"CapDrop":null,"CgroupnsMode":"host","Dns":null,"DnsOptions":null,"DnsSearch":null,"ExtraHosts":[],"GroupAdd":null,"IpcMode":"shareable","Cgroup":"","Links":null,"OomScoreAdj":0,"PidMode":"","Privileged":false,"PublishAllPorts":false,"ReadonlyRootfs":false,"SecurityOpt":null,"UTSMode":"","UsernsMode":"","ShmSize":67108864,"Runtime":"runc","ConsoleSize":[0,0],"Isolation":"","CpuShares":0,"Memory":0,"NanoCpus":0,"CgroupParent":"","BlkioWeight":0,"BlkioWeightDevice":null,"BlkioDeviceReadBps":null,"BlkioDeviceWriteBps":null,"BlkioDeviceReadIOps":null,"BlkioDeviceWriteIOps":null,"CpuPeriod":0,"CpuQuota":0,"CpuRealtimePeriod":0,"CpuRealtimeRuntime":0,"CpusetCpus":"","CpusetMems":"","Devices":null,"DeviceCgroupRules":null,"DeviceRequests":null,"KernelMemory":0,"KernelMemoryTCP":0,"MemoryReservation":0,"MemorySwap":0,"MemorySwappiness":null,"OomKillDisable":false,"PidsLimit":null,"Ulimits":null,"CpuCount":0,"CpuPercent":0,"IOMaximumIOps":0,"IOMaximumBandwidth":0,"MaskedPaths":["/proc/asound","/proc/acpi","/proc/kcore","/proc/keys","/proc/latency_stats","/proc/timer_list","/proc/timer_stats","/proc/sched_debug","/proc/scsi","/sys/firmware"],"ReadonlyPaths":["/proc/bus","/proc/fs","/proc/irq","/proc/sys","/proc/sysrq-trigger"]},"GraphDriver":{"Data":{"LowerDir":"/var/lib/docker/overlay2/5529564f52cf969e31e7a1482c27be7ffed19639b506ae2e15b7e7115f699a73-init/diff:/var/lib/docker/overlay2/833a665819b5d9728d3efa7c33135034345a24f83af53b1a1af33d9b64f5492a/diff:/var/lib/docker/overlay2/bd4a2a46c227c2f15475b08c398f37acaab93f4fdba31de015d730efae0a0cfc/diff:/var/lib/docker/overlay2/31ad437d7cba8e64428a2b62db1bbb2a2ec19ca4e439ec493ef4deb50dce2783/diff:/var/lib/docker/overlay2/35173cbd8ec5b88a8888e9abbe75f8694f5d3f96a9b781bb70dc1f0889685741/diff:/var/lib/docker/overlay2/24bf69ac4e8c81062fee44e7c9f746fffbb139c3f7f4b55b4fd1b23bb101b529/diff:/var/lib/docker/overlay2/2f27c96a7775dad186b6f0da325d5a251c80aa1b7f80cf8520f493c5154aee70/diff:/var/lib/docker/overlay2/463a60088c72ddbea82639ded15801e35a79c443f6a26bf1baf320c683cb06af/diff:/var/lib/docker/overlay2/80b8224b23a2ee4b5be635c58ae579fd1913aa95558cd66ab2f5e8430f00a5b8/diff:/var/lib/docker/overlay2/20451fa0b1a07b85d665bc3a0359d721ce4e4c28fa3bce7456ab25e0babae708/diff:/var/lib/docker/overlay2/f80d865cbc6c1c6f57d0963fa6234e7a6409e079eb17f4f13ca41d02731701ad/diff:/var/lib/docker/overlay2/5a3029e0b57c6ec9b985871ff6adf08356aaa0f2a15f1e34c1a7f116ecc4a61d/diff:/var/lib/docker/overlay2/4f3423103248d0b381a1bc6a7287e2b42313ff458cea602a02b7379014b03e0e/diff","MergedDir":"/var/lib/docker/overlay2/5529564f52cf969e31e7a1482c27be7ffed19639b506ae2e15b7e7115f699a73/merged","UpperDir":"/var/lib/docker/overlay2/5529564f52cf969e31e7a1482c27be7ffed19639b506ae2e15b7e7115f699a73/diff","WorkDir":"/var/lib/docker/overlay2/5529564f52cf969e31e7a1482c27be7ffed19639b506ae2e15b7e7115f699a73/work"},"Name":"overlay2"},"Mounts":[{"Type":"volume","Name":"fd1f613c7fe3ca3ae799982507ac3f565cc9f6a2dc99ceaed92389e2c43f47d1","Source":"/var/lib/docker/volumes/fd1f613c7fe3ca3ae799982507ac3f565cc9f6a2dc99ceaed92389e2c43f47d1/_data","Destination":"/var/lib/mysql","Driver":"local","Mode":"","RW":true,"Propagation":""}],"Config":{"Hostname":"9691e3189171","Domainname":"","User":"","AttachStdin":false,"AttachStdout":false,"AttachStderr":false,"ExposedPorts":{"3306/tcp":{},"33060/tcp":{}},"Tty":false,"OpenStdin":false,"StdinOnce":false,"Env":["MYSQL_DATABASE=test","MYSQL_PASSWORD=admin","MYSQL_USER=admin","MYSQL_ROOT_PASSWORD=admin","PATH=/usr/local/sbin:/usr/local/bin:/usr/sbin:/usr/bin:/sbin:/bin","GOSU_VERSION=1.14","MYSQL_MAJOR=8.0","MYSQL_VERSION=8.0.29-1debian10"],"Cmd":["mysqld"],"Image":"mysql:8.0","Volumes":{"/var/lib/mysql":{}},"WorkingDir":"","Entrypoint":["docker-entrypoint.sh"],"OnBuild":null,"Labels":{"org.testcontainers":"true","org.testcontainers.sessionId":"d48265e4-2b28-4f8c-aa67-76dd8289af84"}},"NetworkSettings":{"Bridge":"","SandboxID":"d9de8570fe3f0a4e9f3a1ff7101c963bbd2c6a0a9d8a867b96f17f4d5edca537","HairpinMode":false,"LinkLocalIPv6Address":"","LinkLocalIPv6PrefixLen":0,"Ports":{"3306/tcp":[{"HostIp":"0.0.0.0","HostPort":"49160"},{"HostIp":"::","HostPort":"49160"}],"33060/tcp":null},"SandboxKey":"/var/run/docker/netns/d9de8570fe3f","SecondaryIPAddresses":null,"SecondaryIPv6Addresses":null,"EndpointID":"93e8fe159f683a98670e8995677c2b130dbce857fc116679206e206bda319cbf","Gateway":"172.17.0.1","GlobalIPv6Address":"","GlobalIPv6PrefixLen":0,"IPAddress":"172.17.0.3","IPPrefixLen":16,"IPv6Gateway":"","MacAddress":"02:42:ac:11:00:03","Networks":{"bridge":{"IPAMConfig":null,"Links":null,"Aliases":null,"NetworkID":"1853cd2b9856825cc97ed9ef2b12efa82d95bf9cf60ad666c276eb35cc53539e","EndpointID":"93e8fe159f683a98670e8995677c2b130dbce857fc116679206e206bda319cbf","Gateway":"172.17.0.1","IPAddress":"172.17.0.3","IPPrefixLen":16,"IPv6Gateway":"","GlobalIPv6Address":"","GlobalIPv6PrefixLen":0,"MacAddress":"02:42:ac:11:00:03","DriverOpts":null}}}}[\n]"
03:32:50.250 [main] DEBUG com.github.dockerjava.zerodep.shaded.org.apache.hc.client5.http.wire - http-outgoing-2 << "[\r][\n]"
03:32:50.250 [main] DEBUG com.github.dockerjava.zerodep.shaded.org.apache.hc.client5.http.wire - http-outgoing-2 << "0[\r][\n]"
03:32:50.250 [main] DEBUG com.github.dockerjava.zerodep.shaded.org.apache.hc.client5.http.wire - http-outgoing-2 << "[\r][\n]"
03:32:50.250 [main] DEBUG com.github.dockerjava.zerodep.shaded.org.apache.hc.client5.http.headers - http-outgoing-2 << HTTP/1.1 200 OK
03:32:50.250 [main] DEBUG com.github.dockerjava.zerodep.shaded.org.apache.hc.client5.http.headers - http-outgoing-2 << Api-Version: 1.41
03:32:50.250 [main] DEBUG com.github.dockerjava.zerodep.shaded.org.apache.hc.client5.http.headers - http-outgoing-2 << Content-Type: application/json
03:32:50.250 [main] DEBUG com.github.dockerjava.zerodep.shaded.org.apache.hc.client5.http.headers - http-outgoing-2 << Docker-Experimental: false
03:32:50.250 [main] DEBUG com.github.dockerjava.zerodep.shaded.org.apache.hc.client5.http.headers - http-outgoing-2 << Ostype: linux
03:32:50.250 [main] DEBUG com.github.dockerjava.zerodep.shaded.org.apache.hc.client5.http.headers - http-outgoing-2 << Server: Docker/20.10.12 (linux)
03:32:50.250 [main] DEBUG com.github.dockerjava.zerodep.shaded.org.apache.hc.client5.http.headers - http-outgoing-2 << Date: Thu, 23 Jun 2022 02:32:50 GMT
03:32:50.250 [main] DEBUG com.github.dockerjava.zerodep.shaded.org.apache.hc.client5.http.headers - http-outgoing-2 << Transfer-Encoding: chunked
03:32:50.251 [main] DEBUG com.github.dockerjava.zerodep.shaded.org.apache.hc.client5.http.impl.classic.MainClientExec - ex-00000023: connection can be kept alive for 3 MINUTES
03:32:50.252 [main] DEBUG com.github.dockerjava.zerodep.shaded.org.apache.hc.client5.http.impl.classic.InternalHttpClient - ep-00000022: releasing valid endpoint
03:32:50.252 [main] DEBUG com.github.dockerjava.zerodep.shaded.org.apache.hc.client5.http.impl.io.PoolingHttpClientConnectionManager - ep-00000022: releasing endpoint
03:32:50.257 [main] DEBUG com.github.dockerjava.zerodep.shaded.org.apache.hc.client5.http.impl.io.PoolingHttpClientConnectionManager - ep-00000022: connection http-outgoing-2 can be kept alive for 3 MINUTES
03:32:50.258 [main] DEBUG com.github.dockerjava.zerodep.shaded.org.apache.hc.client5.http.impl.io.PoolingHttpClientConnectionManager - ep-00000022: connection released [route: {}->unix://localhost:2375][total available: 1; route allocated: 1 of 2147483647; total allocated: 1 of 2147483647]
03:32:50.258 [main] DEBUG 🐳 [mysql:8.0] - Trying to create JDBC connection using com.mysql.cj.jdbc.Driver to jdbc:mysql://localhost:49160/test?useSSL=false&allowPublicKeyRetrieval=true with properties: {password=admin, user=admin}
03:32:50.362 [main] DEBUG org.testcontainers.shaded.com.github.dockerjava.core.command.AbstrDockerCmd - Cmd: 9691e31891711283f4d98263d11bc6156717d3e75a0b86a23f3b128a992c1f38,false
03:32:50.362 [main] DEBUG org.testcontainers.shaded.com.github.dockerjava.core.exec.InspectContainerCmdExec - GET: DefaultWebTarget{path=[/containers/9691e31891711283f4d98263d11bc6156717d3e75a0b86a23f3b128a992c1f38/json], queryParams={}}
03:32:50.363 [main] DEBUG com.github.dockerjava.zerodep.shaded.org.apache.hc.client5.http.impl.classic.InternalHttpClient - ex-00000024: preparing request execution
03:32:50.363 [main] DEBUG com.github.dockerjava.zerodep.shaded.org.apache.hc.client5.http.protocol.RequestAddCookies - Cookie spec selected: strict
03:32:50.363 [main] DEBUG com.github.dockerjava.zerodep.shaded.org.apache.hc.client5.http.protocol.RequestAuthCache - Auth cache not set in the context
03:32:50.363 [main] DEBUG com.github.dockerjava.zerodep.shaded.org.apache.hc.client5.http.impl.classic.ProtocolExec - ex-00000024: target auth state: UNCHALLENGED
03:32:50.363 [main] DEBUG com.github.dockerjava.zerodep.shaded.org.apache.hc.client5.http.impl.classic.ProtocolExec - ex-00000024: proxy auth state: UNCHALLENGED
03:32:50.363 [main] DEBUG com.github.dockerjava.zerodep.shaded.org.apache.hc.client5.http.impl.classic.ConnectExec - ex-00000024: acquiring connection with route {}->unix://localhost:2375
03:32:50.363 [main] DEBUG com.github.dockerjava.zerodep.shaded.org.apache.hc.client5.http.impl.classic.InternalHttpClient - ex-00000024: acquiring endpoint (3 MINUTES)
03:32:50.363 [main] DEBUG com.github.dockerjava.zerodep.shaded.org.apache.hc.client5.http.impl.io.PoolingHttpClientConnectionManager - ex-00000024: endpoint lease request (3 MINUTES) [route: {}->unix://localhost:2375][total available: 1; route allocated: 1 of 2147483647; total allocated: 1 of 2147483647]
03:32:50.363 [main] DEBUG com.github.dockerjava.zerodep.shaded.org.apache.hc.client5.http.impl.io.PoolingHttpClientConnectionManager - ex-00000024: endpoint leased [route: {}->unix://localhost:2375][total available: 0; route allocated: 1 of 2147483647; total allocated: 1 of 2147483647]
03:32:50.363 [main] DEBUG com.github.dockerjava.zerodep.shaded.org.apache.hc.client5.http.impl.io.PoolingHttpClientConnectionManager - ex-00000024: acquired ep-00000023
03:32:50.363 [main] DEBUG com.github.dockerjava.zerodep.shaded.org.apache.hc.client5.http.impl.classic.InternalHttpClient - ex-00000024: acquired endpoint ep-00000023
03:32:50.363 [main] DEBUG com.github.dockerjava.zerodep.shaded.org.apache.hc.client5.http.impl.classic.MainClientExec - ex-00000024: executing GET /v1.32/containers/9691e31891711283f4d98263d11bc6156717d3e75a0b86a23f3b128a992c1f38/json HTTP/1.1
03:32:50.364 [main] DEBUG com.github.dockerjava.zerodep.shaded.org.apache.hc.client5.http.impl.classic.InternalHttpClient - ep-00000023: start execution ex-00000024
03:32:50.364 [main] DEBUG com.github.dockerjava.zerodep.shaded.org.apache.hc.client5.http.impl.io.PoolingHttpClientConnectionManager - ep-00000023: executing exchange ex-00000024 over http-outgoing-2
03:32:50.364 [main] DEBUG com.github.dockerjava.zerodep.shaded.org.apache.hc.client5.http.headers - http-outgoing-2 >> GET /v1.32/containers/9691e31891711283f4d98263d11bc6156717d3e75a0b86a23f3b128a992c1f38/json HTTP/1.1
03:32:50.364 [main] DEBUG com.github.dockerjava.zerodep.shaded.org.apache.hc.client5.http.headers - http-outgoing-2 >> accept: application/json
03:32:50.364 [main] DEBUG com.github.dockerjava.zerodep.shaded.org.apache.hc.client5.http.headers - http-outgoing-2 >> Accept-Encoding: gzip, x-gzip, deflate
03:32:50.364 [main] DEBUG com.github.dockerjava.zerodep.shaded.org.apache.hc.client5.http.headers - http-outgoing-2 >> Host: localhost:2375
03:32:50.364 [main] DEBUG com.github.dockerjava.zerodep.shaded.org.apache.hc.client5.http.headers - http-outgoing-2 >> Connection: keep-alive
03:32:50.364 [main] DEBUG com.github.dockerjava.zerodep.shaded.org.apache.hc.client5.http.headers - http-outgoing-2 >> User-Agent: Apache-HttpClient/5.0.3 (Java/11.0.15)
03:32:50.364 [main] DEBUG com.github.dockerjava.zerodep.shaded.org.apache.hc.client5.http.wire - http-outgoing-2 >> "GET /v1.32/containers/9691e31891711283f4d98263d11bc6156717d3e75a0b86a23f3b128a992c1f38/json HTTP/1.1[\r][\n]"
03:32:50.364 [main] DEBUG com.github.dockerjava.zerodep.shaded.org.apache.hc.client5.http.wire - http-outgoing-2 >> "accept: application/json[\r][\n]"
03:32:50.364 [main] DEBUG com.github.dockerjava.zerodep.shaded.org.apache.hc.client5.http.wire - http-outgoing-2 >> "Accept-Encoding: gzip, x-gzip, deflate[\r][\n]"
03:32:50.364 [main] DEBUG com.github.dockerjava.zerodep.shaded.org.apache.hc.client5.http.wire - http-outgoing-2 >> "Host: localhost:2375[\r][\n]"
03:32:50.364 [main] DEBUG com.github.dockerjava.zerodep.shaded.org.apache.hc.client5.http.wire - http-outgoing-2 >> "Connection: keep-alive[\r][\n]"
03:32:50.364 [main] DEBUG com.github.dockerjava.zerodep.shaded.org.apache.hc.client5.http.wire - http-outgoing-2 >> "User-Agent: Apache-HttpClient/5.0.3 (Java/11.0.15)[\r][\n]"
03:32:50.364 [main] DEBUG com.github.dockerjava.zerodep.shaded.org.apache.hc.client5.http.wire - http-outgoing-2 >> "[\r][\n]"
03:32:50.364 [main] DEBUG com.github.dockerjava.zerodep.shaded.org.apache.hc.client5.http.wire - http-outgoing-2 << "HTTP/1.1 200 OK[\r][\n]"
03:32:50.364 [main] DEBUG com.github.dockerjava.zerodep.shaded.org.apache.hc.client5.http.wire - http-outgoing-2 << "Api-Version: 1.41[\r][\n]"
03:32:50.364 [main] DEBUG com.github.dockerjava.zerodep.shaded.org.apache.hc.client5.http.wire - http-outgoing-2 << "Content-Type: application/json[\r][\n]"
03:32:50.364 [main] DEBUG com.github.dockerjava.zerodep.shaded.org.apache.hc.client5.http.wire - http-outgoing-2 << "Docker-Experimental: false[\r][\n]"
03:32:50.364 [main] DEBUG com.github.dockerjava.zerodep.shaded.org.apache.hc.client5.http.wire - http-outgoing-2 << "Ostype: linux[\r][\n]"
03:32:50.364 [main] DEBUG com.github.dockerjava.zerodep.shaded.org.apache.hc.client5.http.wire - http-outgoing-2 << "Server: Docker/20.10.12 (linux)[\r][\n]"
03:32:50.364 [main] DEBUG com.github.dockerjava.zerodep.shaded.org.apache.hc.client5.http.wire - http-outgoing-2 << "Date: Thu, 23 Jun 2022 02:32:50 GMT[\r][\n]"
03:32:50.364 [main] DEBUG com.github.dockerjava.zerodep.shaded.org.apache.hc.client5.http.wire - http-outgoing-2 << "Transfer-Encoding: chunked[\r][\n]"
03:32:50.364 [main] DEBUG com.github.dockerjava.zerodep.shaded.org.apache.hc.client5.http.wire - http-outgoing-2 << "[\r][\n]"
03:32:50.364 [main] DEBUG com.github.dockerjava.zerodep.shaded.org.apache.hc.client5.http.wire - http-outgoing-2 << "18ed[\r][\n]"
03:32:50.364 [main] DEBUG com.github.dockerjava.zerodep.shaded.org.apache.hc.client5.http.wire - http-outgoing-2 << "{"Id":"9691e31891711283f4d98263d11bc6156717d3e75a0b86a23f3b128a992c1f38","Created":"2022-06-23T02:32:47.03956921Z","Path":"docker-entrypoint.sh","Args":["mysqld"],"State":{"Status":"running","Running":true,"Paused":false,"Restarting":false,"OOMKilled":false,"Dead":false,"Pid":66188,"ExitCode":0,"Error":"","StartedAt":"2022-06-23T02:32:47.703880551Z","FinishedAt":"0001-01-01T00:00:00Z"},"Image":"sha256:65b636d5542b73254ce90cc4b895597dc1adc2c661ca553c38eda159979dded1","ResolvConfPath":"/var/lib/docker/containers/9691e31891711283f4d98263d11bc6156717d3e75a0b86a23f3b128a992c1f38/resolv.conf","HostnamePath":"/var/lib/docker/containers/9691e31891711283f4d98263d11bc6156717d3e75a0b86a23f3b128a992c1f38/hostname","HostsPath":"/var/lib/docker/containers/9691e31891711283f4d98263d11bc6156717d3e75a0b86a23f3b128a992c1f38/hosts","LogPath":"/var/lib/docker/containers/9691e31891711283f4d98263d11bc6156717d3e75a0b86a23f3b128a992c1f38/9691e31891711283f4d98263d11bc6156717d3e75a0b86a23f3b128a992c1f38-json.log","Name":"/xenodochial_satoshi","RestartCount":0,"Driver":"overlay2","Platform":"linux","MountLabel":"","ProcessLabel":"","AppArmorProfile":"docker-default","ExecIDs":null,"HostConfig":{"Binds":[],"ContainerIDFile":"","LogConfig":{"Type":"json-file","Config":{}},"NetworkMode":"default","PortBindings":{"3306/tcp":[{"HostIp":"","HostPort":""}]},"RestartPolicy":{"Name":"","MaximumRetryCount":0},"AutoRemove":false,"VolumeDriver":"","VolumesFrom":[],"CapAdd":null,"CapDrop":null,"CgroupnsMode":"host","Dns":null,"DnsOptions":null,"DnsSearch":null,"ExtraHosts":[],"GroupAdd":null,"IpcMode":"shareable","Cgroup":"","Links":null,"OomScoreAdj":0,"PidMode":"","Privileged":false,"PublishAllPorts":false,"ReadonlyRootfs":false,"SecurityOpt":null,"UTSMode":"","UsernsMode":"","ShmSize":67108864,"Runtime":"runc","ConsoleSize":[0,0],"Isolation":"","CpuShares":0,"Memory":0,"NanoCpus":0,"CgroupParent":"","BlkioWeight":0,"BlkioWeightDevice":null,"BlkioDeviceReadBps":null,"BlkioDeviceWriteBps":null,"BlkioDeviceReadIOps":null,"BlkioDeviceWriteIOps":null,"CpuPeriod":0,"CpuQuota":0,"CpuRealtimePeriod":0,"CpuRealtimeRuntime":0,"CpusetCpus":"","CpusetMems":"","Devices":null,"DeviceCgroupRules":null,"DeviceRequests":null,"KernelMemory":0,"KernelMemoryTCP":0,"MemoryReservation":0,"MemorySwap":0,"MemorySwappiness":null,"OomKillDisable":false,"PidsLimit":null,"Ulimits":null,"CpuCount":0,"CpuPercent":0,"IOMaximumIOps":0,"IOMaximumBandwidth":0,"MaskedPaths":["/proc/asound","/proc/acpi","/proc/kcore","/proc/keys","/proc/latency_stats","/proc/timer_list","/proc/timer_stats","/proc/sched_debug","/proc/scsi","/sys/firmware"],"ReadonlyPaths":["/proc/bus","/proc/fs","/proc/irq","/proc/sys","/proc/sysrq-trigger"]},"GraphDriver":{"Data":{"LowerDir":"/var/lib/docker/overlay2/5529564f52cf969e31e7a1482c27be7ffed19639b506ae2e15b7e7115f699a73-init/diff:/var/lib/docker/overlay2/833a665819b5d9728d3efa7c33135034345a24f83af53b1a1af33d9b64f5492a/diff:/var/lib/docker/overlay2/bd4a2a46c227c2f15475b08c398f37acaab93f4fdba31de015d730efae0a0cfc/diff:/var/lib/docker/overlay2/31ad437d7cba8e64428a2b62db1bbb2a2ec19ca4e439ec493ef4deb50dce2783/diff:/var/lib/docker/overlay2/35173cbd8ec5b88a8888e9abbe75f8694f5d3f96a9b781bb70dc1f0889685741/diff:/var/lib/docker/overlay2/24bf69ac4e8c81062fee44e7c9f746fffbb139c3f7f4b55b4fd1b23bb101b529/diff:/var/lib/docker/overlay2/2f27c96a7775dad186b6f0da325d5a251c80aa1b7f80cf8520f493c5154aee70/diff:/var/lib/docker/overlay2/463a60088c72ddbea82639ded15801e35a79c443f6a26bf1baf320c683cb06af/diff:/var/lib/docker/overlay2/80b8224b23a2ee4b5be635c58ae579fd1913aa95558cd66ab2f5e8430f00a5b8/diff:/var/lib/docker/overlay2/20451fa0b1a07b85d665bc3a0359d721ce4e4c28fa3bce7456ab25e0babae708/diff:/var/lib/docker/overlay2/f80d865cbc6c1c6f57d0963fa6234e7a6409e079eb17f4f13ca41d02731701ad/diff:/var/lib/docker/overlay2/5a3029e0b57c6ec9b985871ff6adf08356aaa0f2a15f1e34c1a7f116ecc4a61d/dif"
03:32:50.365 [main] DEBUG com.github.dockerjava.zerodep.shaded.org.apache.hc.client5.http.headers - http-outgoing-2 << HTTP/1.1 200 OK
03:32:50.365 [main] DEBUG com.github.dockerjava.zerodep.shaded.org.apache.hc.client5.http.headers - http-outgoing-2 << Api-Version: 1.41
03:32:50.365 [main] DEBUG com.github.dockerjava.zerodep.shaded.org.apache.hc.client5.http.headers - http-outgoing-2 << Content-Type: application/json
03:32:50.365 [main] DEBUG com.github.dockerjava.zerodep.shaded.org.apache.hc.client5.http.headers - http-outgoing-2 << Docker-Experimental: false
03:32:50.365 [main] DEBUG com.github.dockerjava.zerodep.shaded.org.apache.hc.client5.http.headers - http-outgoing-2 << Ostype: linux
03:32:50.365 [main] DEBUG com.github.dockerjava.zerodep.shaded.org.apache.hc.client5.http.headers - http-outgoing-2 << Server: Docker/20.10.12 (linux)
03:32:50.365 [main] DEBUG com.github.dockerjava.zerodep.shaded.org.apache.hc.client5.http.headers - http-outgoing-2 << Date: Thu, 23 Jun 2022 02:32:50 GMT
03:32:50.365 [main] DEBUG com.github.dockerjava.zerodep.shaded.org.apache.hc.client5.http.headers - http-outgoing-2 << Transfer-Encoding: chunked
03:32:50.365 [main] DEBUG com.github.dockerjava.zerodep.shaded.org.apache.hc.client5.http.impl.classic.MainClientExec - ex-00000024: connection can be kept alive for 3 MINUTES
03:32:50.365 [main] DEBUG com.github.dockerjava.zerodep.shaded.org.apache.hc.client5.http.wire - http-outgoing-2 << "f:/var/lib/docker/overlay2/4f3423103248d0b381a1bc6a7287e2b42313ff458cea602a02b7379014b03e0e/diff","MergedDir":"/var/lib/docker/overlay2/5529564f52cf969e31e7a1482c27be7ffed19639b506ae2e15b7e7115f699a73/merged","UpperDir":"/var/lib/docker/overlay2/5529564f52cf969e31e7a1482c27be7ffed19639b506ae2e15b7e7115f699a73/diff","WorkDir":"/var/lib/docker/overlay2/5529564f52cf969e31e7a1482c27be7ffed19639b506ae2e15b7e7115f699a73/work"},"Name":"overlay2"},"Mounts":[{"Type":"volume","Name":"fd1f613c7fe3ca3ae799982507ac3f565cc9f6a2dc99ceaed92389e2c43f47d1","Source":"/var/lib/docker/volumes/fd1f613c7fe3ca3ae799982507ac3f565cc9f6a2dc99ceaed92389e2c43f47d1/_data","Destination":"/var/lib/mysql","Driver":"local","Mode":"","RW":true,"Propagation":""}],"Config":{"Hostname":"9691e3189171","Domainname":"","User":"","AttachStdin":false,"AttachStdout":false,"AttachStderr":false,"ExposedPorts":{"3306/tcp":{},"33060/tcp":{}},"Tty":false,"OpenStdin":false,"StdinOnce":false,"Env":["MYSQL_DATABASE=test","MYSQL_PASSWORD=admin","MYSQL_USER=admin","MYSQL_ROOT_PASSWORD=admin","PATH=/usr/local/sbin:/usr/local/bin:/usr/sbin:/usr/bin:/sbin:/bin","GOSU_VERSION=1.14","MYSQL_MAJOR=8.0","MYSQL_VERSION=8.0.29-1debian10"],"Cmd":["mysqld"],"Image":"mysql:8.0","Volumes":{"/var/lib/mysql":{}},"WorkingDir":"","Entrypoint":["docker-entrypoint.sh"],"OnBuild":null,"Labels":{"org.testcontainers":"true","org.testcontainers.sessionId":"d48265e4-2b28-4f8c-aa67-76dd8289af84"}},"NetworkSettings":{"Bridge":"","SandboxID":"d9de8570fe3f0a4e9f3a1ff7101c963bbd2c6a0a9d8a867b96f17f4d5edca537","HairpinMode":false,"LinkLocalIPv6Address":"","LinkLocalIPv6PrefixLen":0,"Ports":{"3306/tcp":[{"HostIp":"0.0.0.0","HostPort":"49160"},{"HostIp":"::","HostPort":"49160"}],"33060/tcp":null},"SandboxKey":"/var/run/docker/netns/d9de8570fe3f","SecondaryIPAddresses":null,"SecondaryIPv6Addresses":null,"EndpointID":"93e8fe159f683a98670e8995677c2b130dbce857fc116679206e206bda319cbf","Gateway":"172.17.0.1","GlobalIPv6Address":"","GlobalIPv6PrefixLen":0,"IPAddress":"172.17.0.3","IPPrefixLen":16,"IPv6Gateway":"","MacAddress":"02:42:ac:11:00:03","Networks":{"bridge":{"IPAMConfig":null,"Links":null,"Aliases":null,"NetworkID":"1853cd2b9856825cc97ed9ef2b12efa82d95bf9cf60ad666c276eb35cc53539e","EndpointID":"93e8fe159f683a98670e8995677c2b130dbce857fc116679206e206bda319cbf","Gateway":"172.17.0.1","IPAddress":"172.17.0.3","IPPrefixLen":16,"IPv6Gateway":"","GlobalIPv6Address":"","GlobalIPv6PrefixLen":0,"MacAddress":"02:42:ac:11:00:03","DriverOpts":null}}}}[\n]"
03:32:50.367 [main] DEBUG com.github.dockerjava.zerodep.shaded.org.apache.hc.client5.http.wire - http-outgoing-2 << "[\r][\n]"
03:32:50.367 [main] DEBUG com.github.dockerjava.zerodep.shaded.org.apache.hc.client5.http.wire - http-outgoing-2 << "0[\r][\n]"
03:32:50.367 [main] DEBUG com.github.dockerjava.zerodep.shaded.org.apache.hc.client5.http.wire - http-outgoing-2 << "[\r][\n]"
03:32:50.367 [main] DEBUG com.github.dockerjava.zerodep.shaded.org.apache.hc.client5.http.impl.classic.InternalHttpClient - ep-00000023: releasing valid endpoint
03:32:50.367 [main] DEBUG com.github.dockerjava.zerodep.shaded.org.apache.hc.client5.http.impl.io.PoolingHttpClientConnectionManager - ep-00000023: releasing endpoint
03:32:50.367 [main] DEBUG com.github.dockerjava.zerodep.shaded.org.apache.hc.client5.http.impl.io.PoolingHttpClientConnectionManager - ep-00000023: connection http-outgoing-2 can be kept alive for 3 MINUTES
03:32:50.367 [main] DEBUG com.github.dockerjava.zerodep.shaded.org.apache.hc.client5.http.impl.io.PoolingHttpClientConnectionManager - ep-00000023: connection released [route: {}->unix://localhost:2375][total available: 1; route allocated: 1 of 2147483647; total allocated: 1 of 2147483647]
03:32:50.367 [main] DEBUG 🐳 [mysql:8.0] - Trying to create JDBC connection using com.mysql.cj.jdbc.Driver to jdbc:mysql://localhost:49160/test?useSSL=false&allowPublicKeyRetrieval=true with properties: {password=admin, user=admin}
03:32:50.469 [main] DEBUG org.testcontainers.shaded.com.github.dockerjava.core.command.AbstrDockerCmd - Cmd: 9691e31891711283f4d98263d11bc6156717d3e75a0b86a23f3b128a992c1f38,false
03:32:50.469 [main] DEBUG org.testcontainers.shaded.com.github.dockerjava.core.exec.InspectContainerCmdExec - GET: DefaultWebTarget{path=[/containers/9691e31891711283f4d98263d11bc6156717d3e75a0b86a23f3b128a992c1f38/json], queryParams={}}
03:32:50.470 [main] DEBUG com.github.dockerjava.zerodep.shaded.org.apache.hc.client5.http.impl.classic.InternalHttpClient - ex-00000025: preparing request execution
03:32:50.470 [main] DEBUG com.github.dockerjava.zerodep.shaded.org.apache.hc.client5.http.protocol.RequestAddCookies - Cookie spec selected: strict
03:32:50.470 [main] DEBUG com.github.dockerjava.zerodep.shaded.org.apache.hc.client5.http.protocol.RequestAuthCache - Auth cache not set in the context
03:32:50.470 [main] DEBUG com.github.dockerjava.zerodep.shaded.org.apache.hc.client5.http.impl.classic.ProtocolExec - ex-00000025: target auth state: UNCHALLENGED
03:32:50.470 [main] DEBUG com.github.dockerjava.zerodep.shaded.org.apache.hc.client5.http.impl.classic.ProtocolExec - ex-00000025: proxy auth state: UNCHALLENGED
03:32:50.470 [main] DEBUG com.github.dockerjava.zerodep.shaded.org.apache.hc.client5.http.impl.classic.ConnectExec - ex-00000025: acquiring connection with route {}->unix://localhost:2375
03:32:50.470 [main] DEBUG com.github.dockerjava.zerodep.shaded.org.apache.hc.client5.http.impl.classic.InternalHttpClient - ex-00000025: acquiring endpoint (3 MINUTES)
03:32:50.470 [main] DEBUG com.github.dockerjava.zerodep.shaded.org.apache.hc.client5.http.impl.io.PoolingHttpClientConnectionManager - ex-00000025: endpoint lease request (3 MINUTES) [route: {}->unix://localhost:2375][total available: 1; route allocated: 1 of 2147483647; total allocated: 1 of 2147483647]
03:32:50.470 [main] DEBUG com.github.dockerjava.zerodep.shaded.org.apache.hc.client5.http.impl.io.PoolingHttpClientConnectionManager - ex-00000025: endpoint leased [route: {}->unix://localhost:2375][total available: 0; route allocated: 1 of 2147483647; total allocated: 1 of 2147483647]
03:32:50.470 [main] DEBUG com.github.dockerjava.zerodep.shaded.org.apache.hc.client5.http.impl.io.PoolingHttpClientConnectionManager - ex-00000025: acquired ep-00000024
03:32:50.470 [main] DEBUG com.github.dockerjava.zerodep.shaded.org.apache.hc.client5.http.impl.classic.InternalHttpClient - ex-00000025: acquired endpoint ep-00000024
03:32:50.470 [main] DEBUG com.github.dockerjava.zerodep.shaded.org.apache.hc.client5.http.impl.classic.MainClientExec - ex-00000025: executing GET /v1.32/containers/9691e31891711283f4d98263d11bc6156717d3e75a0b86a23f3b128a992c1f38/json HTTP/1.1
03:32:50.470 [main] DEBUG com.github.dockerjava.zerodep.shaded.org.apache.hc.client5.http.impl.classic.InternalHttpClient - ep-00000024: start execution ex-00000025
03:32:50.470 [main] DEBUG com.github.dockerjava.zerodep.shaded.org.apache.hc.client5.http.impl.io.PoolingHttpClientConnectionManager - ep-00000024: executing exchange ex-00000025 over http-outgoing-2
03:32:50.470 [main] DEBUG com.github.dockerjava.zerodep.shaded.org.apache.hc.client5.http.headers - http-outgoing-2 >> GET /v1.32/containers/9691e31891711283f4d98263d11bc6156717d3e75a0b86a23f3b128a992c1f38/json HTTP/1.1
03:32:50.470 [main] DEBUG com.github.dockerjava.zerodep.shaded.org.apache.hc.client5.http.headers - http-outgoing-2 >> accept: application/json
03:32:50.470 [main] DEBUG com.github.dockerjava.zerodep.shaded.org.apache.hc.client5.http.headers - http-outgoing-2 >> Accept-Encoding: gzip, x-gzip, deflate
03:32:50.470 [main] DEBUG com.github.dockerjava.zerodep.shaded.org.apache.hc.client5.http.headers - http-outgoing-2 >> Host: localhost:2375
03:32:50.470 [main] DEBUG com.github.dockerjava.zerodep.shaded.org.apache.hc.client5.http.headers - http-outgoing-2 >> Connection: keep-alive
03:32:50.470 [main] DEBUG com.github.dockerjava.zerodep.shaded.org.apache.hc.client5.http.headers - http-outgoing-2 >> User-Agent: Apache-HttpClient/5.0.3 (Java/11.0.15)
03:32:50.470 [main] DEBUG com.github.dockerjava.zerodep.shaded.org.apache.hc.client5.http.wire - http-outgoing-2 >> "GET /v1.32/containers/9691e31891711283f4d98263d11bc6156717d3e75a0b86a23f3b128a992c1f38/json HTTP/1.1[\r][\n]"
03:32:50.471 [main] DEBUG com.github.dockerjava.zerodep.shaded.org.apache.hc.client5.http.wire - http-outgoing-2 >> "accept: application/json[\r][\n]"
03:32:50.471 [main] DEBUG com.github.dockerjava.zerodep.shaded.org.apache.hc.client5.http.wire - http-outgoing-2 >> "Accept-Encoding: gzip, x-gzip, deflate[\r][\n]"
03:32:50.471 [main] DEBUG com.github.dockerjava.zerodep.shaded.org.apache.hc.client5.http.wire - http-outgoing-2 >> "Host: localhost:2375[\r][\n]"
03:32:50.471 [main] DEBUG com.github.dockerjava.zerodep.shaded.org.apache.hc.client5.http.wire - http-outgoing-2 >> "Connection: keep-alive[\r][\n]"
03:32:50.471 [main] DEBUG com.github.dockerjava.zerodep.shaded.org.apache.hc.client5.http.wire - http-outgoing-2 >> "User-Agent: Apache-HttpClient/5.0.3 (Java/11.0.15)[\r][\n]"
03:32:50.471 [main] DEBUG com.github.dockerjava.zerodep.shaded.org.apache.hc.client5.http.wire - http-outgoing-2 >> "[\r][\n]"
03:32:50.471 [main] DEBUG com.github.dockerjava.zerodep.shaded.org.apache.hc.client5.http.wire - http-outgoing-2 << "HTTP/1.1 200 OK[\r][\n]"
03:32:50.471 [main] DEBUG com.github.dockerjava.zerodep.shaded.org.apache.hc.client5.http.wire - http-outgoing-2 << "Api-Version: 1.41[\r][\n]"
03:32:50.471 [main] DEBUG com.github.dockerjava.zerodep.shaded.org.apache.hc.client5.http.wire - http-outgoing-2 << "Content-Type: application/json[\r][\n]"
03:32:50.471 [main] DEBUG com.github.dockerjava.zerodep.shaded.org.apache.hc.client5.http.wire - http-outgoing-2 << "Docker-Experimental: false[\r][\n]"
03:32:50.471 [main] DEBUG com.github.dockerjava.zerodep.shaded.org.apache.hc.client5.http.wire - http-outgoing-2 << "Ostype: linux[\r][\n]"
03:32:50.471 [main] DEBUG com.github.dockerjava.zerodep.shaded.org.apache.hc.client5.http.wire - http-outgoing-2 << "Server: Docker/20.10.12 (linux)[\r][\n]"
03:32:50.471 [main] DEBUG com.github.dockerjava.zerodep.shaded.org.apache.hc.client5.http.wire - http-outgoing-2 << "Date: Thu, 23 Jun 2022 02:32:50 GMT[\r][\n]"
03:32:50.471 [main] DEBUG com.github.dockerjava.zerodep.shaded.org.apache.hc.client5.http.wire - http-outgoing-2 << "Transfer-Encoding: chunked[\r][\n]"
03:32:50.471 [main] DEBUG com.github.dockerjava.zerodep.shaded.org.apache.hc.client5.http.wire - http-outgoing-2 << "[\r][\n]"
03:32:50.471 [main] DEBUG com.github.dockerjava.zerodep.shaded.org.apache.hc.client5.http.wire - http-outgoing-2 << "18ed[\r][\n]"
03:32:50.471 [main] DEBUG com.github.dockerjava.zerodep.shaded.org.apache.hc.client5.http.wire - http-outgoing-2 << "{"Id":"9691e31891711283f4d98263d11bc6156717d3e75a0b86a23f3b128a992c1f38","Created":"2022-06-23T02:32:47.03956921Z","Path":"docker-entrypoint.sh","Args":["mysqld"],"State":{"Status":"running","Running":true,"Paused":false,"Restarting":false,"OOMKilled":false,"Dead":false,"Pid":66188,"ExitCode":0,"Error":"","StartedAt":"2022-06-23T02:32:47.703880551Z","FinishedAt":"0001-01-01T00:00:00Z"},"Image":"sha256:65b636d5542b73254ce90cc4b895597dc1adc2c661ca553c38eda159979dded1","ResolvConfPath":"/var/lib/docker/containers/9691e31891711283f4d98263d11bc6156717d3e75a0b86a23f3b128a992c1f38/resolv.conf","HostnamePath":"/var/lib/docker/containers/9691e31891711283f4d98263d11bc6156717d3e75a0b86a23f3b128a992c1f38/hostname","HostsPath":"/var/lib/docker/containers/9691e31891711283f4d98263d11bc6156717d3e75a0b86a23f3b128a992c1f38/hosts","LogPath":"/var/lib/docker/containers/9691e31891711283f4d98263d11bc6156717d3e75a0b86a23f3b128a992c1f38/9691e31891711283f4d98263d11bc6156717d3e75a0b86a23f3b128a992c1f38-json.log","Name":"/xenodochial_satoshi","RestartCount":0,"Driver":"overlay2","Platform":"linux","MountLabel":"","ProcessLabel":"","AppArmorProfile":"docker-default","ExecIDs":null,"HostConfig":{"Binds":[],"ContainerIDFile":"","LogConfig":{"Type":"json-file","Config":{}},"NetworkMode":"default","PortBindings":{"3306/tcp":[{"HostIp":"","HostPort":""}]},"RestartPolicy":{"Name":"","MaximumRetryCount":0},"AutoRemove":false,"VolumeDriver":"","VolumesFrom":[],"CapAdd":null,"CapDrop":null,"CgroupnsMode":"host","Dns":null,"DnsOptions":null,"DnsSearch":null,"ExtraHosts":[],"GroupAdd":null,"IpcMode":"shareable","Cgroup":"","Links":null,"OomScoreAdj":0,"PidMode":"","Privileged":false,"PublishAllPorts":false,"ReadonlyRootfs":false,"SecurityOpt":null,"UTSMode":"","UsernsMode":"","ShmSize":67108864,"Runtime":"runc","ConsoleSize":[0,0],"Isolation":"","CpuShares":0,"Memory":0,"NanoCpus":0,"CgroupParent":"","BlkioWeight":0,"BlkioWeightDevice":null,"BlkioDeviceReadBps":null,"BlkioDeviceWriteBps":null,"BlkioDeviceReadIOps":null,"BlkioDeviceWriteIOps":null,"CpuPeriod":0,"CpuQuota":0,"CpuRealtimePeriod":0,"CpuRealtimeRuntime":0,"CpusetCpus":"","CpusetMems":"","Devices":null,"DeviceCgroupRules":null,"DeviceRequests":null,"KernelMemory":0,"KernelMemoryTCP":0,"MemoryReservation":0,"MemorySwap":0,"MemorySwappiness":null,"OomKillDisable":false,"PidsLimit":null,"Ulimits":null,"CpuCount":0,"CpuPercent":0,"IOMaximumIOps":0,"IOMaximumBandwidth":0,"MaskedPaths":["/proc/asound","/proc/acpi","/proc/kcore","/proc/keys","/proc/latency_stats","/proc/timer_list","/proc/timer_stats","/proc/sched_debug","/proc/scsi","/sys/firmware"],"ReadonlyPaths":["/proc/bus","/proc/fs","/proc/irq","/proc/sys","/proc/sysrq-trigger"]},"GraphDriver":{"Data":{"LowerDir":"/var/lib/docker/overlay2/5529564f52cf969e31e7a1482c27be7ffed19639b506ae2e15b7e7115f699a73-init/diff:/var/lib/docker/overlay2/833a665819b5d9728d3efa7c33135034345a24f83af53b1a1af33d9b64f5492a/diff:/var/lib/docker/overlay2/bd4a2a46c227c2f15475b08c398f37acaab93f4fdba31de015d730efae0a0cfc/diff:/var/lib/docker/overlay2/31ad437d7cba8e64428a2b62db1bbb2a2ec19ca4e439ec493ef4deb50dce2783/diff:/var/lib/docker/overlay2/35173cbd8ec5b88a8888e9abbe75f8694f5d3f96a9b781bb70dc1f0889685741/diff:/var/lib/docker/overlay2/24bf69ac4e8c81062fee44e7c9f746fffbb139c3f7f4b55b4fd1b23bb101b529/diff:/var/lib/docker/overlay2/2f27c96a7775dad186b6f0da325d5a251c80aa1b7f80cf8520f493c5154aee70/diff:/var/lib/docker/overlay2/463a60088c72ddbea82639ded15801e35a79c443f6a26bf1baf320c683cb06af/diff:/var/lib/docker/overlay2/80b8224b23a2ee4b5be635c58ae579fd1913aa95558cd66ab2f5e8430f00a5b8/diff:/var/lib/docker/overlay2/20451fa0b1a07b85d665bc3a0359d721ce4e4c28fa3bce7456ab25e0babae708/diff:/var/lib/docker/overlay2/f80d865cbc6c1c6f57d0963fa6234e7a6409e079eb17f4f13ca41d02731701ad/diff:/var/lib/docker/overlay2/5a3029e0b57c6ec9b985871ff6adf08356aaa0f2a15f1e34c1a7f116ecc4a61d/diff:/var/lib/docker/overlay2/4f3423103248d0b381a1bc6a7287e2b42313ff458cea602a02b7379014b03e0e/diff","MergedDir":"/var/lib/docker/overlay2/5529564f52cf969e31e7a1482c27be7ffed19639b506ae2e15b7e7115f699a73/merged","UpperDir":"/var/lib/docker/overlay2/5529564f52cf969e31e7a1482c27be7ffed19639b506ae2e15b7e7115f699a73/diff","WorkDir":"/var/lib/docker/overlay2/5529564f52cf969e31e7a1482c27be7ffed19639b506ae2e15b7e7115f699a73/work"},"Name":"overlay2"},"Mounts":[{"Type":"volume","Name":"fd1f613c7fe3ca3ae799982507ac3f565cc9f6a2dc99ceaed92389e2c43f47d1","Source":"/var/lib/docker/volumes/fd1f613c7fe3ca3ae799982507ac3f565cc9f6a2dc99ceaed92389e2c43f47d1/_data","Destination":"/var/lib/mysql","Driver":"local","Mode":"","RW":true,"Propagation":""}],"Config":{"Hostname":"9691e3189171","Domainname":"","User":"","AttachStdin":false,"AttachStdout":false,"AttachStderr":false,"ExposedPorts":{"3306/tcp":{},"33060/tcp":{}},"Tty":false,"OpenStdin":false,"StdinOnce":false,"Env":["MYSQL_DATABASE=test","MYSQL_PASSWORD=admin","MYSQL_USER=admin","MYSQL_ROOT_PASSWORD=admin","PATH=/usr/local/sbin:/usr/local/bin:/usr/sbin:/usr/bin:/sbin:/bin","GOSU_VERSION=1.14","MYSQL_MAJOR=8.0","MYSQL_VERSION=8.0.29-1debian10"],"Cmd":["mysqld"],"Image":"mysql:8.0","Volumes":{"/var/lib/mysql":{}},"WorkingDir":"","Entrypoint":["docker-entrypoint.sh"],"OnBuild":null,"Labels":{"org.testcontainers":"true","org.testcontainers.sessionId":"d48265e4-2b28-4f8c-aa67-76dd8289af84"}},"NetworkSettings":{"Bridge":"","SandboxID":"d9de8570fe3f0a4e9f3a1ff7101c963bbd2c6a0a9d8a867b96f17f4d5edca537","HairpinMode":false,"LinkLocalIPv6Address":"","LinkLocalIPv6PrefixLen":0,"Ports":{"3306/tcp":[{"HostIp":"0.0.0.0","HostPort":"49160"},{"HostIp":"::","HostPort":"49160"}],"33060/tcp":null},"SandboxKey":"/var/run/docker/netns/d9de8570fe3f","SecondaryIPAddresses":null,"SecondaryIPv6Addresses":null,"EndpointID":"93e8fe159f683a98670e8995677c2b130dbce857fc116679206e206bda319cbf","Gateway":"172.17.0.1","GlobalIPv6Address":"","GlobalIPv6PrefixLen":0,"IPAddress":"172.17.0.3","IPPrefixLen":16,"IPv6Gateway":"","MacAddress":"02:42:ac:11:00:03","Networks":{"bridge":{"IPAMConfig":null,"Links":null,"Aliases":null,"NetworkID":"1853cd2b9856825cc97ed9ef2b12efa82d95bf9cf60ad666c276eb35cc53539e","EndpointID":"93e8fe159f683a98670e8995677c2b130dbce857fc116679206e206bda319cbf","Gateway":"172.17.0.1","IPAddress":"172.17.0.3","IPPrefixLen":16,"IPv6Gateway":"","GlobalIPv6Address":"","GlobalIPv6PrefixLen":0,"MacAddress":"02:42:ac:11:00:03","DriverOpts":null}}}}[\n]"
03:32:50.471 [main] DEBUG com.github.dockerjava.zerodep.shaded.org.apache.hc.client5.http.wire - http-outgoing-2 << "[\r][\n]"
03:32:50.471 [main] DEBUG com.github.dockerjava.zerodep.shaded.org.apache.hc.client5.http.wire - http-outgoing-2 << "0[\r][\n]"
03:32:50.471 [main] DEBUG com.github.dockerjava.zerodep.shaded.org.apache.hc.client5.http.wire - http-outgoing-2 << "[\r][\n]"
03:32:50.472 [main] DEBUG com.github.dockerjava.zerodep.shaded.org.apache.hc.client5.http.headers - http-outgoing-2 << HTTP/1.1 200 OK
03:32:50.472 [main] DEBUG com.github.dockerjava.zerodep.shaded.org.apache.hc.client5.http.headers - http-outgoing-2 << Api-Version: 1.41
03:32:50.472 [main] DEBUG com.github.dockerjava.zerodep.shaded.org.apache.hc.client5.http.headers - http-outgoing-2 << Content-Type: application/json
03:32:50.472 [main] DEBUG com.github.dockerjava.zerodep.shaded.org.apache.hc.client5.http.headers - http-outgoing-2 << Docker-Experimental: false
03:32:50.472 [main] DEBUG com.github.dockerjava.zerodep.shaded.org.apache.hc.client5.http.headers - http-outgoing-2 << Ostype: linux
03:32:50.472 [main] DEBUG com.github.dockerjava.zerodep.shaded.org.apache.hc.client5.http.headers - http-outgoing-2 << Server: Docker/20.10.12 (linux)
03:32:50.472 [main] DEBUG com.github.dockerjava.zerodep.shaded.org.apache.hc.client5.http.headers - http-outgoing-2 << Date: Thu, 23 Jun 2022 02:32:50 GMT
03:32:50.472 [main] DEBUG com.github.dockerjava.zerodep.shaded.org.apache.hc.client5.http.headers - http-outgoing-2 << Transfer-Encoding: chunked
03:32:50.472 [main] DEBUG com.github.dockerjava.zerodep.shaded.org.apache.hc.client5.http.impl.classic.MainClientExec - ex-00000025: connection can be kept alive for 3 MINUTES
03:32:50.473 [main] DEBUG com.github.dockerjava.zerodep.shaded.org.apache.hc.client5.http.impl.classic.InternalHttpClient - ep-00000024: releasing valid endpoint
03:32:50.473 [main] DEBUG com.github.dockerjava.zerodep.shaded.org.apache.hc.client5.http.impl.io.PoolingHttpClientConnectionManager - ep-00000024: releasing endpoint
03:32:50.474 [main] DEBUG com.github.dockerjava.zerodep.shaded.org.apache.hc.client5.http.impl.io.PoolingHttpClientConnectionManager - ep-00000024: connection http-outgoing-2 can be kept alive for 3 MINUTES
03:32:50.474 [main] DEBUG com.github.dockerjava.zerodep.shaded.org.apache.hc.client5.http.impl.io.PoolingHttpClientConnectionManager - ep-00000024: connection released [route: {}->unix://localhost:2375][total available: 1; route allocated: 1 of 2147483647; total allocated: 1 of 2147483647]
03:32:50.474 [main] DEBUG 🐳 [mysql:8.0] - Trying to create JDBC connection using com.mysql.cj.jdbc.Driver to jdbc:mysql://localhost:49160/test?useSSL=false&allowPublicKeyRetrieval=true with properties: {password=admin, user=admin}
03:32:50.578 [main] DEBUG org.testcontainers.shaded.com.github.dockerjava.core.command.AbstrDockerCmd - Cmd: 9691e31891711283f4d98263d11bc6156717d3e75a0b86a23f3b128a992c1f38,false
03:32:50.579 [main] DEBUG org.testcontainers.shaded.com.github.dockerjava.core.exec.InspectContainerCmdExec - GET: DefaultWebTarget{path=[/containers/9691e31891711283f4d98263d11bc6156717d3e75a0b86a23f3b128a992c1f38/json], queryParams={}}
03:32:50.579 [main] DEBUG com.github.dockerjava.zerodep.shaded.org.apache.hc.client5.http.impl.classic.InternalHttpClient - ex-00000026: preparing request execution
03:32:50.579 [main] DEBUG com.github.dockerjava.zerodep.shaded.org.apache.hc.client5.http.protocol.RequestAddCookies - Cookie spec selected: strict
03:32:50.579 [main] DEBUG com.github.dockerjava.zerodep.shaded.org.apache.hc.client5.http.protocol.RequestAuthCache - Auth cache not set in the context
03:32:50.579 [main] DEBUG com.github.dockerjava.zerodep.shaded.org.apache.hc.client5.http.impl.classic.ProtocolExec - ex-00000026: target auth state: UNCHALLENGED
03:32:50.579 [main] DEBUG com.github.dockerjava.zerodep.shaded.org.apache.hc.client5.http.impl.classic.ProtocolExec - ex-00000026: proxy auth state: UNCHALLENGED
03:32:50.579 [main] DEBUG com.github.dockerjava.zerodep.shaded.org.apache.hc.client5.http.impl.classic.ConnectExec - ex-00000026: acquiring connection with route {}->unix://localhost:2375
03:32:50.579 [main] DEBUG com.github.dockerjava.zerodep.shaded.org.apache.hc.client5.http.impl.classic.InternalHttpClient - ex-00000026: acquiring endpoint (3 MINUTES)
03:32:50.579 [main] DEBUG com.github.dockerjava.zerodep.shaded.org.apache.hc.client5.http.impl.io.PoolingHttpClientConnectionManager - ex-00000026: endpoint lease request (3 MINUTES) [route: {}->unix://localhost:2375][total available: 1; route allocated: 1 of 2147483647; total allocated: 1 of 2147483647]
03:32:50.580 [main] DEBUG com.github.dockerjava.zerodep.shaded.org.apache.hc.client5.http.impl.io.PoolingHttpClientConnectionManager - ex-00000026: endpoint leased [route: {}->unix://localhost:2375][total available: 0; route allocated: 1 of 2147483647; total allocated: 1 of 2147483647]
03:32:50.580 [main] DEBUG com.github.dockerjava.zerodep.shaded.org.apache.hc.client5.http.impl.io.PoolingHttpClientConnectionManager - ex-00000026: acquired ep-00000025
03:32:50.580 [main] DEBUG com.github.dockerjava.zerodep.shaded.org.apache.hc.client5.http.impl.classic.InternalHttpClient - ex-00000026: acquired endpoint ep-00000025
03:32:50.580 [main] DEBUG com.github.dockerjava.zerodep.shaded.org.apache.hc.client5.http.impl.classic.MainClientExec - ex-00000026: executing GET /v1.32/containers/9691e31891711283f4d98263d11bc6156717d3e75a0b86a23f3b128a992c1f38/json HTTP/1.1
03:32:50.580 [main] DEBUG com.github.dockerjava.zerodep.shaded.org.apache.hc.client5.http.impl.classic.InternalHttpClient - ep-00000025: start execution ex-00000026
03:32:50.580 [main] DEBUG com.github.dockerjava.zerodep.shaded.org.apache.hc.client5.http.impl.io.PoolingHttpClientConnectionManager - ep-00000025: executing exchange ex-00000026 over http-outgoing-2
03:32:50.580 [main] DEBUG com.github.dockerjava.zerodep.shaded.org.apache.hc.client5.http.headers - http-outgoing-2 >> GET /v1.32/containers/9691e31891711283f4d98263d11bc6156717d3e75a0b86a23f3b128a992c1f38/json HTTP/1.1
03:32:50.580 [main] DEBUG com.github.dockerjava.zerodep.shaded.org.apache.hc.client5.http.headers - http-outgoing-2 >> accept: application/json
03:32:50.580 [main] DEBUG com.github.dockerjava.zerodep.shaded.org.apache.hc.client5.http.headers - http-outgoing-2 >> Accept-Encoding: gzip, x-gzip, deflate
03:32:50.580 [main] DEBUG com.github.dockerjava.zerodep.shaded.org.apache.hc.client5.http.headers - http-outgoing-2 >> Host: localhost:2375
03:32:50.580 [main] DEBUG com.github.dockerjava.zerodep.shaded.org.apache.hc.client5.http.headers - http-outgoing-2 >> Connection: keep-alive
03:32:50.580 [main] DEBUG com.github.dockerjava.zerodep.shaded.org.apache.hc.client5.http.headers - http-outgoing-2 >> User-Agent: Apache-HttpClient/5.0.3 (Java/11.0.15)
03:32:50.580 [main] DEBUG com.github.dockerjava.zerodep.shaded.org.apache.hc.client5.http.wire - http-outgoing-2 >> "GET /v1.32/containers/9691e31891711283f4d98263d11bc6156717d3e75a0b86a23f3b128a992c1f38/json HTTP/1.1[\r][\n]"
03:32:50.580 [main] DEBUG com.github.dockerjava.zerodep.shaded.org.apache.hc.client5.http.wire - http-outgoing-2 >> "accept: application/json[\r][\n]"
03:32:50.580 [main] DEBUG com.github.dockerjava.zerodep.shaded.org.apache.hc.client5.http.wire - http-outgoing-2 >> "Accept-Encoding: gzip, x-gzip, deflate[\r][\n]"
03:32:50.580 [main] DEBUG com.github.dockerjava.zerodep.shaded.org.apache.hc.client5.http.wire - http-outgoing-2 >> "Host: localhost:2375[\r][\n]"
03:32:50.580 [main] DEBUG com.github.dockerjava.zerodep.shaded.org.apache.hc.client5.http.wire - http-outgoing-2 >> "Connection: keep-alive[\r][\n]"
03:32:50.580 [main] DEBUG com.github.dockerjava.zerodep.shaded.org.apache.hc.client5.http.wire - http-outgoing-2 >> "User-Agent: Apache-HttpClient/5.0.3 (Java/11.0.15)[\r][\n]"
03:32:50.580 [main] DEBUG com.github.dockerjava.zerodep.shaded.org.apache.hc.client5.http.wire - http-outgoing-2 >> "[\r][\n]"
03:32:50.581 [main] DEBUG com.github.dockerjava.zerodep.shaded.org.apache.hc.client5.http.wire - http-outgoing-2 << "HTTP/1.1 200 OK[\r][\n]"
03:32:50.581 [main] DEBUG com.github.dockerjava.zerodep.shaded.org.apache.hc.client5.http.wire - http-outgoing-2 << "Api-Version: 1.41[\r][\n]"
03:32:50.581 [main] DEBUG com.github.dockerjava.zerodep.shaded.org.apache.hc.client5.http.wire - http-outgoing-2 << "Content-Type: application/json[\r][\n]"
03:32:50.581 [main] DEBUG com.github.dockerjava.zerodep.shaded.org.apache.hc.client5.http.wire - http-outgoing-2 << "Docker-Experimental: false[\r][\n]"
03:32:50.581 [main] DEBUG com.github.dockerjava.zerodep.shaded.org.apache.hc.client5.http.wire - http-outgoing-2 << "Ostype: linux[\r][\n]"
03:32:50.581 [main] DEBUG com.github.dockerjava.zerodep.shaded.org.apache.hc.client5.http.wire - http-outgoing-2 << "Server: Docker/20.10.12 (linux)[\r][\n]"
03:32:50.581 [main] DEBUG com.github.dockerjava.zerodep.shaded.org.apache.hc.client5.http.wire - http-outgoing-2 << "Date: Thu, 23 Jun 2022 02:32:50 GMT[\r][\n]"
03:32:50.581 [main] DEBUG com.github.dockerjava.zerodep.shaded.org.apache.hc.client5.http.wire - http-outgoing-2 << "Transfer-Encoding: chunked[\r][\n]"
03:32:50.581 [main] DEBUG com.github.dockerjava.zerodep.shaded.org.apache.hc.client5.http.wire - http-outgoing-2 << "[\r][\n]"
03:32:50.581 [main] DEBUG com.github.dockerjava.zerodep.shaded.org.apache.hc.client5.http.wire - http-outgoing-2 << "18ed[\r][\n]"
03:32:50.581 [main] DEBUG com.github.dockerjava.zerodep.shaded.org.apache.hc.client5.http.wire - http-outgoing-2 << "{"Id":"9691e31891711283f4d98263d11bc6156717d3e75a0b86a23f3b128a992c1f38","Created":"2022-06-23T02:32:47.03956921Z","Path":"docker-entrypoint.sh","Args":["mysqld"],"State":{"Status":"running","Running":true,"Paused":false,"Restarting":false,"OOMKilled":false,"Dead":false,"Pid":66188,"ExitCode":0,"Error":"","StartedAt":"2022-06-23T02:32:47.703880551Z","FinishedAt":"0001-01-01T00:00:00Z"},"Image":"sha256:65b636d5542b73254ce90cc4b895597dc1adc2c661ca553c38eda159979dded1","ResolvConfPath":"/var/lib/docker/containers/9691e31891711283f4d98263d11bc6156717d3e75a0b86a23f3b128a992c1f38/resolv.conf","HostnamePath":"/var/lib/docker/containers/9691e31891711283f4d98263d11bc6156717d3e75a0b86a23f3b128a992c1f38/hostname","HostsPath":"/var/lib/docker/containers/9691e31891711283f4d98263d11bc6156717d3e75a0b86a23f3b128a992c1f38/hosts","LogPath":"/var/lib/docker/containers/9691e31891711283f4d98263d11bc6156717d3e75a0b86a23f3b128a992c1f38/9691e31891711283f4d98263d11bc6156717d3e75a0b86a23f3b128a992c1f38-json.log","Name":"/xenodochial_satoshi","RestartCount":0,"Driver":"overlay2","Platform":"linux","MountLabel":"","ProcessLabel":"","AppArmorProfile":"docker-default","ExecIDs":null,"HostConfig":{"Binds":[],"ContainerIDFile":"","LogConfig":{"Type":"json-file","Config":{}},"NetworkMode":"default","PortBindings":{"3306/tcp":[{"HostIp":"","HostPort":""}]},"RestartPolicy":{"Name":"","MaximumRetryCount":0},"AutoRemove":false,"VolumeDriver":"","VolumesFrom":[],"CapAdd":null,"CapDrop":null,"CgroupnsMode":"host","Dns":null,"DnsOptions":null,"DnsSearch":null,"ExtraHosts":[],"GroupAdd":null,"IpcMode":"shareable","Cgroup":"","Links":null,"OomScoreAdj":0,"PidMode":"","Privileged":false,"PublishAllPorts":false,"ReadonlyRootfs":false,"SecurityOpt":null,"UTSMode":"","UsernsMode":"","ShmSize":67108864,"Runtime":"runc","ConsoleSize":[0,0],"Isolation":"","CpuShares":0,"Memory":0,"NanoCpus":0,"CgroupParent":"","BlkioWeight":0,"BlkioWeightDevice":null,"BlkioDeviceReadBps":null,"BlkioDeviceWriteBps":null,"BlkioDeviceReadIOps":null,"BlkioDeviceWriteIOps":null,"CpuPeriod":0,"CpuQuota":0,"CpuRealtimePeriod":0,"CpuRealtimeRuntime":0,"CpusetCpus":"","CpusetMems":"","Devices":null,"DeviceCgroupRules":null,"DeviceRequests":null,"KernelMemory":0,"KernelMemoryTCP":0,"MemoryReservation":0,"MemorySwap":0,"MemorySwappiness":null,"OomKillDisable":false,"PidsLimit":null,"Ulimits":null,"CpuCount":0,"CpuPercent":0,"IOMaximumIOps":0,"IOMaximumBandwidth":0,"MaskedPaths":["/proc/asound","/proc/acpi","/proc/kcore","/proc/keys","/proc/latency_stats","/proc/timer_list","/proc/timer_stats","/proc/sched_debug","/proc/scsi","/sys/firmware"],"ReadonlyPaths":["/proc/bus","/proc/fs","/proc/irq","/proc/sys","/proc/sysrq-trigger"]},"GraphDriver":{"Data":{"LowerDir":"/var/lib/docker/overlay2/5529564f52cf969e31e7a1482c27be7ffed19639b506ae2e15b7e7115f699a73-init/diff:/var/lib/docker/overlay2/833a665819b5d9728d3efa7c33135034345a24f83af53b1a1af33d9b64f5492a/diff:/var/lib/docker/overlay2/bd4a2a46c227c2f15475b08c398f37acaab93f4fdba31de015d730efae0a0cfc/diff:/var/lib/docker/overlay2/31ad437d7cba8e64428a2b62db1bbb2a2ec19ca4e439ec493ef4deb50dce2783/diff:/var/lib/docker/overlay2/35173cbd8ec5b88a8888e9abbe75f8694f5d3f96a9b781bb70dc1f0889685741/diff:/var/lib/docker/overlay2/24bf69ac4e8c81062fee44e7c9f746fffbb139c3f7f4b55b4fd1b23bb101b529/diff:/var/lib/docker/overlay2/2f27c96a7775dad186b6f0da325d5a251c80aa1b7f80cf8520f493c5154aee70/diff:/var/lib/docker/overlay2/463a60088c72ddbea82639ded15801e35a79c443f6a26bf1baf320c683cb06af/diff:/var/lib/docker/overlay2/80b8224b23a2ee4b5be635c58ae579fd1913aa95558cd66ab2f5e8430f00a5b8/diff:/var/lib/docker/overlay2/20451fa0b1a07b85d665bc3a0359d721ce4e4c28fa3bce7456ab25e0babae708/diff:/var/lib/docker/overlay2/f80d865cbc6c1c6f57d0963fa6234e7a6409e079eb17f4f13ca41d02731701ad/diff:/var/lib/docker/overlay2/5a3029e0b57c6ec9b985871ff6adf08356aaa0f2a15f1e34c1a7f116ecc4a61d/diff:/var/lib/docker/overlay2/4f3423103248d0b381a1bc6a7287e2b42313ff458cea602a02b7379014b03e0e/diff","MergedDir":"/var/lib/docker/overlay2/5529564f52cf969e31e7a1482c27be7ffed19639b506ae2e15b7e7115f699a73/merged","UpperDir":"/var/lib/docker/overlay2/5529564f52cf969e31e7a1482c27be7ffed19639b506ae2e15b7e7115f699a73/diff","WorkDir":"/var/lib/docker/overlay2/5529564f52cf969e31e7a1482c27be7ffed19639b506ae2e15b7e7115f699a73/work"},"Name":"overlay2"},"Mounts":[{"Type":"volume","Name":"fd1f613c7fe3ca3ae799982507ac3f565cc9f6a2dc99ceaed92389e2c43f47d1","Source":"/var/lib/docker/volumes/fd1f613c7fe3ca3ae799982507ac3f565cc9f6a2dc99ceaed92389e2c43f47d1/_data","Destination":"/var/lib/mysql","Driver":"local","Mode":"","RW":true,"Propagation":""}],"Config":{"Hostname":"9691e3189171","Domainname":"","User":"","AttachStdin":false,"AttachStdout":false,"AttachStderr":false,"ExposedPorts":{"3306/tcp":{},"33060/tcp":{}},"Tty":false,"OpenStdin":false,"StdinOnce":false,"Env":["MYSQL_DATABASE=test","MYSQL_PASSWORD=admin","MYSQL_USER=admin","MYSQL_ROOT_PASSWORD=admin","PATH=/usr/local/sbin:/usr/local/bin:/usr/sbin:/usr/bin:/sbin:/bin","GOSU_VERSION=1.14","MYSQL_MAJOR=8.0","MYSQL_VERSION=8.0.29-1debian10"],"Cmd":["mysqld"],"Image":"mysql:8.0","Volumes":{"/var/lib/mysql":{}},"WorkingDir":"","Entrypoint":["docker-entrypoint.sh"],"OnBuild":null,"Labels":{"org.testcontainers":"true","org.testcontainers.sessionId":"d48265e4-2b28-4f8c-aa67-76dd8289af84"}},"NetworkSettings":{"Bridge":"","SandboxID":"d9de8570fe3f0a4e9f3a1ff7101c963bbd2c6a0a9d8a867b96f17f4d5edca537","HairpinMode":false,"LinkLocalIPv6Address":"","LinkLocalIPv6PrefixLen":0,"Ports":{"3306/tcp":[{"HostIp":"0.0.0.0","HostPort":"49160"},{"HostIp":"::","HostPort":"49160"}],"33060/tcp":null},"SandboxKey":"/var/run/docker/netns/d9de8570fe3f","SecondaryIPAddresses":null,"SecondaryIPv6Addresses":null,"EndpointID":"93e8fe159f683a98670e8995677c2b130dbce857fc116679206e206bda319cbf","Gateway":"172.17.0.1","GlobalIPv6Address":"","GlobalIPv6PrefixLen":0,"IPAddress":"172.17.0.3","IPPrefixLen":16,"IPv6Gateway":"","MacAddress":"02:42:ac:11:00:03","Networks":{"bridge":{"IPAMConfig":null,"Links":null,"Aliases":null,"NetworkID":"1853cd2b9856825cc97ed9ef2b12efa82d95bf9cf60ad666c276eb35cc53539e","EndpointID":"93e8fe159f683a98670e8995677c2b130dbce857fc116679206e206bda319cbf","Gateway":"172.17.0.1","IPAddress":"172.17.0.3","IPPrefixLen":16,"IPv6Gateway":"","GlobalIPv6Address":"","GlobalIPv6PrefixLen":0,"MacAddress":"02:42:ac:11:00:03","DriverOpts":null}}}}[\n]"
03:32:50.581 [main] DEBUG com.github.dockerjava.zerodep.shaded.org.apache.hc.client5.http.wire - http-outgoing-2 << "[\r][\n]"
03:32:50.581 [main] DEBUG com.github.dockerjava.zerodep.shaded.org.apache.hc.client5.http.wire - http-outgoing-2 << "0[\r][\n]"
03:32:50.581 [main] DEBUG com.github.dockerjava.zerodep.shaded.org.apache.hc.client5.http.wire - http-outgoing-2 << "[\r][\n]"
03:32:50.581 [main] DEBUG com.github.dockerjava.zerodep.shaded.org.apache.hc.client5.http.headers - http-outgoing-2 << HTTP/1.1 200 OK
03:32:50.581 [main] DEBUG com.github.dockerjava.zerodep.shaded.org.apache.hc.client5.http.headers - http-outgoing-2 << Api-Version: 1.41
03:32:50.581 [main] DEBUG com.github.dockerjava.zerodep.shaded.org.apache.hc.client5.http.headers - http-outgoing-2 << Content-Type: application/json
03:32:50.581 [main] DEBUG com.github.dockerjava.zerodep.shaded.org.apache.hc.client5.http.headers - http-outgoing-2 << Docker-Experimental: false
03:32:50.581 [main] DEBUG com.github.dockerjava.zerodep.shaded.org.apache.hc.client5.http.headers - http-outgoing-2 << Ostype: linux
03:32:50.581 [main] DEBUG com.github.dockerjava.zerodep.shaded.org.apache.hc.client5.http.headers - http-outgoing-2 << Server: Docker/20.10.12 (linux)
03:32:50.581 [main] DEBUG com.github.dockerjava.zerodep.shaded.org.apache.hc.client5.http.headers - http-outgoing-2 << Date: Thu, 23 Jun 2022 02:32:50 GMT
03:32:50.581 [main] DEBUG com.github.dockerjava.zerodep.shaded.org.apache.hc.client5.http.headers - http-outgoing-2 << Transfer-Encoding: chunked
03:32:50.581 [main] DEBUG com.github.dockerjava.zerodep.shaded.org.apache.hc.client5.http.impl.classic.MainClientExec - ex-00000026: connection can be kept alive for 3 MINUTES
03:32:50.583 [main] DEBUG com.github.dockerjava.zerodep.shaded.org.apache.hc.client5.http.impl.classic.InternalHttpClient - ep-00000025: releasing valid endpoint
03:32:50.583 [main] DEBUG com.github.dockerjava.zerodep.shaded.org.apache.hc.client5.http.impl.io.PoolingHttpClientConnectionManager - ep-00000025: releasing endpoint
03:32:50.583 [main] DEBUG com.github.dockerjava.zerodep.shaded.org.apache.hc.client5.http.impl.io.PoolingHttpClientConnectionManager - ep-00000025: connection http-outgoing-2 can be kept alive for 3 MINUTES
03:32:50.583 [main] DEBUG com.github.dockerjava.zerodep.shaded.org.apache.hc.client5.http.impl.io.PoolingHttpClientConnectionManager - ep-00000025: connection released [route: {}->unix://localhost:2375][total available: 1; route allocated: 1 of 2147483647; total allocated: 1 of 2147483647]
03:32:50.583 [main] DEBUG 🐳 [mysql:8.0] - Trying to create JDBC connection using com.mysql.cj.jdbc.Driver to jdbc:mysql://localhost:49160/test?useSSL=false&allowPublicKeyRetrieval=true with properties: {password=admin, user=admin}
03:32:50.685 [main] DEBUG org.testcontainers.shaded.com.github.dockerjava.core.command.AbstrDockerCmd - Cmd: 9691e31891711283f4d98263d11bc6156717d3e75a0b86a23f3b128a992c1f38,false
03:32:50.685 [main] DEBUG org.testcontainers.shaded.com.github.dockerjava.core.exec.InspectContainerCmdExec - GET: DefaultWebTarget{path=[/containers/9691e31891711283f4d98263d11bc6156717d3e75a0b86a23f3b128a992c1f38/json], queryParams={}}
03:32:50.685 [main] DEBUG com.github.dockerjava.zerodep.shaded.org.apache.hc.client5.http.impl.classic.InternalHttpClient - ex-00000027: preparing request execution
03:32:50.685 [main] DEBUG com.github.dockerjava.zerodep.shaded.org.apache.hc.client5.http.protocol.RequestAddCookies - Cookie spec selected: strict
03:32:50.685 [main] DEBUG com.github.dockerjava.zerodep.shaded.org.apache.hc.client5.http.protocol.RequestAuthCache - Auth cache not set in the context
03:32:50.685 [main] DEBUG com.github.dockerjava.zerodep.shaded.org.apache.hc.client5.http.impl.classic.ProtocolExec - ex-00000027: target auth state: UNCHALLENGED
03:32:50.685 [main] DEBUG com.github.dockerjava.zerodep.shaded.org.apache.hc.client5.http.impl.classic.ProtocolExec - ex-00000027: proxy auth state: UNCHALLENGED
03:32:50.685 [main] DEBUG com.github.dockerjava.zerodep.shaded.org.apache.hc.client5.http.impl.classic.ConnectExec - ex-00000027: acquiring connection with route {}->unix://localhost:2375
03:32:50.685 [main] DEBUG com.github.dockerjava.zerodep.shaded.org.apache.hc.client5.http.impl.classic.InternalHttpClient - ex-00000027: acquiring endpoint (3 MINUTES)
03:32:50.685 [main] DEBUG com.github.dockerjava.zerodep.shaded.org.apache.hc.client5.http.impl.io.PoolingHttpClientConnectionManager - ex-00000027: endpoint lease request (3 MINUTES) [route: {}->unix://localhost:2375][total available: 1; route allocated: 1 of 2147483647; total allocated: 1 of 2147483647]
03:32:50.686 [main] DEBUG com.github.dockerjava.zerodep.shaded.org.apache.hc.client5.http.impl.io.PoolingHttpClientConnectionManager - ex-00000027: endpoint leased [route: {}->unix://localhost:2375][total available: 0; route allocated: 1 of 2147483647; total allocated: 1 of 2147483647]
03:32:50.686 [main] DEBUG com.github.dockerjava.zerodep.shaded.org.apache.hc.client5.http.impl.io.PoolingHttpClientConnectionManager - ex-00000027: acquired ep-00000026
03:32:50.686 [main] DEBUG com.github.dockerjava.zerodep.shaded.org.apache.hc.client5.http.impl.classic.InternalHttpClient - ex-00000027: acquired endpoint ep-00000026
03:32:50.686 [main] DEBUG com.github.dockerjava.zerodep.shaded.org.apache.hc.client5.http.impl.classic.MainClientExec - ex-00000027: executing GET /v1.32/containers/9691e31891711283f4d98263d11bc6156717d3e75a0b86a23f3b128a992c1f38/json HTTP/1.1
03:32:50.686 [main] DEBUG com.github.dockerjava.zerodep.shaded.org.apache.hc.client5.http.impl.classic.InternalHttpClient - ep-00000026: start execution ex-00000027
03:32:50.686 [main] DEBUG com.github.dockerjava.zerodep.shaded.org.apache.hc.client5.http.impl.io.PoolingHttpClientConnectionManager - ep-00000026: executing exchange ex-00000027 over http-outgoing-2
03:32:50.686 [main] DEBUG com.github.dockerjava.zerodep.shaded.org.apache.hc.client5.http.headers - http-outgoing-2 >> GET /v1.32/containers/9691e31891711283f4d98263d11bc6156717d3e75a0b86a23f3b128a992c1f38/json HTTP/1.1
03:32:50.686 [main] DEBUG com.github.dockerjava.zerodep.shaded.org.apache.hc.client5.http.headers - http-outgoing-2 >> accept: application/json
03:32:50.686 [main] DEBUG com.github.dockerjava.zerodep.shaded.org.apache.hc.client5.http.headers - http-outgoing-2 >> Accept-Encoding: gzip, x-gzip, deflate
03:32:50.686 [main] DEBUG com.github.dockerjava.zerodep.shaded.org.apache.hc.client5.http.headers - http-outgoing-2 >> Host: localhost:2375
03:32:50.686 [main] DEBUG com.github.dockerjava.zerodep.shaded.org.apache.hc.client5.http.headers - http-outgoing-2 >> Connection: keep-alive
03:32:50.686 [main] DEBUG com.github.dockerjava.zerodep.shaded.org.apache.hc.client5.http.headers - http-outgoing-2 >> User-Agent: Apache-HttpClient/5.0.3 (Java/11.0.15)
03:32:50.686 [main] DEBUG com.github.dockerjava.zerodep.shaded.org.apache.hc.client5.http.wire - http-outgoing-2 >> "GET /v1.32/containers/9691e31891711283f4d98263d11bc6156717d3e75a0b86a23f3b128a992c1f38/json HTTP/1.1[\r][\n]"
03:32:50.686 [main] DEBUG com.github.dockerjava.zerodep.shaded.org.apache.hc.client5.http.wire - http-outgoing-2 >> "accept: application/json[\r][\n]"
03:32:50.686 [main] DEBUG com.github.dockerjava.zerodep.shaded.org.apache.hc.client5.http.wire - http-outgoing-2 >> "Accept-Encoding: gzip, x-gzip, deflate[\r][\n]"
03:32:50.686 [main] DEBUG com.github.dockerjava.zerodep.shaded.org.apache.hc.client5.http.wire - http-outgoing-2 >> "Host: localhost:2375[\r][\n]"
03:32:50.686 [main] DEBUG com.github.dockerjava.zerodep.shaded.org.apache.hc.client5.http.wire - http-outgoing-2 >> "Connection: keep-alive[\r][\n]"
03:32:50.686 [main] DEBUG com.github.dockerjava.zerodep.shaded.org.apache.hc.client5.http.wire - http-outgoing-2 >> "User-Agent: Apache-HttpClient/5.0.3 (Java/11.0.15)[\r][\n]"
03:32:50.686 [main] DEBUG com.github.dockerjava.zerodep.shaded.org.apache.hc.client5.http.wire - http-outgoing-2 >> "[\r][\n]"
03:32:50.686 [main] DEBUG com.github.dockerjava.zerodep.shaded.org.apache.hc.client5.http.wire - http-outgoing-2 << "HTTP/1.1 200 OK[\r][\n]"
03:32:50.687 [main] DEBUG com.github.dockerjava.zerodep.shaded.org.apache.hc.client5.http.wire - http-outgoing-2 << "Api-Version: 1.41[\r][\n]"
03:32:50.687 [main] DEBUG com.github.dockerjava.zerodep.shaded.org.apache.hc.client5.http.wire - http-outgoing-2 << "Content-Type: application/json[\r][\n]"
03:32:50.687 [main] DEBUG com.github.dockerjava.zerodep.shaded.org.apache.hc.client5.http.wire - http-outgoing-2 << "Docker-Experimental: false[\r][\n]"
03:32:50.687 [main] DEBUG com.github.dockerjava.zerodep.shaded.org.apache.hc.client5.http.wire - http-outgoing-2 << "Ostype: linux[\r][\n]"
03:32:50.687 [main] DEBUG com.github.dockerjava.zerodep.shaded.org.apache.hc.client5.http.wire - http-outgoing-2 << "Server: Docker/20.10.12 (linux)[\r][\n]"
03:32:50.687 [main] DEBUG com.github.dockerjava.zerodep.shaded.org.apache.hc.client5.http.wire - http-outgoing-2 << "Date: Thu, 23 Jun 2022 02:32:50 GMT[\r][\n]"
03:32:50.687 [main] DEBUG com.github.dockerjava.zerodep.shaded.org.apache.hc.client5.http.wire - http-outgoing-2 << "Transfer-Encoding: chunked[\r][\n]"
03:32:50.687 [main] DEBUG com.github.dockerjava.zerodep.shaded.org.apache.hc.client5.http.wire - http-outgoing-2 << "[\r][\n]"
03:32:50.687 [main] DEBUG com.github.dockerjava.zerodep.shaded.org.apache.hc.client5.http.wire - http-outgoing-2 << "18ed[\r][\n]"
03:32:50.687 [main] DEBUG com.github.dockerjava.zerodep.shaded.org.apache.hc.client5.http.wire - http-outgoing-2 << "{"Id":"9691e31891711283f4d98263d11bc6156717d3e75a0b86a23f3b128a992c1f38","Created":"2022-06-23T02:32:47.03956921Z","Path":"docker-entrypoint.sh","Args":["mysqld"],"State":{"Status":"running","Running":true,"Paused":false,"Restarting":false,"OOMKilled":false,"Dead":false,"Pid":66188,"ExitCode":0,"Error":"","StartedAt":"2022-06-23T02:32:47.703880551Z","FinishedAt":"0001-01-01T00:00:00Z"},"Image":"sha256:65b636d5542b73254ce90cc4b895597dc1adc2c661ca553c38eda159979dded1","ResolvConfPath":"/var/lib/docker/containers/9691e31891711283f4d98263d11bc6156717d3e75a0b86a23f3b128a992c1f38/resolv.conf","HostnamePath":"/var/lib/docker/containers/9691e31891711283f4d98263d11bc6156717d3e75a0b86a23f3b128a992c1f38/hostname","HostsPath":"/var/lib/docker/containers/9691e31891711283f4d98263d11bc6156717d3e75a0b86a23f3b128a992c1f38/hosts","LogPath":"/var/lib/docker/containers/9691e31891711283f4d98263d11bc6156717d3e75a0b86a23f3b128a992c1f38/9691e31891711283f4d98263d11bc6156717d3e75a0b86a23f3b128a992c1f38-json.log","Name":"/xenodochial_satoshi","RestartCount":0,"Driver":"overlay2","Platform":"linux","MountLabel":"","ProcessLabel":"","AppArmorProfile":"docker-default","ExecIDs":null,"HostConfig":{"Binds":[],"ContainerIDFile":"","LogConfig":{"Type":"json-file","Config":{}},"NetworkMode":"default","PortBindings":{"3306/tcp":[{"HostIp":"","HostPort":""}]},"RestartPolicy":{"Name":"","MaximumRetryCount":0},"AutoRemove":false,"VolumeDriver":"","VolumesFrom":[],"CapAdd":null,"CapDrop":null,"CgroupnsMode":"host","Dns":null,"DnsOptions":null,"DnsSearch":null,"ExtraHosts":[],"GroupAdd":null,"IpcMode":"shareable","Cgroup":"","Links":null,"OomScoreAdj":0,"PidMode":"","Privileged":false,"PublishAllPorts":false,"ReadonlyRootfs":false,"SecurityOpt":null,"UTSMode":"","UsernsMode":"","ShmSize":67108864,"Runtime":"runc","ConsoleSize":[0,0],"Isolation":"","CpuShares":0,"Memory":0,"NanoCpus":0,"CgroupParent":"","BlkioWeight":0,"BlkioWeightDevice":null,"BlkioDeviceReadBps":null,"BlkioDeviceWriteBps":null,"BlkioDeviceReadIOps":null,"BlkioDeviceWriteIOps":null,"CpuPeriod":0,"CpuQuota":0,"CpuRealtimePeriod":0,"CpuRealtimeRuntime":0,"CpusetCpus":"","CpusetMems":"","Devices":null,"DeviceCgroupRules":null,"DeviceRequests":null,"KernelMemory":0,"KernelMemoryTCP":0,"MemoryReservation":0,"MemorySwap":0,"MemorySwappiness":null,"OomKillDisable":false,"PidsLimit":null,"Ulimits":null,"CpuCount":0,"CpuPercent":0,"IOMaximumIOps":0,"IOMaximumBandwidth":0,"MaskedPaths":["/proc/asound","/proc/acpi","/proc/kcore","/proc/keys","/proc/latency_stats","/proc/timer_list","/proc/timer_stats","/proc/sched_debug","/proc/scsi","/sys/firmware"],"ReadonlyPaths":["/proc/bus","/proc/fs","/proc/irq","/proc/sys","/proc/sysrq-trigger"]},"GraphDriver":{"Data":{"LowerDir":"/var/lib/docker/overlay2/5529564f52cf969e31e7a1482c27be7ffed19639b506ae2e15b7e7115f699a73-init/diff:/var/lib/docker/overlay2/833a665819b5d9728d3efa7c33135034345a24f83af53b1a1af33d9b64f5492a/diff:/var/lib/docker/overlay2/bd4a2a46c227c2f15475b08c398f37acaab93f4fdba31de015d730efae0a0cfc/diff:/var/lib/docker/overlay2/31ad437d7cba8e64428a2b62db1bbb2a2ec19ca4e439ec493ef4deb50dce2783/diff:/var/lib/docker/overlay2/35173cbd8ec5b88a8888e9abbe75f8694f5d3f96a9b781bb70dc1f0889685741/diff:/var/lib/docker/overlay2/24bf69ac4e8c81062fee44e7c9f746fffbb139c3f7f4b55b4fd1b23bb101b529/diff:/var/lib/docker/overlay2/2f27c96a7775dad186b6f0da325d5a251c80aa1b7f80cf8520f493c5154aee70/diff:/var/lib/docker/overlay2/463a60088c72ddbea82639ded15801e35a79c443f6a26bf1baf320c683cb06af/diff:/var/lib/docker/overlay2/80b8224b23a2ee4b5be635c58ae579fd1913aa95558cd66ab2f5e8430f00a5b8/diff:/var/lib/docker/overlay2/20451fa0b1a07b85d665bc3a0359d721ce4e4c28fa3bce7456ab25e0babae708/diff:/var/lib/docker/overlay2/f80d865cbc6c1c6f57d0963fa6234e7a6409e079eb17f4f13ca41d02731701ad/diff:/var/lib/docker/overlay2/5a3029e0b57c6ec9b985871ff6adf08356aaa0f2a15f1e34c1a7f116ecc4a61d/diff:/var/lib/docker/overlay2/4f3423103248d0b381a1bc6a7287e2b42313ff458cea602a02b7379014b03e0e/diff","MergedDir":"/var/lib/docker/overlay2/5529564f52cf969e31e7a1482c27be7ffed19639b506ae2e15b7e7115f699a73/merged","UpperDir":"/var/lib/docker/overlay2/5529564f52cf969e31e7a1482c27be7ffed19639b506ae2e15b7e7115f699a73/diff","WorkDir":"/var/lib/docker/overlay2/5529564f52cf969e31e7a1482c27be7ffed19639b506ae2e15b7e7115f699a73/work"},"Name":"overlay2"},"Mounts":[{"Type":"volume","Name":"fd1f613c7fe3ca3ae799982507ac3f565cc9f6a2dc99ceaed92389e2c43f47d1","Source":"/var/lib/docker/volumes/fd1f613c7fe3ca3ae799982507ac3f565cc9f6a2dc99ceaed92389e2c43f47d1/_data","Destination":"/var/lib/mysql","Driver":"local","Mode":"","RW":true,"Propagation":""}],"Config":{"Hostname":"9691e3189171","Domainname":"","User":"","AttachStdin":false,"AttachStdout":false,"AttachStderr":false,"ExposedPorts":{"3306/tcp":{},"33060/tcp":{}},"Tty":false,"OpenStdin":false,"StdinOnce":false,"Env":["MYSQL_DATABASE=test","MYSQL_PASSWORD=admin","MYSQL_USER=admin","MYSQL_ROOT_PASSWORD=admin","PATH=/usr/local/sbin:/usr/local/bin:/usr/sbin:/usr/bin:/sbin:/bin","GOSU_VERSION=1.14","MYSQL_MAJOR=8.0","MYSQL_VERSION=8.0.29-1debian10"],"Cmd":["mysqld"],"Image":"mysql:8.0","Volumes":{"/var/lib/mysql":{}},"WorkingDir":"","Entrypoint":["docker-entrypoint.sh"],"OnBuild":null,"Labels":{"org.testcontainers":"true","org.testcontainers.sessionId":"d48265e4-2b28-4f8c-aa67-76dd8289af84"}},"NetworkSettings":{"Bridge":"","SandboxID":"d9de8570fe3f0a4e9f3a1ff7101c963bbd2c6a0a9d8a867b96f17f4d5edca537","HairpinMode":false,"LinkLocalIPv6Address":"","LinkLocalIPv6PrefixLen":0,"Ports":{"3306/tcp":[{"HostIp":"0.0.0.0","HostPort":"49160"},{"HostIp":"::","HostPort":"49160"}],"33060/tcp":null},"SandboxKey":"/var/run/docker/netns/d9de8570fe3f","SecondaryIPAddresses":null,"SecondaryIPv6Addresses":null,"EndpointID":"93e8fe159f683a98670e8995677c2b130dbce857fc116679206e206bda319cbf","Gateway":"172.17.0.1","GlobalIPv6Address":"","GlobalIPv6PrefixLen":0,"IPAddress":"172.17.0.3","IPPrefixLen":16,"IPv6Gateway":"","MacAddress":"02:42:ac:11:00:03","Networks":{"bridge":{"IPAMConfig":null,"Links":null,"Aliases":null,"NetworkID":"1853cd2b9856825cc97ed9ef2b12efa82d95bf9cf60ad666c276eb35cc53539e","EndpointID":"93e8fe159f683a98670e8995677c2b130dbce857fc116679206e206bda319cbf","Gateway":"172.17.0.1","IPAddress":"172.17.0.3","IPPrefixLen":16,"IPv6Gateway":"","GlobalIPv6Address":"","GlobalIPv6PrefixLen":0,"MacAddress":"02:42:ac:11:00:03","DriverOpts":null}}}}[\n]"
03:32:50.687 [main] DEBUG com.github.dockerjava.zerodep.shaded.org.apache.hc.client5.http.wire - http-outgoing-2 << "[\r][\n]"
03:32:50.687 [main] DEBUG com.github.dockerjava.zerodep.shaded.org.apache.hc.client5.http.wire - http-outgoing-2 << "0[\r][\n]"
03:32:50.687 [main] DEBUG com.github.dockerjava.zerodep.shaded.org.apache.hc.client5.http.wire - http-outgoing-2 << "[\r][\n]"
03:32:50.687 [main] DEBUG com.github.dockerjava.zerodep.shaded.org.apache.hc.client5.http.headers - http-outgoing-2 << HTTP/1.1 200 OK
03:32:50.687 [main] DEBUG com.github.dockerjava.zerodep.shaded.org.apache.hc.client5.http.headers - http-outgoing-2 << Api-Version: 1.41
03:32:50.687 [main] DEBUG com.github.dockerjava.zerodep.shaded.org.apache.hc.client5.http.headers - http-outgoing-2 << Content-Type: application/json
03:32:50.687 [main] DEBUG com.github.dockerjava.zerodep.shaded.org.apache.hc.client5.http.headers - http-outgoing-2 << Docker-Experimental: false
03:32:50.687 [main] DEBUG com.github.dockerjava.zerodep.shaded.org.apache.hc.client5.http.headers - http-outgoing-2 << Ostype: linux
03:32:50.687 [main] DEBUG com.github.dockerjava.zerodep.shaded.org.apache.hc.client5.http.headers - http-outgoing-2 << Server: Docker/20.10.12 (linux)
03:32:50.687 [main] DEBUG com.github.dockerjava.zerodep.shaded.org.apache.hc.client5.http.headers - http-outgoing-2 << Date: Thu, 23 Jun 2022 02:32:50 GMT
03:32:50.687 [main] DEBUG com.github.dockerjava.zerodep.shaded.org.apache.hc.client5.http.headers - http-outgoing-2 << Transfer-Encoding: chunked
03:32:50.687 [main] DEBUG com.github.dockerjava.zerodep.shaded.org.apache.hc.client5.http.impl.classic.MainClientExec - ex-00000027: connection can be kept alive for 3 MINUTES
03:32:50.689 [main] DEBUG com.github.dockerjava.zerodep.shaded.org.apache.hc.client5.http.impl.classic.InternalHttpClient - ep-00000026: releasing valid endpoint
03:32:50.689 [main] DEBUG com.github.dockerjava.zerodep.shaded.org.apache.hc.client5.http.impl.io.PoolingHttpClientConnectionManager - ep-00000026: releasing endpoint
03:32:50.690 [main] DEBUG com.github.dockerjava.zerodep.shaded.org.apache.hc.client5.http.impl.io.PoolingHttpClientConnectionManager - ep-00000026: connection http-outgoing-2 can be kept alive for 3 MINUTES
03:32:50.690 [main] DEBUG com.github.dockerjava.zerodep.shaded.org.apache.hc.client5.http.impl.io.PoolingHttpClientConnectionManager - ep-00000026: connection released [route: {}->unix://localhost:2375][total available: 1; route allocated: 1 of 2147483647; total allocated: 1 of 2147483647]
03:32:50.690 [main] DEBUG 🐳 [mysql:8.0] - Trying to create JDBC connection using com.mysql.cj.jdbc.Driver to jdbc:mysql://localhost:49160/test?useSSL=false&allowPublicKeyRetrieval=true with properties: {password=admin, user=admin}
03:32:50.792 [main] DEBUG org.testcontainers.shaded.com.github.dockerjava.core.command.AbstrDockerCmd - Cmd: 9691e31891711283f4d98263d11bc6156717d3e75a0b86a23f3b128a992c1f38,false
03:32:50.792 [main] DEBUG org.testcontainers.shaded.com.github.dockerjava.core.exec.InspectContainerCmdExec - GET: DefaultWebTarget{path=[/containers/9691e31891711283f4d98263d11bc6156717d3e75a0b86a23f3b128a992c1f38/json], queryParams={}}
03:32:50.792 [main] DEBUG com.github.dockerjava.zerodep.shaded.org.apache.hc.client5.http.impl.classic.InternalHttpClient - ex-00000028: preparing request execution
03:32:50.792 [main] DEBUG com.github.dockerjava.zerodep.shaded.org.apache.hc.client5.http.protocol.RequestAddCookies - Cookie spec selected: strict
03:32:50.792 [main] DEBUG com.github.dockerjava.zerodep.shaded.org.apache.hc.client5.http.protocol.RequestAuthCache - Auth cache not set in the context
03:32:50.792 [main] DEBUG com.github.dockerjava.zerodep.shaded.org.apache.hc.client5.http.impl.classic.ProtocolExec - ex-00000028: target auth state: UNCHALLENGED
03:32:50.792 [main] DEBUG com.github.dockerjava.zerodep.shaded.org.apache.hc.client5.http.impl.classic.ProtocolExec - ex-00000028: proxy auth state: UNCHALLENGED
03:32:50.792 [main] DEBUG com.github.dockerjava.zerodep.shaded.org.apache.hc.client5.http.impl.classic.ConnectExec - ex-00000028: acquiring connection with route {}->unix://localhost:2375
03:32:50.792 [main] DEBUG com.github.dockerjava.zerodep.shaded.org.apache.hc.client5.http.impl.classic.InternalHttpClient - ex-00000028: acquiring endpoint (3 MINUTES)
03:32:50.793 [main] DEBUG com.github.dockerjava.zerodep.shaded.org.apache.hc.client5.http.impl.io.PoolingHttpClientConnectionManager - ex-00000028: endpoint lease request (3 MINUTES) [route: {}->unix://localhost:2375][total available: 1; route allocated: 1 of 2147483647; total allocated: 1 of 2147483647]
03:32:50.793 [main] DEBUG com.github.dockerjava.zerodep.shaded.org.apache.hc.client5.http.impl.io.PoolingHttpClientConnectionManager - ex-00000028: endpoint leased [route: {}->unix://localhost:2375][total available: 0; route allocated: 1 of 2147483647; total allocated: 1 of 2147483647]
03:32:50.793 [main] DEBUG com.github.dockerjava.zerodep.shaded.org.apache.hc.client5.http.impl.io.PoolingHttpClientConnectionManager - ex-00000028: acquired ep-00000027
03:32:50.793 [main] DEBUG com.github.dockerjava.zerodep.shaded.org.apache.hc.client5.http.impl.classic.InternalHttpClient - ex-00000028: acquired endpoint ep-00000027
03:32:50.793 [main] DEBUG com.github.dockerjava.zerodep.shaded.org.apache.hc.client5.http.impl.classic.MainClientExec - ex-00000028: executing GET /v1.32/containers/9691e31891711283f4d98263d11bc6156717d3e75a0b86a23f3b128a992c1f38/json HTTP/1.1
03:32:50.793 [main] DEBUG com.github.dockerjava.zerodep.shaded.org.apache.hc.client5.http.impl.classic.InternalHttpClient - ep-00000027: start execution ex-00000028
03:32:50.793 [main] DEBUG com.github.dockerjava.zerodep.shaded.org.apache.hc.client5.http.impl.io.PoolingHttpClientConnectionManager - ep-00000027: executing exchange ex-00000028 over http-outgoing-2
03:32:50.793 [main] DEBUG com.github.dockerjava.zerodep.shaded.org.apache.hc.client5.http.headers - http-outgoing-2 >> GET /v1.32/containers/9691e31891711283f4d98263d11bc6156717d3e75a0b86a23f3b128a992c1f38/json HTTP/1.1
03:32:50.793 [main] DEBUG com.github.dockerjava.zerodep.shaded.org.apache.hc.client5.http.headers - http-outgoing-2 >> accept: application/json
03:32:50.793 [main] DEBUG com.github.dockerjava.zerodep.shaded.org.apache.hc.client5.http.headers - http-outgoing-2 >> Accept-Encoding: gzip, x-gzip, deflate
03:32:50.793 [main] DEBUG com.github.dockerjava.zerodep.shaded.org.apache.hc.client5.http.headers - http-outgoing-2 >> Host: localhost:2375
03:32:50.793 [main] DEBUG com.github.dockerjava.zerodep.shaded.org.apache.hc.client5.http.headers - http-outgoing-2 >> Connection: keep-alive
03:32:50.793 [main] DEBUG com.github.dockerjava.zerodep.shaded.org.apache.hc.client5.http.headers - http-outgoing-2 >> User-Agent: Apache-HttpClient/5.0.3 (Java/11.0.15)
03:32:50.793 [main] DEBUG com.github.dockerjava.zerodep.shaded.org.apache.hc.client5.http.wire - http-outgoing-2 >> "GET /v1.32/containers/9691e31891711283f4d98263d11bc6156717d3e75a0b86a23f3b128a992c1f38/json HTTP/1.1[\r][\n]"
03:32:50.793 [main] DEBUG com.github.dockerjava.zerodep.shaded.org.apache.hc.client5.http.wire - http-outgoing-2 >> "accept: application/json[\r][\n]"
03:32:50.793 [main] DEBUG com.github.dockerjava.zerodep.shaded.org.apache.hc.client5.http.wire - http-outgoing-2 >> "Accept-Encoding: gzip, x-gzip, deflate[\r][\n]"
03:32:50.793 [main] DEBUG com.github.dockerjava.zerodep.shaded.org.apache.hc.client5.http.wire - http-outgoing-2 >> "Host: localhost:2375[\r][\n]"
03:32:50.793 [main] DEBUG com.github.dockerjava.zerodep.shaded.org.apache.hc.client5.http.wire - http-outgoing-2 >> "Connection: keep-alive[\r][\n]"
03:32:50.793 [main] DEBUG com.github.dockerjava.zerodep.shaded.org.apache.hc.client5.http.wire - http-outgoing-2 >> "User-Agent: Apache-HttpClient/5.0.3 (Java/11.0.15)[\r][\n]"
03:32:50.793 [main] DEBUG com.github.dockerjava.zerodep.shaded.org.apache.hc.client5.http.wire - http-outgoing-2 >> "[\r][\n]"
03:32:50.794 [main] DEBUG com.github.dockerjava.zerodep.shaded.org.apache.hc.client5.http.wire - http-outgoing-2 << "HTTP/1.1 200 OK[\r][\n]"
03:32:50.794 [main] DEBUG com.github.dockerjava.zerodep.shaded.org.apache.hc.client5.http.wire - http-outgoing-2 << "Api-Version: 1.41[\r][\n]"
03:32:50.794 [main] DEBUG com.github.dockerjava.zerodep.shaded.org.apache.hc.client5.http.wire - http-outgoing-2 << "Content-Type: application/json[\r][\n]"
03:32:50.794 [main] DEBUG com.github.dockerjava.zerodep.shaded.org.apache.hc.client5.http.wire - http-outgoing-2 << "Docker-Experimental: false[\r][\n]"
03:32:50.794 [main] DEBUG com.github.dockerjava.zerodep.shaded.org.apache.hc.client5.http.wire - http-outgoing-2 << "Ostype: linux[\r][\n]"
03:32:50.794 [main] DEBUG com.github.dockerjava.zerodep.shaded.org.apache.hc.client5.http.wire - http-outgoing-2 << "Server: Docker/20.10.12 (linux)[\r][\n]"
03:32:50.794 [main] DEBUG com.github.dockerjava.zerodep.shaded.org.apache.hc.client5.http.wire - http-outgoing-2 << "Date: Thu, 23 Jun 2022 02:32:50 GMT[\r][\n]"
03:32:50.794 [main] DEBUG com.github.dockerjava.zerodep.shaded.org.apache.hc.client5.http.wire - http-outgoing-2 << "Transfer-Encoding: chunked[\r][\n]"
03:32:50.794 [main] DEBUG com.github.dockerjava.zerodep.shaded.org.apache.hc.client5.http.wire - http-outgoing-2 << "[\r][\n]"
03:32:50.794 [main] DEBUG com.github.dockerjava.zerodep.shaded.org.apache.hc.client5.http.wire - http-outgoing-2 << "18ed[\r][\n]"
03:32:50.794 [main] DEBUG com.github.dockerjava.zerodep.shaded.org.apache.hc.client5.http.wire - http-outgoing-2 << "{"Id":"9691e31891711283f4d98263d11bc6156717d3e75a0b86a23f3b128a992c1f38","Created":"2022-06-23T02:32:47.03956921Z","Path":"docker-entrypoint.sh","Args":["mysqld"],"State":{"Status":"running","Running":true,"Paused":false,"Restarting":false,"OOMKilled":false,"Dead":false,"Pid":66188,"ExitCode":0,"Error":"","StartedAt":"2022-06-23T02:32:47.703880551Z","FinishedAt":"0001-01-01T00:00:00Z"},"Image":"sha256:65b636d5542b73254ce90cc4b895597dc1adc2c661ca553c38eda159979dded1","ResolvConfPath":"/var/lib/docker/containers/9691e31891711283f4d98263d11bc6156717d3e75a0b86a23f3b128a992c1f38/resolv.conf","HostnamePath":"/var/lib/docker/containers/9691e31891711283f4d98263d11bc6156717d3e75a0b86a23f3b128a992c1f38/hostname","HostsPath":"/var/lib/docker/containers/9691e31891711283f4d98263d11bc6156717d3e75a0b86a23f3b128a992c1f38/hosts","LogPath":"/var/lib/docker/containers/9691e31891711283f4d98263d11bc6156717d3e75a0b86a23f3b128a992c1f38/9691e31891711283f4d98263d11bc6156717d3e75a0b86a23f3b128a992c1f38-json.log","Name":"/xenodochial_satoshi","RestartCount":0,"Driver":"overlay2","Platform":"linux","MountLabel":"","ProcessLabel":"","AppArmorProfile":"docker-default","ExecIDs":null,"HostConfig":{"Binds":[],"ContainerIDFile":"","LogConfig":{"Type":"json-file","Config":{}},"NetworkMode":"default","PortBindings":{"3306/tcp":[{"HostIp":"","HostPort":""}]},"RestartPolicy":{"Name":"","MaximumRetryCount":0},"AutoRemove":false,"VolumeDriver":"","VolumesFrom":[],"CapAdd":null,"CapDrop":null,"CgroupnsMode":"host","Dns":null,"DnsOptions":null,"DnsSearch":null,"ExtraHosts":[],"GroupAdd":null,"IpcMode":"shareable","Cgroup":"","Links":null,"OomScoreAdj":0,"PidMode":"","Privileged":false,"PublishAllPorts":false,"ReadonlyRootfs":false,"SecurityOpt":null,"UTSMode":"","UsernsMode":"","ShmSize":67108864,"Runtime":"runc","ConsoleSize":[0,0],"Isolation":"","CpuShares":0,"Memory":0,"NanoCpus":0,"CgroupParent":"","BlkioWeight":0,"BlkioWeightDevice":null,"BlkioDeviceReadBps":null,"BlkioDeviceWriteBps":null,"BlkioDeviceReadIOps":null,"BlkioDeviceWriteIOps":null,"CpuPeriod":0,"CpuQuota":0,"CpuRealtimePeriod":0,"CpuRealtimeRuntime":0,"CpusetCpus":"","CpusetMems":"","Devices":null,"DeviceCgroupRules":null,"DeviceRequests":null,"KernelMemory":0,"KernelMemoryTCP":0,"MemoryReservation":0,"MemorySwap":0,"MemorySwappiness":null,"OomKillDisable":false,"PidsLimit":null,"Ulimits":null,"CpuCount":0,"CpuPercent":0,"IOMaximumIOps":0,"IOMaximumBandwidth":0,"MaskedPaths":["/proc/asound","/proc/acpi","/proc/kcore","/proc/keys","/proc/latency_stats","/proc/timer_list","/proc/timer_stats","/proc/sched_debug","/proc/scsi","/sys/firmware"],"ReadonlyPaths":["/proc/bus","/proc/fs","/proc/irq","/proc/sys","/proc/sysrq-trigger"]},"GraphDriver":{"Data":{"LowerDir":"/var/lib/docker/overlay2/5529564f52cf969e31e7a1482c27be7ffed19639b506ae2e15b7e7115f699a73-init/diff:/var/lib/docker/overlay2/833a665819b5d9728d3efa7c33135034345a24f83af53b1a1af33d9b64f5492a/diff:/var/lib/docker/overlay2/bd4a2a46c227c2f15475b08c398f37acaab93f4fdba31de015d730efae0a0cfc/diff:/var/lib/docker/overlay2/31ad437d7cba8e64428a2b62db1bbb2a2ec19ca4e439ec493ef4deb50dce2783/diff:/var/lib/docker/overlay2/35173cbd8ec5b88a8888e9abbe75f8694f5d3f96a9b781bb70dc1f0889685741/diff:/var/lib/docker/overlay2/24bf69ac4e8c81062fee44e7c9f746fffbb139c3f7f4b55b4fd1b23bb101b529/diff:/var/lib/docker/overlay2/2f27c96a7775dad186b6f0da325d5a251c80aa1b7f80cf8520f493c5154aee70/diff:/var/lib/docker/overlay2/463a60088c72ddbea82639ded15801e35a79c443f6a26bf1baf320c683cb06af/diff:/var/lib/docker/overlay2/80b8224b23a2ee4b5be635c58ae579fd1913aa95558cd66ab2f5e8430f00a5b8/diff:/var/lib/docker/overlay2/20451fa0b1a07b85d665bc3a0359d721ce4e4c28fa3bce7456ab25e0babae708/diff:/var/lib/docker/overlay2/f80d865cbc6c1c6f57d0963fa6234e7a6409e079eb17f4f13ca41d02731701ad/diff:/var/lib/docker/overlay2/5a3029e0b57c6ec9b985871ff6adf08356aaa0f2a15f1e34c1a7f116ecc4a61d/diff:/var/lib/docker/overlay2/4f3423103248d0b381a1bc6a7287e2b42313ff458cea602a02b7379014b03e0e/diff","MergedDir":"/var/lib/docker/overlay2/5529564f52cf969e31e7a1482c27be7ffed19639b506ae2e15b7e7115f699a73/merged","UpperDir":"/var/lib/docker/overlay2/5529564f52cf969e31e7a1482c27be7ffed19639b506ae2e15b7e7115f699a73/diff","WorkDir":"/var/lib/docker/overlay2/5529564f52cf969e31e7a1482c27be7ffed19639b506ae2e15b7e7115f699a73/work"},"Name":"overlay2"},"Mounts":[{"Type":"volume","Name":"fd1f613c7fe3ca3ae799982507ac3f565cc9f6a2dc99ceaed92389e2c43f47d1","Source":"/var/lib/docker/volumes/fd1f613c7fe3ca3ae799982507ac3f565cc9f6a2dc99ceaed92389e2c43f47d1/_data","Destination":"/var/lib/mysql","Driver":"local","Mode":"","RW":true,"Propagation":""}],"Config":{"Hostname":"9691e3189171","Domainname":"","User":"","AttachStdin":false,"AttachStdout":false,"AttachStderr":false,"ExposedPorts":{"3306/tcp":{},"33060/tcp":{}},"Tty":false,"OpenStdin":false,"StdinOnce":false,"Env":["MYSQL_DATABASE=test","MYSQL_PASSWORD=admin","MYSQL_USER=admin","MYSQL_ROOT_PASSWORD=admin","PATH=/usr/local/sbin:/usr/local/bin:/usr/sbin:/usr/bin:/sbin:/bin","GOSU_VERSION=1.14","MYSQL_MAJOR=8.0","MYSQL_VERSION=8.0.29-1debian10"],"Cmd":["mysqld"],"Image":"mysql:8.0","Volumes":{"/var/lib/mysql":{}},"WorkingDir":"","Entrypoint":["docker-entrypoint.sh"],"OnBuild":null,"Labels":{"org.testcontainers":"true","org.testcontainers.sessionId":"d48265e4-2b28-4f8c-aa67-76dd8289af84"}},"NetworkSettings":{"Bridge":"","SandboxID":"d9de8570fe3f0a4e9f3a1ff7101c963bbd2c6a0a9d8a867b96f17f4d5edca537","HairpinMode":false,"LinkLocalIPv6Address":"","LinkLocalIPv6PrefixLen":0,"Ports":{"3306/tcp":[{"HostIp":"0.0.0.0","HostPort":"49160"},{"HostIp":"::","HostPort":"49160"}],"33060/tcp":null},"SandboxKey":"/var/run/docker/netns/d9de8570fe3f","SecondaryIPAddresses":null,"SecondaryIPv6Addresses":null,"EndpointID":"93e8fe159f683a98670e8995677c2b130dbce857fc116679206e206bda319cbf","Gateway":"172.17.0.1","GlobalIPv6Address":"","GlobalIPv6PrefixLen":0,"IPAddress":"172.17.0.3","IPPrefixLen":16,"IPv6Gateway":"","MacAddress":"02:42:ac:11:00:03","Networks":{"bridge":{"IPAMConfig":null,"Links":null,"Aliases":null,"NetworkID":"1853cd2b9856825cc97ed9ef2b12efa82d95bf9cf60ad666c276eb35cc53539e","EndpointID":"93e8fe159f683a98670e8995677c2b130dbce857fc116679206e206bda319cbf","Gateway":"172.17.0.1","IPAddress":"172.17.0.3","IPPrefixLen":16,"IPv6Gateway":"","GlobalIPv6Address":"","GlobalIPv6PrefixLen":0,"MacAddress":"02:42:ac:11:00:03","DriverOpts":null}}}}[\n]"
03:32:50.794 [main] DEBUG com.github.dockerjava.zerodep.shaded.org.apache.hc.client5.http.wire - http-outgoing-2 << "[\r][\n]"
03:32:50.794 [main] DEBUG com.github.dockerjava.zerodep.shaded.org.apache.hc.client5.http.wire - http-outgoing-2 << "0[\r][\n]"
03:32:50.794 [main] DEBUG com.github.dockerjava.zerodep.shaded.org.apache.hc.client5.http.wire - http-outgoing-2 << "[\r][\n]"
03:32:50.794 [main] DEBUG com.github.dockerjava.zerodep.shaded.org.apache.hc.client5.http.headers - http-outgoing-2 << HTTP/1.1 200 OK
03:32:50.794 [main] DEBUG com.github.dockerjava.zerodep.shaded.org.apache.hc.client5.http.headers - http-outgoing-2 << Api-Version: 1.41
03:32:50.794 [main] DEBUG com.github.dockerjava.zerodep.shaded.org.apache.hc.client5.http.headers - http-outgoing-2 << Content-Type: application/json
03:32:50.794 [main] DEBUG com.github.dockerjava.zerodep.shaded.org.apache.hc.client5.http.headers - http-outgoing-2 << Docker-Experimental: false
03:32:50.794 [main] DEBUG com.github.dockerjava.zerodep.shaded.org.apache.hc.client5.http.headers - http-outgoing-2 << Ostype: linux
03:32:50.794 [main] DEBUG com.github.dockerjava.zerodep.shaded.org.apache.hc.client5.http.headers - http-outgoing-2 << Server: Docker/20.10.12 (linux)
03:32:50.794 [main] DEBUG com.github.dockerjava.zerodep.shaded.org.apache.hc.client5.http.headers - http-outgoing-2 << Date: Thu, 23 Jun 2022 02:32:50 GMT
03:32:50.795 [main] DEBUG com.github.dockerjava.zerodep.shaded.org.apache.hc.client5.http.headers - http-outgoing-2 << Transfer-Encoding: chunked
03:32:50.795 [main] DEBUG com.github.dockerjava.zerodep.shaded.org.apache.hc.client5.http.impl.classic.MainClientExec - ex-00000028: connection can be kept alive for 3 MINUTES
03:32:50.796 [main] DEBUG com.github.dockerjava.zerodep.shaded.org.apache.hc.client5.http.impl.classic.InternalHttpClient - ep-00000027: releasing valid endpoint
03:32:50.796 [main] DEBUG com.github.dockerjava.zerodep.shaded.org.apache.hc.client5.http.impl.io.PoolingHttpClientConnectionManager - ep-00000027: releasing endpoint
03:32:50.796 [main] DEBUG com.github.dockerjava.zerodep.shaded.org.apache.hc.client5.http.impl.io.PoolingHttpClientConnectionManager - ep-00000027: connection http-outgoing-2 can be kept alive for 3 MINUTES
03:32:50.796 [main] DEBUG com.github.dockerjava.zerodep.shaded.org.apache.hc.client5.http.impl.io.PoolingHttpClientConnectionManager - ep-00000027: connection released [route: {}->unix://localhost:2375][total available: 1; route allocated: 1 of 2147483647; total allocated: 1 of 2147483647]
03:32:50.796 [main] DEBUG 🐳 [mysql:8.0] - Trying to create JDBC connection using com.mysql.cj.jdbc.Driver to jdbc:mysql://localhost:49160/test?useSSL=false&allowPublicKeyRetrieval=true with properties: {password=admin, user=admin}
03:32:50.898 [main] DEBUG org.testcontainers.shaded.com.github.dockerjava.core.command.AbstrDockerCmd - Cmd: 9691e31891711283f4d98263d11bc6156717d3e75a0b86a23f3b128a992c1f38,false
03:32:50.898 [main] DEBUG org.testcontainers.shaded.com.github.dockerjava.core.exec.InspectContainerCmdExec - GET: DefaultWebTarget{path=[/containers/9691e31891711283f4d98263d11bc6156717d3e75a0b86a23f3b128a992c1f38/json], queryParams={}}
03:32:50.899 [main] DEBUG com.github.dockerjava.zerodep.shaded.org.apache.hc.client5.http.impl.classic.InternalHttpClient - ex-00000029: preparing request execution
03:32:50.899 [main] DEBUG com.github.dockerjava.zerodep.shaded.org.apache.hc.client5.http.protocol.RequestAddCookies - Cookie spec selected: strict
03:32:50.899 [main] DEBUG com.github.dockerjava.zerodep.shaded.org.apache.hc.client5.http.protocol.RequestAuthCache - Auth cache not set in the context
03:32:50.899 [main] DEBUG com.github.dockerjava.zerodep.shaded.org.apache.hc.client5.http.impl.classic.ProtocolExec - ex-00000029: target auth state: UNCHALLENGED
03:32:50.899 [main] DEBUG com.github.dockerjava.zerodep.shaded.org.apache.hc.client5.http.impl.classic.ProtocolExec - ex-00000029: proxy auth state: UNCHALLENGED
03:32:50.899 [main] DEBUG com.github.dockerjava.zerodep.shaded.org.apache.hc.client5.http.impl.classic.ConnectExec - ex-00000029: acquiring connection with route {}->unix://localhost:2375
03:32:50.899 [main] DEBUG com.github.dockerjava.zerodep.shaded.org.apache.hc.client5.http.impl.classic.InternalHttpClient - ex-00000029: acquiring endpoint (3 MINUTES)
03:32:50.899 [main] DEBUG com.github.dockerjava.zerodep.shaded.org.apache.hc.client5.http.impl.io.PoolingHttpClientConnectionManager - ex-00000029: endpoint lease request (3 MINUTES) [route: {}->unix://localhost:2375][total available: 1; route allocated: 1 of 2147483647; total allocated: 1 of 2147483647]
03:32:50.899 [main] DEBUG com.github.dockerjava.zerodep.shaded.org.apache.hc.client5.http.impl.io.PoolingHttpClientConnectionManager - ex-00000029: endpoint leased [route: {}->unix://localhost:2375][total available: 0; route allocated: 1 of 2147483647; total allocated: 1 of 2147483647]
03:32:50.899 [main] DEBUG com.github.dockerjava.zerodep.shaded.org.apache.hc.client5.http.impl.io.PoolingHttpClientConnectionManager - ex-00000029: acquired ep-00000028
03:32:50.899 [main] DEBUG com.github.dockerjava.zerodep.shaded.org.apache.hc.client5.http.impl.classic.InternalHttpClient - ex-00000029: acquired endpoint ep-00000028
03:32:50.899 [main] DEBUG com.github.dockerjava.zerodep.shaded.org.apache.hc.client5.http.impl.classic.MainClientExec - ex-00000029: executing GET /v1.32/containers/9691e31891711283f4d98263d11bc6156717d3e75a0b86a23f3b128a992c1f38/json HTTP/1.1
03:32:50.899 [main] DEBUG com.github.dockerjava.zerodep.shaded.org.apache.hc.client5.http.impl.classic.InternalHttpClient - ep-00000028: start execution ex-00000029
03:32:50.899 [main] DEBUG com.github.dockerjava.zerodep.shaded.org.apache.hc.client5.http.impl.io.PoolingHttpClientConnectionManager - ep-00000028: executing exchange ex-00000029 over http-outgoing-2
03:32:50.899 [main] DEBUG com.github.dockerjava.zerodep.shaded.org.apache.hc.client5.http.headers - http-outgoing-2 >> GET /v1.32/containers/9691e31891711283f4d98263d11bc6156717d3e75a0b86a23f3b128a992c1f38/json HTTP/1.1
03:32:50.900 [main] DEBUG com.github.dockerjava.zerodep.shaded.org.apache.hc.client5.http.headers - http-outgoing-2 >> accept: application/json
03:32:50.900 [main] DEBUG com.github.dockerjava.zerodep.shaded.org.apache.hc.client5.http.headers - http-outgoing-2 >> Accept-Encoding: gzip, x-gzip, deflate
03:32:50.900 [main] DEBUG com.github.dockerjava.zerodep.shaded.org.apache.hc.client5.http.headers - http-outgoing-2 >> Host: localhost:2375
03:32:50.900 [main] DEBUG com.github.dockerjava.zerodep.shaded.org.apache.hc.client5.http.headers - http-outgoing-2 >> Connection: keep-alive
03:32:50.900 [main] DEBUG com.github.dockerjava.zerodep.shaded.org.apache.hc.client5.http.headers - http-outgoing-2 >> User-Agent: Apache-HttpClient/5.0.3 (Java/11.0.15)
03:32:50.900 [main] DEBUG com.github.dockerjava.zerodep.shaded.org.apache.hc.client5.http.wire - http-outgoing-2 >> "GET /v1.32/containers/9691e31891711283f4d98263d11bc6156717d3e75a0b86a23f3b128a992c1f38/json HTTP/1.1[\r][\n]"
03:32:50.900 [main] DEBUG com.github.dockerjava.zerodep.shaded.org.apache.hc.client5.http.wire - http-outgoing-2 >> "accept: application/json[\r][\n]"
03:32:50.900 [main] DEBUG com.github.dockerjava.zerodep.shaded.org.apache.hc.client5.http.wire - http-outgoing-2 >> "Accept-Encoding: gzip, x-gzip, deflate[\r][\n]"
03:32:50.900 [main] DEBUG com.github.dockerjava.zerodep.shaded.org.apache.hc.client5.http.wire - http-outgoing-2 >> "Host: localhost:2375[\r][\n]"
03:32:50.900 [main] DEBUG com.github.dockerjava.zerodep.shaded.org.apache.hc.client5.http.wire - http-outgoing-2 >> "Connection: keep-alive[\r][\n]"
03:32:50.900 [main] DEBUG com.github.dockerjava.zerodep.shaded.org.apache.hc.client5.http.wire - http-outgoing-2 >> "User-Agent: Apache-HttpClient/5.0.3 (Java/11.0.15)[\r][\n]"
03:32:50.900 [main] DEBUG com.github.dockerjava.zerodep.shaded.org.apache.hc.client5.http.wire - http-outgoing-2 >> "[\r][\n]"
03:32:50.900 [main] DEBUG com.github.dockerjava.zerodep.shaded.org.apache.hc.client5.http.wire - http-outgoing-2 << "HTTP/1.1 200 OK[\r][\n]"
03:32:50.900 [main] DEBUG com.github.dockerjava.zerodep.shaded.org.apache.hc.client5.http.wire - http-outgoing-2 << "Api-Version: 1.41[\r][\n]"
03:32:50.900 [main] DEBUG com.github.dockerjava.zerodep.shaded.org.apache.hc.client5.http.wire - http-outgoing-2 << "Content-Type: application/json[\r][\n]"
03:32:50.900 [main] DEBUG com.github.dockerjava.zerodep.shaded.org.apache.hc.client5.http.wire - http-outgoing-2 << "Docker-Experimental: false[\r][\n]"
03:32:50.900 [main] DEBUG com.github.dockerjava.zerodep.shaded.org.apache.hc.client5.http.wire - http-outgoing-2 << "Ostype: linux[\r][\n]"
03:32:50.900 [main] DEBUG com.github.dockerjava.zerodep.shaded.org.apache.hc.client5.http.wire - http-outgoing-2 << "Server: Docker/20.10.12 (linux)[\r][\n]"
03:32:50.900 [main] DEBUG com.github.dockerjava.zerodep.shaded.org.apache.hc.client5.http.wire - http-outgoing-2 << "Date: Thu, 23 Jun 2022 02:32:50 GMT[\r][\n]"
03:32:50.900 [main] DEBUG com.github.dockerjava.zerodep.shaded.org.apache.hc.client5.http.wire - http-outgoing-2 << "Transfer-Encoding: chunked[\r][\n]"
03:32:50.900 [main] DEBUG com.github.dockerjava.zerodep.shaded.org.apache.hc.client5.http.wire - http-outgoing-2 << "[\r][\n]"
03:32:50.900 [main] DEBUG com.github.dockerjava.zerodep.shaded.org.apache.hc.client5.http.wire - http-outgoing-2 << "18ed[\r][\n]"
03:32:50.900 [main] DEBUG com.github.dockerjava.zerodep.shaded.org.apache.hc.client5.http.wire - http-outgoing-2 << "{"Id":"9691e31891711283f4d98263d11bc6156717d3e75a0b86a23f3b128a992c1f38","Created":"2022-06-23T02:32:47.03956921Z","Path":"docker-entrypoint.sh","Args":["mysqld"],"State":{"Status":"running","Running":true,"Paused":false,"Restarting":false,"OOMKilled":false,"Dead":false,"Pid":66188,"ExitCode":0,"Error":"","StartedAt":"2022-06-23T02:32:47.703880551Z","FinishedAt":"0001-01-01T00:00:00Z"},"Image":"sha256:65b636d5542b73254ce90cc4b895597dc1adc2c661ca553c38eda159979dded1","ResolvConfPath":"/var/lib/docker/containers/9691e31891711283f4d98263d11bc6156717d3e75a0b86a23f3b128a992c1f38/resolv.conf","HostnamePath":"/var/lib/docker/containers/9691e31891711283f4d98263d11bc6156717d3e75a0b86a23f3b128a992c1f38/hostname","HostsPath":"/var/lib/docker/containers/9691e31891711283f4d98263d11bc6156717d3e75a0b86a23f3b128a992c1f38/hosts","LogPath":"/var/lib/docker/containers/9691e31891711283f4d98263d11bc6156717d3e75a0b86a23f3b128a992c1f38/9691e31891711283f4d98263d11bc6156717d3e75a0b86a23f3b128a992c1f38-json.log","Name":"/xenodochial_satoshi","RestartCount":0,"Driver":"overlay2","Platform":"linux","MountLabel":"","ProcessLabel":"","AppArmorProfile":"docker-default","ExecIDs":null,"HostConfig":{"Binds":[],"ContainerIDFile":"","LogConfig":{"Type":"json-file","Config":{}},"NetworkMode":"default","PortBindings":{"3306/tcp":[{"HostIp":"","HostPort":""}]},"RestartPolicy":{"Name":"","MaximumRetryCount":0},"AutoRemove":false,"VolumeDriver":"","VolumesFrom":[],"CapAdd":null,"CapDrop":null,"CgroupnsMode":"host","Dns":null,"DnsOptions":null,"DnsSearch":null,"ExtraHosts":[],"GroupAdd":null,"IpcMode":"shareable","Cgroup":"","Links":null,"OomScoreAdj":0,"PidMode":"","Privileged":false,"PublishAllPorts":false,"ReadonlyRootfs":false,"SecurityOpt":null,"UTSMode":"","UsernsMode":"","ShmSize":67108864,"Runtime":"runc","ConsoleSize":[0,0],"Isolation":"","CpuShares":0,"Memory":0,"NanoCpus":0,"CgroupParent":"","BlkioWeight":0,"BlkioWeightDevice":null,"BlkioDeviceReadBps":null,"BlkioDeviceWriteBps":null,"BlkioDeviceReadIOps":null,"BlkioDeviceWriteIOps":null,"CpuPeriod":0,"CpuQuota":0,"CpuRealtimePeriod":0,"CpuRealtimeRuntime":0,"CpusetCpus":"","CpusetMems":"","Devices":null,"DeviceCgroupRules":null,"DeviceRequests":null,"KernelMemory":0,"KernelMemoryTCP":0,"MemoryReservation":0,"MemorySwap":0,"MemorySwappiness":null,"OomKillDisable":false,"PidsLimit":null,"Ulimits":null,"CpuCount":0,"CpuPercent":0,"IOMaximumIOps":0,"IOMaximumBandwidth":0,"MaskedPaths":["/proc/asound","/proc/acpi","/proc/kcore","/proc/keys","/proc/latency_stats","/proc/timer_list","/proc/timer_stats","/proc/sched_debug","/proc/scsi","/sys/firmware"],"ReadonlyPaths":["/proc/bus","/proc/fs","/proc/irq","/proc/sys","/proc/sysrq-trigger"]},"GraphDriver":{"Data":{"LowerDir":"/var/lib/docker/overlay2/5529564f52cf969e31e7a1482c27be7ffed19639b506ae2e15b7e7115f699a73-init/diff:/var/lib/docker/overlay2/833a665819b5d9728d3efa7c33135034345a24f83af53b1a1af33d9b64f5492a/diff:/var/lib/docker/overlay2/bd4a2a46c227c2f15475b08c398f37acaab93f4fdba31de015d730efae0a0cfc/diff:/var/lib/docker/overlay2/31ad437d7cba8e64428a2b62db1bbb2a2ec19ca4e439ec493ef4deb50dce2783/diff:/var/lib/docker/overlay2/35173cbd8ec5b88a8888e9abbe75f8694f5d3f96a9b781bb70dc1f0889685741/diff:/var/lib/docker/overlay2/24bf69ac4e8c81062fee44e7c9f746fffbb139c3f7f4b55b4fd1b23bb101b529/diff:/var/lib/docker/overlay2/2f27c96a7775dad186b6f0da325d5a251c80aa1b7f80cf8520f493c5154aee70/diff:/var/lib/docker/overlay2/463a60088c72ddbea82639ded15801e35a79c443f6a26bf1baf320c683cb06af/diff:/var/lib/docker/overlay2/80b8224b23a2ee4b5be635c58ae579fd1913aa95558cd66ab2f5e8430f00a5b8/diff:/var/lib/docker/overlay2/20451fa0b1a07b85d665bc3a0359d721ce4e4c28fa3bce7456ab25e0babae708/diff:/var/lib/docker/overlay2/f80d865cbc6c1c6f57d0963fa6234e7a6409e079eb17f4f13ca41d02731701ad/diff:/var/lib/docker/overlay2/5a3029e0b57c6ec9b985871ff6adf08356aaa0f2a15f1e34c1a7f116ecc4a61d/diff:/var/lib/docker/overlay2/4f3423103248d0b381a1bc6a7287e2b42313ff458cea602a02b7379014b03e0e/diff","MergedDir":"/var/lib/docker/overlay2/5529564f52cf969e31e7a1482c27be7ffed19639b506ae2e15b7e7115f699a73/merged","UpperDir":"/var/lib/docker/overlay2/5529564f52cf969e31e7a1482c27be7ffed19639b506ae2e15b7e7115f699a73/diff","WorkDir":"/var/lib/docker/overlay2/5529564f52cf969e31e7a1482c27be7ffed19639b506ae2e15b7e7115f699a73/work"},"Name":"overlay2"},"Mounts":[{"Type":"volume","Name":"fd1f613c7fe3ca3ae799982507ac3f565cc9f6a2dc99ceaed92389e2c43f47d1","Source":"/var/lib/docker/volumes/fd1f613c7fe3ca3ae799982507ac3f565cc9f6a2dc99ceaed92389e2c43f47d1/_data","Destination":"/var/lib/mysql","Driver":"local","Mode":"","RW":true,"Propagation":""}],"Config":{"Hostname":"9691e3189171","Domainname":"","User":"","AttachStdin":false,"AttachStdout":false,"AttachStderr":false,"ExposedPorts":{"3306/tcp":{},"33060/tcp":{}},"Tty":false,"OpenStdin":false,"StdinOnce":false,"Env":["MYSQL_DATABASE=test","MYSQL_PASSWORD=admin","MYSQL_USER=admin","MYSQL_ROOT_PASSWORD=admin","PATH=/usr/local/sbin:/usr/local/bin:/usr/sbin:/usr/bin:/sbin:/bin","GOSU_VERSION=1.14","MYSQL_MAJOR=8.0","MYSQL_VERSION=8.0.29-1debian10"],"Cmd":["mysqld"],"Image":"mysql:8.0","Volumes":{"/var/lib/mysql":{}},"WorkingDir":"","Entrypoint":["docker-entrypoint.sh"],"OnBuild":null,"Labels":{"org.testcontainers":"true","org.testcontainers.sessionId":"d48265e4-2b28-4f8c-aa67-76dd8289af84"}},"NetworkSettings":{"Bridge":"","SandboxID":"d9de8570fe3f0a4e9f3a1ff7101c963bbd2c6a0a9d8a867b96f17f4d5edca537","HairpinMode":false,"LinkLocalIPv6Address":"","LinkLocalIPv6PrefixLen":0,"Ports":{"3306/tcp":[{"HostIp":"0.0.0.0","HostPort":"49160"},{"HostIp":"::","HostPort":"49160"}],"33060/tcp":null},"SandboxKey":"/var/run/docker/netns/d9de8570fe3f","SecondaryIPAddresses":null,"SecondaryIPv6Addresses":null,"EndpointID":"93e8fe159f683a98670e8995677c2b130dbce857fc116679206e206bda319cbf","Gateway":"172.17.0.1","GlobalIPv6Address":"","GlobalIPv6PrefixLen":0,"IPAddress":"172.17.0.3","IPPrefixLen":16,"IPv6Gateway":"","MacAddress":"02:42:ac:11:00:03","Networks":{"bridge":{"IPAMConfig":null,"Links":null,"Aliases":null,"NetworkID":"1853cd2b9856825cc97ed9ef2b12efa82d95bf9cf60ad666c276eb35cc53539e","EndpointID":"93e8fe159f683a98670e8995677c2b130dbce857fc116679206e206bda319cbf","Gateway":"172.17.0.1","IPAddress":"172.17.0.3","IPPrefixLen":16,"IPv6Gateway":"","GlobalIPv6Address":"","GlobalIPv6PrefixLen":0,"MacAddress":"02:42:ac:11:00:03","DriverOpts":null}}}}[\n]"
03:32:50.900 [main] DEBUG com.github.dockerjava.zerodep.shaded.org.apache.hc.client5.http.wire - http-outgoing-2 << "[\r][\n]"
03:32:50.900 [main] DEBUG com.github.dockerjava.zerodep.shaded.org.apache.hc.client5.http.wire - http-outgoing-2 << "0[\r][\n]"
03:32:50.900 [main] DEBUG com.github.dockerjava.zerodep.shaded.org.apache.hc.client5.http.wire - http-outgoing-2 << "[\r][\n]"
03:32:50.900 [main] DEBUG com.github.dockerjava.zerodep.shaded.org.apache.hc.client5.http.headers - http-outgoing-2 << HTTP/1.1 200 OK
03:32:50.900 [main] DEBUG com.github.dockerjava.zerodep.shaded.org.apache.hc.client5.http.headers - http-outgoing-2 << Api-Version: 1.41
03:32:50.900 [main] DEBUG com.github.dockerjava.zerodep.shaded.org.apache.hc.client5.http.headers - http-outgoing-2 << Content-Type: application/json
03:32:50.900 [main] DEBUG com.github.dockerjava.zerodep.shaded.org.apache.hc.client5.http.headers - http-outgoing-2 << Docker-Experimental: false
03:32:50.900 [main] DEBUG com.github.dockerjava.zerodep.shaded.org.apache.hc.client5.http.headers - http-outgoing-2 << Ostype: linux
03:32:50.900 [main] DEBUG com.github.dockerjava.zerodep.shaded.org.apache.hc.client5.http.headers - http-outgoing-2 << Server: Docker/20.10.12 (linux)
03:32:50.900 [main] DEBUG com.github.dockerjava.zerodep.shaded.org.apache.hc.client5.http.headers - http-outgoing-2 << Date: Thu, 23 Jun 2022 02:32:50 GMT
03:32:50.900 [main] DEBUG com.github.dockerjava.zerodep.shaded.org.apache.hc.client5.http.headers - http-outgoing-2 << Transfer-Encoding: chunked
03:32:50.901 [main] DEBUG com.github.dockerjava.zerodep.shaded.org.apache.hc.client5.http.impl.classic.MainClientExec - ex-00000029: connection can be kept alive for 3 MINUTES
03:32:50.902 [main] DEBUG com.github.dockerjava.zerodep.shaded.org.apache.hc.client5.http.impl.classic.InternalHttpClient - ep-00000028: releasing valid endpoint
03:32:50.902 [main] DEBUG com.github.dockerjava.zerodep.shaded.org.apache.hc.client5.http.impl.io.PoolingHttpClientConnectionManager - ep-00000028: releasing endpoint
03:32:50.902 [main] DEBUG com.github.dockerjava.zerodep.shaded.org.apache.hc.client5.http.impl.io.PoolingHttpClientConnectionManager - ep-00000028: connection http-outgoing-2 can be kept alive for 3 MINUTES
03:32:50.902 [main] DEBUG com.github.dockerjava.zerodep.shaded.org.apache.hc.client5.http.impl.io.PoolingHttpClientConnectionManager - ep-00000028: connection released [route: {}->unix://localhost:2375][total available: 1; route allocated: 1 of 2147483647; total allocated: 1 of 2147483647]
03:32:50.902 [main] DEBUG 🐳 [mysql:8.0] - Trying to create JDBC connection using com.mysql.cj.jdbc.Driver to jdbc:mysql://localhost:49160/test?useSSL=false&allowPublicKeyRetrieval=true with properties: {password=admin, user=admin}
03:32:51.004 [main] DEBUG org.testcontainers.shaded.com.github.dockerjava.core.command.AbstrDockerCmd - Cmd: 9691e31891711283f4d98263d11bc6156717d3e75a0b86a23f3b128a992c1f38,false
03:32:51.004 [main] DEBUG org.testcontainers.shaded.com.github.dockerjava.core.exec.InspectContainerCmdExec - GET: DefaultWebTarget{path=[/containers/9691e31891711283f4d98263d11bc6156717d3e75a0b86a23f3b128a992c1f38/json], queryParams={}}
03:32:51.004 [main] DEBUG com.github.dockerjava.zerodep.shaded.org.apache.hc.client5.http.impl.classic.InternalHttpClient - ex-0000002A: preparing request execution
03:32:51.005 [main] DEBUG com.github.dockerjava.zerodep.shaded.org.apache.hc.client5.http.protocol.RequestAddCookies - Cookie spec selected: strict
03:32:51.005 [main] DEBUG com.github.dockerjava.zerodep.shaded.org.apache.hc.client5.http.protocol.RequestAuthCache - Auth cache not set in the context
03:32:51.005 [main] DEBUG com.github.dockerjava.zerodep.shaded.org.apache.hc.client5.http.impl.classic.ProtocolExec - ex-0000002A: target auth state: UNCHALLENGED
03:32:51.005 [main] DEBUG com.github.dockerjava.zerodep.shaded.org.apache.hc.client5.http.impl.classic.ProtocolExec - ex-0000002A: proxy auth state: UNCHALLENGED
03:32:51.005 [main] DEBUG com.github.dockerjava.zerodep.shaded.org.apache.hc.client5.http.impl.classic.ConnectExec - ex-0000002A: acquiring connection with route {}->unix://localhost:2375
03:32:51.005 [main] DEBUG com.github.dockerjava.zerodep.shaded.org.apache.hc.client5.http.impl.classic.InternalHttpClient - ex-0000002A: acquiring endpoint (3 MINUTES)
03:32:51.005 [main] DEBUG com.github.dockerjava.zerodep.shaded.org.apache.hc.client5.http.impl.io.PoolingHttpClientConnectionManager - ex-0000002A: endpoint lease request (3 MINUTES) [route: {}->unix://localhost:2375][total available: 1; route allocated: 1 of 2147483647; total allocated: 1 of 2147483647]
03:32:51.005 [main] DEBUG com.github.dockerjava.zerodep.shaded.org.apache.hc.client5.http.impl.io.PoolingHttpClientConnectionManager - ex-0000002A: endpoint leased [route: {}->unix://localhost:2375][total available: 0; route allocated: 1 of 2147483647; total allocated: 1 of 2147483647]
03:32:51.005 [main] DEBUG com.github.dockerjava.zerodep.shaded.org.apache.hc.client5.http.impl.io.PoolingHttpClientConnectionManager - ex-0000002A: acquired ep-00000029
03:32:51.005 [main] DEBUG com.github.dockerjava.zerodep.shaded.org.apache.hc.client5.http.impl.classic.InternalHttpClient - ex-0000002A: acquired endpoint ep-00000029
03:32:51.005 [main] DEBUG com.github.dockerjava.zerodep.shaded.org.apache.hc.client5.http.impl.classic.MainClientExec - ex-0000002A: executing GET /v1.32/containers/9691e31891711283f4d98263d11bc6156717d3e75a0b86a23f3b128a992c1f38/json HTTP/1.1
03:32:51.005 [main] DEBUG com.github.dockerjava.zerodep.shaded.org.apache.hc.client5.http.impl.classic.InternalHttpClient - ep-00000029: start execution ex-0000002A
03:32:51.005 [main] DEBUG com.github.dockerjava.zerodep.shaded.org.apache.hc.client5.http.impl.io.PoolingHttpClientConnectionManager - ep-00000029: executing exchange ex-0000002A over http-outgoing-2
03:32:51.005 [main] DEBUG com.github.dockerjava.zerodep.shaded.org.apache.hc.client5.http.headers - http-outgoing-2 >> GET /v1.32/containers/9691e31891711283f4d98263d11bc6156717d3e75a0b86a23f3b128a992c1f38/json HTTP/1.1
03:32:51.005 [main] DEBUG com.github.dockerjava.zerodep.shaded.org.apache.hc.client5.http.headers - http-outgoing-2 >> accept: application/json
03:32:51.005 [main] DEBUG com.github.dockerjava.zerodep.shaded.org.apache.hc.client5.http.headers - http-outgoing-2 >> Accept-Encoding: gzip, x-gzip, deflate
03:32:51.005 [main] DEBUG com.github.dockerjava.zerodep.shaded.org.apache.hc.client5.http.headers - http-outgoing-2 >> Host: localhost:2375
03:32:51.005 [main] DEBUG com.github.dockerjava.zerodep.shaded.org.apache.hc.client5.http.headers - http-outgoing-2 >> Connection: keep-alive
03:32:51.005 [main] DEBUG com.github.dockerjava.zerodep.shaded.org.apache.hc.client5.http.headers - http-outgoing-2 >> User-Agent: Apache-HttpClient/5.0.3 (Java/11.0.15)
03:32:51.005 [main] DEBUG com.github.dockerjava.zerodep.shaded.org.apache.hc.client5.http.wire - http-outgoing-2 >> "GET /v1.32/containers/9691e31891711283f4d98263d11bc6156717d3e75a0b86a23f3b128a992c1f38/json HTTP/1.1[\r][\n]"
03:32:51.005 [main] DEBUG com.github.dockerjava.zerodep.shaded.org.apache.hc.client5.http.wire - http-outgoing-2 >> "accept: application/json[\r][\n]"
03:32:51.005 [main] DEBUG com.github.dockerjava.zerodep.shaded.org.apache.hc.client5.http.wire - http-outgoing-2 >> "Accept-Encoding: gzip, x-gzip, deflate[\r][\n]"
03:32:51.005 [main] DEBUG com.github.dockerjava.zerodep.shaded.org.apache.hc.client5.http.wire - http-outgoing-2 >> "Host: localhost:2375[\r][\n]"
03:32:51.005 [main] DEBUG com.github.dockerjava.zerodep.shaded.org.apache.hc.client5.http.wire - http-outgoing-2 >> "Connection: keep-alive[\r][\n]"
03:32:51.005 [main] DEBUG com.github.dockerjava.zerodep.shaded.org.apache.hc.client5.http.wire - http-outgoing-2 >> "User-Agent: Apache-HttpClient/5.0.3 (Java/11.0.15)[\r][\n]"
03:32:51.005 [main] DEBUG com.github.dockerjava.zerodep.shaded.org.apache.hc.client5.http.wire - http-outgoing-2 >> "[\r][\n]"
03:32:51.006 [main] DEBUG com.github.dockerjava.zerodep.shaded.org.apache.hc.client5.http.wire - http-outgoing-2 << "HTTP/1.1 200 OK[\r][\n]"
03:32:51.006 [main] DEBUG com.github.dockerjava.zerodep.shaded.org.apache.hc.client5.http.wire - http-outgoing-2 << "Api-Version: 1.41[\r][\n]"
03:32:51.006 [main] DEBUG com.github.dockerjava.zerodep.shaded.org.apache.hc.client5.http.wire - http-outgoing-2 << "Content-Type: application/json[\r][\n]"
03:32:51.006 [main] DEBUG com.github.dockerjava.zerodep.shaded.org.apache.hc.client5.http.wire - http-outgoing-2 << "Docker-Experimental: false[\r][\n]"
03:32:51.006 [main] DEBUG com.github.dockerjava.zerodep.shaded.org.apache.hc.client5.http.wire - http-outgoing-2 << "Ostype: linux[\r][\n]"
03:32:51.006 [main] DEBUG com.github.dockerjava.zerodep.shaded.org.apache.hc.client5.http.wire - http-outgoing-2 << "Server: Docker/20.10.12 (linux)[\r][\n]"
03:32:51.006 [main] DEBUG com.github.dockerjava.zerodep.shaded.org.apache.hc.client5.http.wire - http-outgoing-2 << "Date: Thu, 23 Jun 2022 02:32:51 GMT[\r][\n]"
03:32:51.006 [main] DEBUG com.github.dockerjava.zerodep.shaded.org.apache.hc.client5.http.wire - http-outgoing-2 << "Transfer-Encoding: chunked[\r][\n]"
03:32:51.006 [main] DEBUG com.github.dockerjava.zerodep.shaded.org.apache.hc.client5.http.wire - http-outgoing-2 << "[\r][\n]"
03:32:51.006 [main] DEBUG com.github.dockerjava.zerodep.shaded.org.apache.hc.client5.http.wire - http-outgoing-2 << "18ed[\r][\n]"
03:32:51.006 [main] DEBUG com.github.dockerjava.zerodep.shaded.org.apache.hc.client5.http.wire - http-outgoing-2 << "{"Id":"9691e31891711283f4d98263d11bc6156717d3e75a0b86a23f3b128a992c1f38","Created":"2022-06-23T02:32:47.03956921Z","Path":"docker-entrypoint.sh","Args":["mysqld"],"State":{"Status":"running","Running":true,"Paused":false,"Restarting":false,"OOMKilled":false,"Dead":false,"Pid":66188,"ExitCode":0,"Error":"","StartedAt":"2022-06-23T02:32:47.703880551Z","FinishedAt":"0001-01-01T00:00:00Z"},"Image":"sha256:65b636d5542b73254ce90cc4b895597dc1adc2c661ca553c38eda159979dded1","ResolvConfPath":"/var/lib/docker/containers/9691e31891711283f4d98263d11bc6156717d3e75a0b86a23f3b128a992c1f38/resolv.conf","HostnamePath":"/var/lib/docker/containers/9691e31891711283f4d98263d11bc6156717d3e75a0b86a23f3b128a992c1f38/hostname","HostsPath":"/var/lib/docker/containers/9691e31891711283f4d98263d11bc6156717d3e75a0b86a23f3b128a992c1f38/hosts","LogPath":"/var/lib/docker/containers/9691e31891711283f4d98263d11bc6156717d3e75a0b86a23f3b128a992c1f38/9691e31891711283f4d98263d11bc6156717d3e75a0b86a23f3b128a992c1f38-json.log","Name":"/xenodochial_satoshi","RestartCount":0,"Driver":"overlay2","Platform":"linux","MountLabel":"","ProcessLabel":"","AppArmorProfile":"docker-default","ExecIDs":null,"HostConfig":{"Binds":[],"ContainerIDFile":"","LogConfig":{"Type":"json-file","Config":{}},"NetworkMode":"default","PortBindings":{"3306/tcp":[{"HostIp":"","HostPort":""}]},"RestartPolicy":{"Name":"","MaximumRetryCount":0},"AutoRemove":false,"VolumeDriver":"","VolumesFrom":[],"CapAdd":null,"CapDrop":null,"CgroupnsMode":"host","Dns":null,"DnsOptions":null,"DnsSearch":null,"ExtraHosts":[],"GroupAdd":null,"IpcMode":"shareable","Cgroup":"","Links":null,"OomScoreAdj":0,"PidMode":"","Privileged":false,"PublishAllPorts":false,"ReadonlyRootfs":false,"SecurityOpt":null,"UTSMode":"","UsernsMode":"","ShmSize":67108864,"Runtime":"runc","ConsoleSize":[0,0],"Isolation":"","CpuShares":0,"Memory":0,"NanoCpus":0,"CgroupParent":"","BlkioWeight":0,"BlkioWeightDevice":null,"BlkioDeviceReadBps":null,"BlkioDeviceWriteBps":null,"BlkioDeviceReadIOps":null,"BlkioDeviceWriteIOps":null,"CpuPeriod":0,"CpuQuota":0,"CpuRealtimePeriod":0,"CpuRealtimeRuntime":0,"CpusetCpus":"","CpusetMems":"","Devices":null,"DeviceCgroupRules":null,"DeviceRequests":null,"KernelMemory":0,"KernelMemoryTCP":0,"MemoryReservation":0,"MemorySwap":0,"MemorySwappiness":null,"OomKillDisable":false,"PidsLimit":null,"Ulimits":null,"CpuCount":0,"CpuPercent":0,"IOMaximumIOps":0,"IOMaximumBandwidth":0,"MaskedPaths":["/proc/asound","/proc/acpi","/proc/kcore","/proc/keys","/proc/latency_stats","/proc/timer_list","/proc/timer_stats","/proc/sched_debug","/proc/scsi","/sys/firmware"],"ReadonlyPaths":["/proc/bus","/proc/fs","/proc/irq","/proc/sys","/proc/sysrq-trigger"]},"GraphDriver":{"Data":{"LowerDir":"/var/lib/docker/overlay2/5529564f52cf969e31e7a1482c27be7ffed19639b506ae2e15b7e7115f699a73-init/diff:/var/lib/docker/overlay2/833a665819b5d9728d3efa7c33135034345a24f83af53b1a1af33d9b64f5492a/diff:/var/lib/docker/overlay2/bd4a2a46c227c2f15475b08c398f37acaab93f4fdba31de015d730efae0a0cfc/diff:/var/lib/docker/overlay2/31ad437d7cba8e64428a2b62db1bbb2a2ec19ca4e439ec493ef4deb50dce2783/diff:/var/lib/docker/overlay2/35173cbd8ec5b88a8888e9abbe75f8694f5d3f96a9b781bb70dc1f0889685741/diff:/var/lib/docker/overlay2/24bf69ac4e8c81062fee44e7c9f746fffbb139c3f7f4b55b4fd1b23bb101b529/diff:/var/lib/docker/overlay2/2f27c96a7775dad186b6f0da325d5a251c80aa1b7f80cf8520f493c5154aee70/diff:/var/lib/docker/overlay2/463a60088c72ddbea82639ded15801e35a79c443f6a26bf1baf320c683cb06af/diff:/var/lib/docker/overlay2/80b8224b23a2ee4b5be635c58ae579fd1913aa95558cd66ab2f5e8430f00a5b8/diff:/var/lib/docker/overlay2/20451fa0b1a07b85d665bc3a0359d721ce4e4c28fa3bce7456ab25e0babae708/diff:/var/lib/docker/overlay2/f80d865cbc6c1c6f57d0963fa6234e7a6409e079eb17f4f13ca41d02731701ad/diff:/var/lib/docker/overlay2/5a3029e0b57c6ec9b985871ff6adf08356aaa0f2a15f1e34c1a7f116ecc4a61d/diff:/var/lib/docker/overlay2/4f3423103248d0b381a1bc6a7287e2b42313ff458cea602a02b7379014b03e0e/diff","MergedDir":"/var/lib/docker/overlay2/5529564f52cf969e31e7a1482c27be7ffed19639b506ae2e15b7e7115f699a73/merged","UpperDir":"/var/lib/docker/overlay2/5529564f52cf969e31e7a1482c27be7ffed19639b506ae2e15b7e7115f699a73/diff","WorkDir":"/var/lib/docker/overlay2/5529564f52cf969e31e7a1482c27be7ffed19639b506ae2e15b7e7115f699a73/work"},"Name":"overlay2"},"Mounts":[{"Type":"volume","Name":"fd1f613c7fe3ca3ae799982507ac3f565cc9f6a2dc99ceaed92389e2c43f47d1","Source":"/var/lib/docker/volumes/fd1f613c7fe3ca3ae799982507ac3f565cc9f6a2dc99ceaed92389e2c43f47d1/_data","Destination":"/var/lib/mysql","Driver":"local","Mode":"","RW":true,"Propagation":""}],"Config":{"Hostname":"9691e3189171","Domainname":"","User":"","AttachStdin":false,"AttachStdout":false,"AttachStderr":false,"ExposedPorts":{"3306/tcp":{},"33060/tcp":{}},"Tty":false,"OpenStdin":false,"StdinOnce":false,"Env":["MYSQL_DATABASE=test","MYSQL_PASSWORD=admin","MYSQL_USER=admin","MYSQL_ROOT_PASSWORD=admin","PATH=/usr/local/sbin:/usr/local/bin:/usr/sbin:/usr/bin:/sbin:/bin","GOSU_VERSION=1.14","MYSQL_MAJOR=8.0","MYSQL_VERSION=8.0.29-1debian10"],"Cmd":["mysqld"],"Image":"mysql:8.0","Volumes":{"/var/lib/mysql":{}},"WorkingDir":"","Entrypoint":["docker-entrypoint.sh"],"OnBuild":null,"Labels":{"org.testcontainers":"true","org.testcontainers.sessionId":"d48265e4-2b28-4f8c-aa67-76dd8289af84"}},"NetworkSettings":{"Bridge":"","SandboxID":"d9de8570fe3f0a4e9f3a1ff7101c963bbd2c6a0a9d8a867b96f17f4d5edca537","HairpinMode":false,"LinkLocalIPv6Address":"","LinkLocalIPv6PrefixLen":0,"Ports":{"3306/tcp":[{"HostIp":"0.0.0.0","HostPort":"49160"},{"HostIp":"::","HostPort":"49160"}],"33060/tcp":null},"SandboxKey":"/var/run/docker/netns/d9de8570fe3f","SecondaryIPAddresses":null,"SecondaryIPv6Addresses":null,"EndpointID":"93e8fe159f683a98670e8995677c2b130dbce857fc116679206e206bda319cbf","Gateway":"172.17.0.1","GlobalIPv6Address":"","GlobalIPv6PrefixLen":0,"IPAddress":"172.17.0.3","IPPrefixLen":16,"IPv6Gateway":"","MacAddress":"02:42:ac:11:00:03","Networks":{"bridge":{"IPAMConfig":null,"Links":null,"Aliases":null,"NetworkID":"1853cd2b9856825cc97ed9ef2b12efa82d95bf9cf60ad666c276eb35cc53539e","EndpointID":"93e8fe159f683a98670e8995677c2b130dbce857fc116679206e206bda319cbf","Gateway":"172.17.0.1","IPAddress":"172.17.0.3","IPPrefixLen":16,"IPv6Gateway":"","GlobalIPv6Address":"","GlobalIPv6PrefixLen":0,"MacAddress":"02:42:ac:11:00:03","DriverOpts":null}}}}[\n]"
03:32:51.006 [main] DEBUG com.github.dockerjava.zerodep.shaded.org.apache.hc.client5.http.wire - http-outgoing-2 << "[\r][\n]"
03:32:51.006 [main] DEBUG com.github.dockerjava.zerodep.shaded.org.apache.hc.client5.http.wire - http-outgoing-2 << "0[\r][\n]"
03:32:51.006 [main] DEBUG com.github.dockerjava.zerodep.shaded.org.apache.hc.client5.http.wire - http-outgoing-2 << "[\r][\n]"
03:32:51.006 [main] DEBUG com.github.dockerjava.zerodep.shaded.org.apache.hc.client5.http.headers - http-outgoing-2 << HTTP/1.1 200 OK
03:32:51.006 [main] DEBUG com.github.dockerjava.zerodep.shaded.org.apache.hc.client5.http.headers - http-outgoing-2 << Api-Version: 1.41
03:32:51.006 [main] DEBUG com.github.dockerjava.zerodep.shaded.org.apache.hc.client5.http.headers - http-outgoing-2 << Content-Type: application/json
03:32:51.006 [main] DEBUG com.github.dockerjava.zerodep.shaded.org.apache.hc.client5.http.headers - http-outgoing-2 << Docker-Experimental: false
03:32:51.006 [main] DEBUG com.github.dockerjava.zerodep.shaded.org.apache.hc.client5.http.headers - http-outgoing-2 << Ostype: linux
03:32:51.006 [main] DEBUG com.github.dockerjava.zerodep.shaded.org.apache.hc.client5.http.headers - http-outgoing-2 << Server: Docker/20.10.12 (linux)
03:32:51.006 [main] DEBUG com.github.dockerjava.zerodep.shaded.org.apache.hc.client5.http.headers - http-outgoing-2 << Date: Thu, 23 Jun 2022 02:32:51 GMT
03:32:51.006 [main] DEBUG com.github.dockerjava.zerodep.shaded.org.apache.hc.client5.http.headers - http-outgoing-2 << Transfer-Encoding: chunked
03:32:51.006 [main] DEBUG com.github.dockerjava.zerodep.shaded.org.apache.hc.client5.http.impl.classic.MainClientExec - ex-0000002A: connection can be kept alive for 3 MINUTES
03:32:51.008 [main] DEBUG com.github.dockerjava.zerodep.shaded.org.apache.hc.client5.http.impl.classic.InternalHttpClient - ep-00000029: releasing valid endpoint
03:32:51.008 [main] DEBUG com.github.dockerjava.zerodep.shaded.org.apache.hc.client5.http.impl.io.PoolingHttpClientConnectionManager - ep-00000029: releasing endpoint
03:32:51.008 [main] DEBUG com.github.dockerjava.zerodep.shaded.org.apache.hc.client5.http.impl.io.PoolingHttpClientConnectionManager - ep-00000029: connection http-outgoing-2 can be kept alive for 3 MINUTES
03:32:51.009 [main] DEBUG com.github.dockerjava.zerodep.shaded.org.apache.hc.client5.http.impl.io.PoolingHttpClientConnectionManager - ep-00000029: connection released [route: {}->unix://localhost:2375][total available: 1; route allocated: 1 of 2147483647; total allocated: 1 of 2147483647]
03:32:51.009 [main] DEBUG 🐳 [mysql:8.0] - Trying to create JDBC connection using com.mysql.cj.jdbc.Driver to jdbc:mysql://localhost:49160/test?useSSL=false&allowPublicKeyRetrieval=true with properties: {password=admin, user=admin}
03:32:51.111 [main] DEBUG org.testcontainers.shaded.com.github.dockerjava.core.command.AbstrDockerCmd - Cmd: 9691e31891711283f4d98263d11bc6156717d3e75a0b86a23f3b128a992c1f38,false
03:32:51.111 [main] DEBUG org.testcontainers.shaded.com.github.dockerjava.core.exec.InspectContainerCmdExec - GET: DefaultWebTarget{path=[/containers/9691e31891711283f4d98263d11bc6156717d3e75a0b86a23f3b128a992c1f38/json], queryParams={}}
03:32:51.112 [main] DEBUG com.github.dockerjava.zerodep.shaded.org.apache.hc.client5.http.impl.classic.InternalHttpClient - ex-0000002B: preparing request execution
03:32:51.112 [main] DEBUG com.github.dockerjava.zerodep.shaded.org.apache.hc.client5.http.protocol.RequestAddCookies - Cookie spec selected: strict
03:32:51.112 [main] DEBUG com.github.dockerjava.zerodep.shaded.org.apache.hc.client5.http.protocol.RequestAuthCache - Auth cache not set in the context
03:32:51.112 [main] DEBUG com.github.dockerjava.zerodep.shaded.org.apache.hc.client5.http.impl.classic.ProtocolExec - ex-0000002B: target auth state: UNCHALLENGED
03:32:51.112 [main] DEBUG com.github.dockerjava.zerodep.shaded.org.apache.hc.client5.http.impl.classic.ProtocolExec - ex-0000002B: proxy auth state: UNCHALLENGED
03:32:51.112 [main] DEBUG com.github.dockerjava.zerodep.shaded.org.apache.hc.client5.http.impl.classic.ConnectExec - ex-0000002B: acquiring connection with route {}->unix://localhost:2375
03:32:51.112 [main] DEBUG com.github.dockerjava.zerodep.shaded.org.apache.hc.client5.http.impl.classic.InternalHttpClient - ex-0000002B: acquiring endpoint (3 MINUTES)
03:32:51.112 [main] DEBUG com.github.dockerjava.zerodep.shaded.org.apache.hc.client5.http.impl.io.PoolingHttpClientConnectionManager - ex-0000002B: endpoint lease request (3 MINUTES) [route: {}->unix://localhost:2375][total available: 1; route allocated: 1 of 2147483647; total allocated: 1 of 2147483647]
03:32:51.112 [main] DEBUG com.github.dockerjava.zerodep.shaded.org.apache.hc.client5.http.impl.io.PoolingHttpClientConnectionManager - ex-0000002B: endpoint leased [route: {}->unix://localhost:2375][total available: 0; route allocated: 1 of 2147483647; total allocated: 1 of 2147483647]
03:32:51.112 [main] DEBUG com.github.dockerjava.zerodep.shaded.org.apache.hc.client5.http.impl.io.PoolingHttpClientConnectionManager - ex-0000002B: acquired ep-0000002A
03:32:51.112 [main] DEBUG com.github.dockerjava.zerodep.shaded.org.apache.hc.client5.http.impl.classic.InternalHttpClient - ex-0000002B: acquired endpoint ep-0000002A
03:32:51.112 [main] DEBUG com.github.dockerjava.zerodep.shaded.org.apache.hc.client5.http.impl.classic.MainClientExec - ex-0000002B: executing GET /v1.32/containers/9691e31891711283f4d98263d11bc6156717d3e75a0b86a23f3b128a992c1f38/json HTTP/1.1
03:32:51.112 [main] DEBUG com.github.dockerjava.zerodep.shaded.org.apache.hc.client5.http.impl.classic.InternalHttpClient - ep-0000002A: start execution ex-0000002B
03:32:51.112 [main] DEBUG com.github.dockerjava.zerodep.shaded.org.apache.hc.client5.http.impl.io.PoolingHttpClientConnectionManager - ep-0000002A: executing exchange ex-0000002B over http-outgoing-2
03:32:51.112 [main] DEBUG com.github.dockerjava.zerodep.shaded.org.apache.hc.client5.http.headers - http-outgoing-2 >> GET /v1.32/containers/9691e31891711283f4d98263d11bc6156717d3e75a0b86a23f3b128a992c1f38/json HTTP/1.1
03:32:51.112 [main] DEBUG com.github.dockerjava.zerodep.shaded.org.apache.hc.client5.http.headers - http-outgoing-2 >> accept: application/json
03:32:51.112 [main] DEBUG com.github.dockerjava.zerodep.shaded.org.apache.hc.client5.http.headers - http-outgoing-2 >> Accept-Encoding: gzip, x-gzip, deflate
03:32:51.112 [main] DEBUG com.github.dockerjava.zerodep.shaded.org.apache.hc.client5.http.headers - http-outgoing-2 >> Host: localhost:2375
03:32:51.112 [main] DEBUG com.github.dockerjava.zerodep.shaded.org.apache.hc.client5.http.headers - http-outgoing-2 >> Connection: keep-alive
03:32:51.112 [main] DEBUG com.github.dockerjava.zerodep.shaded.org.apache.hc.client5.http.headers - http-outgoing-2 >> User-Agent: Apache-HttpClient/5.0.3 (Java/11.0.15)
03:32:51.112 [main] DEBUG com.github.dockerjava.zerodep.shaded.org.apache.hc.client5.http.wire - http-outgoing-2 >> "GET /v1.32/containers/9691e31891711283f4d98263d11bc6156717d3e75a0b86a23f3b128a992c1f38/json HTTP/1.1[\r][\n]"
03:32:51.112 [main] DEBUG com.github.dockerjava.zerodep.shaded.org.apache.hc.client5.http.wire - http-outgoing-2 >> "accept: application/json[\r][\n]"
03:32:51.112 [main] DEBUG com.github.dockerjava.zerodep.shaded.org.apache.hc.client5.http.wire - http-outgoing-2 >> "Accept-Encoding: gzip, x-gzip, deflate[\r][\n]"
03:32:51.112 [main] DEBUG com.github.dockerjava.zerodep.shaded.org.apache.hc.client5.http.wire - http-outgoing-2 >> "Host: localhost:2375[\r][\n]"
03:32:51.112 [main] DEBUG com.github.dockerjava.zerodep.shaded.org.apache.hc.client5.http.wire - http-outgoing-2 >> "Connection: keep-alive[\r][\n]"
03:32:51.112 [main] DEBUG com.github.dockerjava.zerodep.shaded.org.apache.hc.client5.http.wire - http-outgoing-2 >> "User-Agent: Apache-HttpClient/5.0.3 (Java/11.0.15)[\r][\n]"
03:32:51.112 [main] DEBUG com.github.dockerjava.zerodep.shaded.org.apache.hc.client5.http.wire - http-outgoing-2 >> "[\r][\n]"
03:32:51.113 [main] DEBUG com.github.dockerjava.zerodep.shaded.org.apache.hc.client5.http.wire - http-outgoing-2 << "HTTP/1.1 200 OK[\r][\n]"
03:32:51.113 [main] DEBUG com.github.dockerjava.zerodep.shaded.org.apache.hc.client5.http.wire - http-outgoing-2 << "Api-Version: 1.41[\r][\n]"
03:32:51.113 [main] DEBUG com.github.dockerjava.zerodep.shaded.org.apache.hc.client5.http.wire - http-outgoing-2 << "Content-Type: application/json[\r][\n]"
03:32:51.113 [main] DEBUG com.github.dockerjava.zerodep.shaded.org.apache.hc.client5.http.wire - http-outgoing-2 << "Docker-Experimental: false[\r][\n]"
03:32:51.113 [main] DEBUG com.github.dockerjava.zerodep.shaded.org.apache.hc.client5.http.wire - http-outgoing-2 << "Ostype: linux[\r][\n]"
03:32:51.113 [main] DEBUG com.github.dockerjava.zerodep.shaded.org.apache.hc.client5.http.wire - http-outgoing-2 << "Server: Docker/20.10.12 (linux)[\r][\n]"
03:32:51.113 [main] DEBUG com.github.dockerjava.zerodep.shaded.org.apache.hc.client5.http.wire - http-outgoing-2 << "Date: Thu, 23 Jun 2022 02:32:51 GMT[\r][\n]"
03:32:51.113 [main] DEBUG com.github.dockerjava.zerodep.shaded.org.apache.hc.client5.http.wire - http-outgoing-2 << "Transfer-Encoding: chunked[\r][\n]"
03:32:51.113 [main] DEBUG com.github.dockerjava.zerodep.shaded.org.apache.hc.client5.http.wire - http-outgoing-2 << "[\r][\n]"
03:32:51.113 [main] DEBUG com.github.dockerjava.zerodep.shaded.org.apache.hc.client5.http.wire - http-outgoing-2 << "18ed[\r][\n]"
03:32:51.113 [main] DEBUG com.github.dockerjava.zerodep.shaded.org.apache.hc.client5.http.wire - http-outgoing-2 << "{"Id":"9691e31891711283f4d98263d11bc6156717d3e75a0b86a23f3b128a992c1f38","Created":"2022-06-23T02:32:47.03956921Z","Path":"docker-entrypoint.sh","Args":["mysqld"],"State":{"Status":"running","Running":true,"Paused":false,"Restarting":false,"OOMKilled":false,"Dead":false,"Pid":66188,"ExitCode":0,"Error":"","StartedAt":"2022-06-23T02:32:47.703880551Z","FinishedAt":"0001-01-01T00:00:00Z"},"Image":"sha256:65b636d5542b73254ce90cc4b895597dc1adc2c661ca553c38eda159979dded1","ResolvConfPath":"/var/lib/docker/containers/9691e31891711283f4d98263d11bc6156717d3e75a0b86a23f3b128a992c1f38/resolv.conf","HostnamePath":"/var/lib/docker/containers/9691e31891711283f4d98263d11bc6156717d3e75a0b86a23f3b128a992c1f38/hostname","HostsPath":"/var/lib/docker/containers/9691e31891711283f4d98263d11bc6156717d3e75a0b86a23f3b128a992c1f38/hosts","LogPath":"/var/lib/docker/containers/9691e31891711283f4d98263d11bc6156717d3e75a0b86a23f3b128a992c1f38/9691e31891711283f4d98263d11bc6156717d3e75a0b86a23f3b128a992c1f38-json.log","Name":"/xenodochial_satoshi","RestartCount":0,"Driver":"overlay2","Platform":"linux","MountLabel":"","ProcessLabel":"","AppArmorProfile":"docker-default","ExecIDs":null,"HostConfig":{"Binds":[],"ContainerIDFile":"","LogConfig":{"Type":"json-file","Config":{}},"NetworkMode":"default","PortBindings":{"3306/tcp":[{"HostIp":"","HostPort":""}]},"RestartPolicy":{"Name":"","MaximumRetryCount":0},"AutoRemove":false,"VolumeDriver":"","VolumesFrom":[],"CapAdd":null,"CapDrop":null,"CgroupnsMode":"host","Dns":null,"DnsOptions":null,"DnsSearch":null,"ExtraHosts":[],"GroupAdd":null,"IpcMode":"shareable","Cgroup":"","Links":null,"OomScoreAdj":0,"PidMode":"","Privileged":false,"PublishAllPorts":false,"ReadonlyRootfs":false,"SecurityOpt":null,"UTSMode":"","UsernsMode":"","ShmSize":67108864,"Runtime":"runc","ConsoleSize":[0,0],"Isolation":"","CpuShares":0,"Memory":0,"NanoCpus":0,"CgroupParent":"","BlkioWeight":0,"BlkioWeightDevice":null,"BlkioDeviceReadBps":null,"BlkioDeviceWriteBps":null,"BlkioDeviceReadIOps":null,"BlkioDeviceWriteIOps":null,"CpuPeriod":0,"CpuQuota":0,"CpuRealtimePeriod":0,"CpuRealtimeRuntime":0,"CpusetCpus":"","CpusetMems":"","Devices":null,"DeviceCgroupRules":null,"DeviceRequests":null,"KernelMemory":0,"KernelMemoryTCP":0,"MemoryReservation":0,"MemorySwap":0,"MemorySwappiness":null,"OomKillDisable":false,"PidsLimit":null,"Ulimits":null,"CpuCount":0,"CpuPercent":0,"IOMaximumIOps":0,"IOMaximumBandwidth":0,"MaskedPaths":["/proc/asound","/proc/acpi","/proc/kcore","/proc/keys","/proc/latency_stats","/proc/timer_list","/proc/timer_stats","/proc/sched_debug","/proc/scsi","/sys/firmware"],"ReadonlyPaths":["/proc/bus","/proc/fs","/proc/irq","/proc/sys","/proc/sysrq-trigger"]},"GraphDriver":{"Data":{"LowerDir":"/var/lib/docker/overlay2/5529564f52cf969e31e7a1482c27be7ffed19639b506ae2e15b7e7115f699a73-init/diff:/var/lib/docker/overlay2/833a665819b5d9728d3efa7c33135034345a24f83af53b1a1af33d9b64f5492a/diff:/var/lib/docker/overlay2/bd4a2a46c227c2f15475b08c398f37acaab93f4fdba31de015d730efae0a0cfc/diff:/var/lib/docker/overlay2/31ad437d7cba8e64428a2b62db1bbb2a2ec19ca4e439ec493ef4deb50dce2783/diff:/var/lib/docker/overlay2/35173cbd8ec5b88a8888e9abbe75f8694f5d3f96a9b781bb70dc1f0889685741/diff:/var/lib/docker/overlay2/24bf69ac4e8c81062fee44e7c9f746fffbb139c3f7f4b55b4fd1b23bb101b529/diff:/var/lib/docker/overlay2/2f27c96a7775dad186b6f0da325d5a251c80aa1b7f80cf8520f493c5154aee70/diff:/var/lib/docker/overlay2/463a60088c72ddbea82639ded15801e35a79c443f6a26bf1baf320c683cb06af/diff:/var/lib/docker/overlay2/80b8224b23a2ee4b5be635c58ae579fd1913aa95558cd66ab2f5e8430f00a5b8/diff:/var/lib/docker/overlay2/20451fa0b1a07b85d665bc3a0359d721ce4e4c28fa3bce7456ab25e0babae708/diff:/var/lib/docker/overlay2/f80d865cbc6c1c6f57d0963fa6234e7a6409e079eb17f4f13ca41d02731701ad/diff:/var/lib/docker/overlay2/5a3029e0b57c6ec9b985871ff6adf08356aaa0f2a15f1e34c1a7f116ecc4a61d/diff:/var/lib/docker/overlay2/4f3423103248d0b381a1bc6a7287e2b42313ff458cea602a02b7379014b03e0e/diff","MergedDir":"/var/lib/docker/overlay2/5529564f52cf969e31e7a1482c27be7ffed19639b506ae2e15b7e7115f699a73/merged","UpperDir":"/var/lib/docker/overlay2/5529564f52cf969e31e7a1482c27be7ffed19639b506ae2e15b7e7115f699a73/diff","WorkDir":"/var/lib/docker/overlay2/5529564f52cf969e31e7a1482c27be7ffed19639b506ae2e15b7e7115f699a73/work"},"Name":"overlay2"},"Mounts":[{"Type":"volume","Name":"fd1f613c7fe3ca3ae799982507ac3f565cc9f6a2dc99ceaed92389e2c43f47d1","Source":"/var/lib/docker/volumes/fd1f613c7fe3ca3ae799982507ac3f565cc9f6a2dc99ceaed92389e2c43f47d1/_data","Destination":"/var/lib/mysql","Driver":"local","Mode":"","RW":true,"Propagation":""}],"Config":{"Hostname":"9691e3189171","Domainname":"","User":"","AttachStdin":false,"AttachStdout":false,"AttachStderr":false,"ExposedPorts":{"3306/tcp":{},"33060/tcp":{}},"Tty":false,"OpenStdin":false,"StdinOnce":false,"Env":["MYSQL_DATABASE=test","MYSQL_PASSWORD=admin","MYSQL_USER=admin","MYSQL_ROOT_PASSWORD=admin","PATH=/usr/local/sbin:/usr/local/bin:/usr/sbin:/usr/bin:/sbin:/bin","GOSU_VERSION=1.14","MYSQL_MAJOR=8.0","MYSQL_VERSION=8.0.29-1debian10"],"Cmd":["mysqld"],"Image":"mysql:8.0","Volumes":{"/var/lib/mysql":{}},"WorkingDir":"","Entrypoint":["docker-entrypoint.sh"],"OnBuild":null,"Labels":{"org.testcontainers":"true","org.testcontainers.sessionId":"d48265e4-2b28-4f8c-aa67-76dd8289af84"}},"NetworkSettings":{"Bridge":"","SandboxID":"d9de8570fe3f0a4e9f3a1ff7101c963bbd2c6a0a9d8a867b96f17f4d5edca537","HairpinMode":false,"LinkLocalIPv6Address":"","LinkLocalIPv6PrefixLen":0,"Ports":{"3306/tcp":[{"HostIp":"0.0.0.0","HostPort":"49160"},{"HostIp":"::","HostPort":"49160"}],"33060/tcp":null},"SandboxKey":"/var/run/docker/netns/d9de8570fe3f","SecondaryIPAddresses":null,"SecondaryIPv6Addresses":null,"EndpointID":"93e8fe159f683a98670e8995677c2b130dbce857fc116679206e206bda319cbf","Gateway":"172.17.0.1","GlobalIPv6Address":"","GlobalIPv6PrefixLen":0,"IPAddress":"172.17.0.3","IPPrefixLen":16,"IPv6Gateway":"","MacAddress":"02:42:ac:11:00:03","Networks":{"bridge":{"IPAMConfig":null,"Links":null,"Aliases":null,"NetworkID":"1853cd2b9856825cc97ed9ef2b12efa82d95bf9cf60ad666c276eb35cc53539e","EndpointID":"93e8fe159f683a98670e8995677c2b130dbce857fc116679206e206bda319cbf","Gateway":"172.17.0.1","IPAddress":"172.17.0.3","IPPrefixLen":16,"IPv6Gateway":"","GlobalIPv6Address":"","GlobalIPv6PrefixLen":0,"MacAddress":"02:42:ac:11:00:03","DriverOpts":null}}}}[\n]"
03:32:51.113 [main] DEBUG com.github.dockerjava.zerodep.shaded.org.apache.hc.client5.http.wire - http-outgoing-2 << "[\r][\n]"
03:32:51.113 [main] DEBUG com.github.dockerjava.zerodep.shaded.org.apache.hc.client5.http.wire - http-outgoing-2 << "0[\r][\n]"
03:32:51.113 [main] DEBUG com.github.dockerjava.zerodep.shaded.org.apache.hc.client5.http.wire - http-outgoing-2 << "[\r][\n]"
03:32:51.113 [main] DEBUG com.github.dockerjava.zerodep.shaded.org.apache.hc.client5.http.headers - http-outgoing-2 << HTTP/1.1 200 OK
03:32:51.113 [main] DEBUG com.github.dockerjava.zerodep.shaded.org.apache.hc.client5.http.headers - http-outgoing-2 << Api-Version: 1.41
03:32:51.113 [main] DEBUG com.github.dockerjava.zerodep.shaded.org.apache.hc.client5.http.headers - http-outgoing-2 << Content-Type: application/json
03:32:51.113 [main] DEBUG com.github.dockerjava.zerodep.shaded.org.apache.hc.client5.http.headers - http-outgoing-2 << Docker-Experimental: false
03:32:51.113 [main] DEBUG com.github.dockerjava.zerodep.shaded.org.apache.hc.client5.http.headers - http-outgoing-2 << Ostype: linux
03:32:51.113 [main] DEBUG com.github.dockerjava.zerodep.shaded.org.apache.hc.client5.http.headers - http-outgoing-2 << Server: Docker/20.10.12 (linux)
03:32:51.113 [main] DEBUG com.github.dockerjava.zerodep.shaded.org.apache.hc.client5.http.headers - http-outgoing-2 << Date: Thu, 23 Jun 2022 02:32:51 GMT
03:32:51.113 [main] DEBUG com.github.dockerjava.zerodep.shaded.org.apache.hc.client5.http.headers - http-outgoing-2 << Transfer-Encoding: chunked
03:32:51.114 [main] DEBUG com.github.dockerjava.zerodep.shaded.org.apache.hc.client5.http.impl.classic.MainClientExec - ex-0000002B: connection can be kept alive for 3 MINUTES
03:32:51.115 [main] DEBUG com.github.dockerjava.zerodep.shaded.org.apache.hc.client5.http.impl.classic.InternalHttpClient - ep-0000002A: releasing valid endpoint
03:32:51.115 [main] DEBUG com.github.dockerjava.zerodep.shaded.org.apache.hc.client5.http.impl.io.PoolingHttpClientConnectionManager - ep-0000002A: releasing endpoint
03:32:51.115 [main] DEBUG com.github.dockerjava.zerodep.shaded.org.apache.hc.client5.http.impl.io.PoolingHttpClientConnectionManager - ep-0000002A: connection http-outgoing-2 can be kept alive for 3 MINUTES
03:32:51.115 [main] DEBUG com.github.dockerjava.zerodep.shaded.org.apache.hc.client5.http.impl.io.PoolingHttpClientConnectionManager - ep-0000002A: connection released [route: {}->unix://localhost:2375][total available: 1; route allocated: 1 of 2147483647; total allocated: 1 of 2147483647]
03:32:51.115 [main] DEBUG 🐳 [mysql:8.0] - Trying to create JDBC connection using com.mysql.cj.jdbc.Driver to jdbc:mysql://localhost:49160/test?useSSL=false&allowPublicKeyRetrieval=true with properties: {password=admin, user=admin}
03:32:51.225 [main] DEBUG org.testcontainers.shaded.com.github.dockerjava.core.command.AbstrDockerCmd - Cmd: 9691e31891711283f4d98263d11bc6156717d3e75a0b86a23f3b128a992c1f38,false
03:32:51.225 [main] DEBUG org.testcontainers.shaded.com.github.dockerjava.core.exec.InspectContainerCmdExec - GET: DefaultWebTarget{path=[/containers/9691e31891711283f4d98263d11bc6156717d3e75a0b86a23f3b128a992c1f38/json], queryParams={}}
03:32:51.226 [main] DEBUG com.github.dockerjava.zerodep.shaded.org.apache.hc.client5.http.impl.classic.InternalHttpClient - ex-0000002C: preparing request execution
03:32:51.226 [main] DEBUG com.github.dockerjava.zerodep.shaded.org.apache.hc.client5.http.protocol.RequestAddCookies - Cookie spec selected: strict
03:32:51.226 [main] DEBUG com.github.dockerjava.zerodep.shaded.org.apache.hc.client5.http.protocol.RequestAuthCache - Auth cache not set in the context
03:32:51.226 [main] DEBUG com.github.dockerjava.zerodep.shaded.org.apache.hc.client5.http.impl.classic.ProtocolExec - ex-0000002C: target auth state: UNCHALLENGED
03:32:51.226 [main] DEBUG com.github.dockerjava.zerodep.shaded.org.apache.hc.client5.http.impl.classic.ProtocolExec - ex-0000002C: proxy auth state: UNCHALLENGED
03:32:51.226 [main] DEBUG com.github.dockerjava.zerodep.shaded.org.apache.hc.client5.http.impl.classic.ConnectExec - ex-0000002C: acquiring connection with route {}->unix://localhost:2375
03:32:51.226 [main] DEBUG com.github.dockerjava.zerodep.shaded.org.apache.hc.client5.http.impl.classic.InternalHttpClient - ex-0000002C: acquiring endpoint (3 MINUTES)
03:32:51.226 [main] DEBUG com.github.dockerjava.zerodep.shaded.org.apache.hc.client5.http.impl.io.PoolingHttpClientConnectionManager - ex-0000002C: endpoint lease request (3 MINUTES) [route: {}->unix://localhost:2375][total available: 1; route allocated: 1 of 2147483647; total allocated: 1 of 2147483647]
03:32:51.226 [main] DEBUG com.github.dockerjava.zerodep.shaded.org.apache.hc.client5.http.impl.io.PoolingHttpClientConnectionManager - ex-0000002C: endpoint leased [route: {}->unix://localhost:2375][total available: 0; route allocated: 1 of 2147483647; total allocated: 1 of 2147483647]
03:32:51.226 [main] DEBUG com.github.dockerjava.zerodep.shaded.org.apache.hc.client5.http.impl.io.PoolingHttpClientConnectionManager - ex-0000002C: acquired ep-0000002B
03:32:51.226 [main] DEBUG com.github.dockerjava.zerodep.shaded.org.apache.hc.client5.http.impl.classic.InternalHttpClient - ex-0000002C: acquired endpoint ep-0000002B
03:32:51.226 [main] DEBUG com.github.dockerjava.zerodep.shaded.org.apache.hc.client5.http.impl.classic.MainClientExec - ex-0000002C: executing GET /v1.32/containers/9691e31891711283f4d98263d11bc6156717d3e75a0b86a23f3b128a992c1f38/json HTTP/1.1
03:32:51.226 [main] DEBUG com.github.dockerjava.zerodep.shaded.org.apache.hc.client5.http.impl.classic.InternalHttpClient - ep-0000002B: start execution ex-0000002C
03:32:51.226 [main] DEBUG com.github.dockerjava.zerodep.shaded.org.apache.hc.client5.http.impl.io.PoolingHttpClientConnectionManager - ep-0000002B: executing exchange ex-0000002C over http-outgoing-2
03:32:51.226 [main] DEBUG com.github.dockerjava.zerodep.shaded.org.apache.hc.client5.http.headers - http-outgoing-2 >> GET /v1.32/containers/9691e31891711283f4d98263d11bc6156717d3e75a0b86a23f3b128a992c1f38/json HTTP/1.1
03:32:51.226 [main] DEBUG com.github.dockerjava.zerodep.shaded.org.apache.hc.client5.http.headers - http-outgoing-2 >> accept: application/json
03:32:51.226 [main] DEBUG com.github.dockerjava.zerodep.shaded.org.apache.hc.client5.http.headers - http-outgoing-2 >> Accept-Encoding: gzip, x-gzip, deflate
03:32:51.226 [main] DEBUG com.github.dockerjava.zerodep.shaded.org.apache.hc.client5.http.headers - http-outgoing-2 >> Host: localhost:2375
03:32:51.226 [main] DEBUG com.github.dockerjava.zerodep.shaded.org.apache.hc.client5.http.headers - http-outgoing-2 >> Connection: keep-alive
03:32:51.226 [main] DEBUG com.github.dockerjava.zerodep.shaded.org.apache.hc.client5.http.headers - http-outgoing-2 >> User-Agent: Apache-HttpClient/5.0.3 (Java/11.0.15)
03:32:51.226 [main] DEBUG com.github.dockerjava.zerodep.shaded.org.apache.hc.client5.http.wire - http-outgoing-2 >> "GET /v1.32/containers/9691e31891711283f4d98263d11bc6156717d3e75a0b86a23f3b128a992c1f38/json HTTP/1.1[\r][\n]"
03:32:51.226 [main] DEBUG com.github.dockerjava.zerodep.shaded.org.apache.hc.client5.http.wire - http-outgoing-2 >> "accept: application/json[\r][\n]"
03:32:51.226 [main] DEBUG com.github.dockerjava.zerodep.shaded.org.apache.hc.client5.http.wire - http-outgoing-2 >> "Accept-Encoding: gzip, x-gzip, deflate[\r][\n]"
03:32:51.226 [main] DEBUG com.github.dockerjava.zerodep.shaded.org.apache.hc.client5.http.wire - http-outgoing-2 >> "Host: localhost:2375[\r][\n]"
03:32:51.226 [main] DEBUG com.github.dockerjava.zerodep.shaded.org.apache.hc.client5.http.wire - http-outgoing-2 >> "Connection: keep-alive[\r][\n]"
03:32:51.226 [main] DEBUG com.github.dockerjava.zerodep.shaded.org.apache.hc.client5.http.wire - http-outgoing-2 >> "User-Agent: Apache-HttpClient/5.0.3 (Java/11.0.15)[\r][\n]"
03:32:51.226 [main] DEBUG com.github.dockerjava.zerodep.shaded.org.apache.hc.client5.http.wire - http-outgoing-2 >> "[\r][\n]"
03:32:51.227 [main] DEBUG com.github.dockerjava.zerodep.shaded.org.apache.hc.client5.http.wire - http-outgoing-2 << "HTTP/1.1 200 OK[\r][\n]"
03:32:51.227 [main] DEBUG com.github.dockerjava.zerodep.shaded.org.apache.hc.client5.http.wire - http-outgoing-2 << "Api-Version: 1.41[\r][\n]"
03:32:51.227 [main] DEBUG com.github.dockerjava.zerodep.shaded.org.apache.hc.client5.http.wire - http-outgoing-2 << "Content-Type: application/json[\r][\n]"
03:32:51.227 [main] DEBUG com.github.dockerjava.zerodep.shaded.org.apache.hc.client5.http.wire - http-outgoing-2 << "Docker-Experimental: false[\r][\n]"
03:32:51.227 [main] DEBUG com.github.dockerjava.zerodep.shaded.org.apache.hc.client5.http.wire - http-outgoing-2 << "Ostype: linux[\r][\n]"
03:32:51.227 [main] DEBUG com.github.dockerjava.zerodep.shaded.org.apache.hc.client5.http.wire - http-outgoing-2 << "Server: Docker/20.10.12 (linux)[\r][\n]"
03:32:51.227 [main] DEBUG com.github.dockerjava.zerodep.shaded.org.apache.hc.client5.http.wire - http-outgoing-2 << "Date: Thu, 23 Jun 2022 02:32:51 GMT[\r][\n]"
03:32:51.227 [main] DEBUG com.github.dockerjava.zerodep.shaded.org.apache.hc.client5.http.wire - http-outgoing-2 << "Transfer-Encoding: chunked[\r][\n]"
03:32:51.227 [main] DEBUG com.github.dockerjava.zerodep.shaded.org.apache.hc.client5.http.wire - http-outgoing-2 << "[\r][\n]"
03:32:51.227 [main] DEBUG com.github.dockerjava.zerodep.shaded.org.apache.hc.client5.http.wire - http-outgoing-2 << "18ed[\r][\n]"
03:32:51.227 [main] DEBUG com.github.dockerjava.zerodep.shaded.org.apache.hc.client5.http.wire - http-outgoing-2 << "{"Id":"9691e31891711283f4d98263d11bc6156717d3e75a0b86a23f3b128a992c1f38","Created":"2022-06-23T02:32:47.03956921Z","Path":"docker-entrypoint.sh","Args":["mysqld"],"State":{"Status":"running","Running":true,"Paused":false,"Restarting":false,"OOMKilled":false,"Dead":false,"Pid":66188,"ExitCode":0,"Error":"","StartedAt":"2022-06-23T02:32:47.703880551Z","FinishedAt":"0001-01-01T00:00:00Z"},"Image":"sha256:65b636d5542b73254ce90cc4b895597dc1adc2c661ca553c38eda159979dded1","ResolvConfPath":"/var/lib/docker/containers/9691e31891711283f4d98263d11bc6156717d3e75a0b86a23f3b128a992c1f38/resolv.conf","HostnamePath":"/var/lib/docker/containers/9691e31891711283f4d98263d11bc6156717d3e75a0b86a23f3b128a992c1f38/hostname","HostsPath":"/var/lib/docker/containers/9691e31891711283f4d98263d11bc6156717d3e75a0b86a23f3b128a992c1f38/hosts","LogPath":"/var/lib/docker/containers/9691e31891711283f4d98263d11bc6156717d3e75a0b86a23f3b128a992c1f38/9691e31891711283f4d98263d11bc6156717d3e75a0b86a23f3b128a992c1f38-json.log","Name":"/xenodochial_satoshi","RestartCount":0,"Driver":"overlay2","Platform":"linux","MountLabel":"","ProcessLabel":"","AppArmorProfile":"docker-default","ExecIDs":null,"HostConfig":{"Binds":[],"ContainerIDFile":"","LogConfig":{"Type":"json-file","Config":{}},"NetworkMode":"default","PortBindings":{"3306/tcp":[{"HostIp":"","HostPort":""}]},"RestartPolicy":{"Name":"","MaximumRetryCount":0},"AutoRemove":false,"VolumeDriver":"","VolumesFrom":[],"CapAdd":null,"CapDrop":null,"CgroupnsMode":"host","Dns":null,"DnsOptions":null,"DnsSearch":null,"ExtraHosts":[],"GroupAdd":null,"IpcMode":"shareable","Cgroup":"","Links":null,"OomScoreAdj":0,"PidMode":"","Privileged":false,"PublishAllPorts":false,"ReadonlyRootfs":false,"SecurityOpt":null,"UTSMode":"","UsernsMode":"","ShmSize":67108864,"Runtime":"runc","ConsoleSize":[0,0],"Isolation":"","CpuShares":0,"Memory":0,"NanoCpus":0,"CgroupParent":"","BlkioWeight":0,"BlkioWeightDevice":null,"BlkioDeviceReadBps":null,"BlkioDeviceWriteBps":null,"BlkioDeviceReadIOps":null,"BlkioDeviceWriteIOps":null,"CpuPeriod":0,"CpuQuota":0,"CpuRealtimePeriod":0,"CpuRealtimeRuntime":0,"CpusetCpus":"","CpusetMems":"","Devices":null,"DeviceCgroupRules":null,"DeviceRequests":null,"KernelMemory":0,"KernelMemoryTCP":0,"MemoryReservation":0,"MemorySwap":0,"MemorySwappiness":null,"OomKillDisable":false,"PidsLimit":null,"Ulimits":null,"CpuCount":0,"CpuPercent":0,"IOMaximumIOps":0,"IOMaximumBandwidth":0,"MaskedPaths":["/proc/asound","/proc/acpi","/proc/kcore","/proc/keys","/proc/latency_stats","/proc/timer_list","/proc/timer_stats","/proc/sched_debug","/proc/scsi","/sys/firmware"],"ReadonlyPaths":["/proc/bus","/proc/fs","/proc/irq","/proc/sys","/proc/sysrq-trigger"]},"GraphDriver":{"Data":{"LowerDir":"/var/lib/docker/overlay2/5529564f52cf969e31e7a1482c27be7ffed19639b506ae2e15b7e7115f699a73-init/diff:/var/lib/docker/overlay2/833a665819b5d9728d3efa7c33135034345a24f83af53b1a1af33d9b64f5492a/diff:/var/lib/docker/overlay2/bd4a2a46c227c2f15475b08c398f37acaab93f4fdba31de015d730efae0a0cfc/diff:/var/lib/docker/overlay2/31ad437d7cba8e64428a2b62db1bbb2a2ec19ca4e439ec493ef4deb50dce2783/diff:/var/lib/docker/overlay2/35173cbd8ec5b88a8888e9abbe75f8694f5d3f96a9b781bb70dc1f0889685741/diff:/var/lib/docker/overlay2/24bf69ac4e8c81062fee44e7c9f746fffbb139c3f7f4b55b4fd1b23bb101b529/diff:/var/lib/docker/overlay2/2f27c96a7775dad186b6f0da325d5a251c80aa1b7f80cf8520f493c5154aee70/diff:/var/lib/docker/overlay2/463a60088c72ddbea82639ded15801e35a79c443f6a26bf1baf320c683cb06af/diff:/var/lib/docker/overlay2/80b8224b23a2ee4b5be635c58ae579fd1913aa95558cd66ab2f5e8430f00a5b8/diff:/var/lib/docker/overlay2/20451fa0b1a07b85d665bc3a0359d721ce4e4c28fa3bce7456ab25e0babae708/diff:/var/lib/docker/overlay2/f80d865cbc6c1c6f57d0963fa6234e7a6409e079eb17f4f13ca41d02731701ad/diff:/var/lib/docker/overlay2/5a3029e0b57c6ec9b985871ff6adf08356aaa0f2a15f1e34c1a7f116ecc4a61d/diff:/var/lib/docker/overlay2/4f3423103248d0b381a1bc6a7287e2b42313ff458cea602a02b7379014b03e0e/diff","MergedDir":"/var/lib/docker/overlay2/5529564f52cf969e31e7a1482c27be7ffed19639b506ae2e15b7e7115f699a73/merged","UpperDir":"/var/lib/docker/overlay2/5529564f52cf969e31e7a1482c27be7ffed19639b506ae2e15b7e7115f699a73/diff","WorkDir":"/var/lib/docker/overlay2/5529564f52cf969e31e7a1482c27be7ffed19639b506ae2e15b7e7115f699a73/work"},"Name":"overlay2"},"Mounts":[{"Type":"volume","Name":"fd1f613c7fe3ca3ae799982507ac3f565cc9f6a2dc99ceaed92389e2c43f47d1","Source":"/var/lib/docker/volumes/fd1f613c7fe3ca3ae799982507ac3f565cc9f6a2dc99ceaed92389e2c43f47d1/_data","Destination":"/var/lib/mysql","Driver":"local","Mode":"","RW":true,"Propagation":""}],"Config":{"Hostname":"9691e3189171","Domainname":"","User":"","AttachStdin":false,"AttachStdout":false,"AttachStderr":false,"ExposedPorts":{"3306/tcp":{},"33060/tcp":{}},"Tty":false,"OpenStdin":false,"StdinOnce":false,"Env":["MYSQL_DATABASE=test","MYSQL_PASSWORD=admin","MYSQL_USER=admin","MYSQL_ROOT_PASSWORD=admin","PATH=/usr/local/sbin:/usr/local/bin:/usr/sbin:/usr/bin:/sbin:/bin","GOSU_VERSION=1.14","MYSQL_MAJOR=8.0","MYSQL_VERSION=8.0.29-1debian10"],"Cmd":["mysqld"],"Image":"mysql:8.0","Volumes":{"/var/lib/mysql":{}},"WorkingDir":"","Entrypoint":["docker-entrypoint.sh"],"OnBuild":null,"Labels":{"org.testcontainers":"true","org.testcontainers.sessionId":"d48265e4-2b28-4f8c-aa67-76dd8289af84"}},"NetworkSettings":{"Bridge":"","SandboxID":"d9de8570fe3f0a4e9f3a1ff7101c963bbd2c6a0a9d8a867b96f17f4d5edca537","HairpinMode":false,"LinkLocalIPv6Address":"","LinkLocalIPv6PrefixLen":0,"Ports":{"3306/tcp":[{"HostIp":"0.0.0.0","HostPort":"49160"},{"HostIp":"::","HostPort":"49160"}],"33060/tcp":null},"SandboxKey":"/var/run/docker/netns/d9de8570fe3f","SecondaryIPAddresses":null,"SecondaryIPv6Addresses":null,"EndpointID":"93e8fe159f683a98670e8995677c2b130dbce857fc116679206e206bda319cbf","Gateway":"172.17.0.1","GlobalIPv6Address":"","GlobalIPv6PrefixLen":0,"IPAddress":"172.17.0.3","IPPrefixLen":16,"IPv6Gateway":"","MacAddress":"02:42:ac:11:00:03","Networks":{"bridge":{"IPAMConfig":null,"Links":null,"Aliases":null,"NetworkID":"1853cd2b9856825cc97ed9ef2b12efa82d95bf9cf60ad666c276eb35cc53539e","EndpointID":"93e8fe159f683a98670e8995677c2b130dbce857fc116679206e206bda319cbf","Gateway":"172.17.0.1","IPAddress":"172.17.0.3","IPPrefixLen":16,"IPv6Gateway":"","GlobalIPv6Address":"","GlobalIPv6PrefixLen":0,"MacAddress":"02:42:ac:11:00:03","DriverOpts":null}}}}[\n]"
03:32:51.227 [main] DEBUG com.github.dockerjava.zerodep.shaded.org.apache.hc.client5.http.wire - http-outgoing-2 << "[\r][\n]"
03:32:51.227 [main] DEBUG com.github.dockerjava.zerodep.shaded.org.apache.hc.client5.http.wire - http-outgoing-2 << "0[\r][\n]"
03:32:51.227 [main] DEBUG com.github.dockerjava.zerodep.shaded.org.apache.hc.client5.http.wire - http-outgoing-2 << "[\r][\n]"
03:32:51.227 [main] DEBUG com.github.dockerjava.zerodep.shaded.org.apache.hc.client5.http.headers - http-outgoing-2 << HTTP/1.1 200 OK
03:32:51.227 [main] DEBUG com.github.dockerjava.zerodep.shaded.org.apache.hc.client5.http.headers - http-outgoing-2 << Api-Version: 1.41
03:32:51.227 [main] DEBUG com.github.dockerjava.zerodep.shaded.org.apache.hc.client5.http.headers - http-outgoing-2 << Content-Type: application/json
03:32:51.227 [main] DEBUG com.github.dockerjava.zerodep.shaded.org.apache.hc.client5.http.headers - http-outgoing-2 << Docker-Experimental: false
03:32:51.227 [main] DEBUG com.github.dockerjava.zerodep.shaded.org.apache.hc.client5.http.headers - http-outgoing-2 << Ostype: linux
03:32:51.228 [main] DEBUG com.github.dockerjava.zerodep.shaded.org.apache.hc.client5.http.headers - http-outgoing-2 << Server: Docker/20.10.12 (linux)
03:32:51.228 [main] DEBUG com.github.dockerjava.zerodep.shaded.org.apache.hc.client5.http.headers - http-outgoing-2 << Date: Thu, 23 Jun 2022 02:32:51 GMT
03:32:51.228 [main] DEBUG com.github.dockerjava.zerodep.shaded.org.apache.hc.client5.http.headers - http-outgoing-2 << Transfer-Encoding: chunked
03:32:51.228 [main] DEBUG com.github.dockerjava.zerodep.shaded.org.apache.hc.client5.http.impl.classic.MainClientExec - ex-0000002C: connection can be kept alive for 3 MINUTES
03:32:51.229 [main] DEBUG com.github.dockerjava.zerodep.shaded.org.apache.hc.client5.http.impl.classic.InternalHttpClient - ep-0000002B: releasing valid endpoint
03:32:51.229 [main] DEBUG com.github.dockerjava.zerodep.shaded.org.apache.hc.client5.http.impl.io.PoolingHttpClientConnectionManager - ep-0000002B: releasing endpoint
03:32:51.229 [main] DEBUG com.github.dockerjava.zerodep.shaded.org.apache.hc.client5.http.impl.io.PoolingHttpClientConnectionManager - ep-0000002B: connection http-outgoing-2 can be kept alive for 3 MINUTES
03:32:51.229 [main] DEBUG com.github.dockerjava.zerodep.shaded.org.apache.hc.client5.http.impl.io.PoolingHttpClientConnectionManager - ep-0000002B: connection released [route: {}->unix://localhost:2375][total available: 1; route allocated: 1 of 2147483647; total allocated: 1 of 2147483647]
03:32:51.230 [main] DEBUG 🐳 [mysql:8.0] - Trying to create JDBC connection using com.mysql.cj.jdbc.Driver to jdbc:mysql://localhost:49160/test?useSSL=false&allowPublicKeyRetrieval=true with properties: {password=admin, user=admin}
03:32:51.332 [main] DEBUG org.testcontainers.shaded.com.github.dockerjava.core.command.AbstrDockerCmd - Cmd: 9691e31891711283f4d98263d11bc6156717d3e75a0b86a23f3b128a992c1f38,false
03:32:51.332 [main] DEBUG org.testcontainers.shaded.com.github.dockerjava.core.exec.InspectContainerCmdExec - GET: DefaultWebTarget{path=[/containers/9691e31891711283f4d98263d11bc6156717d3e75a0b86a23f3b128a992c1f38/json], queryParams={}}
03:32:51.332 [main] DEBUG com.github.dockerjava.zerodep.shaded.org.apache.hc.client5.http.impl.classic.InternalHttpClient - ex-0000002D: preparing request execution
03:32:51.332 [main] DEBUG com.github.dockerjava.zerodep.shaded.org.apache.hc.client5.http.protocol.RequestAddCookies - Cookie spec selected: strict
03:32:51.332 [main] DEBUG com.github.dockerjava.zerodep.shaded.org.apache.hc.client5.http.protocol.RequestAuthCache - Auth cache not set in the context
03:32:51.332 [main] DEBUG com.github.dockerjava.zerodep.shaded.org.apache.hc.client5.http.impl.classic.ProtocolExec - ex-0000002D: target auth state: UNCHALLENGED
03:32:51.332 [main] DEBUG com.github.dockerjava.zerodep.shaded.org.apache.hc.client5.http.impl.classic.ProtocolExec - ex-0000002D: proxy auth state: UNCHALLENGED
03:32:51.332 [main] DEBUG com.github.dockerjava.zerodep.shaded.org.apache.hc.client5.http.impl.classic.ConnectExec - ex-0000002D: acquiring connection with route {}->unix://localhost:2375
03:32:51.332 [main] DEBUG com.github.dockerjava.zerodep.shaded.org.apache.hc.client5.http.impl.classic.InternalHttpClient - ex-0000002D: acquiring endpoint (3 MINUTES)
03:32:51.332 [main] DEBUG com.github.dockerjava.zerodep.shaded.org.apache.hc.client5.http.impl.io.PoolingHttpClientConnectionManager - ex-0000002D: endpoint lease request (3 MINUTES) [route: {}->unix://localhost:2375][total available: 1; route allocated: 1 of 2147483647; total allocated: 1 of 2147483647]
03:32:51.333 [main] DEBUG com.github.dockerjava.zerodep.shaded.org.apache.hc.client5.http.impl.io.PoolingHttpClientConnectionManager - ex-0000002D: endpoint leased [route: {}->unix://localhost:2375][total available: 0; route allocated: 1 of 2147483647; total allocated: 1 of 2147483647]
03:32:51.333 [main] DEBUG com.github.dockerjava.zerodep.shaded.org.apache.hc.client5.http.impl.io.PoolingHttpClientConnectionManager - ex-0000002D: acquired ep-0000002C
03:32:51.333 [main] DEBUG com.github.dockerjava.zerodep.shaded.org.apache.hc.client5.http.impl.classic.InternalHttpClient - ex-0000002D: acquired endpoint ep-0000002C
03:32:51.333 [main] DEBUG com.github.dockerjava.zerodep.shaded.org.apache.hc.client5.http.impl.classic.MainClientExec - ex-0000002D: executing GET /v1.32/containers/9691e31891711283f4d98263d11bc6156717d3e75a0b86a23f3b128a992c1f38/json HTTP/1.1
03:32:51.333 [main] DEBUG com.github.dockerjava.zerodep.shaded.org.apache.hc.client5.http.impl.classic.InternalHttpClient - ep-0000002C: start execution ex-0000002D
03:32:51.333 [main] DEBUG com.github.dockerjava.zerodep.shaded.org.apache.hc.client5.http.impl.io.PoolingHttpClientConnectionManager - ep-0000002C: executing exchange ex-0000002D over http-outgoing-2
03:32:51.333 [main] DEBUG com.github.dockerjava.zerodep.shaded.org.apache.hc.client5.http.headers - http-outgoing-2 >> GET /v1.32/containers/9691e31891711283f4d98263d11bc6156717d3e75a0b86a23f3b128a992c1f38/json HTTP/1.1
03:32:51.333 [main] DEBUG com.github.dockerjava.zerodep.shaded.org.apache.hc.client5.http.headers - http-outgoing-2 >> accept: application/json
03:32:51.333 [main] DEBUG com.github.dockerjava.zerodep.shaded.org.apache.hc.client5.http.headers - http-outgoing-2 >> Accept-Encoding: gzip, x-gzip, deflate
03:32:51.333 [main] DEBUG com.github.dockerjava.zerodep.shaded.org.apache.hc.client5.http.headers - http-outgoing-2 >> Host: localhost:2375
03:32:51.333 [main] DEBUG com.github.dockerjava.zerodep.shaded.org.apache.hc.client5.http.headers - http-outgoing-2 >> Connection: keep-alive
03:32:51.333 [main] DEBUG com.github.dockerjava.zerodep.shaded.org.apache.hc.client5.http.headers - http-outgoing-2 >> User-Agent: Apache-HttpClient/5.0.3 (Java/11.0.15)
03:32:51.333 [main] DEBUG com.github.dockerjava.zerodep.shaded.org.apache.hc.client5.http.wire - http-outgoing-2 >> "GET /v1.32/containers/9691e31891711283f4d98263d11bc6156717d3e75a0b86a23f3b128a992c1f38/json HTTP/1.1[\r][\n]"
03:32:51.333 [main] DEBUG com.github.dockerjava.zerodep.shaded.org.apache.hc.client5.http.wire - http-outgoing-2 >> "accept: application/json[\r][\n]"
03:32:51.333 [main] DEBUG com.github.dockerjava.zerodep.shaded.org.apache.hc.client5.http.wire - http-outgoing-2 >> "Accept-Encoding: gzip, x-gzip, deflate[\r][\n]"
03:32:51.333 [main] DEBUG com.github.dockerjava.zerodep.shaded.org.apache.hc.client5.http.wire - http-outgoing-2 >> "Host: localhost:2375[\r][\n]"
03:32:51.333 [main] DEBUG com.github.dockerjava.zerodep.shaded.org.apache.hc.client5.http.wire - http-outgoing-2 >> "Connection: keep-alive[\r][\n]"
03:32:51.333 [main] DEBUG com.github.dockerjava.zerodep.shaded.org.apache.hc.client5.http.wire - http-outgoing-2 >> "User-Agent: Apache-HttpClient/5.0.3 (Java/11.0.15)[\r][\n]"
03:32:51.333 [main] DEBUG com.github.dockerjava.zerodep.shaded.org.apache.hc.client5.http.wire - http-outgoing-2 >> "[\r][\n]"
03:32:51.335 [main] DEBUG com.github.dockerjava.zerodep.shaded.org.apache.hc.client5.http.wire - http-outgoing-2 << "HTTP/1.1 200 OK[\r][\n]"
03:32:51.335 [main] DEBUG com.github.dockerjava.zerodep.shaded.org.apache.hc.client5.http.wire - http-outgoing-2 << "Api-Version: 1.41[\r][\n]"
03:32:51.335 [main] DEBUG com.github.dockerjava.zerodep.shaded.org.apache.hc.client5.http.wire - http-outgoing-2 << "Content-Type: application/json[\r][\n]"
03:32:51.335 [main] DEBUG com.github.dockerjava.zerodep.shaded.org.apache.hc.client5.http.wire - http-outgoing-2 << "Docker-Experimental: false[\r][\n]"
03:32:51.335 [main] DEBUG com.github.dockerjava.zerodep.shaded.org.apache.hc.client5.http.wire - http-outgoing-2 << "Ostype: linux[\r][\n]"
03:32:51.335 [main] DEBUG com.github.dockerjava.zerodep.shaded.org.apache.hc.client5.http.wire - http-outgoing-2 << "Server: Docker/20.10.12 (linux)[\r][\n]"
03:32:51.335 [main] DEBUG com.github.dockerjava.zerodep.shaded.org.apache.hc.client5.http.wire - http-outgoing-2 << "Date: Thu, 23 Jun 2022 02:32:51 GMT[\r][\n]"
03:32:51.335 [main] DEBUG com.github.dockerjava.zerodep.shaded.org.apache.hc.client5.http.wire - http-outgoing-2 << "Transfer-Encoding: chunked[\r][\n]"
03:32:51.335 [main] DEBUG com.github.dockerjava.zerodep.shaded.org.apache.hc.client5.http.wire - http-outgoing-2 << "[\r][\n]"
03:32:51.335 [main] DEBUG com.github.dockerjava.zerodep.shaded.org.apache.hc.client5.http.wire - http-outgoing-2 << "18ed[\r][\n]"
03:32:51.336 [main] DEBUG com.github.dockerjava.zerodep.shaded.org.apache.hc.client5.http.wire - http-outgoing-2 << "{"Id":"9691e31891711283f4d98263d11bc6156717d3e75a0b86a23f3b128a992c1f38","Created":"2022-06-23T02:32:47.03956921Z","Path":"docker-entrypoint.sh","Args":["mysqld"],"State":{"Status":"running","Running":true,"Paused":false,"Restarting":false,"OOMKilled":false,"Dead":false,"Pid":66188,"ExitCode":0,"Error":"","StartedAt":"2022-06-23T02:32:47.703880551Z","FinishedAt":"0001-01-01T00:00:00Z"},"Image":"sha256:65b636d5542b73254ce90cc4b895597dc1adc2c661ca553c38eda159979dded1","ResolvConfPath":"/var/lib/docker/containers/9691e31891711283f4d98263d11bc6156717d3e75a0b86a23f3b128a992c1f38/resolv.conf","HostnamePath":"/var/lib/docker/containers/9691e31891711283f4d98263d11bc6156717d3e75a0b86a23f3b128a992c1f38/hostname","HostsPath":"/var/lib/docker/containers/9691e31891711283f4d98263d11bc6156717d3e75a0b86a23f3b128a992c1f38/hosts","LogPath":"/var/lib/docker/containers/9691e31891711283f4d98263d11bc6156717d3e75a0b86a23f3b128a992c1f38/9691e31891711283f4d98263d11bc6156717d3e75a0b86a23f3b128a992c1f38-json.log","Name":"/xenodochial_satoshi","RestartCount":0,"Driver":"overlay2","Platform":"linux","MountLabel":"","ProcessLabel":"","AppArmorProfile":"docker-default","ExecIDs":null,"HostConfig":{"Binds":[],"ContainerIDFile":"","LogConfig":{"Type":"json-file","Config":{}},"NetworkMode":"default","PortBindings":{"3306/tcp":[{"HostIp":"","HostPort":""}]},"RestartPolicy":{"Name":"","MaximumRetryCount":0},"AutoRemove":false,"VolumeDriver":"","VolumesFrom":[],"CapAdd":null,"CapDrop":null,"CgroupnsMode":"host","Dns":null,"DnsOptions":null,"DnsSearch":null,"ExtraHosts":[],"GroupAdd":null,"IpcMode":"shareable","Cgroup":"","Links":null,"OomScoreAdj":0,"PidMode":"","Privileged":false,"PublishAllPorts":false,"ReadonlyRootfs":false,"SecurityOpt":null,"UTSMode":"","UsernsMode":"","ShmSize":67108864,"Runtime":"runc","ConsoleSize":[0,0],"Isolation":"","CpuShares":0,"Memory":0,"NanoCpus":0,"CgroupParent":"","BlkioWeight":0,"BlkioWeightDevice":null,"BlkioDeviceReadBps":null,"BlkioDeviceWriteBps":null,"BlkioDeviceReadIOps":null,"BlkioDeviceWriteIOps":null,"CpuPeriod":0,"CpuQuota":0,"CpuRealtimePeriod":0,"CpuRealtimeRuntime":0,"CpusetCpus":"","CpusetMems":"","Devices":null,"DeviceCgroupRules":null,"DeviceRequests":null,"KernelMemory":0,"KernelMemoryTCP":0,"MemoryReservation":0,"MemorySwap":0,"MemorySwappiness":null,"OomKillDisable":false,"PidsLimit":null,"Ulimits":null,"CpuCount":0,"CpuPercent":0,"IOMaximumIOps":0,"IOMaximumBandwidth":0,"MaskedPaths":["/proc/asound","/proc/acpi","/proc/kcore","/proc/keys","/proc/latency_stats","/proc/timer_list","/proc/timer_stats","/proc/sched_debug","/proc/scsi","/sys/firmware"],"ReadonlyPaths":["/proc/bus","/proc/fs","/proc/irq","/proc/sys","/proc/sysrq-trigger"]},"GraphDriver":{"Data":{"LowerDir":"/var/lib/docker/overlay2/5529564f52cf969e31e7a1482c27be7ffed19639b506ae2e15b7e7115f699a73-init/diff:/var/lib/docker/overlay2/833a665819b5d9728d3efa7c33135034345a24f83af53b1a1af33d9b64f5492a/diff:/var/lib/docker/overlay2/bd4a2a46c227c2f15475b08c398f37acaab93f4fdba31de015d730efae0a0cfc/diff:/var/lib/docker/overlay2/31ad437d7cba8e64428a2b62db1bbb2a2ec19ca4e439ec493ef4deb50dce2783/diff:/var/lib/docker/overlay2/35173cbd8ec5b88a8888e9abbe75f8694f5d3f96a9b781bb70dc1f0889685741/diff:/var/lib/docker/overlay2/24bf69ac4e8c81062fee44e7c9f746fffbb139c3f7f4b55b4fd1b23bb101b529/diff:/var/lib/docker/overlay2/2f27c96a7775dad186b6f0da325d5a251c80aa1b7f80cf8520f493c5154aee70/diff:/var/lib/docker/overlay2/463a60088c72ddbea82639ded15801e35a79c443f6a26bf1baf320c683cb06af/diff:/var/lib/docker/overlay2/80b8224b23a2ee4b5be635c58ae579fd1913aa95558cd66ab2f5e8430f00a5b8/diff:/var/lib/docker/overlay2/20451fa0b1a07b85d665bc3a0359d721ce4e4c28fa3bce7456ab25e0babae708/diff:/var/lib/docker/overlay2/f80d865cbc6c1c6f57d0963fa6234e7a6409e079eb17f4f13ca41d02731701ad/diff:/var/lib/docker/overlay2/5a3029e0b57c6ec9b985871ff6adf08356aaa0f2a15f1e34c1a7f116ecc4a61d/diff:/var/lib/docker/overlay2/4f3423103248d0b381a1bc6a7287e2b42313ff458cea602a02b7379014b03e0e/diff","MergedDir":"/var/lib/docker/overlay2/5529564f52cf969e31e7a1482c27be7ffed19639b506ae2e15b7e7115f699a73/merged","UpperDir":"/var/lib/docker/overlay2/5529564f52cf969e31e7a1482c27be7ffed19639b506ae2e15b7e7115f699a73/diff","WorkDir":"/var/lib/docker/overlay2/5529564f52cf969e31e7a1482c27be7ffed19639b506ae2e15b7e7115f699a73/work"},"Name":"overlay2"},"Mounts":[{"Type":"volume","Name":"fd1f613c7fe3ca3ae799982507ac3f565cc9f6a2dc99ceaed92389e2c43f47d1","Source":"/var/lib/docker/volumes/fd1f613c7fe3ca3ae799982507ac3f565cc9f6a2dc99ceaed92389e2c43f47d1/_data","Destination":"/var/lib/mysql","Driver":"local","Mode":"","RW":true,"Propagation":""}],"Config":{"Hostname":"9691e3189171","Domainname":"","User":"","AttachStdin":false,"AttachStdout":false,"AttachStderr":false,"ExposedPorts":{"3306/tcp":{},"33060/tcp":{}},"Tty":false,"OpenStdin":false,"StdinOnce":false,"Env":["MYSQL_DATABASE=test","MYSQL_PASSWORD=admin","MYSQL_USER=admin","MYSQL_ROOT_PASSWORD=admin","PATH=/usr/local/sbin:/usr/local/bin:/usr/sbin:/usr/bin:/sbin:/bin","GOSU_VERSION=1.14","MYSQL_MAJOR=8.0","MYSQL_VERSION=8.0.29-1debian10"],"Cmd":["mysqld"],"Image":"mysql:8.0","Volumes":{"/var/lib/mysql":{}},"WorkingDir":"","Entrypoint":["docker-entrypoint.sh"],"OnBuild":null,"Labels":{"org.testcontainers":"true","org.testcontainers.sessionId":"d48265e4-2b28-4f8c-aa67-76dd8289af84"}},"NetworkSettings":{"Bridge":"","SandboxID":"d9de8570fe3f0a4e9f3a1ff7101c963bbd2c6a0a9d8a867b96f17f4d5edca537","HairpinMode":false,"LinkLocalIPv6Address":"","LinkLocalIPv6PrefixLen":0,"Ports":{"3306/tcp":[{"HostIp":"0.0.0.0","HostPort":"49160"},{"HostIp":"::","HostPort":"49160"}],"33060/tcp":null},"SandboxKey":"/var/run/docker/netns/d9de8570fe3f","SecondaryIPAddresses":null,"SecondaryIPv6Addresses":null,"EndpointID":"93e8fe159f683a98670e8995677c2b130dbce857fc116679206e206bda319cbf","Gateway":"172.17.0.1","GlobalIPv6Address":"","GlobalIPv6PrefixLen":0,"IPAddress":"172.17.0.3","IPPrefixLen":16,"IPv6Gateway":"","MacAddress":"02:42:ac:11:00:03","Networks":{"bridge":{"IPAMConfig":null,"Links":null,"Aliases":null,"NetworkID":"1853cd2b9856825cc97ed9ef2b12efa82d95bf9cf60ad666c276eb35cc53539e","EndpointID":"93e8fe159f683a98670e8995677c2b130dbce857fc116679206e206bda319cbf","Gateway":"172.17.0.1","IPAddress":"172.17.0.3","IPPrefixLen":16,"IPv6Gateway":"","GlobalIPv6Address":"","GlobalIPv6PrefixLen":0,"MacAddress":"02:42:ac:11:00:03","DriverOpts":null}}}}[\n]"
03:32:51.336 [main] DEBUG com.github.dockerjava.zerodep.shaded.org.apache.hc.client5.http.wire - http-outgoing-2 << "[\r][\n]"
03:32:51.336 [main] DEBUG com.github.dockerjava.zerodep.shaded.org.apache.hc.client5.http.wire - http-outgoing-2 << "0[\r][\n]"
03:32:51.336 [main] DEBUG com.github.dockerjava.zerodep.shaded.org.apache.hc.client5.http.wire - http-outgoing-2 << "[\r][\n]"
03:32:51.336 [main] DEBUG com.github.dockerjava.zerodep.shaded.org.apache.hc.client5.http.headers - http-outgoing-2 << HTTP/1.1 200 OK
03:32:51.336 [main] DEBUG com.github.dockerjava.zerodep.shaded.org.apache.hc.client5.http.headers - http-outgoing-2 << Api-Version: 1.41
03:32:51.336 [main] DEBUG com.github.dockerjava.zerodep.shaded.org.apache.hc.client5.http.headers - http-outgoing-2 << Content-Type: application/json
03:32:51.336 [main] DEBUG com.github.dockerjava.zerodep.shaded.org.apache.hc.client5.http.headers - http-outgoing-2 << Docker-Experimental: false
03:32:51.336 [main] DEBUG com.github.dockerjava.zerodep.shaded.org.apache.hc.client5.http.headers - http-outgoing-2 << Ostype: linux
03:32:51.336 [main] DEBUG com.github.dockerjava.zerodep.shaded.org.apache.hc.client5.http.headers - http-outgoing-2 << Server: Docker/20.10.12 (linux)
03:32:51.336 [main] DEBUG com.github.dockerjava.zerodep.shaded.org.apache.hc.client5.http.headers - http-outgoing-2 << Date: Thu, 23 Jun 2022 02:32:51 GMT
03:32:51.336 [main] DEBUG com.github.dockerjava.zerodep.shaded.org.apache.hc.client5.http.headers - http-outgoing-2 << Transfer-Encoding: chunked
03:32:51.336 [main] DEBUG com.github.dockerjava.zerodep.shaded.org.apache.hc.client5.http.impl.classic.MainClientExec - ex-0000002D: connection can be kept alive for 3 MINUTES
03:32:51.337 [main] DEBUG com.github.dockerjava.zerodep.shaded.org.apache.hc.client5.http.impl.classic.InternalHttpClient - ep-0000002C: releasing valid endpoint
03:32:51.337 [main] DEBUG com.github.dockerjava.zerodep.shaded.org.apache.hc.client5.http.impl.io.PoolingHttpClientConnectionManager - ep-0000002C: releasing endpoint
03:32:51.338 [main] DEBUG com.github.dockerjava.zerodep.shaded.org.apache.hc.client5.http.impl.io.PoolingHttpClientConnectionManager - ep-0000002C: connection http-outgoing-2 can be kept alive for 3 MINUTES
03:32:51.338 [main] DEBUG com.github.dockerjava.zerodep.shaded.org.apache.hc.client5.http.impl.io.PoolingHttpClientConnectionManager - ep-0000002C: connection released [route: {}->unix://localhost:2375][total available: 1; route allocated: 1 of 2147483647; total allocated: 1 of 2147483647]
03:32:51.338 [main] DEBUG 🐳 [mysql:8.0] - Trying to create JDBC connection using com.mysql.cj.jdbc.Driver to jdbc:mysql://localhost:49160/test?useSSL=false&allowPublicKeyRetrieval=true with properties: {password=admin, user=admin}
03:32:51.446 [main] DEBUG org.testcontainers.shaded.com.github.dockerjava.core.command.AbstrDockerCmd - Cmd: 9691e31891711283f4d98263d11bc6156717d3e75a0b86a23f3b128a992c1f38,false
03:32:51.446 [main] DEBUG org.testcontainers.shaded.com.github.dockerjava.core.exec.InspectContainerCmdExec - GET: DefaultWebTarget{path=[/containers/9691e31891711283f4d98263d11bc6156717d3e75a0b86a23f3b128a992c1f38/json], queryParams={}}
03:32:51.447 [main] DEBUG com.github.dockerjava.zerodep.shaded.org.apache.hc.client5.http.impl.classic.InternalHttpClient - ex-0000002E: preparing request execution
03:32:51.447 [main] DEBUG com.github.dockerjava.zerodep.shaded.org.apache.hc.client5.http.protocol.RequestAddCookies - Cookie spec selected: strict
03:32:51.447 [main] DEBUG com.github.dockerjava.zerodep.shaded.org.apache.hc.client5.http.protocol.RequestAuthCache - Auth cache not set in the context
03:32:51.447 [main] DEBUG com.github.dockerjava.zerodep.shaded.org.apache.hc.client5.http.impl.classic.ProtocolExec - ex-0000002E: target auth state: UNCHALLENGED
03:32:51.447 [main] DEBUG com.github.dockerjava.zerodep.shaded.org.apache.hc.client5.http.impl.classic.ProtocolExec - ex-0000002E: proxy auth state: UNCHALLENGED
03:32:51.447 [main] DEBUG com.github.dockerjava.zerodep.shaded.org.apache.hc.client5.http.impl.classic.ConnectExec - ex-0000002E: acquiring connection with route {}->unix://localhost:2375
03:32:51.447 [main] DEBUG com.github.dockerjava.zerodep.shaded.org.apache.hc.client5.http.impl.classic.InternalHttpClient - ex-0000002E: acquiring endpoint (3 MINUTES)
03:32:51.447 [main] DEBUG com.github.dockerjava.zerodep.shaded.org.apache.hc.client5.http.impl.io.PoolingHttpClientConnectionManager - ex-0000002E: endpoint lease request (3 MINUTES) [route: {}->unix://localhost:2375][total available: 1; route allocated: 1 of 2147483647; total allocated: 1 of 2147483647]
03:32:51.447 [main] DEBUG com.github.dockerjava.zerodep.shaded.org.apache.hc.client5.http.impl.io.PoolingHttpClientConnectionManager - ex-0000002E: endpoint leased [route: {}->unix://localhost:2375][total available: 0; route allocated: 1 of 2147483647; total allocated: 1 of 2147483647]
03:32:51.447 [main] DEBUG com.github.dockerjava.zerodep.shaded.org.apache.hc.client5.http.impl.io.PoolingHttpClientConnectionManager - ex-0000002E: acquired ep-0000002D
03:32:51.447 [main] DEBUG com.github.dockerjava.zerodep.shaded.org.apache.hc.client5.http.impl.classic.InternalHttpClient - ex-0000002E: acquired endpoint ep-0000002D
03:32:51.447 [main] DEBUG com.github.dockerjava.zerodep.shaded.org.apache.hc.client5.http.impl.classic.MainClientExec - ex-0000002E: executing GET /v1.32/containers/9691e31891711283f4d98263d11bc6156717d3e75a0b86a23f3b128a992c1f38/json HTTP/1.1
03:32:51.447 [main] DEBUG com.github.dockerjava.zerodep.shaded.org.apache.hc.client5.http.impl.classic.InternalHttpClient - ep-0000002D: start execution ex-0000002E
03:32:51.447 [main] DEBUG com.github.dockerjava.zerodep.shaded.org.apache.hc.client5.http.impl.io.PoolingHttpClientConnectionManager - ep-0000002D: executing exchange ex-0000002E over http-outgoing-2
03:32:51.447 [main] DEBUG com.github.dockerjava.zerodep.shaded.org.apache.hc.client5.http.headers - http-outgoing-2 >> GET /v1.32/containers/9691e31891711283f4d98263d11bc6156717d3e75a0b86a23f3b128a992c1f38/json HTTP/1.1
03:32:51.447 [main] DEBUG com.github.dockerjava.zerodep.shaded.org.apache.hc.client5.http.headers - http-outgoing-2 >> accept: application/json
03:32:51.447 [main] DEBUG com.github.dockerjava.zerodep.shaded.org.apache.hc.client5.http.headers - http-outgoing-2 >> Accept-Encoding: gzip, x-gzip, deflate
03:32:51.447 [main] DEBUG com.github.dockerjava.zerodep.shaded.org.apache.hc.client5.http.headers - http-outgoing-2 >> Host: localhost:2375
03:32:51.447 [main] DEBUG com.github.dockerjava.zerodep.shaded.org.apache.hc.client5.http.headers - http-outgoing-2 >> Connection: keep-alive
03:32:51.447 [main] DEBUG com.github.dockerjava.zerodep.shaded.org.apache.hc.client5.http.headers - http-outgoing-2 >> User-Agent: Apache-HttpClient/5.0.3 (Java/11.0.15)
03:32:51.447 [main] DEBUG com.github.dockerjava.zerodep.shaded.org.apache.hc.client5.http.wire - http-outgoing-2 >> "GET /v1.32/containers/9691e31891711283f4d98263d11bc6156717d3e75a0b86a23f3b128a992c1f38/json HTTP/1.1[\r][\n]"
03:32:51.447 [main] DEBUG com.github.dockerjava.zerodep.shaded.org.apache.hc.client5.http.wire - http-outgoing-2 >> "accept: application/json[\r][\n]"
03:32:51.447 [main] DEBUG com.github.dockerjava.zerodep.shaded.org.apache.hc.client5.http.wire - http-outgoing-2 >> "Accept-Encoding: gzip, x-gzip, deflate[\r][\n]"
03:32:51.447 [main] DEBUG com.github.dockerjava.zerodep.shaded.org.apache.hc.client5.http.wire - http-outgoing-2 >> "Host: localhost:2375[\r][\n]"
03:32:51.447 [main] DEBUG com.github.dockerjava.zerodep.shaded.org.apache.hc.client5.http.wire - http-outgoing-2 >> "Connection: keep-alive[\r][\n]"
03:32:51.447 [main] DEBUG com.github.dockerjava.zerodep.shaded.org.apache.hc.client5.http.wire - http-outgoing-2 >> "User-Agent: Apache-HttpClient/5.0.3 (Java/11.0.15)[\r][\n]"
03:32:51.447 [main] DEBUG com.github.dockerjava.zerodep.shaded.org.apache.hc.client5.http.wire - http-outgoing-2 >> "[\r][\n]"
03:32:51.448 [main] DEBUG com.github.dockerjava.zerodep.shaded.org.apache.hc.client5.http.wire - http-outgoing-2 << "HTTP/1.1 200 OK[\r][\n]"
03:32:51.448 [main] DEBUG com.github.dockerjava.zerodep.shaded.org.apache.hc.client5.http.wire - http-outgoing-2 << "Api-Version: 1.41[\r][\n]"
03:32:51.448 [main] DEBUG com.github.dockerjava.zerodep.shaded.org.apache.hc.client5.http.wire - http-outgoing-2 << "Content-Type: application/json[\r][\n]"
03:32:51.448 [main] DEBUG com.github.dockerjava.zerodep.shaded.org.apache.hc.client5.http.wire - http-outgoing-2 << "Docker-Experimental: false[\r][\n]"
03:32:51.448 [main] DEBUG com.github.dockerjava.zerodep.shaded.org.apache.hc.client5.http.wire - http-outgoing-2 << "Ostype: linux[\r][\n]"
03:32:51.448 [main] DEBUG com.github.dockerjava.zerodep.shaded.org.apache.hc.client5.http.wire - http-outgoing-2 << "Server: Docker/20.10.12 (linux)[\r][\n]"
03:32:51.448 [main] DEBUG com.github.dockerjava.zerodep.shaded.org.apache.hc.client5.http.wire - http-outgoing-2 << "Date: Thu, 23 Jun 2022 02:32:51 GMT[\r][\n]"
03:32:51.448 [main] DEBUG com.github.dockerjava.zerodep.shaded.org.apache.hc.client5.http.wire - http-outgoing-2 << "Transfer-Encoding: chunked[\r][\n]"
03:32:51.448 [main] DEBUG com.github.dockerjava.zerodep.shaded.org.apache.hc.client5.http.wire - http-outgoing-2 << "[\r][\n]"
03:32:51.448 [main] DEBUG com.github.dockerjava.zerodep.shaded.org.apache.hc.client5.http.wire - http-outgoing-2 << "18ed[\r][\n]"
03:32:51.448 [main] DEBUG com.github.dockerjava.zerodep.shaded.org.apache.hc.client5.http.wire - http-outgoing-2 << "{"Id":"9691e31891711283f4d98263d11bc6156717d3e75a0b86a23f3b128a992c1f38","Created":"2022-06-23T02:32:47.03956921Z","Path":"docker-entrypoint.sh","Args":["mysqld"],"State":{"Status":"running","Running":true,"Paused":false,"Restarting":false,"OOMKilled":false,"Dead":false,"Pid":66188,"ExitCode":0,"Error":"","StartedAt":"2022-06-23T02:32:47.703880551Z","FinishedAt":"0001-01-01T00:00:00Z"},"Image":"sha256:65b636d5542b73254ce90cc4b895597dc1adc2c661ca553c38eda159979dded1","ResolvConfPath":"/var/lib/docker/containers/9691e31891711283f4d98263d11bc6156717d3e75a0b86a23f3b128a992c1f38/resolv.conf","HostnamePath":"/var/lib/docker/containers/9691e31891711283f4d98263d11bc6156717d3e75a0b86a23f3b128a992c1f38/hostname","HostsPath":"/var/lib/docker/containers/9691e31891711283f4d98263d11bc6156717d3e75a0b86a23f3b128a992c1f38/hosts","LogPath":"/var/lib/docker/containers/9691e31891711283f4d98263d11bc6156717d3e75a0b86a23f3b128a992c1f38/9691e31891711283f4d98263d11bc6156717d3e75a0b86a23f3b128a992c1f38-json.log","Name":"/xenodochial_satoshi","RestartCount":0,"Driver":"overlay2","Platform":"linux","MountLabel":"","ProcessLabel":"","AppArmorProfile":"docker-default","ExecIDs":null,"HostConfig":{"Binds":[],"ContainerIDFile":"","LogConfig":{"Type":"json-file","Config":{}},"NetworkMode":"default","PortBindings":{"3306/tcp":[{"HostIp":"","HostPort":""}]},"RestartPolicy":{"Name":"","MaximumRetryCount":0},"AutoRemove":false,"VolumeDriver":"","VolumesFrom":[],"CapAdd":null,"CapDrop":null,"CgroupnsMode":"host","Dns":null,"DnsOptions":null,"DnsSearch":null,"ExtraHosts":[],"GroupAdd":null,"IpcMode":"shareable","Cgroup":"","Links":null,"OomScoreAdj":0,"PidMode":"","Privileged":false,"PublishAllPorts":false,"ReadonlyRootfs":false,"SecurityOpt":null,"UTSMode":"","UsernsMode":"","ShmSize":67108864,"Runtime":"runc","ConsoleSize":[0,0],"Isolation":"","CpuShares":0,"Memory":0,"NanoCpus":0,"CgroupParent":"","BlkioWeight":0,"BlkioWeightDevice":null,"BlkioDeviceReadBps":null,"BlkioDeviceWriteBps":null,"BlkioDeviceReadIOps":null,"BlkioDeviceWriteIOps":null,"CpuPeriod":0,"CpuQuota":0,"CpuRealtimePeriod":0,"CpuRealtimeRuntime":0,"CpusetCpus":"","CpusetMems":"","Devices":null,"DeviceCgroupRules":null,"DeviceRequests":null,"KernelMemory":0,"KernelMemoryTCP":0,"MemoryReservation":0,"MemorySwap":0,"MemorySwappiness":null,"OomKillDisable":false,"PidsLimit":null,"Ulimits":null,"CpuCount":0,"CpuPercent":0,"IOMaximumIOps":0,"IOMaximumBandwidth":0,"MaskedPaths":["/proc/asound","/proc/acpi","/proc/kcore","/proc/keys","/proc/latency_stats","/proc/timer_list","/proc/timer_stats","/proc/sched_debug","/proc/scsi","/sys/firmware"],"ReadonlyPaths":["/proc/bus","/proc/fs","/proc/irq","/proc/sys","/proc/sysrq-trigger"]},"GraphDriver":{"Data":{"LowerDir":"/var/lib/docker/overlay2/5529564f52cf969e31e7a1482c27be7ffed19639b506ae2e15b7e7115f699a73-init/diff:/var/lib/docker/overlay2/833a665819b5d9728d3efa7c33135034345a24f83af53b1a1af33d9b64f5492a/diff:/var/lib/docker/overlay2/bd4a2a46c227c2f15475b08c398f37acaab93f4fdba31de015d730efae0a0cfc/diff:/var/lib/docker/overlay2/31ad437d7cba8e64428a2b62db1bbb2a2ec19ca4e439ec493ef4deb50dce2783/diff:/var/lib/docker/overlay2/35173cbd8ec5b88a8888e9abbe75f8694f5d3f96a9b781bb70dc1f0889685741/diff:/var/lib/docker/overlay2/24bf69ac4e8c81062fee44e7c9f746fffbb139c3f7f4b55b4fd1b23bb101b529/diff:/var/lib/docker/overlay2/2f27c96a7775dad186b6f0da325d5a251c80aa1b7f80cf8520f493c5154aee70/diff:/var/lib/docker/overlay2/463a60088c72ddbea82639ded15801e35a79c443f6a26bf1baf320c683cb06af/diff:/var/lib/docker/overlay2/80b8224b23a2ee4b5be635c58ae579fd1913aa95558cd66ab2f5e8430f00a5b8/diff:/var/lib/docker/overlay2/20451fa0b1a07b85d665bc3a0359d721ce4e4c28fa3bce7456ab25e0babae708/diff:/var/lib/docker/overlay2/f80d865cbc6c1c6f57d0963fa6234e7a6409e079eb17f4f13ca41d02731701ad/diff:/var/lib/docker/overlay2/5a3029e0b57c6ec9b985871ff6adf08356aaa0f2a15f1e34c1a7f116ecc4a61d/diff:/var/lib/docker/overlay2/4f3423103248d0b381a1bc6a7287e2b42313ff458cea602a02b7379014b03e0e/diff","MergedDir":"/var/lib/docker/overlay2/5529564f52cf969e31e7a1482c27be7ffed19639b506ae2e15b7e7115f699a73/merged","UpperDir":"/var/lib/docker/overlay2/5529564f52cf969e31e7a1482c27be7ffed19639b506ae2e15b7e7115f699a73/diff","WorkDir":"/var/lib/docker/overlay2/5529564f52cf969e31e7a1482c27be7ffed19639b506ae2e15b7e7115f699a73/work"},"Name":"overlay2"},"Mounts":[{"Type":"volume","Name":"fd1f613c7fe3ca3ae799982507ac3f565cc9f6a2dc99ceaed92389e2c43f47d1","Source":"/var/lib/docker/volumes/fd1f613c7fe3ca3ae799982507ac3f565cc9f6a2dc99ceaed92389e2c43f47d1/_data","Destination":"/var/lib/mysql","Driver":"local","Mode":"","RW":true,"Propagation":""}],"Config":{"Hostname":"9691e3189171","Domainname":"","User":"","AttachStdin":false,"AttachStdout":false,"AttachStderr":false,"ExposedPorts":{"3306/tcp":{},"33060/tcp":{}},"Tty":false,"OpenStdin":false,"StdinOnce":false,"Env":["MYSQL_DATABASE=test","MYSQL_PASSWORD=admin","MYSQL_USER=admin","MYSQL_ROOT_PASSWORD=admin","PATH=/usr/local/sbin:/usr/local/bin:/usr/sbin:/usr/bin:/sbin:/bin","GOSU_VERSION=1.14","MYSQL_MAJOR=8.0","MYSQL_VERSION=8.0.29-1debian10"],"Cmd":["mysqld"],"Image":"mysql:8.0","Volumes":{"/var/lib/mysql":{}},"WorkingDir":"","Entrypoint":["docker-entrypoint.sh"],"OnBuild":null,"Labels":{"org.testcontainers":"true","org.testcontainers.sessionId":"d48265e4-2b28-4f8c-aa67-76dd8289af84"}},"NetworkSettings":{"Bridge":"","SandboxID":"d9de8570fe3f0a4e9f3a1ff7101c963bbd2c6a0a9d8a867b96f17f4d5edca537","HairpinMode":false,"LinkLocalIPv6Address":"","LinkLocalIPv6PrefixLen":0,"Ports":{"3306/tcp":[{"HostIp":"0.0.0.0","HostPort":"49160"},{"HostIp":"::","HostPort":"49160"}],"33060/tcp":null},"SandboxKey":"/var/run/docker/netns/d9de8570fe3f","SecondaryIPAddresses":null,"SecondaryIPv6Addresses":null,"EndpointID":"93e8fe159f683a98670e8995677c2b130dbce857fc116679206e206bda319cbf","Gateway":"172.17.0.1","GlobalIPv6Address":"","GlobalIPv6PrefixLen":0,"IPAddress":"172.17.0.3","IPPrefixLen":16,"IPv6Gateway":"","MacAddress":"02:42:ac:11:00:03","Networks":{"bridge":{"IPAMConfig":null,"Links":null,"Aliases":null,"NetworkID":"1853cd2b9856825cc97ed9ef2b12efa82d95bf9cf60ad666c276eb35cc53539e","EndpointID":"93e8fe159f683a98670e8995677c2b130dbce857fc116679206e206bda319cbf","Gateway":"172.17.0.1","IPAddress":"172.17.0.3","IPPrefixLen":16,"IPv6Gateway":"","GlobalIPv6Address":"","GlobalIPv6PrefixLen":0,"MacAddress":"02:42:ac:11:00:03","DriverOpts":null}}}}[\n]"
03:32:51.448 [main] DEBUG com.github.dockerjava.zerodep.shaded.org.apache.hc.client5.http.wire - http-outgoing-2 << "[\r][\n]"
03:32:51.448 [main] DEBUG com.github.dockerjava.zerodep.shaded.org.apache.hc.client5.http.wire - http-outgoing-2 << "0[\r][\n]"
03:32:51.448 [main] DEBUG com.github.dockerjava.zerodep.shaded.org.apache.hc.client5.http.wire - http-outgoing-2 << "[\r][\n]"
03:32:51.448 [main] DEBUG com.github.dockerjava.zerodep.shaded.org.apache.hc.client5.http.headers - http-outgoing-2 << HTTP/1.1 200 OK
03:32:51.448 [main] DEBUG com.github.dockerjava.zerodep.shaded.org.apache.hc.client5.http.headers - http-outgoing-2 << Api-Version: 1.41
03:32:51.448 [main] DEBUG com.github.dockerjava.zerodep.shaded.org.apache.hc.client5.http.headers - http-outgoing-2 << Content-Type: application/json
03:32:51.448 [main] DEBUG com.github.dockerjava.zerodep.shaded.org.apache.hc.client5.http.headers - http-outgoing-2 << Docker-Experimental: false
03:32:51.448 [main] DEBUG com.github.dockerjava.zerodep.shaded.org.apache.hc.client5.http.headers - http-outgoing-2 << Ostype: linux
03:32:51.448 [main] DEBUG com.github.dockerjava.zerodep.shaded.org.apache.hc.client5.http.headers - http-outgoing-2 << Server: Docker/20.10.12 (linux)
03:32:51.448 [main] DEBUG com.github.dockerjava.zerodep.shaded.org.apache.hc.client5.http.headers - http-outgoing-2 << Date: Thu, 23 Jun 2022 02:32:51 GMT
03:32:51.448 [main] DEBUG com.github.dockerjava.zerodep.shaded.org.apache.hc.client5.http.headers - http-outgoing-2 << Transfer-Encoding: chunked
03:32:51.449 [main] DEBUG com.github.dockerjava.zerodep.shaded.org.apache.hc.client5.http.impl.classic.MainClientExec - ex-0000002E: connection can be kept alive for 3 MINUTES
03:32:51.450 [main] DEBUG com.github.dockerjava.zerodep.shaded.org.apache.hc.client5.http.impl.classic.InternalHttpClient - ep-0000002D: releasing valid endpoint
03:32:51.450 [main] DEBUG com.github.dockerjava.zerodep.shaded.org.apache.hc.client5.http.impl.io.PoolingHttpClientConnectionManager - ep-0000002D: releasing endpoint
03:32:51.450 [main] DEBUG com.github.dockerjava.zerodep.shaded.org.apache.hc.client5.http.impl.io.PoolingHttpClientConnectionManager - ep-0000002D: connection http-outgoing-2 can be kept alive for 3 MINUTES
03:32:51.450 [main] DEBUG com.github.dockerjava.zerodep.shaded.org.apache.hc.client5.http.impl.io.PoolingHttpClientConnectionManager - ep-0000002D: connection released [route: {}->unix://localhost:2375][total available: 1; route allocated: 1 of 2147483647; total allocated: 1 of 2147483647]
03:32:51.450 [main] DEBUG 🐳 [mysql:8.0] - Trying to create JDBC connection using com.mysql.cj.jdbc.Driver to jdbc:mysql://localhost:49160/test?useSSL=false&allowPublicKeyRetrieval=true with properties: {password=admin, user=admin}
03:32:51.553 [main] DEBUG org.testcontainers.shaded.com.github.dockerjava.core.command.AbstrDockerCmd - Cmd: 9691e31891711283f4d98263d11bc6156717d3e75a0b86a23f3b128a992c1f38,false
03:32:51.553 [main] DEBUG org.testcontainers.shaded.com.github.dockerjava.core.exec.InspectContainerCmdExec - GET: DefaultWebTarget{path=[/containers/9691e31891711283f4d98263d11bc6156717d3e75a0b86a23f3b128a992c1f38/json], queryParams={}}
03:32:51.553 [main] DEBUG com.github.dockerjava.zerodep.shaded.org.apache.hc.client5.http.impl.classic.InternalHttpClient - ex-0000002F: preparing request execution
03:32:51.553 [main] DEBUG com.github.dockerjava.zerodep.shaded.org.apache.hc.client5.http.protocol.RequestAddCookies - Cookie spec selected: strict
03:32:51.553 [main] DEBUG com.github.dockerjava.zerodep.shaded.org.apache.hc.client5.http.protocol.RequestAuthCache - Auth cache not set in the context
03:32:51.553 [main] DEBUG com.github.dockerjava.zerodep.shaded.org.apache.hc.client5.http.impl.classic.ProtocolExec - ex-0000002F: target auth state: UNCHALLENGED
03:32:51.553 [main] DEBUG com.github.dockerjava.zerodep.shaded.org.apache.hc.client5.http.impl.classic.ProtocolExec - ex-0000002F: proxy auth state: UNCHALLENGED
03:32:51.553 [main] DEBUG com.github.dockerjava.zerodep.shaded.org.apache.hc.client5.http.impl.classic.ConnectExec - ex-0000002F: acquiring connection with route {}->unix://localhost:2375
03:32:51.553 [main] DEBUG com.github.dockerjava.zerodep.shaded.org.apache.hc.client5.http.impl.classic.InternalHttpClient - ex-0000002F: acquiring endpoint (3 MINUTES)
03:32:51.553 [main] DEBUG com.github.dockerjava.zerodep.shaded.org.apache.hc.client5.http.impl.io.PoolingHttpClientConnectionManager - ex-0000002F: endpoint lease request (3 MINUTES) [route: {}->unix://localhost:2375][total available: 1; route allocated: 1 of 2147483647; total allocated: 1 of 2147483647]
03:32:51.553 [main] DEBUG com.github.dockerjava.zerodep.shaded.org.apache.hc.client5.http.impl.io.PoolingHttpClientConnectionManager - ex-0000002F: endpoint leased [route: {}->unix://localhost:2375][total available: 0; route allocated: 1 of 2147483647; total allocated: 1 of 2147483647]
03:32:51.554 [main] DEBUG com.github.dockerjava.zerodep.shaded.org.apache.hc.client5.http.impl.io.PoolingHttpClientConnectionManager - ex-0000002F: acquired ep-0000002E
03:32:51.554 [main] DEBUG com.github.dockerjava.zerodep.shaded.org.apache.hc.client5.http.impl.classic.InternalHttpClient - ex-0000002F: acquired endpoint ep-0000002E
03:32:51.554 [main] DEBUG com.github.dockerjava.zerodep.shaded.org.apache.hc.client5.http.impl.classic.MainClientExec - ex-0000002F: executing GET /v1.32/containers/9691e31891711283f4d98263d11bc6156717d3e75a0b86a23f3b128a992c1f38/json HTTP/1.1
03:32:51.554 [main] DEBUG com.github.dockerjava.zerodep.shaded.org.apache.hc.client5.http.impl.classic.InternalHttpClient - ep-0000002E: start execution ex-0000002F
03:32:51.554 [main] DEBUG com.github.dockerjava.zerodep.shaded.org.apache.hc.client5.http.impl.io.PoolingHttpClientConnectionManager - ep-0000002E: executing exchange ex-0000002F over http-outgoing-2
03:32:51.554 [main] DEBUG com.github.dockerjava.zerodep.shaded.org.apache.hc.client5.http.headers - http-outgoing-2 >> GET /v1.32/containers/9691e31891711283f4d98263d11bc6156717d3e75a0b86a23f3b128a992c1f38/json HTTP/1.1
03:32:51.554 [main] DEBUG com.github.dockerjava.zerodep.shaded.org.apache.hc.client5.http.headers - http-outgoing-2 >> accept: application/json
03:32:51.554 [main] DEBUG com.github.dockerjava.zerodep.shaded.org.apache.hc.client5.http.headers - http-outgoing-2 >> Accept-Encoding: gzip, x-gzip, deflate
03:32:51.554 [main] DEBUG com.github.dockerjava.zerodep.shaded.org.apache.hc.client5.http.headers - http-outgoing-2 >> Host: localhost:2375
03:32:51.554 [main] DEBUG com.github.dockerjava.zerodep.shaded.org.apache.hc.client5.http.headers - http-outgoing-2 >> Connection: keep-alive
03:32:51.554 [main] DEBUG com.github.dockerjava.zerodep.shaded.org.apache.hc.client5.http.headers - http-outgoing-2 >> User-Agent: Apache-HttpClient/5.0.3 (Java/11.0.15)
03:32:51.554 [main] DEBUG com.github.dockerjava.zerodep.shaded.org.apache.hc.client5.http.wire - http-outgoing-2 >> "GET /v1.32/containers/9691e31891711283f4d98263d11bc6156717d3e75a0b86a23f3b128a992c1f38/json HTTP/1.1[\r][\n]"
03:32:51.554 [main] DEBUG com.github.dockerjava.zerodep.shaded.org.apache.hc.client5.http.wire - http-outgoing-2 >> "accept: application/json[\r][\n]"
03:32:51.554 [main] DEBUG com.github.dockerjava.zerodep.shaded.org.apache.hc.client5.http.wire - http-outgoing-2 >> "Accept-Encoding: gzip, x-gzip, deflate[\r][\n]"
03:32:51.554 [main] DEBUG com.github.dockerjava.zerodep.shaded.org.apache.hc.client5.http.wire - http-outgoing-2 >> "Host: localhost:2375[\r][\n]"
03:32:51.554 [main] DEBUG com.github.dockerjava.zerodep.shaded.org.apache.hc.client5.http.wire - http-outgoing-2 >> "Connection: keep-alive[\r][\n]"
03:32:51.554 [main] DEBUG com.github.dockerjava.zerodep.shaded.org.apache.hc.client5.http.wire - http-outgoing-2 >> "User-Agent: Apache-HttpClient/5.0.3 (Java/11.0.15)[\r][\n]"
03:32:51.554 [main] DEBUG com.github.dockerjava.zerodep.shaded.org.apache.hc.client5.http.wire - http-outgoing-2 >> "[\r][\n]"
03:32:51.554 [main] DEBUG com.github.dockerjava.zerodep.shaded.org.apache.hc.client5.http.wire - http-outgoing-2 << "HTTP/1.1 200 OK[\r][\n]"
03:32:51.554 [main] DEBUG com.github.dockerjava.zerodep.shaded.org.apache.hc.client5.http.wire - http-outgoing-2 << "Api-Version: 1.41[\r][\n]"
03:32:51.554 [main] DEBUG com.github.dockerjava.zerodep.shaded.org.apache.hc.client5.http.wire - http-outgoing-2 << "Content-Type: application/json[\r][\n]"
03:32:51.554 [main] DEBUG com.github.dockerjava.zerodep.shaded.org.apache.hc.client5.http.wire - http-outgoing-2 << "Docker-Experimental: false[\r][\n]"
03:32:51.554 [main] DEBUG com.github.dockerjava.zerodep.shaded.org.apache.hc.client5.http.wire - http-outgoing-2 << "Ostype: linux[\r][\n]"
03:32:51.554 [main] DEBUG com.github.dockerjava.zerodep.shaded.org.apache.hc.client5.http.wire - http-outgoing-2 << "Server: Docker/20.10.12 (linux)[\r][\n]"
03:32:51.554 [main] DEBUG com.github.dockerjava.zerodep.shaded.org.apache.hc.client5.http.wire - http-outgoing-2 << "Date: Thu, 23 Jun 2022 02:32:51 GMT[\r][\n]"
03:32:51.554 [main] DEBUG com.github.dockerjava.zerodep.shaded.org.apache.hc.client5.http.wire - http-outgoing-2 << "Transfer-Encoding: chunked[\r][\n]"
03:32:51.554 [main] DEBUG com.github.dockerjava.zerodep.shaded.org.apache.hc.client5.http.wire - http-outgoing-2 << "[\r][\n]"
03:32:51.554 [main] DEBUG com.github.dockerjava.zerodep.shaded.org.apache.hc.client5.http.wire - http-outgoing-2 << "18ed[\r][\n]"
03:32:51.554 [main] DEBUG com.github.dockerjava.zerodep.shaded.org.apache.hc.client5.http.wire - http-outgoing-2 << "{"Id":"9691e31891711283f4d98263d11bc6156717d3e75a0b86a23f3b128a992c1f38","Created":"2022-06-23T02:32:47.03956921Z","Path":"docker-entrypoint.sh","Args":["mysqld"],"State":{"Status":"running","Running":true,"Paused":false,"Restarting":false,"OOMKilled":false,"Dead":false,"Pid":66188,"ExitCode":0,"Error":"","StartedAt":"2022-06-23T02:32:47.703880551Z","FinishedAt":"0001-01-01T00:00:00Z"},"Image":"sha256:65b636d5542b73254ce90cc4b895597dc1adc2c661ca553c38eda159979dded1","ResolvConfPath":"/var/lib/docker/containers/9691e31891711283f4d98263d11bc6156717d3e75a0b86a23f3b128a992c1f38/resolv.conf","HostnamePath":"/var/lib/docker/containers/9691e31891711283f4d98263d11bc6156717d3e75a0b86a23f3b128a992c1f38/hostname","HostsPath":"/var/lib/docker/containers/9691e31891711283f4d98263d11bc6156717d3e75a0b86a23f3b128a992c1f38/hosts","LogPath":"/var/lib/docker/containers/9691e31891711283f4d98263d11bc6156717d3e75a0b86a23f3b128a992c1f38/9691e31891711283f4d98263d11bc6156717d3e75a0b86a23f3b128a992c1f38-json.log","Name":"/xenodochial_satoshi","RestartCount":0,"Driver":"overlay2","Platform":"linux","MountLabel":"","ProcessLabel":"","AppArmorProfile":"docker-default","ExecIDs":null,"HostConfig":{"Binds":[],"ContainerIDFile":"","LogConfig":{"Type":"json-file","Config":{}},"NetworkMode":"default","PortBindings":{"3306/tcp":[{"HostIp":"","HostPort":""}]},"RestartPolicy":{"Name":"","MaximumRetryCount":0},"AutoRemove":false,"VolumeDriver":"","VolumesFrom":[],"CapAdd":null,"CapDrop":null,"CgroupnsMode":"host","Dns":null,"DnsOptions":null,"DnsSearch":null,"ExtraHosts":[],"GroupAdd":null,"IpcMode":"shareable","Cgroup":"","Links":null,"OomScoreAdj":0,"PidMode":"","Privileged":false,"PublishAllPorts":false,"ReadonlyRootfs":false,"SecurityOpt":null,"UTSMode":"","UsernsMode":"","ShmSize":67108864,"Runtime":"runc","ConsoleSize":[0,0],"Isolation":"","CpuShares":0,"Memory":0,"NanoCpus":0,"CgroupParent":"","BlkioWeight":0,"BlkioWeightDevice":null,"BlkioDeviceReadBps":null,"BlkioDeviceWriteBps":null,"BlkioDeviceReadIOps":null,"BlkioDeviceWriteIOps":null,"CpuPeriod":0,"CpuQuota":0,"CpuRealtimePeriod":0,"CpuRealtimeRuntime":0,"CpusetCpus":"","CpusetMems":"","Devices":null,"DeviceCgroupRules":null,"DeviceRequests":null,"KernelMemory":0,"KernelMemoryTCP":0,"MemoryReservation":0,"MemorySwap":0,"MemorySwappiness":null,"OomKillDisable":false,"PidsLimit":null,"Ulimits":null,"CpuCount":0,"CpuPercent":0,"IOMaximumIOps":0,"IOMaximumBandwidth":0,"MaskedPaths":["/proc/asound","/proc/acpi","/proc/kcore","/proc/keys","/proc/latency_stats","/proc/timer_list","/proc/timer_stats","/proc/sched_debug","/proc/scsi","/sys/firmware"],"ReadonlyPaths":["/proc/bus","/proc/fs","/proc/irq","/proc/sys","/proc/sysrq-trigger"]},"GraphDriver":{"Data":{"LowerDir":"/var/lib/docker/overlay2/5529564f52cf969e31e7a1482c27be7ffed19639b506ae2e15b7e7115f699a73-init/diff:/var/lib/docker/overlay2/833a665819b5d9728d3efa7c33135034345a24f83af53b1a1af33d9b64f5492a/diff:/var/lib/docker/overlay2/bd4a2a46c227c2f15475b08c398f37acaab93f4fdba31de015d730efae0a0cfc/diff:/var/lib/docker/overlay2/31ad437d7cba8e64428a2b62db1bbb2a2ec19ca4e439ec493ef4deb50dce2783/diff:/var/lib/docker/overlay2/35173cbd8ec5b88a8888e9abbe75f8694f5d3f96a9b781bb70dc1f0889685741/diff:/var/lib/docker/overlay2/24bf69ac4e8c81062fee44e7c9f746fffbb139c3f7f4b55b4fd1b23bb101b529/diff:/var/lib/docker/overlay2/2f27c96a7775dad186b6f0da325d5a251c80aa1b7f80cf8520f493c5154aee70/diff:/var/lib/docker/overlay2/463a60088c72ddbea82639ded15801e35a79c443f6a26bf1baf320c683cb06af/diff:/var/lib/docker/overlay2/80b8224b23a2ee4b5be635c58ae579fd1913aa95558cd66ab2f5e8430f00a5b8/diff:/var/lib/docker/overlay2/20451fa0b1a07b85d665bc3a0359d721ce4e4c28fa3bce7456ab25e0babae708/diff:/var/lib/docker/overlay2/f80d865cbc6c1c6f57d0963fa6234e7a6409e079eb17f4f13ca41d02731701ad/diff:/var/lib/docker/overlay2/5a3029e0b57c6ec9b985871ff6adf08356aaa0f2a15f1e34c1a7f116ecc4a61d/diff:/var/lib/docker/overlay2/4f3423103248d0b381a1bc6a7287e2b42313ff458cea602a02b7379014b03e0e/diff","MergedDir":"/var/lib/docker/overlay2/5529564f52cf969e31e7a1482c27be7ffed19639b506ae2e15b7e7115f699a73/merged","UpperDir":"/var/lib/docker/overlay2/5529564f52cf969e31e7a1482c27be7ffed19639b506ae2e15b7e7115f699a73/diff","WorkDir":"/var/lib/docker/overlay2/5529564f52cf969e31e7a1482c27be7ffed19639b506ae2e15b7e7115f699a73/work"},"Name":"overlay2"},"Mounts":[{"Type":"volume","Name":"fd1f613c7fe3ca3ae799982507ac3f565cc9f6a2dc99ceaed92389e2c43f47d1","Source":"/var/lib/docker/volumes/fd1f613c7fe3ca3ae799982507ac3f565cc9f6a2dc99ceaed92389e2c43f47d1/_data","Destination":"/var/lib/mysql","Driver":"local","Mode":"","RW":true,"Propagation":""}],"Config":{"Hostname":"9691e3189171","Domainname":"","User":"","AttachStdin":false,"AttachStdout":false,"AttachStderr":false,"ExposedPorts":{"3306/tcp":{},"33060/tcp":{}},"Tty":false,"OpenStdin":false,"StdinOnce":false,"Env":["MYSQL_DATABASE=test","MYSQL_PASSWORD=admin","MYSQL_USER=admin","MYSQL_ROOT_PASSWORD=admin","PATH=/usr/local/sbin:/usr/local/bin:/usr/sbin:/usr/bin:/sbin:/bin","GOSU_VERSION=1.14","MYSQL_MAJOR=8.0","MYSQL_VERSION=8.0.29-1debian10"],"Cmd":["mysqld"],"Image":"mysql:8.0","Volumes":{"/var/lib/mysql":{}},"WorkingDir":"","Entrypoint":["docker-entrypoint.sh"],"OnBuild":null,"Labels":{"org.testcontainers":"true","org.testcontainers.sessionId":"d48265e4-2b28-4f8c-aa67-76dd8289af84"}},"NetworkSettings":{"Bridge":"","SandboxID":"d9de8570fe3f0a4e9f3a1ff7101c963bbd2c6a0a9d8a867b96f17f4d5edca537","HairpinMode":false,"LinkLocalIPv6Address":"","LinkLocalIPv6PrefixLen":0,"Ports":{"3306/tcp":[{"HostIp":"0.0.0.0","HostPort":"49160"},{"HostIp":"::","HostPort":"49160"}],"33060/tcp":null},"SandboxKey":"/var/run/docker/netns/d9de8570fe3f","SecondaryIPAddresses":null,"SecondaryIPv6Addresses":null,"EndpointID":"93e8fe159f683a98670e8995677c2b130dbce857fc116679206e206bda319cbf","Gateway":"172.17.0.1","GlobalIPv6Address":"","GlobalIPv6PrefixLen":0,"IPAddress":"172.17.0.3","IPPrefixLen":16,"IPv6Gateway":"","MacAddress":"02:42:ac:11:00:03","Networks":{"bridge":{"IPAMConfig":null,"Links":null,"Aliases":null,"NetworkID":"1853cd2b9856825cc97ed9ef2b12efa82d95bf9cf60ad666c276eb35cc53539e","EndpointID":"93e8fe159f683a98670e8995677c2b130dbce857fc116679206e206bda319cbf","Gateway":"172.17.0.1","IPAddress":"172.17.0.3","IPPrefixLen":16,"IPv6Gateway":"","GlobalIPv6Address":"","GlobalIPv6PrefixLen":0,"MacAddress":"02:42:ac:11:00:03","DriverOpts":null}}}}[\n]"
03:32:51.555 [main] DEBUG com.github.dockerjava.zerodep.shaded.org.apache.hc.client5.http.wire - http-outgoing-2 << "[\r][\n]"
03:32:51.555 [main] DEBUG com.github.dockerjava.zerodep.shaded.org.apache.hc.client5.http.wire - http-outgoing-2 << "0[\r][\n]"
03:32:51.555 [main] DEBUG com.github.dockerjava.zerodep.shaded.org.apache.hc.client5.http.wire - http-outgoing-2 << "[\r][\n]"
03:32:51.555 [main] DEBUG com.github.dockerjava.zerodep.shaded.org.apache.hc.client5.http.headers - http-outgoing-2 << HTTP/1.1 200 OK
03:32:51.555 [main] DEBUG com.github.dockerjava.zerodep.shaded.org.apache.hc.client5.http.headers - http-outgoing-2 << Api-Version: 1.41
03:32:51.555 [main] DEBUG com.github.dockerjava.zerodep.shaded.org.apache.hc.client5.http.headers - http-outgoing-2 << Content-Type: application/json
03:32:51.555 [main] DEBUG com.github.dockerjava.zerodep.shaded.org.apache.hc.client5.http.headers - http-outgoing-2 << Docker-Experimental: false
03:32:51.555 [main] DEBUG com.github.dockerjava.zerodep.shaded.org.apache.hc.client5.http.headers - http-outgoing-2 << Ostype: linux
03:32:51.555 [main] DEBUG com.github.dockerjava.zerodep.shaded.org.apache.hc.client5.http.headers - http-outgoing-2 << Server: Docker/20.10.12 (linux)
03:32:51.555 [main] DEBUG com.github.dockerjava.zerodep.shaded.org.apache.hc.client5.http.headers - http-outgoing-2 << Date: Thu, 23 Jun 2022 02:32:51 GMT
03:32:51.555 [main] DEBUG com.github.dockerjava.zerodep.shaded.org.apache.hc.client5.http.headers - http-outgoing-2 << Transfer-Encoding: chunked
03:32:51.555 [main] DEBUG com.github.dockerjava.zerodep.shaded.org.apache.hc.client5.http.impl.classic.MainClientExec - ex-0000002F: connection can be kept alive for 3 MINUTES
03:32:51.556 [main] DEBUG com.github.dockerjava.zerodep.shaded.org.apache.hc.client5.http.impl.classic.InternalHttpClient - ep-0000002E: releasing valid endpoint
03:32:51.556 [main] DEBUG com.github.dockerjava.zerodep.shaded.org.apache.hc.client5.http.impl.io.PoolingHttpClientConnectionManager - ep-0000002E: releasing endpoint
03:32:51.556 [main] DEBUG com.github.dockerjava.zerodep.shaded.org.apache.hc.client5.http.impl.io.PoolingHttpClientConnectionManager - ep-0000002E: connection http-outgoing-2 can be kept alive for 3 MINUTES
03:32:51.556 [main] DEBUG com.github.dockerjava.zerodep.shaded.org.apache.hc.client5.http.impl.io.PoolingHttpClientConnectionManager - ep-0000002E: connection released [route: {}->unix://localhost:2375][total available: 1; route allocated: 1 of 2147483647; total allocated: 1 of 2147483647]
03:32:51.556 [main] DEBUG 🐳 [mysql:8.0] - Trying to create JDBC connection using com.mysql.cj.jdbc.Driver to jdbc:mysql://localhost:49160/test?useSSL=false&allowPublicKeyRetrieval=true with properties: {password=admin, user=admin}
03:32:51.661 [main] DEBUG org.testcontainers.shaded.com.github.dockerjava.core.command.AbstrDockerCmd - Cmd: 9691e31891711283f4d98263d11bc6156717d3e75a0b86a23f3b128a992c1f38,false
03:32:51.661 [main] DEBUG org.testcontainers.shaded.com.github.dockerjava.core.exec.InspectContainerCmdExec - GET: DefaultWebTarget{path=[/containers/9691e31891711283f4d98263d11bc6156717d3e75a0b86a23f3b128a992c1f38/json], queryParams={}}
03:32:51.661 [main] DEBUG com.github.dockerjava.zerodep.shaded.org.apache.hc.client5.http.impl.classic.InternalHttpClient - ex-00000030: preparing request execution
03:32:51.662 [main] DEBUG com.github.dockerjava.zerodep.shaded.org.apache.hc.client5.http.protocol.RequestAddCookies - Cookie spec selected: strict
03:32:51.662 [main] DEBUG com.github.dockerjava.zerodep.shaded.org.apache.hc.client5.http.protocol.RequestAuthCache - Auth cache not set in the context
03:32:51.662 [main] DEBUG com.github.dockerjava.zerodep.shaded.org.apache.hc.client5.http.impl.classic.ProtocolExec - ex-00000030: target auth state: UNCHALLENGED
03:32:51.662 [main] DEBUG com.github.dockerjava.zerodep.shaded.org.apache.hc.client5.http.impl.classic.ProtocolExec - ex-00000030: proxy auth state: UNCHALLENGED
03:32:51.662 [main] DEBUG com.github.dockerjava.zerodep.shaded.org.apache.hc.client5.http.impl.classic.ConnectExec - ex-00000030: acquiring connection with route {}->unix://localhost:2375
03:32:51.662 [main] DEBUG com.github.dockerjava.zerodep.shaded.org.apache.hc.client5.http.impl.classic.InternalHttpClient - ex-00000030: acquiring endpoint (3 MINUTES)
03:32:51.662 [main] DEBUG com.github.dockerjava.zerodep.shaded.org.apache.hc.client5.http.impl.io.PoolingHttpClientConnectionManager - ex-00000030: endpoint lease request (3 MINUTES) [route: {}->unix://localhost:2375][total available: 1; route allocated: 1 of 2147483647; total allocated: 1 of 2147483647]
03:32:51.662 [main] DEBUG com.github.dockerjava.zerodep.shaded.org.apache.hc.client5.http.impl.io.PoolingHttpClientConnectionManager - ex-00000030: endpoint leased [route: {}->unix://localhost:2375][total available: 0; route allocated: 1 of 2147483647; total allocated: 1 of 2147483647]
03:32:51.662 [main] DEBUG com.github.dockerjava.zerodep.shaded.org.apache.hc.client5.http.impl.io.PoolingHttpClientConnectionManager - ex-00000030: acquired ep-0000002F
03:32:51.662 [main] DEBUG com.github.dockerjava.zerodep.shaded.org.apache.hc.client5.http.impl.classic.InternalHttpClient - ex-00000030: acquired endpoint ep-0000002F
03:32:51.662 [main] DEBUG com.github.dockerjava.zerodep.shaded.org.apache.hc.client5.http.impl.classic.MainClientExec - ex-00000030: executing GET /v1.32/containers/9691e31891711283f4d98263d11bc6156717d3e75a0b86a23f3b128a992c1f38/json HTTP/1.1
03:32:51.662 [main] DEBUG com.github.dockerjava.zerodep.shaded.org.apache.hc.client5.http.impl.classic.InternalHttpClient - ep-0000002F: start execution ex-00000030
03:32:51.662 [main] DEBUG com.github.dockerjava.zerodep.shaded.org.apache.hc.client5.http.impl.io.PoolingHttpClientConnectionManager - ep-0000002F: executing exchange ex-00000030 over http-outgoing-2
03:32:51.662 [main] DEBUG com.github.dockerjava.zerodep.shaded.org.apache.hc.client5.http.headers - http-outgoing-2 >> GET /v1.32/containers/9691e31891711283f4d98263d11bc6156717d3e75a0b86a23f3b128a992c1f38/json HTTP/1.1
03:32:51.662 [main] DEBUG com.github.dockerjava.zerodep.shaded.org.apache.hc.client5.http.headers - http-outgoing-2 >> accept: application/json
03:32:51.662 [main] DEBUG com.github.dockerjava.zerodep.shaded.org.apache.hc.client5.http.headers - http-outgoing-2 >> Accept-Encoding: gzip, x-gzip, deflate
03:32:51.662 [main] DEBUG com.github.dockerjava.zerodep.shaded.org.apache.hc.client5.http.headers - http-outgoing-2 >> Host: localhost:2375
03:32:51.662 [main] DEBUG com.github.dockerjava.zerodep.shaded.org.apache.hc.client5.http.headers - http-outgoing-2 >> Connection: keep-alive
03:32:51.662 [main] DEBUG com.github.dockerjava.zerodep.shaded.org.apache.hc.client5.http.headers - http-outgoing-2 >> User-Agent: Apache-HttpClient/5.0.3 (Java/11.0.15)
03:32:51.662 [main] DEBUG com.github.dockerjava.zerodep.shaded.org.apache.hc.client5.http.wire - http-outgoing-2 >> "GET /v1.32/containers/9691e31891711283f4d98263d11bc6156717d3e75a0b86a23f3b128a992c1f38/json HTTP/1.1[\r][\n]"
03:32:51.662 [main] DEBUG com.github.dockerjava.zerodep.shaded.org.apache.hc.client5.http.wire - http-outgoing-2 >> "accept: application/json[\r][\n]"
03:32:51.662 [main] DEBUG com.github.dockerjava.zerodep.shaded.org.apache.hc.client5.http.wire - http-outgoing-2 >> "Accept-Encoding: gzip, x-gzip, deflate[\r][\n]"
03:32:51.662 [main] DEBUG com.github.dockerjava.zerodep.shaded.org.apache.hc.client5.http.wire - http-outgoing-2 >> "Host: localhost:2375[\r][\n]"
03:32:51.662 [main] DEBUG com.github.dockerjava.zerodep.shaded.org.apache.hc.client5.http.wire - http-outgoing-2 >> "Connection: keep-alive[\r][\n]"
03:32:51.662 [main] DEBUG com.github.dockerjava.zerodep.shaded.org.apache.hc.client5.http.wire - http-outgoing-2 >> "User-Agent: Apache-HttpClient/5.0.3 (Java/11.0.15)[\r][\n]"
03:32:51.662 [main] DEBUG com.github.dockerjava.zerodep.shaded.org.apache.hc.client5.http.wire - http-outgoing-2 >> "[\r][\n]"
03:32:51.663 [main] DEBUG com.github.dockerjava.zerodep.shaded.org.apache.hc.client5.http.wire - http-outgoing-2 << "HTTP/1.1 200 OK[\r][\n]"
03:32:51.663 [main] DEBUG com.github.dockerjava.zerodep.shaded.org.apache.hc.client5.http.wire - http-outgoing-2 << "Api-Version: 1.41[\r][\n]"
03:32:51.663 [main] DEBUG com.github.dockerjava.zerodep.shaded.org.apache.hc.client5.http.wire - http-outgoing-2 << "Content-Type: application/json[\r][\n]"
03:32:51.663 [main] DEBUG com.github.dockerjava.zerodep.shaded.org.apache.hc.client5.http.wire - http-outgoing-2 << "Docker-Experimental: false[\r][\n]"
03:32:51.663 [main] DEBUG com.github.dockerjava.zerodep.shaded.org.apache.hc.client5.http.wire - http-outgoing-2 << "Ostype: linux[\r][\n]"
03:32:51.663 [main] DEBUG com.github.dockerjava.zerodep.shaded.org.apache.hc.client5.http.wire - http-outgoing-2 << "Server: Docker/20.10.12 (linux)[\r][\n]"
03:32:51.663 [main] DEBUG com.github.dockerjava.zerodep.shaded.org.apache.hc.client5.http.wire - http-outgoing-2 << "Date: Thu, 23 Jun 2022 02:32:51 GMT[\r][\n]"
03:32:51.663 [main] DEBUG com.github.dockerjava.zerodep.shaded.org.apache.hc.client5.http.wire - http-outgoing-2 << "Transfer-Encoding: chunked[\r][\n]"
03:32:51.663 [main] DEBUG com.github.dockerjava.zerodep.shaded.org.apache.hc.client5.http.wire - http-outgoing-2 << "[\r][\n]"
03:32:51.663 [main] DEBUG com.github.dockerjava.zerodep.shaded.org.apache.hc.client5.http.wire - http-outgoing-2 << "18ed[\r][\n]"
03:32:51.663 [main] DEBUG com.github.dockerjava.zerodep.shaded.org.apache.hc.client5.http.wire - http-outgoing-2 << "{"Id":"9691e31891711283f4d98263d11bc6156717d3e75a0b86a23f3b128a992c1f38","Created":"2022-06-23T02:32:47.03956921Z","Path":"docker-entrypoint.sh","Args":["mysqld"],"State":{"Status":"running","Running":true,"Paused":false,"Restarting":false,"OOMKilled":false,"Dead":false,"Pid":66188,"ExitCode":0,"Error":"","StartedAt":"2022-06-23T02:32:47.703880551Z","FinishedAt":"0001-01-01T00:00:00Z"},"Image":"sha256:65b636d5542b73254ce90cc4b895597dc1adc2c661ca553c38eda159979dded1","ResolvConfPath":"/var/lib/docker/containers/9691e31891711283f4d98263d11bc6156717d3e75a0b86a23f3b128a992c1f38/resolv.conf","HostnamePath":"/var/lib/docker/containers/9691e31891711283f4d98263d11bc6156717d3e75a0b86a23f3b128a992c1f38/hostname","HostsPath":"/var/lib/docker/containers/9691e31891711283f4d98263d11bc6156717d3e75a0b86a23f3b128a992c1f38/hosts","LogPath":"/var/lib/docker/containers/9691e31891711283f4d98263d11bc6156717d3e75a0b86a23f3b128a992c1f38/9691e31891711283f4d98263d11bc6156717d3e75a0b86a23f3b128a992c1f38-json.log","Name":"/xenodochial_satoshi","RestartCount":0,"Driver":"overlay2","Platform":"linux","MountLabel":"","ProcessLabel":"","AppArmorProfile":"docker-default","ExecIDs":null,"HostConfig":{"Binds":[],"ContainerIDFile":"","LogConfig":{"Type":"json-file","Config":{}},"NetworkMode":"default","PortBindings":{"3306/tcp":[{"HostIp":"","HostPort":""}]},"RestartPolicy":{"Name":"","MaximumRetryCount":0},"AutoRemove":false,"VolumeDriver":"","VolumesFrom":[],"CapAdd":null,"CapDrop":null,"CgroupnsMode":"host","Dns":null,"DnsOptions":null,"DnsSearch":null,"ExtraHosts":[],"GroupAdd":null,"IpcMode":"shareable","Cgroup":"","Links":null,"OomScoreAdj":0,"PidMode":"","Privileged":false,"PublishAllPorts":false,"ReadonlyRootfs":false,"SecurityOpt":null,"UTSMode":"","UsernsMode":"","ShmSize":67108864,"Runtime":"runc","ConsoleSize":[0,0],"Isolation":"","CpuShares":0,"Memory":0,"NanoCpus":0,"CgroupParent":"","BlkioWeight":0,"BlkioWeightDevice":null,"BlkioDeviceReadBps":null,"BlkioDeviceWriteBps":null,"BlkioDeviceReadIOps":null,"BlkioDeviceWriteIOps":null,"CpuPeriod":0,"CpuQuota":0,"CpuRealtimePeriod":0,"CpuRealtimeRuntime":0,"CpusetCpus":"","CpusetMems":"","Devices":null,"DeviceCgroupRules":null,"DeviceRequests":null,"KernelMemory":0,"KernelMemoryTCP":0,"MemoryReservation":0,"MemorySwap":0,"MemorySwappiness":null,"OomKillDisable":false,"PidsLimit":null,"Ulimits":null,"CpuCount":0,"CpuPercent":0,"IOMaximumIOps":0,"IOMaximumBandwidth":0,"MaskedPaths":["/proc/asound","/proc/acpi","/proc/kcore","/proc/keys","/proc/latency_stats","/proc/timer_list","/proc/timer_stats","/proc/sched_debug","/proc/scsi","/sys/firmware"],"ReadonlyPaths":["/proc/bus","/proc/fs","/proc/irq","/proc/sys","/proc/sysrq-trigger"]},"GraphDriver":{"Data":{"LowerDir":"/var/lib/docker/overlay2/5529564f52cf969e31e7a1482c27be7ffed19639b506ae2e15b7e7115f699a73-init/diff:/var/lib/docker/overlay2/833a665819b5d9728d3efa7c33135034345a24f83af53b1a1af33d9b64f5492a/diff:/var/lib/docker/overlay2/bd4a2a46c227c2f15475b08c398f37acaab93f4fdba31de015d730efae0a0cfc/diff:/var/lib/docker/overlay2/31ad437d7cba8e64428a2b62db1bbb2a2ec19ca4e439ec493ef4deb50dce2783/diff:/var/lib/docker/overlay2/35173cbd8ec5b88a8888e9abbe75f8694f5d3f96a9b781bb70dc1f0889685741/diff:/var/lib/docker/overlay2/24bf69ac4e8c81062fee44e7c9f746fffbb139c3f7f4b55b4fd1b23bb101b529/diff:/var/lib/docker/overlay2/2f27c96a7775dad186b6f0da325d5a251c80aa1b7f80cf8520f493c5154aee70/diff:/var/lib/docker/overlay2/463a60088c72ddbea82639ded15801e35a79c443f6a26bf1baf320c683cb06af/diff:/var/lib/docker/overlay2/80b8224b23a2ee4b5be635c58ae579fd1913aa95558cd66ab2f5e8430f00a5b8/diff:/var/lib/docker/overlay2/20451fa0b1a07b85d665bc3a0359d721ce4e4c28fa3bce7456ab25e0babae708/diff:/var/lib/docker/overlay2/f80d865cbc6c1c6f57d0963fa6234e7a6409e079eb17f4f13ca41d02731701ad/diff:/var/lib/docker/overlay2/5a3029e0b57c6ec9b985871ff6adf08356aaa0f2a15f1e34c1a7f116ecc4a61d/dif"
03:32:51.663 [main] DEBUG com.github.dockerjava.zerodep.shaded.org.apache.hc.client5.http.headers - http-outgoing-2 << HTTP/1.1 200 OK
03:32:51.663 [main] DEBUG com.github.dockerjava.zerodep.shaded.org.apache.hc.client5.http.headers - http-outgoing-2 << Api-Version: 1.41
03:32:51.663 [main] DEBUG com.github.dockerjava.zerodep.shaded.org.apache.hc.client5.http.headers - http-outgoing-2 << Content-Type: application/json
03:32:51.663 [main] DEBUG com.github.dockerjava.zerodep.shaded.org.apache.hc.client5.http.headers - http-outgoing-2 << Docker-Experimental: false
03:32:51.663 [main] DEBUG com.github.dockerjava.zerodep.shaded.org.apache.hc.client5.http.headers - http-outgoing-2 << Ostype: linux
03:32:51.663 [main] DEBUG com.github.dockerjava.zerodep.shaded.org.apache.hc.client5.http.headers - http-outgoing-2 << Server: Docker/20.10.12 (linux)
03:32:51.663 [main] DEBUG com.github.dockerjava.zerodep.shaded.org.apache.hc.client5.http.headers - http-outgoing-2 << Date: Thu, 23 Jun 2022 02:32:51 GMT
03:32:51.663 [main] DEBUG com.github.dockerjava.zerodep.shaded.org.apache.hc.client5.http.headers - http-outgoing-2 << Transfer-Encoding: chunked
03:32:51.663 [main] DEBUG com.github.dockerjava.zerodep.shaded.org.apache.hc.client5.http.impl.classic.MainClientExec - ex-00000030: connection can be kept alive for 3 MINUTES
03:32:51.664 [main] DEBUG com.github.dockerjava.zerodep.shaded.org.apache.hc.client5.http.wire - http-outgoing-2 << "f:/var/lib/docker/overlay2/4f3423103248d0b381a1bc6a7287e2b42313ff458cea602a02b7379014b03e0e/diff","MergedDir":"/var/lib/docker/overlay2/5529564f52cf969e31e7a1482c27be7ffed19639b506ae2e15b7e7115f699a73/merged","UpperDir":"/var/lib/docker/overlay2/5529564f52cf969e31e7a1482c27be7ffed19639b506ae2e15b7e7115f699a73/diff","WorkDir":"/var/lib/docker/overlay2/5529564f52cf969e31e7a1482c27be7ffed19639b506ae2e15b7e7115f699a73/work"},"Name":"overlay2"},"Mounts":[{"Type":"volume","Name":"fd1f613c7fe3ca3ae799982507ac3f565cc9f6a2dc99ceaed92389e2c43f47d1","Source":"/var/lib/docker/volumes/fd1f613c7fe3ca3ae799982507ac3f565cc9f6a2dc99ceaed92389e2c43f47d1/_data","Destination":"/var/lib/mysql","Driver":"local","Mode":"","RW":true,"Propagation":""}],"Config":{"Hostname":"9691e3189171","Domainname":"","User":"","AttachStdin":false,"AttachStdout":false,"AttachStderr":false,"ExposedPorts":{"3306/tcp":{},"33060/tcp":{}},"Tty":false,"OpenStdin":false,"StdinOnce":false,"Env":["MYSQL_DATABASE=test","MYSQL_PASSWORD=admin","MYSQL_USER=admin","MYSQL_ROOT_PASSWORD=admin","PATH=/usr/local/sbin:/usr/local/bin:/usr/sbin:/usr/bin:/sbin:/bin","GOSU_VERSION=1.14","MYSQL_MAJOR=8.0","MYSQL_VERSION=8.0.29-1debian10"],"Cmd":["mysqld"],"Image":"mysql:8.0","Volumes":{"/var/lib/mysql":{}},"WorkingDir":"","Entrypoint":["docker-entrypoint.sh"],"OnBuild":null,"Labels":{"org.testcontainers":"true","org.testcontainers.sessionId":"d48265e4-2b28-4f8c-aa67-76dd8289af84"}},"NetworkSettings":{"Bridge":"","SandboxID":"d9de8570fe3f0a4e9f3a1ff7101c963bbd2c6a0a9d8a867b96f17f4d5edca537","HairpinMode":false,"LinkLocalIPv6Address":"","LinkLocalIPv6PrefixLen":0,"Ports":{"3306/tcp":[{"HostIp":"0.0.0.0","HostPort":"49160"},{"HostIp":"::","HostPort":"49160"}],"33060/tcp":null},"SandboxKey":"/var/run/docker/netns/d9de8570fe3f","SecondaryIPAddresses":null,"SecondaryIPv6Addresses":null,"EndpointID":"93e8fe159f683a98670e8995677c2b130dbce857fc116679206e206bda319cbf","Gateway":"172.17.0.1","GlobalIPv6Address":"","GlobalIPv6PrefixLen":0,"IPAddress":"172.17.0.3","IPPrefixLen":16,"IPv6Gateway":"","MacAddress":"02:42:ac:11:00:03","Networks":{"bridge":{"IPAMConfig":null,"Links":null,"Aliases":null,"NetworkID":"1853cd2b9856825cc97ed9ef2b12efa82d95bf9cf60ad666c276eb35cc53539e","EndpointID":"93e8fe159f683a98670e8995677c2b130dbce857fc116679206e206bda319cbf","Gateway":"172.17.0.1","IPAddress":"172.17.0.3","IPPrefixLen":16,"IPv6Gateway":"","GlobalIPv6Address":"","GlobalIPv6PrefixLen":0,"MacAddress":"02:42:ac:11:00:03","DriverOpts":null}}}}[\n]"
03:32:51.665 [main] DEBUG com.github.dockerjava.zerodep.shaded.org.apache.hc.client5.http.wire - http-outgoing-2 << "[\r][\n]"
03:32:51.665 [main] DEBUG com.github.dockerjava.zerodep.shaded.org.apache.hc.client5.http.wire - http-outgoing-2 << "0[\r][\n]"
03:32:51.665 [main] DEBUG com.github.dockerjava.zerodep.shaded.org.apache.hc.client5.http.wire - http-outgoing-2 << "[\r][\n]"
03:32:51.665 [main] DEBUG com.github.dockerjava.zerodep.shaded.org.apache.hc.client5.http.impl.classic.InternalHttpClient - ep-0000002F: releasing valid endpoint
03:32:51.665 [main] DEBUG com.github.dockerjava.zerodep.shaded.org.apache.hc.client5.http.impl.io.PoolingHttpClientConnectionManager - ep-0000002F: releasing endpoint
03:32:51.665 [main] DEBUG com.github.dockerjava.zerodep.shaded.org.apache.hc.client5.http.impl.io.PoolingHttpClientConnectionManager - ep-0000002F: connection http-outgoing-2 can be kept alive for 3 MINUTES
03:32:51.665 [main] DEBUG com.github.dockerjava.zerodep.shaded.org.apache.hc.client5.http.impl.io.PoolingHttpClientConnectionManager - ep-0000002F: connection released [route: {}->unix://localhost:2375][total available: 1; route allocated: 1 of 2147483647; total allocated: 1 of 2147483647]
03:32:51.665 [main] DEBUG 🐳 [mysql:8.0] - Trying to create JDBC connection using com.mysql.cj.jdbc.Driver to jdbc:mysql://localhost:49160/test?useSSL=false&allowPublicKeyRetrieval=true with properties: {password=admin, user=admin}
03:32:51.766 [main] DEBUG org.testcontainers.shaded.com.github.dockerjava.core.command.AbstrDockerCmd - Cmd: 9691e31891711283f4d98263d11bc6156717d3e75a0b86a23f3b128a992c1f38,false
03:32:51.767 [main] DEBUG org.testcontainers.shaded.com.github.dockerjava.core.exec.InspectContainerCmdExec - GET: DefaultWebTarget{path=[/containers/9691e31891711283f4d98263d11bc6156717d3e75a0b86a23f3b128a992c1f38/json], queryParams={}}
03:32:51.767 [main] DEBUG com.github.dockerjava.zerodep.shaded.org.apache.hc.client5.http.impl.classic.InternalHttpClient - ex-00000031: preparing request execution
03:32:51.767 [main] DEBUG com.github.dockerjava.zerodep.shaded.org.apache.hc.client5.http.protocol.RequestAddCookies - Cookie spec selected: strict
03:32:51.767 [main] DEBUG com.github.dockerjava.zerodep.shaded.org.apache.hc.client5.http.protocol.RequestAuthCache - Auth cache not set in the context
03:32:51.767 [main] DEBUG com.github.dockerjava.zerodep.shaded.org.apache.hc.client5.http.impl.classic.ProtocolExec - ex-00000031: target auth state: UNCHALLENGED
03:32:51.767 [main] DEBUG com.github.dockerjava.zerodep.shaded.org.apache.hc.client5.http.impl.classic.ProtocolExec - ex-00000031: proxy auth state: UNCHALLENGED
03:32:51.767 [main] DEBUG com.github.dockerjava.zerodep.shaded.org.apache.hc.client5.http.impl.classic.ConnectExec - ex-00000031: acquiring connection with route {}->unix://localhost:2375
03:32:51.767 [main] DEBUG com.github.dockerjava.zerodep.shaded.org.apache.hc.client5.http.impl.classic.InternalHttpClient - ex-00000031: acquiring endpoint (3 MINUTES)
03:32:51.767 [main] DEBUG com.github.dockerjava.zerodep.shaded.org.apache.hc.client5.http.impl.io.PoolingHttpClientConnectionManager - ex-00000031: endpoint lease request (3 MINUTES) [route: {}->unix://localhost:2375][total available: 1; route allocated: 1 of 2147483647; total allocated: 1 of 2147483647]
03:32:51.767 [main] DEBUG com.github.dockerjava.zerodep.shaded.org.apache.hc.client5.http.impl.io.PoolingHttpClientConnectionManager - ex-00000031: endpoint leased [route: {}->unix://localhost:2375][total available: 0; route allocated: 1 of 2147483647; total allocated: 1 of 2147483647]
03:32:51.767 [main] DEBUG com.github.dockerjava.zerodep.shaded.org.apache.hc.client5.http.impl.io.PoolingHttpClientConnectionManager - ex-00000031: acquired ep-00000030
03:32:51.768 [main] DEBUG com.github.dockerjava.zerodep.shaded.org.apache.hc.client5.http.impl.classic.InternalHttpClient - ex-00000031: acquired endpoint ep-00000030
03:32:51.768 [main] DEBUG com.github.dockerjava.zerodep.shaded.org.apache.hc.client5.http.impl.classic.MainClientExec - ex-00000031: executing GET /v1.32/containers/9691e31891711283f4d98263d11bc6156717d3e75a0b86a23f3b128a992c1f38/json HTTP/1.1
03:32:51.768 [main] DEBUG com.github.dockerjava.zerodep.shaded.org.apache.hc.client5.http.impl.classic.InternalHttpClient - ep-00000030: start execution ex-00000031
03:32:51.768 [main] DEBUG com.github.dockerjava.zerodep.shaded.org.apache.hc.client5.http.impl.io.PoolingHttpClientConnectionManager - ep-00000030: executing exchange ex-00000031 over http-outgoing-2
03:32:51.768 [main] DEBUG com.github.dockerjava.zerodep.shaded.org.apache.hc.client5.http.headers - http-outgoing-2 >> GET /v1.32/containers/9691e31891711283f4d98263d11bc6156717d3e75a0b86a23f3b128a992c1f38/json HTTP/1.1
03:32:51.768 [main] DEBUG com.github.dockerjava.zerodep.shaded.org.apache.hc.client5.http.headers - http-outgoing-2 >> accept: application/json
03:32:51.768 [main] DEBUG com.github.dockerjava.zerodep.shaded.org.apache.hc.client5.http.headers - http-outgoing-2 >> Accept-Encoding: gzip, x-gzip, deflate
03:32:51.768 [main] DEBUG com.github.dockerjava.zerodep.shaded.org.apache.hc.client5.http.headers - http-outgoing-2 >> Host: localhost:2375
03:32:51.768 [main] DEBUG com.github.dockerjava.zerodep.shaded.org.apache.hc.client5.http.headers - http-outgoing-2 >> Connection: keep-alive
03:32:51.768 [main] DEBUG com.github.dockerjava.zerodep.shaded.org.apache.hc.client5.http.headers - http-outgoing-2 >> User-Agent: Apache-HttpClient/5.0.3 (Java/11.0.15)
03:32:51.768 [main] DEBUG com.github.dockerjava.zerodep.shaded.org.apache.hc.client5.http.wire - http-outgoing-2 >> "GET /v1.32/containers/9691e31891711283f4d98263d11bc6156717d3e75a0b86a23f3b128a992c1f38/json HTTP/1.1[\r][\n]"
03:32:51.768 [main] DEBUG com.github.dockerjava.zerodep.shaded.org.apache.hc.client5.http.wire - http-outgoing-2 >> "accept: application/json[\r][\n]"
03:32:51.768 [main] DEBUG com.github.dockerjava.zerodep.shaded.org.apache.hc.client5.http.wire - http-outgoing-2 >> "Accept-Encoding: gzip, x-gzip, deflate[\r][\n]"
03:32:51.768 [main] DEBUG com.github.dockerjava.zerodep.shaded.org.apache.hc.client5.http.wire - http-outgoing-2 >> "Host: localhost:2375[\r][\n]"
03:32:51.768 [main] DEBUG com.github.dockerjava.zerodep.shaded.org.apache.hc.client5.http.wire - http-outgoing-2 >> "Connection: keep-alive[\r][\n]"
03:32:51.768 [main] DEBUG com.github.dockerjava.zerodep.shaded.org.apache.hc.client5.http.wire - http-outgoing-2 >> "User-Agent: Apache-HttpClient/5.0.3 (Java/11.0.15)[\r][\n]"
03:32:51.768 [main] DEBUG com.github.dockerjava.zerodep.shaded.org.apache.hc.client5.http.wire - http-outgoing-2 >> "[\r][\n]"
03:32:51.768 [main] DEBUG com.github.dockerjava.zerodep.shaded.org.apache.hc.client5.http.wire - http-outgoing-2 << "HTTP/1.1 200 OK[\r][\n]"
03:32:51.768 [main] DEBUG com.github.dockerjava.zerodep.shaded.org.apache.hc.client5.http.wire - http-outgoing-2 << "Api-Version: 1.41[\r][\n]"
03:32:51.768 [main] DEBUG com.github.dockerjava.zerodep.shaded.org.apache.hc.client5.http.wire - http-outgoing-2 << "Content-Type: application/json[\r][\n]"
03:32:51.768 [main] DEBUG com.github.dockerjava.zerodep.shaded.org.apache.hc.client5.http.wire - http-outgoing-2 << "Docker-Experimental: false[\r][\n]"
03:32:51.768 [main] DEBUG com.github.dockerjava.zerodep.shaded.org.apache.hc.client5.http.wire - http-outgoing-2 << "Ostype: linux[\r][\n]"
03:32:51.768 [main] DEBUG com.github.dockerjava.zerodep.shaded.org.apache.hc.client5.http.wire - http-outgoing-2 << "Server: Docker/20.10.12 (linux)[\r][\n]"
03:32:51.768 [main] DEBUG com.github.dockerjava.zerodep.shaded.org.apache.hc.client5.http.wire - http-outgoing-2 << "Date: Thu, 23 Jun 2022 02:32:51 GMT[\r][\n]"
03:32:51.768 [main] DEBUG com.github.dockerjava.zerodep.shaded.org.apache.hc.client5.http.wire - http-outgoing-2 << "Transfer-Encoding: chunked[\r][\n]"
03:32:51.768 [main] DEBUG com.github.dockerjava.zerodep.shaded.org.apache.hc.client5.http.wire - http-outgoing-2 << "[\r][\n]"
03:32:51.768 [main] DEBUG com.github.dockerjava.zerodep.shaded.org.apache.hc.client5.http.wire - http-outgoing-2 << "18ed[\r][\n]"
03:32:51.768 [main] DEBUG com.github.dockerjava.zerodep.shaded.org.apache.hc.client5.http.wire - http-outgoing-2 << "{"Id":"9691e31891711283f4d98263d11bc6156717d3e75a0b86a23f3b128a992c1f38","Created":"2022-06-23T02:32:47.03956921Z","Path":"docker-entrypoint.sh","Args":["mysqld"],"State":{"Status":"running","Running":true,"Paused":false,"Restarting":false,"OOMKilled":false,"Dead":false,"Pid":66188,"ExitCode":0,"Error":"","StartedAt":"2022-06-23T02:32:47.703880551Z","FinishedAt":"0001-01-01T00:00:00Z"},"Image":"sha256:65b636d5542b73254ce90cc4b895597dc1adc2c661ca553c38eda159979dded1","ResolvConfPath":"/var/lib/docker/containers/9691e31891711283f4d98263d11bc6156717d3e75a0b86a23f3b128a992c1f38/resolv.conf","HostnamePath":"/var/lib/docker/containers/9691e31891711283f4d98263d11bc6156717d3e75a0b86a23f3b128a992c1f38/hostname","HostsPath":"/var/lib/docker/containers/9691e31891711283f4d98263d11bc6156717d3e75a0b86a23f3b128a992c1f38/hosts","LogPath":"/var/lib/docker/containers/9691e31891711283f4d98263d11bc6156717d3e75a0b86a23f3b128a992c1f38/9691e31891711283f4d98263d11bc6156717d3e75a0b86a23f3b128a992c1f38-json.log","Name":"/xenodochial_satoshi","RestartCount":0,"Driver":"overlay2","Platform":"linux","MountLabel":"","ProcessLabel":"","AppArmorProfile":"docker-default","ExecIDs":null,"HostConfig":{"Binds":[],"ContainerIDFile":"","LogConfig":{"Type":"json-file","Config":{}},"NetworkMode":"default","PortBindings":{"3306/tcp":[{"HostIp":"","HostPort":""}]},"RestartPolicy":{"Name":"","MaximumRetryCount":0},"AutoRemove":false,"VolumeDriver":"","VolumesFrom":[],"CapAdd":null,"CapDrop":null,"CgroupnsMode":"host","Dns":null,"DnsOptions":null,"DnsSearch":null,"ExtraHosts":[],"GroupAdd":null,"IpcMode":"shareable","Cgroup":"","Links":null,"OomScoreAdj":0,"PidMode":"","Privileged":false,"PublishAllPorts":false,"ReadonlyRootfs":false,"SecurityOpt":null,"UTSMode":"","UsernsMode":"","ShmSize":67108864,"Runtime":"runc","ConsoleSize":[0,0],"Isolation":"","CpuShares":0,"Memory":0,"NanoCpus":0,"CgroupParent":"","BlkioWeight":0,"BlkioWeightDevice":null,"BlkioDeviceReadBps":null,"BlkioDeviceWriteBps":null,"BlkioDeviceReadIOps":null,"BlkioDeviceWriteIOps":null,"CpuPeriod":0,"CpuQuota":0,"CpuRealtimePeriod":0,"CpuRealtimeRuntime":0,"CpusetCpus":"","CpusetMems":"","Devices":null,"DeviceCgroupRules":null,"DeviceRequests":null,"KernelMemory":0,"KernelMemoryTCP":0,"MemoryReservation":0,"MemorySwap":0,"MemorySwappiness":null,"OomKillDisable":false,"PidsLimit":null,"Ulimits":null,"CpuCount":0,"CpuPercent":0,"IOMaximumIOps":0,"IOMaximumBandwidth":0,"MaskedPaths":["/proc/asound","/proc/acpi","/proc/kcore","/proc/keys","/proc/latency_stats","/proc/timer_list","/proc/timer_stats","/proc/sched_debug","/proc/scsi","/sys/firmware"],"ReadonlyPaths":["/proc/bus","/proc/fs","/proc/irq","/proc/sys","/proc/sysrq-trigger"]},"GraphDriver":{"Data":{"LowerDir":"/var/lib/docker/overlay2/5529564f52cf969e31e7a1482c27be7ffed19639b506ae2e15b7e7115f699a73-init/diff:/var/lib/docker/overlay2/833a665819b5d9728d3efa7c33135034345a24f83af53b1a1af33d9b64f5492a/diff:/var/lib/docker/overlay2/bd4a2a46c227c2f15475b08c398f37acaab93f4fdba31de015d730efae0a0cfc/diff:/var/lib/docker/overlay2/31ad437d7cba8e64428a2b62db1bbb2a2ec19ca4e439ec493ef4deb50dce2783/diff:/var/lib/docker/overlay2/35173cbd8ec5b88a8888e9abbe75f8694f5d3f96a9b781bb70dc1f0889685741/diff:/var/lib/docker/overlay2/24bf69ac4e8c81062fee44e7c9f746fffbb139c3f7f4b55b4fd1b23bb101b529/diff:/var/lib/docker/overlay2/2f27c96a7775dad186b6f0da325d5a251c80aa1b7f80cf8520f493c5154aee70/diff:/var/lib/docker/overlay2/463a60088c72ddbea82639ded15801e35a79c443f6a26bf1baf320c683cb06af/diff:/var/lib/docker/overlay2/80b8224b23a2ee4b5be635c58ae579fd1913aa95558cd66ab2f5e8430f00a5b8/diff:/var/lib/docker/overlay2/20451fa0b1a07b85d665bc3a0359d721ce4e4c28fa3bce7456ab25e0babae708/diff:/var/lib/docker/overlay2/f80d865cbc6c1c6f57d0963fa6234e7a6409e079eb17f4f13ca41d02731701ad/diff:/var/lib/docker/overlay2/5a3029e0b57c6ec9b985871ff6adf08356aaa0f2a15f1e34c1a7f116ecc4a61d/diff:/var/lib/docker/overlay2/4f3423103248d0b381a1bc6a7287e2b42313ff458cea602a02b7379014b03e0e/diff","MergedDir":"/var/lib/docker/overlay2/5529564f52cf969e31e7a1482c27be7ffed19639b506ae2e15b7e7115f699a73/merged","UpperDir":"/var/lib/docker/overlay2/5529564f52cf969e31e7a1482c27be7ffed19639b506ae2e15b7e7115f699a73/diff","WorkDir":"/var/lib/docker/overlay2/5529564f52cf969e31e7a1482c27be7ffed19639b506ae2e15b7e7115f699a73/work"},"Name":"overlay2"},"Mounts":[{"Type":"volume","Name":"fd1f613c7fe3ca3ae799982507ac3f565cc9f6a2dc99ceaed92389e2c43f47d1","Source":"/var/lib/docker/volumes/fd1f613c7fe3ca3ae799982507ac3f565cc9f6a2dc99ceaed92389e2c43f47d1/_data","Destination":"/var/lib/mysql","Driver":"local","Mode":"","RW":true,"Propagation":""}],"Config":{"Hostname":"9691e3189171","Domainname":"","User":"","AttachStdin":false,"AttachStdout":false,"AttachStderr":false,"ExposedPorts":{"3306/tcp":{},"33060/tcp":{}},"Tty":false,"OpenStdin":false,"StdinOnce":false,"Env":["MYSQL_DATABASE=test","MYSQL_PASSWORD=admin","MYSQL_USER=admin","MYSQL_ROOT_PASSWORD=admin","PATH=/usr/local/sbin:/usr/local/bin:/usr/sbin:/usr/bin:/sbin:/bin","GOSU_VERSION=1.14","MYSQL_MAJOR=8.0","MYSQL_VERSION=8.0.29-1debian10"],"Cmd":["mysqld"],"Image":"mysql:8.0","Volumes":{"/var/lib/mysql":{}},"WorkingDir":"","Entrypoint":["docker-entrypoint.sh"],"OnBuild":null,"Labels":{"org.testcontainers":"true","org.testcontainers.sessionId":"d48265e4-2b28-4f8c-aa67-76dd8289af84"}},"NetworkSettings":{"Bridge":"","SandboxID":"d9de8570fe3f0a4e9f3a1ff7101c963bbd2c6a0a9d8a867b96f17f4d5edca537","HairpinMode":false,"LinkLocalIPv6Address":"","LinkLocalIPv6PrefixLen":0,"Ports":{"3306/tcp":[{"HostIp":"0.0.0.0","HostPort":"49160"},{"HostIp":"::","HostPort":"49160"}],"33060/tcp":null},"SandboxKey":"/var/run/docker/netns/d9de8570fe3f","SecondaryIPAddresses":null,"SecondaryIPv6Addresses":null,"EndpointID":"93e8fe159f683a98670e8995677c2b130dbce857fc116679206e206bda319cbf","Gateway":"172.17.0.1","GlobalIPv6Address":"","GlobalIPv6PrefixLen":0,"IPAddress":"172.17.0.3","IPPrefixLen":16,"IPv6Gateway":"","MacAddress":"02:42:ac:11:00:03","Networks":{"bridge":{"IPAMConfig":null,"Links":null,"Aliases":null,"NetworkID":"1853cd2b9856825cc97ed9ef2b12efa82d95bf9cf60ad666c276eb35cc53539e","EndpointID":"93e8fe159f683a98670e8995677c2b130dbce857fc116679206e206bda319cbf","Gateway":"172.17.0.1","IPAddress":"172.17.0.3","IPPrefixLen":16,"IPv6Gateway":"","GlobalIPv6Address":"","GlobalIPv6PrefixLen":0,"MacAddress":"02:42:ac:11:00:03","DriverOpts":null}}}}[\n]"
03:32:51.768 [main] DEBUG com.github.dockerjava.zerodep.shaded.org.apache.hc.client5.http.wire - http-outgoing-2 << "[\r][\n]"
03:32:51.768 [main] DEBUG com.github.dockerjava.zerodep.shaded.org.apache.hc.client5.http.wire - http-outgoing-2 << "0[\r][\n]"
03:32:51.769 [main] DEBUG com.github.dockerjava.zerodep.shaded.org.apache.hc.client5.http.wire - http-outgoing-2 << "[\r][\n]"
03:32:51.769 [main] DEBUG com.github.dockerjava.zerodep.shaded.org.apache.hc.client5.http.headers - http-outgoing-2 << HTTP/1.1 200 OK
03:32:51.769 [main] DEBUG com.github.dockerjava.zerodep.shaded.org.apache.hc.client5.http.headers - http-outgoing-2 << Api-Version: 1.41
03:32:51.769 [main] DEBUG com.github.dockerjava.zerodep.shaded.org.apache.hc.client5.http.headers - http-outgoing-2 << Content-Type: application/json
03:32:51.769 [main] DEBUG com.github.dockerjava.zerodep.shaded.org.apache.hc.client5.http.headers - http-outgoing-2 << Docker-Experimental: false
03:32:51.769 [main] DEBUG com.github.dockerjava.zerodep.shaded.org.apache.hc.client5.http.headers - http-outgoing-2 << Ostype: linux
03:32:51.769 [main] DEBUG com.github.dockerjava.zerodep.shaded.org.apache.hc.client5.http.headers - http-outgoing-2 << Server: Docker/20.10.12 (linux)
03:32:51.769 [main] DEBUG com.github.dockerjava.zerodep.shaded.org.apache.hc.client5.http.headers - http-outgoing-2 << Date: Thu, 23 Jun 2022 02:32:51 GMT
03:32:51.769 [main] DEBUG com.github.dockerjava.zerodep.shaded.org.apache.hc.client5.http.headers - http-outgoing-2 << Transfer-Encoding: chunked
03:32:51.769 [main] DEBUG com.github.dockerjava.zerodep.shaded.org.apache.hc.client5.http.impl.classic.MainClientExec - ex-00000031: connection can be kept alive for 3 MINUTES
03:32:51.770 [main] DEBUG com.github.dockerjava.zerodep.shaded.org.apache.hc.client5.http.impl.classic.InternalHttpClient - ep-00000030: releasing valid endpoint
03:32:51.770 [main] DEBUG com.github.dockerjava.zerodep.shaded.org.apache.hc.client5.http.impl.io.PoolingHttpClientConnectionManager - ep-00000030: releasing endpoint
03:32:51.770 [main] DEBUG com.github.dockerjava.zerodep.shaded.org.apache.hc.client5.http.impl.io.PoolingHttpClientConnectionManager - ep-00000030: connection http-outgoing-2 can be kept alive for 3 MINUTES
03:32:51.770 [main] DEBUG com.github.dockerjava.zerodep.shaded.org.apache.hc.client5.http.impl.io.PoolingHttpClientConnectionManager - ep-00000030: connection released [route: {}->unix://localhost:2375][total available: 1; route allocated: 1 of 2147483647; total allocated: 1 of 2147483647]
03:32:51.770 [main] DEBUG 🐳 [mysql:8.0] - Trying to create JDBC connection using com.mysql.cj.jdbc.Driver to jdbc:mysql://localhost:49160/test?useSSL=false&allowPublicKeyRetrieval=true with properties: {password=admin, user=admin}
03:32:51.872 [main] DEBUG org.testcontainers.shaded.com.github.dockerjava.core.command.AbstrDockerCmd - Cmd: 9691e31891711283f4d98263d11bc6156717d3e75a0b86a23f3b128a992c1f38,false
03:32:51.872 [main] DEBUG org.testcontainers.shaded.com.github.dockerjava.core.exec.InspectContainerCmdExec - GET: DefaultWebTarget{path=[/containers/9691e31891711283f4d98263d11bc6156717d3e75a0b86a23f3b128a992c1f38/json], queryParams={}}
03:32:51.873 [main] DEBUG com.github.dockerjava.zerodep.shaded.org.apache.hc.client5.http.impl.classic.InternalHttpClient - ex-00000032: preparing request execution
03:32:51.873 [main] DEBUG com.github.dockerjava.zerodep.shaded.org.apache.hc.client5.http.protocol.RequestAddCookies - Cookie spec selected: strict
03:32:51.873 [main] DEBUG com.github.dockerjava.zerodep.shaded.org.apache.hc.client5.http.protocol.RequestAuthCache - Auth cache not set in the context
03:32:51.873 [main] DEBUG com.github.dockerjava.zerodep.shaded.org.apache.hc.client5.http.impl.classic.ProtocolExec - ex-00000032: target auth state: UNCHALLENGED
03:32:51.873 [main] DEBUG com.github.dockerjava.zerodep.shaded.org.apache.hc.client5.http.impl.classic.ProtocolExec - ex-00000032: proxy auth state: UNCHALLENGED
03:32:51.873 [main] DEBUG com.github.dockerjava.zerodep.shaded.org.apache.hc.client5.http.impl.classic.ConnectExec - ex-00000032: acquiring connection with route {}->unix://localhost:2375
03:32:51.873 [main] DEBUG com.github.dockerjava.zerodep.shaded.org.apache.hc.client5.http.impl.classic.InternalHttpClient - ex-00000032: acquiring endpoint (3 MINUTES)
03:32:51.873 [main] DEBUG com.github.dockerjava.zerodep.shaded.org.apache.hc.client5.http.impl.io.PoolingHttpClientConnectionManager - ex-00000032: endpoint lease request (3 MINUTES) [route: {}->unix://localhost:2375][total available: 1; route allocated: 1 of 2147483647; total allocated: 1 of 2147483647]
03:32:51.873 [main] DEBUG com.github.dockerjava.zerodep.shaded.org.apache.hc.client5.http.impl.io.PoolingHttpClientConnectionManager - ex-00000032: endpoint leased [route: {}->unix://localhost:2375][total available: 0; route allocated: 1 of 2147483647; total allocated: 1 of 2147483647]
03:32:51.873 [main] DEBUG com.github.dockerjava.zerodep.shaded.org.apache.hc.client5.http.impl.io.PoolingHttpClientConnectionManager - ex-00000032: acquired ep-00000031
03:32:51.873 [main] DEBUG com.github.dockerjava.zerodep.shaded.org.apache.hc.client5.http.impl.classic.InternalHttpClient - ex-00000032: acquired endpoint ep-00000031
03:32:51.873 [main] DEBUG com.github.dockerjava.zerodep.shaded.org.apache.hc.client5.http.impl.classic.MainClientExec - ex-00000032: executing GET /v1.32/containers/9691e31891711283f4d98263d11bc6156717d3e75a0b86a23f3b128a992c1f38/json HTTP/1.1
03:32:51.873 [main] DEBUG com.github.dockerjava.zerodep.shaded.org.apache.hc.client5.http.impl.classic.InternalHttpClient - ep-00000031: start execution ex-00000032
03:32:51.873 [main] DEBUG com.github.dockerjava.zerodep.shaded.org.apache.hc.client5.http.impl.io.PoolingHttpClientConnectionManager - ep-00000031: executing exchange ex-00000032 over http-outgoing-2
03:32:51.873 [main] DEBUG com.github.dockerjava.zerodep.shaded.org.apache.hc.client5.http.headers - http-outgoing-2 >> GET /v1.32/containers/9691e31891711283f4d98263d11bc6156717d3e75a0b86a23f3b128a992c1f38/json HTTP/1.1
03:32:51.873 [main] DEBUG com.github.dockerjava.zerodep.shaded.org.apache.hc.client5.http.headers - http-outgoing-2 >> accept: application/json
03:32:51.873 [main] DEBUG com.github.dockerjava.zerodep.shaded.org.apache.hc.client5.http.headers - http-outgoing-2 >> Accept-Encoding: gzip, x-gzip, deflate
03:32:51.873 [main] DEBUG com.github.dockerjava.zerodep.shaded.org.apache.hc.client5.http.headers - http-outgoing-2 >> Host: localhost:2375
03:32:51.873 [main] DEBUG com.github.dockerjava.zerodep.shaded.org.apache.hc.client5.http.headers - http-outgoing-2 >> Connection: keep-alive
03:32:51.873 [main] DEBUG com.github.dockerjava.zerodep.shaded.org.apache.hc.client5.http.headers - http-outgoing-2 >> User-Agent: Apache-HttpClient/5.0.3 (Java/11.0.15)
03:32:51.874 [main] DEBUG com.github.dockerjava.zerodep.shaded.org.apache.hc.client5.http.wire - http-outgoing-2 >> "GET /v1.32/containers/9691e31891711283f4d98263d11bc6156717d3e75a0b86a23f3b128a992c1f38/json HTTP/1.1[\r][\n]"
03:32:51.874 [main] DEBUG com.github.dockerjava.zerodep.shaded.org.apache.hc.client5.http.wire - http-outgoing-2 >> "accept: application/json[\r][\n]"
03:32:51.874 [main] DEBUG com.github.dockerjava.zerodep.shaded.org.apache.hc.client5.http.wire - http-outgoing-2 >> "Accept-Encoding: gzip, x-gzip, deflate[\r][\n]"
03:32:51.874 [main] DEBUG com.github.dockerjava.zerodep.shaded.org.apache.hc.client5.http.wire - http-outgoing-2 >> "Host: localhost:2375[\r][\n]"
03:32:51.874 [main] DEBUG com.github.dockerjava.zerodep.shaded.org.apache.hc.client5.http.wire - http-outgoing-2 >> "Connection: keep-alive[\r][\n]"
03:32:51.874 [main] DEBUG com.github.dockerjava.zerodep.shaded.org.apache.hc.client5.http.wire - http-outgoing-2 >> "User-Agent: Apache-HttpClient/5.0.3 (Java/11.0.15)[\r][\n]"
03:32:51.874 [main] DEBUG com.github.dockerjava.zerodep.shaded.org.apache.hc.client5.http.wire - http-outgoing-2 >> "[\r][\n]"
03:32:51.874 [main] DEBUG com.github.dockerjava.zerodep.shaded.org.apache.hc.client5.http.wire - http-outgoing-2 << "HTTP/1.1 200 OK[\r][\n]"
03:32:51.874 [main] DEBUG com.github.dockerjava.zerodep.shaded.org.apache.hc.client5.http.wire - http-outgoing-2 << "Api-Version: 1.41[\r][\n]"
03:32:51.874 [main] DEBUG com.github.dockerjava.zerodep.shaded.org.apache.hc.client5.http.wire - http-outgoing-2 << "Content-Type: application/json[\r][\n]"
03:32:51.874 [main] DEBUG com.github.dockerjava.zerodep.shaded.org.apache.hc.client5.http.wire - http-outgoing-2 << "Docker-Experimental: false[\r][\n]"
03:32:51.874 [main] DEBUG com.github.dockerjava.zerodep.shaded.org.apache.hc.client5.http.wire - http-outgoing-2 << "Ostype: linux[\r][\n]"
03:32:51.874 [main] DEBUG com.github.dockerjava.zerodep.shaded.org.apache.hc.client5.http.wire - http-outgoing-2 << "Server: Docker/20.10.12 (linux)[\r][\n]"
03:32:51.874 [main] DEBUG com.github.dockerjava.zerodep.shaded.org.apache.hc.client5.http.wire - http-outgoing-2 << "Date: Thu, 23 Jun 2022 02:32:51 GMT[\r][\n]"
03:32:51.874 [main] DEBUG com.github.dockerjava.zerodep.shaded.org.apache.hc.client5.http.wire - http-outgoing-2 << "Transfer-Encoding: chunked[\r][\n]"
03:32:51.874 [main] DEBUG com.github.dockerjava.zerodep.shaded.org.apache.hc.client5.http.wire - http-outgoing-2 << "[\r][\n]"
03:32:51.874 [main] DEBUG com.github.dockerjava.zerodep.shaded.org.apache.hc.client5.http.wire - http-outgoing-2 << "18ed[\r][\n]"
03:32:51.874 [main] DEBUG com.github.dockerjava.zerodep.shaded.org.apache.hc.client5.http.wire - http-outgoing-2 << "{"Id":"9691e31891711283f4d98263d11bc6156717d3e75a0b86a23f3b128a992c1f38","Created":"2022-06-23T02:32:47.03956921Z","Path":"docker-entrypoint.sh","Args":["mysqld"],"State":{"Status":"running","Running":true,"Paused":false,"Restarting":false,"OOMKilled":false,"Dead":false,"Pid":66188,"ExitCode":0,"Error":"","StartedAt":"2022-06-23T02:32:47.703880551Z","FinishedAt":"0001-01-01T00:00:00Z"},"Image":"sha256:65b636d5542b73254ce90cc4b895597dc1adc2c661ca553c38eda159979dded1","ResolvConfPath":"/var/lib/docker/containers/9691e31891711283f4d98263d11bc6156717d3e75a0b86a23f3b128a992c1f38/resolv.conf","HostnamePath":"/var/lib/docker/containers/9691e31891711283f4d98263d11bc6156717d3e75a0b86a23f3b128a992c1f38/hostname","HostsPath":"/var/lib/docker/containers/9691e31891711283f4d98263d11bc6156717d3e75a0b86a23f3b128a992c1f38/hosts","LogPath":"/var/lib/docker/containers/9691e31891711283f4d98263d11bc6156717d3e75a0b86a23f3b128a992c1f38/9691e31891711283f4d98263d11bc6156717d3e75a0b86a23f3b128a992c1f38-json.log","Name":"/xenodochial_satoshi","RestartCount":0,"Driver":"overlay2","Platform":"linux","MountLabel":"","ProcessLabel":"","AppArmorProfile":"docker-default","ExecIDs":null,"HostConfig":{"Binds":[],"ContainerIDFile":"","LogConfig":{"Type":"json-file","Config":{}},"NetworkMode":"default","PortBindings":{"3306/tcp":[{"HostIp":"","HostPort":""}]},"RestartPolicy":{"Name":"","MaximumRetryCount":0},"AutoRemove":false,"VolumeDriver":"","VolumesFrom":[],"CapAdd":null,"CapDrop":null,"CgroupnsMode":"host","Dns":null,"DnsOptions":null,"DnsSearch":null,"ExtraHosts":[],"GroupAdd":null,"IpcMode":"shareable","Cgroup":"","Links":null,"OomScoreAdj":0,"PidMode":"","Privileged":false,"PublishAllPorts":false,"ReadonlyRootfs":false,"SecurityOpt":null,"UTSMode":"","UsernsMode":"","ShmSize":67108864,"Runtime":"runc","ConsoleSize":[0,0],"Isolation":"","CpuShares":0,"Memory":0,"NanoCpus":0,"CgroupParent":"","BlkioWeight":0,"BlkioWeightDevice":null,"BlkioDeviceReadBps":null,"BlkioDeviceWriteBps":null,"BlkioDeviceReadIOps":null,"BlkioDeviceWriteIOps":null,"CpuPeriod":0,"CpuQuota":0,"CpuRealtimePeriod":0,"CpuRealtimeRuntime":0,"CpusetCpus":"","CpusetMems":"","Devices":null,"DeviceCgroupRules":null,"DeviceRequests":null,"KernelMemory":0,"KernelMemoryTCP":0,"MemoryReservation":0,"MemorySwap":0,"MemorySwappiness":null,"OomKillDisable":false,"PidsLimit":null,"Ulimits":null,"CpuCount":0,"CpuPercent":0,"IOMaximumIOps":0,"IOMaximumBandwidth":0,"MaskedPaths":["/proc/asound","/proc/acpi","/proc/kcore","/proc/keys","/proc/latency_stats","/proc/timer_list","/proc/timer_stats","/proc/sched_debug","/proc/scsi","/sys/firmware"],"ReadonlyPaths":["/proc/bus","/proc/fs","/proc/irq","/proc/sys","/proc/sysrq-trigger"]},"GraphDriver":{"Data":{"LowerDir":"/var/lib/docker/overlay2/5529564f52cf969e31e7a1482c27be7ffed19639b506ae2e15b7e7115f699a73-init/diff:/var/lib/docker/overlay2/833a665819b5d9728d3efa7c33135034345a24f83af53b1a1af33d9b64f5492a/diff:/var/lib/docker/overlay2/bd4a2a46c227c2f15475b08c398f37acaab93f4fdba31de015d730efae0a0cfc/diff:/var/lib/docker/overlay2/31ad437d7cba8e64428a2b62db1bbb2a2ec19ca4e439ec493ef4deb50dce2783/diff:/var/lib/docker/overlay2/35173cbd8ec5b88a8888e9abbe75f8694f5d3f96a9b781bb70dc1f0889685741/diff:/var/lib/docker/overlay2/24bf69ac4e8c81062fee44e7c9f746fffbb139c3f7f4b55b4fd1b23bb101b529/diff:/var/lib/docker/overlay2/2f27c96a7775dad186b6f0da325d5a251c80aa1b7f80cf8520f493c5154aee70/diff:/var/lib/docker/overlay2/463a60088c72ddbea82639ded15801e35a79c443f6a26bf1baf320c683cb06af/diff:/var/lib/docker/overlay2/80b8224b23a2ee4b5be635c58ae579fd1913aa95558cd66ab2f5e8430f00a5b8/diff:/var/lib/docker/overlay2/20451fa0b1a07b85d665bc3a0359d721ce4e4c28fa3bce7456ab25e0babae708/diff:/var/lib/docker/overlay2/f80d865cbc6c1c6f57d0963fa6234e7a6409e079eb17f4f13ca41d02731701ad/diff:/var/lib/docker/overlay2/5a3029e0b57c6ec9b985871ff6adf08356aaa0f2a15f1e34c1a7f116ecc4a61d/dif"
03:32:51.876 [main] DEBUG com.github.dockerjava.zerodep.shaded.org.apache.hc.client5.http.headers - http-outgoing-2 << HTTP/1.1 200 OK
03:32:51.876 [main] DEBUG com.github.dockerjava.zerodep.shaded.org.apache.hc.client5.http.headers - http-outgoing-2 << Api-Version: 1.41
03:32:51.876 [main] DEBUG com.github.dockerjava.zerodep.shaded.org.apache.hc.client5.http.headers - http-outgoing-2 << Content-Type: application/json
03:32:51.876 [main] DEBUG com.github.dockerjava.zerodep.shaded.org.apache.hc.client5.http.headers - http-outgoing-2 << Docker-Experimental: false
03:32:51.876 [main] DEBUG com.github.dockerjava.zerodep.shaded.org.apache.hc.client5.http.headers - http-outgoing-2 << Ostype: linux
03:32:51.876 [main] DEBUG com.github.dockerjava.zerodep.shaded.org.apache.hc.client5.http.headers - http-outgoing-2 << Server: Docker/20.10.12 (linux)
03:32:51.876 [main] DEBUG com.github.dockerjava.zerodep.shaded.org.apache.hc.client5.http.headers - http-outgoing-2 << Date: Thu, 23 Jun 2022 02:32:51 GMT
03:32:51.876 [main] DEBUG com.github.dockerjava.zerodep.shaded.org.apache.hc.client5.http.headers - http-outgoing-2 << Transfer-Encoding: chunked
03:32:51.876 [main] DEBUG com.github.dockerjava.zerodep.shaded.org.apache.hc.client5.http.impl.classic.MainClientExec - ex-00000032: connection can be kept alive for 3 MINUTES
03:32:51.876 [main] DEBUG com.github.dockerjava.zerodep.shaded.org.apache.hc.client5.http.wire - http-outgoing-2 << "f:/var/lib/docker/overlay2/4f3423103248d0b381a1bc6a7287e2b42313ff458cea602a02b7379014b03e0e/diff","MergedDir":"/var/lib/docker/overlay2/5529564f52cf969e31e7a1482c27be7ffed19639b506ae2e15b7e7115f699a73/merged","UpperDir":"/var/lib/docker/overlay2/5529564f52cf969e31e7a1482c27be7ffed19639b506ae2e15b7e7115f699a73/diff","WorkDir":"/var/lib/docker/overlay2/5529564f52cf969e31e7a1482c27be7ffed19639b506ae2e15b7e7115f699a73/work"},"Name":"overlay2"},"Mounts":[{"Type":"volume","Name":"fd1f613c7fe3ca3ae799982507ac3f565cc9f6a2dc99ceaed92389e2c43f47d1","Source":"/var/lib/docker/volumes/fd1f613c7fe3ca3ae799982507ac3f565cc9f6a2dc99ceaed92389e2c43f47d1/_data","Destination":"/var/lib/mysql","Driver":"local","Mode":"","RW":true,"Propagation":""}],"Config":{"Hostname":"9691e3189171","Domainname":"","User":"","AttachStdin":false,"AttachStdout":false,"AttachStderr":false,"ExposedPorts":{"3306/tcp":{},"33060/tcp":{}},"Tty":false,"OpenStdin":false,"StdinOnce":false,"Env":["MYSQL_DATABASE=test","MYSQL_PASSWORD=admin","MYSQL_USER=admin","MYSQL_ROOT_PASSWORD=admin","PATH=/usr/local/sbin:/usr/local/bin:/usr/sbin:/usr/bin:/sbin:/bin","GOSU_VERSION=1.14","MYSQL_MAJOR=8.0","MYSQL_VERSION=8.0.29-1debian10"],"Cmd":["mysqld"],"Image":"mysql:8.0","Volumes":{"/var/lib/mysql":{}},"WorkingDir":"","Entrypoint":["docker-entrypoint.sh"],"OnBuild":null,"Labels":{"org.testcontainers":"true","org.testcontainers.sessionId":"d48265e4-2b28-4f8c-aa67-76dd8289af84"}},"NetworkSettings":{"Bridge":"","SandboxID":"d9de8570fe3f0a4e9f3a1ff7101c963bbd2c6a0a9d8a867b96f17f4d5edca537","HairpinMode":false,"LinkLocalIPv6Address":"","LinkLocalIPv6PrefixLen":0,"Ports":{"3306/tcp":[{"HostIp":"0.0.0.0","HostPort":"49160"},{"HostIp":"::","HostPort":"49160"}],"33060/tcp":null},"SandboxKey":"/var/run/docker/netns/d9de8570fe3f","SecondaryIPAddresses":null,"SecondaryIPv6Addresses":null,"EndpointID":"93e8fe159f683a98670e8995677c2b130dbce857fc116679206e206bda319cbf","Gateway":"172.17.0.1","GlobalIPv6Address":"","GlobalIPv6PrefixLen":0,"IPAddress":"172.17.0.3","IPPrefixLen":16,"IPv6Gateway":"","MacAddress":"02:42:ac:11:00:03","Networks":{"bridge":{"IPAMConfig":null,"Links":null,"Aliases":null,"NetworkID":"1853cd2b9856825cc97ed9ef2b12efa82d95bf9cf60ad666c276eb35cc53539e","EndpointID":"93e8fe159f683a98670e8995677c2b130dbce857fc116679206e206bda319cbf","Gateway":"172.17.0.1","IPAddress":"172.17.0.3","IPPrefixLen":16,"IPv6Gateway":"","GlobalIPv6Address":"","GlobalIPv6PrefixLen":0,"MacAddress":"02:42:ac:11:00:03","DriverOpts":null}}}}[\n]"
03:32:51.877 [main] DEBUG com.github.dockerjava.zerodep.shaded.org.apache.hc.client5.http.wire - http-outgoing-2 << "[\r][\n]"
03:32:51.877 [main] DEBUG com.github.dockerjava.zerodep.shaded.org.apache.hc.client5.http.wire - http-outgoing-2 << "0[\r][\n]"
03:32:51.877 [main] DEBUG com.github.dockerjava.zerodep.shaded.org.apache.hc.client5.http.wire - http-outgoing-2 << "[\r][\n]"
03:32:51.877 [main] DEBUG com.github.dockerjava.zerodep.shaded.org.apache.hc.client5.http.impl.classic.InternalHttpClient - ep-00000031: releasing valid endpoint
03:32:51.877 [main] DEBUG com.github.dockerjava.zerodep.shaded.org.apache.hc.client5.http.impl.io.PoolingHttpClientConnectionManager - ep-00000031: releasing endpoint
03:32:51.878 [main] DEBUG com.github.dockerjava.zerodep.shaded.org.apache.hc.client5.http.impl.io.PoolingHttpClientConnectionManager - ep-00000031: connection http-outgoing-2 can be kept alive for 3 MINUTES
03:32:51.878 [main] DEBUG com.github.dockerjava.zerodep.shaded.org.apache.hc.client5.http.impl.io.PoolingHttpClientConnectionManager - ep-00000031: connection released [route: {}->unix://localhost:2375][total available: 1; route allocated: 1 of 2147483647; total allocated: 1 of 2147483647]
03:32:51.878 [main] DEBUG 🐳 [mysql:8.0] - Trying to create JDBC connection using com.mysql.cj.jdbc.Driver to jdbc:mysql://localhost:49160/test?useSSL=false&allowPublicKeyRetrieval=true with properties: {password=admin, user=admin}
03:32:51.980 [main] DEBUG org.testcontainers.shaded.com.github.dockerjava.core.command.AbstrDockerCmd - Cmd: 9691e31891711283f4d98263d11bc6156717d3e75a0b86a23f3b128a992c1f38,false
03:32:51.980 [main] DEBUG org.testcontainers.shaded.com.github.dockerjava.core.exec.InspectContainerCmdExec - GET: DefaultWebTarget{path=[/containers/9691e31891711283f4d98263d11bc6156717d3e75a0b86a23f3b128a992c1f38/json], queryParams={}}
03:32:51.980 [main] DEBUG com.github.dockerjava.zerodep.shaded.org.apache.hc.client5.http.impl.classic.InternalHttpClient - ex-00000033: preparing request execution
03:32:51.980 [main] DEBUG com.github.dockerjava.zerodep.shaded.org.apache.hc.client5.http.protocol.RequestAddCookies - Cookie spec selected: strict
03:32:51.980 [main] DEBUG com.github.dockerjava.zerodep.shaded.org.apache.hc.client5.http.protocol.RequestAuthCache - Auth cache not set in the context
03:32:51.980 [main] DEBUG com.github.dockerjava.zerodep.shaded.org.apache.hc.client5.http.impl.classic.ProtocolExec - ex-00000033: target auth state: UNCHALLENGED
03:32:51.980 [main] DEBUG com.github.dockerjava.zerodep.shaded.org.apache.hc.client5.http.impl.classic.ProtocolExec - ex-00000033: proxy auth state: UNCHALLENGED
03:32:51.980 [main] DEBUG com.github.dockerjava.zerodep.shaded.org.apache.hc.client5.http.impl.classic.ConnectExec - ex-00000033: acquiring connection with route {}->unix://localhost:2375
03:32:51.980 [main] DEBUG com.github.dockerjava.zerodep.shaded.org.apache.hc.client5.http.impl.classic.InternalHttpClient - ex-00000033: acquiring endpoint (3 MINUTES)
03:32:51.981 [main] DEBUG com.github.dockerjava.zerodep.shaded.org.apache.hc.client5.http.impl.io.PoolingHttpClientConnectionManager - ex-00000033: endpoint lease request (3 MINUTES) [route: {}->unix://localhost:2375][total available: 1; route allocated: 1 of 2147483647; total allocated: 1 of 2147483647]
03:32:51.981 [main] DEBUG com.github.dockerjava.zerodep.shaded.org.apache.hc.client5.http.impl.io.PoolingHttpClientConnectionManager - ex-00000033: endpoint leased [route: {}->unix://localhost:2375][total available: 0; route allocated: 1 of 2147483647; total allocated: 1 of 2147483647]
03:32:51.981 [main] DEBUG com.github.dockerjava.zerodep.shaded.org.apache.hc.client5.http.impl.io.PoolingHttpClientConnectionManager - ex-00000033: acquired ep-00000032
03:32:51.981 [main] DEBUG com.github.dockerjava.zerodep.shaded.org.apache.hc.client5.http.impl.classic.InternalHttpClient - ex-00000033: acquired endpoint ep-00000032
03:32:51.981 [main] DEBUG com.github.dockerjava.zerodep.shaded.org.apache.hc.client5.http.impl.classic.MainClientExec - ex-00000033: executing GET /v1.32/containers/9691e31891711283f4d98263d11bc6156717d3e75a0b86a23f3b128a992c1f38/json HTTP/1.1
03:32:51.981 [main] DEBUG com.github.dockerjava.zerodep.shaded.org.apache.hc.client5.http.impl.classic.InternalHttpClient - ep-00000032: start execution ex-00000033
03:32:51.981 [main] DEBUG com.github.dockerjava.zerodep.shaded.org.apache.hc.client5.http.impl.io.PoolingHttpClientConnectionManager - ep-00000032: executing exchange ex-00000033 over http-outgoing-2
03:32:51.981 [main] DEBUG com.github.dockerjava.zerodep.shaded.org.apache.hc.client5.http.headers - http-outgoing-2 >> GET /v1.32/containers/9691e31891711283f4d98263d11bc6156717d3e75a0b86a23f3b128a992c1f38/json HTTP/1.1
03:32:51.981 [main] DEBUG com.github.dockerjava.zerodep.shaded.org.apache.hc.client5.http.headers - http-outgoing-2 >> accept: application/json
03:32:51.981 [main] DEBUG com.github.dockerjava.zerodep.shaded.org.apache.hc.client5.http.headers - http-outgoing-2 >> Accept-Encoding: gzip, x-gzip, deflate
03:32:51.981 [main] DEBUG com.github.dockerjava.zerodep.shaded.org.apache.hc.client5.http.headers - http-outgoing-2 >> Host: localhost:2375
03:32:51.981 [main] DEBUG com.github.dockerjava.zerodep.shaded.org.apache.hc.client5.http.headers - http-outgoing-2 >> Connection: keep-alive
03:32:51.981 [main] DEBUG com.github.dockerjava.zerodep.shaded.org.apache.hc.client5.http.headers - http-outgoing-2 >> User-Agent: Apache-HttpClient/5.0.3 (Java/11.0.15)
03:32:51.981 [main] DEBUG com.github.dockerjava.zerodep.shaded.org.apache.hc.client5.http.wire - http-outgoing-2 >> "GET /v1.32/containers/9691e31891711283f4d98263d11bc6156717d3e75a0b86a23f3b128a992c1f38/json HTTP/1.1[\r][\n]"
03:32:51.981 [main] DEBUG com.github.dockerjava.zerodep.shaded.org.apache.hc.client5.http.wire - http-outgoing-2 >> "accept: application/json[\r][\n]"
03:32:51.981 [main] DEBUG com.github.dockerjava.zerodep.shaded.org.apache.hc.client5.http.wire - http-outgoing-2 >> "Accept-Encoding: gzip, x-gzip, deflate[\r][\n]"
03:32:51.981 [main] DEBUG com.github.dockerjava.zerodep.shaded.org.apache.hc.client5.http.wire - http-outgoing-2 >> "Host: localhost:2375[\r][\n]"
03:32:51.981 [main] DEBUG com.github.dockerjava.zerodep.shaded.org.apache.hc.client5.http.wire - http-outgoing-2 >> "Connection: keep-alive[\r][\n]"
03:32:51.981 [main] DEBUG com.github.dockerjava.zerodep.shaded.org.apache.hc.client5.http.wire - http-outgoing-2 >> "User-Agent: Apache-HttpClient/5.0.3 (Java/11.0.15)[\r][\n]"
03:32:51.981 [main] DEBUG com.github.dockerjava.zerodep.shaded.org.apache.hc.client5.http.wire - http-outgoing-2 >> "[\r][\n]"
03:32:51.983 [main] DEBUG com.github.dockerjava.zerodep.shaded.org.apache.hc.client5.http.wire - http-outgoing-2 << "HTTP/1.1 200 OK[\r][\n]"
03:32:51.983 [main] DEBUG com.github.dockerjava.zerodep.shaded.org.apache.hc.client5.http.wire - http-outgoing-2 << "Api-Version: 1.41[\r][\n]"
03:32:51.983 [main] DEBUG com.github.dockerjava.zerodep.shaded.org.apache.hc.client5.http.wire - http-outgoing-2 << "Content-Type: application/json[\r][\n]"
03:32:51.983 [main] DEBUG com.github.dockerjava.zerodep.shaded.org.apache.hc.client5.http.wire - http-outgoing-2 << "Docker-Experimental: false[\r][\n]"
03:32:51.983 [main] DEBUG com.github.dockerjava.zerodep.shaded.org.apache.hc.client5.http.wire - http-outgoing-2 << "Ostype: linux[\r][\n]"
03:32:51.983 [main] DEBUG com.github.dockerjava.zerodep.shaded.org.apache.hc.client5.http.wire - http-outgoing-2 << "Server: Docker/20.10.12 (linux)[\r][\n]"
03:32:51.983 [main] DEBUG com.github.dockerjava.zerodep.shaded.org.apache.hc.client5.http.wire - http-outgoing-2 << "Date: Thu, 23 Jun 2022 02:32:51 GMT[\r][\n]"
03:32:51.983 [main] DEBUG com.github.dockerjava.zerodep.shaded.org.apache.hc.client5.http.wire - http-outgoing-2 << "Transfer-Encoding: chunked[\r][\n]"
03:32:51.983 [main] DEBUG com.github.dockerjava.zerodep.shaded.org.apache.hc.client5.http.wire - http-outgoing-2 << "[\r][\n]"
03:32:51.983 [main] DEBUG com.github.dockerjava.zerodep.shaded.org.apache.hc.client5.http.wire - http-outgoing-2 << "18ed[\r][\n]"
03:32:51.983 [main] DEBUG com.github.dockerjava.zerodep.shaded.org.apache.hc.client5.http.wire - http-outgoing-2 << "{"Id":"9691e31891711283f4d98263d11bc6156717d3e75a0b86a23f3b128a992c1f38","Created":"2022-06-23T02:32:47.03956921Z","Path":"docker-entrypoint.sh","Args":["mysqld"],"State":{"Status":"running","Running":true,"Paused":false,"Restarting":false,"OOMKilled":false,"Dead":false,"Pid":66188,"ExitCode":0,"Error":"","StartedAt":"2022-06-23T02:32:47.703880551Z","FinishedAt":"0001-01-01T00:00:00Z"},"Image":"sha256:65b636d5542b73254ce90cc4b895597dc1adc2c661ca553c38eda159979dded1","ResolvConfPath":"/var/lib/docker/containers/9691e31891711283f4d98263d11bc6156717d3e75a0b86a23f3b128a992c1f38/resolv.conf","HostnamePath":"/var/lib/docker/containers/9691e31891711283f4d98263d11bc6156717d3e75a0b86a23f3b128a992c1f38/hostname","HostsPath":"/var/lib/docker/containers/9691e31891711283f4d98263d11bc6156717d3e75a0b86a23f3b128a992c1f38/hosts","LogPath":"/var/lib/docker/containers/9691e31891711283f4d98263d11bc6156717d3e75a0b86a23f3b128a992c1f38/9691e31891711283f4d98263d11bc6156717d3e75a0b86a23f3b128a992c1f38-json.log","Name":"/xenodochial_satoshi","RestartCount":0,"Driver":"overlay2","Platform":"linux","MountLabel":"","ProcessLabel":"","AppArmorProfile":"docker-default","ExecIDs":null,"HostConfig":{"Binds":[],"ContainerIDFile":"","LogConfig":{"Type":"json-file","Config":{}},"NetworkMode":"default","PortBindings":{"3306/tcp":[{"HostIp":"","HostPort":""}]},"RestartPolicy":{"Name":"","MaximumRetryCount":0},"AutoRemove":false,"VolumeDriver":"","VolumesFrom":[],"CapAdd":null,"CapDrop":null,"CgroupnsMode":"host","Dns":null,"DnsOptions":null,"DnsSearch":null,"ExtraHosts":[],"GroupAdd":null,"IpcMode":"shareable","Cgroup":"","Links":null,"OomScoreAdj":0,"PidMode":"","Privileged":false,"PublishAllPorts":false,"ReadonlyRootfs":false,"SecurityOpt":null,"UTSMode":"","UsernsMode":"","ShmSize":67108864,"Runtime":"runc","ConsoleSize":[0,0],"Isolation":"","CpuShares":0,"Memory":0,"NanoCpus":0,"CgroupParent":"","BlkioWeight":0,"BlkioWeightDevice":null,"BlkioDeviceReadBps":null,"BlkioDeviceWriteBps":null,"BlkioDeviceReadIOps":null,"BlkioDeviceWriteIOps":null,"CpuPeriod":0,"CpuQuota":0,"CpuRealtimePeriod":0,"CpuRealtimeRuntime":0,"CpusetCpus":"","CpusetMems":"","Devices":null,"DeviceCgroupRules":null,"DeviceRequests":null,"KernelMemory":0,"KernelMemoryTCP":0,"MemoryReservation":0,"MemorySwap":0,"MemorySwappiness":null,"OomKillDisable":false,"PidsLimit":null,"Ulimits":null,"CpuCount":0,"CpuPercent":0,"IOMaximumIOps":0,"IOMaximumBandwidth":0,"MaskedPaths":["/proc/asound","/proc/acpi","/proc/kcore","/proc/keys","/proc/latency_stats","/proc/timer_list","/proc/timer_stats","/proc/sched_debug","/proc/scsi","/sys/firmware"],"ReadonlyPaths":["/proc/bus","/proc/fs","/proc/irq","/proc/sys","/proc/sysrq-trigger"]},"GraphDriver":{"Data":{"LowerDir":"/var/lib/docker/overlay2/5529564f52cf969e31e7a1482c27be7ffed19639b506ae2e15b7e7115f699a73-init/diff:/var/lib/docker/overlay2/833a665819b5d9728d3efa7c33135034345a24f83af53b1a1af33d9b64f5492a/diff:/var/lib/docker/overlay2/bd4a2a46c227c2f15475b08c398f37acaab93f4fdba31de015d730efae0a0cfc/diff:/var/lib/docker/overlay2/31ad437d7cba8e64428a2b62db1bbb2a2ec19ca4e439ec493ef4deb50dce2783/diff:/var/lib/docker/overlay2/35173cbd8ec5b88a8888e9abbe75f8694f5d3f96a9b781bb70dc1f0889685741/diff:/var/lib/docker/overlay2/24bf69ac4e8c81062fee44e7c9f746fffbb139c3f7f4b55b4fd1b23bb101b529/diff:/var/lib/docker/overlay2/2f27c96a7775dad186b6f0da325d5a251c80aa1b7f80cf8520f493c5154aee70/diff:/var/lib/docker/overlay2/463a60088c72ddbea82639ded15801e35a79c443f6a26bf1baf320c683cb06af/diff:/var/lib/docker/overlay2/80b8224b23a2ee4b5be635c58ae579fd1913aa95558cd66ab2f5e8430f00a5b8/diff:/var/lib/docker/overlay2/20451fa0b1a07b85d665bc3a0359d721ce4e4c28fa3bce7456ab25e0babae708/diff:/var/lib/docker/overlay2/f80d865cbc6c1c6f57d0963fa6234e7a6409e079eb17f4f13ca41d02731701ad/diff:/var/lib/docker/overlay2/5a3029e0b57c6ec9b985871ff6adf08356aaa0f2a15f1e34c1a7f116ecc4a61d/diff:/var/lib/docker/overlay2/4f3423103248d0b381a1bc6a7287e2b42313ff458cea602a02b7379014b03e0e/diff","MergedDir":"/var/lib/docker/overlay2/5529564f52cf969e31e7a1482c27be7ffed19639b506ae2e15b7e7115f699a73/merged","UpperDir":"/var/lib/docker/overlay2/5529564f52cf969e31e7a1482c27be7ffed19639b506ae2e15b7e7115f699a73/diff","WorkDir":"/var/lib/docker/overlay2/5529564f52cf969e31e7a1482c27be7ffed19639b506ae2e15b7e7115f699a73/work"},"Name":"overlay2"},"Mounts":[{"Type":"volume","Name":"fd1f613c7fe3ca3ae799982507ac3f565cc9f6a2dc99ceaed92389e2c43f47d1","Source":"/var/lib/docker/volumes/fd1f613c7fe3ca3ae799982507ac3f565cc9f6a2dc99ceaed92389e2c43f47d1/_data","Destination":"/var/lib/mysql","Driver":"local","Mode":"","RW":true,"Propagation":""}],"Config":{"Hostname":"9691e3189171","Domainname":"","User":"","AttachStdin":false,"AttachStdout":false,"AttachStderr":false,"ExposedPorts":{"3306/tcp":{},"33060/tcp":{}},"Tty":false,"OpenStdin":false,"StdinOnce":false,"Env":["MYSQL_DATABASE=test","MYSQL_PASSWORD=admin","MYSQL_USER=admin","MYSQL_ROOT_PASSWORD=admin","PATH=/usr/local/sbin:/usr/local/bin:/usr/sbin:/usr/bin:/sbin:/bin","GOSU_VERSION=1.14","MYSQL_MAJOR=8.0","MYSQL_VERSION=8.0.29-1debian10"],"Cmd":["mysqld"],"Image":"mysql:8.0","Volumes":{"/var/lib/mysql":{}},"WorkingDir":"","Entrypoint":["docker-entrypoint.sh"],"OnBuild":null,"Labels":{"org.testcontainers":"true","org.testcontainers.sessionId":"d48265e4-2b28-4f8c-aa67-76dd8289af84"}},"NetworkSettings":{"Bridge":"","SandboxID":"d9de8570fe3f0a4e9f3a1ff7101c963bbd2c6a0a9d8a867b96f17f4d5edca537","HairpinMode":false,"LinkLocalIPv6Address":"","LinkLocalIPv6PrefixLen":0,"Ports":{"3306/tcp":[{"HostIp":"0.0.0.0","HostPort":"49160"},{"HostIp":"::","HostPort":"49160"}],"33060/tcp":null},"SandboxKey":"/var/run/docker/netns/d9de8570fe3f","SecondaryIPAddresses":null,"SecondaryIPv6Addresses":null,"EndpointID":"93e8fe159f683a98670e8995677c2b130dbce857fc116679206e206bda319cbf","Gateway":"172.17.0.1","GlobalIPv6Address":"","GlobalIPv6PrefixLen":0,"IPAddress":"172.17.0.3","IPPrefixLen":16,"IPv6Gateway":"","MacAddress":"02:42:ac:11:00:03","Networks":{"bridge":{"IPAMConfig":null,"Links":null,"Aliases":null,"NetworkID":"1853cd2b9856825cc97ed9ef2b12efa82d95bf9cf60ad666c276eb35cc53539e","EndpointID":"93e8fe159f683a98670e8995677c2b130dbce857fc116679206e206bda319cbf","Gateway":"172.17.0.1","IPAddress":"172.17.0.3","IPPrefixLen":16,"IPv6Gateway":"","GlobalIPv6Address":"","GlobalIPv6PrefixLen":0,"MacAddress":"02:42:ac:11:00:03","DriverOpts":null}}}}[\n]"
03:32:51.983 [main] DEBUG com.github.dockerjava.zerodep.shaded.org.apache.hc.client5.http.wire - http-outgoing-2 << "[\r][\n]"
03:32:51.983 [main] DEBUG com.github.dockerjava.zerodep.shaded.org.apache.hc.client5.http.wire - http-outgoing-2 << "0[\r][\n]"
03:32:51.983 [main] DEBUG com.github.dockerjava.zerodep.shaded.org.apache.hc.client5.http.wire - http-outgoing-2 << "[\r][\n]"
03:32:51.983 [main] DEBUG com.github.dockerjava.zerodep.shaded.org.apache.hc.client5.http.headers - http-outgoing-2 << HTTP/1.1 200 OK
03:32:51.983 [main] DEBUG com.github.dockerjava.zerodep.shaded.org.apache.hc.client5.http.headers - http-outgoing-2 << Api-Version: 1.41
03:32:51.983 [main] DEBUG com.github.dockerjava.zerodep.shaded.org.apache.hc.client5.http.headers - http-outgoing-2 << Content-Type: application/json
03:32:51.983 [main] DEBUG com.github.dockerjava.zerodep.shaded.org.apache.hc.client5.http.headers - http-outgoing-2 << Docker-Experimental: false
03:32:51.983 [main] DEBUG com.github.dockerjava.zerodep.shaded.org.apache.hc.client5.http.headers - http-outgoing-2 << Ostype: linux
03:32:51.983 [main] DEBUG com.github.dockerjava.zerodep.shaded.org.apache.hc.client5.http.headers - http-outgoing-2 << Server: Docker/20.10.12 (linux)
03:32:51.983 [main] DEBUG com.github.dockerjava.zerodep.shaded.org.apache.hc.client5.http.headers - http-outgoing-2 << Date: Thu, 23 Jun 2022 02:32:51 GMT
03:32:51.983 [main] DEBUG com.github.dockerjava.zerodep.shaded.org.apache.hc.client5.http.headers - http-outgoing-2 << Transfer-Encoding: chunked
03:32:51.983 [main] DEBUG com.github.dockerjava.zerodep.shaded.org.apache.hc.client5.http.impl.classic.MainClientExec - ex-00000033: connection can be kept alive for 3 MINUTES
03:32:51.984 [main] DEBUG com.github.dockerjava.zerodep.shaded.org.apache.hc.client5.http.impl.classic.InternalHttpClient - ep-00000032: releasing valid endpoint
03:32:51.984 [main] DEBUG com.github.dockerjava.zerodep.shaded.org.apache.hc.client5.http.impl.io.PoolingHttpClientConnectionManager - ep-00000032: releasing endpoint
03:32:51.984 [main] DEBUG com.github.dockerjava.zerodep.shaded.org.apache.hc.client5.http.impl.io.PoolingHttpClientConnectionManager - ep-00000032: connection http-outgoing-2 can be kept alive for 3 MINUTES
03:32:51.984 [main] DEBUG com.github.dockerjava.zerodep.shaded.org.apache.hc.client5.http.impl.io.PoolingHttpClientConnectionManager - ep-00000032: connection released [route: {}->unix://localhost:2375][total available: 1; route allocated: 1 of 2147483647; total allocated: 1 of 2147483647]
03:32:51.984 [main] DEBUG 🐳 [mysql:8.0] - Trying to create JDBC connection using com.mysql.cj.jdbc.Driver to jdbc:mysql://localhost:49160/test?useSSL=false&allowPublicKeyRetrieval=true with properties: {password=admin, user=admin}
03:32:52.086 [main] DEBUG org.testcontainers.shaded.com.github.dockerjava.core.command.AbstrDockerCmd - Cmd: 9691e31891711283f4d98263d11bc6156717d3e75a0b86a23f3b128a992c1f38,false
03:32:52.086 [main] DEBUG org.testcontainers.shaded.com.github.dockerjava.core.exec.InspectContainerCmdExec - GET: DefaultWebTarget{path=[/containers/9691e31891711283f4d98263d11bc6156717d3e75a0b86a23f3b128a992c1f38/json], queryParams={}}
03:32:52.086 [main] DEBUG com.github.dockerjava.zerodep.shaded.org.apache.hc.client5.http.impl.classic.InternalHttpClient - ex-00000034: preparing request execution
03:32:52.086 [main] DEBUG com.github.dockerjava.zerodep.shaded.org.apache.hc.client5.http.protocol.RequestAddCookies - Cookie spec selected: strict
03:32:52.087 [main] DEBUG com.github.dockerjava.zerodep.shaded.org.apache.hc.client5.http.protocol.RequestAuthCache - Auth cache not set in the context
03:32:52.087 [main] DEBUG com.github.dockerjava.zerodep.shaded.org.apache.hc.client5.http.impl.classic.ProtocolExec - ex-00000034: target auth state: UNCHALLENGED
03:32:52.087 [main] DEBUG com.github.dockerjava.zerodep.shaded.org.apache.hc.client5.http.impl.classic.ProtocolExec - ex-00000034: proxy auth state: UNCHALLENGED
03:32:52.087 [main] DEBUG com.github.dockerjava.zerodep.shaded.org.apache.hc.client5.http.impl.classic.ConnectExec - ex-00000034: acquiring connection with route {}->unix://localhost:2375
03:32:52.087 [main] DEBUG com.github.dockerjava.zerodep.shaded.org.apache.hc.client5.http.impl.classic.InternalHttpClient - ex-00000034: acquiring endpoint (3 MINUTES)
03:32:52.087 [main] DEBUG com.github.dockerjava.zerodep.shaded.org.apache.hc.client5.http.impl.io.PoolingHttpClientConnectionManager - ex-00000034: endpoint lease request (3 MINUTES) [route: {}->unix://localhost:2375][total available: 1; route allocated: 1 of 2147483647; total allocated: 1 of 2147483647]
03:32:52.087 [main] DEBUG com.github.dockerjava.zerodep.shaded.org.apache.hc.client5.http.impl.io.PoolingHttpClientConnectionManager - ex-00000034: endpoint leased [route: {}->unix://localhost:2375][total available: 0; route allocated: 1 of 2147483647; total allocated: 1 of 2147483647]
03:32:52.087 [main] DEBUG com.github.dockerjava.zerodep.shaded.org.apache.hc.client5.http.impl.io.PoolingHttpClientConnectionManager - ex-00000034: acquired ep-00000033
03:32:52.087 [main] DEBUG com.github.dockerjava.zerodep.shaded.org.apache.hc.client5.http.impl.classic.InternalHttpClient - ex-00000034: acquired endpoint ep-00000033
03:32:52.087 [main] DEBUG com.github.dockerjava.zerodep.shaded.org.apache.hc.client5.http.impl.classic.MainClientExec - ex-00000034: executing GET /v1.32/containers/9691e31891711283f4d98263d11bc6156717d3e75a0b86a23f3b128a992c1f38/json HTTP/1.1
03:32:52.087 [main] DEBUG com.github.dockerjava.zerodep.shaded.org.apache.hc.client5.http.impl.classic.InternalHttpClient - ep-00000033: start execution ex-00000034
03:32:52.087 [main] DEBUG com.github.dockerjava.zerodep.shaded.org.apache.hc.client5.http.impl.io.PoolingHttpClientConnectionManager - ep-00000033: executing exchange ex-00000034 over http-outgoing-2
03:32:52.087 [main] DEBUG com.github.dockerjava.zerodep.shaded.org.apache.hc.client5.http.headers - http-outgoing-2 >> GET /v1.32/containers/9691e31891711283f4d98263d11bc6156717d3e75a0b86a23f3b128a992c1f38/json HTTP/1.1
03:32:52.087 [main] DEBUG com.github.dockerjava.zerodep.shaded.org.apache.hc.client5.http.headers - http-outgoing-2 >> accept: application/json
03:32:52.087 [main] DEBUG com.github.dockerjava.zerodep.shaded.org.apache.hc.client5.http.headers - http-outgoing-2 >> Accept-Encoding: gzip, x-gzip, deflate
03:32:52.087 [main] DEBUG com.github.dockerjava.zerodep.shaded.org.apache.hc.client5.http.headers - http-outgoing-2 >> Host: localhost:2375
03:32:52.087 [main] DEBUG com.github.dockerjava.zerodep.shaded.org.apache.hc.client5.http.headers - http-outgoing-2 >> Connection: keep-alive
03:32:52.087 [main] DEBUG com.github.dockerjava.zerodep.shaded.org.apache.hc.client5.http.headers - http-outgoing-2 >> User-Agent: Apache-HttpClient/5.0.3 (Java/11.0.15)
03:32:52.087 [main] DEBUG com.github.dockerjava.zerodep.shaded.org.apache.hc.client5.http.wire - http-outgoing-2 >> "GET /v1.32/containers/9691e31891711283f4d98263d11bc6156717d3e75a0b86a23f3b128a992c1f38/json HTTP/1.1[\r][\n]"
03:32:52.087 [main] DEBUG com.github.dockerjava.zerodep.shaded.org.apache.hc.client5.http.wire - http-outgoing-2 >> "accept: application/json[\r][\n]"
03:32:52.087 [main] DEBUG com.github.dockerjava.zerodep.shaded.org.apache.hc.client5.http.wire - http-outgoing-2 >> "Accept-Encoding: gzip, x-gzip, deflate[\r][\n]"
03:32:52.087 [main] DEBUG com.github.dockerjava.zerodep.shaded.org.apache.hc.client5.http.wire - http-outgoing-2 >> "Host: localhost:2375[\r][\n]"
03:32:52.087 [main] DEBUG com.github.dockerjava.zerodep.shaded.org.apache.hc.client5.http.wire - http-outgoing-2 >> "Connection: keep-alive[\r][\n]"
03:32:52.087 [main] DEBUG com.github.dockerjava.zerodep.shaded.org.apache.hc.client5.http.wire - http-outgoing-2 >> "User-Agent: Apache-HttpClient/5.0.3 (Java/11.0.15)[\r][\n]"
03:32:52.087 [main] DEBUG com.github.dockerjava.zerodep.shaded.org.apache.hc.client5.http.wire - http-outgoing-2 >> "[\r][\n]"
03:32:52.088 [main] DEBUG com.github.dockerjava.zerodep.shaded.org.apache.hc.client5.http.wire - http-outgoing-2 << "HTTP/1.1 200 OK[\r][\n]"
03:32:52.088 [main] DEBUG com.github.dockerjava.zerodep.shaded.org.apache.hc.client5.http.wire - http-outgoing-2 << "Api-Version: 1.41[\r][\n]"
03:32:52.088 [main] DEBUG com.github.dockerjava.zerodep.shaded.org.apache.hc.client5.http.wire - http-outgoing-2 << "Content-Type: application/json[\r][\n]"
03:32:52.088 [main] DEBUG com.github.dockerjava.zerodep.shaded.org.apache.hc.client5.http.wire - http-outgoing-2 << "Docker-Experimental: false[\r][\n]"
03:32:52.088 [main] DEBUG com.github.dockerjava.zerodep.shaded.org.apache.hc.client5.http.wire - http-outgoing-2 << "Ostype: linux[\r][\n]"
03:32:52.088 [main] DEBUG com.github.dockerjava.zerodep.shaded.org.apache.hc.client5.http.wire - http-outgoing-2 << "Server: Docker/20.10.12 (linux)[\r][\n]"
03:32:52.088 [main] DEBUG com.github.dockerjava.zerodep.shaded.org.apache.hc.client5.http.wire - http-outgoing-2 << "Date: Thu, 23 Jun 2022 02:32:52 GMT[\r][\n]"
03:32:52.088 [main] DEBUG com.github.dockerjava.zerodep.shaded.org.apache.hc.client5.http.wire - http-outgoing-2 << "Transfer-Encoding: chunked[\r][\n]"
03:32:52.088 [main] DEBUG com.github.dockerjava.zerodep.shaded.org.apache.hc.client5.http.wire - http-outgoing-2 << "[\r][\n]"
03:32:52.088 [main] DEBUG com.github.dockerjava.zerodep.shaded.org.apache.hc.client5.http.wire - http-outgoing-2 << "18ed[\r][\n]"
03:32:52.088 [main] DEBUG com.github.dockerjava.zerodep.shaded.org.apache.hc.client5.http.wire - http-outgoing-2 << "{"Id":"9691e31891711283f4d98263d11bc6156717d3e75a0b86a23f3b128a992c1f38","Created":"2022-06-23T02:32:47.03956921Z","Path":"docker-entrypoint.sh","Args":["mysqld"],"State":{"Status":"running","Running":true,"Paused":false,"Restarting":false,"OOMKilled":false,"Dead":false,"Pid":66188,"ExitCode":0,"Error":"","StartedAt":"2022-06-23T02:32:47.703880551Z","FinishedAt":"0001-01-01T00:00:00Z"},"Image":"sha256:65b636d5542b73254ce90cc4b895597dc1adc2c661ca553c38eda159979dded1","ResolvConfPath":"/var/lib/docker/containers/9691e31891711283f4d98263d11bc6156717d3e75a0b86a23f3b128a992c1f38/resolv.conf","HostnamePath":"/var/lib/docker/containers/9691e31891711283f4d98263d11bc6156717d3e75a0b86a23f3b128a992c1f38/hostname","HostsPath":"/var/lib/docker/containers/9691e31891711283f4d98263d11bc6156717d3e75a0b86a23f3b128a992c1f38/hosts","LogPath":"/var/lib/docker/containers/9691e31891711283f4d98263d11bc6156717d3e75a0b86a23f3b128a992c1f38/9691e31891711283f4d98263d11bc6156717d3e75a0b86a23f3b128a992c1f38-json.log","Name":"/xenodochial_satoshi","RestartCount":0,"Driver":"overlay2","Platform":"linux","MountLabel":"","ProcessLabel":"","AppArmorProfile":"docker-default","ExecIDs":null,"HostConfig":{"Binds":[],"ContainerIDFile":"","LogConfig":{"Type":"json-file","Config":{}},"NetworkMode":"default","PortBindings":{"3306/tcp":[{"HostIp":"","HostPort":""}]},"RestartPolicy":{"Name":"","MaximumRetryCount":0},"AutoRemove":false,"VolumeDriver":"","VolumesFrom":[],"CapAdd":null,"CapDrop":null,"CgroupnsMode":"host","Dns":null,"DnsOptions":null,"DnsSearch":null,"ExtraHosts":[],"GroupAdd":null,"IpcMode":"shareable","Cgroup":"","Links":null,"OomScoreAdj":0,"PidMode":"","Privileged":false,"PublishAllPorts":false,"ReadonlyRootfs":false,"SecurityOpt":null,"UTSMode":"","UsernsMode":"","ShmSize":67108864,"Runtime":"runc","ConsoleSize":[0,0],"Isolation":"","CpuShares":0,"Memory":0,"NanoCpus":0,"CgroupParent":"","BlkioWeight":0,"BlkioWeightDevice":null,"BlkioDeviceReadBps":null,"BlkioDeviceWriteBps":null,"BlkioDeviceReadIOps":null,"BlkioDeviceWriteIOps":null,"CpuPeriod":0,"CpuQuota":0,"CpuRealtimePeriod":0,"CpuRealtimeRuntime":0,"CpusetCpus":"","CpusetMems":"","Devices":null,"DeviceCgroupRules":null,"DeviceRequests":null,"KernelMemory":0,"KernelMemoryTCP":0,"MemoryReservation":0,"MemorySwap":0,"MemorySwappiness":null,"OomKillDisable":false,"PidsLimit":null,"Ulimits":null,"CpuCount":0,"CpuPercent":0,"IOMaximumIOps":0,"IOMaximumBandwidth":0,"MaskedPaths":["/proc/asound","/proc/acpi","/proc/kcore","/proc/keys","/proc/latency_stats","/proc/timer_list","/proc/timer_stats","/proc/sched_debug","/proc/scsi","/sys/firmware"],"ReadonlyPaths":["/proc/bus","/proc/fs","/proc/irq","/proc/sys","/proc/sysrq-trigger"]},"GraphDriver":{"Data":{"LowerDir":"/var/lib/docker/overlay2/5529564f52cf969e31e7a1482c27be7ffed19639b506ae2e15b7e7115f699a73-init/diff:/var/lib/docker/overlay2/833a665819b5d9728d3efa7c33135034345a24f83af53b1a1af33d9b64f5492a/diff:/var/lib/docker/overlay2/bd4a2a46c227c2f15475b08c398f37acaab93f4fdba31de015d730efae0a0cfc/diff:/var/lib/docker/overlay2/31ad437d7cba8e64428a2b62db1bbb2a2ec19ca4e439ec493ef4deb50dce2783/diff:/var/lib/docker/overlay2/35173cbd8ec5b88a8888e9abbe75f8694f5d3f96a9b781bb70dc1f0889685741/diff:/var/lib/docker/overlay2/24bf69ac4e8c81062fee44e7c9f746fffbb139c3f7f4b55b4fd1b23bb101b529/diff:/var/lib/docker/overlay2/2f27c96a7775dad186b6f0da325d5a251c80aa1b7f80cf8520f493c5154aee70/diff:/var/lib/docker/overlay2/463a60088c72ddbea82639ded15801e35a79c443f6a26bf1baf320c683cb06af/diff:/var/lib/docker/overlay2/80b8224b23a2ee4b5be635c58ae579fd1913aa95558cd66ab2f5e8430f00a5b8/diff:/var/lib/docker/overlay2/20451fa0b1a07b85d665bc3a0359d721ce4e4c28fa3bce7456ab25e0babae708/diff:/var/lib/docker/overlay2/f80d865cbc6c1c6f57d0963fa6234e7a6409e079eb17f4f13ca41d02731701ad/diff:/var/lib/docker/overlay2/5a3029e0b57c6ec9b985871ff6adf08356aaa0f2a15f1e34c1a7f116ecc4a61d/diff:/var/lib/docker/overlay2/4f3423103248d0b381a1bc6a7287e2b42313ff458cea602a02b7379014b03e0e/diff","MergedDir":"/var/lib/docker/overlay2/5529564f52cf969e31e7a1482c27be7ffed19639b506ae2e15b7e7115f699a73/merged","UpperDir":"/var/lib/docker/overlay2/5529564f52cf969e31e7a1482c27be7ffed19639b506ae2e15b7e7115f699a73/diff","WorkDir":"/var/lib/docker/overlay2/5529564f52cf969e31e7a1482c27be7ffed19639b506ae2e15b7e7115f699a73/work"},"Name":"overlay2"},"Mounts":[{"Type":"volume","Name":"fd1f613c7fe3ca3ae799982507ac3f565cc9f6a2dc99ceaed92389e2c43f47d1","Source":"/var/lib/docker/volumes/fd1f613c7fe3ca3ae799982507ac3f565cc9f6a2dc99ceaed92389e2c43f47d1/_data","Destination":"/var/lib/mysql","Driver":"local","Mode":"","RW":true,"Propagation":""}],"Config":{"Hostname":"9691e3189171","Domainname":"","User":"","AttachStdin":false,"AttachStdout":false,"AttachStderr":false,"ExposedPorts":{"3306/tcp":{},"33060/tcp":{}},"Tty":false,"OpenStdin":false,"StdinOnce":false,"Env":["MYSQL_DATABASE=test","MYSQL_PASSWORD=admin","MYSQL_USER=admin","MYSQL_ROOT_PASSWORD=admin","PATH=/usr/local/sbin:/usr/local/bin:/usr/sbin:/usr/bin:/sbin:/bin","GOSU_VERSION=1.14","MYSQL_MAJOR=8.0","MYSQL_VERSION=8.0.29-1debian10"],"Cmd":["mysqld"],"Image":"mysql:8.0","Volumes":{"/var/lib/mysql":{}},"WorkingDir":"","Entrypoint":["docker-entrypoint.sh"],"OnBuild":null,"Labels":{"org.testcontainers":"true","org.testcontainers.sessionId":"d48265e4-2b28-4f8c-aa67-76dd8289af84"}},"NetworkSettings":{"Bridge":"","SandboxID":"d9de8570fe3f0a4e9f3a1ff7101c963bbd2c6a0a9d8a867b96f17f4d5edca537","HairpinMode":false,"LinkLocalIPv6Address":"","LinkLocalIPv6PrefixLen":0,"Ports":{"3306/tcp":[{"HostIp":"0.0.0.0","HostPort":"49160"},{"HostIp":"::","HostPort":"49160"}],"33060/tcp":null},"SandboxKey":"/var/run/docker/netns/d9de8570fe3f","SecondaryIPAddresses":null,"SecondaryIPv6Addresses":null,"EndpointID":"93e8fe159f683a98670e8995677c2b130dbce857fc116679206e206bda319cbf","Gateway":"172.17.0.1","GlobalIPv6Address":"","GlobalIPv6PrefixLen":0,"IPAddress":"172.17.0.3","IPPrefixLen":16,"IPv6Gateway":"","MacAddress":"02:42:ac:11:00:03","Networks":{"bridge":{"IPAMConfig":null,"Links":null,"Aliases":null,"NetworkID":"1853cd2b9856825cc97ed9ef2b12efa82d95bf9cf60ad666c276eb35cc53539e","EndpointID":"93e8fe159f683a98670e8995677c2b130dbce857fc116679206e206bda319cbf","Gateway":"172.17.0.1","IPAddress":"172.17.0.3","IPPrefixLen":16,"IPv6Gateway":"","GlobalIPv6Address":"","GlobalIPv6PrefixLen":0,"MacAddress":"02:42:ac:11:00:03","DriverOpts":null}}}}[\n]"
03:32:52.088 [main] DEBUG com.github.dockerjava.zerodep.shaded.org.apache.hc.client5.http.wire - http-outgoing-2 << "[\r][\n]"
03:32:52.088 [main] DEBUG com.github.dockerjava.zerodep.shaded.org.apache.hc.client5.http.wire - http-outgoing-2 << "0[\r][\n]"
03:32:52.088 [main] DEBUG com.github.dockerjava.zerodep.shaded.org.apache.hc.client5.http.wire - http-outgoing-2 << "[\r][\n]"
03:32:52.088 [main] DEBUG com.github.dockerjava.zerodep.shaded.org.apache.hc.client5.http.headers - http-outgoing-2 << HTTP/1.1 200 OK
03:32:52.088 [main] DEBUG com.github.dockerjava.zerodep.shaded.org.apache.hc.client5.http.headers - http-outgoing-2 << Api-Version: 1.41
03:32:52.088 [main] DEBUG com.github.dockerjava.zerodep.shaded.org.apache.hc.client5.http.headers - http-outgoing-2 << Content-Type: application/json
03:32:52.088 [main] DEBUG com.github.dockerjava.zerodep.shaded.org.apache.hc.client5.http.headers - http-outgoing-2 << Docker-Experimental: false
03:32:52.088 [main] DEBUG com.github.dockerjava.zerodep.shaded.org.apache.hc.client5.http.headers - http-outgoing-2 << Ostype: linux
03:32:52.088 [main] DEBUG com.github.dockerjava.zerodep.shaded.org.apache.hc.client5.http.headers - http-outgoing-2 << Server: Docker/20.10.12 (linux)
03:32:52.088 [main] DEBUG com.github.dockerjava.zerodep.shaded.org.apache.hc.client5.http.headers - http-outgoing-2 << Date: Thu, 23 Jun 2022 02:32:52 GMT
03:32:52.088 [main] DEBUG com.github.dockerjava.zerodep.shaded.org.apache.hc.client5.http.headers - http-outgoing-2 << Transfer-Encoding: chunked
03:32:52.088 [main] DEBUG com.github.dockerjava.zerodep.shaded.org.apache.hc.client5.http.impl.classic.MainClientExec - ex-00000034: connection can be kept alive for 3 MINUTES
03:32:52.089 [main] DEBUG com.github.dockerjava.zerodep.shaded.org.apache.hc.client5.http.impl.classic.InternalHttpClient - ep-00000033: releasing valid endpoint
03:32:52.089 [main] DEBUG com.github.dockerjava.zerodep.shaded.org.apache.hc.client5.http.impl.io.PoolingHttpClientConnectionManager - ep-00000033: releasing endpoint
03:32:52.089 [main] DEBUG com.github.dockerjava.zerodep.shaded.org.apache.hc.client5.http.impl.io.PoolingHttpClientConnectionManager - ep-00000033: connection http-outgoing-2 can be kept alive for 3 MINUTES
03:32:52.089 [main] DEBUG com.github.dockerjava.zerodep.shaded.org.apache.hc.client5.http.impl.io.PoolingHttpClientConnectionManager - ep-00000033: connection released [route: {}->unix://localhost:2375][total available: 1; route allocated: 1 of 2147483647; total allocated: 1 of 2147483647]
03:32:52.089 [main] DEBUG 🐳 [mysql:8.0] - Trying to create JDBC connection using com.mysql.cj.jdbc.Driver to jdbc:mysql://localhost:49160/test?useSSL=false&allowPublicKeyRetrieval=true with properties: {password=admin, user=admin}
03:32:52.191 [main] DEBUG org.testcontainers.shaded.com.github.dockerjava.core.command.AbstrDockerCmd - Cmd: 9691e31891711283f4d98263d11bc6156717d3e75a0b86a23f3b128a992c1f38,false
03:32:52.191 [main] DEBUG org.testcontainers.shaded.com.github.dockerjava.core.exec.InspectContainerCmdExec - GET: DefaultWebTarget{path=[/containers/9691e31891711283f4d98263d11bc6156717d3e75a0b86a23f3b128a992c1f38/json], queryParams={}}
03:32:52.192 [main] DEBUG com.github.dockerjava.zerodep.shaded.org.apache.hc.client5.http.impl.classic.InternalHttpClient - ex-00000035: preparing request execution
03:32:52.192 [main] DEBUG com.github.dockerjava.zerodep.shaded.org.apache.hc.client5.http.protocol.RequestAddCookies - Cookie spec selected: strict
03:32:52.192 [main] DEBUG com.github.dockerjava.zerodep.shaded.org.apache.hc.client5.http.protocol.RequestAuthCache - Auth cache not set in the context
03:32:52.192 [main] DEBUG com.github.dockerjava.zerodep.shaded.org.apache.hc.client5.http.impl.classic.ProtocolExec - ex-00000035: target auth state: UNCHALLENGED
03:32:52.192 [main] DEBUG com.github.dockerjava.zerodep.shaded.org.apache.hc.client5.http.impl.classic.ProtocolExec - ex-00000035: proxy auth state: UNCHALLENGED
03:32:52.192 [main] DEBUG com.github.dockerjava.zerodep.shaded.org.apache.hc.client5.http.impl.classic.ConnectExec - ex-00000035: acquiring connection with route {}->unix://localhost:2375
03:32:52.192 [main] DEBUG com.github.dockerjava.zerodep.shaded.org.apache.hc.client5.http.impl.classic.InternalHttpClient - ex-00000035: acquiring endpoint (3 MINUTES)
03:32:52.193 [main] DEBUG com.github.dockerjava.zerodep.shaded.org.apache.hc.client5.http.impl.io.PoolingHttpClientConnectionManager - ex-00000035: endpoint lease request (3 MINUTES) [route: {}->unix://localhost:2375][total available: 1; route allocated: 1 of 2147483647; total allocated: 1 of 2147483647]
03:32:52.193 [main] DEBUG com.github.dockerjava.zerodep.shaded.org.apache.hc.client5.http.impl.io.PoolingHttpClientConnectionManager - ex-00000035: endpoint leased [route: {}->unix://localhost:2375][total available: 0; route allocated: 1 of 2147483647; total allocated: 1 of 2147483647]
03:32:52.193 [main] DEBUG com.github.dockerjava.zerodep.shaded.org.apache.hc.client5.http.impl.io.PoolingHttpClientConnectionManager - ex-00000035: acquired ep-00000034
03:32:52.193 [main] DEBUG com.github.dockerjava.zerodep.shaded.org.apache.hc.client5.http.impl.classic.InternalHttpClient - ex-00000035: acquired endpoint ep-00000034
03:32:52.193 [main] DEBUG com.github.dockerjava.zerodep.shaded.org.apache.hc.client5.http.impl.classic.MainClientExec - ex-00000035: executing GET /v1.32/containers/9691e31891711283f4d98263d11bc6156717d3e75a0b86a23f3b128a992c1f38/json HTTP/1.1
03:32:52.194 [main] DEBUG com.github.dockerjava.zerodep.shaded.org.apache.hc.client5.http.impl.classic.InternalHttpClient - ep-00000034: start execution ex-00000035
03:32:52.194 [main] DEBUG com.github.dockerjava.zerodep.shaded.org.apache.hc.client5.http.impl.io.PoolingHttpClientConnectionManager - ep-00000034: executing exchange ex-00000035 over http-outgoing-2
03:32:52.194 [main] DEBUG com.github.dockerjava.zerodep.shaded.org.apache.hc.client5.http.headers - http-outgoing-2 >> GET /v1.32/containers/9691e31891711283f4d98263d11bc6156717d3e75a0b86a23f3b128a992c1f38/json HTTP/1.1
03:32:52.194 [main] DEBUG com.github.dockerjava.zerodep.shaded.org.apache.hc.client5.http.headers - http-outgoing-2 >> accept: application/json
03:32:52.194 [main] DEBUG com.github.dockerjava.zerodep.shaded.org.apache.hc.client5.http.headers - http-outgoing-2 >> Accept-Encoding: gzip, x-gzip, deflate
03:32:52.194 [main] DEBUG com.github.dockerjava.zerodep.shaded.org.apache.hc.client5.http.headers - http-outgoing-2 >> Host: localhost:2375
03:32:52.194 [main] DEBUG com.github.dockerjava.zerodep.shaded.org.apache.hc.client5.http.headers - http-outgoing-2 >> Connection: keep-alive
03:32:52.194 [main] DEBUG com.github.dockerjava.zerodep.shaded.org.apache.hc.client5.http.headers - http-outgoing-2 >> User-Agent: Apache-HttpClient/5.0.3 (Java/11.0.15)
03:32:52.194 [main] DEBUG com.github.dockerjava.zerodep.shaded.org.apache.hc.client5.http.wire - http-outgoing-2 >> "GET /v1.32/containers/9691e31891711283f4d98263d11bc6156717d3e75a0b86a23f3b128a992c1f38/json HTTP/1.1[\r][\n]"
03:32:52.194 [main] DEBUG com.github.dockerjava.zerodep.shaded.org.apache.hc.client5.http.wire - http-outgoing-2 >> "accept: application/json[\r][\n]"
03:32:52.194 [main] DEBUG com.github.dockerjava.zerodep.shaded.org.apache.hc.client5.http.wire - http-outgoing-2 >> "Accept-Encoding: gzip, x-gzip, deflate[\r][\n]"
03:32:52.194 [main] DEBUG com.github.dockerjava.zerodep.shaded.org.apache.hc.client5.http.wire - http-outgoing-2 >> "Host: localhost:2375[\r][\n]"
03:32:52.194 [main] DEBUG com.github.dockerjava.zerodep.shaded.org.apache.hc.client5.http.wire - http-outgoing-2 >> "Connection: keep-alive[\r][\n]"
03:32:52.194 [main] DEBUG com.github.dockerjava.zerodep.shaded.org.apache.hc.client5.http.wire - http-outgoing-2 >> "User-Agent: Apache-HttpClient/5.0.3 (Java/11.0.15)[\r][\n]"
03:32:52.194 [main] DEBUG com.github.dockerjava.zerodep.shaded.org.apache.hc.client5.http.wire - http-outgoing-2 >> "[\r][\n]"
03:32:52.196 [main] DEBUG com.github.dockerjava.zerodep.shaded.org.apache.hc.client5.http.wire - http-outgoing-2 << "HTTP/1.1 200 OK[\r][\n]"
03:32:52.196 [main] DEBUG com.github.dockerjava.zerodep.shaded.org.apache.hc.client5.http.wire - http-outgoing-2 << "Api-Version: 1.41[\r][\n]"
03:32:52.196 [main] DEBUG com.github.dockerjava.zerodep.shaded.org.apache.hc.client5.http.wire - http-outgoing-2 << "Content-Type: application/json[\r][\n]"
03:32:52.196 [main] DEBUG com.github.dockerjava.zerodep.shaded.org.apache.hc.client5.http.wire - http-outgoing-2 << "Docker-Experimental: false[\r][\n]"
03:32:52.196 [main] DEBUG com.github.dockerjava.zerodep.shaded.org.apache.hc.client5.http.wire - http-outgoing-2 << "Ostype: linux[\r][\n]"
03:32:52.196 [main] DEBUG com.github.dockerjava.zerodep.shaded.org.apache.hc.client5.http.wire - http-outgoing-2 << "Server: Docker/20.10.12 (linux)[\r][\n]"
03:32:52.196 [main] DEBUG com.github.dockerjava.zerodep.shaded.org.apache.hc.client5.http.wire - http-outgoing-2 << "Date: Thu, 23 Jun 2022 02:32:52 GMT[\r][\n]"
03:32:52.196 [main] DEBUG com.github.dockerjava.zerodep.shaded.org.apache.hc.client5.http.wire - http-outgoing-2 << "Transfer-Encoding: chunked[\r][\n]"
03:32:52.196 [main] DEBUG com.github.dockerjava.zerodep.shaded.org.apache.hc.client5.http.wire - http-outgoing-2 << "[\r][\n]"
03:32:52.196 [main] DEBUG com.github.dockerjava.zerodep.shaded.org.apache.hc.client5.http.wire - http-outgoing-2 << "18ed[\r][\n]"
03:32:52.196 [main] DEBUG com.github.dockerjava.zerodep.shaded.org.apache.hc.client5.http.wire - http-outgoing-2 << "{"Id":"9691e31891711283f4d98263d11bc6156717d3e75a0b86a23f3b128a992c1f38","Created":"2022-06-23T02:32:47.03956921Z","Path":"docker-entrypoint.sh","Args":["mysqld"],"State":{"Status":"running","Running":true,"Paused":false,"Restarting":false,"OOMKilled":false,"Dead":false,"Pid":66188,"ExitCode":0,"Error":"","StartedAt":"2022-06-23T02:32:47.703880551Z","FinishedAt":"0001-01-01T00:00:00Z"},"Image":"sha256:65b636d5542b73254ce90cc4b895597dc1adc2c661ca553c38eda159979dded1","ResolvConfPath":"/var/lib/docker/containers/9691e31891711283f4d98263d11bc6156717d3e75a0b86a23f3b128a992c1f38/resolv.conf","HostnamePath":"/var/lib/docker/containers/9691e31891711283f4d98263d11bc6156717d3e75a0b86a23f3b128a992c1f38/hostname","HostsPath":"/var/lib/docker/containers/9691e31891711283f4d98263d11bc6156717d3e75a0b86a23f3b128a992c1f38/hosts","LogPath":"/var/lib/docker/containers/9691e31891711283f4d98263d11bc6156717d3e75a0b86a23f3b128a992c1f38/9691e31891711283f4d98263d11bc6156717d3e75a0b86a23f3b128a992c1f38-json.log","Name":"/xenodochial_satoshi","RestartCount":0,"Driver":"overlay2","Platform":"linux","MountLabel":"","ProcessLabel":"","AppArmorProfile":"docker-default","ExecIDs":null,"HostConfig":{"Binds":[],"ContainerIDFile":"","LogConfig":{"Type":"json-file","Config":{}},"NetworkMode":"default","PortBindings":{"3306/tcp":[{"HostIp":"","HostPort":""}]},"RestartPolicy":{"Name":"","MaximumRetryCount":0},"AutoRemove":false,"VolumeDriver":"","VolumesFrom":[],"CapAdd":null,"CapDrop":null,"CgroupnsMode":"host","Dns":null,"DnsOptions":null,"DnsSearch":null,"ExtraHosts":[],"GroupAdd":null,"IpcMode":"shareable","Cgroup":"","Links":null,"OomScoreAdj":0,"PidMode":"","Privileged":false,"PublishAllPorts":false,"ReadonlyRootfs":false,"SecurityOpt":null,"UTSMode":"","UsernsMode":"","ShmSize":67108864,"Runtime":"runc","ConsoleSize":[0,0],"Isolation":"","CpuShares":0,"Memory":0,"NanoCpus":0,"CgroupParent":"","BlkioWeight":0,"BlkioWeightDevice":null,"BlkioDeviceReadBps":null,"BlkioDeviceWriteBps":null,"BlkioDeviceReadIOps":null,"BlkioDeviceWriteIOps":null,"CpuPeriod":0,"CpuQuota":0,"CpuRealtimePeriod":0,"CpuRealtimeRuntime":0,"CpusetCpus":"","CpusetMems":"","Devices":null,"DeviceCgroupRules":null,"DeviceRequests":null,"KernelMemory":0,"KernelMemoryTCP":0,"MemoryReservation":0,"MemorySwap":0,"MemorySwappiness":null,"OomKillDisable":false,"PidsLimit":null,"Ulimits":null,"CpuCount":0,"CpuPercent":0,"IOMaximumIOps":0,"IOMaximumBandwidth":0,"MaskedPaths":["/proc/asound","/proc/acpi","/proc/kcore","/proc/keys","/proc/latency_stats","/proc/timer_list","/proc/timer_stats","/proc/sched_debug","/proc/scsi","/sys/firmware"],"ReadonlyPaths":["/proc/bus","/proc/fs","/proc/irq","/proc/sys","/proc/sysrq-trigger"]},"GraphDriver":{"Data":{"LowerDir":"/var/lib/docker/overlay2/5529564f52cf969e31e7a1482c27be7ffed19639b506ae2e15b7e7115f699a73-init/diff:/var/lib/docker/overlay2/833a665819b5d9728d3efa7c33135034345a24f83af53b1a1af33d9b64f5492a/diff:/var/lib/docker/overlay2/bd4a2a46c227c2f15475b08c398f37acaab93f4fdba31de015d730efae0a0cfc/diff:/var/lib/docker/overlay2/31ad437d7cba8e64428a2b62db1bbb2a2ec19ca4e439ec493ef4deb50dce2783/diff:/var/lib/docker/overlay2/35173cbd8ec5b88a8888e9abbe75f8694f5d3f96a9b781bb70dc1f0889685741/diff:/var/lib/docker/overlay2/24bf69ac4e8c81062fee44e7c9f746fffbb139c3f7f4b55b4fd1b23bb101b529/diff:/var/lib/docker/overlay2/2f27c96a7775dad186b6f0da325d5a251c80aa1b7f80cf8520f493c5154aee70/diff:/var/lib/docker/overlay2/463a60088c72ddbea82639ded15801e35a79c443f6a26bf1baf320c683cb06af/diff:/var/lib/docker/overlay2/80b8224b23a2ee4b5be635c58ae579fd1913aa95558cd66ab2f5e8430f00a5b8/diff:/var/lib/docker/overlay2/20451fa0b1a07b85d665bc3a0359d721ce4e4c28fa3bce7456ab25e0babae708/diff:/var/lib/docker/overlay2/f80d865cbc6c1c6f57d0963fa6234e7a6409e079eb17f4f13ca41d02731701ad/diff:/var/lib/docker/overlay2/5a3029e0b57c6ec9b985871ff6adf08356aaa0f2a15f1e34c1a7f116ecc4a61d/diff:/var/lib/docker/overlay2/4f3423103248d0b381a1bc6a7287e2b42313ff458cea602a02b7379014b03e0e/diff","MergedDir":"/var/lib/docker/overlay2/5529564f52cf969e31e7a1482c27be7ffed19639b506ae2e15b7e7115f699a73/merged","UpperDir":"/var/lib/docker/overlay2/5529564f52cf969e31e7a1482c27be7ffed19639b506ae2e15b7e7115f699a73/diff","WorkDir":"/var/lib/docker/overlay2/5529564f52cf969e31e7a1482c27be7ffed19639b506ae2e15b7e7115f699a73/work"},"Name":"overlay2"},"Mounts":[{"Type":"volume","Name":"fd1f613c7fe3ca3ae799982507ac3f565cc9f6a2dc99ceaed92389e2c43f47d1","Source":"/var/lib/docker/volumes/fd1f613c7fe3ca3ae799982507ac3f565cc9f6a2dc99ceaed92389e2c43f47d1/_data","Destination":"/var/lib/mysql","Driver":"local","Mode":"","RW":true,"Propagation":""}],"Config":{"Hostname":"9691e3189171","Domainname":"","User":"","AttachStdin":false,"AttachStdout":false,"AttachStderr":false,"ExposedPorts":{"3306/tcp":{},"33060/tcp":{}},"Tty":false,"OpenStdin":false,"StdinOnce":false,"Env":["MYSQL_DATABASE=test","MYSQL_PASSWORD=admin","MYSQL_USER=admin","MYSQL_ROOT_PASSWORD=admin","PATH=/usr/local/sbin:/usr/local/bin:/usr/sbin:/usr/bin:/sbin:/bin","GOSU_VERSION=1.14","MYSQL_MAJOR=8.0","MYSQL_VERSION=8.0.29-1debian10"],"Cmd":["mysqld"],"Image":"mysql:8.0","Volumes":{"/var/lib/mysql":{}},"WorkingDir":"","Entrypoint":["docker-entrypoint.sh"],"OnBuild":null,"Labels":{"org.testcontainers":"true","org.testcontainers.sessionId":"d48265e4-2b28-4f8c-aa67-76dd8289af84"}},"NetworkSettings":{"Bridge":"","SandboxID":"d9de8570fe3f0a4e9f3a1ff7101c963bbd2c6a0a9d8a867b96f17f4d5edca537","HairpinMode":false,"LinkLocalIPv6Address":"","LinkLocalIPv6PrefixLen":0,"Ports":{"3306/tcp":[{"HostIp":"0.0.0.0","HostPort":"49160"},{"HostIp":"::","HostPort":"49160"}],"33060/tcp":null},"SandboxKey":"/var/run/docker/netns/d9de8570fe3f","SecondaryIPAddresses":null,"SecondaryIPv6Addresses":null,"EndpointID":"93e8fe159f683a98670e8995677c2b130dbce857fc116679206e206bda319cbf","Gateway":"172.17.0.1","GlobalIPv6Address":"","GlobalIPv6PrefixLen":0,"IPAddress":"172.17.0.3","IPPrefixLen":16,"IPv6Gateway":"","MacAddress":"02:42:ac:11:00:03","Networks":{"bridge":{"IPAMConfig":null,"Links":null,"Aliases":null,"NetworkID":"1853cd2b9856825cc97ed9ef2b12efa82d95bf9cf60ad666c276eb35cc53539e","EndpointID":"93e8fe159f683a98670e8995677c2b130dbce857fc116679206e206bda319cbf","Gateway":"172.17.0.1","IPAddress":"172.17.0.3","IPPrefixLen":16,"IPv6Gateway":"","GlobalIPv6Address":"","GlobalIPv6PrefixLen":0,"MacAddress":"02:42:ac:11:00:03","DriverOpts":null}}}}[\n]"
03:32:52.197 [main] DEBUG com.github.dockerjava.zerodep.shaded.org.apache.hc.client5.http.wire - http-outgoing-2 << "[\r][\n]"
03:32:52.197 [main] DEBUG com.github.dockerjava.zerodep.shaded.org.apache.hc.client5.http.wire - http-outgoing-2 << "0[\r][\n]"
03:32:52.197 [main] DEBUG com.github.dockerjava.zerodep.shaded.org.apache.hc.client5.http.wire - http-outgoing-2 << "[\r][\n]"
03:32:52.197 [main] DEBUG com.github.dockerjava.zerodep.shaded.org.apache.hc.client5.http.headers - http-outgoing-2 << HTTP/1.1 200 OK
03:32:52.197 [main] DEBUG com.github.dockerjava.zerodep.shaded.org.apache.hc.client5.http.headers - http-outgoing-2 << Api-Version: 1.41
03:32:52.197 [main] DEBUG com.github.dockerjava.zerodep.shaded.org.apache.hc.client5.http.headers - http-outgoing-2 << Content-Type: application/json
03:32:52.197 [main] DEBUG com.github.dockerjava.zerodep.shaded.org.apache.hc.client5.http.headers - http-outgoing-2 << Docker-Experimental: false
03:32:52.197 [main] DEBUG com.github.dockerjava.zerodep.shaded.org.apache.hc.client5.http.headers - http-outgoing-2 << Ostype: linux
03:32:52.197 [main] DEBUG com.github.dockerjava.zerodep.shaded.org.apache.hc.client5.http.headers - http-outgoing-2 << Server: Docker/20.10.12 (linux)
03:32:52.197 [main] DEBUG com.github.dockerjava.zerodep.shaded.org.apache.hc.client5.http.headers - http-outgoing-2 << Date: Thu, 23 Jun 2022 02:32:52 GMT
03:32:52.197 [main] DEBUG com.github.dockerjava.zerodep.shaded.org.apache.hc.client5.http.headers - http-outgoing-2 << Transfer-Encoding: chunked
03:32:52.198 [main] DEBUG com.github.dockerjava.zerodep.shaded.org.apache.hc.client5.http.impl.classic.MainClientExec - ex-00000035: connection can be kept alive for 3 MINUTES
03:32:52.201 [main] DEBUG com.github.dockerjava.zerodep.shaded.org.apache.hc.client5.http.impl.classic.InternalHttpClient - ep-00000034: releasing valid endpoint
03:32:52.201 [main] DEBUG com.github.dockerjava.zerodep.shaded.org.apache.hc.client5.http.impl.io.PoolingHttpClientConnectionManager - ep-00000034: releasing endpoint
03:32:52.202 [main] DEBUG com.github.dockerjava.zerodep.shaded.org.apache.hc.client5.http.impl.io.PoolingHttpClientConnectionManager - ep-00000034: connection http-outgoing-2 can be kept alive for 3 MINUTES
03:32:52.202 [main] DEBUG com.github.dockerjava.zerodep.shaded.org.apache.hc.client5.http.impl.io.PoolingHttpClientConnectionManager - ep-00000034: connection released [route: {}->unix://localhost:2375][total available: 1; route allocated: 1 of 2147483647; total allocated: 1 of 2147483647]
03:32:52.202 [main] DEBUG 🐳 [mysql:8.0] - Trying to create JDBC connection using com.mysql.cj.jdbc.Driver to jdbc:mysql://localhost:49160/test?useSSL=false&allowPublicKeyRetrieval=true with properties: {password=admin, user=admin}
03:32:52.313 [main] DEBUG org.testcontainers.shaded.com.github.dockerjava.core.command.AbstrDockerCmd - Cmd: 9691e31891711283f4d98263d11bc6156717d3e75a0b86a23f3b128a992c1f38,false
03:32:52.314 [main] DEBUG org.testcontainers.shaded.com.github.dockerjava.core.exec.InspectContainerCmdExec - GET: DefaultWebTarget{path=[/containers/9691e31891711283f4d98263d11bc6156717d3e75a0b86a23f3b128a992c1f38/json], queryParams={}}
03:32:52.314 [main] DEBUG com.github.dockerjava.zerodep.shaded.org.apache.hc.client5.http.impl.classic.InternalHttpClient - ex-00000036: preparing request execution
03:32:52.314 [main] DEBUG com.github.dockerjava.zerodep.shaded.org.apache.hc.client5.http.protocol.RequestAddCookies - Cookie spec selected: strict
03:32:52.314 [main] DEBUG com.github.dockerjava.zerodep.shaded.org.apache.hc.client5.http.protocol.RequestAuthCache - Auth cache not set in the context
03:32:52.314 [main] DEBUG com.github.dockerjava.zerodep.shaded.org.apache.hc.client5.http.impl.classic.ProtocolExec - ex-00000036: target auth state: UNCHALLENGED
03:32:52.314 [main] DEBUG com.github.dockerjava.zerodep.shaded.org.apache.hc.client5.http.impl.classic.ProtocolExec - ex-00000036: proxy auth state: UNCHALLENGED
03:32:52.314 [main] DEBUG com.github.dockerjava.zerodep.shaded.org.apache.hc.client5.http.impl.classic.ConnectExec - ex-00000036: acquiring connection with route {}->unix://localhost:2375
03:32:52.314 [main] DEBUG com.github.dockerjava.zerodep.shaded.org.apache.hc.client5.http.impl.classic.InternalHttpClient - ex-00000036: acquiring endpoint (3 MINUTES)
03:32:52.314 [main] DEBUG com.github.dockerjava.zerodep.shaded.org.apache.hc.client5.http.impl.io.PoolingHttpClientConnectionManager - ex-00000036: endpoint lease request (3 MINUTES) [route: {}->unix://localhost:2375][total available: 1; route allocated: 1 of 2147483647; total allocated: 1 of 2147483647]
03:32:52.314 [main] DEBUG com.github.dockerjava.zerodep.shaded.org.apache.hc.client5.http.impl.io.PoolingHttpClientConnectionManager - ex-00000036: endpoint leased [route: {}->unix://localhost:2375][total available: 0; route allocated: 1 of 2147483647; total allocated: 1 of 2147483647]
03:32:52.314 [main] DEBUG com.github.dockerjava.zerodep.shaded.org.apache.hc.client5.http.impl.io.PoolingHttpClientConnectionManager - ex-00000036: acquired ep-00000035
03:32:52.314 [main] DEBUG com.github.dockerjava.zerodep.shaded.org.apache.hc.client5.http.impl.classic.InternalHttpClient - ex-00000036: acquired endpoint ep-00000035
03:32:52.315 [main] DEBUG com.github.dockerjava.zerodep.shaded.org.apache.hc.client5.http.impl.classic.MainClientExec - ex-00000036: executing GET /v1.32/containers/9691e31891711283f4d98263d11bc6156717d3e75a0b86a23f3b128a992c1f38/json HTTP/1.1
03:32:52.315 [main] DEBUG com.github.dockerjava.zerodep.shaded.org.apache.hc.client5.http.impl.classic.InternalHttpClient - ep-00000035: start execution ex-00000036
03:32:52.315 [main] DEBUG com.github.dockerjava.zerodep.shaded.org.apache.hc.client5.http.impl.io.PoolingHttpClientConnectionManager - ep-00000035: executing exchange ex-00000036 over http-outgoing-2
03:32:52.315 [main] DEBUG com.github.dockerjava.zerodep.shaded.org.apache.hc.client5.http.headers - http-outgoing-2 >> GET /v1.32/containers/9691e31891711283f4d98263d11bc6156717d3e75a0b86a23f3b128a992c1f38/json HTTP/1.1
03:32:52.315 [main] DEBUG com.github.dockerjava.zerodep.shaded.org.apache.hc.client5.http.headers - http-outgoing-2 >> accept: application/json
03:32:52.315 [main] DEBUG com.github.dockerjava.zerodep.shaded.org.apache.hc.client5.http.headers - http-outgoing-2 >> Accept-Encoding: gzip, x-gzip, deflate
03:32:52.315 [main] DEBUG com.github.dockerjava.zerodep.shaded.org.apache.hc.client5.http.headers - http-outgoing-2 >> Host: localhost:2375
03:32:52.315 [main] DEBUG com.github.dockerjava.zerodep.shaded.org.apache.hc.client5.http.headers - http-outgoing-2 >> Connection: keep-alive
03:32:52.315 [main] DEBUG com.github.dockerjava.zerodep.shaded.org.apache.hc.client5.http.headers - http-outgoing-2 >> User-Agent: Apache-HttpClient/5.0.3 (Java/11.0.15)
03:32:52.315 [main] DEBUG com.github.dockerjava.zerodep.shaded.org.apache.hc.client5.http.wire - http-outgoing-2 >> "GET /v1.32/containers/9691e31891711283f4d98263d11bc6156717d3e75a0b86a23f3b128a992c1f38/json HTTP/1.1[\r][\n]"
03:32:52.315 [main] DEBUG com.github.dockerjava.zerodep.shaded.org.apache.hc.client5.http.wire - http-outgoing-2 >> "accept: application/json[\r][\n]"
03:32:52.315 [main] DEBUG com.github.dockerjava.zerodep.shaded.org.apache.hc.client5.http.wire - http-outgoing-2 >> "Accept-Encoding: gzip, x-gzip, deflate[\r][\n]"
03:32:52.315 [main] DEBUG com.github.dockerjava.zerodep.shaded.org.apache.hc.client5.http.wire - http-outgoing-2 >> "Host: localhost:2375[\r][\n]"
03:32:52.315 [main] DEBUG com.github.dockerjava.zerodep.shaded.org.apache.hc.client5.http.wire - http-outgoing-2 >> "Connection: keep-alive[\r][\n]"
03:32:52.315 [main] DEBUG com.github.dockerjava.zerodep.shaded.org.apache.hc.client5.http.wire - http-outgoing-2 >> "User-Agent: Apache-HttpClient/5.0.3 (Java/11.0.15)[\r][\n]"
03:32:52.315 [main] DEBUG com.github.dockerjava.zerodep.shaded.org.apache.hc.client5.http.wire - http-outgoing-2 >> "[\r][\n]"
03:32:52.315 [main] DEBUG com.github.dockerjava.zerodep.shaded.org.apache.hc.client5.http.wire - http-outgoing-2 << "HTTP/1.1 200 OK[\r][\n]"
03:32:52.315 [main] DEBUG com.github.dockerjava.zerodep.shaded.org.apache.hc.client5.http.wire - http-outgoing-2 << "Api-Version: 1.41[\r][\n]"
03:32:52.316 [main] DEBUG com.github.dockerjava.zerodep.shaded.org.apache.hc.client5.http.wire - http-outgoing-2 << "Content-Type: application/json[\r][\n]"
03:32:52.316 [main] DEBUG com.github.dockerjava.zerodep.shaded.org.apache.hc.client5.http.wire - http-outgoing-2 << "Docker-Experimental: false[\r][\n]"
03:32:52.316 [main] DEBUG com.github.dockerjava.zerodep.shaded.org.apache.hc.client5.http.wire - http-outgoing-2 << "Ostype: linux[\r][\n]"
03:32:52.316 [main] DEBUG com.github.dockerjava.zerodep.shaded.org.apache.hc.client5.http.wire - http-outgoing-2 << "Server: Docker/20.10.12 (linux)[\r][\n]"
03:32:52.316 [main] DEBUG com.github.dockerjava.zerodep.shaded.org.apache.hc.client5.http.wire - http-outgoing-2 << "Date: Thu, 23 Jun 2022 02:32:52 GMT[\r][\n]"
03:32:52.316 [main] DEBUG com.github.dockerjava.zerodep.shaded.org.apache.hc.client5.http.wire - http-outgoing-2 << "Transfer-Encoding: chunked[\r][\n]"
03:32:52.316 [main] DEBUG com.github.dockerjava.zerodep.shaded.org.apache.hc.client5.http.wire - http-outgoing-2 << "[\r][\n]"
03:32:52.316 [main] DEBUG com.github.dockerjava.zerodep.shaded.org.apache.hc.client5.http.wire - http-outgoing-2 << "18ed[\r][\n]"
03:32:52.316 [main] DEBUG com.github.dockerjava.zerodep.shaded.org.apache.hc.client5.http.wire - http-outgoing-2 << "{"Id":"9691e31891711283f4d98263d11bc6156717d3e75a0b86a23f3b128a992c1f38","Created":"2022-06-23T02:32:47.03956921Z","Path":"docker-entrypoint.sh","Args":["mysqld"],"State":{"Status":"running","Running":true,"Paused":false,"Restarting":false,"OOMKilled":false,"Dead":false,"Pid":66188,"ExitCode":0,"Error":"","StartedAt":"2022-06-23T02:32:47.703880551Z","FinishedAt":"0001-01-01T00:00:00Z"},"Image":"sha256:65b636d5542b73254ce90cc4b895597dc1adc2c661ca553c38eda159979dded1","ResolvConfPath":"/var/lib/docker/containers/9691e31891711283f4d98263d11bc6156717d3e75a0b86a23f3b128a992c1f38/resolv.conf","HostnamePath":"/var/lib/docker/containers/9691e31891711283f4d98263d11bc6156717d3e75a0b86a23f3b128a992c1f38/hostname","HostsPath":"/var/lib/docker/containers/9691e31891711283f4d98263d11bc6156717d3e75a0b86a23f3b128a992c1f38/hosts","LogPath":"/var/lib/docker/containers/9691e31891711283f4d98263d11bc6156717d3e75a0b86a23f3b128a992c1f38/9691e31891711283f4d98263d11bc6156717d3e75a0b86a23f3b128a992c1f38-json.log","Name":"/xenodochial_satoshi","RestartCount":0,"Driver":"overlay2","Platform":"linux","MountLabel":"","ProcessLabel":"","AppArmorProfile":"docker-default","ExecIDs":null,"HostConfig":{"Binds":[],"ContainerIDFile":"","LogConfig":{"Type":"json-file","Config":{}},"NetworkMode":"default","PortBindings":{"3306/tcp":[{"HostIp":"","HostPort":""}]},"RestartPolicy":{"Name":"","MaximumRetryCount":0},"AutoRemove":false,"VolumeDriver":"","VolumesFrom":[],"CapAdd":null,"CapDrop":null,"CgroupnsMode":"host","Dns":null,"DnsOptions":null,"DnsSearch":null,"ExtraHosts":[],"GroupAdd":null,"IpcMode":"shareable","Cgroup":"","Links":null,"OomScoreAdj":0,"PidMode":"","Privileged":false,"PublishAllPorts":false,"ReadonlyRootfs":false,"SecurityOpt":null,"UTSMode":"","UsernsMode":"","ShmSize":67108864,"Runtime":"runc","ConsoleSize":[0,0],"Isolation":"","CpuShares":0,"Memory":0,"NanoCpus":0,"CgroupParent":"","BlkioWeight":0,"BlkioWeightDevice":null,"BlkioDeviceReadBps":null,"BlkioDeviceWriteBps":null,"BlkioDeviceReadIOps":null,"BlkioDeviceWriteIOps":null,"CpuPeriod":0,"CpuQuota":0,"CpuRealtimePeriod":0,"CpuRealtimeRuntime":0,"CpusetCpus":"","CpusetMems":"","Devices":null,"DeviceCgroupRules":null,"DeviceRequests":null,"KernelMemory":0,"KernelMemoryTCP":0,"MemoryReservation":0,"MemorySwap":0,"MemorySwappiness":null,"OomKillDisable":false,"PidsLimit":null,"Ulimits":null,"CpuCount":0,"CpuPercent":0,"IOMaximumIOps":0,"IOMaximumBandwidth":0,"MaskedPaths":["/proc/asound","/proc/acpi","/proc/kcore","/proc/keys","/proc/latency_stats","/proc/timer_list","/proc/timer_stats","/proc/sched_debug","/proc/scsi","/sys/firmware"],"ReadonlyPaths":["/proc/bus","/proc/fs","/proc/irq","/proc/sys","/proc/sysrq-trigger"]},"GraphDriver":{"Data":{"LowerDir":"/var/lib/docker/overlay2/5529564f52cf969e31e7a1482c27be7ffed19639b506ae2e15b7e7115f699a73-init/diff:/var/lib/docker/overlay2/833a665819b5d9728d3efa7c33135034345a24f83af53b1a1af33d9b64f5492a/diff:/var/lib/docker/overlay2/bd4a2a46c227c2f15475b08c398f37acaab93f4fdba31de015d730efae0a0cfc/diff:/var/lib/docker/overlay2/31ad437d7cba8e64428a2b62db1bbb2a2ec19ca4e439ec493ef4deb50dce2783/diff:/var/lib/docker/overlay2/35173cbd8ec5b88a8888e9abbe75f8694f5d3f96a9b781bb70dc1f0889685741/diff:/var/lib/docker/overlay2/24bf69ac4e8c81062fee44e7c9f746fffbb139c3f7f4b55b4fd1b23bb101b529/diff:/var/lib/docker/overlay2/2f27c96a7775dad186b6f0da325d5a251c80aa1b7f80cf8520f493c5154aee70/diff:/var/lib/docker/overlay2/463a60088c72ddbea82639ded15801e35a79c443f6a26bf1baf320c683cb06af/diff:/var/lib/docker/overlay2/80b8224b23a2ee4b5be635c58ae579fd1913aa95558cd66ab2f5e8430f00a5b8/diff:/var/lib/docker/overlay2/20451fa0b1a07b85d665bc3a0359d721ce4e4c28fa3bce7456ab25e0babae708/diff:/var/lib/docker/overlay2/f80d865cbc6c1c6f57d0963fa6234e7a6409e079eb17f4f13ca41d02731701ad/diff:/var/lib/docker/overlay2/5a3029e0b57c6ec9b985871ff6adf08356aaa0f2a15f1e34c1a7f116ecc4a61d/diff:/var/lib/docker/overlay2/4f3423103248d0b381a1bc6a7287e2b42313ff458cea602a02b7379014b03e0e/diff","MergedDir":"/var/lib/docker/overlay2/5529564f52cf969e31e7a1482c27be7ffed19639b506ae2e15b7e7115f699a73/merged","UpperDir":"/var/lib/docker/overlay2/5529564f52cf969e31e7a1482c27be7ffed19639b506ae2e15b7e7115f699a73/diff","WorkDir":"/var/lib/docker/overlay2/5529564f52cf969e31e7a1482c27be7ffed19639b506ae2e15b7e7115f699a73/work"},"Name":"overlay2"},"Mounts":[{"Type":"volume","Name":"fd1f613c7fe3ca3ae799982507ac3f565cc9f6a2dc99ceaed92389e2c43f47d1","Source":"/var/lib/docker/volumes/fd1f613c7fe3ca3ae799982507ac3f565cc9f6a2dc99ceaed92389e2c43f47d1/_data","Destination":"/var/lib/mysql","Driver":"local","Mode":"","RW":true,"Propagation":""}],"Config":{"Hostname":"9691e3189171","Domainname":"","User":"","AttachStdin":false,"AttachStdout":false,"AttachStderr":false,"ExposedPorts":{"3306/tcp":{},"33060/tcp":{}},"Tty":false,"OpenStdin":false,"StdinOnce":false,"Env":["MYSQL_DATABASE=test","MYSQL_PASSWORD=admin","MYSQL_USER=admin","MYSQL_ROOT_PASSWORD=admin","PATH=/usr/local/sbin:/usr/local/bin:/usr/sbin:/usr/bin:/sbin:/bin","GOSU_VERSION=1.14","MYSQL_MAJOR=8.0","MYSQL_VERSION=8.0.29-1debian10"],"Cmd":["mysqld"],"Image":"mysql:8.0","Volumes":{"/var/lib/mysql":{}},"WorkingDir":"","Entrypoint":["docker-entrypoint.sh"],"OnBuild":null,"Labels":{"org.testcontainers":"true","org.testcontainers.sessionId":"d48265e4-2b28-4f8c-aa67-76dd8289af84"}},"NetworkSettings":{"Bridge":"","SandboxID":"d9de8570fe3f0a4e9f3a1ff7101c963bbd2c6a0a9d8a867b96f17f4d5edca537","HairpinMode":false,"LinkLocalIPv6Address":"","LinkLocalIPv6PrefixLen":0,"Ports":{"3306/tcp":[{"HostIp":"0.0.0.0","HostPort":"49160"},{"HostIp":"::","HostPort":"49160"}],"33060/tcp":null},"SandboxKey":"/var/run/docker/netns/d9de8570fe3f","SecondaryIPAddresses":null,"SecondaryIPv6Addresses":null,"EndpointID":"93e8fe159f683a98670e8995677c2b130dbce857fc116679206e206bda319cbf","Gateway":"172.17.0.1","GlobalIPv6Address":"","GlobalIPv6PrefixLen":0,"IPAddress":"172.17.0.3","IPPrefixLen":16,"IPv6Gateway":"","MacAddress":"02:42:ac:11:00:03","Networks":{"bridge":{"IPAMConfig":null,"Links":null,"Aliases":null,"NetworkID":"1853cd2b9856825cc97ed9ef2b12efa82d95bf9cf60ad666c276eb35cc53539e","EndpointID":"93e8fe159f683a98670e8995677c2b130dbce857fc116679206e206bda319cbf","Gateway":"172.17.0.1","IPAddress":"172.17.0.3","IPPrefixLen":16,"IPv6Gateway":"","GlobalIPv6Address":"","GlobalIPv6PrefixLen":0,"MacAddress":"02:42:ac:11:00:03","DriverOpts":null}}}}[\n]"
03:32:52.316 [main] DEBUG com.github.dockerjava.zerodep.shaded.org.apache.hc.client5.http.wire - http-outgoing-2 << "[\r][\n]"
03:32:52.316 [main] DEBUG com.github.dockerjava.zerodep.shaded.org.apache.hc.client5.http.wire - http-outgoing-2 << "0[\r][\n]"
03:32:52.316 [main] DEBUG com.github.dockerjava.zerodep.shaded.org.apache.hc.client5.http.wire - http-outgoing-2 << "[\r][\n]"
03:32:52.316 [main] DEBUG com.github.dockerjava.zerodep.shaded.org.apache.hc.client5.http.headers - http-outgoing-2 << HTTP/1.1 200 OK
03:32:52.316 [main] DEBUG com.github.dockerjava.zerodep.shaded.org.apache.hc.client5.http.headers - http-outgoing-2 << Api-Version: 1.41
03:32:52.316 [main] DEBUG com.github.dockerjava.zerodep.shaded.org.apache.hc.client5.http.headers - http-outgoing-2 << Content-Type: application/json
03:32:52.316 [main] DEBUG com.github.dockerjava.zerodep.shaded.org.apache.hc.client5.http.headers - http-outgoing-2 << Docker-Experimental: false
03:32:52.316 [main] DEBUG com.github.dockerjava.zerodep.shaded.org.apache.hc.client5.http.headers - http-outgoing-2 << Ostype: linux
03:32:52.316 [main] DEBUG com.github.dockerjava.zerodep.shaded.org.apache.hc.client5.http.headers - http-outgoing-2 << Server: Docker/20.10.12 (linux)
03:32:52.316 [main] DEBUG com.github.dockerjava.zerodep.shaded.org.apache.hc.client5.http.headers - http-outgoing-2 << Date: Thu, 23 Jun 2022 02:32:52 GMT
03:32:52.316 [main] DEBUG com.github.dockerjava.zerodep.shaded.org.apache.hc.client5.http.headers - http-outgoing-2 << Transfer-Encoding: chunked
03:32:52.316 [main] DEBUG com.github.dockerjava.zerodep.shaded.org.apache.hc.client5.http.impl.classic.MainClientExec - ex-00000036: connection can be kept alive for 3 MINUTES
03:32:52.317 [main] DEBUG com.github.dockerjava.zerodep.shaded.org.apache.hc.client5.http.impl.classic.InternalHttpClient - ep-00000035: releasing valid endpoint
03:32:52.318 [main] DEBUG com.github.dockerjava.zerodep.shaded.org.apache.hc.client5.http.impl.io.PoolingHttpClientConnectionManager - ep-00000035: releasing endpoint
03:32:52.318 [main] DEBUG com.github.dockerjava.zerodep.shaded.org.apache.hc.client5.http.impl.io.PoolingHttpClientConnectionManager - ep-00000035: connection http-outgoing-2 can be kept alive for 3 MINUTES
03:32:52.318 [main] DEBUG com.github.dockerjava.zerodep.shaded.org.apache.hc.client5.http.impl.io.PoolingHttpClientConnectionManager - ep-00000035: connection released [route: {}->unix://localhost:2375][total available: 1; route allocated: 1 of 2147483647; total allocated: 1 of 2147483647]
03:32:52.318 [main] DEBUG 🐳 [mysql:8.0] - Trying to create JDBC connection using com.mysql.cj.jdbc.Driver to jdbc:mysql://localhost:49160/test?useSSL=false&allowPublicKeyRetrieval=true with properties: {password=admin, user=admin}
03:32:52.420 [main] DEBUG org.testcontainers.shaded.com.github.dockerjava.core.command.AbstrDockerCmd - Cmd: 9691e31891711283f4d98263d11bc6156717d3e75a0b86a23f3b128a992c1f38,false
03:32:52.420 [main] DEBUG org.testcontainers.shaded.com.github.dockerjava.core.exec.InspectContainerCmdExec - GET: DefaultWebTarget{path=[/containers/9691e31891711283f4d98263d11bc6156717d3e75a0b86a23f3b128a992c1f38/json], queryParams={}}
03:32:52.421 [main] DEBUG com.github.dockerjava.zerodep.shaded.org.apache.hc.client5.http.impl.classic.InternalHttpClient - ex-00000037: preparing request execution
03:32:52.421 [main] DEBUG com.github.dockerjava.zerodep.shaded.org.apache.hc.client5.http.protocol.RequestAddCookies - Cookie spec selected: strict
03:32:52.421 [main] DEBUG com.github.dockerjava.zerodep.shaded.org.apache.hc.client5.http.protocol.RequestAuthCache - Auth cache not set in the context
03:32:52.421 [main] DEBUG com.github.dockerjava.zerodep.shaded.org.apache.hc.client5.http.impl.classic.ProtocolExec - ex-00000037: target auth state: UNCHALLENGED
03:32:52.421 [main] DEBUG com.github.dockerjava.zerodep.shaded.org.apache.hc.client5.http.impl.classic.ProtocolExec - ex-00000037: proxy auth state: UNCHALLENGED
03:32:52.421 [main] DEBUG com.github.dockerjava.zerodep.shaded.org.apache.hc.client5.http.impl.classic.ConnectExec - ex-00000037: acquiring connection with route {}->unix://localhost:2375
03:32:52.421 [main] DEBUG com.github.dockerjava.zerodep.shaded.org.apache.hc.client5.http.impl.classic.InternalHttpClient - ex-00000037: acquiring endpoint (3 MINUTES)
03:32:52.421 [main] DEBUG com.github.dockerjava.zerodep.shaded.org.apache.hc.client5.http.impl.io.PoolingHttpClientConnectionManager - ex-00000037: endpoint lease request (3 MINUTES) [route: {}->unix://localhost:2375][total available: 1; route allocated: 1 of 2147483647; total allocated: 1 of 2147483647]
03:32:52.421 [main] DEBUG com.github.dockerjava.zerodep.shaded.org.apache.hc.client5.http.impl.io.PoolingHttpClientConnectionManager - ex-00000037: endpoint leased [route: {}->unix://localhost:2375][total available: 0; route allocated: 1 of 2147483647; total allocated: 1 of 2147483647]
03:32:52.421 [main] DEBUG com.github.dockerjava.zerodep.shaded.org.apache.hc.client5.http.impl.io.PoolingHttpClientConnectionManager - ex-00000037: acquired ep-00000036
03:32:52.421 [main] DEBUG com.github.dockerjava.zerodep.shaded.org.apache.hc.client5.http.impl.classic.InternalHttpClient - ex-00000037: acquired endpoint ep-00000036
03:32:52.421 [main] DEBUG com.github.dockerjava.zerodep.shaded.org.apache.hc.client5.http.impl.classic.MainClientExec - ex-00000037: executing GET /v1.32/containers/9691e31891711283f4d98263d11bc6156717d3e75a0b86a23f3b128a992c1f38/json HTTP/1.1
03:32:52.421 [main] DEBUG com.github.dockerjava.zerodep.shaded.org.apache.hc.client5.http.impl.classic.InternalHttpClient - ep-00000036: start execution ex-00000037
03:32:52.421 [main] DEBUG com.github.dockerjava.zerodep.shaded.org.apache.hc.client5.http.impl.io.PoolingHttpClientConnectionManager - ep-00000036: executing exchange ex-00000037 over http-outgoing-2
03:32:52.421 [main] DEBUG com.github.dockerjava.zerodep.shaded.org.apache.hc.client5.http.headers - http-outgoing-2 >> GET /v1.32/containers/9691e31891711283f4d98263d11bc6156717d3e75a0b86a23f3b128a992c1f38/json HTTP/1.1
03:32:52.421 [main] DEBUG com.github.dockerjava.zerodep.shaded.org.apache.hc.client5.http.headers - http-outgoing-2 >> accept: application/json
03:32:52.421 [main] DEBUG com.github.dockerjava.zerodep.shaded.org.apache.hc.client5.http.headers - http-outgoing-2 >> Accept-Encoding: gzip, x-gzip, deflate
03:32:52.421 [main] DEBUG com.github.dockerjava.zerodep.shaded.org.apache.hc.client5.http.headers - http-outgoing-2 >> Host: localhost:2375
03:32:52.421 [main] DEBUG com.github.dockerjava.zerodep.shaded.org.apache.hc.client5.http.headers - http-outgoing-2 >> Connection: keep-alive
03:32:52.421 [main] DEBUG com.github.dockerjava.zerodep.shaded.org.apache.hc.client5.http.headers - http-outgoing-2 >> User-Agent: Apache-HttpClient/5.0.3 (Java/11.0.15)
03:32:52.421 [main] DEBUG com.github.dockerjava.zerodep.shaded.org.apache.hc.client5.http.wire - http-outgoing-2 >> "GET /v1.32/containers/9691e31891711283f4d98263d11bc6156717d3e75a0b86a23f3b128a992c1f38/json HTTP/1.1[\r][\n]"
03:32:52.421 [main] DEBUG com.github.dockerjava.zerodep.shaded.org.apache.hc.client5.http.wire - http-outgoing-2 >> "accept: application/json[\r][\n]"
03:32:52.421 [main] DEBUG com.github.dockerjava.zerodep.shaded.org.apache.hc.client5.http.wire - http-outgoing-2 >> "Accept-Encoding: gzip, x-gzip, deflate[\r][\n]"
03:32:52.421 [main] DEBUG com.github.dockerjava.zerodep.shaded.org.apache.hc.client5.http.wire - http-outgoing-2 >> "Host: localhost:2375[\r][\n]"
03:32:52.421 [main] DEBUG com.github.dockerjava.zerodep.shaded.org.apache.hc.client5.http.wire - http-outgoing-2 >> "Connection: keep-alive[\r][\n]"
03:32:52.421 [main] DEBUG com.github.dockerjava.zerodep.shaded.org.apache.hc.client5.http.wire - http-outgoing-2 >> "User-Agent: Apache-HttpClient/5.0.3 (Java/11.0.15)[\r][\n]"
03:32:52.421 [main] DEBUG com.github.dockerjava.zerodep.shaded.org.apache.hc.client5.http.wire - http-outgoing-2 >> "[\r][\n]"
03:32:52.422 [main] DEBUG com.github.dockerjava.zerodep.shaded.org.apache.hc.client5.http.wire - http-outgoing-2 << "HTTP/1.1 200 OK[\r][\n]"
03:32:52.422 [main] DEBUG com.github.dockerjava.zerodep.shaded.org.apache.hc.client5.http.wire - http-outgoing-2 << "Api-Version: 1.41[\r][\n]"
03:32:52.422 [main] DEBUG com.github.dockerjava.zerodep.shaded.org.apache.hc.client5.http.wire - http-outgoing-2 << "Content-Type: application/json[\r][\n]"
03:32:52.422 [main] DEBUG com.github.dockerjava.zerodep.shaded.org.apache.hc.client5.http.wire - http-outgoing-2 << "Docker-Experimental: false[\r][\n]"
03:32:52.422 [main] DEBUG com.github.dockerjava.zerodep.shaded.org.apache.hc.client5.http.wire - http-outgoing-2 << "Ostype: linux[\r][\n]"
03:32:52.422 [main] DEBUG com.github.dockerjava.zerodep.shaded.org.apache.hc.client5.http.wire - http-outgoing-2 << "Server: Docker/20.10.12 (linux)[\r][\n]"
03:32:52.422 [main] DEBUG com.github.dockerjava.zerodep.shaded.org.apache.hc.client5.http.wire - http-outgoing-2 << "Date: Thu, 23 Jun 2022 02:32:52 GMT[\r][\n]"
03:32:52.422 [main] DEBUG com.github.dockerjava.zerodep.shaded.org.apache.hc.client5.http.wire - http-outgoing-2 << "Transfer-Encoding: chunked[\r][\n]"
03:32:52.422 [main] DEBUG com.github.dockerjava.zerodep.shaded.org.apache.hc.client5.http.wire - http-outgoing-2 << "[\r][\n]"
03:32:52.422 [main] DEBUG com.github.dockerjava.zerodep.shaded.org.apache.hc.client5.http.wire - http-outgoing-2 << "18ed[\r][\n]"
03:32:52.422 [main] DEBUG com.github.dockerjava.zerodep.shaded.org.apache.hc.client5.http.wire - http-outgoing-2 << "{"Id":"9691e31891711283f4d98263d11bc6156717d3e75a0b86a23f3b128a992c1f38","Created":"2022-06-23T02:32:47.03956921Z","Path":"docker-entrypoint.sh","Args":["mysqld"],"State":{"Status":"running","Running":true,"Paused":false,"Restarting":false,"OOMKilled":false,"Dead":false,"Pid":66188,"ExitCode":0,"Error":"","StartedAt":"2022-06-23T02:32:47.703880551Z","FinishedAt":"0001-01-01T00:00:00Z"},"Image":"sha256:65b636d5542b73254ce90cc4b895597dc1adc2c661ca553c38eda159979dded1","ResolvConfPath":"/var/lib/docker/containers/9691e31891711283f4d98263d11bc6156717d3e75a0b86a23f3b128a992c1f38/resolv.conf","HostnamePath":"/var/lib/docker/containers/9691e31891711283f4d98263d11bc6156717d3e75a0b86a23f3b128a992c1f38/hostname","HostsPath":"/var/lib/docker/containers/9691e31891711283f4d98263d11bc6156717d3e75a0b86a23f3b128a992c1f38/hosts","LogPath":"/var/lib/docker/containers/9691e31891711283f4d98263d11bc6156717d3e75a0b86a23f3b128a992c1f38/9691e31891711283f4d98263d11bc6156717d3e75a0b86a23f3b128a992c1f38-json.log","Name":"/xenodochial_satoshi","RestartCount":0,"Driver":"overlay2","Platform":"linux","MountLabel":"","ProcessLabel":"","AppArmorProfile":"docker-default","ExecIDs":null,"HostConfig":{"Binds":[],"ContainerIDFile":"","LogConfig":{"Type":"json-file","Config":{}},"NetworkMode":"default","PortBindings":{"3306/tcp":[{"HostIp":"","HostPort":""}]},"RestartPolicy":{"Name":"","MaximumRetryCount":0},"AutoRemove":false,"VolumeDriver":"","VolumesFrom":[],"CapAdd":null,"CapDrop":null,"CgroupnsMode":"host","Dns":null,"DnsOptions":null,"DnsSearch":null,"ExtraHosts":[],"GroupAdd":null,"IpcMode":"shareable","Cgroup":"","Links":null,"OomScoreAdj":0,"PidMode":"","Privileged":false,"PublishAllPorts":false,"ReadonlyRootfs":false,"SecurityOpt":null,"UTSMode":"","UsernsMode":"","ShmSize":67108864,"Runtime":"runc","ConsoleSize":[0,0],"Isolation":"","CpuShares":0,"Memory":0,"NanoCpus":0,"CgroupParent":"","BlkioWeight":0,"BlkioWeightDevice":null,"BlkioDeviceReadBps":null,"BlkioDeviceWriteBps":null,"BlkioDeviceReadIOps":null,"BlkioDeviceWriteIOps":null,"CpuPeriod":0,"CpuQuota":0,"CpuRealtimePeriod":0,"CpuRealtimeRuntime":0,"CpusetCpus":"","CpusetMems":"","Devices":null,"DeviceCgroupRules":null,"DeviceRequests":null,"KernelMemory":0,"KernelMemoryTCP":0,"MemoryReservation":0,"MemorySwap":0,"MemorySwappiness":null,"OomKillDisable":false,"PidsLimit":null,"Ulimits":null,"CpuCount":0,"CpuPercent":0,"IOMaximumIOps":0,"IOMaximumBandwidth":0,"MaskedPaths":["/proc/asound","/proc/acpi","/proc/kcore","/proc/keys","/proc/latency_stats","/proc/timer_list","/proc/timer_stats","/proc/sched_debug","/proc/scsi","/sys/firmware"],"ReadonlyPaths":["/proc/bus","/proc/fs","/proc/irq","/proc/sys","/proc/sysrq-trigger"]},"GraphDriver":{"Data":{"LowerDir":"/var/lib/docker/overlay2/5529564f52cf969e31e7a1482c27be7ffed19639b506ae2e15b7e7115f699a73-init/diff:/var/lib/docker/overlay2/833a665819b5d9728d3efa7c33135034345a24f83af53b1a1af33d9b64f5492a/diff:/var/lib/docker/overlay2/bd4a2a46c227c2f15475b08c398f37acaab93f4fdba31de015d730efae0a0cfc/diff:/var/lib/docker/overlay2/31ad437d7cba8e64428a2b62db1bbb2a2ec19ca4e439ec493ef4deb50dce2783/diff:/var/lib/docker/overlay2/35173cbd8ec5b88a8888e9abbe75f8694f5d3f96a9b781bb70dc1f0889685741/diff:/var/lib/docker/overlay2/24bf69ac4e8c81062fee44e7c9f746fffbb139c3f7f4b55b4fd1b23bb101b529/diff:/var/lib/docker/overlay2/2f27c96a7775dad186b6f0da325d5a251c80aa1b7f80cf8520f493c5154aee70/diff:/var/lib/docker/overlay2/463a60088c72ddbea82639ded15801e35a79c443f6a26bf1baf320c683cb06af/diff:/var/lib/docker/overlay2/80b8224b23a2ee4b5be635c58ae579fd1913aa95558cd66ab2f5e8430f00a5b8/diff:/var/lib/docker/overlay2/20451fa0b1a07b85d665bc3a0359d721ce4e4c28fa3bce7456ab25e0babae708/diff:/var/lib/docker/overlay2/f80d865cbc6c1c6f57d0963fa6234e7a6409e079eb17f4f13ca41d02731701ad/diff:/var/lib/docker/overlay2/5a3029e0b57c6ec9b985871ff6adf08356aaa0f2a15f1e34c1a7f116ecc4a61d/diff:/var/lib/docker/overlay2/4f3423103248d0b381a1bc6a7287e2b42313ff458cea602a02b7379014b03e0e/diff","MergedDir":"/var/lib/docker/overlay2/5529564f52cf969e31e7a1482c27be7ffed19639b506ae2e15b7e7115f699a73/merged","UpperDir":"/var/lib/docker/overlay2/5529564f52cf969e31e7a1482c27be7ffed19639b506ae2e15b7e7115f699a73/diff","WorkDir":"/var/lib/docker/overlay2/5529564f52cf969e31e7a1482c27be7ffed19639b506ae2e15b7e7115f699a73/work"},"Name":"overlay2"},"Mounts":[{"Type":"volume","Name":"fd1f613c7fe3ca3ae799982507ac3f565cc9f6a2dc99ceaed92389e2c43f47d1","Source":"/var/lib/docker/volumes/fd1f613c7fe3ca3ae799982507ac3f565cc9f6a2dc99ceaed92389e2c43f47d1/_data","Destination":"/var/lib/mysql","Driver":"local","Mode":"","RW":true,"Propagation":""}],"Config":{"Hostname":"9691e3189171","Domainname":"","User":"","AttachStdin":false,"AttachStdout":false,"AttachStderr":false,"ExposedPorts":{"3306/tcp":{},"33060/tcp":{}},"Tty":false,"OpenStdin":false,"StdinOnce":false,"Env":["MYSQL_DATABASE=test","MYSQL_PASSWORD=admin","MYSQL_USER=admin","MYSQL_ROOT_PASSWORD=admin","PATH=/usr/local/sbin:/usr/local/bin:/usr/sbin:/usr/bin:/sbin:/bin","GOSU_VERSION=1.14","MYSQL_MAJOR=8.0","MYSQL_VERSION=8.0.29-1debian10"],"Cmd":["mysqld"],"Image":"mysql:8.0","Volumes":{"/var/lib/mysql":{}},"WorkingDir":"","Entrypoint":["docker-entrypoint.sh"],"OnBuild":null,"Labels":{"org.testcontainers":"true","org.testcontainers.sessionId":"d48265e4-2b28-4f8c-aa67-76dd8289af84"}},"NetworkSettings":{"Bridge":"","SandboxID":"d9de8570fe3f0a4e9f3a1ff7101c963bbd2c6a0a9d8a867b96f17f4d5edca537","HairpinMode":false,"LinkLocalIPv6Address":"","LinkLocalIPv6PrefixLen":0,"Ports":{"3306/tcp":[{"HostIp":"0.0.0.0","HostPort":"49160"},{"HostIp":"::","HostPort":"49160"}],"33060/tcp":null},"SandboxKey":"/var/run/docker/netns/d9de8570fe3f","SecondaryIPAddresses":null,"SecondaryIPv6Addresses":null,"EndpointID":"93e8fe159f683a98670e8995677c2b130dbce857fc116679206e206bda319cbf","Gateway":"172.17.0.1","GlobalIPv6Address":"","GlobalIPv6PrefixLen":0,"IPAddress":"172.17.0.3","IPPrefixLen":16,"IPv6Gateway":"","MacAddress":"02:42:ac:11:00:03","Networks":{"bridge":{"IPAMConfig":null,"Links":null,"Aliases":null,"NetworkID":"1853cd2b9856825cc97ed9ef2b12efa82d95bf9cf60ad666c276eb35cc53539e","EndpointID":"93e8fe159f683a98670e8995677c2b130dbce857fc116679206e206bda319cbf","Gateway":"172.17.0.1","IPAddress":"172.17.0.3","IPPrefixLen":16,"IPv6Gateway":"","GlobalIPv6Address":"","GlobalIPv6PrefixLen":0,"MacAddress":"02:42:ac:11:00:03","DriverOpts":null}}}}[\n]"
03:32:52.422 [main] DEBUG com.github.dockerjava.zerodep.shaded.org.apache.hc.client5.http.wire - http-outgoing-2 << "[\r][\n]"
03:32:52.422 [main] DEBUG com.github.dockerjava.zerodep.shaded.org.apache.hc.client5.http.wire - http-outgoing-2 << "0[\r][\n]"
03:32:52.422 [main] DEBUG com.github.dockerjava.zerodep.shaded.org.apache.hc.client5.http.wire - http-outgoing-2 << "[\r][\n]"
03:32:52.422 [main] DEBUG com.github.dockerjava.zerodep.shaded.org.apache.hc.client5.http.headers - http-outgoing-2 << HTTP/1.1 200 OK
03:32:52.422 [main] DEBUG com.github.dockerjava.zerodep.shaded.org.apache.hc.client5.http.headers - http-outgoing-2 << Api-Version: 1.41
03:32:52.422 [main] DEBUG com.github.dockerjava.zerodep.shaded.org.apache.hc.client5.http.headers - http-outgoing-2 << Content-Type: application/json
03:32:52.422 [main] DEBUG com.github.dockerjava.zerodep.shaded.org.apache.hc.client5.http.headers - http-outgoing-2 << Docker-Experimental: false
03:32:52.422 [main] DEBUG com.github.dockerjava.zerodep.shaded.org.apache.hc.client5.http.headers - http-outgoing-2 << Ostype: linux
03:32:52.422 [main] DEBUG com.github.dockerjava.zerodep.shaded.org.apache.hc.client5.http.headers - http-outgoing-2 << Server: Docker/20.10.12 (linux)
03:32:52.422 [main] DEBUG com.github.dockerjava.zerodep.shaded.org.apache.hc.client5.http.headers - http-outgoing-2 << Date: Thu, 23 Jun 2022 02:32:52 GMT
03:32:52.422 [main] DEBUG com.github.dockerjava.zerodep.shaded.org.apache.hc.client5.http.headers - http-outgoing-2 << Transfer-Encoding: chunked
03:32:52.422 [main] DEBUG com.github.dockerjava.zerodep.shaded.org.apache.hc.client5.http.impl.classic.MainClientExec - ex-00000037: connection can be kept alive for 3 MINUTES
03:32:52.424 [main] DEBUG com.github.dockerjava.zerodep.shaded.org.apache.hc.client5.http.impl.classic.InternalHttpClient - ep-00000036: releasing valid endpoint
03:32:52.424 [main] DEBUG com.github.dockerjava.zerodep.shaded.org.apache.hc.client5.http.impl.io.PoolingHttpClientConnectionManager - ep-00000036: releasing endpoint
03:32:52.424 [main] DEBUG com.github.dockerjava.zerodep.shaded.org.apache.hc.client5.http.impl.io.PoolingHttpClientConnectionManager - ep-00000036: connection http-outgoing-2 can be kept alive for 3 MINUTES
03:32:52.424 [main] DEBUG com.github.dockerjava.zerodep.shaded.org.apache.hc.client5.http.impl.io.PoolingHttpClientConnectionManager - ep-00000036: connection released [route: {}->unix://localhost:2375][total available: 1; route allocated: 1 of 2147483647; total allocated: 1 of 2147483647]
03:32:52.424 [main] DEBUG 🐳 [mysql:8.0] - Trying to create JDBC connection using com.mysql.cj.jdbc.Driver to jdbc:mysql://localhost:49160/test?useSSL=false&allowPublicKeyRetrieval=true with properties: {password=admin, user=admin}
03:32:52.526 [main] DEBUG org.testcontainers.shaded.com.github.dockerjava.core.command.AbstrDockerCmd - Cmd: 9691e31891711283f4d98263d11bc6156717d3e75a0b86a23f3b128a992c1f38,false
03:32:52.526 [main] DEBUG org.testcontainers.shaded.com.github.dockerjava.core.exec.InspectContainerCmdExec - GET: DefaultWebTarget{path=[/containers/9691e31891711283f4d98263d11bc6156717d3e75a0b86a23f3b128a992c1f38/json], queryParams={}}
03:32:52.526 [main] DEBUG com.github.dockerjava.zerodep.shaded.org.apache.hc.client5.http.impl.classic.InternalHttpClient - ex-00000038: preparing request execution
03:32:52.527 [main] DEBUG com.github.dockerjava.zerodep.shaded.org.apache.hc.client5.http.protocol.RequestAddCookies - Cookie spec selected: strict
03:32:52.527 [main] DEBUG com.github.dockerjava.zerodep.shaded.org.apache.hc.client5.http.protocol.RequestAuthCache - Auth cache not set in the context
03:32:52.527 [main] DEBUG com.github.dockerjava.zerodep.shaded.org.apache.hc.client5.http.impl.classic.ProtocolExec - ex-00000038: target auth state: UNCHALLENGED
03:32:52.527 [main] DEBUG com.github.dockerjava.zerodep.shaded.org.apache.hc.client5.http.impl.classic.ProtocolExec - ex-00000038: proxy auth state: UNCHALLENGED
03:32:52.527 [main] DEBUG com.github.dockerjava.zerodep.shaded.org.apache.hc.client5.http.impl.classic.ConnectExec - ex-00000038: acquiring connection with route {}->unix://localhost:2375
03:32:52.527 [main] DEBUG com.github.dockerjava.zerodep.shaded.org.apache.hc.client5.http.impl.classic.InternalHttpClient - ex-00000038: acquiring endpoint (3 MINUTES)
03:32:52.527 [main] DEBUG com.github.dockerjava.zerodep.shaded.org.apache.hc.client5.http.impl.io.PoolingHttpClientConnectionManager - ex-00000038: endpoint lease request (3 MINUTES) [route: {}->unix://localhost:2375][total available: 1; route allocated: 1 of 2147483647; total allocated: 1 of 2147483647]
03:32:52.527 [main] DEBUG com.github.dockerjava.zerodep.shaded.org.apache.hc.client5.http.impl.io.PoolingHttpClientConnectionManager - ex-00000038: endpoint leased [route: {}->unix://localhost:2375][total available: 0; route allocated: 1 of 2147483647; total allocated: 1 of 2147483647]
03:32:52.527 [main] DEBUG com.github.dockerjava.zerodep.shaded.org.apache.hc.client5.http.impl.io.PoolingHttpClientConnectionManager - ex-00000038: acquired ep-00000037
03:32:52.527 [main] DEBUG com.github.dockerjava.zerodep.shaded.org.apache.hc.client5.http.impl.classic.InternalHttpClient - ex-00000038: acquired endpoint ep-00000037
03:32:52.527 [main] DEBUG com.github.dockerjava.zerodep.shaded.org.apache.hc.client5.http.impl.classic.MainClientExec - ex-00000038: executing GET /v1.32/containers/9691e31891711283f4d98263d11bc6156717d3e75a0b86a23f3b128a992c1f38/json HTTP/1.1
03:32:52.527 [main] DEBUG com.github.dockerjava.zerodep.shaded.org.apache.hc.client5.http.impl.classic.InternalHttpClient - ep-00000037: start execution ex-00000038
03:32:52.527 [main] DEBUG com.github.dockerjava.zerodep.shaded.org.apache.hc.client5.http.impl.io.PoolingHttpClientConnectionManager - ep-00000037: executing exchange ex-00000038 over http-outgoing-2
03:32:52.527 [main] DEBUG com.github.dockerjava.zerodep.shaded.org.apache.hc.client5.http.headers - http-outgoing-2 >> GET /v1.32/containers/9691e31891711283f4d98263d11bc6156717d3e75a0b86a23f3b128a992c1f38/json HTTP/1.1
03:32:52.527 [main] DEBUG com.github.dockerjava.zerodep.shaded.org.apache.hc.client5.http.headers - http-outgoing-2 >> accept: application/json
03:32:52.527 [main] DEBUG com.github.dockerjava.zerodep.shaded.org.apache.hc.client5.http.headers - http-outgoing-2 >> Accept-Encoding: gzip, x-gzip, deflate
03:32:52.527 [main] DEBUG com.github.dockerjava.zerodep.shaded.org.apache.hc.client5.http.headers - http-outgoing-2 >> Host: localhost:2375
03:32:52.527 [main] DEBUG com.github.dockerjava.zerodep.shaded.org.apache.hc.client5.http.headers - http-outgoing-2 >> Connection: keep-alive
03:32:52.527 [main] DEBUG com.github.dockerjava.zerodep.shaded.org.apache.hc.client5.http.headers - http-outgoing-2 >> User-Agent: Apache-HttpClient/5.0.3 (Java/11.0.15)
03:32:52.527 [main] DEBUG com.github.dockerjava.zerodep.shaded.org.apache.hc.client5.http.wire - http-outgoing-2 >> "GET /v1.32/containers/9691e31891711283f4d98263d11bc6156717d3e75a0b86a23f3b128a992c1f38/json HTTP/1.1[\r][\n]"
03:32:52.527 [main] DEBUG com.github.dockerjava.zerodep.shaded.org.apache.hc.client5.http.wire - http-outgoing-2 >> "accept: application/json[\r][\n]"
03:32:52.527 [main] DEBUG com.github.dockerjava.zerodep.shaded.org.apache.hc.client5.http.wire - http-outgoing-2 >> "Accept-Encoding: gzip, x-gzip, deflate[\r][\n]"
03:32:52.527 [main] DEBUG com.github.dockerjava.zerodep.shaded.org.apache.hc.client5.http.wire - http-outgoing-2 >> "Host: localhost:2375[\r][\n]"
03:32:52.527 [main] DEBUG com.github.dockerjava.zerodep.shaded.org.apache.hc.client5.http.wire - http-outgoing-2 >> "Connection: keep-alive[\r][\n]"
03:32:52.527 [main] DEBUG com.github.dockerjava.zerodep.shaded.org.apache.hc.client5.http.wire - http-outgoing-2 >> "User-Agent: Apache-HttpClient/5.0.3 (Java/11.0.15)[\r][\n]"
03:32:52.527 [main] DEBUG com.github.dockerjava.zerodep.shaded.org.apache.hc.client5.http.wire - http-outgoing-2 >> "[\r][\n]"
03:32:52.528 [main] DEBUG com.github.dockerjava.zerodep.shaded.org.apache.hc.client5.http.wire - http-outgoing-2 << "HTTP/1.1 200 OK[\r][\n]"
03:32:52.528 [main] DEBUG com.github.dockerjava.zerodep.shaded.org.apache.hc.client5.http.wire - http-outgoing-2 << "Api-Version: 1.41[\r][\n]"
03:32:52.528 [main] DEBUG com.github.dockerjava.zerodep.shaded.org.apache.hc.client5.http.wire - http-outgoing-2 << "Content-Type: application/json[\r][\n]"
03:32:52.528 [main] DEBUG com.github.dockerjava.zerodep.shaded.org.apache.hc.client5.http.wire - http-outgoing-2 << "Docker-Experimental: false[\r][\n]"
03:32:52.528 [main] DEBUG com.github.dockerjava.zerodep.shaded.org.apache.hc.client5.http.wire - http-outgoing-2 << "Ostype: linux[\r][\n]"
03:32:52.528 [main] DEBUG com.github.dockerjava.zerodep.shaded.org.apache.hc.client5.http.wire - http-outgoing-2 << "Server: Docker/20.10.12 (linux)[\r][\n]"
03:32:52.528 [main] DEBUG com.github.dockerjava.zerodep.shaded.org.apache.hc.client5.http.wire - http-outgoing-2 << "Date: Thu, 23 Jun 2022 02:32:52 GMT[\r][\n]"
03:32:52.528 [main] DEBUG com.github.dockerjava.zerodep.shaded.org.apache.hc.client5.http.wire - http-outgoing-2 << "Transfer-Encoding: chunked[\r][\n]"
03:32:52.528 [main] DEBUG com.github.dockerjava.zerodep.shaded.org.apache.hc.client5.http.wire - http-outgoing-2 << "[\r][\n]"
03:32:52.528 [main] DEBUG com.github.dockerjava.zerodep.shaded.org.apache.hc.client5.http.wire - http-outgoing-2 << "18ed[\r][\n]"
03:32:52.528 [main] DEBUG com.github.dockerjava.zerodep.shaded.org.apache.hc.client5.http.wire - http-outgoing-2 << "{"Id":"9691e31891711283f4d98263d11bc6156717d3e75a0b86a23f3b128a992c1f38","Created":"2022-06-23T02:32:47.03956921Z","Path":"docker-entrypoint.sh","Args":["mysqld"],"State":{"Status":"running","Running":true,"Paused":false,"Restarting":false,"OOMKilled":false,"Dead":false,"Pid":66188,"ExitCode":0,"Error":"","StartedAt":"2022-06-23T02:32:47.703880551Z","FinishedAt":"0001-01-01T00:00:00Z"},"Image":"sha256:65b636d5542b73254ce90cc4b895597dc1adc2c661ca553c38eda159979dded1","ResolvConfPath":"/var/lib/docker/containers/9691e31891711283f4d98263d11bc6156717d3e75a0b86a23f3b128a992c1f38/resolv.conf","HostnamePath":"/var/lib/docker/containers/9691e31891711283f4d98263d11bc6156717d3e75a0b86a23f3b128a992c1f38/hostname","HostsPath":"/var/lib/docker/containers/9691e31891711283f4d98263d11bc6156717d3e75a0b86a23f3b128a992c1f38/hosts","LogPath":"/var/lib/docker/containers/9691e31891711283f4d98263d11bc6156717d3e75a0b86a23f3b128a992c1f38/9691e31891711283f4d98263d11bc6156717d3e75a0b86a23f3b128a992c1f38-json.log","Name":"/xenodochial_satoshi","RestartCount":0,"Driver":"overlay2","Platform":"linux","MountLabel":"","ProcessLabel":"","AppArmorProfile":"docker-default","ExecIDs":null,"HostConfig":{"Binds":[],"ContainerIDFile":"","LogConfig":{"Type":"json-file","Config":{}},"NetworkMode":"default","PortBindings":{"3306/tcp":[{"HostIp":"","HostPort":""}]},"RestartPolicy":{"Name":"","MaximumRetryCount":0},"AutoRemove":false,"VolumeDriver":"","VolumesFrom":[],"CapAdd":null,"CapDrop":null,"CgroupnsMode":"host","Dns":null,"DnsOptions":null,"DnsSearch":null,"ExtraHosts":[],"GroupAdd":null,"IpcMode":"shareable","Cgroup":"","Links":null,"OomScoreAdj":0,"PidMode":"","Privileged":false,"PublishAllPorts":false,"ReadonlyRootfs":false,"SecurityOpt":null,"UTSMode":"","UsernsMode":"","ShmSize":67108864,"Runtime":"runc","ConsoleSize":[0,0],"Isolation":"","CpuShares":0,"Memory":0,"NanoCpus":0,"CgroupParent":"","BlkioWeight":0,"BlkioWeightDevice":null,"BlkioDeviceReadBps":null,"BlkioDeviceWriteBps":null,"BlkioDeviceReadIOps":null,"BlkioDeviceWriteIOps":null,"CpuPeriod":0,"CpuQuota":0,"CpuRealtimePeriod":0,"CpuRealtimeRuntime":0,"CpusetCpus":"","CpusetMems":"","Devices":null,"DeviceCgroupRules":null,"DeviceRequests":null,"KernelMemory":0,"KernelMemoryTCP":0,"MemoryReservation":0,"MemorySwap":0,"MemorySwappiness":null,"OomKillDisable":false,"PidsLimit":null,"Ulimits":null,"CpuCount":0,"CpuPercent":0,"IOMaximumIOps":0,"IOMaximumBandwidth":0,"MaskedPaths":["/proc/asound","/proc/acpi","/proc/kcore","/proc/keys","/proc/latency_stats","/proc/timer_list","/proc/timer_stats","/proc/sched_debug","/proc/scsi","/sys/firmware"],"ReadonlyPaths":["/proc/bus","/proc/fs","/proc/irq","/proc/sys","/proc/sysrq-trigger"]},"GraphDriver":{"Data":{"LowerDir":"/var/lib/docker/overlay2/5529564f52cf969e31e7a1482c27be7ffed19639b506ae2e15b7e7115f699a73-init/diff:/var/lib/docker/overlay2/833a665819b5d9728d3efa7c33135034345a24f83af53b1a1af33d9b64f5492a/diff:/var/lib/docker/overlay2/bd4a2a46c227c2f15475b08c398f37acaab93f4fdba31de015d730efae0a0cfc/diff:/var/lib/docker/overlay2/31ad437d7cba8e64428a2b62db1bbb2a2ec19ca4e439ec493ef4deb50dce2783/diff:/var/lib/docker/overlay2/35173cbd8ec5b88a8888e9abbe75f8694f5d3f96a9b781bb70dc1f0889685741/diff:/var/lib/docker/overlay2/24bf69ac4e8c81062fee44e7c9f746fffbb139c3f7f4b55b4fd1b23bb101b529/diff:/var/lib/docker/overlay2/2f27c96a7775dad186b6f0da325d5a251c80aa1b7f80cf8520f493c5154aee70/diff:/var/lib/docker/overlay2/463a60088c72ddbea82639ded15801e35a79c443f6a26bf1baf320c683cb06af/diff:/var/lib/docker/overlay2/80b8224b23a2ee4b5be635c58ae579fd1913aa95558cd66ab2f5e8430f00a5b8/diff:/var/lib/docker/overlay2/20451fa0b1a07b85d665bc3a0359d721ce4e4c28fa3bce7456ab25e0babae708/diff:/var/lib/docker/overlay2/f80d865cbc6c1c6f57d0963fa6234e7a6409e079eb17f4f13ca41d02731701ad/diff:/var/lib/docker/overlay2/5a3029e0b57c6ec9b985871ff6adf08356aaa0f2a15f1e34c1a7f116ecc4a61d/diff:/var/lib/docker/overlay2/4f3423103248d0b381a1bc6a7287e2b42313ff458cea602a02b7379014b03e0e/diff","MergedDir":"/var/lib/docker/overlay2/5529564f52cf969e31e7a1482c27be7ffed19639b506ae2e15b7e7115f699a73/merged","UpperDir":"/var/lib/docker/overlay2/5529564f52cf969e31e7a1482c27be7ffed19639b506ae2e15b7e7115f699a73/diff","WorkDir":"/var/lib/docker/overlay2/5529564f52cf969e31e7a1482c27be7ffed19639b506ae2e15b7e7115f699a73/work"},"Name":"overlay2"},"Mounts":[{"Type":"volume","Name":"fd1f613c7fe3ca3ae799982507ac3f565cc9f6a2dc99ceaed92389e2c43f47d1","Source":"/var/lib/docker/volumes/fd1f613c7fe3ca3ae799982507ac3f565cc9f6a2dc99ceaed92389e2c43f47d1/_data","Destination":"/var/lib/mysql","Driver":"local","Mode":"","RW":true,"Propagation":""}],"Config":{"Hostname":"9691e3189171","Domainname":"","User":"","AttachStdin":false,"AttachStdout":false,"AttachStderr":false,"ExposedPorts":{"3306/tcp":{},"33060/tcp":{}},"Tty":false,"OpenStdin":false,"StdinOnce":false,"Env":["MYSQL_DATABASE=test","MYSQL_PASSWORD=admin","MYSQL_USER=admin","MYSQL_ROOT_PASSWORD=admin","PATH=/usr/local/sbin:/usr/local/bin:/usr/sbin:/usr/bin:/sbin:/bin","GOSU_VERSION=1.14","MYSQL_MAJOR=8.0","MYSQL_VERSION=8.0.29-1debian10"],"Cmd":["mysqld"],"Image":"mysql:8.0","Volumes":{"/var/lib/mysql":{}},"WorkingDir":"","Entrypoint":["docker-entrypoint.sh"],"OnBuild":null,"Labels":{"org.testcontainers":"true","org.testcontainers.sessionId":"d48265e4-2b28-4f8c-aa67-76dd8289af84"}},"NetworkSettings":{"Bridge":"","SandboxID":"d9de8570fe3f0a4e9f3a1ff7101c963bbd2c6a0a9d8a867b96f17f4d5edca537","HairpinMode":false,"LinkLocalIPv6Address":"","LinkLocalIPv6PrefixLen":0,"Ports":{"3306/tcp":[{"HostIp":"0.0.0.0","HostPort":"49160"},{"HostIp":"::","HostPort":"49160"}],"33060/tcp":null},"SandboxKey":"/var/run/docker/netns/d9de8570fe3f","SecondaryIPAddresses":null,"SecondaryIPv6Addresses":null,"EndpointID":"93e8fe159f683a98670e8995677c2b130dbce857fc116679206e206bda319cbf","Gateway":"172.17.0.1","GlobalIPv6Address":"","GlobalIPv6PrefixLen":0,"IPAddress":"172.17.0.3","IPPrefixLen":16,"IPv6Gateway":"","MacAddress":"02:42:ac:11:00:03","Networks":{"bridge":{"IPAMConfig":null,"Links":null,"Aliases":null,"NetworkID":"1853cd2b9856825cc97ed9ef2b12efa82d95bf9cf60ad666c276eb35cc53539e","EndpointID":"93e8fe159f683a98670e8995677c2b130dbce857fc116679206e206bda319cbf","Gateway":"172.17.0.1","IPAddress":"172.17.0.3","IPPrefixLen":16,"IPv6Gateway":"","GlobalIPv6Address":"","GlobalIPv6PrefixLen":0,"MacAddress":"02:42:ac:11:00:03","DriverOpts":null}}}}[\n]"
03:32:52.528 [main] DEBUG com.github.dockerjava.zerodep.shaded.org.apache.hc.client5.http.wire - http-outgoing-2 << "[\r][\n]"
03:32:52.528 [main] DEBUG com.github.dockerjava.zerodep.shaded.org.apache.hc.client5.http.wire - http-outgoing-2 << "0[\r][\n]"
03:32:52.528 [main] DEBUG com.github.dockerjava.zerodep.shaded.org.apache.hc.client5.http.wire - http-outgoing-2 << "[\r][\n]"
03:32:52.528 [main] DEBUG com.github.dockerjava.zerodep.shaded.org.apache.hc.client5.http.headers - http-outgoing-2 << HTTP/1.1 200 OK
03:32:52.528 [main] DEBUG com.github.dockerjava.zerodep.shaded.org.apache.hc.client5.http.headers - http-outgoing-2 << Api-Version: 1.41
03:32:52.528 [main] DEBUG com.github.dockerjava.zerodep.shaded.org.apache.hc.client5.http.headers - http-outgoing-2 << Content-Type: application/json
03:32:52.528 [main] DEBUG com.github.dockerjava.zerodep.shaded.org.apache.hc.client5.http.headers - http-outgoing-2 << Docker-Experimental: false
03:32:52.528 [main] DEBUG com.github.dockerjava.zerodep.shaded.org.apache.hc.client5.http.headers - http-outgoing-2 << Ostype: linux
03:32:52.528 [main] DEBUG com.github.dockerjava.zerodep.shaded.org.apache.hc.client5.http.headers - http-outgoing-2 << Server: Docker/20.10.12 (linux)
03:32:52.528 [main] DEBUG com.github.dockerjava.zerodep.shaded.org.apache.hc.client5.http.headers - http-outgoing-2 << Date: Thu, 23 Jun 2022 02:32:52 GMT
03:32:52.528 [main] DEBUG com.github.dockerjava.zerodep.shaded.org.apache.hc.client5.http.headers - http-outgoing-2 << Transfer-Encoding: chunked
03:32:52.528 [main] DEBUG com.github.dockerjava.zerodep.shaded.org.apache.hc.client5.http.impl.classic.MainClientExec - ex-00000038: connection can be kept alive for 3 MINUTES
03:32:52.530 [main] DEBUG com.github.dockerjava.zerodep.shaded.org.apache.hc.client5.http.impl.classic.InternalHttpClient - ep-00000037: releasing valid endpoint
03:32:52.530 [main] DEBUG com.github.dockerjava.zerodep.shaded.org.apache.hc.client5.http.impl.io.PoolingHttpClientConnectionManager - ep-00000037: releasing endpoint
03:32:52.530 [main] DEBUG com.github.dockerjava.zerodep.shaded.org.apache.hc.client5.http.impl.io.PoolingHttpClientConnectionManager - ep-00000037: connection http-outgoing-2 can be kept alive for 3 MINUTES
03:32:52.530 [main] DEBUG com.github.dockerjava.zerodep.shaded.org.apache.hc.client5.http.impl.io.PoolingHttpClientConnectionManager - ep-00000037: connection released [route: {}->unix://localhost:2375][total available: 1; route allocated: 1 of 2147483647; total allocated: 1 of 2147483647]
03:32:52.530 [main] DEBUG 🐳 [mysql:8.0] - Trying to create JDBC connection using com.mysql.cj.jdbc.Driver to jdbc:mysql://localhost:49160/test?useSSL=false&allowPublicKeyRetrieval=true with properties: {password=admin, user=admin}
03:32:52.638 [main] DEBUG org.testcontainers.shaded.com.github.dockerjava.core.command.AbstrDockerCmd - Cmd: 9691e31891711283f4d98263d11bc6156717d3e75a0b86a23f3b128a992c1f38,false
03:32:52.638 [main] DEBUG org.testcontainers.shaded.com.github.dockerjava.core.exec.InspectContainerCmdExec - GET: DefaultWebTarget{path=[/containers/9691e31891711283f4d98263d11bc6156717d3e75a0b86a23f3b128a992c1f38/json], queryParams={}}
03:32:52.639 [main] DEBUG com.github.dockerjava.zerodep.shaded.org.apache.hc.client5.http.impl.classic.InternalHttpClient - ex-00000039: preparing request execution
03:32:52.639 [main] DEBUG com.github.dockerjava.zerodep.shaded.org.apache.hc.client5.http.protocol.RequestAddCookies - Cookie spec selected: strict
03:32:52.639 [main] DEBUG com.github.dockerjava.zerodep.shaded.org.apache.hc.client5.http.protocol.RequestAuthCache - Auth cache not set in the context
03:32:52.639 [main] DEBUG com.github.dockerjava.zerodep.shaded.org.apache.hc.client5.http.impl.classic.ProtocolExec - ex-00000039: target auth state: UNCHALLENGED
03:32:52.639 [main] DEBUG com.github.dockerjava.zerodep.shaded.org.apache.hc.client5.http.impl.classic.ProtocolExec - ex-00000039: proxy auth state: UNCHALLENGED
03:32:52.639 [main] DEBUG com.github.dockerjava.zerodep.shaded.org.apache.hc.client5.http.impl.classic.ConnectExec - ex-00000039: acquiring connection with route {}->unix://localhost:2375
03:32:52.639 [main] DEBUG com.github.dockerjava.zerodep.shaded.org.apache.hc.client5.http.impl.classic.InternalHttpClient - ex-00000039: acquiring endpoint (3 MINUTES)
03:32:52.639 [main] DEBUG com.github.dockerjava.zerodep.shaded.org.apache.hc.client5.http.impl.io.PoolingHttpClientConnectionManager - ex-00000039: endpoint lease request (3 MINUTES) [route: {}->unix://localhost:2375][total available: 1; route allocated: 1 of 2147483647; total allocated: 1 of 2147483647]
03:32:52.639 [main] DEBUG com.github.dockerjava.zerodep.shaded.org.apache.hc.client5.http.impl.io.PoolingHttpClientConnectionManager - ex-00000039: endpoint leased [route: {}->unix://localhost:2375][total available: 0; route allocated: 1 of 2147483647; total allocated: 1 of 2147483647]
03:32:52.639 [main] DEBUG com.github.dockerjava.zerodep.shaded.org.apache.hc.client5.http.impl.io.PoolingHttpClientConnectionManager - ex-00000039: acquired ep-00000038
03:32:52.639 [main] DEBUG com.github.dockerjava.zerodep.shaded.org.apache.hc.client5.http.impl.classic.InternalHttpClient - ex-00000039: acquired endpoint ep-00000038
03:32:52.639 [main] DEBUG com.github.dockerjava.zerodep.shaded.org.apache.hc.client5.http.impl.classic.MainClientExec - ex-00000039: executing GET /v1.32/containers/9691e31891711283f4d98263d11bc6156717d3e75a0b86a23f3b128a992c1f38/json HTTP/1.1
03:32:52.639 [main] DEBUG com.github.dockerjava.zerodep.shaded.org.apache.hc.client5.http.impl.classic.InternalHttpClient - ep-00000038: start execution ex-00000039
03:32:52.639 [main] DEBUG com.github.dockerjava.zerodep.shaded.org.apache.hc.client5.http.impl.io.PoolingHttpClientConnectionManager - ep-00000038: executing exchange ex-00000039 over http-outgoing-2
03:32:52.639 [main] DEBUG com.github.dockerjava.zerodep.shaded.org.apache.hc.client5.http.headers - http-outgoing-2 >> GET /v1.32/containers/9691e31891711283f4d98263d11bc6156717d3e75a0b86a23f3b128a992c1f38/json HTTP/1.1
03:32:52.639 [main] DEBUG com.github.dockerjava.zerodep.shaded.org.apache.hc.client5.http.headers - http-outgoing-2 >> accept: application/json
03:32:52.639 [main] DEBUG com.github.dockerjava.zerodep.shaded.org.apache.hc.client5.http.headers - http-outgoing-2 >> Accept-Encoding: gzip, x-gzip, deflate
03:32:52.639 [main] DEBUG com.github.dockerjava.zerodep.shaded.org.apache.hc.client5.http.headers - http-outgoing-2 >> Host: localhost:2375
03:32:52.639 [main] DEBUG com.github.dockerjava.zerodep.shaded.org.apache.hc.client5.http.headers - http-outgoing-2 >> Connection: keep-alive
03:32:52.639 [main] DEBUG com.github.dockerjava.zerodep.shaded.org.apache.hc.client5.http.headers - http-outgoing-2 >> User-Agent: Apache-HttpClient/5.0.3 (Java/11.0.15)
03:32:52.639 [main] DEBUG com.github.dockerjava.zerodep.shaded.org.apache.hc.client5.http.wire - http-outgoing-2 >> "GET /v1.32/containers/9691e31891711283f4d98263d11bc6156717d3e75a0b86a23f3b128a992c1f38/json HTTP/1.1[\r][\n]"
03:32:52.639 [main] DEBUG com.github.dockerjava.zerodep.shaded.org.apache.hc.client5.http.wire - http-outgoing-2 >> "accept: application/json[\r][\n]"
03:32:52.639 [main] DEBUG com.github.dockerjava.zerodep.shaded.org.apache.hc.client5.http.wire - http-outgoing-2 >> "Accept-Encoding: gzip, x-gzip, deflate[\r][\n]"
03:32:52.639 [main] DEBUG com.github.dockerjava.zerodep.shaded.org.apache.hc.client5.http.wire - http-outgoing-2 >> "Host: localhost:2375[\r][\n]"
03:32:52.639 [main] DEBUG com.github.dockerjava.zerodep.shaded.org.apache.hc.client5.http.wire - http-outgoing-2 >> "Connection: keep-alive[\r][\n]"
03:32:52.639 [main] DEBUG com.github.dockerjava.zerodep.shaded.org.apache.hc.client5.http.wire - http-outgoing-2 >> "User-Agent: Apache-HttpClient/5.0.3 (Java/11.0.15)[\r][\n]"
03:32:52.639 [main] DEBUG com.github.dockerjava.zerodep.shaded.org.apache.hc.client5.http.wire - http-outgoing-2 >> "[\r][\n]"
03:32:52.640 [main] DEBUG com.github.dockerjava.zerodep.shaded.org.apache.hc.client5.http.wire - http-outgoing-2 << "HTTP/1.1 200 OK[\r][\n]"
03:32:52.640 [main] DEBUG com.github.dockerjava.zerodep.shaded.org.apache.hc.client5.http.wire - http-outgoing-2 << "Api-Version: 1.41[\r][\n]"
03:32:52.640 [main] DEBUG com.github.dockerjava.zerodep.shaded.org.apache.hc.client5.http.wire - http-outgoing-2 << "Content-Type: application/json[\r][\n]"
03:32:52.640 [main] DEBUG com.github.dockerjava.zerodep.shaded.org.apache.hc.client5.http.wire - http-outgoing-2 << "Docker-Experimental: false[\r][\n]"
03:32:52.640 [main] DEBUG com.github.dockerjava.zerodep.shaded.org.apache.hc.client5.http.wire - http-outgoing-2 << "Ostype: linux[\r][\n]"
03:32:52.640 [main] DEBUG com.github.dockerjava.zerodep.shaded.org.apache.hc.client5.http.wire - http-outgoing-2 << "Server: Docker/20.10.12 (linux)[\r][\n]"
03:32:52.640 [main] DEBUG com.github.dockerjava.zerodep.shaded.org.apache.hc.client5.http.wire - http-outgoing-2 << "Date: Thu, 23 Jun 2022 02:32:52 GMT[\r][\n]"
03:32:52.640 [main] DEBUG com.github.dockerjava.zerodep.shaded.org.apache.hc.client5.http.wire - http-outgoing-2 << "Transfer-Encoding: chunked[\r][\n]"
03:32:52.640 [main] DEBUG com.github.dockerjava.zerodep.shaded.org.apache.hc.client5.http.wire - http-outgoing-2 << "[\r][\n]"
03:32:52.640 [main] DEBUG com.github.dockerjava.zerodep.shaded.org.apache.hc.client5.http.wire - http-outgoing-2 << "18ed[\r][\n]"
03:32:52.640 [main] DEBUG com.github.dockerjava.zerodep.shaded.org.apache.hc.client5.http.wire - http-outgoing-2 << "{"Id":"9691e31891711283f4d98263d11bc6156717d3e75a0b86a23f3b128a992c1f38","Created":"2022-06-23T02:32:47.03956921Z","Path":"docker-entrypoint.sh","Args":["mysqld"],"State":{"Status":"running","Running":true,"Paused":false,"Restarting":false,"OOMKilled":false,"Dead":false,"Pid":66188,"ExitCode":0,"Error":"","StartedAt":"2022-06-23T02:32:47.703880551Z","FinishedAt":"0001-01-01T00:00:00Z"},"Image":"sha256:65b636d5542b73254ce90cc4b895597dc1adc2c661ca553c38eda159979dded1","ResolvConfPath":"/var/lib/docker/containers/9691e31891711283f4d98263d11bc6156717d3e75a0b86a23f3b128a992c1f38/resolv.conf","HostnamePath":"/var/lib/docker/containers/9691e31891711283f4d98263d11bc6156717d3e75a0b86a23f3b128a992c1f38/hostname","HostsPath":"/var/lib/docker/containers/9691e31891711283f4d98263d11bc6156717d3e75a0b86a23f3b128a992c1f38/hosts","LogPath":"/var/lib/docker/containers/9691e31891711283f4d98263d11bc6156717d3e75a0b86a23f3b128a992c1f38/9691e31891711283f4d98263d11bc6156717d3e75a0b86a23f3b128a992c1f38-json.log","Name":"/xenodochial_satoshi","RestartCount":0,"Driver":"overlay2","Platform":"linux","MountLabel":"","ProcessLabel":"","AppArmorProfile":"docker-default","ExecIDs":null,"HostConfig":{"Binds":[],"ContainerIDFile":"","LogConfig":{"Type":"json-file","Config":{}},"NetworkMode":"default","PortBindings":{"3306/tcp":[{"HostIp":"","HostPort":""}]},"RestartPolicy":{"Name":"","MaximumRetryCount":0},"AutoRemove":false,"VolumeDriver":"","VolumesFrom":[],"CapAdd":null,"CapDrop":null,"CgroupnsMode":"host","Dns":null,"DnsOptions":null,"DnsSearch":null,"ExtraHosts":[],"GroupAdd":null,"IpcMode":"shareable","Cgroup":"","Links":null,"OomScoreAdj":0,"PidMode":"","Privileged":false,"PublishAllPorts":false,"ReadonlyRootfs":false,"SecurityOpt":null,"UTSMode":"","UsernsMode":"","ShmSize":67108864,"Runtime":"runc","ConsoleSize":[0,0],"Isolation":"","CpuShares":0,"Memory":0,"NanoCpus":0,"CgroupParent":"","BlkioWeight":0,"BlkioWeightDevice":null,"BlkioDeviceReadBps":null,"BlkioDeviceWriteBps":null,"BlkioDeviceReadIOps":null,"BlkioDeviceWriteIOps":null,"CpuPeriod":0,"CpuQuota":0,"CpuRealtimePeriod":0,"CpuRealtimeRuntime":0,"CpusetCpus":"","CpusetMems":"","Devices":null,"DeviceCgroupRules":null,"DeviceRequests":null,"KernelMemory":0,"KernelMemoryTCP":0,"MemoryReservation":0,"MemorySwap":0,"MemorySwappiness":null,"OomKillDisable":false,"PidsLimit":null,"Ulimits":null,"CpuCount":0,"CpuPercent":0,"IOMaximumIOps":0,"IOMaximumBandwidth":0,"MaskedPaths":["/proc/asound","/proc/acpi","/proc/kcore","/proc/keys","/proc/latency_stats","/proc/timer_list","/proc/timer_stats","/proc/sched_debug","/proc/scsi","/sys/firmware"],"ReadonlyPaths":["/proc/bus","/proc/fs","/proc/irq","/proc/sys","/proc/sysrq-trigger"]},"GraphDriver":{"Data":{"LowerDir":"/var/lib/docker/overlay2/5529564f52cf969e31e7a1482c27be7ffed19639b506ae2e15b7e7115f699a73-init/diff:/var/lib/docker/overlay2/833a665819b5d9728d3efa7c33135034345a24f83af53b1a1af33d9b64f5492a/diff:/var/lib/docker/overlay2/bd4a2a46c227c2f15475b08c398f37acaab93f4fdba31de015d730efae0a0cfc/diff:/var/lib/docker/overlay2/31ad437d7cba8e64428a2b62db1bbb2a2ec19ca4e439ec493ef4deb50dce2783/diff:/var/lib/docker/overlay2/35173cbd8ec5b88a8888e9abbe75f8694f5d3f96a9b781bb70dc1f0889685741/diff:/var/lib/docker/overlay2/24bf69ac4e8c81062fee44e7c9f746fffbb139c3f7f4b55b4fd1b23bb101b529/diff:/var/lib/docker/overlay2/2f27c96a7775dad186b6f0da325d5a251c80aa1b7f80cf8520f493c5154aee70/diff:/var/lib/docker/overlay2/463a60088c72ddbea82639ded15801e35a79c443f6a26bf1baf320c683cb06af/diff:/var/lib/docker/overlay2/80b8224b23a2ee4b5be635c58ae579fd1913aa95558cd66ab2f5e8430f00a5b8/diff:/var/lib/docker/overlay2/20451fa0b1a07b85d665bc3a0359d721ce4e4c28fa3bce7456ab25e0babae708/diff:/var/lib/docker/overlay2/f80d865cbc6c1c6f57d0963fa6234e7a6409e079eb17f4f13ca41d02731701ad/diff:/var/lib/docker/overlay2/5a3029e0b57c6ec9b985871ff6adf08356aaa0f2a15f1e34c1a7f116ecc4a61d/diff:/var/lib/docker/overlay2/4f3423103248d0b381a1bc6a7287e2b42313ff458cea602a02b7379014b03e0e/diff","MergedDir":"/var/lib/docker/overlay2/5529564f52cf969e31e7a1482c27be7ffed19639b506ae2e15b7e7115f699a73/merged","UpperDir":"/var/lib/docker/overlay2/5529564f52cf969e31e7a1482c27be7ffed19639b506ae2e15b7e7115f699a73/diff","WorkDir":"/var/lib/docker/overlay2/5529564f52cf969e31e7a1482c27be7ffed19639b506ae2e15b7e7115f699a73/work"},"Name":"overlay2"},"Mounts":[{"Type":"volume","Name":"fd1f613c7fe3ca3ae799982507ac3f565cc9f6a2dc99ceaed92389e2c43f47d1","Source":"/var/lib/docker/volumes/fd1f613c7fe3ca3ae799982507ac3f565cc9f6a2dc99ceaed92389e2c43f47d1/_data","Destination":"/var/lib/mysql","Driver":"local","Mode":"","RW":true,"Propagation":""}],"Config":{"Hostname":"9691e3189171","Domainname":"","User":"","AttachStdin":false,"AttachStdout":false,"AttachStderr":false,"ExposedPorts":{"3306/tcp":{},"33060/tcp":{}},"Tty":false,"OpenStdin":false,"StdinOnce":false,"Env":["MYSQL_DATABASE=test","MYSQL_PASSWORD=admin","MYSQL_USER=admin","MYSQL_ROOT_PASSWORD=admin","PATH=/usr/local/sbin:/usr/local/bin:/usr/sbin:/usr/bin:/sbin:/bin","GOSU_VERSION=1.14","MYSQL_MAJOR=8.0","MYSQL_VERSION=8.0.29-1debian10"],"Cmd":["mysqld"],"Image":"mysql:8.0","Volumes":{"/var/lib/mysql":{}},"WorkingDir":"","Entrypoint":["docker-entrypoint.sh"],"OnBuild":null,"Labels":{"org.testcontainers":"true","org.testcontainers.sessionId":"d48265e4-2b28-4f8c-aa67-76dd8289af84"}},"NetworkSettings":{"Bridge":"","SandboxID":"d9de8570fe3f0a4e9f3a1ff7101c963bbd2c6a0a9d8a867b96f17f4d5edca537","HairpinMode":false,"LinkLocalIPv6Address":"","LinkLocalIPv6PrefixLen":0,"Ports":{"3306/tcp":[{"HostIp":"0.0.0.0","HostPort":"49160"},{"HostIp":"::","HostPort":"49160"}],"33060/tcp":null},"SandboxKey":"/var/run/docker/netns/d9de8570fe3f","SecondaryIPAddresses":null,"SecondaryIPv6Addresses":null,"EndpointID":"93e8fe159f683a98670e8995677c2b130dbce857fc116679206e206bda319cbf","Gateway":"172.17.0.1","GlobalIPv6Address":"","GlobalIPv6PrefixLen":0,"IPAddress":"172.17.0.3","IPPrefixLen":16,"IPv6Gateway":"","MacAddress":"02:42:ac:11:00:03","Networks":{"bridge":{"IPAMConfig":null,"Links":null,"Aliases":null,"NetworkID":"1853cd2b9856825cc97ed9ef2b12efa82d95bf9cf60ad666c276eb35cc53539e","EndpointID":"93e8fe159f683a98670e8995677c2b130dbce857fc116679206e206bda319cbf","Gateway":"172.17.0.1","IPAddress":"172.17.0.3","IPPrefixLen":16,"IPv6Gateway":"","GlobalIPv6Address":"","GlobalIPv6PrefixLen":0,"MacAddress":"02:42:ac:11:00:03","DriverOpts":null}}}}[\n]"
03:32:52.640 [main] DEBUG com.github.dockerjava.zerodep.shaded.org.apache.hc.client5.http.wire - http-outgoing-2 << "[\r][\n]"
03:32:52.640 [main] DEBUG com.github.dockerjava.zerodep.shaded.org.apache.hc.client5.http.wire - http-outgoing-2 << "0[\r][\n]"
03:32:52.640 [main] DEBUG com.github.dockerjava.zerodep.shaded.org.apache.hc.client5.http.wire - http-outgoing-2 << "[\r][\n]"
03:32:52.641 [main] DEBUG com.github.dockerjava.zerodep.shaded.org.apache.hc.client5.http.headers - http-outgoing-2 << HTTP/1.1 200 OK
03:32:52.641 [main] DEBUG com.github.dockerjava.zerodep.shaded.org.apache.hc.client5.http.headers - http-outgoing-2 << Api-Version: 1.41
03:32:52.641 [main] DEBUG com.github.dockerjava.zerodep.shaded.org.apache.hc.client5.http.headers - http-outgoing-2 << Content-Type: application/json
03:32:52.641 [main] DEBUG com.github.dockerjava.zerodep.shaded.org.apache.hc.client5.http.headers - http-outgoing-2 << Docker-Experimental: false
03:32:52.641 [main] DEBUG com.github.dockerjava.zerodep.shaded.org.apache.hc.client5.http.headers - http-outgoing-2 << Ostype: linux
03:32:52.641 [main] DEBUG com.github.dockerjava.zerodep.shaded.org.apache.hc.client5.http.headers - http-outgoing-2 << Server: Docker/20.10.12 (linux)
03:32:52.641 [main] DEBUG com.github.dockerjava.zerodep.shaded.org.apache.hc.client5.http.headers - http-outgoing-2 << Date: Thu, 23 Jun 2022 02:32:52 GMT
03:32:52.641 [main] DEBUG com.github.dockerjava.zerodep.shaded.org.apache.hc.client5.http.headers - http-outgoing-2 << Transfer-Encoding: chunked
03:32:52.641 [main] DEBUG com.github.dockerjava.zerodep.shaded.org.apache.hc.client5.http.impl.classic.MainClientExec - ex-00000039: connection can be kept alive for 3 MINUTES
03:32:52.642 [main] DEBUG com.github.dockerjava.zerodep.shaded.org.apache.hc.client5.http.impl.classic.InternalHttpClient - ep-00000038: releasing valid endpoint
03:32:52.642 [main] DEBUG com.github.dockerjava.zerodep.shaded.org.apache.hc.client5.http.impl.io.PoolingHttpClientConnectionManager - ep-00000038: releasing endpoint
03:32:52.642 [main] DEBUG com.github.dockerjava.zerodep.shaded.org.apache.hc.client5.http.impl.io.PoolingHttpClientConnectionManager - ep-00000038: connection http-outgoing-2 can be kept alive for 3 MINUTES
03:32:52.643 [main] DEBUG com.github.dockerjava.zerodep.shaded.org.apache.hc.client5.http.impl.io.PoolingHttpClientConnectionManager - ep-00000038: connection released [route: {}->unix://localhost:2375][total available: 1; route allocated: 1 of 2147483647; total allocated: 1 of 2147483647]
03:32:52.643 [main] DEBUG 🐳 [mysql:8.0] - Trying to create JDBC connection using com.mysql.cj.jdbc.Driver to jdbc:mysql://localhost:49160/test?useSSL=false&allowPublicKeyRetrieval=true with properties: {password=admin, user=admin}
03:32:52.745 [main] DEBUG org.testcontainers.shaded.com.github.dockerjava.core.command.AbstrDockerCmd - Cmd: 9691e31891711283f4d98263d11bc6156717d3e75a0b86a23f3b128a992c1f38,false
03:32:52.745 [main] DEBUG org.testcontainers.shaded.com.github.dockerjava.core.exec.InspectContainerCmdExec - GET: DefaultWebTarget{path=[/containers/9691e31891711283f4d98263d11bc6156717d3e75a0b86a23f3b128a992c1f38/json], queryParams={}}
03:32:52.745 [main] DEBUG com.github.dockerjava.zerodep.shaded.org.apache.hc.client5.http.impl.classic.InternalHttpClient - ex-0000003A: preparing request execution
03:32:52.745 [main] DEBUG com.github.dockerjava.zerodep.shaded.org.apache.hc.client5.http.protocol.RequestAddCookies - Cookie spec selected: strict
03:32:52.745 [main] DEBUG com.github.dockerjava.zerodep.shaded.org.apache.hc.client5.http.protocol.RequestAuthCache - Auth cache not set in the context
03:32:52.745 [main] DEBUG com.github.dockerjava.zerodep.shaded.org.apache.hc.client5.http.impl.classic.ProtocolExec - ex-0000003A: target auth state: UNCHALLENGED
03:32:52.745 [main] DEBUG com.github.dockerjava.zerodep.shaded.org.apache.hc.client5.http.impl.classic.ProtocolExec - ex-0000003A: proxy auth state: UNCHALLENGED
03:32:52.745 [main] DEBUG com.github.dockerjava.zerodep.shaded.org.apache.hc.client5.http.impl.classic.ConnectExec - ex-0000003A: acquiring connection with route {}->unix://localhost:2375
03:32:52.745 [main] DEBUG com.github.dockerjava.zerodep.shaded.org.apache.hc.client5.http.impl.classic.InternalHttpClient - ex-0000003A: acquiring endpoint (3 MINUTES)
03:32:52.745 [main] DEBUG com.github.dockerjava.zerodep.shaded.org.apache.hc.client5.http.impl.io.PoolingHttpClientConnectionManager - ex-0000003A: endpoint lease request (3 MINUTES) [route: {}->unix://localhost:2375][total available: 1; route allocated: 1 of 2147483647; total allocated: 1 of 2147483647]
03:32:52.745 [main] DEBUG com.github.dockerjava.zerodep.shaded.org.apache.hc.client5.http.impl.io.PoolingHttpClientConnectionManager - ex-0000003A: endpoint leased [route: {}->unix://localhost:2375][total available: 0; route allocated: 1 of 2147483647; total allocated: 1 of 2147483647]
03:32:52.745 [main] DEBUG com.github.dockerjava.zerodep.shaded.org.apache.hc.client5.http.impl.io.PoolingHttpClientConnectionManager - ex-0000003A: acquired ep-00000039
03:32:52.745 [main] DEBUG com.github.dockerjava.zerodep.shaded.org.apache.hc.client5.http.impl.classic.InternalHttpClient - ex-0000003A: acquired endpoint ep-00000039
03:32:52.745 [main] DEBUG com.github.dockerjava.zerodep.shaded.org.apache.hc.client5.http.impl.classic.MainClientExec - ex-0000003A: executing GET /v1.32/containers/9691e31891711283f4d98263d11bc6156717d3e75a0b86a23f3b128a992c1f38/json HTTP/1.1
03:32:52.745 [main] DEBUG com.github.dockerjava.zerodep.shaded.org.apache.hc.client5.http.impl.classic.InternalHttpClient - ep-00000039: start execution ex-0000003A
03:32:52.745 [main] DEBUG com.github.dockerjava.zerodep.shaded.org.apache.hc.client5.http.impl.io.PoolingHttpClientConnectionManager - ep-00000039: executing exchange ex-0000003A over http-outgoing-2
03:32:52.746 [main] DEBUG com.github.dockerjava.zerodep.shaded.org.apache.hc.client5.http.headers - http-outgoing-2 >> GET /v1.32/containers/9691e31891711283f4d98263d11bc6156717d3e75a0b86a23f3b128a992c1f38/json HTTP/1.1
03:32:52.746 [main] DEBUG com.github.dockerjava.zerodep.shaded.org.apache.hc.client5.http.headers - http-outgoing-2 >> accept: application/json
03:32:52.746 [main] DEBUG com.github.dockerjava.zerodep.shaded.org.apache.hc.client5.http.headers - http-outgoing-2 >> Accept-Encoding: gzip, x-gzip, deflate
03:32:52.746 [main] DEBUG com.github.dockerjava.zerodep.shaded.org.apache.hc.client5.http.headers - http-outgoing-2 >> Host: localhost:2375
03:32:52.746 [main] DEBUG com.github.dockerjava.zerodep.shaded.org.apache.hc.client5.http.headers - http-outgoing-2 >> Connection: keep-alive
03:32:52.746 [main] DEBUG com.github.dockerjava.zerodep.shaded.org.apache.hc.client5.http.headers - http-outgoing-2 >> User-Agent: Apache-HttpClient/5.0.3 (Java/11.0.15)
03:32:52.746 [main] DEBUG com.github.dockerjava.zerodep.shaded.org.apache.hc.client5.http.wire - http-outgoing-2 >> "GET /v1.32/containers/9691e31891711283f4d98263d11bc6156717d3e75a0b86a23f3b128a992c1f38/json HTTP/1.1[\r][\n]"
03:32:52.746 [main] DEBUG com.github.dockerjava.zerodep.shaded.org.apache.hc.client5.http.wire - http-outgoing-2 >> "accept: application/json[\r][\n]"
03:32:52.746 [main] DEBUG com.github.dockerjava.zerodep.shaded.org.apache.hc.client5.http.wire - http-outgoing-2 >> "Accept-Encoding: gzip, x-gzip, deflate[\r][\n]"
03:32:52.746 [main] DEBUG com.github.dockerjava.zerodep.shaded.org.apache.hc.client5.http.wire - http-outgoing-2 >> "Host: localhost:2375[\r][\n]"
03:32:52.746 [main] DEBUG com.github.dockerjava.zerodep.shaded.org.apache.hc.client5.http.wire - http-outgoing-2 >> "Connection: keep-alive[\r][\n]"
03:32:52.746 [main] DEBUG com.github.dockerjava.zerodep.shaded.org.apache.hc.client5.http.wire - http-outgoing-2 >> "User-Agent: Apache-HttpClient/5.0.3 (Java/11.0.15)[\r][\n]"
03:32:52.746 [main] DEBUG com.github.dockerjava.zerodep.shaded.org.apache.hc.client5.http.wire - http-outgoing-2 >> "[\r][\n]"
03:32:52.746 [main] DEBUG com.github.dockerjava.zerodep.shaded.org.apache.hc.client5.http.wire - http-outgoing-2 << "HTTP/1.1 200 OK[\r][\n]"
03:32:52.746 [main] DEBUG com.github.dockerjava.zerodep.shaded.org.apache.hc.client5.http.wire - http-outgoing-2 << "Api-Version: 1.41[\r][\n]"
03:32:52.746 [main] DEBUG com.github.dockerjava.zerodep.shaded.org.apache.hc.client5.http.wire - http-outgoing-2 << "Content-Type: application/json[\r][\n]"
03:32:52.746 [main] DEBUG com.github.dockerjava.zerodep.shaded.org.apache.hc.client5.http.wire - http-outgoing-2 << "Docker-Experimental: false[\r][\n]"
03:32:52.746 [main] DEBUG com.github.dockerjava.zerodep.shaded.org.apache.hc.client5.http.wire - http-outgoing-2 << "Ostype: linux[\r][\n]"
03:32:52.746 [main] DEBUG com.github.dockerjava.zerodep.shaded.org.apache.hc.client5.http.wire - http-outgoing-2 << "Server: Docker/20.10.12 (linux)[\r][\n]"
03:32:52.746 [main] DEBUG com.github.dockerjava.zerodep.shaded.org.apache.hc.client5.http.wire - http-outgoing-2 << "Date: Thu, 23 Jun 2022 02:32:52 GMT[\r][\n]"
03:32:52.746 [main] DEBUG com.github.dockerjava.zerodep.shaded.org.apache.hc.client5.http.wire - http-outgoing-2 << "Transfer-Encoding: chunked[\r][\n]"
03:32:52.746 [main] DEBUG com.github.dockerjava.zerodep.shaded.org.apache.hc.client5.http.wire - http-outgoing-2 << "[\r][\n]"
03:32:52.746 [main] DEBUG com.github.dockerjava.zerodep.shaded.org.apache.hc.client5.http.wire - http-outgoing-2 << "18ed[\r][\n]"
03:32:52.746 [main] DEBUG com.github.dockerjava.zerodep.shaded.org.apache.hc.client5.http.wire - http-outgoing-2 << "{"Id":"9691e31891711283f4d98263d11bc6156717d3e75a0b86a23f3b128a992c1f38","Created":"2022-06-23T02:32:47.03956921Z","Path":"docker-entrypoint.sh","Args":["mysqld"],"State":{"Status":"running","Running":true,"Paused":false,"Restarting":false,"OOMKilled":false,"Dead":false,"Pid":66188,"ExitCode":0,"Error":"","StartedAt":"2022-06-23T02:32:47.703880551Z","FinishedAt":"0001-01-01T00:00:00Z"},"Image":"sha256:65b636d5542b73254ce90cc4b895597dc1adc2c661ca553c38eda159979dded1","ResolvConfPath":"/var/lib/docker/containers/9691e31891711283f4d98263d11bc6156717d3e75a0b86a23f3b128a992c1f38/resolv.conf","HostnamePath":"/var/lib/docker/containers/9691e31891711283f4d98263d11bc6156717d3e75a0b86a23f3b128a992c1f38/hostname","HostsPath":"/var/lib/docker/containers/9691e31891711283f4d98263d11bc6156717d3e75a0b86a23f3b128a992c1f38/hosts","LogPath":"/var/lib/docker/containers/9691e31891711283f4d98263d11bc6156717d3e75a0b86a23f3b128a992c1f38/9691e31891711283f4d98263d11bc6156717d3e75a0b86a23f3b128a992c1f38-json.log","Name":"/xenodochial_satoshi","RestartCount":0,"Driver":"overlay2","Platform":"linux","MountLabel":"","ProcessLabel":"","AppArmorProfile":"docker-default","ExecIDs":null,"HostConfig":{"Binds":[],"ContainerIDFile":"","LogConfig":{"Type":"json-file","Config":{}},"NetworkMode":"default","PortBindings":{"3306/tcp":[{"HostIp":"","HostPort":""}]},"RestartPolicy":{"Name":"","MaximumRetryCount":0},"AutoRemove":false,"VolumeDriver":"","VolumesFrom":[],"CapAdd":null,"CapDrop":null,"CgroupnsMode":"host","Dns":null,"DnsOptions":null,"DnsSearch":null,"ExtraHosts":[],"GroupAdd":null,"IpcMode":"shareable","Cgroup":"","Links":null,"OomScoreAdj":0,"PidMode":"","Privileged":false,"PublishAllPorts":false,"ReadonlyRootfs":false,"SecurityOpt":null,"UTSMode":"","UsernsMode":"","ShmSize":67108864,"Runtime":"runc","ConsoleSize":[0,0],"Isolation":"","CpuShares":0,"Memory":0,"NanoCpus":0,"CgroupParent":"","BlkioWeight":0,"BlkioWeightDevice":null,"BlkioDeviceReadBps":null,"BlkioDeviceWriteBps":null,"BlkioDeviceReadIOps":null,"BlkioDeviceWriteIOps":null,"CpuPeriod":0,"CpuQuota":0,"CpuRealtimePeriod":0,"CpuRealtimeRuntime":0,"CpusetCpus":"","CpusetMems":"","Devices":null,"DeviceCgroupRules":null,"DeviceRequests":null,"KernelMemory":0,"KernelMemoryTCP":0,"MemoryReservation":0,"MemorySwap":0,"MemorySwappiness":null,"OomKillDisable":false,"PidsLimit":null,"Ulimits":null,"CpuCount":0,"CpuPercent":0,"IOMaximumIOps":0,"IOMaximumBandwidth":0,"MaskedPaths":["/proc/asound","/proc/acpi","/proc/kcore","/proc/keys","/proc/latency_stats","/proc/timer_list","/proc/timer_stats","/proc/sched_debug","/proc/scsi","/sys/firmware"],"ReadonlyPaths":["/proc/bus","/proc/fs","/proc/irq","/proc/sys","/proc/sysrq-trigger"]},"GraphDriver":{"Data":{"LowerDir":"/var/lib/docker/overlay2/5529564f52cf969e31e7a1482c27be7ffed19639b506ae2e15b7e7115f699a73-init/diff:/var/lib/docker/overlay2/833a665819b5d9728d3efa7c33135034345a24f83af53b1a1af33d9b64f5492a/diff:/var/lib/docker/overlay2/bd4a2a46c227c2f15475b08c398f37acaab93f4fdba31de015d730efae0a0cfc/diff:/var/lib/docker/overlay2/31ad437d7cba8e64428a2b62db1bbb2a2ec19ca4e439ec493ef4deb50dce2783/diff:/var/lib/docker/overlay2/35173cbd8ec5b88a8888e9abbe75f8694f5d3f96a9b781bb70dc1f0889685741/diff:/var/lib/docker/overlay2/24bf69ac4e8c81062fee44e7c9f746fffbb139c3f7f4b55b4fd1b23bb101b529/diff:/var/lib/docker/overlay2/2f27c96a7775dad186b6f0da325d5a251c80aa1b7f80cf8520f493c5154aee70/diff:/var/lib/docker/overlay2/463a60088c72ddbea82639ded15801e35a79c443f6a26bf1baf320c683cb06af/diff:/var/lib/docker/overlay2/80b8224b23a2ee4b5be635c58ae579fd1913aa95558cd66ab2f5e8430f00a5b8/diff:/var/lib/docker/overlay2/20451fa0b1a07b85d665bc3a0359d721ce4e4c28fa3bce7456ab25e0babae708/diff:/var/lib/docker/overlay2/f80d865cbc6c1c6f57d0963fa6234e7a6409e079eb17f4f13ca41d02731701ad/diff:/var/lib/docker/overlay2/5a3029e0b57c6ec9b985871ff6adf08356aaa0f2a15f1e34c1a7f116ecc4a61d/diff:/var/lib/docker/overlay2/4f3423103248d0b381a1bc6a7287e2b42313ff458cea602a02b7379014b03e0e/diff","MergedDir":"/var/lib/docker/overlay2/5529564f52cf969e31e7a1482c27be7ffed19639b506ae2e15b7e7115f699a73/merged","UpperDir":"/var/lib/docker/overlay2/5529564f52cf969e31e7a1482c27be7ffed19639b506ae2e15b7e7115f699a73/diff","WorkDir":"/var/lib/docker/overlay2/5529564f52cf969e31e7a1482c27be7ffed19639b506ae2e15b7e7115f699a73/work"},"Name":"overlay2"},"Mounts":[{"Type":"volume","Name":"fd1f613c7fe3ca3ae799982507ac3f565cc9f6a2dc99ceaed92389e2c43f47d1","Source":"/var/lib/docker/volumes/fd1f613c7fe3ca3ae799982507ac3f565cc9f6a2dc99ceaed92389e2c43f47d1/_data","Destination":"/var/lib/mysql","Driver":"local","Mode":"","RW":true,"Propagation":""}],"Config":{"Hostname":"9691e3189171","Domainname":"","User":"","AttachStdin":false,"AttachStdout":false,"AttachStderr":false,"ExposedPorts":{"3306/tcp":{},"33060/tcp":{}},"Tty":false,"OpenStdin":false,"StdinOnce":false,"Env":["MYSQL_DATABASE=test","MYSQL_PASSWORD=admin","MYSQL_USER=admin","MYSQL_ROOT_PASSWORD=admin","PATH=/usr/local/sbin:/usr/local/bin:/usr/sbin:/usr/bin:/sbin:/bin","GOSU_VERSION=1.14","MYSQL_MAJOR=8.0","MYSQL_VERSION=8.0.29-1debian10"],"Cmd":["mysqld"],"Image":"mysql:8.0","Volumes":{"/var/lib/mysql":{}},"WorkingDir":"","Entrypoint":["docker-entrypoint.sh"],"OnBuild":null,"Labels":{"org.testcontainers":"true","org.testcontainers.sessionId":"d48265e4-2b28-4f8c-aa67-76dd8289af84"}},"NetworkSettings":{"Bridge":"","SandboxID":"d9de8570fe3f0a4e9f3a1ff7101c963bbd2c6a0a9d8a867b96f17f4d5edca537","HairpinMode":false,"LinkLocalIPv6Address":"","LinkLocalIPv6PrefixLen":0,"Ports":{"3306/tcp":[{"HostIp":"0.0.0.0","HostPort":"49160"},{"HostIp":"::","HostPort":"49160"}],"33060/tcp":null},"SandboxKey":"/var/run/docker/netns/d9de8570fe3f","SecondaryIPAddresses":null,"SecondaryIPv6Addresses":null,"EndpointID":"93e8fe159f683a98670e8995677c2b130dbce857fc116679206e206bda319cbf","Gateway":"172.17.0.1","GlobalIPv6Address":"","GlobalIPv6PrefixLen":0,"IPAddress":"172.17.0.3","IPPrefixLen":16,"IPv6Gateway":"","MacAddress":"02:42:ac:11:00:03","Networks":{"bridge":{"IPAMConfig":null,"Links":null,"Aliases":null,"NetworkID":"1853cd2b9856825cc97ed9ef2b12efa82d95bf9cf60ad666c276eb35cc53539e","EndpointID":"93e8fe159f683a98670e8995677c2b130dbce857fc116679206e206bda319cbf","Gateway":"172.17.0.1","IPAddress":"172.17.0.3","IPPrefixLen":16,"IPv6Gateway":"","GlobalIPv6Address":"","GlobalIPv6PrefixLen":0,"MacAddress":"02:42:ac:11:00:03","DriverOpts":null}}}}[\n]"
03:32:52.746 [main] DEBUG com.github.dockerjava.zerodep.shaded.org.apache.hc.client5.http.wire - http-outgoing-2 << "[\r][\n]"
03:32:52.746 [main] DEBUG com.github.dockerjava.zerodep.shaded.org.apache.hc.client5.http.wire - http-outgoing-2 << "0[\r][\n]"
03:32:52.746 [main] DEBUG com.github.dockerjava.zerodep.shaded.org.apache.hc.client5.http.wire - http-outgoing-2 << "[\r][\n]"
03:32:52.746 [main] DEBUG com.github.dockerjava.zerodep.shaded.org.apache.hc.client5.http.headers - http-outgoing-2 << HTTP/1.1 200 OK
03:32:52.746 [main] DEBUG com.github.dockerjava.zerodep.shaded.org.apache.hc.client5.http.headers - http-outgoing-2 << Api-Version: 1.41
03:32:52.746 [main] DEBUG com.github.dockerjava.zerodep.shaded.org.apache.hc.client5.http.headers - http-outgoing-2 << Content-Type: application/json
03:32:52.746 [main] DEBUG com.github.dockerjava.zerodep.shaded.org.apache.hc.client5.http.headers - http-outgoing-2 << Docker-Experimental: false
03:32:52.746 [main] DEBUG com.github.dockerjava.zerodep.shaded.org.apache.hc.client5.http.headers - http-outgoing-2 << Ostype: linux
03:32:52.746 [main] DEBUG com.github.dockerjava.zerodep.shaded.org.apache.hc.client5.http.headers - http-outgoing-2 << Server: Docker/20.10.12 (linux)
03:32:52.747 [main] DEBUG com.github.dockerjava.zerodep.shaded.org.apache.hc.client5.http.headers - http-outgoing-2 << Date: Thu, 23 Jun 2022 02:32:52 GMT
03:32:52.747 [main] DEBUG com.github.dockerjava.zerodep.shaded.org.apache.hc.client5.http.headers - http-outgoing-2 << Transfer-Encoding: chunked
03:32:52.747 [main] DEBUG com.github.dockerjava.zerodep.shaded.org.apache.hc.client5.http.impl.classic.MainClientExec - ex-0000003A: connection can be kept alive for 3 MINUTES
03:32:52.769 [main] DEBUG com.github.dockerjava.zerodep.shaded.org.apache.hc.client5.http.impl.classic.InternalHttpClient - ep-00000039: releasing valid endpoint
03:32:52.769 [main] DEBUG com.github.dockerjava.zerodep.shaded.org.apache.hc.client5.http.impl.io.PoolingHttpClientConnectionManager - ep-00000039: releasing endpoint
03:32:52.769 [main] DEBUG com.github.dockerjava.zerodep.shaded.org.apache.hc.client5.http.impl.io.PoolingHttpClientConnectionManager - ep-00000039: connection http-outgoing-2 can be kept alive for 3 MINUTES
03:32:52.769 [main] DEBUG com.github.dockerjava.zerodep.shaded.org.apache.hc.client5.http.impl.io.PoolingHttpClientConnectionManager - ep-00000039: connection released [route: {}->unix://localhost:2375][total available: 1; route allocated: 1 of 2147483647; total allocated: 1 of 2147483647]
03:32:52.769 [main] DEBUG 🐳 [mysql:8.0] - Trying to create JDBC connection using com.mysql.cj.jdbc.Driver to jdbc:mysql://localhost:49160/test?useSSL=false&allowPublicKeyRetrieval=true with properties: {password=admin, user=admin}
03:32:52.871 [main] DEBUG org.testcontainers.shaded.com.github.dockerjava.core.command.AbstrDockerCmd - Cmd: 9691e31891711283f4d98263d11bc6156717d3e75a0b86a23f3b128a992c1f38,false
03:32:52.871 [main] DEBUG org.testcontainers.shaded.com.github.dockerjava.core.exec.InspectContainerCmdExec - GET: DefaultWebTarget{path=[/containers/9691e31891711283f4d98263d11bc6156717d3e75a0b86a23f3b128a992c1f38/json], queryParams={}}
03:32:52.872 [main] DEBUG com.github.dockerjava.zerodep.shaded.org.apache.hc.client5.http.impl.classic.InternalHttpClient - ex-0000003B: preparing request execution
03:32:52.872 [main] DEBUG com.github.dockerjava.zerodep.shaded.org.apache.hc.client5.http.protocol.RequestAddCookies - Cookie spec selected: strict
03:32:52.872 [main] DEBUG com.github.dockerjava.zerodep.shaded.org.apache.hc.client5.http.protocol.RequestAuthCache - Auth cache not set in the context
03:32:52.872 [main] DEBUG com.github.dockerjava.zerodep.shaded.org.apache.hc.client5.http.impl.classic.ProtocolExec - ex-0000003B: target auth state: UNCHALLENGED
03:32:52.872 [main] DEBUG com.github.dockerjava.zerodep.shaded.org.apache.hc.client5.http.impl.classic.ProtocolExec - ex-0000003B: proxy auth state: UNCHALLENGED
03:32:52.872 [main] DEBUG com.github.dockerjava.zerodep.shaded.org.apache.hc.client5.http.impl.classic.ConnectExec - ex-0000003B: acquiring connection with route {}->unix://localhost:2375
03:32:52.872 [main] DEBUG com.github.dockerjava.zerodep.shaded.org.apache.hc.client5.http.impl.classic.InternalHttpClient - ex-0000003B: acquiring endpoint (3 MINUTES)
03:32:52.873 [main] DEBUG com.github.dockerjava.zerodep.shaded.org.apache.hc.client5.http.impl.io.PoolingHttpClientConnectionManager - ex-0000003B: endpoint lease request (3 MINUTES) [route: {}->unix://localhost:2375][total available: 1; route allocated: 1 of 2147483647; total allocated: 1 of 2147483647]
03:32:52.873 [main] DEBUG com.github.dockerjava.zerodep.shaded.org.apache.hc.client5.http.impl.io.PoolingHttpClientConnectionManager - ex-0000003B: endpoint leased [route: {}->unix://localhost:2375][total available: 0; route allocated: 1 of 2147483647; total allocated: 1 of 2147483647]
03:32:52.873 [main] DEBUG com.github.dockerjava.zerodep.shaded.org.apache.hc.client5.http.impl.io.PoolingHttpClientConnectionManager - ex-0000003B: acquired ep-0000003A
03:32:52.873 [main] DEBUG com.github.dockerjava.zerodep.shaded.org.apache.hc.client5.http.impl.classic.InternalHttpClient - ex-0000003B: acquired endpoint ep-0000003A
03:32:52.873 [main] DEBUG com.github.dockerjava.zerodep.shaded.org.apache.hc.client5.http.impl.classic.MainClientExec - ex-0000003B: executing GET /v1.32/containers/9691e31891711283f4d98263d11bc6156717d3e75a0b86a23f3b128a992c1f38/json HTTP/1.1
03:32:52.873 [main] DEBUG com.github.dockerjava.zerodep.shaded.org.apache.hc.client5.http.impl.classic.InternalHttpClient - ep-0000003A: start execution ex-0000003B
03:32:52.873 [main] DEBUG com.github.dockerjava.zerodep.shaded.org.apache.hc.client5.http.impl.io.PoolingHttpClientConnectionManager - ep-0000003A: executing exchange ex-0000003B over http-outgoing-2
03:32:52.873 [main] DEBUG com.github.dockerjava.zerodep.shaded.org.apache.hc.client5.http.headers - http-outgoing-2 >> GET /v1.32/containers/9691e31891711283f4d98263d11bc6156717d3e75a0b86a23f3b128a992c1f38/json HTTP/1.1
03:32:52.873 [main] DEBUG com.github.dockerjava.zerodep.shaded.org.apache.hc.client5.http.headers - http-outgoing-2 >> accept: application/json
03:32:52.873 [main] DEBUG com.github.dockerjava.zerodep.shaded.org.apache.hc.client5.http.headers - http-outgoing-2 >> Accept-Encoding: gzip, x-gzip, deflate
03:32:52.873 [main] DEBUG com.github.dockerjava.zerodep.shaded.org.apache.hc.client5.http.headers - http-outgoing-2 >> Host: localhost:2375
03:32:52.873 [main] DEBUG com.github.dockerjava.zerodep.shaded.org.apache.hc.client5.http.headers - http-outgoing-2 >> Connection: keep-alive
03:32:52.873 [main] DEBUG com.github.dockerjava.zerodep.shaded.org.apache.hc.client5.http.headers - http-outgoing-2 >> User-Agent: Apache-HttpClient/5.0.3 (Java/11.0.15)
03:32:52.873 [main] DEBUG com.github.dockerjava.zerodep.shaded.org.apache.hc.client5.http.wire - http-outgoing-2 >> "GET /v1.32/containers/9691e31891711283f4d98263d11bc6156717d3e75a0b86a23f3b128a992c1f38/json HTTP/1.1[\r][\n]"
03:32:52.873 [main] DEBUG com.github.dockerjava.zerodep.shaded.org.apache.hc.client5.http.wire - http-outgoing-2 >> "accept: application/json[\r][\n]"
03:32:52.873 [main] DEBUG com.github.dockerjava.zerodep.shaded.org.apache.hc.client5.http.wire - http-outgoing-2 >> "Accept-Encoding: gzip, x-gzip, deflate[\r][\n]"
03:32:52.873 [main] DEBUG com.github.dockerjava.zerodep.shaded.org.apache.hc.client5.http.wire - http-outgoing-2 >> "Host: localhost:2375[\r][\n]"
03:32:52.873 [main] DEBUG com.github.dockerjava.zerodep.shaded.org.apache.hc.client5.http.wire - http-outgoing-2 >> "Connection: keep-alive[\r][\n]"
03:32:52.873 [main] DEBUG com.github.dockerjava.zerodep.shaded.org.apache.hc.client5.http.wire - http-outgoing-2 >> "User-Agent: Apache-HttpClient/5.0.3 (Java/11.0.15)[\r][\n]"
03:32:52.873 [main] DEBUG com.github.dockerjava.zerodep.shaded.org.apache.hc.client5.http.wire - http-outgoing-2 >> "[\r][\n]"
03:32:52.875 [main] DEBUG com.github.dockerjava.zerodep.shaded.org.apache.hc.client5.http.wire - http-outgoing-2 << "HTTP/1.1 200 OK[\r][\n]"
03:32:52.875 [main] DEBUG com.github.dockerjava.zerodep.shaded.org.apache.hc.client5.http.wire - http-outgoing-2 << "Api-Version: 1.41[\r][\n]"
03:32:52.875 [main] DEBUG com.github.dockerjava.zerodep.shaded.org.apache.hc.client5.http.wire - http-outgoing-2 << "Content-Type: application/json[\r][\n]"
03:32:52.875 [main] DEBUG com.github.dockerjava.zerodep.shaded.org.apache.hc.client5.http.wire - http-outgoing-2 << "Docker-Experimental: false[\r][\n]"
03:32:52.875 [main] DEBUG com.github.dockerjava.zerodep.shaded.org.apache.hc.client5.http.wire - http-outgoing-2 << "Ostype: linux[\r][\n]"
03:32:52.875 [main] DEBUG com.github.dockerjava.zerodep.shaded.org.apache.hc.client5.http.wire - http-outgoing-2 << "Server: Docker/20.10.12 (linux)[\r][\n]"
03:32:52.875 [main] DEBUG com.github.dockerjava.zerodep.shaded.org.apache.hc.client5.http.wire - http-outgoing-2 << "Date: Thu, 23 Jun 2022 02:32:52 GMT[\r][\n]"
03:32:52.875 [main] DEBUG com.github.dockerjava.zerodep.shaded.org.apache.hc.client5.http.wire - http-outgoing-2 << "Transfer-Encoding: chunked[\r][\n]"
03:32:52.875 [main] DEBUG com.github.dockerjava.zerodep.shaded.org.apache.hc.client5.http.wire - http-outgoing-2 << "[\r][\n]"
03:32:52.875 [main] DEBUG com.github.dockerjava.zerodep.shaded.org.apache.hc.client5.http.wire - http-outgoing-2 << "18ed[\r][\n]"
03:32:52.875 [main] DEBUG com.github.dockerjava.zerodep.shaded.org.apache.hc.client5.http.wire - http-outgoing-2 << "{"Id":"9691e31891711283f4d98263d11bc6156717d3e75a0b86a23f3b128a992c1f38","Created":"2022-06-23T02:32:47.03956921Z","Path":"docker-entrypoint.sh","Args":["mysqld"],"State":{"Status":"running","Running":true,"Paused":false,"Restarting":false,"OOMKilled":false,"Dead":false,"Pid":66188,"ExitCode":0,"Error":"","StartedAt":"2022-06-23T02:32:47.703880551Z","FinishedAt":"0001-01-01T00:00:00Z"},"Image":"sha256:65b636d5542b73254ce90cc4b895597dc1adc2c661ca553c38eda159979dded1","ResolvConfPath":"/var/lib/docker/containers/9691e31891711283f4d98263d11bc6156717d3e75a0b86a23f3b128a992c1f38/resolv.conf","HostnamePath":"/var/lib/docker/containers/9691e31891711283f4d98263d11bc6156717d3e75a0b86a23f3b128a992c1f38/hostname","HostsPath":"/var/lib/docker/containers/9691e31891711283f4d98263d11bc6156717d3e75a0b86a23f3b128a992c1f38/hosts","LogPath":"/var/lib/docker/containers/9691e31891711283f4d98263d11bc6156717d3e75a0b86a23f3b128a992c1f38/9691e31891711283f4d98263d11bc6156717d3e75a0b86a23f3b128a992c1f38-json.log","Name":"/xenodochial_satoshi","RestartCount":0,"Driver":"overlay2","Platform":"linux","MountLabel":"","ProcessLabel":"","AppArmorProfile":"docker-default","ExecIDs":null,"HostConfig":{"Binds":[],"ContainerIDFile":"","LogConfig":{"Type":"json-file","Config":{}},"NetworkMode":"default","PortBindings":{"3306/tcp":[{"HostIp":"","HostPort":""}]},"RestartPolicy":{"Name":"","MaximumRetryCount":0},"AutoRemove":false,"VolumeDriver":"","VolumesFrom":[],"CapAdd":null,"CapDrop":null,"CgroupnsMode":"host","Dns":null,"DnsOptions":null,"DnsSearch":null,"ExtraHosts":[],"GroupAdd":null,"IpcMode":"shareable","Cgroup":"","Links":null,"OomScoreAdj":0,"PidMode":"","Privileged":false,"PublishAllPorts":false,"ReadonlyRootfs":false,"SecurityOpt":null,"UTSMode":"","UsernsMode":"","ShmSize":67108864,"Runtime":"runc","ConsoleSize":[0,0],"Isolation":"","CpuShares":0,"Memory":0,"NanoCpus":0,"CgroupParent":"","BlkioWeight":0,"BlkioWeightDevice":null,"BlkioDeviceReadBps":null,"BlkioDeviceWriteBps":null,"BlkioDeviceReadIOps":null,"BlkioDeviceWriteIOps":null,"CpuPeriod":0,"CpuQuota":0,"CpuRealtimePeriod":0,"CpuRealtimeRuntime":0,"CpusetCpus":"","CpusetMems":"","Devices":null,"DeviceCgroupRules":null,"DeviceRequests":null,"KernelMemory":0,"KernelMemoryTCP":0,"MemoryReservation":0,"MemorySwap":0,"MemorySwappiness":null,"OomKillDisable":false,"PidsLimit":null,"Ulimits":null,"CpuCount":0,"CpuPercent":0,"IOMaximumIOps":0,"IOMaximumBandwidth":0,"MaskedPaths":["/proc/asound","/proc/acpi","/proc/kcore","/proc/keys","/proc/latency_stats","/proc/timer_list","/proc/timer_stats","/proc/sched_debug","/proc/scsi","/sys/firmware"],"ReadonlyPaths":["/proc/bus","/proc/fs","/proc/irq","/proc/sys","/proc/sysrq-trigger"]},"GraphDriver":{"Data":{"LowerDir":"/var/lib/docker/overlay2/5529564f52cf969e31e7a1482c27be7ffed19639b506ae2e15b7e7115f699a73-init/diff:/var/lib/docker/overlay2/833a665819b5d9728d3efa7c33135034345a24f83af53b1a1af33d9b64f5492a/diff:/var/lib/docker/overlay2/bd4a2a46c227c2f15475b08c398f37acaab93f4fdba31de015d730efae0a0cfc/diff:/var/lib/docker/overlay2/31ad437d7cba8e64428a2b62db1bbb2a2ec19ca4e439ec493ef4deb50dce2783/diff:/var/lib/docker/overlay2/35173cbd8ec5b88a8888e9abbe75f8694f5d3f96a9b781bb70dc1f0889685741/diff:/var/lib/docker/overlay2/24bf69ac4e8c81062fee44e7c9f746fffbb139c3f7f4b55b4fd1b23bb101b529/diff:/var/lib/docker/overlay2/2f27c96a7775dad186b6f0da325d5a251c80aa1b7f80cf8520f493c5154aee70/diff:/var/lib/docker/overlay2/463a60088c72ddbea82639ded15801e35a79c443f6a26bf1baf320c683cb06af/diff:/var/lib/docker/overlay2/80b8224b23a2ee4b5be635c58ae579fd1913aa95558cd66ab2f5e8430f00a5b8/diff:/var/lib/docker/overlay2/20451fa0b1a07b85d665bc3a0359d721ce4e4c28fa3bce7456ab25e0babae708/diff:/var/lib/docker/overlay2/f80d865cbc6c1c6f57d0963fa6234e7a6409e079eb17f4f13ca41d02731701ad/diff:/var/lib/docker/overlay2/5a3029e0b57c6ec9b985871ff6adf08356aaa0f2a15f1e34c1a7f116ecc4a61d/diff:/var/lib/docker/overlay2/4f3423103248d0b381a1bc6a7287e2b42313ff458cea602a02b7379014b03e0e/diff","MergedDir":"/var/lib/docker/overlay2/5529564f52cf969e31e7a1482c27be7ffed19639b506ae2e15b7e7115f699a73/merged","UpperDir":"/var/lib/docker/overlay2/5529564f52cf969e31e7a1482c27be7ffed19639b506ae2e15b7e7115f699a73/diff","WorkDir":"/var/lib/docker/overlay2/5529564f52cf969e31e7a1482c27be7ffed19639b506ae2e15b7e7115f699a73/work"},"Name":"overlay2"},"Mounts":[{"Type":"volume","Name":"fd1f613c7fe3ca3ae799982507ac3f565cc9f6a2dc99ceaed92389e2c43f47d1","Source":"/var/lib/docker/volumes/fd1f613c7fe3ca3ae799982507ac3f565cc9f6a2dc99ceaed92389e2c43f47d1/_data","Destination":"/var/lib/mysql","Driver":"local","Mode":"","RW":true,"Propagation":""}],"Config":{"Hostname":"9691e3189171","Domainname":"","User":"","AttachStdin":false,"AttachStdout":false,"AttachStderr":false,"ExposedPorts":{"3306/tcp":{},"33060/tcp":{}},"Tty":false,"OpenStdin":false,"StdinOnce":false,"Env":["MYSQL_DATABASE=test","MYSQL_PASSWORD=admin","MYSQL_USER=admin","MYSQL_ROOT_PASSWORD=admin","PATH=/usr/local/sbin:/usr/local/bin:/usr/sbin:/usr/bin:/sbin:/bin","GOSU_VERSION=1.14","MYSQL_MAJOR=8.0","MYSQL_VERSION=8.0.29-1debian10"],"Cmd":["mysqld"],"Image":"mysql:8.0","Volumes":{"/var/lib/mysql":{}},"WorkingDir":"","Entrypoint":["docker-entrypoint.sh"],"OnBuild":null,"Labels":{"org.testcontainers":"true","org.testcontainers.sessionId":"d48265e4-2b28-4f8c-aa67-76dd8289af84"}},"NetworkSettings":{"Bridge":"","SandboxID":"d9de8570fe3f0a4e9f3a1ff7101c963bbd2c6a0a9d8a867b96f17f4d5edca537","HairpinMode":false,"LinkLocalIPv6Address":"","LinkLocalIPv6PrefixLen":0,"Ports":{"3306/tcp":[{"HostIp":"0.0.0.0","HostPort":"49160"},{"HostIp":"::","HostPort":"49160"}],"33060/tcp":null},"SandboxKey":"/var/run/docker/netns/d9de8570fe3f","SecondaryIPAddresses":null,"SecondaryIPv6Addresses":null,"EndpointID":"93e8fe159f683a98670e8995677c2b130dbce857fc116679206e206bda319cbf","Gateway":"172.17.0.1","GlobalIPv6Address":"","GlobalIPv6PrefixLen":0,"IPAddress":"172.17.0.3","IPPrefixLen":16,"IPv6Gateway":"","MacAddress":"02:42:ac:11:00:03","Networks":{"bridge":{"IPAMConfig":null,"Links":null,"Aliases":null,"NetworkID":"1853cd2b9856825cc97ed9ef2b12efa82d95bf9cf60ad666c276eb35cc53539e","EndpointID":"93e8fe159f683a98670e8995677c2b130dbce857fc116679206e206bda319cbf","Gateway":"172.17.0.1","IPAddress":"172.17.0.3","IPPrefixLen":16,"IPv6Gateway":"","GlobalIPv6Address":"","GlobalIPv6PrefixLen":0,"MacAddress":"02:42:ac:11:00:03","DriverOpts":null}}}}[\n]"
03:32:52.875 [main] DEBUG com.github.dockerjava.zerodep.shaded.org.apache.hc.client5.http.wire - http-outgoing-2 << "[\r][\n]"
03:32:52.875 [main] DEBUG com.github.dockerjava.zerodep.shaded.org.apache.hc.client5.http.wire - http-outgoing-2 << "0[\r][\n]"
03:32:52.875 [main] DEBUG com.github.dockerjava.zerodep.shaded.org.apache.hc.client5.http.wire - http-outgoing-2 << "[\r][\n]"
03:32:52.875 [main] DEBUG com.github.dockerjava.zerodep.shaded.org.apache.hc.client5.http.headers - http-outgoing-2 << HTTP/1.1 200 OK
03:32:52.875 [main] DEBUG com.github.dockerjava.zerodep.shaded.org.apache.hc.client5.http.headers - http-outgoing-2 << Api-Version: 1.41
03:32:52.875 [main] DEBUG com.github.dockerjava.zerodep.shaded.org.apache.hc.client5.http.headers - http-outgoing-2 << Content-Type: application/json
03:32:52.875 [main] DEBUG com.github.dockerjava.zerodep.shaded.org.apache.hc.client5.http.headers - http-outgoing-2 << Docker-Experimental: false
03:32:52.875 [main] DEBUG com.github.dockerjava.zerodep.shaded.org.apache.hc.client5.http.headers - http-outgoing-2 << Ostype: linux
03:32:52.875 [main] DEBUG com.github.dockerjava.zerodep.shaded.org.apache.hc.client5.http.headers - http-outgoing-2 << Server: Docker/20.10.12 (linux)
03:32:52.875 [main] DEBUG com.github.dockerjava.zerodep.shaded.org.apache.hc.client5.http.headers - http-outgoing-2 << Date: Thu, 23 Jun 2022 02:32:52 GMT
03:32:52.875 [main] DEBUG com.github.dockerjava.zerodep.shaded.org.apache.hc.client5.http.headers - http-outgoing-2 << Transfer-Encoding: chunked
03:32:52.875 [main] DEBUG com.github.dockerjava.zerodep.shaded.org.apache.hc.client5.http.impl.classic.MainClientExec - ex-0000003B: connection can be kept alive for 3 MINUTES
03:32:52.876 [main] DEBUG com.github.dockerjava.zerodep.shaded.org.apache.hc.client5.http.impl.classic.InternalHttpClient - ep-0000003A: releasing valid endpoint
03:32:52.876 [main] DEBUG com.github.dockerjava.zerodep.shaded.org.apache.hc.client5.http.impl.io.PoolingHttpClientConnectionManager - ep-0000003A: releasing endpoint
03:32:52.877 [main] DEBUG com.github.dockerjava.zerodep.shaded.org.apache.hc.client5.http.impl.io.PoolingHttpClientConnectionManager - ep-0000003A: connection http-outgoing-2 can be kept alive for 3 MINUTES
03:32:52.877 [main] DEBUG com.github.dockerjava.zerodep.shaded.org.apache.hc.client5.http.impl.io.PoolingHttpClientConnectionManager - ep-0000003A: connection released [route: {}->unix://localhost:2375][total available: 1; route allocated: 1 of 2147483647; total allocated: 1 of 2147483647]
03:32:52.877 [main] DEBUG 🐳 [mysql:8.0] - Trying to create JDBC connection using com.mysql.cj.jdbc.Driver to jdbc:mysql://localhost:49160/test?useSSL=false&allowPublicKeyRetrieval=true with properties: {password=admin, user=admin}
03:32:52.981 [main] DEBUG org.testcontainers.shaded.com.github.dockerjava.core.command.AbstrDockerCmd - Cmd: 9691e31891711283f4d98263d11bc6156717d3e75a0b86a23f3b128a992c1f38,false
03:32:52.981 [main] DEBUG org.testcontainers.shaded.com.github.dockerjava.core.exec.InspectContainerCmdExec - GET: DefaultWebTarget{path=[/containers/9691e31891711283f4d98263d11bc6156717d3e75a0b86a23f3b128a992c1f38/json], queryParams={}}
03:32:52.981 [main] DEBUG com.github.dockerjava.zerodep.shaded.org.apache.hc.client5.http.impl.classic.InternalHttpClient - ex-0000003C: preparing request execution
03:32:52.981 [main] DEBUG com.github.dockerjava.zerodep.shaded.org.apache.hc.client5.http.protocol.RequestAddCookies - Cookie spec selected: strict
03:32:52.981 [main] DEBUG com.github.dockerjava.zerodep.shaded.org.apache.hc.client5.http.protocol.RequestAuthCache - Auth cache not set in the context
03:32:52.981 [main] DEBUG com.github.dockerjava.zerodep.shaded.org.apache.hc.client5.http.impl.classic.ProtocolExec - ex-0000003C: target auth state: UNCHALLENGED
03:32:52.981 [main] DEBUG com.github.dockerjava.zerodep.shaded.org.apache.hc.client5.http.impl.classic.ProtocolExec - ex-0000003C: proxy auth state: UNCHALLENGED
03:32:52.981 [main] DEBUG com.github.dockerjava.zerodep.shaded.org.apache.hc.client5.http.impl.classic.ConnectExec - ex-0000003C: acquiring connection with route {}->unix://localhost:2375
03:32:52.981 [main] DEBUG com.github.dockerjava.zerodep.shaded.org.apache.hc.client5.http.impl.classic.InternalHttpClient - ex-0000003C: acquiring endpoint (3 MINUTES)
03:32:52.981 [main] DEBUG com.github.dockerjava.zerodep.shaded.org.apache.hc.client5.http.impl.io.PoolingHttpClientConnectionManager - ex-0000003C: endpoint lease request (3 MINUTES) [route: {}->unix://localhost:2375][total available: 1; route allocated: 1 of 2147483647; total allocated: 1 of 2147483647]
03:32:52.981 [main] DEBUG com.github.dockerjava.zerodep.shaded.org.apache.hc.client5.http.impl.io.PoolingHttpClientConnectionManager - ex-0000003C: endpoint leased [route: {}->unix://localhost:2375][total available: 0; route allocated: 1 of 2147483647; total allocated: 1 of 2147483647]
03:32:52.981 [main] DEBUG com.github.dockerjava.zerodep.shaded.org.apache.hc.client5.http.impl.io.PoolingHttpClientConnectionManager - ex-0000003C: acquired ep-0000003B
03:32:52.981 [main] DEBUG com.github.dockerjava.zerodep.shaded.org.apache.hc.client5.http.impl.classic.InternalHttpClient - ex-0000003C: acquired endpoint ep-0000003B
03:32:52.982 [main] DEBUG com.github.dockerjava.zerodep.shaded.org.apache.hc.client5.http.impl.classic.MainClientExec - ex-0000003C: executing GET /v1.32/containers/9691e31891711283f4d98263d11bc6156717d3e75a0b86a23f3b128a992c1f38/json HTTP/1.1
03:32:52.982 [main] DEBUG com.github.dockerjava.zerodep.shaded.org.apache.hc.client5.http.impl.classic.InternalHttpClient - ep-0000003B: start execution ex-0000003C
03:32:52.982 [main] DEBUG com.github.dockerjava.zerodep.shaded.org.apache.hc.client5.http.impl.io.PoolingHttpClientConnectionManager - ep-0000003B: executing exchange ex-0000003C over http-outgoing-2
03:32:52.982 [main] DEBUG com.github.dockerjava.zerodep.shaded.org.apache.hc.client5.http.headers - http-outgoing-2 >> GET /v1.32/containers/9691e31891711283f4d98263d11bc6156717d3e75a0b86a23f3b128a992c1f38/json HTTP/1.1
03:32:52.982 [main] DEBUG com.github.dockerjava.zerodep.shaded.org.apache.hc.client5.http.headers - http-outgoing-2 >> accept: application/json
03:32:52.982 [main] DEBUG com.github.dockerjava.zerodep.shaded.org.apache.hc.client5.http.headers - http-outgoing-2 >> Accept-Encoding: gzip, x-gzip, deflate
03:32:52.982 [main] DEBUG com.github.dockerjava.zerodep.shaded.org.apache.hc.client5.http.headers - http-outgoing-2 >> Host: localhost:2375
03:32:52.982 [main] DEBUG com.github.dockerjava.zerodep.shaded.org.apache.hc.client5.http.headers - http-outgoing-2 >> Connection: keep-alive
03:32:52.982 [main] DEBUG com.github.dockerjava.zerodep.shaded.org.apache.hc.client5.http.headers - http-outgoing-2 >> User-Agent: Apache-HttpClient/5.0.3 (Java/11.0.15)
03:32:52.982 [main] DEBUG com.github.dockerjava.zerodep.shaded.org.apache.hc.client5.http.wire - http-outgoing-2 >> "GET /v1.32/containers/9691e31891711283f4d98263d11bc6156717d3e75a0b86a23f3b128a992c1f38/json HTTP/1.1[\r][\n]"
03:32:52.982 [main] DEBUG com.github.dockerjava.zerodep.shaded.org.apache.hc.client5.http.wire - http-outgoing-2 >> "accept: application/json[\r][\n]"
03:32:52.982 [main] DEBUG com.github.dockerjava.zerodep.shaded.org.apache.hc.client5.http.wire - http-outgoing-2 >> "Accept-Encoding: gzip, x-gzip, deflate[\r][\n]"
03:32:52.982 [main] DEBUG com.github.dockerjava.zerodep.shaded.org.apache.hc.client5.http.wire - http-outgoing-2 >> "Host: localhost:2375[\r][\n]"
03:32:52.982 [main] DEBUG com.github.dockerjava.zerodep.shaded.org.apache.hc.client5.http.wire - http-outgoing-2 >> "Connection: keep-alive[\r][\n]"
03:32:52.982 [main] DEBUG com.github.dockerjava.zerodep.shaded.org.apache.hc.client5.http.wire - http-outgoing-2 >> "User-Agent: Apache-HttpClient/5.0.3 (Java/11.0.15)[\r][\n]"
03:32:52.982 [main] DEBUG com.github.dockerjava.zerodep.shaded.org.apache.hc.client5.http.wire - http-outgoing-2 >> "[\r][\n]"
03:32:52.982 [main] DEBUG com.github.dockerjava.zerodep.shaded.org.apache.hc.client5.http.wire - http-outgoing-2 << "HTTP/1.1 200 OK[\r][\n]"
03:32:52.982 [main] DEBUG com.github.dockerjava.zerodep.shaded.org.apache.hc.client5.http.wire - http-outgoing-2 << "Api-Version: 1.41[\r][\n]"
03:32:52.982 [main] DEBUG com.github.dockerjava.zerodep.shaded.org.apache.hc.client5.http.wire - http-outgoing-2 << "Content-Type: application/json[\r][\n]"
03:32:52.982 [main] DEBUG com.github.dockerjava.zerodep.shaded.org.apache.hc.client5.http.wire - http-outgoing-2 << "Docker-Experimental: false[\r][\n]"
03:32:52.982 [main] DEBUG com.github.dockerjava.zerodep.shaded.org.apache.hc.client5.http.wire - http-outgoing-2 << "Ostype: linux[\r][\n]"
03:32:52.982 [main] DEBUG com.github.dockerjava.zerodep.shaded.org.apache.hc.client5.http.wire - http-outgoing-2 << "Server: Docker/20.10.12 (linux)[\r][\n]"
03:32:52.982 [main] DEBUG com.github.dockerjava.zerodep.shaded.org.apache.hc.client5.http.wire - http-outgoing-2 << "Date: Thu, 23 Jun 2022 02:32:52 GMT[\r][\n]"
03:32:52.982 [main] DEBUG com.github.dockerjava.zerodep.shaded.org.apache.hc.client5.http.wire - http-outgoing-2 << "Transfer-Encoding: chunked[\r][\n]"
03:32:52.982 [main] DEBUG com.github.dockerjava.zerodep.shaded.org.apache.hc.client5.http.wire - http-outgoing-2 << "[\r][\n]"
03:32:52.982 [main] DEBUG com.github.dockerjava.zerodep.shaded.org.apache.hc.client5.http.wire - http-outgoing-2 << "18ed[\r][\n]"
03:32:52.982 [main] DEBUG com.github.dockerjava.zerodep.shaded.org.apache.hc.client5.http.wire - http-outgoing-2 << "{"Id":"9691e31891711283f4d98263d11bc6156717d3e75a0b86a23f3b128a992c1f38","Created":"2022-06-23T02:32:47.03956921Z","Path":"docker-entrypoint.sh","Args":["mysqld"],"State":{"Status":"running","Running":true,"Paused":false,"Restarting":false,"OOMKilled":false,"Dead":false,"Pid":66188,"ExitCode":0,"Error":"","StartedAt":"2022-06-23T02:32:47.703880551Z","FinishedAt":"0001-01-01T00:00:00Z"},"Image":"sha256:65b636d5542b73254ce90cc4b895597dc1adc2c661ca553c38eda159979dded1","ResolvConfPath":"/var/lib/docker/containers/9691e31891711283f4d98263d11bc6156717d3e75a0b86a23f3b128a992c1f38/resolv.conf","HostnamePath":"/var/lib/docker/containers/9691e31891711283f4d98263d11bc6156717d3e75a0b86a23f3b128a992c1f38/hostname","HostsPath":"/var/lib/docker/containers/9691e31891711283f4d98263d11bc6156717d3e75a0b86a23f3b128a992c1f38/hosts","LogPath":"/var/lib/docker/containers/9691e31891711283f4d98263d11bc6156717d3e75a0b86a23f3b128a992c1f38/9691e31891711283f4d98263d11bc6156717d3e75a0b86a23f3b128a992c1f38-json.log","Name":"/xenodochial_satoshi","RestartCount":0,"Driver":"overlay2","Platform":"linux","MountLabel":"","ProcessLabel":"","AppArmorProfile":"docker-default","ExecIDs":null,"HostConfig":{"Binds":[],"ContainerIDFile":"","LogConfig":{"Type":"json-file","Config":{}},"NetworkMode":"default","PortBindings":{"3306/tcp":[{"HostIp":"","HostPort":""}]},"RestartPolicy":{"Name":"","MaximumRetryCount":0},"AutoRemove":false,"VolumeDriver":"","VolumesFrom":[],"CapAdd":null,"CapDrop":null,"CgroupnsMode":"host","Dns":null,"DnsOptions":null,"DnsSearch":null,"ExtraHosts":[],"GroupAdd":null,"IpcMode":"shareable","Cgroup":"","Links":null,"OomScoreAdj":0,"PidMode":"","Privileged":false,"PublishAllPorts":false,"ReadonlyRootfs":false,"SecurityOpt":null,"UTSMode":"","UsernsMode":"","ShmSize":67108864,"Runtime":"runc","ConsoleSize":[0,0],"Isolation":"","CpuShares":0,"Memory":0,"NanoCpus":0,"CgroupParent":"","BlkioWeight":0,"BlkioWeightDevice":null,"BlkioDeviceReadBps":null,"BlkioDeviceWriteBps":null,"BlkioDeviceReadIOps":null,"BlkioDeviceWriteIOps":null,"CpuPeriod":0,"CpuQuota":0,"CpuRealtimePeriod":0,"CpuRealtimeRuntime":0,"CpusetCpus":"","CpusetMems":"","Devices":null,"DeviceCgroupRules":null,"DeviceRequests":null,"KernelMemory":0,"KernelMemoryTCP":0,"MemoryReservation":0,"MemorySwap":0,"MemorySwappiness":null,"OomKillDisable":false,"PidsLimit":null,"Ulimits":null,"CpuCount":0,"CpuPercent":0,"IOMaximumIOps":0,"IOMaximumBandwidth":0,"MaskedPaths":["/proc/asound","/proc/acpi","/proc/kcore","/proc/keys","/proc/latency_stats","/proc/timer_list","/proc/timer_stats","/proc/sched_debug","/proc/scsi","/sys/firmware"],"ReadonlyPaths":["/proc/bus","/proc/fs","/proc/irq","/proc/sys","/proc/sysrq-trigger"]},"GraphDriver":{"Data":{"LowerDir":"/var/lib/docker/overlay2/5529564f52cf969e31e7a1482c27be7ffed19639b506ae2e15b7e7115f699a73-init/diff:/var/lib/docker/overlay2/833a665819b5d9728d3efa7c33135034345a24f83af53b1a1af33d9b64f5492a/diff:/var/lib/docker/overlay2/bd4a2a46c227c2f15475b08c398f37acaab93f4fdba31de015d730efae0a0cfc/diff:/var/lib/docker/overlay2/31ad437d7cba8e64428a2b62db1bbb2a2ec19ca4e439ec493ef4deb50dce2783/diff:/var/lib/docker/overlay2/35173cbd8ec5b88a8888e9abbe75f8694f5d3f96a9b781bb70dc1f0889685741/diff:/var/lib/docker/overlay2/24bf69ac4e8c81062fee44e7c9f746fffbb139c3f7f4b55b4fd1b23bb101b529/diff:/var/lib/docker/overlay2/2f27c96a7775dad186b6f0da325d5a251c80aa1b7f80cf8520f493c5154aee70/diff:/var/lib/docker/overlay2/463a60088c72ddbea82639ded15801e35a79c443f6a26bf1baf320c683cb06af/diff:/var/lib/docker/overlay2/80b8224b23a2ee4b5be635c58ae579fd1913aa95558cd66ab2f5e8430f00a5b8/diff:/var/lib/docker/overlay2/20451fa0b1a07b85d665bc3a0359d721ce4e4c28fa3bce7456ab25e0babae708/diff:/var/lib/docker/overlay2/f80d865cbc6c1c6f57d0963fa6234e7a6409e079eb17f4f13ca41d02731701ad/diff:/var/lib/docker/overlay2/5a3029e0b57c6ec9b985871ff6adf08356aaa0f2a15f1e34c1a7f116ecc4a61d/diff:/var/lib/docker/overlay2/4f3423103248d0b381a1bc6a7287e2b42313ff458cea602a02b7379014b03e0e/diff","MergedDir":"/var/lib/docker/overlay2/5529564f52cf969e31e7a1482c27be7ffed19639b506ae2e15b7e7115f699a73/merged","UpperDir":"/var/lib/docker/overlay2/5529564f52cf969e31e7a1482c27be7ffed19639b506ae2e15b7e7115f699a73/diff","WorkDir":"/var/lib/docker/overlay2/5529564f52cf969e31e7a1482c27be7ffed19639b506ae2e15b7e7115f699a73/work"},"Name":"overlay2"},"Mounts":[{"Type":"volume","Name":"fd1f613c7fe3ca3ae799982507ac3f565cc9f6a2dc99ceaed92389e2c43f47d1","Source":"/var/lib/docker/volumes/fd1f613c7fe3ca3ae799982507ac3f565cc9f6a2dc99ceaed92389e2c43f47d1/_data","Destination":"/var/lib/mysql","Driver":"local","Mode":"","RW":true,"Propagation":""}],"Config":{"Hostname":"9691e3189171","Domainname":"","User":"","AttachStdin":false,"AttachStdout":false,"AttachStderr":false,"ExposedPorts":{"3306/tcp":{},"33060/tcp":{}},"Tty":false,"OpenStdin":false,"StdinOnce":false,"Env":["MYSQL_DATABASE=test","MYSQL_PASSWORD=admin","MYSQL_USER=admin","MYSQL_ROOT_PASSWORD=admin","PATH=/usr/local/sbin:/usr/local/bin:/usr/sbin:/usr/bin:/sbin:/bin","GOSU_VERSION=1.14","MYSQL_MAJOR=8.0","MYSQL_VERSION=8.0.29-1debian10"],"Cmd":["mysqld"],"Image":"mysql:8.0","Volumes":{"/var/lib/mysql":{}},"WorkingDir":"","Entrypoint":["docker-entrypoint.sh"],"OnBuild":null,"Labels":{"org.testcontainers":"true","org.testcontainers.sessionId":"d48265e4-2b28-4f8c-aa67-76dd8289af84"}},"NetworkSettings":{"Bridge":"","SandboxID":"d9de8570fe3f0a4e9f3a1ff7101c963bbd2c6a0a9d8a867b96f17f4d5edca537","HairpinMode":false,"LinkLocalIPv6Address":"","LinkLocalIPv6PrefixLen":0,"Ports":{"3306/tcp":[{"HostIp":"0.0.0.0","HostPort":"49160"},{"HostIp":"::","HostPort":"49160"}],"33060/tcp":null},"SandboxKey":"/var/run/docker/netns/d9de8570fe3f","SecondaryIPAddresses":null,"SecondaryIPv6Addresses":null,"EndpointID":"93e8fe159f683a98670e8995677c2b130dbce857fc116679206e206bda319cbf","Gateway":"172.17.0.1","GlobalIPv6Address":"","GlobalIPv6PrefixLen":0,"IPAddress":"172.17.0.3","IPPrefixLen":16,"IPv6Gateway":"","MacAddress":"02:42:ac:11:00:03","Networks":{"bridge":{"IPAMConfig":null,"Links":null,"Aliases":null,"NetworkID":"1853cd2b9856825cc97ed9ef2b12efa82d95bf9cf60ad666c276eb35cc53539e","EndpointID":"93e8fe159f683a98670e8995677c2b130dbce857fc116679206e206bda319cbf","Gateway":"172.17.0.1","IPAddress":"172.17.0.3","IPPrefixLen":16,"IPv6Gateway":"","GlobalIPv6Address":"","GlobalIPv6PrefixLen":0,"MacAddress":"02:42:ac:11:00:03","DriverOpts":null}}}}[\n]"
03:32:52.982 [main] DEBUG com.github.dockerjava.zerodep.shaded.org.apache.hc.client5.http.wire - http-outgoing-2 << "[\r][\n]"
03:32:52.982 [main] DEBUG com.github.dockerjava.zerodep.shaded.org.apache.hc.client5.http.wire - http-outgoing-2 << "0[\r][\n]"
03:32:52.982 [main] DEBUG com.github.dockerjava.zerodep.shaded.org.apache.hc.client5.http.wire - http-outgoing-2 << "[\r][\n]"
03:32:52.983 [main] DEBUG com.github.dockerjava.zerodep.shaded.org.apache.hc.client5.http.headers - http-outgoing-2 << HTTP/1.1 200 OK
03:32:52.983 [main] DEBUG com.github.dockerjava.zerodep.shaded.org.apache.hc.client5.http.headers - http-outgoing-2 << Api-Version: 1.41
03:32:52.983 [main] DEBUG com.github.dockerjava.zerodep.shaded.org.apache.hc.client5.http.headers - http-outgoing-2 << Content-Type: application/json
03:32:52.983 [main] DEBUG com.github.dockerjava.zerodep.shaded.org.apache.hc.client5.http.headers - http-outgoing-2 << Docker-Experimental: false
03:32:52.983 [main] DEBUG com.github.dockerjava.zerodep.shaded.org.apache.hc.client5.http.headers - http-outgoing-2 << Ostype: linux
03:32:52.983 [main] DEBUG com.github.dockerjava.zerodep.shaded.org.apache.hc.client5.http.headers - http-outgoing-2 << Server: Docker/20.10.12 (linux)
03:32:52.983 [main] DEBUG com.github.dockerjava.zerodep.shaded.org.apache.hc.client5.http.headers - http-outgoing-2 << Date: Thu, 23 Jun 2022 02:32:52 GMT
03:32:52.983 [main] DEBUG com.github.dockerjava.zerodep.shaded.org.apache.hc.client5.http.headers - http-outgoing-2 << Transfer-Encoding: chunked
03:32:52.983 [main] DEBUG com.github.dockerjava.zerodep.shaded.org.apache.hc.client5.http.impl.classic.MainClientExec - ex-0000003C: connection can be kept alive for 3 MINUTES
03:32:52.984 [main] DEBUG com.github.dockerjava.zerodep.shaded.org.apache.hc.client5.http.impl.classic.InternalHttpClient - ep-0000003B: releasing valid endpoint
03:32:52.984 [main] DEBUG com.github.dockerjava.zerodep.shaded.org.apache.hc.client5.http.impl.io.PoolingHttpClientConnectionManager - ep-0000003B: releasing endpoint
03:32:52.984 [main] DEBUG com.github.dockerjava.zerodep.shaded.org.apache.hc.client5.http.impl.io.PoolingHttpClientConnectionManager - ep-0000003B: connection http-outgoing-2 can be kept alive for 3 MINUTES
03:32:52.984 [main] DEBUG com.github.dockerjava.zerodep.shaded.org.apache.hc.client5.http.impl.io.PoolingHttpClientConnectionManager - ep-0000003B: connection released [route: {}->unix://localhost:2375][total available: 1; route allocated: 1 of 2147483647; total allocated: 1 of 2147483647]
03:32:52.984 [main] DEBUG 🐳 [mysql:8.0] - Trying to create JDBC connection using com.mysql.cj.jdbc.Driver to jdbc:mysql://localhost:49160/test?useSSL=false&allowPublicKeyRetrieval=true with properties: {password=admin, user=admin}
03:32:53.085 [main] DEBUG org.testcontainers.shaded.com.github.dockerjava.core.command.AbstrDockerCmd - Cmd: 9691e31891711283f4d98263d11bc6156717d3e75a0b86a23f3b128a992c1f38,false
03:32:53.086 [main] DEBUG org.testcontainers.shaded.com.github.dockerjava.core.exec.InspectContainerCmdExec - GET: DefaultWebTarget{path=[/containers/9691e31891711283f4d98263d11bc6156717d3e75a0b86a23f3b128a992c1f38/json], queryParams={}}
03:32:53.086 [main] DEBUG com.github.dockerjava.zerodep.shaded.org.apache.hc.client5.http.impl.classic.InternalHttpClient - ex-0000003D: preparing request execution
03:32:53.087 [main] DEBUG com.github.dockerjava.zerodep.shaded.org.apache.hc.client5.http.protocol.RequestAddCookies - Cookie spec selected: strict
03:32:53.087 [main] DEBUG com.github.dockerjava.zerodep.shaded.org.apache.hc.client5.http.protocol.RequestAuthCache - Auth cache not set in the context
03:32:53.087 [main] DEBUG com.github.dockerjava.zerodep.shaded.org.apache.hc.client5.http.impl.classic.ProtocolExec - ex-0000003D: target auth state: UNCHALLENGED
03:32:53.087 [main] DEBUG com.github.dockerjava.zerodep.shaded.org.apache.hc.client5.http.impl.classic.ProtocolExec - ex-0000003D: proxy auth state: UNCHALLENGED
03:32:53.087 [main] DEBUG com.github.dockerjava.zerodep.shaded.org.apache.hc.client5.http.impl.classic.ConnectExec - ex-0000003D: acquiring connection with route {}->unix://localhost:2375
03:32:53.087 [main] DEBUG com.github.dockerjava.zerodep.shaded.org.apache.hc.client5.http.impl.classic.InternalHttpClient - ex-0000003D: acquiring endpoint (3 MINUTES)
03:32:53.087 [main] DEBUG com.github.dockerjava.zerodep.shaded.org.apache.hc.client5.http.impl.io.PoolingHttpClientConnectionManager - ex-0000003D: endpoint lease request (3 MINUTES) [route: {}->unix://localhost:2375][total available: 1; route allocated: 1 of 2147483647; total allocated: 1 of 2147483647]
03:32:53.087 [main] DEBUG com.github.dockerjava.zerodep.shaded.org.apache.hc.client5.http.impl.io.PoolingHttpClientConnectionManager - ex-0000003D: endpoint leased [route: {}->unix://localhost:2375][total available: 0; route allocated: 1 of 2147483647; total allocated: 1 of 2147483647]
03:32:53.087 [main] DEBUG com.github.dockerjava.zerodep.shaded.org.apache.hc.client5.http.impl.io.PoolingHttpClientConnectionManager - ex-0000003D: acquired ep-0000003C
03:32:53.087 [main] DEBUG com.github.dockerjava.zerodep.shaded.org.apache.hc.client5.http.impl.classic.InternalHttpClient - ex-0000003D: acquired endpoint ep-0000003C
03:32:53.087 [main] DEBUG com.github.dockerjava.zerodep.shaded.org.apache.hc.client5.http.impl.classic.MainClientExec - ex-0000003D: executing GET /v1.32/containers/9691e31891711283f4d98263d11bc6156717d3e75a0b86a23f3b128a992c1f38/json HTTP/1.1
03:32:53.088 [main] DEBUG com.github.dockerjava.zerodep.shaded.org.apache.hc.client5.http.impl.classic.InternalHttpClient - ep-0000003C: start execution ex-0000003D
03:32:53.088 [main] DEBUG com.github.dockerjava.zerodep.shaded.org.apache.hc.client5.http.impl.io.PoolingHttpClientConnectionManager - ep-0000003C: executing exchange ex-0000003D over http-outgoing-2
03:32:53.088 [main] DEBUG com.github.dockerjava.zerodep.shaded.org.apache.hc.client5.http.headers - http-outgoing-2 >> GET /v1.32/containers/9691e31891711283f4d98263d11bc6156717d3e75a0b86a23f3b128a992c1f38/json HTTP/1.1
03:32:53.088 [main] DEBUG com.github.dockerjava.zerodep.shaded.org.apache.hc.client5.http.headers - http-outgoing-2 >> accept: application/json
03:32:53.088 [main] DEBUG com.github.dockerjava.zerodep.shaded.org.apache.hc.client5.http.headers - http-outgoing-2 >> Accept-Encoding: gzip, x-gzip, deflate
03:32:53.088 [main] DEBUG com.github.dockerjava.zerodep.shaded.org.apache.hc.client5.http.headers - http-outgoing-2 >> Host: localhost:2375
03:32:53.088 [main] DEBUG com.github.dockerjava.zerodep.shaded.org.apache.hc.client5.http.headers - http-outgoing-2 >> Connection: keep-alive
03:32:53.088 [main] DEBUG com.github.dockerjava.zerodep.shaded.org.apache.hc.client5.http.headers - http-outgoing-2 >> User-Agent: Apache-HttpClient/5.0.3 (Java/11.0.15)
03:32:53.088 [main] DEBUG com.github.dockerjava.zerodep.shaded.org.apache.hc.client5.http.wire - http-outgoing-2 >> "GET /v1.32/containers/9691e31891711283f4d98263d11bc6156717d3e75a0b86a23f3b128a992c1f38/json HTTP/1.1[\r][\n]"
03:32:53.088 [main] DEBUG com.github.dockerjava.zerodep.shaded.org.apache.hc.client5.http.wire - http-outgoing-2 >> "accept: application/json[\r][\n]"
03:32:53.088 [main] DEBUG com.github.dockerjava.zerodep.shaded.org.apache.hc.client5.http.wire - http-outgoing-2 >> "Accept-Encoding: gzip, x-gzip, deflate[\r][\n]"
03:32:53.088 [main] DEBUG com.github.dockerjava.zerodep.shaded.org.apache.hc.client5.http.wire - http-outgoing-2 >> "Host: localhost:2375[\r][\n]"
03:32:53.088 [main] DEBUG com.github.dockerjava.zerodep.shaded.org.apache.hc.client5.http.wire - http-outgoing-2 >> "Connection: keep-alive[\r][\n]"
03:32:53.088 [main] DEBUG com.github.dockerjava.zerodep.shaded.org.apache.hc.client5.http.wire - http-outgoing-2 >> "User-Agent: Apache-HttpClient/5.0.3 (Java/11.0.15)[\r][\n]"
03:32:53.088 [main] DEBUG com.github.dockerjava.zerodep.shaded.org.apache.hc.client5.http.wire - http-outgoing-2 >> "[\r][\n]"
03:32:53.088 [main] DEBUG com.github.dockerjava.zerodep.shaded.org.apache.hc.client5.http.wire - http-outgoing-2 << "HTTP/1.1 200 OK[\r][\n]"
03:32:53.089 [main] DEBUG com.github.dockerjava.zerodep.shaded.org.apache.hc.client5.http.wire - http-outgoing-2 << "Api-Version: 1.41[\r][\n]"
03:32:53.089 [main] DEBUG com.github.dockerjava.zerodep.shaded.org.apache.hc.client5.http.wire - http-outgoing-2 << "Content-Type: application/json[\r][\n]"
03:32:53.089 [main] DEBUG com.github.dockerjava.zerodep.shaded.org.apache.hc.client5.http.wire - http-outgoing-2 << "Docker-Experimental: false[\r][\n]"
03:32:53.089 [main] DEBUG com.github.dockerjava.zerodep.shaded.org.apache.hc.client5.http.wire - http-outgoing-2 << "Ostype: linux[\r][\n]"
03:32:53.089 [main] DEBUG com.github.dockerjava.zerodep.shaded.org.apache.hc.client5.http.wire - http-outgoing-2 << "Server: Docker/20.10.12 (linux)[\r][\n]"
03:32:53.089 [main] DEBUG com.github.dockerjava.zerodep.shaded.org.apache.hc.client5.http.wire - http-outgoing-2 << "Date: Thu, 23 Jun 2022 02:32:53 GMT[\r][\n]"
03:32:53.089 [main] DEBUG com.github.dockerjava.zerodep.shaded.org.apache.hc.client5.http.wire - http-outgoing-2 << "Transfer-Encoding: chunked[\r][\n]"
03:32:53.089 [main] DEBUG com.github.dockerjava.zerodep.shaded.org.apache.hc.client5.http.wire - http-outgoing-2 << "[\r][\n]"
03:32:53.089 [main] DEBUG com.github.dockerjava.zerodep.shaded.org.apache.hc.client5.http.wire - http-outgoing-2 << "18ed[\r][\n]"
03:32:53.089 [main] DEBUG com.github.dockerjava.zerodep.shaded.org.apache.hc.client5.http.wire - http-outgoing-2 << "{"Id":"9691e31891711283f4d98263d11bc6156717d3e75a0b86a23f3b128a992c1f38","Created":"2022-06-23T02:32:47.03956921Z","Path":"docker-entrypoint.sh","Args":["mysqld"],"State":{"Status":"running","Running":true,"Paused":false,"Restarting":false,"OOMKilled":false,"Dead":false,"Pid":66188,"ExitCode":0,"Error":"","StartedAt":"2022-06-23T02:32:47.703880551Z","FinishedAt":"0001-01-01T00:00:00Z"},"Image":"sha256:65b636d5542b73254ce90cc4b895597dc1adc2c661ca553c38eda159979dded1","ResolvConfPath":"/var/lib/docker/containers/9691e31891711283f4d98263d11bc6156717d3e75a0b86a23f3b128a992c1f38/resolv.conf","HostnamePath":"/var/lib/docker/containers/9691e31891711283f4d98263d11bc6156717d3e75a0b86a23f3b128a992c1f38/hostname","HostsPath":"/var/lib/docker/containers/9691e31891711283f4d98263d11bc6156717d3e75a0b86a23f3b128a992c1f38/hosts","LogPath":"/var/lib/docker/containers/9691e31891711283f4d98263d11bc6156717d3e75a0b86a23f3b128a992c1f38/9691e31891711283f4d98263d11bc6156717d3e75a0b86a23f3b128a992c1f38-json.log","Name":"/xenodochial_satoshi","RestartCount":0,"Driver":"overlay2","Platform":"linux","MountLabel":"","ProcessLabel":"","AppArmorProfile":"docker-default","ExecIDs":null,"HostConfig":{"Binds":[],"ContainerIDFile":"","LogConfig":{"Type":"json-file","Config":{}},"NetworkMode":"default","PortBindings":{"3306/tcp":[{"HostIp":"","HostPort":""}]},"RestartPolicy":{"Name":"","MaximumRetryCount":0},"AutoRemove":false,"VolumeDriver":"","VolumesFrom":[],"CapAdd":null,"CapDrop":null,"CgroupnsMode":"host","Dns":null,"DnsOptions":null,"DnsSearch":null,"ExtraHosts":[],"GroupAdd":null,"IpcMode":"shareable","Cgroup":"","Links":null,"OomScoreAdj":0,"PidMode":"","Privileged":false,"PublishAllPorts":false,"ReadonlyRootfs":false,"SecurityOpt":null,"UTSMode":"","UsernsMode":"","ShmSize":67108864,"Runtime":"runc","ConsoleSize":[0,0],"Isolation":"","CpuShares":0,"Memory":0,"NanoCpus":0,"CgroupParent":"","BlkioWeight":0,"BlkioWeightDevice":null,"BlkioDeviceReadBps":null,"BlkioDeviceWriteBps":null,"BlkioDeviceReadIOps":null,"BlkioDeviceWriteIOps":null,"CpuPeriod":0,"CpuQuota":0,"CpuRealtimePeriod":0,"CpuRealtimeRuntime":0,"CpusetCpus":"","CpusetMems":"","Devices":null,"DeviceCgroupRules":null,"DeviceRequests":null,"KernelMemory":0,"KernelMemoryTCP":0,"MemoryReservation":0,"MemorySwap":0,"MemorySwappiness":null,"OomKillDisable":false,"PidsLimit":null,"Ulimits":null,"CpuCount":0,"CpuPercent":0,"IOMaximumIOps":0,"IOMaximumBandwidth":0,"MaskedPaths":["/proc/asound","/proc/acpi","/proc/kcore","/proc/keys","/proc/latency_stats","/proc/timer_list","/proc/timer_stats","/proc/sched_debug","/proc/scsi","/sys/firmware"],"ReadonlyPaths":["/proc/bus","/proc/fs","/proc/irq","/proc/sys","/proc/sysrq-trigger"]},"GraphDriver":{"Data":{"LowerDir":"/var/lib/docker/overlay2/5529564f52cf969e31e7a1482c27be7ffed19639b506ae2e15b7e7115f699a73-init/diff:/var/lib/docker/overlay2/833a665819b5d9728d3efa7c33135034345a24f83af53b1a1af33d9b64f5492a/diff:/var/lib/docker/overlay2/bd4a2a46c227c2f15475b08c398f37acaab93f4fdba31de015d730efae0a0cfc/diff:/var/lib/docker/overlay2/31ad437d7cba8e64428a2b62db1bbb2a2ec19ca4e439ec493ef4deb50dce2783/diff:/var/lib/docker/overlay2/35173cbd8ec5b88a8888e9abbe75f8694f5d3f96a9b781bb70dc1f0889685741/diff:/var/lib/docker/overlay2/24bf69ac4e8c81062fee44e7c9f746fffbb139c3f7f4b55b4fd1b23bb101b529/diff:/var/lib/docker/overlay2/2f27c96a7775dad186b6f0da325d5a251c80aa1b7f80cf8520f493c5154aee70/diff:/var/lib/docker/overlay2/463a60088c72ddbea82639ded15801e35a79c443f6a26bf1baf320c683cb06af/diff:/var/lib/docker/overlay2/80b8224b23a2ee4b5be635c58ae579fd1913aa95558cd66ab2f5e8430f00a5b8/diff:/var/lib/docker/overlay2/20451fa0b1a07b85d665bc3a0359d721ce4e4c28fa3bce7456ab25e0babae708/diff:/var/lib/docker/overlay2/f80d865cbc6c1c6f57d0963fa6234e7a6409e079eb17f4f13ca41d02731701ad/diff:/var/lib/docker/overlay2/5a3029e0b57c6ec9b985871ff6adf08356aaa0f2a15f1e34c1a7f116ecc4a61d/diff:/var/lib/docker/overlay2/4f3423103248d0b381a1bc6a7287e2b42313ff458cea602a02b7379014b03e0e/diff","MergedDir":"/var/lib/docker/overlay2/5529564f52cf969e31e7a1482c27be7ffed19639b506ae2e15b7e7115f699a73/merged","UpperDir":"/var/lib/docker/overlay2/5529564f52cf969e31e7a1482c27be7ffed19639b506ae2e15b7e7115f699a73/diff","WorkDir":"/var/lib/docker/overlay2/5529564f52cf969e31e7a1482c27be7ffed19639b506ae2e15b7e7115f699a73/work"},"Name":"overlay2"},"Mounts":[{"Type":"volume","Name":"fd1f613c7fe3ca3ae799982507ac3f565cc9f6a2dc99ceaed92389e2c43f47d1","Source":"/var/lib/docker/volumes/fd1f613c7fe3ca3ae799982507ac3f565cc9f6a2dc99ceaed92389e2c43f47d1/_data","Destination":"/var/lib/mysql","Driver":"local","Mode":"","RW":true,"Propagation":""}],"Config":{"Hostname":"9691e3189171","Domainname":"","User":"","AttachStdin":false,"AttachStdout":false,"AttachStderr":false,"ExposedPorts":{"3306/tcp":{},"33060/tcp":{}},"Tty":false,"OpenStdin":false,"StdinOnce":false,"Env":["MYSQL_DATABASE=test","MYSQL_PASSWORD=admin","MYSQL_USER=admin","MYSQL_ROOT_PASSWORD=admin","PATH=/usr/local/sbin:/usr/local/bin:/usr/sbin:/usr/bin:/sbin:/bin","GOSU_VERSION=1.14","MYSQL_MAJOR=8.0","MYSQL_VERSION=8.0.29-1debian10"],"Cmd":["mysqld"],"Image":"mysql:8.0","Volumes":{"/var/lib/mysql":{}},"WorkingDir":"","Entrypoint":["docker-entrypoint.sh"],"OnBuild":null,"Labels":{"org.testcontainers":"true","org.testcontainers.sessionId":"d48265e4-2b28-4f8c-aa67-76dd8289af84"}},"NetworkSettings":{"Bridge":"","SandboxID":"d9de8570fe3f0a4e9f3a1ff7101c963bbd2c6a0a9d8a867b96f17f4d5edca537","HairpinMode":false,"LinkLocalIPv6Address":"","LinkLocalIPv6PrefixLen":0,"Ports":{"3306/tcp":[{"HostIp":"0.0.0.0","HostPort":"49160"},{"HostIp":"::","HostPort":"49160"}],"33060/tcp":null},"SandboxKey":"/var/run/docker/netns/d9de8570fe3f","SecondaryIPAddresses":null,"SecondaryIPv6Addresses":null,"EndpointID":"93e8fe159f683a98670e8995677c2b130dbce857fc116679206e206bda319cbf","Gateway":"172.17.0.1","GlobalIPv6Address":"","GlobalIPv6PrefixLen":0,"IPAddress":"172.17.0.3","IPPrefixLen":16,"IPv6Gateway":"","MacAddress":"02:42:ac:11:00:03","Networks":{"bridge":{"IPAMConfig":null,"Links":null,"Aliases":null,"NetworkID":"1853cd2b9856825cc97ed9ef2b12efa82d95bf9cf60ad666c276eb35cc53539e","EndpointID":"93e8fe159f683a98670e8995677c2b130dbce857fc116679206e206bda319cbf","Gateway":"172.17.0.1","IPAddress":"172.17.0.3","IPPrefixLen":16,"IPv6Gateway":"","GlobalIPv6Address":"","GlobalIPv6PrefixLen":0,"MacAddress":"02:42:ac:11:00:03","DriverOpts":null}}}}[\n]"
03:32:53.089 [main] DEBUG com.github.dockerjava.zerodep.shaded.org.apache.hc.client5.http.wire - http-outgoing-2 << "[\r][\n]"
03:32:53.089 [main] DEBUG com.github.dockerjava.zerodep.shaded.org.apache.hc.client5.http.wire - http-outgoing-2 << "0[\r][\n]"
03:32:53.089 [main] DEBUG com.github.dockerjava.zerodep.shaded.org.apache.hc.client5.http.wire - http-outgoing-2 << "[\r][\n]"
03:32:53.089 [main] DEBUG com.github.dockerjava.zerodep.shaded.org.apache.hc.client5.http.headers - http-outgoing-2 << HTTP/1.1 200 OK
03:32:53.090 [main] DEBUG com.github.dockerjava.zerodep.shaded.org.apache.hc.client5.http.headers - http-outgoing-2 << Api-Version: 1.41
03:32:53.090 [main] DEBUG com.github.dockerjava.zerodep.shaded.org.apache.hc.client5.http.headers - http-outgoing-2 << Content-Type: application/json
03:32:53.090 [main] DEBUG com.github.dockerjava.zerodep.shaded.org.apache.hc.client5.http.headers - http-outgoing-2 << Docker-Experimental: false
03:32:53.090 [main] DEBUG com.github.dockerjava.zerodep.shaded.org.apache.hc.client5.http.headers - http-outgoing-2 << Ostype: linux
03:32:53.090 [main] DEBUG com.github.dockerjava.zerodep.shaded.org.apache.hc.client5.http.headers - http-outgoing-2 << Server: Docker/20.10.12 (linux)
03:32:53.090 [main] DEBUG com.github.dockerjava.zerodep.shaded.org.apache.hc.client5.http.headers - http-outgoing-2 << Date: Thu, 23 Jun 2022 02:32:53 GMT
03:32:53.090 [main] DEBUG com.github.dockerjava.zerodep.shaded.org.apache.hc.client5.http.headers - http-outgoing-2 << Transfer-Encoding: chunked
03:32:53.092 [main] DEBUG com.github.dockerjava.zerodep.shaded.org.apache.hc.client5.http.impl.classic.MainClientExec - ex-0000003D: connection can be kept alive for 3 MINUTES
03:32:53.094 [main] DEBUG com.github.dockerjava.zerodep.shaded.org.apache.hc.client5.http.impl.classic.InternalHttpClient - ep-0000003C: releasing valid endpoint
03:32:53.094 [main] DEBUG com.github.dockerjava.zerodep.shaded.org.apache.hc.client5.http.impl.io.PoolingHttpClientConnectionManager - ep-0000003C: releasing endpoint
03:32:53.095 [main] DEBUG com.github.dockerjava.zerodep.shaded.org.apache.hc.client5.http.impl.io.PoolingHttpClientConnectionManager - ep-0000003C: connection http-outgoing-2 can be kept alive for 3 MINUTES
03:32:53.095 [main] DEBUG com.github.dockerjava.zerodep.shaded.org.apache.hc.client5.http.impl.io.PoolingHttpClientConnectionManager - ep-0000003C: connection released [route: {}->unix://localhost:2375][total available: 1; route allocated: 1 of 2147483647; total allocated: 1 of 2147483647]
03:32:53.095 [main] DEBUG 🐳 [mysql:8.0] - Trying to create JDBC connection using com.mysql.cj.jdbc.Driver to jdbc:mysql://localhost:49160/test?useSSL=false&allowPublicKeyRetrieval=true with properties: {password=admin, user=admin}
03:32:53.209 [main] DEBUG org.testcontainers.shaded.com.github.dockerjava.core.command.AbstrDockerCmd - Cmd: 9691e31891711283f4d98263d11bc6156717d3e75a0b86a23f3b128a992c1f38,false
03:32:53.209 [main] DEBUG org.testcontainers.shaded.com.github.dockerjava.core.exec.InspectContainerCmdExec - GET: DefaultWebTarget{path=[/containers/9691e31891711283f4d98263d11bc6156717d3e75a0b86a23f3b128a992c1f38/json], queryParams={}}
03:32:53.209 [main] DEBUG com.github.dockerjava.zerodep.shaded.org.apache.hc.client5.http.impl.classic.InternalHttpClient - ex-0000003E: preparing request execution
03:32:53.209 [main] DEBUG com.github.dockerjava.zerodep.shaded.org.apache.hc.client5.http.protocol.RequestAddCookies - Cookie spec selected: strict
03:32:53.209 [main] DEBUG com.github.dockerjava.zerodep.shaded.org.apache.hc.client5.http.protocol.RequestAuthCache - Auth cache not set in the context
03:32:53.209 [main] DEBUG com.github.dockerjava.zerodep.shaded.org.apache.hc.client5.http.impl.classic.ProtocolExec - ex-0000003E: target auth state: UNCHALLENGED
03:32:53.209 [main] DEBUG com.github.dockerjava.zerodep.shaded.org.apache.hc.client5.http.impl.classic.ProtocolExec - ex-0000003E: proxy auth state: UNCHALLENGED
03:32:53.209 [main] DEBUG com.github.dockerjava.zerodep.shaded.org.apache.hc.client5.http.impl.classic.ConnectExec - ex-0000003E: acquiring connection with route {}->unix://localhost:2375
03:32:53.209 [main] DEBUG com.github.dockerjava.zerodep.shaded.org.apache.hc.client5.http.impl.classic.InternalHttpClient - ex-0000003E: acquiring endpoint (3 MINUTES)
03:32:53.209 [main] DEBUG com.github.dockerjava.zerodep.shaded.org.apache.hc.client5.http.impl.io.PoolingHttpClientConnectionManager - ex-0000003E: endpoint lease request (3 MINUTES) [route: {}->unix://localhost:2375][total available: 1; route allocated: 1 of 2147483647; total allocated: 1 of 2147483647]
03:32:53.209 [main] DEBUG com.github.dockerjava.zerodep.shaded.org.apache.hc.client5.http.impl.io.PoolingHttpClientConnectionManager - ex-0000003E: endpoint leased [route: {}->unix://localhost:2375][total available: 0; route allocated: 1 of 2147483647; total allocated: 1 of 2147483647]
03:32:53.210 [main] DEBUG com.github.dockerjava.zerodep.shaded.org.apache.hc.client5.http.impl.io.PoolingHttpClientConnectionManager - ex-0000003E: acquired ep-0000003D
03:32:53.210 [main] DEBUG com.github.dockerjava.zerodep.shaded.org.apache.hc.client5.http.impl.classic.InternalHttpClient - ex-0000003E: acquired endpoint ep-0000003D
03:32:53.210 [main] DEBUG com.github.dockerjava.zerodep.shaded.org.apache.hc.client5.http.impl.classic.MainClientExec - ex-0000003E: executing GET /v1.32/containers/9691e31891711283f4d98263d11bc6156717d3e75a0b86a23f3b128a992c1f38/json HTTP/1.1
03:32:53.210 [main] DEBUG com.github.dockerjava.zerodep.shaded.org.apache.hc.client5.http.impl.classic.InternalHttpClient - ep-0000003D: start execution ex-0000003E
03:32:53.210 [main] DEBUG com.github.dockerjava.zerodep.shaded.org.apache.hc.client5.http.impl.io.PoolingHttpClientConnectionManager - ep-0000003D: executing exchange ex-0000003E over http-outgoing-2
03:32:53.210 [main] DEBUG com.github.dockerjava.zerodep.shaded.org.apache.hc.client5.http.headers - http-outgoing-2 >> GET /v1.32/containers/9691e31891711283f4d98263d11bc6156717d3e75a0b86a23f3b128a992c1f38/json HTTP/1.1
03:32:53.210 [main] DEBUG com.github.dockerjava.zerodep.shaded.org.apache.hc.client5.http.headers - http-outgoing-2 >> accept: application/json
03:32:53.210 [main] DEBUG com.github.dockerjava.zerodep.shaded.org.apache.hc.client5.http.headers - http-outgoing-2 >> Accept-Encoding: gzip, x-gzip, deflate
03:32:53.210 [main] DEBUG com.github.dockerjava.zerodep.shaded.org.apache.hc.client5.http.headers - http-outgoing-2 >> Host: localhost:2375
03:32:53.210 [main] DEBUG com.github.dockerjava.zerodep.shaded.org.apache.hc.client5.http.headers - http-outgoing-2 >> Connection: keep-alive
03:32:53.210 [main] DEBUG com.github.dockerjava.zerodep.shaded.org.apache.hc.client5.http.headers - http-outgoing-2 >> User-Agent: Apache-HttpClient/5.0.3 (Java/11.0.15)
03:32:53.210 [main] DEBUG com.github.dockerjava.zerodep.shaded.org.apache.hc.client5.http.wire - http-outgoing-2 >> "GET /v1.32/containers/9691e31891711283f4d98263d11bc6156717d3e75a0b86a23f3b128a992c1f38/json HTTP/1.1[\r][\n]"
03:32:53.210 [main] DEBUG com.github.dockerjava.zerodep.shaded.org.apache.hc.client5.http.wire - http-outgoing-2 >> "accept: application/json[\r][\n]"
03:32:53.210 [main] DEBUG com.github.dockerjava.zerodep.shaded.org.apache.hc.client5.http.wire - http-outgoing-2 >> "Accept-Encoding: gzip, x-gzip, deflate[\r][\n]"
03:32:53.210 [main] DEBUG com.github.dockerjava.zerodep.shaded.org.apache.hc.client5.http.wire - http-outgoing-2 >> "Host: localhost:2375[\r][\n]"
03:32:53.210 [main] DEBUG com.github.dockerjava.zerodep.shaded.org.apache.hc.client5.http.wire - http-outgoing-2 >> "Connection: keep-alive[\r][\n]"
03:32:53.210 [main] DEBUG com.github.dockerjava.zerodep.shaded.org.apache.hc.client5.http.wire - http-outgoing-2 >> "User-Agent: Apache-HttpClient/5.0.3 (Java/11.0.15)[\r][\n]"
03:32:53.210 [main] DEBUG com.github.dockerjava.zerodep.shaded.org.apache.hc.client5.http.wire - http-outgoing-2 >> "[\r][\n]"
03:32:53.210 [main] DEBUG com.github.dockerjava.zerodep.shaded.org.apache.hc.client5.http.wire - http-outgoing-2 << "HTTP/1.1 200 OK[\r][\n]"
03:32:53.210 [main] DEBUG com.github.dockerjava.zerodep.shaded.org.apache.hc.client5.http.wire - http-outgoing-2 << "Api-Version: 1.41[\r][\n]"
03:32:53.210 [main] DEBUG com.github.dockerjava.zerodep.shaded.org.apache.hc.client5.http.wire - http-outgoing-2 << "Content-Type: application/json[\r][\n]"
03:32:53.210 [main] DEBUG com.github.dockerjava.zerodep.shaded.org.apache.hc.client5.http.wire - http-outgoing-2 << "Docker-Experimental: false[\r][\n]"
03:32:53.210 [main] DEBUG com.github.dockerjava.zerodep.shaded.org.apache.hc.client5.http.wire - http-outgoing-2 << "Ostype: linux[\r][\n]"
03:32:53.210 [main] DEBUG com.github.dockerjava.zerodep.shaded.org.apache.hc.client5.http.wire - http-outgoing-2 << "Server: Docker/20.10.12 (linux)[\r][\n]"
03:32:53.210 [main] DEBUG com.github.dockerjava.zerodep.shaded.org.apache.hc.client5.http.wire - http-outgoing-2 << "Date: Thu, 23 Jun 2022 02:32:53 GMT[\r][\n]"
03:32:53.210 [main] DEBUG com.github.dockerjava.zerodep.shaded.org.apache.hc.client5.http.wire - http-outgoing-2 << "Transfer-Encoding: chunked[\r][\n]"
03:32:53.210 [main] DEBUG com.github.dockerjava.zerodep.shaded.org.apache.hc.client5.http.wire - http-outgoing-2 << "[\r][\n]"
03:32:53.210 [main] DEBUG com.github.dockerjava.zerodep.shaded.org.apache.hc.client5.http.wire - http-outgoing-2 << "18ed[\r][\n]"
03:32:53.210 [main] DEBUG com.github.dockerjava.zerodep.shaded.org.apache.hc.client5.http.wire - http-outgoing-2 << "{"Id":"9691e31891711283f4d98263d11bc6156717d3e75a0b86a23f3b128a992c1f38","Created":"2022-06-23T02:32:47.03956921Z","Path":"docker-entrypoint.sh","Args":["mysqld"],"State":{"Status":"running","Running":true,"Paused":false,"Restarting":false,"OOMKilled":false,"Dead":false,"Pid":66188,"ExitCode":0,"Error":"","StartedAt":"2022-06-23T02:32:47.703880551Z","FinishedAt":"0001-01-01T00:00:00Z"},"Image":"sha256:65b636d5542b73254ce90cc4b895597dc1adc2c661ca553c38eda159979dded1","ResolvConfPath":"/var/lib/docker/containers/9691e31891711283f4d98263d11bc6156717d3e75a0b86a23f3b128a992c1f38/resolv.conf","HostnamePath":"/var/lib/docker/containers/9691e31891711283f4d98263d11bc6156717d3e75a0b86a23f3b128a992c1f38/hostname","HostsPath":"/var/lib/docker/containers/9691e31891711283f4d98263d11bc6156717d3e75a0b86a23f3b128a992c1f38/hosts","LogPath":"/var/lib/docker/containers/9691e31891711283f4d98263d11bc6156717d3e75a0b86a23f3b128a992c1f38/9691e31891711283f4d98263d11bc6156717d3e75a0b86a23f3b128a992c1f38-json.log","Name":"/xenodochial_satoshi","RestartCount":0,"Driver":"overlay2","Platform":"linux","MountLabel":"","ProcessLabel":"","AppArmorProfile":"docker-default","ExecIDs":null,"HostConfig":{"Binds":[],"ContainerIDFile":"","LogConfig":{"Type":"json-file","Config":{}},"NetworkMode":"default","PortBindings":{"3306/tcp":[{"HostIp":"","HostPort":""}]},"RestartPolicy":{"Name":"","MaximumRetryCount":0},"AutoRemove":false,"VolumeDriver":"","VolumesFrom":[],"CapAdd":null,"CapDrop":null,"CgroupnsMode":"host","Dns":null,"DnsOptions":null,"DnsSearch":null,"ExtraHosts":[],"GroupAdd":null,"IpcMode":"shareable","Cgroup":"","Links":null,"OomScoreAdj":0,"PidMode":"","Privileged":false,"PublishAllPorts":false,"ReadonlyRootfs":false,"SecurityOpt":null,"UTSMode":"","UsernsMode":"","ShmSize":67108864,"Runtime":"runc","ConsoleSize":[0,0],"Isolation":"","CpuShares":0,"Memory":0,"NanoCpus":0,"CgroupParent":"","BlkioWeight":0,"BlkioWeightDevice":null,"BlkioDeviceReadBps":null,"BlkioDeviceWriteBps":null,"BlkioDeviceReadIOps":null,"BlkioDeviceWriteIOps":null,"CpuPeriod":0,"CpuQuota":0,"CpuRealtimePeriod":0,"CpuRealtimeRuntime":0,"CpusetCpus":"","CpusetMems":"","Devices":null,"DeviceCgroupRules":null,"DeviceRequests":null,"KernelMemory":0,"KernelMemoryTCP":0,"MemoryReservation":0,"MemorySwap":0,"MemorySwappiness":null,"OomKillDisable":false,"PidsLimit":null,"Ulimits":null,"CpuCount":0,"CpuPercent":0,"IOMaximumIOps":0,"IOMaximumBandwidth":0,"MaskedPaths":["/proc/asound","/proc/acpi","/proc/kcore","/proc/keys","/proc/latency_stats","/proc/timer_list","/proc/timer_stats","/proc/sched_debug","/proc/scsi","/sys/firmware"],"ReadonlyPaths":["/proc/bus","/proc/fs","/proc/irq","/proc/sys","/proc/sysrq-trigger"]},"GraphDriver":{"Data":{"LowerDir":"/var/lib/docker/overlay2/5529564f52cf969e31e7a1482c27be7ffed19639b506ae2e15b7e7115f699a73-init/diff:/var/lib/docker/overlay2/833a665819b5d9728d3efa7c33135034345a24f83af53b1a1af33d9b64f5492a/diff:/var/lib/docker/overlay2/bd4a2a46c227c2f15475b08c398f37acaab93f4fdba31de015d730efae0a0cfc/diff:/var/lib/docker/overlay2/31ad437d7cba8e64428a2b62db1bbb2a2ec19ca4e439ec493ef4deb50dce2783/diff:/var/lib/docker/overlay2/35173cbd8ec5b88a8888e9abbe75f8694f5d3f96a9b781bb70dc1f0889685741/diff:/var/lib/docker/overlay2/24bf69ac4e8c81062fee44e7c9f746fffbb139c3f7f4b55b4fd1b23bb101b529/diff:/var/lib/docker/overlay2/2f27c96a7775dad186b6f0da325d5a251c80aa1b7f80cf8520f493c5154aee70/diff:/var/lib/docker/overlay2/463a60088c72ddbea82639ded15801e35a79c443f6a26bf1baf320c683cb06af/diff:/var/lib/docker/overlay2/80b8224b23a2ee4b5be635c58ae579fd1913aa95558cd66ab2f5e8430f00a5b8/diff:/var/lib/docker/overlay2/20451fa0b1a07b85d665bc3a0359d721ce4e4c28fa3bce7456ab25e0babae708/diff:/var/lib/docker/overlay2/f80d865cbc6c1c6f57d0963fa6234e7a6409e079eb17f4f13ca41d02731701ad/diff:/var/lib/docker/overlay2/5a3029e0b57c6ec9b985871ff6adf08356aaa0f2a15f1e34c1a7f116ecc4a61d/diff:/var/lib/docker/overlay2/4f3423103248d0b381a1bc6a7287e2b42313ff458cea602a02b7379014b03e0e/diff","MergedDir":"/var/lib/docker/overlay2/5529564f52cf969e31e7a1482c27be7ffed19639b506ae2e15b7e7115f699a73/merged","UpperDir":"/var/lib/docker/overlay2/5529564f52cf969e31e7a1482c27be7ffed19639b506ae2e15b7e7115f699a73/diff","WorkDir":"/var/lib/docker/overlay2/5529564f52cf969e31e7a1482c27be7ffed19639b506ae2e15b7e7115f699a73/work"},"Name":"overlay2"},"Mounts":[{"Type":"volume","Name":"fd1f613c7fe3ca3ae799982507ac3f565cc9f6a2dc99ceaed92389e2c43f47d1","Source":"/var/lib/docker/volumes/fd1f613c7fe3ca3ae799982507ac3f565cc9f6a2dc99ceaed92389e2c43f47d1/_data","Destination":"/var/lib/mysql","Driver":"local","Mode":"","RW":true,"Propagation":""}],"Config":{"Hostname":"9691e3189171","Domainname":"","User":"","AttachStdin":false,"AttachStdout":false,"AttachStderr":false,"ExposedPorts":{"3306/tcp":{},"33060/tcp":{}},"Tty":false,"OpenStdin":false,"StdinOnce":false,"Env":["MYSQL_DATABASE=test","MYSQL_PASSWORD=admin","MYSQL_USER=admin","MYSQL_ROOT_PASSWORD=admin","PATH=/usr/local/sbin:/usr/local/bin:/usr/sbin:/usr/bin:/sbin:/bin","GOSU_VERSION=1.14","MYSQL_MAJOR=8.0","MYSQL_VERSION=8.0.29-1debian10"],"Cmd":["mysqld"],"Image":"mysql:8.0","Volumes":{"/var/lib/mysql":{}},"WorkingDir":"","Entrypoint":["docker-entrypoint.sh"],"OnBuild":null,"Labels":{"org.testcontainers":"true","org.testcontainers.sessionId":"d48265e4-2b28-4f8c-aa67-76dd8289af84"}},"NetworkSettings":{"Bridge":"","SandboxID":"d9de8570fe3f0a4e9f3a1ff7101c963bbd2c6a0a9d8a867b96f17f4d5edca537","HairpinMode":false,"LinkLocalIPv6Address":"","LinkLocalIPv6PrefixLen":0,"Ports":{"3306/tcp":[{"HostIp":"0.0.0.0","HostPort":"49160"},{"HostIp":"::","HostPort":"49160"}],"33060/tcp":null},"SandboxKey":"/var/run/docker/netns/d9de8570fe3f","SecondaryIPAddresses":null,"SecondaryIPv6Addresses":null,"EndpointID":"93e8fe159f683a98670e8995677c2b130dbce857fc116679206e206bda319cbf","Gateway":"172.17.0.1","GlobalIPv6Address":"","GlobalIPv6PrefixLen":0,"IPAddress":"172.17.0.3","IPPrefixLen":16,"IPv6Gateway":"","MacAddress":"02:42:ac:11:00:03","Networks":{"bridge":{"IPAMConfig":null,"Links":null,"Aliases":null,"NetworkID":"1853cd2b9856825cc97ed9ef2b12efa82d95bf9cf60ad666c276eb35cc53539e","EndpointID":"93e8fe159f683a98670e8995677c2b130dbce857fc116679206e206bda319cbf","Gateway":"172.17.0.1","IPAddress":"172.17.0.3","IPPrefixLen":16,"IPv6Gateway":"","GlobalIPv6Address":"","GlobalIPv6PrefixLen":0,"MacAddress":"02:42:ac:11:00:03","DriverOpts":null}}}}[\n]"
03:32:53.211 [main] DEBUG com.github.dockerjava.zerodep.shaded.org.apache.hc.client5.http.wire - http-outgoing-2 << "[\r][\n]"
03:32:53.211 [main] DEBUG com.github.dockerjava.zerodep.shaded.org.apache.hc.client5.http.wire - http-outgoing-2 << "0[\r][\n]"
03:32:53.211 [main] DEBUG com.github.dockerjava.zerodep.shaded.org.apache.hc.client5.http.wire - http-outgoing-2 << "[\r][\n]"
03:32:53.211 [main] DEBUG com.github.dockerjava.zerodep.shaded.org.apache.hc.client5.http.headers - http-outgoing-2 << HTTP/1.1 200 OK
03:32:53.211 [main] DEBUG com.github.dockerjava.zerodep.shaded.org.apache.hc.client5.http.headers - http-outgoing-2 << Api-Version: 1.41
03:32:53.211 [main] DEBUG com.github.dockerjava.zerodep.shaded.org.apache.hc.client5.http.headers - http-outgoing-2 << Content-Type: application/json
03:32:53.211 [main] DEBUG com.github.dockerjava.zerodep.shaded.org.apache.hc.client5.http.headers - http-outgoing-2 << Docker-Experimental: false
03:32:53.211 [main] DEBUG com.github.dockerjava.zerodep.shaded.org.apache.hc.client5.http.headers - http-outgoing-2 << Ostype: linux
03:32:53.211 [main] DEBUG com.github.dockerjava.zerodep.shaded.org.apache.hc.client5.http.headers - http-outgoing-2 << Server: Docker/20.10.12 (linux)
03:32:53.211 [main] DEBUG com.github.dockerjava.zerodep.shaded.org.apache.hc.client5.http.headers - http-outgoing-2 << Date: Thu, 23 Jun 2022 02:32:53 GMT
03:32:53.211 [main] DEBUG com.github.dockerjava.zerodep.shaded.org.apache.hc.client5.http.headers - http-outgoing-2 << Transfer-Encoding: chunked
03:32:53.211 [main] DEBUG com.github.dockerjava.zerodep.shaded.org.apache.hc.client5.http.impl.classic.MainClientExec - ex-0000003E: connection can be kept alive for 3 MINUTES
03:32:53.212 [main] DEBUG com.github.dockerjava.zerodep.shaded.org.apache.hc.client5.http.impl.classic.InternalHttpClient - ep-0000003D: releasing valid endpoint
03:32:53.212 [main] DEBUG com.github.dockerjava.zerodep.shaded.org.apache.hc.client5.http.impl.io.PoolingHttpClientConnectionManager - ep-0000003D: releasing endpoint
03:32:53.212 [main] DEBUG com.github.dockerjava.zerodep.shaded.org.apache.hc.client5.http.impl.io.PoolingHttpClientConnectionManager - ep-0000003D: connection http-outgoing-2 can be kept alive for 3 MINUTES
03:32:53.212 [main] DEBUG com.github.dockerjava.zerodep.shaded.org.apache.hc.client5.http.impl.io.PoolingHttpClientConnectionManager - ep-0000003D: connection released [route: {}->unix://localhost:2375][total available: 1; route allocated: 1 of 2147483647; total allocated: 1 of 2147483647]
03:32:53.212 [main] DEBUG 🐳 [mysql:8.0] - Trying to create JDBC connection using com.mysql.cj.jdbc.Driver to jdbc:mysql://localhost:49160/test?useSSL=false&allowPublicKeyRetrieval=true with properties: {password=admin, user=admin}
03:32:53.314 [main] DEBUG org.testcontainers.shaded.com.github.dockerjava.core.command.AbstrDockerCmd - Cmd: 9691e31891711283f4d98263d11bc6156717d3e75a0b86a23f3b128a992c1f38,false
03:32:53.314 [main] DEBUG org.testcontainers.shaded.com.github.dockerjava.core.exec.InspectContainerCmdExec - GET: DefaultWebTarget{path=[/containers/9691e31891711283f4d98263d11bc6156717d3e75a0b86a23f3b128a992c1f38/json], queryParams={}}
03:32:53.314 [main] DEBUG com.github.dockerjava.zerodep.shaded.org.apache.hc.client5.http.impl.classic.InternalHttpClient - ex-0000003F: preparing request execution
03:32:53.314 [main] DEBUG com.github.dockerjava.zerodep.shaded.org.apache.hc.client5.http.protocol.RequestAddCookies - Cookie spec selected: strict
03:32:53.314 [main] DEBUG com.github.dockerjava.zerodep.shaded.org.apache.hc.client5.http.protocol.RequestAuthCache - Auth cache not set in the context
03:32:53.314 [main] DEBUG com.github.dockerjava.zerodep.shaded.org.apache.hc.client5.http.impl.classic.ProtocolExec - ex-0000003F: target auth state: UNCHALLENGED
03:32:53.314 [main] DEBUG com.github.dockerjava.zerodep.shaded.org.apache.hc.client5.http.impl.classic.ProtocolExec - ex-0000003F: proxy auth state: UNCHALLENGED
03:32:53.314 [main] DEBUG com.github.dockerjava.zerodep.shaded.org.apache.hc.client5.http.impl.classic.ConnectExec - ex-0000003F: acquiring connection with route {}->unix://localhost:2375
03:32:53.314 [main] DEBUG com.github.dockerjava.zerodep.shaded.org.apache.hc.client5.http.impl.classic.InternalHttpClient - ex-0000003F: acquiring endpoint (3 MINUTES)
03:32:53.314 [main] DEBUG com.github.dockerjava.zerodep.shaded.org.apache.hc.client5.http.impl.io.PoolingHttpClientConnectionManager - ex-0000003F: endpoint lease request (3 MINUTES) [route: {}->unix://localhost:2375][total available: 1; route allocated: 1 of 2147483647; total allocated: 1 of 2147483647]
03:32:53.314 [main] DEBUG com.github.dockerjava.zerodep.shaded.org.apache.hc.client5.http.impl.io.PoolingHttpClientConnectionManager - ex-0000003F: endpoint leased [route: {}->unix://localhost:2375][total available: 0; route allocated: 1 of 2147483647; total allocated: 1 of 2147483647]
03:32:53.314 [main] DEBUG com.github.dockerjava.zerodep.shaded.org.apache.hc.client5.http.impl.io.PoolingHttpClientConnectionManager - ex-0000003F: acquired ep-0000003E
03:32:53.314 [main] DEBUG com.github.dockerjava.zerodep.shaded.org.apache.hc.client5.http.impl.classic.InternalHttpClient - ex-0000003F: acquired endpoint ep-0000003E
03:32:53.314 [main] DEBUG com.github.dockerjava.zerodep.shaded.org.apache.hc.client5.http.impl.classic.MainClientExec - ex-0000003F: executing GET /v1.32/containers/9691e31891711283f4d98263d11bc6156717d3e75a0b86a23f3b128a992c1f38/json HTTP/1.1
03:32:53.314 [main] DEBUG com.github.dockerjava.zerodep.shaded.org.apache.hc.client5.http.impl.classic.InternalHttpClient - ep-0000003E: start execution ex-0000003F
03:32:53.314 [main] DEBUG com.github.dockerjava.zerodep.shaded.org.apache.hc.client5.http.impl.io.PoolingHttpClientConnectionManager - ep-0000003E: executing exchange ex-0000003F over http-outgoing-2
03:32:53.315 [main] DEBUG com.github.dockerjava.zerodep.shaded.org.apache.hc.client5.http.headers - http-outgoing-2 >> GET /v1.32/containers/9691e31891711283f4d98263d11bc6156717d3e75a0b86a23f3b128a992c1f38/json HTTP/1.1
03:32:53.315 [main] DEBUG com.github.dockerjava.zerodep.shaded.org.apache.hc.client5.http.headers - http-outgoing-2 >> accept: application/json
03:32:53.315 [main] DEBUG com.github.dockerjava.zerodep.shaded.org.apache.hc.client5.http.headers - http-outgoing-2 >> Accept-Encoding: gzip, x-gzip, deflate
03:32:53.315 [main] DEBUG com.github.dockerjava.zerodep.shaded.org.apache.hc.client5.http.headers - http-outgoing-2 >> Host: localhost:2375
03:32:53.315 [main] DEBUG com.github.dockerjava.zerodep.shaded.org.apache.hc.client5.http.headers - http-outgoing-2 >> Connection: keep-alive
03:32:53.315 [main] DEBUG com.github.dockerjava.zerodep.shaded.org.apache.hc.client5.http.headers - http-outgoing-2 >> User-Agent: Apache-HttpClient/5.0.3 (Java/11.0.15)
03:32:53.315 [main] DEBUG com.github.dockerjava.zerodep.shaded.org.apache.hc.client5.http.wire - http-outgoing-2 >> "GET /v1.32/containers/9691e31891711283f4d98263d11bc6156717d3e75a0b86a23f3b128a992c1f38/json HTTP/1.1[\r][\n]"
03:32:53.315 [main] DEBUG com.github.dockerjava.zerodep.shaded.org.apache.hc.client5.http.wire - http-outgoing-2 >> "accept: application/json[\r][\n]"
03:32:53.315 [main] DEBUG com.github.dockerjava.zerodep.shaded.org.apache.hc.client5.http.wire - http-outgoing-2 >> "Accept-Encoding: gzip, x-gzip, deflate[\r][\n]"
03:32:53.315 [main] DEBUG com.github.dockerjava.zerodep.shaded.org.apache.hc.client5.http.wire - http-outgoing-2 >> "Host: localhost:2375[\r][\n]"
03:32:53.315 [main] DEBUG com.github.dockerjava.zerodep.shaded.org.apache.hc.client5.http.wire - http-outgoing-2 >> "Connection: keep-alive[\r][\n]"
03:32:53.315 [main] DEBUG com.github.dockerjava.zerodep.shaded.org.apache.hc.client5.http.wire - http-outgoing-2 >> "User-Agent: Apache-HttpClient/5.0.3 (Java/11.0.15)[\r][\n]"
03:32:53.315 [main] DEBUG com.github.dockerjava.zerodep.shaded.org.apache.hc.client5.http.wire - http-outgoing-2 >> "[\r][\n]"
03:32:53.315 [main] DEBUG com.github.dockerjava.zerodep.shaded.org.apache.hc.client5.http.wire - http-outgoing-2 << "HTTP/1.1 200 OK[\r][\n]"
03:32:53.315 [main] DEBUG com.github.dockerjava.zerodep.shaded.org.apache.hc.client5.http.wire - http-outgoing-2 << "Api-Version: 1.41[\r][\n]"
03:32:53.315 [main] DEBUG com.github.dockerjava.zerodep.shaded.org.apache.hc.client5.http.wire - http-outgoing-2 << "Content-Type: application/json[\r][\n]"
03:32:53.315 [main] DEBUG com.github.dockerjava.zerodep.shaded.org.apache.hc.client5.http.wire - http-outgoing-2 << "Docker-Experimental: false[\r][\n]"
03:32:53.315 [main] DEBUG com.github.dockerjava.zerodep.shaded.org.apache.hc.client5.http.wire - http-outgoing-2 << "Ostype: linux[\r][\n]"
03:32:53.315 [main] DEBUG com.github.dockerjava.zerodep.shaded.org.apache.hc.client5.http.wire - http-outgoing-2 << "Server: Docker/20.10.12 (linux)[\r][\n]"
03:32:53.315 [main] DEBUG com.github.dockerjava.zerodep.shaded.org.apache.hc.client5.http.wire - http-outgoing-2 << "Date: Thu, 23 Jun 2022 02:32:53 GMT[\r][\n]"
03:32:53.315 [main] DEBUG com.github.dockerjava.zerodep.shaded.org.apache.hc.client5.http.wire - http-outgoing-2 << "Transfer-Encoding: chunked[\r][\n]"
03:32:53.315 [main] DEBUG com.github.dockerjava.zerodep.shaded.org.apache.hc.client5.http.wire - http-outgoing-2 << "[\r][\n]"
03:32:53.315 [main] DEBUG com.github.dockerjava.zerodep.shaded.org.apache.hc.client5.http.wire - http-outgoing-2 << "18ed[\r][\n]"
03:32:53.315 [main] DEBUG com.github.dockerjava.zerodep.shaded.org.apache.hc.client5.http.wire - http-outgoing-2 << "{"Id":"9691e31891711283f4d98263d11bc6156717d3e75a0b86a23f3b128a992c1f38","Created":"2022-06-23T02:32:47.03956921Z","Path":"docker-entrypoint.sh","Args":["mysqld"],"State":{"Status":"running","Running":true,"Paused":false,"Restarting":false,"OOMKilled":false,"Dead":false,"Pid":66188,"ExitCode":0,"Error":"","StartedAt":"2022-06-23T02:32:47.703880551Z","FinishedAt":"0001-01-01T00:00:00Z"},"Image":"sha256:65b636d5542b73254ce90cc4b895597dc1adc2c661ca553c38eda159979dded1","ResolvConfPath":"/var/lib/docker/containers/9691e31891711283f4d98263d11bc6156717d3e75a0b86a23f3b128a992c1f38/resolv.conf","HostnamePath":"/var/lib/docker/containers/9691e31891711283f4d98263d11bc6156717d3e75a0b86a23f3b128a992c1f38/hostname","HostsPath":"/var/lib/docker/containers/9691e31891711283f4d98263d11bc6156717d3e75a0b86a23f3b128a992c1f38/hosts","LogPath":"/var/lib/docker/containers/9691e31891711283f4d98263d11bc6156717d3e75a0b86a23f3b128a992c1f38/9691e31891711283f4d98263d11bc6156717d3e75a0b86a23f3b128a992c1f38-json.log","Name":"/xenodochial_satoshi","RestartCount":0,"Driver":"overlay2","Platform":"linux","MountLabel":"","ProcessLabel":"","AppArmorProfile":"docker-default","ExecIDs":null,"HostConfig":{"Binds":[],"ContainerIDFile":"","LogConfig":{"Type":"json-file","Config":{}},"NetworkMode":"default","PortBindings":{"3306/tcp":[{"HostIp":"","HostPort":""}]},"RestartPolicy":{"Name":"","MaximumRetryCount":0},"AutoRemove":false,"VolumeDriver":"","VolumesFrom":[],"CapAdd":null,"CapDrop":null,"CgroupnsMode":"host","Dns":null,"DnsOptions":null,"DnsSearch":null,"ExtraHosts":[],"GroupAdd":null,"IpcMode":"shareable","Cgroup":"","Links":null,"OomScoreAdj":0,"PidMode":"","Privileged":false,"PublishAllPorts":false,"ReadonlyRootfs":false,"SecurityOpt":null,"UTSMode":"","UsernsMode":"","ShmSize":67108864,"Runtime":"runc","ConsoleSize":[0,0],"Isolation":"","CpuShares":0,"Memory":0,"NanoCpus":0,"CgroupParent":"","BlkioWeight":0,"BlkioWeightDevice":null,"BlkioDeviceReadBps":null,"BlkioDeviceWriteBps":null,"BlkioDeviceReadIOps":null,"BlkioDeviceWriteIOps":null,"CpuPeriod":0,"CpuQuota":0,"CpuRealtimePeriod":0,"CpuRealtimeRuntime":0,"CpusetCpus":"","CpusetMems":"","Devices":null,"DeviceCgroupRules":null,"DeviceRequests":null,"KernelMemory":0,"KernelMemoryTCP":0,"MemoryReservation":0,"MemorySwap":0,"MemorySwappiness":null,"OomKillDisable":false,"PidsLimit":null,"Ulimits":null,"CpuCount":0,"CpuPercent":0,"IOMaximumIOps":0,"IOMaximumBandwidth":0,"MaskedPaths":["/proc/asound","/proc/acpi","/proc/kcore","/proc/keys","/proc/latency_stats","/proc/timer_list","/proc/timer_stats","/proc/sched_debug","/proc/scsi","/sys/firmware"],"ReadonlyPaths":["/proc/bus","/proc/fs","/proc/irq","/proc/sys","/proc/sysrq-trigger"]},"GraphDriver":{"Data":{"LowerDir":"/var/lib/docker/overlay2/5529564f52cf969e31e7a1482c27be7ffed19639b506ae2e15b7e7115f699a73-init/diff:/var/lib/docker/overlay2/833a665819b5d9728d3efa7c33135034345a24f83af53b1a1af33d9b64f5492a/diff:/var/lib/docker/overlay2/bd4a2a46c227c2f15475b08c398f37acaab93f4fdba31de015d730efae0a0cfc/diff:/var/lib/docker/overlay2/31ad437d7cba8e64428a2b62db1bbb2a2ec19ca4e439ec493ef4deb50dce2783/diff:/var/lib/docker/overlay2/35173cbd8ec5b88a8888e9abbe75f8694f5d3f96a9b781bb70dc1f0889685741/diff:/var/lib/docker/overlay2/24bf69ac4e8c81062fee44e7c9f746fffbb139c3f7f4b55b4fd1b23bb101b529/diff:/var/lib/docker/overlay2/2f27c96a7775dad186b6f0da325d5a251c80aa1b7f80cf8520f493c5154aee70/diff:/var/lib/docker/overlay2/463a60088c72ddbea82639ded15801e35a79c443f6a26bf1baf320c683cb06af/diff:/var/lib/docker/overlay2/80b8224b23a2ee4b5be635c58ae579fd1913aa95558cd66ab2f5e8430f00a5b8/diff:/var/lib/docker/overlay2/20451fa0b1a07b85d665bc3a0359d721ce4e4c28fa3bce7456ab25e0babae708/diff:/var/lib/docker/overlay2/f80d865cbc6c1c6f57d0963fa6234e7a6409e079eb17f4f13ca41d02731701ad/diff:/var/lib/docker/overlay2/5a3029e0b57c6ec9b985871ff6adf08356aaa0f2a15f1e34c1a7f116ecc4a61d/diff:/var/lib/docker/overlay2/4f3423103248d0b381a1bc6a7287e2b42313ff458cea602a02b7379014b03e0e/diff","MergedDir":"/var/lib/docker/overlay2/5529564f52cf969e31e7a1482c27be7ffed19639b506ae2e15b7e7115f699a73/merged","UpperDir":"/var/lib/docker/overlay2/5529564f52cf969e31e7a1482c27be7ffed19639b506ae2e15b7e7115f699a73/diff","WorkDir":"/var/lib/docker/overlay2/5529564f52cf969e31e7a1482c27be7ffed19639b506ae2e15b7e7115f699a73/work"},"Name":"overlay2"},"Mounts":[{"Type":"volume","Name":"fd1f613c7fe3ca3ae799982507ac3f565cc9f6a2dc99ceaed92389e2c43f47d1","Source":"/var/lib/docker/volumes/fd1f613c7fe3ca3ae799982507ac3f565cc9f6a2dc99ceaed92389e2c43f47d1/_data","Destination":"/var/lib/mysql","Driver":"local","Mode":"","RW":true,"Propagation":""}],"Config":{"Hostname":"9691e3189171","Domainname":"","User":"","AttachStdin":false,"AttachStdout":false,"AttachStderr":false,"ExposedPorts":{"3306/tcp":{},"33060/tcp":{}},"Tty":false,"OpenStdin":false,"StdinOnce":false,"Env":["MYSQL_DATABASE=test","MYSQL_PASSWORD=admin","MYSQL_USER=admin","MYSQL_ROOT_PASSWORD=admin","PATH=/usr/local/sbin:/usr/local/bin:/usr/sbin:/usr/bin:/sbin:/bin","GOSU_VERSION=1.14","MYSQL_MAJOR=8.0","MYSQL_VERSION=8.0.29-1debian10"],"Cmd":["mysqld"],"Image":"mysql:8.0","Volumes":{"/var/lib/mysql":{}},"WorkingDir":"","Entrypoint":["docker-entrypoint.sh"],"OnBuild":null,"Labels":{"org.testcontainers":"true","org.testcontainers.sessionId":"d48265e4-2b28-4f8c-aa67-76dd8289af84"}},"NetworkSettings":{"Bridge":"","SandboxID":"d9de8570fe3f0a4e9f3a1ff7101c963bbd2c6a0a9d8a867b96f17f4d5edca537","HairpinMode":false,"LinkLocalIPv6Address":"","LinkLocalIPv6PrefixLen":0,"Ports":{"3306/tcp":[{"HostIp":"0.0.0.0","HostPort":"49160"},{"HostIp":"::","HostPort":"49160"}],"33060/tcp":null},"SandboxKey":"/var/run/docker/netns/d9de8570fe3f","SecondaryIPAddresses":null,"SecondaryIPv6Addresses":null,"EndpointID":"93e8fe159f683a98670e8995677c2b130dbce857fc116679206e206bda319cbf","Gateway":"172.17.0.1","GlobalIPv6Address":"","GlobalIPv6PrefixLen":0,"IPAddress":"172.17.0.3","IPPrefixLen":16,"IPv6Gateway":"","MacAddress":"02:42:ac:11:00:03","Networks":{"bridge":{"IPAMConfig":null,"Links":null,"Aliases":null,"NetworkID":"1853cd2b9856825cc97ed9ef2b12efa82d95bf9cf60ad666c276eb35cc53539e","EndpointID":"93e8fe159f683a98670e8995677c2b130dbce857fc116679206e206bda319cbf","Gateway":"172.17.0.1","IPAddress":"172.17.0.3","IPPrefixLen":16,"IPv6Gateway":"","GlobalIPv6Address":"","GlobalIPv6PrefixLen":0,"MacAddress":"02:42:ac:11:00:03","DriverOpts":null}}}}[\n]"
03:32:53.315 [main] DEBUG com.github.dockerjava.zerodep.shaded.org.apache.hc.client5.http.wire - http-outgoing-2 << "[\r][\n]"
03:32:53.315 [main] DEBUG com.github.dockerjava.zerodep.shaded.org.apache.hc.client5.http.wire - http-outgoing-2 << "0[\r][\n]"
03:32:53.315 [main] DEBUG com.github.dockerjava.zerodep.shaded.org.apache.hc.client5.http.wire - http-outgoing-2 << "[\r][\n]"
03:32:53.315 [main] DEBUG com.github.dockerjava.zerodep.shaded.org.apache.hc.client5.http.headers - http-outgoing-2 << HTTP/1.1 200 OK
03:32:53.315 [main] DEBUG com.github.dockerjava.zerodep.shaded.org.apache.hc.client5.http.headers - http-outgoing-2 << Api-Version: 1.41
03:32:53.315 [main] DEBUG com.github.dockerjava.zerodep.shaded.org.apache.hc.client5.http.headers - http-outgoing-2 << Content-Type: application/json
03:32:53.315 [main] DEBUG com.github.dockerjava.zerodep.shaded.org.apache.hc.client5.http.headers - http-outgoing-2 << Docker-Experimental: false
03:32:53.315 [main] DEBUG com.github.dockerjava.zerodep.shaded.org.apache.hc.client5.http.headers - http-outgoing-2 << Ostype: linux
03:32:53.315 [main] DEBUG com.github.dockerjava.zerodep.shaded.org.apache.hc.client5.http.headers - http-outgoing-2 << Server: Docker/20.10.12 (linux)
03:32:53.315 [main] DEBUG com.github.dockerjava.zerodep.shaded.org.apache.hc.client5.http.headers - http-outgoing-2 << Date: Thu, 23 Jun 2022 02:32:53 GMT
03:32:53.315 [main] DEBUG com.github.dockerjava.zerodep.shaded.org.apache.hc.client5.http.headers - http-outgoing-2 << Transfer-Encoding: chunked
03:32:53.316 [main] DEBUG com.github.dockerjava.zerodep.shaded.org.apache.hc.client5.http.impl.classic.MainClientExec - ex-0000003F: connection can be kept alive for 3 MINUTES
03:32:53.316 [main] DEBUG com.github.dockerjava.zerodep.shaded.org.apache.hc.client5.http.impl.classic.InternalHttpClient - ep-0000003E: releasing valid endpoint
03:32:53.317 [main] DEBUG com.github.dockerjava.zerodep.shaded.org.apache.hc.client5.http.impl.io.PoolingHttpClientConnectionManager - ep-0000003E: releasing endpoint
03:32:53.317 [main] DEBUG com.github.dockerjava.zerodep.shaded.org.apache.hc.client5.http.impl.io.PoolingHttpClientConnectionManager - ep-0000003E: connection http-outgoing-2 can be kept alive for 3 MINUTES
03:32:53.317 [main] DEBUG com.github.dockerjava.zerodep.shaded.org.apache.hc.client5.http.impl.io.PoolingHttpClientConnectionManager - ep-0000003E: connection released [route: {}->unix://localhost:2375][total available: 1; route allocated: 1 of 2147483647; total allocated: 1 of 2147483647]
03:32:53.317 [main] DEBUG 🐳 [mysql:8.0] - Trying to create JDBC connection using com.mysql.cj.jdbc.Driver to jdbc:mysql://localhost:49160/test?useSSL=false&allowPublicKeyRetrieval=true with properties: {password=admin, user=admin}
03:32:53.418 [main] DEBUG org.testcontainers.shaded.com.github.dockerjava.core.command.AbstrDockerCmd - Cmd: 9691e31891711283f4d98263d11bc6156717d3e75a0b86a23f3b128a992c1f38,false
03:32:53.418 [main] DEBUG org.testcontainers.shaded.com.github.dockerjava.core.exec.InspectContainerCmdExec - GET: DefaultWebTarget{path=[/containers/9691e31891711283f4d98263d11bc6156717d3e75a0b86a23f3b128a992c1f38/json], queryParams={}}
03:32:53.419 [main] DEBUG com.github.dockerjava.zerodep.shaded.org.apache.hc.client5.http.impl.classic.InternalHttpClient - ex-00000040: preparing request execution
03:32:53.419 [main] DEBUG com.github.dockerjava.zerodep.shaded.org.apache.hc.client5.http.protocol.RequestAddCookies - Cookie spec selected: strict
03:32:53.419 [main] DEBUG com.github.dockerjava.zerodep.shaded.org.apache.hc.client5.http.protocol.RequestAuthCache - Auth cache not set in the context
03:32:53.419 [main] DEBUG com.github.dockerjava.zerodep.shaded.org.apache.hc.client5.http.impl.classic.ProtocolExec - ex-00000040: target auth state: UNCHALLENGED
03:32:53.419 [main] DEBUG com.github.dockerjava.zerodep.shaded.org.apache.hc.client5.http.impl.classic.ProtocolExec - ex-00000040: proxy auth state: UNCHALLENGED
03:32:53.419 [main] DEBUG com.github.dockerjava.zerodep.shaded.org.apache.hc.client5.http.impl.classic.ConnectExec - ex-00000040: acquiring connection with route {}->unix://localhost:2375
03:32:53.419 [main] DEBUG com.github.dockerjava.zerodep.shaded.org.apache.hc.client5.http.impl.classic.InternalHttpClient - ex-00000040: acquiring endpoint (3 MINUTES)
03:32:53.419 [main] DEBUG com.github.dockerjava.zerodep.shaded.org.apache.hc.client5.http.impl.io.PoolingHttpClientConnectionManager - ex-00000040: endpoint lease request (3 MINUTES) [route: {}->unix://localhost:2375][total available: 1; route allocated: 1 of 2147483647; total allocated: 1 of 2147483647]
03:32:53.419 [main] DEBUG com.github.dockerjava.zerodep.shaded.org.apache.hc.client5.http.impl.io.PoolingHttpClientConnectionManager - ex-00000040: endpoint leased [route: {}->unix://localhost:2375][total available: 0; route allocated: 1 of 2147483647; total allocated: 1 of 2147483647]
03:32:53.419 [main] DEBUG com.github.dockerjava.zerodep.shaded.org.apache.hc.client5.http.impl.io.PoolingHttpClientConnectionManager - ex-00000040: acquired ep-0000003F
03:32:53.419 [main] DEBUG com.github.dockerjava.zerodep.shaded.org.apache.hc.client5.http.impl.classic.InternalHttpClient - ex-00000040: acquired endpoint ep-0000003F
03:32:53.419 [main] DEBUG com.github.dockerjava.zerodep.shaded.org.apache.hc.client5.http.impl.classic.MainClientExec - ex-00000040: executing GET /v1.32/containers/9691e31891711283f4d98263d11bc6156717d3e75a0b86a23f3b128a992c1f38/json HTTP/1.1
03:32:53.420 [main] DEBUG com.github.dockerjava.zerodep.shaded.org.apache.hc.client5.http.impl.classic.InternalHttpClient - ep-0000003F: start execution ex-00000040
03:32:53.420 [main] DEBUG com.github.dockerjava.zerodep.shaded.org.apache.hc.client5.http.impl.io.PoolingHttpClientConnectionManager - ep-0000003F: executing exchange ex-00000040 over http-outgoing-2
03:32:53.420 [main] DEBUG com.github.dockerjava.zerodep.shaded.org.apache.hc.client5.http.headers - http-outgoing-2 >> GET /v1.32/containers/9691e31891711283f4d98263d11bc6156717d3e75a0b86a23f3b128a992c1f38/json HTTP/1.1
03:32:53.420 [main] DEBUG com.github.dockerjava.zerodep.shaded.org.apache.hc.client5.http.headers - http-outgoing-2 >> accept: application/json
03:32:53.420 [main] DEBUG com.github.dockerjava.zerodep.shaded.org.apache.hc.client5.http.headers - http-outgoing-2 >> Accept-Encoding: gzip, x-gzip, deflate
03:32:53.420 [main] DEBUG com.github.dockerjava.zerodep.shaded.org.apache.hc.client5.http.headers - http-outgoing-2 >> Host: localhost:2375
03:32:53.420 [main] DEBUG com.github.dockerjava.zerodep.shaded.org.apache.hc.client5.http.headers - http-outgoing-2 >> Connection: keep-alive
03:32:53.420 [main] DEBUG com.github.dockerjava.zerodep.shaded.org.apache.hc.client5.http.headers - http-outgoing-2 >> User-Agent: Apache-HttpClient/5.0.3 (Java/11.0.15)
03:32:53.420 [main] DEBUG com.github.dockerjava.zerodep.shaded.org.apache.hc.client5.http.wire - http-outgoing-2 >> "GET /v1.32/containers/9691e31891711283f4d98263d11bc6156717d3e75a0b86a23f3b128a992c1f38/json HTTP/1.1[\r][\n]"
03:32:53.420 [main] DEBUG com.github.dockerjava.zerodep.shaded.org.apache.hc.client5.http.wire - http-outgoing-2 >> "accept: application/json[\r][\n]"
03:32:53.420 [main] DEBUG com.github.dockerjava.zerodep.shaded.org.apache.hc.client5.http.wire - http-outgoing-2 >> "Accept-Encoding: gzip, x-gzip, deflate[\r][\n]"
03:32:53.420 [main] DEBUG com.github.dockerjava.zerodep.shaded.org.apache.hc.client5.http.wire - http-outgoing-2 >> "Host: localhost:2375[\r][\n]"
03:32:53.420 [main] DEBUG com.github.dockerjava.zerodep.shaded.org.apache.hc.client5.http.wire - http-outgoing-2 >> "Connection: keep-alive[\r][\n]"
03:32:53.420 [main] DEBUG com.github.dockerjava.zerodep.shaded.org.apache.hc.client5.http.wire - http-outgoing-2 >> "User-Agent: Apache-HttpClient/5.0.3 (Java/11.0.15)[\r][\n]"
03:32:53.420 [main] DEBUG com.github.dockerjava.zerodep.shaded.org.apache.hc.client5.http.wire - http-outgoing-2 >> "[\r][\n]"
03:32:53.420 [main] DEBUG com.github.dockerjava.zerodep.shaded.org.apache.hc.client5.http.wire - http-outgoing-2 << "HTTP/1.1 200 OK[\r][\n]"
03:32:53.420 [main] DEBUG com.github.dockerjava.zerodep.shaded.org.apache.hc.client5.http.wire - http-outgoing-2 << "Api-Version: 1.41[\r][\n]"
03:32:53.421 [main] DEBUG com.github.dockerjava.zerodep.shaded.org.apache.hc.client5.http.wire - http-outgoing-2 << "Content-Type: application/json[\r][\n]"
03:32:53.421 [main] DEBUG com.github.dockerjava.zerodep.shaded.org.apache.hc.client5.http.wire - http-outgoing-2 << "Docker-Experimental: false[\r][\n]"
03:32:53.421 [main] DEBUG com.github.dockerjava.zerodep.shaded.org.apache.hc.client5.http.wire - http-outgoing-2 << "Ostype: linux[\r][\n]"
03:32:53.421 [main] DEBUG com.github.dockerjava.zerodep.shaded.org.apache.hc.client5.http.wire - http-outgoing-2 << "Server: Docker/20.10.12 (linux)[\r][\n]"
03:32:53.421 [main] DEBUG com.github.dockerjava.zerodep.shaded.org.apache.hc.client5.http.wire - http-outgoing-2 << "Date: Thu, 23 Jun 2022 02:32:53 GMT[\r][\n]"
03:32:53.421 [main] DEBUG com.github.dockerjava.zerodep.shaded.org.apache.hc.client5.http.wire - http-outgoing-2 << "Transfer-Encoding: chunked[\r][\n]"
03:32:53.421 [main] DEBUG com.github.dockerjava.zerodep.shaded.org.apache.hc.client5.http.wire - http-outgoing-2 << "[\r][\n]"
03:32:53.421 [main] DEBUG com.github.dockerjava.zerodep.shaded.org.apache.hc.client5.http.wire - http-outgoing-2 << "18ed[\r][\n]"
03:32:53.421 [main] DEBUG com.github.dockerjava.zerodep.shaded.org.apache.hc.client5.http.wire - http-outgoing-2 << "{"Id":"9691e31891711283f4d98263d11bc6156717d3e75a0b86a23f3b128a992c1f38","Created":"2022-06-23T02:32:47.03956921Z","Path":"docker-entrypoint.sh","Args":["mysqld"],"State":{"Status":"running","Running":true,"Paused":false,"Restarting":false,"OOMKilled":false,"Dead":false,"Pid":66188,"ExitCode":0,"Error":"","StartedAt":"2022-06-23T02:32:47.703880551Z","FinishedAt":"0001-01-01T00:00:00Z"},"Image":"sha256:65b636d5542b73254ce90cc4b895597dc1adc2c661ca553c38eda159979dded1","ResolvConfPath":"/var/lib/docker/containers/9691e31891711283f4d98263d11bc6156717d3e75a0b86a23f3b128a992c1f38/resolv.conf","HostnamePath":"/var/lib/docker/containers/9691e31891711283f4d98263d11bc6156717d3e75a0b86a23f3b128a992c1f38/hostname","HostsPath":"/var/lib/docker/containers/9691e31891711283f4d98263d11bc6156717d3e75a0b86a23f3b128a992c1f38/hosts","LogPath":"/var/lib/docker/containers/9691e31891711283f4d98263d11bc6156717d3e75a0b86a23f3b128a992c1f38/9691e31891711283f4d98263d11bc6156717d3e75a0b86a23f3b128a992c1f38-json.log","Name":"/xenodochial_satoshi","RestartCount":0,"Driver":"overlay2","Platform":"linux","MountLabel":"","ProcessLabel":"","AppArmorProfile":"docker-default","ExecIDs":null,"HostConfig":{"Binds":[],"ContainerIDFile":"","LogConfig":{"Type":"json-file","Config":{}},"NetworkMode":"default","PortBindings":{"3306/tcp":[{"HostIp":"","HostPort":""}]},"RestartPolicy":{"Name":"","MaximumRetryCount":0},"AutoRemove":false,"VolumeDriver":"","VolumesFrom":[],"CapAdd":null,"CapDrop":null,"CgroupnsMode":"host","Dns":null,"DnsOptions":null,"DnsSearch":null,"ExtraHosts":[],"GroupAdd":null,"IpcMode":"shareable","Cgroup":"","Links":null,"OomScoreAdj":0,"PidMode":"","Privileged":false,"PublishAllPorts":false,"ReadonlyRootfs":false,"SecurityOpt":null,"UTSMode":"","UsernsMode":"","ShmSize":67108864,"Runtime":"runc","ConsoleSize":[0,0],"Isolation":"","CpuShares":0,"Memory":0,"NanoCpus":0,"CgroupParent":"","BlkioWeight":0,"BlkioWeightDevice":null,"BlkioDeviceReadBps":null,"BlkioDeviceWriteBps":null,"BlkioDeviceReadIOps":null,"BlkioDeviceWriteIOps":null,"CpuPeriod":0,"CpuQuota":0,"CpuRealtimePeriod":0,"CpuRealtimeRuntime":0,"CpusetCpus":"","CpusetMems":"","Devices":null,"DeviceCgroupRules":null,"DeviceRequests":null,"KernelMemory":0,"KernelMemoryTCP":0,"MemoryReservation":0,"MemorySwap":0,"MemorySwappiness":null,"OomKillDisable":false,"PidsLimit":null,"Ulimits":null,"CpuCount":0,"CpuPercent":0,"IOMaximumIOps":0,"IOMaximumBandwidth":0,"MaskedPaths":["/proc/asound","/proc/acpi","/proc/kcore","/proc/keys","/proc/latency_stats","/proc/timer_list","/proc/timer_stats","/proc/sched_debug","/proc/scsi","/sys/firmware"],"ReadonlyPaths":["/proc/bus","/proc/fs","/proc/irq","/proc/sys","/proc/sysrq-trigger"]},"GraphDriver":{"Data":{"LowerDir":"/var/lib/docker/overlay2/5529564f52cf969e31e7a1482c27be7ffed19639b506ae2e15b7e7115f699a73-init/diff:/var/lib/docker/overlay2/833a665819b5d9728d3efa7c33135034345a24f83af53b1a1af33d9b64f5492a/diff:/var/lib/docker/overlay2/bd4a2a46c227c2f15475b08c398f37acaab93f4fdba31de015d730efae0a0cfc/diff:/var/lib/docker/overlay2/31ad437d7cba8e64428a2b62db1bbb2a2ec19ca4e439ec493ef4deb50dce2783/diff:/var/lib/docker/overlay2/35173cbd8ec5b88a8888e9abbe75f8694f5d3f96a9b781bb70dc1f0889685741/diff:/var/lib/docker/overlay2/24bf69ac4e8c81062fee44e7c9f746fffbb139c3f7f4b55b4fd1b23bb101b529/diff:/var/lib/docker/overlay2/2f27c96a7775dad186b6f0da325d5a251c80aa1b7f80cf8520f493c5154aee70/diff:/var/lib/docker/overlay2/463a60088c72ddbea82639ded15801e35a79c443f6a26bf1baf320c683cb06af/diff:/var/lib/docker/overlay2/80b8224b23a2ee4b5be635c58ae579fd1913aa95558cd66ab2f5e8430f00a5b8/diff:/var/lib/docker/overlay2/20451fa0b1a07b85d665bc3a0359d721ce4e4c28fa3bce7456ab25e0babae708/diff:/var/lib/docker/overlay2/f80d865cbc6c1c6f57d0963fa6234e7a6409e079eb17f4f13ca41d02731701ad/diff:/var/lib/docker/overlay2/5a3029e0b57c6ec9b985871ff6adf08356aaa0f2a15f1e34c1a7f116ecc4a61d/dif"
03:32:53.421 [main] DEBUG com.github.dockerjava.zerodep.shaded.org.apache.hc.client5.http.headers - http-outgoing-2 << HTTP/1.1 200 OK
03:32:53.421 [main] DEBUG com.github.dockerjava.zerodep.shaded.org.apache.hc.client5.http.headers - http-outgoing-2 << Api-Version: 1.41
03:32:53.421 [main] DEBUG com.github.dockerjava.zerodep.shaded.org.apache.hc.client5.http.headers - http-outgoing-2 << Content-Type: application/json
03:32:53.421 [main] DEBUG com.github.dockerjava.zerodep.shaded.org.apache.hc.client5.http.headers - http-outgoing-2 << Docker-Experimental: false
03:32:53.421 [main] DEBUG com.github.dockerjava.zerodep.shaded.org.apache.hc.client5.http.headers - http-outgoing-2 << Ostype: linux
03:32:53.421 [main] DEBUG com.github.dockerjava.zerodep.shaded.org.apache.hc.client5.http.headers - http-outgoing-2 << Server: Docker/20.10.12 (linux)
03:32:53.421 [main] DEBUG com.github.dockerjava.zerodep.shaded.org.apache.hc.client5.http.headers - http-outgoing-2 << Date: Thu, 23 Jun 2022 02:32:53 GMT
03:32:53.421 [main] DEBUG com.github.dockerjava.zerodep.shaded.org.apache.hc.client5.http.headers - http-outgoing-2 << Transfer-Encoding: chunked
03:32:53.421 [main] DEBUG com.github.dockerjava.zerodep.shaded.org.apache.hc.client5.http.impl.classic.MainClientExec - ex-00000040: connection can be kept alive for 3 MINUTES
03:32:53.421 [main] DEBUG com.github.dockerjava.zerodep.shaded.org.apache.hc.client5.http.wire - http-outgoing-2 << "f:/var/lib/docker/overlay2/4f3423103248d0b381a1bc6a7287e2b42313ff458cea602a02b7379014b03e0e/diff","MergedDir":"/var/lib/docker/overlay2/5529564f52cf969e31e7a1482c27be7ffed19639b506ae2e15b7e7115f699a73/merged","UpperDir":"/var/lib/docker/overlay2/5529564f52cf969e31e7a1482c27be7ffed19639b506ae2e15b7e7115f699a73/diff","WorkDir":"/var/lib/docker/overlay2/5529564f52cf969e31e7a1482c27be7ffed19639b506ae2e15b7e7115f699a73/work"},"Name":"overlay2"},"Mounts":[{"Type":"volume","Name":"fd1f613c7fe3ca3ae799982507ac3f565cc9f6a2dc99ceaed92389e2c43f47d1","Source":"/var/lib/docker/volumes/fd1f613c7fe3ca3ae799982507ac3f565cc9f6a2dc99ceaed92389e2c43f47d1/_data","Destination":"/var/lib/mysql","Driver":"local","Mode":"","RW":true,"Propagation":""}],"Config":{"Hostname":"9691e3189171","Domainname":"","User":"","AttachStdin":false,"AttachStdout":false,"AttachStderr":false,"ExposedPorts":{"3306/tcp":{},"33060/tcp":{}},"Tty":false,"OpenStdin":false,"StdinOnce":false,"Env":["MYSQL_DATABASE=test","MYSQL_PASSWORD=admin","MYSQL_USER=admin","MYSQL_ROOT_PASSWORD=admin","PATH=/usr/local/sbin:/usr/local/bin:/usr/sbin:/usr/bin:/sbin:/bin","GOSU_VERSION=1.14","MYSQL_MAJOR=8.0","MYSQL_VERSION=8.0.29-1debian10"],"Cmd":["mysqld"],"Image":"mysql:8.0","Volumes":{"/var/lib/mysql":{}},"WorkingDir":"","Entrypoint":["docker-entrypoint.sh"],"OnBuild":null,"Labels":{"org.testcontainers":"true","org.testcontainers.sessionId":"d48265e4-2b28-4f8c-aa67-76dd8289af84"}},"NetworkSettings":{"Bridge":"","SandboxID":"d9de8570fe3f0a4e9f3a1ff7101c963bbd2c6a0a9d8a867b96f17f4d5edca537","HairpinMode":false,"LinkLocalIPv6Address":"","LinkLocalIPv6PrefixLen":0,"Ports":{"3306/tcp":[{"HostIp":"0.0.0.0","HostPort":"49160"},{"HostIp":"::","HostPort":"49160"}],"33060/tcp":null},"SandboxKey":"/var/run/docker/netns/d9de8570fe3f","SecondaryIPAddresses":null,"SecondaryIPv6Addresses":null,"EndpointID":"93e8fe159f683a98670e8995677c2b130dbce857fc116679206e206bda319cbf","Gateway":"172.17.0.1","GlobalIPv6Address":"","GlobalIPv6PrefixLen":0,"IPAddress":"172.17.0.3","IPPrefixLen":16,"IPv6Gateway":"","MacAddress":"02:42:ac:11:00:03","Networks":{"bridge":{"IPAMConfig":null,"Links":null,"Aliases":null,"NetworkID":"1853cd2b9856825cc97ed9ef2b12efa82d95bf9cf60ad666c276eb35cc53539e","EndpointID":"93e8fe159f683a98670e8995677c2b130dbce857fc116679206e206bda319cbf","Gateway":"172.17.0.1","IPAddress":"172.17.0.3","IPPrefixLen":16,"IPv6Gateway":"","GlobalIPv6Address":"","GlobalIPv6PrefixLen":0,"MacAddress":"02:42:ac:11:00:03","DriverOpts":null}}}}[\n]"
03:32:53.422 [main] DEBUG com.github.dockerjava.zerodep.shaded.org.apache.hc.client5.http.wire - http-outgoing-2 << "[\r][\n]"
03:32:53.422 [main] DEBUG com.github.dockerjava.zerodep.shaded.org.apache.hc.client5.http.wire - http-outgoing-2 << "0[\r][\n]"
03:32:53.422 [main] DEBUG com.github.dockerjava.zerodep.shaded.org.apache.hc.client5.http.wire - http-outgoing-2 << "[\r][\n]"
03:32:53.422 [main] DEBUG com.github.dockerjava.zerodep.shaded.org.apache.hc.client5.http.impl.classic.InternalHttpClient - ep-0000003F: releasing valid endpoint
03:32:53.422 [main] DEBUG com.github.dockerjava.zerodep.shaded.org.apache.hc.client5.http.impl.io.PoolingHttpClientConnectionManager - ep-0000003F: releasing endpoint
03:32:53.422 [main] DEBUG com.github.dockerjava.zerodep.shaded.org.apache.hc.client5.http.impl.io.PoolingHttpClientConnectionManager - ep-0000003F: connection http-outgoing-2 can be kept alive for 3 MINUTES
03:32:53.423 [main] DEBUG com.github.dockerjava.zerodep.shaded.org.apache.hc.client5.http.impl.io.PoolingHttpClientConnectionManager - ep-0000003F: connection released [route: {}->unix://localhost:2375][total available: 1; route allocated: 1 of 2147483647; total allocated: 1 of 2147483647]
03:32:53.423 [main] DEBUG 🐳 [mysql:8.0] - Trying to create JDBC connection using com.mysql.cj.jdbc.Driver to jdbc:mysql://localhost:49160/test?useSSL=false&allowPublicKeyRetrieval=true with properties: {password=admin, user=admin}
03:32:53.524 [main] DEBUG org.testcontainers.shaded.com.github.dockerjava.core.command.AbstrDockerCmd - Cmd: 9691e31891711283f4d98263d11bc6156717d3e75a0b86a23f3b128a992c1f38,false
03:32:53.525 [main] DEBUG org.testcontainers.shaded.com.github.dockerjava.core.exec.InspectContainerCmdExec - GET: DefaultWebTarget{path=[/containers/9691e31891711283f4d98263d11bc6156717d3e75a0b86a23f3b128a992c1f38/json], queryParams={}}
03:32:53.525 [main] DEBUG com.github.dockerjava.zerodep.shaded.org.apache.hc.client5.http.impl.classic.InternalHttpClient - ex-00000041: preparing request execution
03:32:53.525 [main] DEBUG com.github.dockerjava.zerodep.shaded.org.apache.hc.client5.http.protocol.RequestAddCookies - Cookie spec selected: strict
03:32:53.526 [main] DEBUG com.github.dockerjava.zerodep.shaded.org.apache.hc.client5.http.protocol.RequestAuthCache - Auth cache not set in the context
03:32:53.526 [main] DEBUG com.github.dockerjava.zerodep.shaded.org.apache.hc.client5.http.impl.classic.ProtocolExec - ex-00000041: target auth state: UNCHALLENGED
03:32:53.526 [main] DEBUG com.github.dockerjava.zerodep.shaded.org.apache.hc.client5.http.impl.classic.ProtocolExec - ex-00000041: proxy auth state: UNCHALLENGED
03:32:53.526 [main] DEBUG com.github.dockerjava.zerodep.shaded.org.apache.hc.client5.http.impl.classic.ConnectExec - ex-00000041: acquiring connection with route {}->unix://localhost:2375
03:32:53.526 [main] DEBUG com.github.dockerjava.zerodep.shaded.org.apache.hc.client5.http.impl.classic.InternalHttpClient - ex-00000041: acquiring endpoint (3 MINUTES)
03:32:53.526 [main] DEBUG com.github.dockerjava.zerodep.shaded.org.apache.hc.client5.http.impl.io.PoolingHttpClientConnectionManager - ex-00000041: endpoint lease request (3 MINUTES) [route: {}->unix://localhost:2375][total available: 1; route allocated: 1 of 2147483647; total allocated: 1 of 2147483647]
03:32:53.526 [main] DEBUG com.github.dockerjava.zerodep.shaded.org.apache.hc.client5.http.impl.io.PoolingHttpClientConnectionManager - ex-00000041: endpoint leased [route: {}->unix://localhost:2375][total available: 0; route allocated: 1 of 2147483647; total allocated: 1 of 2147483647]
03:32:53.526 [main] DEBUG com.github.dockerjava.zerodep.shaded.org.apache.hc.client5.http.impl.io.PoolingHttpClientConnectionManager - ex-00000041: acquired ep-00000040
03:32:53.526 [main] DEBUG com.github.dockerjava.zerodep.shaded.org.apache.hc.client5.http.impl.classic.InternalHttpClient - ex-00000041: acquired endpoint ep-00000040
03:32:53.526 [main] DEBUG com.github.dockerjava.zerodep.shaded.org.apache.hc.client5.http.impl.classic.MainClientExec - ex-00000041: executing GET /v1.32/containers/9691e31891711283f4d98263d11bc6156717d3e75a0b86a23f3b128a992c1f38/json HTTP/1.1
03:32:53.526 [main] DEBUG com.github.dockerjava.zerodep.shaded.org.apache.hc.client5.http.impl.classic.InternalHttpClient - ep-00000040: start execution ex-00000041
03:32:53.526 [main] DEBUG com.github.dockerjava.zerodep.shaded.org.apache.hc.client5.http.impl.io.PoolingHttpClientConnectionManager - ep-00000040: executing exchange ex-00000041 over http-outgoing-2
03:32:53.526 [main] DEBUG com.github.dockerjava.zerodep.shaded.org.apache.hc.client5.http.headers - http-outgoing-2 >> GET /v1.32/containers/9691e31891711283f4d98263d11bc6156717d3e75a0b86a23f3b128a992c1f38/json HTTP/1.1
03:32:53.526 [main] DEBUG com.github.dockerjava.zerodep.shaded.org.apache.hc.client5.http.headers - http-outgoing-2 >> accept: application/json
03:32:53.526 [main] DEBUG com.github.dockerjava.zerodep.shaded.org.apache.hc.client5.http.headers - http-outgoing-2 >> Accept-Encoding: gzip, x-gzip, deflate
03:32:53.526 [main] DEBUG com.github.dockerjava.zerodep.shaded.org.apache.hc.client5.http.headers - http-outgoing-2 >> Host: localhost:2375
03:32:53.526 [main] DEBUG com.github.dockerjava.zerodep.shaded.org.apache.hc.client5.http.headers - http-outgoing-2 >> Connection: keep-alive
03:32:53.526 [main] DEBUG com.github.dockerjava.zerodep.shaded.org.apache.hc.client5.http.headers - http-outgoing-2 >> User-Agent: Apache-HttpClient/5.0.3 (Java/11.0.15)
03:32:53.526 [main] DEBUG com.github.dockerjava.zerodep.shaded.org.apache.hc.client5.http.wire - http-outgoing-2 >> "GET /v1.32/containers/9691e31891711283f4d98263d11bc6156717d3e75a0b86a23f3b128a992c1f38/json HTTP/1.1[\r][\n]"
03:32:53.526 [main] DEBUG com.github.dockerjava.zerodep.shaded.org.apache.hc.client5.http.wire - http-outgoing-2 >> "accept: application/json[\r][\n]"
03:32:53.526 [main] DEBUG com.github.dockerjava.zerodep.shaded.org.apache.hc.client5.http.wire - http-outgoing-2 >> "Accept-Encoding: gzip, x-gzip, deflate[\r][\n]"
03:32:53.526 [main] DEBUG com.github.dockerjava.zerodep.shaded.org.apache.hc.client5.http.wire - http-outgoing-2 >> "Host: localhost:2375[\r][\n]"
03:32:53.526 [main] DEBUG com.github.dockerjava.zerodep.shaded.org.apache.hc.client5.http.wire - http-outgoing-2 >> "Connection: keep-alive[\r][\n]"
03:32:53.526 [main] DEBUG com.github.dockerjava.zerodep.shaded.org.apache.hc.client5.http.wire - http-outgoing-2 >> "User-Agent: Apache-HttpClient/5.0.3 (Java/11.0.15)[\r][\n]"
03:32:53.526 [main] DEBUG com.github.dockerjava.zerodep.shaded.org.apache.hc.client5.http.wire - http-outgoing-2 >> "[\r][\n]"
03:32:53.527 [main] DEBUG com.github.dockerjava.zerodep.shaded.org.apache.hc.client5.http.wire - http-outgoing-2 << "HTTP/1.1 200 OK[\r][\n]"
03:32:53.527 [main] DEBUG com.github.dockerjava.zerodep.shaded.org.apache.hc.client5.http.wire - http-outgoing-2 << "Api-Version: 1.41[\r][\n]"
03:32:53.527 [main] DEBUG com.github.dockerjava.zerodep.shaded.org.apache.hc.client5.http.wire - http-outgoing-2 << "Content-Type: application/json[\r][\n]"
03:32:53.527 [main] DEBUG com.github.dockerjava.zerodep.shaded.org.apache.hc.client5.http.wire - http-outgoing-2 << "Docker-Experimental: false[\r][\n]"
03:32:53.527 [main] DEBUG com.github.dockerjava.zerodep.shaded.org.apache.hc.client5.http.wire - http-outgoing-2 << "Ostype: linux[\r][\n]"
03:32:53.527 [main] DEBUG com.github.dockerjava.zerodep.shaded.org.apache.hc.client5.http.wire - http-outgoing-2 << "Server: Docker/20.10.12 (linux)[\r][\n]"
03:32:53.527 [main] DEBUG com.github.dockerjava.zerodep.shaded.org.apache.hc.client5.http.wire - http-outgoing-2 << "Date: Thu, 23 Jun 2022 02:32:53 GMT[\r][\n]"
03:32:53.527 [main] DEBUG com.github.dockerjava.zerodep.shaded.org.apache.hc.client5.http.wire - http-outgoing-2 << "Transfer-Encoding: chunked[\r][\n]"
03:32:53.527 [main] DEBUG com.github.dockerjava.zerodep.shaded.org.apache.hc.client5.http.wire - http-outgoing-2 << "[\r][\n]"
03:32:53.527 [main] DEBUG com.github.dockerjava.zerodep.shaded.org.apache.hc.client5.http.wire - http-outgoing-2 << "18ed[\r][\n]"
03:32:53.527 [main] DEBUG com.github.dockerjava.zerodep.shaded.org.apache.hc.client5.http.wire - http-outgoing-2 << "{"Id":"9691e31891711283f4d98263d11bc6156717d3e75a0b86a23f3b128a992c1f38","Created":"2022-06-23T02:32:47.03956921Z","Path":"docker-entrypoint.sh","Args":["mysqld"],"State":{"Status":"running","Running":true,"Paused":false,"Restarting":false,"OOMKilled":false,"Dead":false,"Pid":66188,"ExitCode":0,"Error":"","StartedAt":"2022-06-23T02:32:47.703880551Z","FinishedAt":"0001-01-01T00:00:00Z"},"Image":"sha256:65b636d5542b73254ce90cc4b895597dc1adc2c661ca553c38eda159979dded1","ResolvConfPath":"/var/lib/docker/containers/9691e31891711283f4d98263d11bc6156717d3e75a0b86a23f3b128a992c1f38/resolv.conf","HostnamePath":"/var/lib/docker/containers/9691e31891711283f4d98263d11bc6156717d3e75a0b86a23f3b128a992c1f38/hostname","HostsPath":"/var/lib/docker/containers/9691e31891711283f4d98263d11bc6156717d3e75a0b86a23f3b128a992c1f38/hosts","LogPath":"/var/lib/docker/containers/9691e31891711283f4d98263d11bc6156717d3e75a0b86a23f3b128a992c1f38/9691e31891711283f4d98263d11bc6156717d3e75a0b86a23f3b128a992c1f38-json.log","Name":"/xenodochial_satoshi","RestartCount":0,"Driver":"overlay2","Platform":"linux","MountLabel":"","ProcessLabel":"","AppArmorProfile":"docker-default","ExecIDs":null,"HostConfig":{"Binds":[],"ContainerIDFile":"","LogConfig":{"Type":"json-file","Config":{}},"NetworkMode":"default","PortBindings":{"3306/tcp":[{"HostIp":"","HostPort":""}]},"RestartPolicy":{"Name":"","MaximumRetryCount":0},"AutoRemove":false,"VolumeDriver":"","VolumesFrom":[],"CapAdd":null,"CapDrop":null,"CgroupnsMode":"host","Dns":null,"DnsOptions":null,"DnsSearch":null,"ExtraHosts":[],"GroupAdd":null,"IpcMode":"shareable","Cgroup":"","Links":null,"OomScoreAdj":0,"PidMode":"","Privileged":false,"PublishAllPorts":false,"ReadonlyRootfs":false,"SecurityOpt":null,"UTSMode":"","UsernsMode":"","ShmSize":67108864,"Runtime":"runc","ConsoleSize":[0,0],"Isolation":"","CpuShares":0,"Memory":0,"NanoCpus":0,"CgroupParent":"","BlkioWeight":0,"BlkioWeightDevice":null,"BlkioDeviceReadBps":null,"BlkioDeviceWriteBps":null,"BlkioDeviceReadIOps":null,"BlkioDeviceWriteIOps":null,"CpuPeriod":0,"CpuQuota":0,"CpuRealtimePeriod":0,"CpuRealtimeRuntime":0,"CpusetCpus":"","CpusetMems":"","Devices":null,"DeviceCgroupRules":null,"DeviceRequests":null,"KernelMemory":0,"KernelMemoryTCP":0,"MemoryReservation":0,"MemorySwap":0,"MemorySwappiness":null,"OomKillDisable":false,"PidsLimit":null,"Ulimits":null,"CpuCount":0,"CpuPercent":0,"IOMaximumIOps":0,"IOMaximumBandwidth":0,"MaskedPaths":["/proc/asound","/proc/acpi","/proc/kcore","/proc/keys","/proc/latency_stats","/proc/timer_list","/proc/timer_stats","/proc/sched_debug","/proc/scsi","/sys/firmware"],"ReadonlyPaths":["/proc/bus","/proc/fs","/proc/irq","/proc/sys","/proc/sysrq-trigger"]},"GraphDriver":{"Data":{"LowerDir":"/var/lib/docker/overlay2/5529564f52cf969e31e7a1482c27be7ffed19639b506ae2e15b7e7115f699a73-init/diff:/var/lib/docker/overlay2/833a665819b5d9728d3efa7c33135034345a24f83af53b1a1af33d9b64f5492a/diff:/var/lib/docker/overlay2/bd4a2a46c227c2f15475b08c398f37acaab93f4fdba31de015d730efae0a0cfc/diff:/var/lib/docker/overlay2/31ad437d7cba8e64428a2b62db1bbb2a2ec19ca4e439ec493ef4deb50dce2783/diff:/var/lib/docker/overlay2/35173cbd8ec5b88a8888e9abbe75f8694f5d3f96a9b781bb70dc1f0889685741/diff:/var/lib/docker/overlay2/24bf69ac4e8c81062fee44e7c9f746fffbb139c3f7f4b55b4fd1b23bb101b529/diff:/var/lib/docker/overlay2/2f27c96a7775dad186b6f0da325d5a251c80aa1b7f80cf8520f493c5154aee70/diff:/var/lib/docker/overlay2/463a60088c72ddbea82639ded15801e35a79c443f6a26bf1baf320c683cb06af/diff:/var/lib/docker/overlay2/80b8224b23a2ee4b5be635c58ae579fd1913aa95558cd66ab2f5e8430f00a5b8/diff:/var/lib/docker/overlay2/20451fa0b1a07b85d665bc3a0359d721ce4e4c28fa3bce7456ab25e0babae708/diff:/var/lib/docker/overlay2/f80d865cbc6c1c6f57d0963fa6234e7a6409e079eb17f4f13ca41d02731701ad/diff:/var/lib/docker/overlay2/5a3029e0b57c6ec9b985871ff6adf08356aaa0f2a15f1e34c1a7f116ecc4a61d/diff:/var/lib/docker/overlay2/4f3423103248d0b381a1bc6a7287e2b42313ff458cea602a02b7379014b03e0e/diff","MergedDir":"/var/lib/docker/overlay2/5529564f52cf969e31e7a1482c27be7ffed19639b506ae2e15b7e7115f699a73/merged","UpperDir":"/var/lib/docker/overlay2/5529564f52cf969e31e7a1482c27be7ffed19639b506ae2e15b7e7115f699a73/diff","WorkDir":"/var/lib/docker/overlay2/5529564f52cf969e31e7a1482c27be7ffed19639b506ae2e15b7e7115f699a73/work"},"Name":"overlay2"},"Mounts":[{"Type":"volume","Name":"fd1f613c7fe3ca3ae799982507ac3f565cc9f6a2dc99ceaed92389e2c43f47d1","Source":"/var/lib/docker/volumes/fd1f613c7fe3ca3ae799982507ac3f565cc9f6a2dc99ceaed92389e2c43f47d1/_data","Destination":"/var/lib/mysql","Driver":"local","Mode":"","RW":true,"Propagation":""}],"Config":{"Hostname":"9691e3189171","Domainname":"","User":"","AttachStdin":false,"AttachStdout":false,"AttachStderr":false,"ExposedPorts":{"3306/tcp":{},"33060/tcp":{}},"Tty":false,"OpenStdin":false,"StdinOnce":false,"Env":["MYSQL_DATABASE=test","MYSQL_PASSWORD=admin","MYSQL_USER=admin","MYSQL_ROOT_PASSWORD=admin","PATH=/usr/local/sbin:/usr/local/bin:/usr/sbin:/usr/bin:/sbin:/bin","GOSU_VERSION=1.14","MYSQL_MAJOR=8.0","MYSQL_VERSION=8.0.29-1debian10"],"Cmd":["mysqld"],"Image":"mysql:8.0","Volumes":{"/var/lib/mysql":{}},"WorkingDir":"","Entrypoint":["docker-entrypoint.sh"],"OnBuild":null,"Labels":{"org.testcontainers":"true","org.testcontainers.sessionId":"d48265e4-2b28-4f8c-aa67-76dd8289af84"}},"NetworkSettings":{"Bridge":"","SandboxID":"d9de8570fe3f0a4e9f3a1ff7101c963bbd2c6a0a9d8a867b96f17f4d5edca537","HairpinMode":false,"LinkLocalIPv6Address":"","LinkLocalIPv6PrefixLen":0,"Ports":{"3306/tcp":[{"HostIp":"0.0.0.0","HostPort":"49160"},{"HostIp":"::","HostPort":"49160"}],"33060/tcp":null},"SandboxKey":"/var/run/docker/netns/d9de8570fe3f","SecondaryIPAddresses":null,"SecondaryIPv6Addresses":null,"EndpointID":"93e8fe159f683a98670e8995677c2b130dbce857fc116679206e206bda319cbf","Gateway":"172.17.0.1","GlobalIPv6Address":"","GlobalIPv6PrefixLen":0,"IPAddress":"172.17.0.3","IPPrefixLen":16,"IPv6Gateway":"","MacAddress":"02:42:ac:11:00:03","Networks":{"bridge":{"IPAMConfig":null,"Links":null,"Aliases":null,"NetworkID":"1853cd2b9856825cc97ed9ef2b12efa82d95bf9cf60ad666c276eb35cc53539e","EndpointID":"93e8fe159f683a98670e8995677c2b130dbce857fc116679206e206bda319cbf","Gateway":"172.17.0.1","IPAddress":"172.17.0.3","IPPrefixLen":16,"IPv6Gateway":"","GlobalIPv6Address":"","GlobalIPv6PrefixLen":0,"MacAddress":"02:42:ac:11:00:03","DriverOpts":null}}}}[\n]"
03:32:53.527 [main] DEBUG com.github.dockerjava.zerodep.shaded.org.apache.hc.client5.http.wire - http-outgoing-2 << "[\r][\n]"
03:32:53.527 [main] DEBUG com.github.dockerjava.zerodep.shaded.org.apache.hc.client5.http.wire - http-outgoing-2 << "0[\r][\n]"
03:32:53.527 [main] DEBUG com.github.dockerjava.zerodep.shaded.org.apache.hc.client5.http.wire - http-outgoing-2 << "[\r][\n]"
03:32:53.527 [main] DEBUG com.github.dockerjava.zerodep.shaded.org.apache.hc.client5.http.headers - http-outgoing-2 << HTTP/1.1 200 OK
03:32:53.527 [main] DEBUG com.github.dockerjava.zerodep.shaded.org.apache.hc.client5.http.headers - http-outgoing-2 << Api-Version: 1.41
03:32:53.527 [main] DEBUG com.github.dockerjava.zerodep.shaded.org.apache.hc.client5.http.headers - http-outgoing-2 << Content-Type: application/json
03:32:53.527 [main] DEBUG com.github.dockerjava.zerodep.shaded.org.apache.hc.client5.http.headers - http-outgoing-2 << Docker-Experimental: false
03:32:53.527 [main] DEBUG com.github.dockerjava.zerodep.shaded.org.apache.hc.client5.http.headers - http-outgoing-2 << Ostype: linux
03:32:53.527 [main] DEBUG com.github.dockerjava.zerodep.shaded.org.apache.hc.client5.http.headers - http-outgoing-2 << Server: Docker/20.10.12 (linux)
03:32:53.527 [main] DEBUG com.github.dockerjava.zerodep.shaded.org.apache.hc.client5.http.headers - http-outgoing-2 << Date: Thu, 23 Jun 2022 02:32:53 GMT
03:32:53.527 [main] DEBUG com.github.dockerjava.zerodep.shaded.org.apache.hc.client5.http.headers - http-outgoing-2 << Transfer-Encoding: chunked
03:32:53.527 [main] DEBUG com.github.dockerjava.zerodep.shaded.org.apache.hc.client5.http.impl.classic.MainClientExec - ex-00000041: connection can be kept alive for 3 MINUTES
03:32:53.528 [main] DEBUG com.github.dockerjava.zerodep.shaded.org.apache.hc.client5.http.impl.classic.InternalHttpClient - ep-00000040: releasing valid endpoint
03:32:53.528 [main] DEBUG com.github.dockerjava.zerodep.shaded.org.apache.hc.client5.http.impl.io.PoolingHttpClientConnectionManager - ep-00000040: releasing endpoint
03:32:53.528 [main] DEBUG com.github.dockerjava.zerodep.shaded.org.apache.hc.client5.http.impl.io.PoolingHttpClientConnectionManager - ep-00000040: connection http-outgoing-2 can be kept alive for 3 MINUTES
03:32:53.529 [main] DEBUG com.github.dockerjava.zerodep.shaded.org.apache.hc.client5.http.impl.io.PoolingHttpClientConnectionManager - ep-00000040: connection released [route: {}->unix://localhost:2375][total available: 1; route allocated: 1 of 2147483647; total allocated: 1 of 2147483647]
03:32:53.529 [main] DEBUG 🐳 [mysql:8.0] - Trying to create JDBC connection using com.mysql.cj.jdbc.Driver to jdbc:mysql://localhost:49160/test?useSSL=false&allowPublicKeyRetrieval=true with properties: {password=admin, user=admin}
03:32:53.630 [main] DEBUG org.testcontainers.shaded.com.github.dockerjava.core.command.AbstrDockerCmd - Cmd: 9691e31891711283f4d98263d11bc6156717d3e75a0b86a23f3b128a992c1f38,false
03:32:53.631 [main] DEBUG org.testcontainers.shaded.com.github.dockerjava.core.exec.InspectContainerCmdExec - GET: DefaultWebTarget{path=[/containers/9691e31891711283f4d98263d11bc6156717d3e75a0b86a23f3b128a992c1f38/json], queryParams={}}
03:32:53.631 [main] DEBUG com.github.dockerjava.zerodep.shaded.org.apache.hc.client5.http.impl.classic.InternalHttpClient - ex-00000042: preparing request execution
03:32:53.631 [main] DEBUG com.github.dockerjava.zerodep.shaded.org.apache.hc.client5.http.protocol.RequestAddCookies - Cookie spec selected: strict
03:32:53.631 [main] DEBUG com.github.dockerjava.zerodep.shaded.org.apache.hc.client5.http.protocol.RequestAuthCache - Auth cache not set in the context
03:32:53.631 [main] DEBUG com.github.dockerjava.zerodep.shaded.org.apache.hc.client5.http.impl.classic.ProtocolExec - ex-00000042: target auth state: UNCHALLENGED
03:32:53.631 [main] DEBUG com.github.dockerjava.zerodep.shaded.org.apache.hc.client5.http.impl.classic.ProtocolExec - ex-00000042: proxy auth state: UNCHALLENGED
03:32:53.631 [main] DEBUG com.github.dockerjava.zerodep.shaded.org.apache.hc.client5.http.impl.classic.ConnectExec - ex-00000042: acquiring connection with route {}->unix://localhost:2375
03:32:53.631 [main] DEBUG com.github.dockerjava.zerodep.shaded.org.apache.hc.client5.http.impl.classic.InternalHttpClient - ex-00000042: acquiring endpoint (3 MINUTES)
03:32:53.632 [main] DEBUG com.github.dockerjava.zerodep.shaded.org.apache.hc.client5.http.impl.io.PoolingHttpClientConnectionManager - ex-00000042: endpoint lease request (3 MINUTES) [route: {}->unix://localhost:2375][total available: 1; route allocated: 1 of 2147483647; total allocated: 1 of 2147483647]
03:32:53.632 [main] DEBUG com.github.dockerjava.zerodep.shaded.org.apache.hc.client5.http.impl.io.PoolingHttpClientConnectionManager - ex-00000042: endpoint leased [route: {}->unix://localhost:2375][total available: 0; route allocated: 1 of 2147483647; total allocated: 1 of 2147483647]
03:32:53.632 [main] DEBUG com.github.dockerjava.zerodep.shaded.org.apache.hc.client5.http.impl.io.PoolingHttpClientConnectionManager - ex-00000042: acquired ep-00000041
03:32:53.632 [main] DEBUG com.github.dockerjava.zerodep.shaded.org.apache.hc.client5.http.impl.classic.InternalHttpClient - ex-00000042: acquired endpoint ep-00000041
03:32:53.632 [main] DEBUG com.github.dockerjava.zerodep.shaded.org.apache.hc.client5.http.impl.classic.MainClientExec - ex-00000042: executing GET /v1.32/containers/9691e31891711283f4d98263d11bc6156717d3e75a0b86a23f3b128a992c1f38/json HTTP/1.1
03:32:53.632 [main] DEBUG com.github.dockerjava.zerodep.shaded.org.apache.hc.client5.http.impl.classic.InternalHttpClient - ep-00000041: start execution ex-00000042
03:32:53.632 [main] DEBUG com.github.dockerjava.zerodep.shaded.org.apache.hc.client5.http.impl.io.PoolingHttpClientConnectionManager - ep-00000041: executing exchange ex-00000042 over http-outgoing-2
03:32:53.632 [main] DEBUG com.github.dockerjava.zerodep.shaded.org.apache.hc.client5.http.headers - http-outgoing-2 >> GET /v1.32/containers/9691e31891711283f4d98263d11bc6156717d3e75a0b86a23f3b128a992c1f38/json HTTP/1.1
03:32:53.632 [main] DEBUG com.github.dockerjava.zerodep.shaded.org.apache.hc.client5.http.headers - http-outgoing-2 >> accept: application/json
03:32:53.632 [main] DEBUG com.github.dockerjava.zerodep.shaded.org.apache.hc.client5.http.headers - http-outgoing-2 >> Accept-Encoding: gzip, x-gzip, deflate
03:32:53.632 [main] DEBUG com.github.dockerjava.zerodep.shaded.org.apache.hc.client5.http.headers - http-outgoing-2 >> Host: localhost:2375
03:32:53.635 [main] DEBUG com.github.dockerjava.zerodep.shaded.org.apache.hc.client5.http.headers - http-outgoing-2 >> Connection: keep-alive
03:32:53.635 [main] DEBUG com.github.dockerjava.zerodep.shaded.org.apache.hc.client5.http.headers - http-outgoing-2 >> User-Agent: Apache-HttpClient/5.0.3 (Java/11.0.15)
03:32:53.636 [main] DEBUG com.github.dockerjava.zerodep.shaded.org.apache.hc.client5.http.wire - http-outgoing-2 >> "GET /v1.32/containers/9691e31891711283f4d98263d11bc6156717d3e75a0b86a23f3b128a992c1f38/json HTTP/1.1[\r][\n]"
03:32:53.636 [main] DEBUG com.github.dockerjava.zerodep.shaded.org.apache.hc.client5.http.wire - http-outgoing-2 >> "accept: application/json[\r][\n]"
03:32:53.636 [main] DEBUG com.github.dockerjava.zerodep.shaded.org.apache.hc.client5.http.wire - http-outgoing-2 >> "Accept-Encoding: gzip, x-gzip, deflate[\r][\n]"
03:32:53.636 [main] DEBUG com.github.dockerjava.zerodep.shaded.org.apache.hc.client5.http.wire - http-outgoing-2 >> "Host: localhost:2375[\r][\n]"
03:32:53.636 [main] DEBUG com.github.dockerjava.zerodep.shaded.org.apache.hc.client5.http.wire - http-outgoing-2 >> "Connection: keep-alive[\r][\n]"
03:32:53.636 [main] DEBUG com.github.dockerjava.zerodep.shaded.org.apache.hc.client5.http.wire - http-outgoing-2 >> "User-Agent: Apache-HttpClient/5.0.3 (Java/11.0.15)[\r][\n]"
03:32:53.636 [main] DEBUG com.github.dockerjava.zerodep.shaded.org.apache.hc.client5.http.wire - http-outgoing-2 >> "[\r][\n]"
03:32:53.636 [main] DEBUG com.github.dockerjava.zerodep.shaded.org.apache.hc.client5.http.wire - http-outgoing-2 << "HTTP/1.1 200 OK[\r][\n]"
03:32:53.636 [main] DEBUG com.github.dockerjava.zerodep.shaded.org.apache.hc.client5.http.wire - http-outgoing-2 << "Api-Version: 1.41[\r][\n]"
03:32:53.636 [main] DEBUG com.github.dockerjava.zerodep.shaded.org.apache.hc.client5.http.wire - http-outgoing-2 << "Content-Type: application/json[\r][\n]"
03:32:53.636 [main] DEBUG com.github.dockerjava.zerodep.shaded.org.apache.hc.client5.http.wire - http-outgoing-2 << "Docker-Experimental: false[\r][\n]"
03:32:53.636 [main] DEBUG com.github.dockerjava.zerodep.shaded.org.apache.hc.client5.http.wire - http-outgoing-2 << "Ostype: linux[\r][\n]"
03:32:53.636 [main] DEBUG com.github.dockerjava.zerodep.shaded.org.apache.hc.client5.http.wire - http-outgoing-2 << "Server: Docker/20.10.12 (linux)[\r][\n]"
03:32:53.636 [main] DEBUG com.github.dockerjava.zerodep.shaded.org.apache.hc.client5.http.wire - http-outgoing-2 << "Date: Thu, 23 Jun 2022 02:32:53 GMT[\r][\n]"
03:32:53.636 [main] DEBUG com.github.dockerjava.zerodep.shaded.org.apache.hc.client5.http.wire - http-outgoing-2 << "Transfer-Encoding: chunked[\r][\n]"
03:32:53.636 [main] DEBUG com.github.dockerjava.zerodep.shaded.org.apache.hc.client5.http.wire - http-outgoing-2 << "[\r][\n]"
03:32:53.636 [main] DEBUG com.github.dockerjava.zerodep.shaded.org.apache.hc.client5.http.wire - http-outgoing-2 << "18ed[\r][\n]"
03:32:53.636 [main] DEBUG com.github.dockerjava.zerodep.shaded.org.apache.hc.client5.http.wire - http-outgoing-2 << "{"Id":"9691e31891711283f4d98263d11bc6156717d3e75a0b86a23f3b128a992c1f38","Created":"2022-06-23T02:32:47.03956921Z","Path":"docker-entrypoint.sh","Args":["mysqld"],"State":{"Status":"running","Running":true,"Paused":false,"Restarting":false,"OOMKilled":false,"Dead":false,"Pid":66188,"ExitCode":0,"Error":"","StartedAt":"2022-06-23T02:32:47.703880551Z","FinishedAt":"0001-01-01T00:00:00Z"},"Image":"sha256:65b636d5542b73254ce90cc4b895597dc1adc2c661ca553c38eda159979dded1","ResolvConfPath":"/var/lib/docker/containers/9691e31891711283f4d98263d11bc6156717d3e75a0b86a23f3b128a992c1f38/resolv.conf","HostnamePath":"/var/lib/docker/containers/9691e31891711283f4d98263d11bc6156717d3e75a0b86a23f3b128a992c1f38/hostname","HostsPath":"/var/lib/docker/containers/9691e31891711283f4d98263d11bc6156717d3e75a0b86a23f3b128a992c1f38/hosts","LogPath":"/var/lib/docker/containers/9691e31891711283f4d98263d11bc6156717d3e75a0b86a23f3b128a992c1f38/9691e31891711283f4d98263d11bc6156717d3e75a0b86a23f3b128a992c1f38-json.log","Name":"/xenodochial_satoshi","RestartCount":0,"Driver":"overlay2","Platform":"linux","MountLabel":"","ProcessLabel":"","AppArmorProfile":"docker-default","ExecIDs":null,"HostConfig":{"Binds":[],"ContainerIDFile":"","LogConfig":{"Type":"json-file","Config":{}},"NetworkMode":"default","PortBindings":{"3306/tcp":[{"HostIp":"","HostPort":""}]},"RestartPolicy":{"Name":"","MaximumRetryCount":0},"AutoRemove":false,"VolumeDriver":"","VolumesFrom":[],"CapAdd":null,"CapDrop":null,"CgroupnsMode":"host","Dns":null,"DnsOptions":null,"DnsSearch":null,"ExtraHosts":[],"GroupAdd":null,"IpcMode":"shareable","Cgroup":"","Links":null,"OomScoreAdj":0,"PidMode":"","Privileged":false,"PublishAllPorts":false,"ReadonlyRootfs":false,"SecurityOpt":null,"UTSMode":"","UsernsMode":"","ShmSize":67108864,"Runtime":"runc","ConsoleSize":[0,0],"Isolation":"","CpuShares":0,"Memory":0,"NanoCpus":0,"CgroupParent":"","BlkioWeight":0,"BlkioWeightDevice":null,"BlkioDeviceReadBps":null,"BlkioDeviceWriteBps":null,"BlkioDeviceReadIOps":null,"BlkioDeviceWriteIOps":null,"CpuPeriod":0,"CpuQuota":0,"CpuRealtimePeriod":0,"CpuRealtimeRuntime":0,"CpusetCpus":"","CpusetMems":"","Devices":null,"DeviceCgroupRules":null,"DeviceRequests":null,"KernelMemory":0,"KernelMemoryTCP":0,"MemoryReservation":0,"MemorySwap":0,"MemorySwappiness":null,"OomKillDisable":false,"PidsLimit":null,"Ulimits":null,"CpuCount":0,"CpuPercent":0,"IOMaximumIOps":0,"IOMaximumBandwidth":0,"MaskedPaths":["/proc/asound","/proc/acpi","/proc/kcore","/proc/keys","/proc/latency_stats","/proc/timer_list","/proc/timer_stats","/proc/sched_debug","/proc/scsi","/sys/firmware"],"ReadonlyPaths":["/proc/bus","/proc/fs","/proc/irq","/proc/sys","/proc/sysrq-trigger"]},"GraphDriver":{"Data":{"LowerDir":"/var/lib/docker/overlay2/5529564f52cf969e31e7a1482c27be7ffed19639b506ae2e15b7e7115f699a73-init/diff:/var/lib/docker/overlay2/833a665819b5d9728d3efa7c33135034345a24f83af53b1a1af33d9b64f5492a/diff:/var/lib/docker/overlay2/bd4a2a46c227c2f15475b08c398f37acaab93f4fdba31de015d730efae0a0cfc/diff:/var/lib/docker/overlay2/31ad437d7cba8e64428a2b62db1bbb2a2ec19ca4e439ec493ef4deb50dce2783/diff:/var/lib/docker/overlay2/35173cbd8ec5b88a8888e9abbe75f8694f5d3f96a9b781bb70dc1f0889685741/diff:/var/lib/docker/overlay2/24bf69ac4e8c81062fee44e7c9f746fffbb139c3f7f4b55b4fd1b23bb101b529/diff:/var/lib/docker/overlay2/2f27c96a7775dad186b6f0da325d5a251c80aa1b7f80cf8520f493c5154aee70/diff:/var/lib/docker/overlay2/463a60088c72ddbea82639ded15801e35a79c443f6a26bf1baf320c683cb06af/diff:/var/lib/docker/overlay2/80b8224b23a2ee4b5be635c58ae579fd1913aa95558cd66ab2f5e8430f00a5b8/diff:/var/lib/docker/overlay2/20451fa0b1a07b85d665bc3a0359d721ce4e4c28fa3bce7456ab25e0babae708/diff:/var/lib/docker/overlay2/f80d865cbc6c1c6f57d0963fa6234e7a6409e079eb17f4f13ca41d02731701ad/diff:/var/lib/docker/overlay2/5a3029e0b57c6ec9b985871ff6adf08356aaa0f2a15f1e34c1a7f116ecc4a61d/diff:/var/lib/docker/overlay2/4f3423103248d0b381a1bc6a7287e2b42313ff458cea602a02b7379014b03e0e/diff","MergedDir":"/var/lib/docker/overlay2/5529564f52cf969e31e7a1482c27be7ffed19639b506ae2e15b7e7115f699a73/merged","UpperDir":"/var/lib/docker/overlay2/5529564f52cf969e31e7a1482c27be7ffed19639b506ae2e15b7e7115f699a73/diff","WorkDir":"/var/lib/docker/overlay2/5529564f52cf969e31e7a1482c27be7ffed19639b506ae2e15b7e7115f699a73/work"},"Name":"overlay2"},"Mounts":[{"Type":"volume","Name":"fd1f613c7fe3ca3ae799982507ac3f565cc9f6a2dc99ceaed92389e2c43f47d1","Source":"/var/lib/docker/volumes/fd1f613c7fe3ca3ae799982507ac3f565cc9f6a2dc99ceaed92389e2c43f47d1/_data","Destination":"/var/lib/mysql","Driver":"local","Mode":"","RW":true,"Propagation":""}],"Config":{"Hostname":"9691e3189171","Domainname":"","User":"","AttachStdin":false,"AttachStdout":false,"AttachStderr":false,"ExposedPorts":{"3306/tcp":{},"33060/tcp":{}},"Tty":false,"OpenStdin":false,"StdinOnce":false,"Env":["MYSQL_DATABASE=test","MYSQL_PASSWORD=admin","MYSQL_USER=admin","MYSQL_ROOT_PASSWORD=admin","PATH=/usr/local/sbin:/usr/local/bin:/usr/sbin:/usr/bin:/sbin:/bin","GOSU_VERSION=1.14","MYSQL_MAJOR=8.0","MYSQL_VERSION=8.0.29-1debian10"],"Cmd":["mysqld"],"Image":"mysql:8.0","Volumes":{"/var/lib/mysql":{}},"WorkingDir":"","Entrypoint":["docker-entrypoint.sh"],"OnBuild":null,"Labels":{"org.testcontainers":"true","org.testcontainers.sessionId":"d48265e4-2b28-4f8c-aa67-76dd8289af84"}},"NetworkSettings":{"Bridge":"","SandboxID":"d9de8570fe3f0a4e9f3a1ff7101c963bbd2c6a0a9d8a867b96f17f4d5edca537","HairpinMode":false,"LinkLocalIPv6Address":"","LinkLocalIPv6PrefixLen":0,"Ports":{"3306/tcp":[{"HostIp":"0.0.0.0","HostPort":"49160"},{"HostIp":"::","HostPort":"49160"}],"33060/tcp":null},"SandboxKey":"/var/run/docker/netns/d9de8570fe3f","SecondaryIPAddresses":null,"SecondaryIPv6Addresses":null,"EndpointID":"93e8fe159f683a98670e8995677c2b130dbce857fc116679206e206bda319cbf","Gateway":"172.17.0.1","GlobalIPv6Address":"","GlobalIPv6PrefixLen":0,"IPAddress":"172.17.0.3","IPPrefixLen":16,"IPv6Gateway":"","MacAddress":"02:42:ac:11:00:03","Networks":{"bridge":{"IPAMConfig":null,"Links":null,"Aliases":null,"NetworkID":"1853cd2b9856825cc97ed9ef2b12efa82d95bf9cf60ad666c276eb35cc53539e","EndpointID":"93e8fe159f683a98670e8995677c2b130dbce857fc116679206e206bda319cbf","Gateway":"172.17.0.1","IPAddress":"172.17.0.3","IPPrefixLen":16,"IPv6Gateway":"","GlobalIPv6Address":"","GlobalIPv6PrefixLen":0,"MacAddress":"02:42:ac:11:00:03","DriverOpts":null}}}}[\n]"
03:32:53.636 [main] DEBUG com.github.dockerjava.zerodep.shaded.org.apache.hc.client5.http.wire - http-outgoing-2 << "[\r][\n]"
03:32:53.636 [main] DEBUG com.github.dockerjava.zerodep.shaded.org.apache.hc.client5.http.wire - http-outgoing-2 << "0[\r][\n]"
03:32:53.636 [main] DEBUG com.github.dockerjava.zerodep.shaded.org.apache.hc.client5.http.wire - http-outgoing-2 << "[\r][\n]"
03:32:53.636 [main] DEBUG com.github.dockerjava.zerodep.shaded.org.apache.hc.client5.http.headers - http-outgoing-2 << HTTP/1.1 200 OK
03:32:53.636 [main] DEBUG com.github.dockerjava.zerodep.shaded.org.apache.hc.client5.http.headers - http-outgoing-2 << Api-Version: 1.41
03:32:53.636 [main] DEBUG com.github.dockerjava.zerodep.shaded.org.apache.hc.client5.http.headers - http-outgoing-2 << Content-Type: application/json
03:32:53.636 [main] DEBUG com.github.dockerjava.zerodep.shaded.org.apache.hc.client5.http.headers - http-outgoing-2 << Docker-Experimental: false
03:32:53.636 [main] DEBUG com.github.dockerjava.zerodep.shaded.org.apache.hc.client5.http.headers - http-outgoing-2 << Ostype: linux
03:32:53.636 [main] DEBUG com.github.dockerjava.zerodep.shaded.org.apache.hc.client5.http.headers - http-outgoing-2 << Server: Docker/20.10.12 (linux)
03:32:53.636 [main] DEBUG com.github.dockerjava.zerodep.shaded.org.apache.hc.client5.http.headers - http-outgoing-2 << Date: Thu, 23 Jun 2022 02:32:53 GMT
03:32:53.636 [main] DEBUG com.github.dockerjava.zerodep.shaded.org.apache.hc.client5.http.headers - http-outgoing-2 << Transfer-Encoding: chunked
03:32:53.637 [main] DEBUG com.github.dockerjava.zerodep.shaded.org.apache.hc.client5.http.impl.classic.MainClientExec - ex-00000042: connection can be kept alive for 3 MINUTES
03:32:53.638 [main] DEBUG com.github.dockerjava.zerodep.shaded.org.apache.hc.client5.http.impl.classic.InternalHttpClient - ep-00000041: releasing valid endpoint
03:32:53.638 [main] DEBUG com.github.dockerjava.zerodep.shaded.org.apache.hc.client5.http.impl.io.PoolingHttpClientConnectionManager - ep-00000041: releasing endpoint
03:32:53.638 [main] DEBUG com.github.dockerjava.zerodep.shaded.org.apache.hc.client5.http.impl.io.PoolingHttpClientConnectionManager - ep-00000041: connection http-outgoing-2 can be kept alive for 3 MINUTES
03:32:53.638 [main] DEBUG com.github.dockerjava.zerodep.shaded.org.apache.hc.client5.http.impl.io.PoolingHttpClientConnectionManager - ep-00000041: connection released [route: {}->unix://localhost:2375][total available: 1; route allocated: 1 of 2147483647; total allocated: 1 of 2147483647]
03:32:53.639 [main] DEBUG 🐳 [mysql:8.0] - Trying to create JDBC connection using com.mysql.cj.jdbc.Driver to jdbc:mysql://localhost:49160/test?useSSL=false&allowPublicKeyRetrieval=true with properties: {password=admin, user=admin}
03:32:53.740 [main] DEBUG org.testcontainers.shaded.com.github.dockerjava.core.command.AbstrDockerCmd - Cmd: 9691e31891711283f4d98263d11bc6156717d3e75a0b86a23f3b128a992c1f38,false
03:32:53.741 [main] DEBUG org.testcontainers.shaded.com.github.dockerjava.core.exec.InspectContainerCmdExec - GET: DefaultWebTarget{path=[/containers/9691e31891711283f4d98263d11bc6156717d3e75a0b86a23f3b128a992c1f38/json], queryParams={}}
03:32:53.742 [main] DEBUG com.github.dockerjava.zerodep.shaded.org.apache.hc.client5.http.impl.classic.InternalHttpClient - ex-00000043: preparing request execution
03:32:53.742 [main] DEBUG com.github.dockerjava.zerodep.shaded.org.apache.hc.client5.http.protocol.RequestAddCookies - Cookie spec selected: strict
03:32:53.742 [main] DEBUG com.github.dockerjava.zerodep.shaded.org.apache.hc.client5.http.protocol.RequestAuthCache - Auth cache not set in the context
03:32:53.742 [main] DEBUG com.github.dockerjava.zerodep.shaded.org.apache.hc.client5.http.impl.classic.ProtocolExec - ex-00000043: target auth state: UNCHALLENGED
03:32:53.742 [main] DEBUG com.github.dockerjava.zerodep.shaded.org.apache.hc.client5.http.impl.classic.ProtocolExec - ex-00000043: proxy auth state: UNCHALLENGED
03:32:53.742 [main] DEBUG com.github.dockerjava.zerodep.shaded.org.apache.hc.client5.http.impl.classic.ConnectExec - ex-00000043: acquiring connection with route {}->unix://localhost:2375
03:32:53.742 [main] DEBUG com.github.dockerjava.zerodep.shaded.org.apache.hc.client5.http.impl.classic.InternalHttpClient - ex-00000043: acquiring endpoint (3 MINUTES)
03:32:53.742 [main] DEBUG com.github.dockerjava.zerodep.shaded.org.apache.hc.client5.http.impl.io.PoolingHttpClientConnectionManager - ex-00000043: endpoint lease request (3 MINUTES) [route: {}->unix://localhost:2375][total available: 1; route allocated: 1 of 2147483647; total allocated: 1 of 2147483647]
03:32:53.742 [main] DEBUG com.github.dockerjava.zerodep.shaded.org.apache.hc.client5.http.impl.io.PoolingHttpClientConnectionManager - ex-00000043: endpoint leased [route: {}->unix://localhost:2375][total available: 0; route allocated: 1 of 2147483647; total allocated: 1 of 2147483647]
03:32:53.742 [main] DEBUG com.github.dockerjava.zerodep.shaded.org.apache.hc.client5.http.impl.io.PoolingHttpClientConnectionManager - ex-00000043: acquired ep-00000042
03:32:53.742 [main] DEBUG com.github.dockerjava.zerodep.shaded.org.apache.hc.client5.http.impl.classic.InternalHttpClient - ex-00000043: acquired endpoint ep-00000042
03:32:53.742 [main] DEBUG com.github.dockerjava.zerodep.shaded.org.apache.hc.client5.http.impl.classic.MainClientExec - ex-00000043: executing GET /v1.32/containers/9691e31891711283f4d98263d11bc6156717d3e75a0b86a23f3b128a992c1f38/json HTTP/1.1
03:32:53.742 [main] DEBUG com.github.dockerjava.zerodep.shaded.org.apache.hc.client5.http.impl.classic.InternalHttpClient - ep-00000042: start execution ex-00000043
03:32:53.742 [main] DEBUG com.github.dockerjava.zerodep.shaded.org.apache.hc.client5.http.impl.io.PoolingHttpClientConnectionManager - ep-00000042: executing exchange ex-00000043 over http-outgoing-2
03:32:53.743 [main] DEBUG com.github.dockerjava.zerodep.shaded.org.apache.hc.client5.http.headers - http-outgoing-2 >> GET /v1.32/containers/9691e31891711283f4d98263d11bc6156717d3e75a0b86a23f3b128a992c1f38/json HTTP/1.1
03:32:53.743 [main] DEBUG com.github.dockerjava.zerodep.shaded.org.apache.hc.client5.http.headers - http-outgoing-2 >> accept: application/json
03:32:53.743 [main] DEBUG com.github.dockerjava.zerodep.shaded.org.apache.hc.client5.http.headers - http-outgoing-2 >> Accept-Encoding: gzip, x-gzip, deflate
03:32:53.743 [main] DEBUG com.github.dockerjava.zerodep.shaded.org.apache.hc.client5.http.headers - http-outgoing-2 >> Host: localhost:2375
03:32:53.743 [main] DEBUG com.github.dockerjava.zerodep.shaded.org.apache.hc.client5.http.headers - http-outgoing-2 >> Connection: keep-alive
03:32:53.743 [main] DEBUG com.github.dockerjava.zerodep.shaded.org.apache.hc.client5.http.headers - http-outgoing-2 >> User-Agent: Apache-HttpClient/5.0.3 (Java/11.0.15)
03:32:53.743 [main] DEBUG com.github.dockerjava.zerodep.shaded.org.apache.hc.client5.http.wire - http-outgoing-2 >> "GET /v1.32/containers/9691e31891711283f4d98263d11bc6156717d3e75a0b86a23f3b128a992c1f38/json HTTP/1.1[\r][\n]"
03:32:53.743 [main] DEBUG com.github.dockerjava.zerodep.shaded.org.apache.hc.client5.http.wire - http-outgoing-2 >> "accept: application/json[\r][\n]"
03:32:53.743 [main] DEBUG com.github.dockerjava.zerodep.shaded.org.apache.hc.client5.http.wire - http-outgoing-2 >> "Accept-Encoding: gzip, x-gzip, deflate[\r][\n]"
03:32:53.743 [main] DEBUG com.github.dockerjava.zerodep.shaded.org.apache.hc.client5.http.wire - http-outgoing-2 >> "Host: localhost:2375[\r][\n]"
03:32:53.743 [main] DEBUG com.github.dockerjava.zerodep.shaded.org.apache.hc.client5.http.wire - http-outgoing-2 >> "Connection: keep-alive[\r][\n]"
03:32:53.743 [main] DEBUG com.github.dockerjava.zerodep.shaded.org.apache.hc.client5.http.wire - http-outgoing-2 >> "User-Agent: Apache-HttpClient/5.0.3 (Java/11.0.15)[\r][\n]"
03:32:53.743 [main] DEBUG com.github.dockerjava.zerodep.shaded.org.apache.hc.client5.http.wire - http-outgoing-2 >> "[\r][\n]"
03:32:53.743 [main] DEBUG com.github.dockerjava.zerodep.shaded.org.apache.hc.client5.http.wire - http-outgoing-2 << "HTTP/1.1 200 OK[\r][\n]"
03:32:53.743 [main] DEBUG com.github.dockerjava.zerodep.shaded.org.apache.hc.client5.http.wire - http-outgoing-2 << "Api-Version: 1.41[\r][\n]"
03:32:53.743 [main] DEBUG com.github.dockerjava.zerodep.shaded.org.apache.hc.client5.http.wire - http-outgoing-2 << "Content-Type: application/json[\r][\n]"
03:32:53.743 [main] DEBUG com.github.dockerjava.zerodep.shaded.org.apache.hc.client5.http.wire - http-outgoing-2 << "Docker-Experimental: false[\r][\n]"
03:32:53.743 [main] DEBUG com.github.dockerjava.zerodep.shaded.org.apache.hc.client5.http.wire - http-outgoing-2 << "Ostype: linux[\r][\n]"
03:32:53.743 [main] DEBUG com.github.dockerjava.zerodep.shaded.org.apache.hc.client5.http.wire - http-outgoing-2 << "Server: Docker/20.10.12 (linux)[\r][\n]"
03:32:53.743 [main] DEBUG com.github.dockerjava.zerodep.shaded.org.apache.hc.client5.http.wire - http-outgoing-2 << "Date: Thu, 23 Jun 2022 02:32:53 GMT[\r][\n]"
03:32:53.743 [main] DEBUG com.github.dockerjava.zerodep.shaded.org.apache.hc.client5.http.wire - http-outgoing-2 << "Transfer-Encoding: chunked[\r][\n]"
03:32:53.743 [main] DEBUG com.github.dockerjava.zerodep.shaded.org.apache.hc.client5.http.wire - http-outgoing-2 << "[\r][\n]"
03:32:53.743 [main] DEBUG com.github.dockerjava.zerodep.shaded.org.apache.hc.client5.http.wire - http-outgoing-2 << "18ed[\r][\n]"
03:32:53.743 [main] DEBUG com.github.dockerjava.zerodep.shaded.org.apache.hc.client5.http.wire - http-outgoing-2 << "{"Id":"9691e31891711283f4d98263d11bc6156717d3e75a0b86a23f3b128a992c1f38","Created":"2022-06-23T02:32:47.03956921Z","Path":"docker-entrypoint.sh","Args":["mysqld"],"State":{"Status":"running","Running":true,"Paused":false,"Restarting":false,"OOMKilled":false,"Dead":false,"Pid":66188,"ExitCode":0,"Error":"","StartedAt":"2022-06-23T02:32:47.703880551Z","FinishedAt":"0001-01-01T00:00:00Z"},"Image":"sha256:65b636d5542b73254ce90cc4b895597dc1adc2c661ca553c38eda159979dded1","ResolvConfPath":"/var/lib/docker/containers/9691e31891711283f4d98263d11bc6156717d3e75a0b86a23f3b128a992c1f38/resolv.conf","HostnamePath":"/var/lib/docker/containers/9691e31891711283f4d98263d11bc6156717d3e75a0b86a23f3b128a992c1f38/hostname","HostsPath":"/var/lib/docker/containers/9691e31891711283f4d98263d11bc6156717d3e75a0b86a23f3b128a992c1f38/hosts","LogPath":"/var/lib/docker/containers/9691e31891711283f4d98263d11bc6156717d3e75a0b86a23f3b128a992c1f38/9691e31891711283f4d98263d11bc6156717d3e75a0b86a23f3b128a992c1f38-json.log","Name":"/xenodochial_satoshi","RestartCount":0,"Driver":"overlay2","Platform":"linux","MountLabel":"","ProcessLabel":"","AppArmorProfile":"docker-default","ExecIDs":null,"HostConfig":{"Binds":[],"ContainerIDFile":"","LogConfig":{"Type":"json-file","Config":{}},"NetworkMode":"default","PortBindings":{"3306/tcp":[{"HostIp":"","HostPort":""}]},"RestartPolicy":{"Name":"","MaximumRetryCount":0},"AutoRemove":false,"VolumeDriver":"","VolumesFrom":[],"CapAdd":null,"CapDrop":null,"CgroupnsMode":"host","Dns":null,"DnsOptions":null,"DnsSearch":null,"ExtraHosts":[],"GroupAdd":null,"IpcMode":"shareable","Cgroup":"","Links":null,"OomScoreAdj":0,"PidMode":"","Privileged":false,"PublishAllPorts":false,"ReadonlyRootfs":false,"SecurityOpt":null,"UTSMode":"","UsernsMode":"","ShmSize":67108864,"Runtime":"runc","ConsoleSize":[0,0],"Isolation":"","CpuShares":0,"Memory":0,"NanoCpus":0,"CgroupParent":"","BlkioWeight":0,"BlkioWeightDevice":null,"BlkioDeviceReadBps":null,"BlkioDeviceWriteBps":null,"BlkioDeviceReadIOps":null,"BlkioDeviceWriteIOps":null,"CpuPeriod":0,"CpuQuota":0,"CpuRealtimePeriod":0,"CpuRealtimeRuntime":0,"CpusetCpus":"","CpusetMems":"","Devices":null,"DeviceCgroupRules":null,"DeviceRequests":null,"KernelMemory":0,"KernelMemoryTCP":0,"MemoryReservation":0,"MemorySwap":0,"MemorySwappiness":null,"OomKillDisable":false,"PidsLimit":null,"Ulimits":null,"CpuCount":0,"CpuPercent":0,"IOMaximumIOps":0,"IOMaximumBandwidth":0,"MaskedPaths":["/proc/asound","/proc/acpi","/proc/kcore","/proc/keys","/proc/latency_stats","/proc/timer_list","/proc/timer_stats","/proc/sched_debug","/proc/scsi","/sys/firmware"],"ReadonlyPaths":["/proc/bus","/proc/fs","/proc/irq","/proc/sys","/proc/sysrq-trigger"]},"GraphDriver":{"Data":{"LowerDir":"/var/lib/docker/overlay2/5529564f52cf969e31e7a1482c27be7ffed19639b506ae2e15b7e7115f699a73-init/diff:/var/lib/docker/overlay2/833a665819b5d9728d3efa7c33135034345a24f83af53b1a1af33d9b64f5492a/diff:/var/lib/docker/overlay2/bd4a2a46c227c2f15475b08c398f37acaab93f4fdba31de015d730efae0a0cfc/diff:/var/lib/docker/overlay2/31ad437d7cba8e64428a2b62db1bbb2a2ec19ca4e439ec493ef4deb50dce2783/diff:/var/lib/docker/overlay2/35173cbd8ec5b88a8888e9abbe75f8694f5d3f96a9b781bb70dc1f0889685741/diff:/var/lib/docker/overlay2/24bf69ac4e8c81062fee44e7c9f746fffbb139c3f7f4b55b4fd1b23bb101b529/diff:/var/lib/docker/overlay2/2f27c96a7775dad186b6f0da325d5a251c80aa1b7f80cf8520f493c5154aee70/diff:/var/lib/docker/overlay2/463a60088c72ddbea82639ded15801e35a79c443f6a26bf1baf320c683cb06af/diff:/var/lib/docker/overlay2/80b8224b23a2ee4b5be635c58ae579fd1913aa95558cd66ab2f5e8430f00a5b8/diff:/var/lib/docker/overlay2/20451fa0b1a07b85d665bc3a0359d721ce4e4c28fa3bce7456ab25e0babae708/diff:/var/lib/docker/overlay2/f80d865cbc6c1c6f57d0963fa6234e7a6409e079eb17f4f13ca41d02731701ad/diff:/var/lib/docker/overlay2/5a3029e0b57c6ec9b985871ff6adf08356aaa0f2a15f1e34c1a7f116ecc4a61d/diff:/var/lib/docker/overlay2/4f3423103248d0b381a1bc6a7287e2b42313ff458cea602a02b7379014b03e0e/diff","MergedDir":"/var/lib/docker/overlay2/5529564f52cf969e31e7a1482c27be7ffed19639b506ae2e15b7e7115f699a73/merged","UpperDir":"/var/lib/docker/overlay2/5529564f52cf969e31e7a1482c27be7ffed19639b506ae2e15b7e7115f699a73/diff","WorkDir":"/var/lib/docker/overlay2/5529564f52cf969e31e7a1482c27be7ffed19639b506ae2e15b7e7115f699a73/work"},"Name":"overlay2"},"Mounts":[{"Type":"volume","Name":"fd1f613c7fe3ca3ae799982507ac3f565cc9f6a2dc99ceaed92389e2c43f47d1","Source":"/var/lib/docker/volumes/fd1f613c7fe3ca3ae799982507ac3f565cc9f6a2dc99ceaed92389e2c43f47d1/_data","Destination":"/var/lib/mysql","Driver":"local","Mode":"","RW":true,"Propagation":""}],"Config":{"Hostname":"9691e3189171","Domainname":"","User":"","AttachStdin":false,"AttachStdout":false,"AttachStderr":false,"ExposedPorts":{"3306/tcp":{},"33060/tcp":{}},"Tty":false,"OpenStdin":false,"StdinOnce":false,"Env":["MYSQL_DATABASE=test","MYSQL_PASSWORD=admin","MYSQL_USER=admin","MYSQL_ROOT_PASSWORD=admin","PATH=/usr/local/sbin:/usr/local/bin:/usr/sbin:/usr/bin:/sbin:/bin","GOSU_VERSION=1.14","MYSQL_MAJOR=8.0","MYSQL_VERSION=8.0.29-1debian10"],"Cmd":["mysqld"],"Image":"mysql:8.0","Volumes":{"/var/lib/mysql":{}},"WorkingDir":"","Entrypoint":["docker-entrypoint.sh"],"OnBuild":null,"Labels":{"org.testcontainers":"true","org.testcontainers.sessionId":"d48265e4-2b28-4f8c-aa67-76dd8289af84"}},"NetworkSettings":{"Bridge":"","SandboxID":"d9de8570fe3f0a4e9f3a1ff7101c963bbd2c6a0a9d8a867b96f17f4d5edca537","HairpinMode":false,"LinkLocalIPv6Address":"","LinkLocalIPv6PrefixLen":0,"Ports":{"3306/tcp":[{"HostIp":"0.0.0.0","HostPort":"49160"},{"HostIp":"::","HostPort":"49160"}],"33060/tcp":null},"SandboxKey":"/var/run/docker/netns/d9de8570fe3f","SecondaryIPAddresses":null,"SecondaryIPv6Addresses":null,"EndpointID":"93e8fe159f683a98670e8995677c2b130dbce857fc116679206e206bda319cbf","Gateway":"172.17.0.1","GlobalIPv6Address":"","GlobalIPv6PrefixLen":0,"IPAddress":"172.17.0.3","IPPrefixLen":16,"IPv6Gateway":"","MacAddress":"02:42:ac:11:00:03","Networks":{"bridge":{"IPAMConfig":null,"Links":null,"Aliases":null,"NetworkID":"1853cd2b9856825cc97ed9ef2b12efa82d95bf9cf60ad666c276eb35cc53539e","EndpointID":"93e8fe159f683a98670e8995677c2b130dbce857fc116679206e206bda319cbf","Gateway":"172.17.0.1","IPAddress":"172.17.0.3","IPPrefixLen":16,"IPv6Gateway":"","GlobalIPv6Address":"","GlobalIPv6PrefixLen":0,"MacAddress":"02:42:ac:11:00:03","DriverOpts":null}}}}[\n]"
03:32:53.743 [main] DEBUG com.github.dockerjava.zerodep.shaded.org.apache.hc.client5.http.wire - http-outgoing-2 << "[\r][\n]"
03:32:53.743 [main] DEBUG com.github.dockerjava.zerodep.shaded.org.apache.hc.client5.http.wire - http-outgoing-2 << "0[\r][\n]"
03:32:53.743 [main] DEBUG com.github.dockerjava.zerodep.shaded.org.apache.hc.client5.http.wire - http-outgoing-2 << "[\r][\n]"
03:32:53.744 [main] DEBUG com.github.dockerjava.zerodep.shaded.org.apache.hc.client5.http.headers - http-outgoing-2 << HTTP/1.1 200 OK
03:32:53.744 [main] DEBUG com.github.dockerjava.zerodep.shaded.org.apache.hc.client5.http.headers - http-outgoing-2 << Api-Version: 1.41
03:32:53.744 [main] DEBUG com.github.dockerjava.zerodep.shaded.org.apache.hc.client5.http.headers - http-outgoing-2 << Content-Type: application/json
03:32:53.744 [main] DEBUG com.github.dockerjava.zerodep.shaded.org.apache.hc.client5.http.headers - http-outgoing-2 << Docker-Experimental: false
03:32:53.744 [main] DEBUG com.github.dockerjava.zerodep.shaded.org.apache.hc.client5.http.headers - http-outgoing-2 << Ostype: linux
03:32:53.744 [main] DEBUG com.github.dockerjava.zerodep.shaded.org.apache.hc.client5.http.headers - http-outgoing-2 << Server: Docker/20.10.12 (linux)
03:32:53.744 [main] DEBUG com.github.dockerjava.zerodep.shaded.org.apache.hc.client5.http.headers - http-outgoing-2 << Date: Thu, 23 Jun 2022 02:32:53 GMT
03:32:53.744 [main] DEBUG com.github.dockerjava.zerodep.shaded.org.apache.hc.client5.http.headers - http-outgoing-2 << Transfer-Encoding: chunked
03:32:53.745 [main] DEBUG com.github.dockerjava.zerodep.shaded.org.apache.hc.client5.http.impl.classic.MainClientExec - ex-00000043: connection can be kept alive for 3 MINUTES
03:32:53.747 [main] DEBUG com.github.dockerjava.zerodep.shaded.org.apache.hc.client5.http.impl.classic.InternalHttpClient - ep-00000042: releasing valid endpoint
03:32:53.747 [main] DEBUG com.github.dockerjava.zerodep.shaded.org.apache.hc.client5.http.impl.io.PoolingHttpClientConnectionManager - ep-00000042: releasing endpoint
03:32:53.747 [main] DEBUG com.github.dockerjava.zerodep.shaded.org.apache.hc.client5.http.impl.io.PoolingHttpClientConnectionManager - ep-00000042: connection http-outgoing-2 can be kept alive for 3 MINUTES
03:32:53.747 [main] DEBUG com.github.dockerjava.zerodep.shaded.org.apache.hc.client5.http.impl.io.PoolingHttpClientConnectionManager - ep-00000042: connection released [route: {}->unix://localhost:2375][total available: 1; route allocated: 1 of 2147483647; total allocated: 1 of 2147483647]
03:32:53.747 [main] DEBUG 🐳 [mysql:8.0] - Trying to create JDBC connection using com.mysql.cj.jdbc.Driver to jdbc:mysql://localhost:49160/test?useSSL=false&allowPublicKeyRetrieval=true with properties: {password=admin, user=admin}
03:32:53.858 [main] DEBUG org.testcontainers.shaded.com.github.dockerjava.core.command.AbstrDockerCmd - Cmd: 9691e31891711283f4d98263d11bc6156717d3e75a0b86a23f3b128a992c1f38,false
03:32:53.859 [main] DEBUG org.testcontainers.shaded.com.github.dockerjava.core.exec.InspectContainerCmdExec - GET: DefaultWebTarget{path=[/containers/9691e31891711283f4d98263d11bc6156717d3e75a0b86a23f3b128a992c1f38/json], queryParams={}}
03:32:53.859 [main] DEBUG com.github.dockerjava.zerodep.shaded.org.apache.hc.client5.http.impl.classic.InternalHttpClient - ex-00000044: preparing request execution
03:32:53.859 [main] DEBUG com.github.dockerjava.zerodep.shaded.org.apache.hc.client5.http.protocol.RequestAddCookies - Cookie spec selected: strict
03:32:53.859 [main] DEBUG com.github.dockerjava.zerodep.shaded.org.apache.hc.client5.http.protocol.RequestAuthCache - Auth cache not set in the context
03:32:53.859 [main] DEBUG com.github.dockerjava.zerodep.shaded.org.apache.hc.client5.http.impl.classic.ProtocolExec - ex-00000044: target auth state: UNCHALLENGED
03:32:53.859 [main] DEBUG com.github.dockerjava.zerodep.shaded.org.apache.hc.client5.http.impl.classic.ProtocolExec - ex-00000044: proxy auth state: UNCHALLENGED
03:32:53.859 [main] DEBUG com.github.dockerjava.zerodep.shaded.org.apache.hc.client5.http.impl.classic.ConnectExec - ex-00000044: acquiring connection with route {}->unix://localhost:2375
03:32:53.859 [main] DEBUG com.github.dockerjava.zerodep.shaded.org.apache.hc.client5.http.impl.classic.InternalHttpClient - ex-00000044: acquiring endpoint (3 MINUTES)
03:32:53.859 [main] DEBUG com.github.dockerjava.zerodep.shaded.org.apache.hc.client5.http.impl.io.PoolingHttpClientConnectionManager - ex-00000044: endpoint lease request (3 MINUTES) [route: {}->unix://localhost:2375][total available: 1; route allocated: 1 of 2147483647; total allocated: 1 of 2147483647]
03:32:53.859 [main] DEBUG com.github.dockerjava.zerodep.shaded.org.apache.hc.client5.http.impl.io.PoolingHttpClientConnectionManager - ex-00000044: endpoint leased [route: {}->unix://localhost:2375][total available: 0; route allocated: 1 of 2147483647; total allocated: 1 of 2147483647]
03:32:53.859 [main] DEBUG com.github.dockerjava.zerodep.shaded.org.apache.hc.client5.http.impl.io.PoolingHttpClientConnectionManager - ex-00000044: acquired ep-00000043
03:32:53.859 [main] DEBUG com.github.dockerjava.zerodep.shaded.org.apache.hc.client5.http.impl.classic.InternalHttpClient - ex-00000044: acquired endpoint ep-00000043
03:32:53.859 [main] DEBUG com.github.dockerjava.zerodep.shaded.org.apache.hc.client5.http.impl.classic.MainClientExec - ex-00000044: executing GET /v1.32/containers/9691e31891711283f4d98263d11bc6156717d3e75a0b86a23f3b128a992c1f38/json HTTP/1.1
03:32:53.859 [main] DEBUG com.github.dockerjava.zerodep.shaded.org.apache.hc.client5.http.impl.classic.InternalHttpClient - ep-00000043: start execution ex-00000044
03:32:53.859 [main] DEBUG com.github.dockerjava.zerodep.shaded.org.apache.hc.client5.http.impl.io.PoolingHttpClientConnectionManager - ep-00000043: executing exchange ex-00000044 over http-outgoing-2
03:32:53.860 [main] DEBUG com.github.dockerjava.zerodep.shaded.org.apache.hc.client5.http.headers - http-outgoing-2 >> GET /v1.32/containers/9691e31891711283f4d98263d11bc6156717d3e75a0b86a23f3b128a992c1f38/json HTTP/1.1
03:32:53.860 [main] DEBUG com.github.dockerjava.zerodep.shaded.org.apache.hc.client5.http.headers - http-outgoing-2 >> accept: application/json
03:32:53.860 [main] DEBUG com.github.dockerjava.zerodep.shaded.org.apache.hc.client5.http.headers - http-outgoing-2 >> Accept-Encoding: gzip, x-gzip, deflate
03:32:53.860 [main] DEBUG com.github.dockerjava.zerodep.shaded.org.apache.hc.client5.http.headers - http-outgoing-2 >> Host: localhost:2375
03:32:53.860 [main] DEBUG com.github.dockerjava.zerodep.shaded.org.apache.hc.client5.http.headers - http-outgoing-2 >> Connection: keep-alive
03:32:53.860 [main] DEBUG com.github.dockerjava.zerodep.shaded.org.apache.hc.client5.http.headers - http-outgoing-2 >> User-Agent: Apache-HttpClient/5.0.3 (Java/11.0.15)
03:32:53.860 [main] DEBUG com.github.dockerjava.zerodep.shaded.org.apache.hc.client5.http.wire - http-outgoing-2 >> "GET /v1.32/containers/9691e31891711283f4d98263d11bc6156717d3e75a0b86a23f3b128a992c1f38/json HTTP/1.1[\r][\n]"
03:32:53.860 [main] DEBUG com.github.dockerjava.zerodep.shaded.org.apache.hc.client5.http.wire - http-outgoing-2 >> "accept: application/json[\r][\n]"
03:32:53.860 [main] DEBUG com.github.dockerjava.zerodep.shaded.org.apache.hc.client5.http.wire - http-outgoing-2 >> "Accept-Encoding: gzip, x-gzip, deflate[\r][\n]"
03:32:53.860 [main] DEBUG com.github.dockerjava.zerodep.shaded.org.apache.hc.client5.http.wire - http-outgoing-2 >> "Host: localhost:2375[\r][\n]"
03:32:53.860 [main] DEBUG com.github.dockerjava.zerodep.shaded.org.apache.hc.client5.http.wire - http-outgoing-2 >> "Connection: keep-alive[\r][\n]"
03:32:53.860 [main] DEBUG com.github.dockerjava.zerodep.shaded.org.apache.hc.client5.http.wire - http-outgoing-2 >> "User-Agent: Apache-HttpClient/5.0.3 (Java/11.0.15)[\r][\n]"
03:32:53.860 [main] DEBUG com.github.dockerjava.zerodep.shaded.org.apache.hc.client5.http.wire - http-outgoing-2 >> "[\r][\n]"
03:32:53.860 [main] DEBUG com.github.dockerjava.zerodep.shaded.org.apache.hc.client5.http.wire - http-outgoing-2 << "HTTP/1.1 200 OK[\r][\n]"
03:32:53.860 [main] DEBUG com.github.dockerjava.zerodep.shaded.org.apache.hc.client5.http.wire - http-outgoing-2 << "Api-Version: 1.41[\r][\n]"
03:32:53.860 [main] DEBUG com.github.dockerjava.zerodep.shaded.org.apache.hc.client5.http.wire - http-outgoing-2 << "Content-Type: application/json[\r][\n]"
03:32:53.860 [main] DEBUG com.github.dockerjava.zerodep.shaded.org.apache.hc.client5.http.wire - http-outgoing-2 << "Docker-Experimental: false[\r][\n]"
03:32:53.860 [main] DEBUG com.github.dockerjava.zerodep.shaded.org.apache.hc.client5.http.wire - http-outgoing-2 << "Ostype: linux[\r][\n]"
03:32:53.860 [main] DEBUG com.github.dockerjava.zerodep.shaded.org.apache.hc.client5.http.wire - http-outgoing-2 << "Server: Docker/20.10.12 (linux)[\r][\n]"
03:32:53.860 [main] DEBUG com.github.dockerjava.zerodep.shaded.org.apache.hc.client5.http.wire - http-outgoing-2 << "Date: Thu, 23 Jun 2022 02:32:53 GMT[\r][\n]"
03:32:53.860 [main] DEBUG com.github.dockerjava.zerodep.shaded.org.apache.hc.client5.http.wire - http-outgoing-2 << "Transfer-Encoding: chunked[\r][\n]"
03:32:53.860 [main] DEBUG com.github.dockerjava.zerodep.shaded.org.apache.hc.client5.http.wire - http-outgoing-2 << "[\r][\n]"
03:32:53.860 [main] DEBUG com.github.dockerjava.zerodep.shaded.org.apache.hc.client5.http.wire - http-outgoing-2 << "18ed[\r][\n]"
03:32:53.860 [main] DEBUG com.github.dockerjava.zerodep.shaded.org.apache.hc.client5.http.wire - http-outgoing-2 << "{"Id":"9691e31891711283f4d98263d11bc6156717d3e75a0b86a23f3b128a992c1f38","Created":"2022-06-23T02:32:47.03956921Z","Path":"docker-entrypoint.sh","Args":["mysqld"],"State":{"Status":"running","Running":true,"Paused":false,"Restarting":false,"OOMKilled":false,"Dead":false,"Pid":66188,"ExitCode":0,"Error":"","StartedAt":"2022-06-23T02:32:47.703880551Z","FinishedAt":"0001-01-01T00:00:00Z"},"Image":"sha256:65b636d5542b73254ce90cc4b895597dc1adc2c661ca553c38eda159979dded1","ResolvConfPath":"/var/lib/docker/containers/9691e31891711283f4d98263d11bc6156717d3e75a0b86a23f3b128a992c1f38/resolv.conf","HostnamePath":"/var/lib/docker/containers/9691e31891711283f4d98263d11bc6156717d3e75a0b86a23f3b128a992c1f38/hostname","HostsPath":"/var/lib/docker/containers/9691e31891711283f4d98263d11bc6156717d3e75a0b86a23f3b128a992c1f38/hosts","LogPath":"/var/lib/docker/containers/9691e31891711283f4d98263d11bc6156717d3e75a0b86a23f3b128a992c1f38/9691e31891711283f4d98263d11bc6156717d3e75a0b86a23f3b128a992c1f38-json.log","Name":"/xenodochial_satoshi","RestartCount":0,"Driver":"overlay2","Platform":"linux","MountLabel":"","ProcessLabel":"","AppArmorProfile":"docker-default","ExecIDs":null,"HostConfig":{"Binds":[],"ContainerIDFile":"","LogConfig":{"Type":"json-file","Config":{}},"NetworkMode":"default","PortBindings":{"3306/tcp":[{"HostIp":"","HostPort":""}]},"RestartPolicy":{"Name":"","MaximumRetryCount":0},"AutoRemove":false,"VolumeDriver":"","VolumesFrom":[],"CapAdd":null,"CapDrop":null,"CgroupnsMode":"host","Dns":null,"DnsOptions":null,"DnsSearch":null,"ExtraHosts":[],"GroupAdd":null,"IpcMode":"shareable","Cgroup":"","Links":null,"OomScoreAdj":0,"PidMode":"","Privileged":false,"PublishAllPorts":false,"ReadonlyRootfs":false,"SecurityOpt":null,"UTSMode":"","UsernsMode":"","ShmSize":67108864,"Runtime":"runc","ConsoleSize":[0,0],"Isolation":"","CpuShares":0,"Memory":0,"NanoCpus":0,"CgroupParent":"","BlkioWeight":0,"BlkioWeightDevice":null,"BlkioDeviceReadBps":null,"BlkioDeviceWriteBps":null,"BlkioDeviceReadIOps":null,"BlkioDeviceWriteIOps":null,"CpuPeriod":0,"CpuQuota":0,"CpuRealtimePeriod":0,"CpuRealtimeRuntime":0,"CpusetCpus":"","CpusetMems":"","Devices":null,"DeviceCgroupRules":null,"DeviceRequests":null,"KernelMemory":0,"KernelMemoryTCP":0,"MemoryReservation":0,"MemorySwap":0,"MemorySwappiness":null,"OomKillDisable":false,"PidsLimit":null,"Ulimits":null,"CpuCount":0,"CpuPercent":0,"IOMaximumIOps":0,"IOMaximumBandwidth":0,"MaskedPaths":["/proc/asound","/proc/acpi","/proc/kcore","/proc/keys","/proc/latency_stats","/proc/timer_list","/proc/timer_stats","/proc/sched_debug","/proc/scsi","/sys/firmware"],"ReadonlyPaths":["/proc/bus","/proc/fs","/proc/irq","/proc/sys","/proc/sysrq-trigger"]},"GraphDriver":{"Data":{"LowerDir":"/var/lib/docker/overlay2/5529564f52cf969e31e7a1482c27be7ffed19639b506ae2e15b7e7115f699a73-init/diff:/var/lib/docker/overlay2/833a665819b5d9728d3efa7c33135034345a24f83af53b1a1af33d9b64f5492a/diff:/var/lib/docker/overlay2/bd4a2a46c227c2f15475b08c398f37acaab93f4fdba31de015d730efae0a0cfc/diff:/var/lib/docker/overlay2/31ad437d7cba8e64428a2b62db1bbb2a2ec19ca4e439ec493ef4deb50dce2783/diff:/var/lib/docker/overlay2/35173cbd8ec5b88a8888e9abbe75f8694f5d3f96a9b781bb70dc1f0889685741/diff:/var/lib/docker/overlay2/24bf69ac4e8c81062fee44e7c9f746fffbb139c3f7f4b55b4fd1b23bb101b529/diff:/var/lib/docker/overlay2/2f27c96a7775dad186b6f0da325d5a251c80aa1b7f80cf8520f493c5154aee70/diff:/var/lib/docker/overlay2/463a60088c72ddbea82639ded15801e35a79c443f6a26bf1baf320c683cb06af/diff:/var/lib/docker/overlay2/80b8224b23a2ee4b5be635c58ae579fd1913aa95558cd66ab2f5e8430f00a5b8/diff:/var/lib/docker/overlay2/20451fa0b1a07b85d665bc3a0359d721ce4e4c28fa3bce7456ab25e0babae708/diff:/var/lib/docker/overlay2/f80d865cbc6c1c6f57d0963fa6234e7a6409e079eb17f4f13ca41d02731701ad/diff:/var/lib/docker/overlay2/5a3029e0b57c6ec9b985871ff6adf08356aaa0f2a15f1e34c1a7f116ecc4a61d/diff:/var/lib/docker/overlay2/4f3423103248d0b381a1bc6a7287e2b42313ff458cea602a02b7379014b03e0e/diff","MergedDir":"/var/lib/docker/overlay2/5529564f52cf969e31e7a1482c27be7ffed19639b506ae2e15b7e7115f699a73/merged","UpperDir":"/var/lib/docker/overlay2/5529564f52cf969e31e7a1482c27be7ffed19639b506ae2e15b7e7115f699a73/diff","WorkDir":"/var/lib/docker/overlay2/5529564f52cf969e31e7a1482c27be7ffed19639b506ae2e15b7e7115f699a73/work"},"Name":"overlay2"},"Mounts":[{"Type":"volume","Name":"fd1f613c7fe3ca3ae799982507ac3f565cc9f6a2dc99ceaed92389e2c43f47d1","Source":"/var/lib/docker/volumes/fd1f613c7fe3ca3ae799982507ac3f565cc9f6a2dc99ceaed92389e2c43f47d1/_data","Destination":"/var/lib/mysql","Driver":"local","Mode":"","RW":true,"Propagation":""}],"Config":{"Hostname":"9691e3189171","Domainname":"","User":"","AttachStdin":false,"AttachStdout":false,"AttachStderr":false,"ExposedPorts":{"3306/tcp":{},"33060/tcp":{}},"Tty":false,"OpenStdin":false,"StdinOnce":false,"Env":["MYSQL_DATABASE=test","MYSQL_PASSWORD=admin","MYSQL_USER=admin","MYSQL_ROOT_PASSWORD=admin","PATH=/usr/local/sbin:/usr/local/bin:/usr/sbin:/usr/bin:/sbin:/bin","GOSU_VERSION=1.14","MYSQL_MAJOR=8.0","MYSQL_VERSION=8.0.29-1debian10"],"Cmd":["mysqld"],"Image":"mysql:8.0","Volumes":{"/var/lib/mysql":{}},"WorkingDir":"","Entrypoint":["docker-entrypoint.sh"],"OnBuild":null,"Labels":{"org.testcontainers":"true","org.testcontainers.sessionId":"d48265e4-2b28-4f8c-aa67-76dd8289af84"}},"NetworkSettings":{"Bridge":"","SandboxID":"d9de8570fe3f0a4e9f3a1ff7101c963bbd2c6a0a9d8a867b96f17f4d5edca537","HairpinMode":false,"LinkLocalIPv6Address":"","LinkLocalIPv6PrefixLen":0,"Ports":{"3306/tcp":[{"HostIp":"0.0.0.0","HostPort":"49160"},{"HostIp":"::","HostPort":"49160"}],"33060/tcp":null},"SandboxKey":"/var/run/docker/netns/d9de8570fe3f","SecondaryIPAddresses":null,"SecondaryIPv6Addresses":null,"EndpointID":"93e8fe159f683a98670e8995677c2b130dbce857fc116679206e206bda319cbf","Gateway":"172.17.0.1","GlobalIPv6Address":"","GlobalIPv6PrefixLen":0,"IPAddress":"172.17.0.3","IPPrefixLen":16,"IPv6Gateway":"","MacAddress":"02:42:ac:11:00:03","Networks":{"bridge":{"IPAMConfig":null,"Links":null,"Aliases":null,"NetworkID":"1853cd2b9856825cc97ed9ef2b12efa82d95bf9cf60ad666c276eb35cc53539e","EndpointID":"93e8fe159f683a98670e8995677c2b130dbce857fc116679206e206bda319cbf","Gateway":"172.17.0.1","IPAddress":"172.17.0.3","IPPrefixLen":16,"IPv6Gateway":"","GlobalIPv6Address":"","GlobalIPv6PrefixLen":0,"MacAddress":"02:42:ac:11:00:03","DriverOpts":null}}}}[\n]"
03:32:53.860 [main] DEBUG com.github.dockerjava.zerodep.shaded.org.apache.hc.client5.http.wire - http-outgoing-2 << "[\r][\n]"
03:32:53.860 [main] DEBUG com.github.dockerjava.zerodep.shaded.org.apache.hc.client5.http.wire - http-outgoing-2 << "0[\r][\n]"
03:32:53.860 [main] DEBUG com.github.dockerjava.zerodep.shaded.org.apache.hc.client5.http.wire - http-outgoing-2 << "[\r][\n]"
03:32:53.861 [main] DEBUG com.github.dockerjava.zerodep.shaded.org.apache.hc.client5.http.headers - http-outgoing-2 << HTTP/1.1 200 OK
03:32:53.861 [main] DEBUG com.github.dockerjava.zerodep.shaded.org.apache.hc.client5.http.headers - http-outgoing-2 << Api-Version: 1.41
03:32:53.861 [main] DEBUG com.github.dockerjava.zerodep.shaded.org.apache.hc.client5.http.headers - http-outgoing-2 << Content-Type: application/json
03:32:53.861 [main] DEBUG com.github.dockerjava.zerodep.shaded.org.apache.hc.client5.http.headers - http-outgoing-2 << Docker-Experimental: false
03:32:53.861 [main] DEBUG com.github.dockerjava.zerodep.shaded.org.apache.hc.client5.http.headers - http-outgoing-2 << Ostype: linux
03:32:53.861 [main] DEBUG com.github.dockerjava.zerodep.shaded.org.apache.hc.client5.http.headers - http-outgoing-2 << Server: Docker/20.10.12 (linux)
03:32:53.861 [main] DEBUG com.github.dockerjava.zerodep.shaded.org.apache.hc.client5.http.headers - http-outgoing-2 << Date: Thu, 23 Jun 2022 02:32:53 GMT
03:32:53.861 [main] DEBUG com.github.dockerjava.zerodep.shaded.org.apache.hc.client5.http.headers - http-outgoing-2 << Transfer-Encoding: chunked
03:32:53.861 [main] DEBUG com.github.dockerjava.zerodep.shaded.org.apache.hc.client5.http.impl.classic.MainClientExec - ex-00000044: connection can be kept alive for 3 MINUTES
03:32:53.861 [main] DEBUG com.github.dockerjava.zerodep.shaded.org.apache.hc.client5.http.impl.classic.InternalHttpClient - ep-00000043: releasing valid endpoint
03:32:53.861 [main] DEBUG com.github.dockerjava.zerodep.shaded.org.apache.hc.client5.http.impl.io.PoolingHttpClientConnectionManager - ep-00000043: releasing endpoint
03:32:53.861 [main] DEBUG com.github.dockerjava.zerodep.shaded.org.apache.hc.client5.http.impl.io.PoolingHttpClientConnectionManager - ep-00000043: connection http-outgoing-2 can be kept alive for 3 MINUTES
03:32:53.861 [main] DEBUG com.github.dockerjava.zerodep.shaded.org.apache.hc.client5.http.impl.io.PoolingHttpClientConnectionManager - ep-00000043: connection released [route: {}->unix://localhost:2375][total available: 1; route allocated: 1 of 2147483647; total allocated: 1 of 2147483647]
03:32:53.862 [main] DEBUG 🐳 [mysql:8.0] - Trying to create JDBC connection using com.mysql.cj.jdbc.Driver to jdbc:mysql://localhost:49160/test?useSSL=false&allowPublicKeyRetrieval=true with properties: {password=admin, user=admin}
03:32:53.963 [main] DEBUG org.testcontainers.shaded.com.github.dockerjava.core.command.AbstrDockerCmd - Cmd: 9691e31891711283f4d98263d11bc6156717d3e75a0b86a23f3b128a992c1f38,false
03:32:53.963 [main] DEBUG org.testcontainers.shaded.com.github.dockerjava.core.exec.InspectContainerCmdExec - GET: DefaultWebTarget{path=[/containers/9691e31891711283f4d98263d11bc6156717d3e75a0b86a23f3b128a992c1f38/json], queryParams={}}
03:32:53.963 [main] DEBUG com.github.dockerjava.zerodep.shaded.org.apache.hc.client5.http.impl.classic.InternalHttpClient - ex-00000045: preparing request execution
03:32:53.963 [main] DEBUG com.github.dockerjava.zerodep.shaded.org.apache.hc.client5.http.protocol.RequestAddCookies - Cookie spec selected: strict
03:32:53.963 [main] DEBUG com.github.dockerjava.zerodep.shaded.org.apache.hc.client5.http.protocol.RequestAuthCache - Auth cache not set in the context
03:32:53.964 [main] DEBUG com.github.dockerjava.zerodep.shaded.org.apache.hc.client5.http.impl.classic.ProtocolExec - ex-00000045: target auth state: UNCHALLENGED
03:32:53.964 [main] DEBUG com.github.dockerjava.zerodep.shaded.org.apache.hc.client5.http.impl.classic.ProtocolExec - ex-00000045: proxy auth state: UNCHALLENGED
03:32:53.964 [main] DEBUG com.github.dockerjava.zerodep.shaded.org.apache.hc.client5.http.impl.classic.ConnectExec - ex-00000045: acquiring connection with route {}->unix://localhost:2375
03:32:53.964 [main] DEBUG com.github.dockerjava.zerodep.shaded.org.apache.hc.client5.http.impl.classic.InternalHttpClient - ex-00000045: acquiring endpoint (3 MINUTES)
03:32:53.964 [main] DEBUG com.github.dockerjava.zerodep.shaded.org.apache.hc.client5.http.impl.io.PoolingHttpClientConnectionManager - ex-00000045: endpoint lease request (3 MINUTES) [route: {}->unix://localhost:2375][total available: 1; route allocated: 1 of 2147483647; total allocated: 1 of 2147483647]
03:32:53.964 [main] DEBUG com.github.dockerjava.zerodep.shaded.org.apache.hc.client5.http.impl.io.PoolingHttpClientConnectionManager - ex-00000045: endpoint leased [route: {}->unix://localhost:2375][total available: 0; route allocated: 1 of 2147483647; total allocated: 1 of 2147483647]
03:32:53.964 [main] DEBUG com.github.dockerjava.zerodep.shaded.org.apache.hc.client5.http.impl.io.PoolingHttpClientConnectionManager - ex-00000045: acquired ep-00000044
03:32:53.964 [main] DEBUG com.github.dockerjava.zerodep.shaded.org.apache.hc.client5.http.impl.classic.InternalHttpClient - ex-00000045: acquired endpoint ep-00000044
03:32:53.964 [main] DEBUG com.github.dockerjava.zerodep.shaded.org.apache.hc.client5.http.impl.classic.MainClientExec - ex-00000045: executing GET /v1.32/containers/9691e31891711283f4d98263d11bc6156717d3e75a0b86a23f3b128a992c1f38/json HTTP/1.1
03:32:53.964 [main] DEBUG com.github.dockerjava.zerodep.shaded.org.apache.hc.client5.http.impl.classic.InternalHttpClient - ep-00000044: start execution ex-00000045
03:32:53.964 [main] DEBUG com.github.dockerjava.zerodep.shaded.org.apache.hc.client5.http.impl.io.PoolingHttpClientConnectionManager - ep-00000044: executing exchange ex-00000045 over http-outgoing-2
03:32:53.964 [main] DEBUG com.github.dockerjava.zerodep.shaded.org.apache.hc.client5.http.headers - http-outgoing-2 >> GET /v1.32/containers/9691e31891711283f4d98263d11bc6156717d3e75a0b86a23f3b128a992c1f38/json HTTP/1.1
03:32:53.964 [main] DEBUG com.github.dockerjava.zerodep.shaded.org.apache.hc.client5.http.headers - http-outgoing-2 >> accept: application/json
03:32:53.964 [main] DEBUG com.github.dockerjava.zerodep.shaded.org.apache.hc.client5.http.headers - http-outgoing-2 >> Accept-Encoding: gzip, x-gzip, deflate
03:32:53.964 [main] DEBUG com.github.dockerjava.zerodep.shaded.org.apache.hc.client5.http.headers - http-outgoing-2 >> Host: localhost:2375
03:32:53.964 [main] DEBUG com.github.dockerjava.zerodep.shaded.org.apache.hc.client5.http.headers - http-outgoing-2 >> Connection: keep-alive
03:32:53.964 [main] DEBUG com.github.dockerjava.zerodep.shaded.org.apache.hc.client5.http.headers - http-outgoing-2 >> User-Agent: Apache-HttpClient/5.0.3 (Java/11.0.15)
03:32:53.964 [main] DEBUG com.github.dockerjava.zerodep.shaded.org.apache.hc.client5.http.wire - http-outgoing-2 >> "GET /v1.32/containers/9691e31891711283f4d98263d11bc6156717d3e75a0b86a23f3b128a992c1f38/json HTTP/1.1[\r][\n]"
03:32:53.964 [main] DEBUG com.github.dockerjava.zerodep.shaded.org.apache.hc.client5.http.wire - http-outgoing-2 >> "accept: application/json[\r][\n]"
03:32:53.964 [main] DEBUG com.github.dockerjava.zerodep.shaded.org.apache.hc.client5.http.wire - http-outgoing-2 >> "Accept-Encoding: gzip, x-gzip, deflate[\r][\n]"
03:32:53.964 [main] DEBUG com.github.dockerjava.zerodep.shaded.org.apache.hc.client5.http.wire - http-outgoing-2 >> "Host: localhost:2375[\r][\n]"
03:32:53.964 [main] DEBUG com.github.dockerjava.zerodep.shaded.org.apache.hc.client5.http.wire - http-outgoing-2 >> "Connection: keep-alive[\r][\n]"
03:32:53.964 [main] DEBUG com.github.dockerjava.zerodep.shaded.org.apache.hc.client5.http.wire - http-outgoing-2 >> "User-Agent: Apache-HttpClient/5.0.3 (Java/11.0.15)[\r][\n]"
03:32:53.964 [main] DEBUG com.github.dockerjava.zerodep.shaded.org.apache.hc.client5.http.wire - http-outgoing-2 >> "[\r][\n]"
03:32:53.965 [main] DEBUG com.github.dockerjava.zerodep.shaded.org.apache.hc.client5.http.wire - http-outgoing-2 << "HTTP/1.1 200 OK[\r][\n]"
03:32:53.965 [main] DEBUG com.github.dockerjava.zerodep.shaded.org.apache.hc.client5.http.wire - http-outgoing-2 << "Api-Version: 1.41[\r][\n]"
03:32:53.965 [main] DEBUG com.github.dockerjava.zerodep.shaded.org.apache.hc.client5.http.wire - http-outgoing-2 << "Content-Type: application/json[\r][\n]"
03:32:53.965 [main] DEBUG com.github.dockerjava.zerodep.shaded.org.apache.hc.client5.http.wire - http-outgoing-2 << "Docker-Experimental: false[\r][\n]"
03:32:53.965 [main] DEBUG com.github.dockerjava.zerodep.shaded.org.apache.hc.client5.http.wire - http-outgoing-2 << "Ostype: linux[\r][\n]"
03:32:53.965 [main] DEBUG com.github.dockerjava.zerodep.shaded.org.apache.hc.client5.http.wire - http-outgoing-2 << "Server: Docker/20.10.12 (linux)[\r][\n]"
03:32:53.965 [main] DEBUG com.github.dockerjava.zerodep.shaded.org.apache.hc.client5.http.wire - http-outgoing-2 << "Date: Thu, 23 Jun 2022 02:32:53 GMT[\r][\n]"
03:32:53.965 [main] DEBUG com.github.dockerjava.zerodep.shaded.org.apache.hc.client5.http.wire - http-outgoing-2 << "Transfer-Encoding: chunked[\r][\n]"
03:32:53.965 [main] DEBUG com.github.dockerjava.zerodep.shaded.org.apache.hc.client5.http.wire - http-outgoing-2 << "[\r][\n]"
03:32:53.965 [main] DEBUG com.github.dockerjava.zerodep.shaded.org.apache.hc.client5.http.wire - http-outgoing-2 << "18ed[\r][\n]"
03:32:53.965 [main] DEBUG com.github.dockerjava.zerodep.shaded.org.apache.hc.client5.http.wire - http-outgoing-2 << "{"Id":"9691e31891711283f4d98263d11bc6156717d3e75a0b86a23f3b128a992c1f38","Created":"2022-06-23T02:32:47.03956921Z","Path":"docker-entrypoint.sh","Args":["mysqld"],"State":{"Status":"running","Running":true,"Paused":false,"Restarting":false,"OOMKilled":false,"Dead":false,"Pid":66188,"ExitCode":0,"Error":"","StartedAt":"2022-06-23T02:32:47.703880551Z","FinishedAt":"0001-01-01T00:00:00Z"},"Image":"sha256:65b636d5542b73254ce90cc4b895597dc1adc2c661ca553c38eda159979dded1","ResolvConfPath":"/var/lib/docker/containers/9691e31891711283f4d98263d11bc6156717d3e75a0b86a23f3b128a992c1f38/resolv.conf","HostnamePath":"/var/lib/docker/containers/9691e31891711283f4d98263d11bc6156717d3e75a0b86a23f3b128a992c1f38/hostname","HostsPath":"/var/lib/docker/containers/9691e31891711283f4d98263d11bc6156717d3e75a0b86a23f3b128a992c1f38/hosts","LogPath":"/var/lib/docker/containers/9691e31891711283f4d98263d11bc6156717d3e75a0b86a23f3b128a992c1f38/9691e31891711283f4d98263d11bc6156717d3e75a0b86a23f3b128a992c1f38-json.log","Name":"/xenodochial_satoshi","RestartCount":0,"Driver":"overlay2","Platform":"linux","MountLabel":"","ProcessLabel":"","AppArmorProfile":"docker-default","ExecIDs":null,"HostConfig":{"Binds":[],"ContainerIDFile":"","LogConfig":{"Type":"json-file","Config":{}},"NetworkMode":"default","PortBindings":{"3306/tcp":[{"HostIp":"","HostPort":""}]},"RestartPolicy":{"Name":"","MaximumRetryCount":0},"AutoRemove":false,"VolumeDriver":"","VolumesFrom":[],"CapAdd":null,"CapDrop":null,"CgroupnsMode":"host","Dns":null,"DnsOptions":null,"DnsSearch":null,"ExtraHosts":[],"GroupAdd":null,"IpcMode":"shareable","Cgroup":"","Links":null,"OomScoreAdj":0,"PidMode":"","Privileged":false,"PublishAllPorts":false,"ReadonlyRootfs":false,"SecurityOpt":null,"UTSMode":"","UsernsMode":"","ShmSize":67108864,"Runtime":"runc","ConsoleSize":[0,0],"Isolation":"","CpuShares":0,"Memory":0,"NanoCpus":0,"CgroupParent":"","BlkioWeight":0,"BlkioWeightDevice":null,"BlkioDeviceReadBps":null,"BlkioDeviceWriteBps":null,"BlkioDeviceReadIOps":null,"BlkioDeviceWriteIOps":null,"CpuPeriod":0,"CpuQuota":0,"CpuRealtimePeriod":0,"CpuRealtimeRuntime":0,"CpusetCpus":"","CpusetMems":"","Devices":null,"DeviceCgroupRules":null,"DeviceRequests":null,"KernelMemory":0,"KernelMemoryTCP":0,"MemoryReservation":0,"MemorySwap":0,"MemorySwappiness":null,"OomKillDisable":false,"PidsLimit":null,"Ulimits":null,"CpuCount":0,"CpuPercent":0,"IOMaximumIOps":0,"IOMaximumBandwidth":0,"MaskedPaths":["/proc/asound","/proc/acpi","/proc/kcore","/proc/keys","/proc/latency_stats","/proc/timer_list","/proc/timer_stats","/proc/sched_debug","/proc/scsi","/sys/firmware"],"ReadonlyPaths":["/proc/bus","/proc/fs","/proc/irq","/proc/sys","/proc/sysrq-trigger"]},"GraphDriver":{"Data":{"LowerDir":"/var/lib/docker/overlay2/5529564f52cf969e31e7a1482c27be7ffed19639b506ae2e15b7e7115f699a73-init/diff:/var/lib/docker/overlay2/833a665819b5d9728d3efa7c33135034345a24f83af53b1a1af33d9b64f5492a/diff:/var/lib/docker/overlay2/bd4a2a46c227c2f15475b08c398f37acaab93f4fdba31de015d730efae0a0cfc/diff:/var/lib/docker/overlay2/31ad437d7cba8e64428a2b62db1bbb2a2ec19ca4e439ec493ef4deb50dce2783/diff:/var/lib/docker/overlay2/35173cbd8ec5b88a8888e9abbe75f8694f5d3f96a9b781bb70dc1f0889685741/diff:/var/lib/docker/overlay2/24bf69ac4e8c81062fee44e7c9f746fffbb139c3f7f4b55b4fd1b23bb101b529/diff:/var/lib/docker/overlay2/2f27c96a7775dad186b6f0da325d5a251c80aa1b7f80cf8520f493c5154aee70/diff:/var/lib/docker/overlay2/463a60088c72ddbea82639ded15801e35a79c443f6a26bf1baf320c683cb06af/diff:/var/lib/docker/overlay2/80b8224b23a2ee4b5be635c58ae579fd1913aa95558cd66ab2f5e8430f00a5b8/diff:/var/lib/docker/overlay2/20451fa0b1a07b85d665bc3a0359d721ce4e4c28fa3bce7456ab25e0babae708/diff:/var/lib/docker/overlay2/f80d865cbc6c1c6f57d0963fa6234e7a6409e079eb17f4f13ca41d02731701ad/diff:/var/lib/docker/overlay2/5a3029e0b57c6ec9b985871ff6adf08356aaa0f2a15f1e34c1a7f116ecc4a61d/dif"
03:32:53.965 [main] DEBUG com.github.dockerjava.zerodep.shaded.org.apache.hc.client5.http.headers - http-outgoing-2 << HTTP/1.1 200 OK
03:32:53.965 [main] DEBUG com.github.dockerjava.zerodep.shaded.org.apache.hc.client5.http.headers - http-outgoing-2 << Api-Version: 1.41
03:32:53.965 [main] DEBUG com.github.dockerjava.zerodep.shaded.org.apache.hc.client5.http.headers - http-outgoing-2 << Content-Type: application/json
03:32:53.965 [main] DEBUG com.github.dockerjava.zerodep.shaded.org.apache.hc.client5.http.headers - http-outgoing-2 << Docker-Experimental: false
03:32:53.965 [main] DEBUG com.github.dockerjava.zerodep.shaded.org.apache.hc.client5.http.headers - http-outgoing-2 << Ostype: linux
03:32:53.965 [main] DEBUG com.github.dockerjava.zerodep.shaded.org.apache.hc.client5.http.headers - http-outgoing-2 << Server: Docker/20.10.12 (linux)
03:32:53.965 [main] DEBUG com.github.dockerjava.zerodep.shaded.org.apache.hc.client5.http.headers - http-outgoing-2 << Date: Thu, 23 Jun 2022 02:32:53 GMT
03:32:53.965 [main] DEBUG com.github.dockerjava.zerodep.shaded.org.apache.hc.client5.http.headers - http-outgoing-2 << Transfer-Encoding: chunked
03:32:53.965 [main] DEBUG com.github.dockerjava.zerodep.shaded.org.apache.hc.client5.http.impl.classic.MainClientExec - ex-00000045: connection can be kept alive for 3 MINUTES
03:32:53.965 [main] DEBUG com.github.dockerjava.zerodep.shaded.org.apache.hc.client5.http.wire - http-outgoing-2 << "f:/var/lib/docker/overlay2/4f3423103248d0b381a1bc6a7287e2b42313ff458cea602a02b7379014b03e0e/diff","MergedDir":"/var/lib/docker/overlay2/5529564f52cf969e31e7a1482c27be7ffed19639b506ae2e15b7e7115f699a73/merged","UpperDir":"/var/lib/docker/overlay2/5529564f52cf969e31e7a1482c27be7ffed19639b506ae2e15b7e7115f699a73/diff","WorkDir":"/var/lib/docker/overlay2/5529564f52cf969e31e7a1482c27be7ffed19639b506ae2e15b7e7115f699a73/work"},"Name":"overlay2"},"Mounts":[{"Type":"volume","Name":"fd1f613c7fe3ca3ae799982507ac3f565cc9f6a2dc99ceaed92389e2c43f47d1","Source":"/var/lib/docker/volumes/fd1f613c7fe3ca3ae799982507ac3f565cc9f6a2dc99ceaed92389e2c43f47d1/_data","Destination":"/var/lib/mysql","Driver":"local","Mode":"","RW":true,"Propagation":""}],"Config":{"Hostname":"9691e3189171","Domainname":"","User":"","AttachStdin":false,"AttachStdout":false,"AttachStderr":false,"ExposedPorts":{"3306/tcp":{},"33060/tcp":{}},"Tty":false,"OpenStdin":false,"StdinOnce":false,"Env":["MYSQL_DATABASE=test","MYSQL_PASSWORD=admin","MYSQL_USER=admin","MYSQL_ROOT_PASSWORD=admin","PATH=/usr/local/sbin:/usr/local/bin:/usr/sbin:/usr/bin:/sbin:/bin","GOSU_VERSION=1.14","MYSQL_MAJOR=8.0","MYSQL_VERSION=8.0.29-1debian10"],"Cmd":["mysqld"],"Image":"mysql:8.0","Volumes":{"/var/lib/mysql":{}},"WorkingDir":"","Entrypoint":["docker-entrypoint.sh"],"OnBuild":null,"Labels":{"org.testcontainers":"true","org.testcontainers.sessionId":"d48265e4-2b28-4f8c-aa67-76dd8289af84"}},"NetworkSettings":{"Bridge":"","SandboxID":"d9de8570fe3f0a4e9f3a1ff7101c963bbd2c6a0a9d8a867b96f17f4d5edca537","HairpinMode":false,"LinkLocalIPv6Address":"","LinkLocalIPv6PrefixLen":0,"Ports":{"3306/tcp":[{"HostIp":"0.0.0.0","HostPort":"49160"},{"HostIp":"::","HostPort":"49160"}],"33060/tcp":null},"SandboxKey":"/var/run/docker/netns/d9de8570fe3f","SecondaryIPAddresses":null,"SecondaryIPv6Addresses":null,"EndpointID":"93e8fe159f683a98670e8995677c2b130dbce857fc116679206e206bda319cbf","Gateway":"172.17.0.1","GlobalIPv6Address":"","GlobalIPv6PrefixLen":0,"IPAddress":"172.17.0.3","IPPrefixLen":16,"IPv6Gateway":"","MacAddress":"02:42:ac:11:00:03","Networks":{"bridge":{"IPAMConfig":null,"Links":null,"Aliases":null,"NetworkID":"1853cd2b9856825cc97ed9ef2b12efa82d95bf9cf60ad666c276eb35cc53539e","EndpointID":"93e8fe159f683a98670e8995677c2b130dbce857fc116679206e206bda319cbf","Gateway":"172.17.0.1","IPAddress":"172.17.0.3","IPPrefixLen":16,"IPv6Gateway":"","GlobalIPv6Address":"","GlobalIPv6PrefixLen":0,"MacAddress":"02:42:ac:11:00:03","DriverOpts":null}}}}[\n]"
03:32:53.966 [main] DEBUG com.github.dockerjava.zerodep.shaded.org.apache.hc.client5.http.wire - http-outgoing-2 << "[\r][\n]"
03:32:53.966 [main] DEBUG com.github.dockerjava.zerodep.shaded.org.apache.hc.client5.http.wire - http-outgoing-2 << "0[\r][\n]"
03:32:53.966 [main] DEBUG com.github.dockerjava.zerodep.shaded.org.apache.hc.client5.http.wire - http-outgoing-2 << "[\r][\n]"
03:32:53.966 [main] DEBUG com.github.dockerjava.zerodep.shaded.org.apache.hc.client5.http.impl.classic.InternalHttpClient - ep-00000044: releasing valid endpoint
03:32:53.966 [main] DEBUG com.github.dockerjava.zerodep.shaded.org.apache.hc.client5.http.impl.io.PoolingHttpClientConnectionManager - ep-00000044: releasing endpoint
03:32:53.966 [main] DEBUG com.github.dockerjava.zerodep.shaded.org.apache.hc.client5.http.impl.io.PoolingHttpClientConnectionManager - ep-00000044: connection http-outgoing-2 can be kept alive for 3 MINUTES
03:32:53.966 [main] DEBUG com.github.dockerjava.zerodep.shaded.org.apache.hc.client5.http.impl.io.PoolingHttpClientConnectionManager - ep-00000044: connection released [route: {}->unix://localhost:2375][total available: 1; route allocated: 1 of 2147483647; total allocated: 1 of 2147483647]
03:32:53.966 [main] DEBUG 🐳 [mysql:8.0] - Trying to create JDBC connection using com.mysql.cj.jdbc.Driver to jdbc:mysql://localhost:49160/test?useSSL=false&allowPublicKeyRetrieval=true with properties: {password=admin, user=admin}
03:32:54.068 [main] DEBUG org.testcontainers.shaded.com.github.dockerjava.core.command.AbstrDockerCmd - Cmd: 9691e31891711283f4d98263d11bc6156717d3e75a0b86a23f3b128a992c1f38,false
03:32:54.068 [main] DEBUG org.testcontainers.shaded.com.github.dockerjava.core.exec.InspectContainerCmdExec - GET: DefaultWebTarget{path=[/containers/9691e31891711283f4d98263d11bc6156717d3e75a0b86a23f3b128a992c1f38/json], queryParams={}}
03:32:54.069 [main] DEBUG com.github.dockerjava.zerodep.shaded.org.apache.hc.client5.http.impl.classic.InternalHttpClient - ex-00000046: preparing request execution
03:32:54.069 [main] DEBUG com.github.dockerjava.zerodep.shaded.org.apache.hc.client5.http.protocol.RequestAddCookies - Cookie spec selected: strict
03:32:54.069 [main] DEBUG com.github.dockerjava.zerodep.shaded.org.apache.hc.client5.http.protocol.RequestAuthCache - Auth cache not set in the context
03:32:54.069 [main] DEBUG com.github.dockerjava.zerodep.shaded.org.apache.hc.client5.http.impl.classic.ProtocolExec - ex-00000046: target auth state: UNCHALLENGED
03:32:54.069 [main] DEBUG com.github.dockerjava.zerodep.shaded.org.apache.hc.client5.http.impl.classic.ProtocolExec - ex-00000046: proxy auth state: UNCHALLENGED
03:32:54.069 [main] DEBUG com.github.dockerjava.zerodep.shaded.org.apache.hc.client5.http.impl.classic.ConnectExec - ex-00000046: acquiring connection with route {}->unix://localhost:2375
03:32:54.069 [main] DEBUG com.github.dockerjava.zerodep.shaded.org.apache.hc.client5.http.impl.classic.InternalHttpClient - ex-00000046: acquiring endpoint (3 MINUTES)
03:32:54.070 [main] DEBUG com.github.dockerjava.zerodep.shaded.org.apache.hc.client5.http.impl.io.PoolingHttpClientConnectionManager - ex-00000046: endpoint lease request (3 MINUTES) [route: {}->unix://localhost:2375][total available: 1; route allocated: 1 of 2147483647; total allocated: 1 of 2147483647]
03:32:54.070 [main] DEBUG com.github.dockerjava.zerodep.shaded.org.apache.hc.client5.http.impl.io.PoolingHttpClientConnectionManager - ex-00000046: endpoint leased [route: {}->unix://localhost:2375][total available: 0; route allocated: 1 of 2147483647; total allocated: 1 of 2147483647]
03:32:54.070 [main] DEBUG com.github.dockerjava.zerodep.shaded.org.apache.hc.client5.http.impl.io.PoolingHttpClientConnectionManager - ex-00000046: acquired ep-00000045
03:32:54.070 [main] DEBUG com.github.dockerjava.zerodep.shaded.org.apache.hc.client5.http.impl.classic.InternalHttpClient - ex-00000046: acquired endpoint ep-00000045
03:32:54.070 [main] DEBUG com.github.dockerjava.zerodep.shaded.org.apache.hc.client5.http.impl.classic.MainClientExec - ex-00000046: executing GET /v1.32/containers/9691e31891711283f4d98263d11bc6156717d3e75a0b86a23f3b128a992c1f38/json HTTP/1.1
03:32:54.070 [main] DEBUG com.github.dockerjava.zerodep.shaded.org.apache.hc.client5.http.impl.classic.InternalHttpClient - ep-00000045: start execution ex-00000046
03:32:54.070 [main] DEBUG com.github.dockerjava.zerodep.shaded.org.apache.hc.client5.http.impl.io.PoolingHttpClientConnectionManager - ep-00000045: executing exchange ex-00000046 over http-outgoing-2
03:32:54.071 [main] DEBUG com.github.dockerjava.zerodep.shaded.org.apache.hc.client5.http.headers - http-outgoing-2 >> GET /v1.32/containers/9691e31891711283f4d98263d11bc6156717d3e75a0b86a23f3b128a992c1f38/json HTTP/1.1
03:32:54.071 [main] DEBUG com.github.dockerjava.zerodep.shaded.org.apache.hc.client5.http.headers - http-outgoing-2 >> accept: application/json
03:32:54.071 [main] DEBUG com.github.dockerjava.zerodep.shaded.org.apache.hc.client5.http.headers - http-outgoing-2 >> Accept-Encoding: gzip, x-gzip, deflate
03:32:54.071 [main] DEBUG com.github.dockerjava.zerodep.shaded.org.apache.hc.client5.http.headers - http-outgoing-2 >> Host: localhost:2375
03:32:54.071 [main] DEBUG com.github.dockerjava.zerodep.shaded.org.apache.hc.client5.http.headers - http-outgoing-2 >> Connection: keep-alive
03:32:54.071 [main] DEBUG com.github.dockerjava.zerodep.shaded.org.apache.hc.client5.http.headers - http-outgoing-2 >> User-Agent: Apache-HttpClient/5.0.3 (Java/11.0.15)
03:32:54.071 [main] DEBUG com.github.dockerjava.zerodep.shaded.org.apache.hc.client5.http.wire - http-outgoing-2 >> "GET /v1.32/containers/9691e31891711283f4d98263d11bc6156717d3e75a0b86a23f3b128a992c1f38/json HTTP/1.1[\r][\n]"
03:32:54.071 [main] DEBUG com.github.dockerjava.zerodep.shaded.org.apache.hc.client5.http.wire - http-outgoing-2 >> "accept: application/json[\r][\n]"
03:32:54.071 [main] DEBUG com.github.dockerjava.zerodep.shaded.org.apache.hc.client5.http.wire - http-outgoing-2 >> "Accept-Encoding: gzip, x-gzip, deflate[\r][\n]"
03:32:54.071 [main] DEBUG com.github.dockerjava.zerodep.shaded.org.apache.hc.client5.http.wire - http-outgoing-2 >> "Host: localhost:2375[\r][\n]"
03:32:54.071 [main] DEBUG com.github.dockerjava.zerodep.shaded.org.apache.hc.client5.http.wire - http-outgoing-2 >> "Connection: keep-alive[\r][\n]"
03:32:54.071 [main] DEBUG com.github.dockerjava.zerodep.shaded.org.apache.hc.client5.http.wire - http-outgoing-2 >> "User-Agent: Apache-HttpClient/5.0.3 (Java/11.0.15)[\r][\n]"
03:32:54.071 [main] DEBUG com.github.dockerjava.zerodep.shaded.org.apache.hc.client5.http.wire - http-outgoing-2 >> "[\r][\n]"
03:32:54.072 [main] DEBUG com.github.dockerjava.zerodep.shaded.org.apache.hc.client5.http.wire - http-outgoing-2 << "HTTP/1.1 200 OK[\r][\n]"
03:32:54.072 [main] DEBUG com.github.dockerjava.zerodep.shaded.org.apache.hc.client5.http.wire - http-outgoing-2 << "Api-Version: 1.41[\r][\n]"
03:32:54.072 [main] DEBUG com.github.dockerjava.zerodep.shaded.org.apache.hc.client5.http.wire - http-outgoing-2 << "Content-Type: application/json[\r][\n]"
03:32:54.072 [main] DEBUG com.github.dockerjava.zerodep.shaded.org.apache.hc.client5.http.wire - http-outgoing-2 << "Docker-Experimental: false[\r][\n]"
03:32:54.072 [main] DEBUG com.github.dockerjava.zerodep.shaded.org.apache.hc.client5.http.wire - http-outgoing-2 << "Ostype: linux[\r][\n]"
03:32:54.072 [main] DEBUG com.github.dockerjava.zerodep.shaded.org.apache.hc.client5.http.wire - http-outgoing-2 << "Server: Docker/20.10.12 (linux)[\r][\n]"
03:32:54.072 [main] DEBUG com.github.dockerjava.zerodep.shaded.org.apache.hc.client5.http.wire - http-outgoing-2 << "Date: Thu, 23 Jun 2022 02:32:54 GMT[\r][\n]"
03:32:54.072 [main] DEBUG com.github.dockerjava.zerodep.shaded.org.apache.hc.client5.http.wire - http-outgoing-2 << "Transfer-Encoding: chunked[\r][\n]"
03:32:54.072 [main] DEBUG com.github.dockerjava.zerodep.shaded.org.apache.hc.client5.http.wire - http-outgoing-2 << "[\r][\n]"
03:32:54.072 [main] DEBUG com.github.dockerjava.zerodep.shaded.org.apache.hc.client5.http.wire - http-outgoing-2 << "18ed[\r][\n]"
03:32:54.073 [main] DEBUG com.github.dockerjava.zerodep.shaded.org.apache.hc.client5.http.wire - http-outgoing-2 << "{"Id":"9691e31891711283f4d98263d11bc6156717d3e75a0b86a23f3b128a992c1f38","Created":"2022-06-23T02:32:47.03956921Z","Path":"docker-entrypoint.sh","Args":["mysqld"],"State":{"Status":"running","Running":true,"Paused":false,"Restarting":false,"OOMKilled":false,"Dead":false,"Pid":66188,"ExitCode":0,"Error":"","StartedAt":"2022-06-23T02:32:47.703880551Z","FinishedAt":"0001-01-01T00:00:00Z"},"Image":"sha256:65b636d5542b73254ce90cc4b895597dc1adc2c661ca553c38eda159979dded1","ResolvConfPath":"/var/lib/docker/containers/9691e31891711283f4d98263d11bc6156717d3e75a0b86a23f3b128a992c1f38/resolv.conf","HostnamePath":"/var/lib/docker/containers/9691e31891711283f4d98263d11bc6156717d3e75a0b86a23f3b128a992c1f38/hostname","HostsPath":"/var/lib/docker/containers/9691e31891711283f4d98263d11bc6156717d3e75a0b86a23f3b128a992c1f38/hosts","LogPath":"/var/lib/docker/containers/9691e31891711283f4d98263d11bc6156717d3e75a0b86a23f3b128a992c1f38/9691e31891711283f4d98263d11bc6156717d3e75a0b86a23f3b128a992c1f38-json.log","Name":"/xenodochial_satoshi","RestartCount":0,"Driver":"overlay2","Platform":"linux","MountLabel":"","ProcessLabel":"","AppArmorProfile":"docker-default","ExecIDs":null,"HostConfig":{"Binds":[],"ContainerIDFile":"","LogConfig":{"Type":"json-file","Config":{}},"NetworkMode":"default","PortBindings":{"3306/tcp":[{"HostIp":"","HostPort":""}]},"RestartPolicy":{"Name":"","MaximumRetryCount":0},"AutoRemove":false,"VolumeDriver":"","VolumesFrom":[],"CapAdd":null,"CapDrop":null,"CgroupnsMode":"host","Dns":null,"DnsOptions":null,"DnsSearch":null,"ExtraHosts":[],"GroupAdd":null,"IpcMode":"shareable","Cgroup":"","Links":null,"OomScoreAdj":0,"PidMode":"","Privileged":false,"PublishAllPorts":false,"ReadonlyRootfs":false,"SecurityOpt":null,"UTSMode":"","UsernsMode":"","ShmSize":67108864,"Runtime":"runc","ConsoleSize":[0,0],"Isolation":"","CpuShares":0,"Memory":0,"NanoCpus":0,"CgroupParent":"","BlkioWeight":0,"BlkioWeightDevice":null,"BlkioDeviceReadBps":null,"BlkioDeviceWriteBps":null,"BlkioDeviceReadIOps":null,"BlkioDeviceWriteIOps":null,"CpuPeriod":0,"CpuQuota":0,"CpuRealtimePeriod":0,"CpuRealtimeRuntime":0,"CpusetCpus":"","CpusetMems":"","Devices":null,"DeviceCgroupRules":null,"DeviceRequests":null,"KernelMemory":0,"KernelMemoryTCP":0,"MemoryReservation":0,"MemorySwap":0,"MemorySwappiness":null,"OomKillDisable":false,"PidsLimit":null,"Ulimits":null,"CpuCount":0,"CpuPercent":0,"IOMaximumIOps":0,"IOMaximumBandwidth":0,"MaskedPaths":["/proc/asound","/proc/acpi","/proc/kcore","/proc/keys","/proc/latency_stats","/proc/timer_list","/proc/timer_stats","/proc/sched_debug","/proc/scsi","/sys/firmware"],"ReadonlyPaths":["/proc/bus","/proc/fs","/proc/irq","/proc/sys","/proc/sysrq-trigger"]},"GraphDriver":{"Data":{"LowerDir":"/var/lib/docker/overlay2/5529564f52cf969e31e7a1482c27be7ffed19639b506ae2e15b7e7115f699a73-init/diff:/var/lib/docker/overlay2/833a665819b5d9728d3efa7c33135034345a24f83af53b1a1af33d9b64f5492a/diff:/var/lib/docker/overlay2/bd4a2a46c227c2f15475b08c398f37acaab93f4fdba31de015d730efae0a0cfc/diff:/var/lib/docker/overlay2/31ad437d7cba8e64428a2b62db1bbb2a2ec19ca4e439ec493ef4deb50dce2783/diff:/var/lib/docker/overlay2/35173cbd8ec5b88a8888e9abbe75f8694f5d3f96a9b781bb70dc1f0889685741/diff:/var/lib/docker/overlay2/24bf69ac4e8c81062fee44e7c9f746fffbb139c3f7f4b55b4fd1b23bb101b529/diff:/var/lib/docker/overlay2/2f27c96a7775dad186b6f0da325d5a251c80aa1b7f80cf8520f493c5154aee70/diff:/var/lib/docker/overlay2/463a60088c72ddbea82639ded15801e35a79c443f6a26bf1baf320c683cb06af/diff:/var/lib/docker/overlay2/80b8224b23a2ee4b5be635c58ae579fd1913aa95558cd66ab2f5e8430f00a5b8/diff:/var/lib/docker/overlay2/20451fa0b1a07b85d665bc3a0359d721ce4e4c28fa3bce7456ab25e0babae708/diff:/var/lib/docker/overlay2/f80d865cbc6c1c6f57d0963fa6234e7a6409e079eb17f4f13ca41d02731701ad/diff:/var/lib/docker/overlay2/5a3029e0b57c6ec9b985871ff6adf08356aaa0f2a15f1e34c1a7f116ecc4a61d/diff:/var/lib/docker/overlay2/4f3423103248d0b381a1bc6a7287e2b42313ff458cea602a02b7379014b03e0e/diff","MergedDir":"/var/lib/docker/overlay2/5529564f52cf969e31e7a1482c27be7ffed19639b506ae2e15b7e7115f699a73/merged","UpperDir":"/var/lib/docker/overlay2/5529564f52cf969e31e7a1482c27be7ffed19639b506ae2e15b7e7115f699a73/diff","WorkDir":"/var/lib/docker/overlay2/5529564f52cf969e31e7a1482c27be7ffed19639b506ae2e15b7e7115f699a73/work"},"Name":"overlay2"},"Mounts":[{"Type":"volume","Name":"fd1f613c7fe3ca3ae799982507ac3f565cc9f6a2dc99ceaed92389e2c43f47d1","Source":"/var/lib/docker/volumes/fd1f613c7fe3ca3ae799982507ac3f565cc9f6a2dc99ceaed92389e2c43f47d1/_data","Destination":"/var/lib/mysql","Driver":"local","Mode":"","RW":true,"Propagation":""}],"Config":{"Hostname":"9691e3189171","Domainname":"","User":"","AttachStdin":false,"AttachStdout":false,"AttachStderr":false,"ExposedPorts":{"3306/tcp":{},"33060/tcp":{}},"Tty":false,"OpenStdin":false,"StdinOnce":false,"Env":["MYSQL_DATABASE=test","MYSQL_PASSWORD=admin","MYSQL_USER=admin","MYSQL_ROOT_PASSWORD=admin","PATH=/usr/local/sbin:/usr/local/bin:/usr/sbin:/usr/bin:/sbin:/bin","GOSU_VERSION=1.14","MYSQL_MAJOR=8.0","MYSQL_VERSION=8.0.29-1debian10"],"Cmd":["mysqld"],"Image":"mysql:8.0","Volumes":{"/var/lib/mysql":{}},"WorkingDir":"","Entrypoint":["docker-entrypoint.sh"],"OnBuild":null,"Labels":{"org.testcontainers":"true","org.testcontainers.sessionId":"d48265e4-2b28-4f8c-aa67-76dd8289af84"}},"NetworkSettings":{"Bridge":"","SandboxID":"d9de8570fe3f0a4e9f3a1ff7101c963bbd2c6a0a9d8a867b96f17f4d5edca537","HairpinMode":false,"LinkLocalIPv6Address":"","LinkLocalIPv6PrefixLen":0,"Ports":{"3306/tcp":[{"HostIp":"0.0.0.0","HostPort":"49160"},{"HostIp":"::","HostPort":"49160"}],"33060/tcp":null},"SandboxKey":"/var/run/docker/netns/d9de8570fe3f","SecondaryIPAddresses":null,"SecondaryIPv6Addresses":null,"EndpointID":"93e8fe159f683a98670e8995677c2b130dbce857fc116679206e206bda319cbf","Gateway":"172.17.0.1","GlobalIPv6Address":"","GlobalIPv6PrefixLen":0,"IPAddress":"172.17.0.3","IPPrefixLen":16,"IPv6Gateway":"","MacAddress":"02:42:ac:11:00:03","Networks":{"bridge":{"IPAMConfig":null,"Links":null,"Aliases":null,"NetworkID":"1853cd2b9856825cc97ed9ef2b12efa82d95bf9cf60ad666c276eb35cc53539e","EndpointID":"93e8fe159f683a98670e8995677c2b130dbce857fc116679206e206bda319cbf","Gateway":"172.17.0.1","IPAddress":"172.17.0.3","IPPrefixLen":16,"IPv6Gateway":"","GlobalIPv6Address":"","GlobalIPv6PrefixLen":0,"MacAddress":"02:42:ac:11:00:03","DriverOpts":null}}}}[\n]"
03:32:54.073 [main] DEBUG com.github.dockerjava.zerodep.shaded.org.apache.hc.client5.http.wire - http-outgoing-2 << "[\r][\n]"
03:32:54.073 [main] DEBUG com.github.dockerjava.zerodep.shaded.org.apache.hc.client5.http.wire - http-outgoing-2 << "0[\r][\n]"
03:32:54.073 [main] DEBUG com.github.dockerjava.zerodep.shaded.org.apache.hc.client5.http.wire - http-outgoing-2 << "[\r][\n]"
03:32:54.073 [main] DEBUG com.github.dockerjava.zerodep.shaded.org.apache.hc.client5.http.headers - http-outgoing-2 << HTTP/1.1 200 OK
03:32:54.073 [main] DEBUG com.github.dockerjava.zerodep.shaded.org.apache.hc.client5.http.headers - http-outgoing-2 << Api-Version: 1.41
03:32:54.073 [main] DEBUG com.github.dockerjava.zerodep.shaded.org.apache.hc.client5.http.headers - http-outgoing-2 << Content-Type: application/json
03:32:54.073 [main] DEBUG com.github.dockerjava.zerodep.shaded.org.apache.hc.client5.http.headers - http-outgoing-2 << Docker-Experimental: false
03:32:54.073 [main] DEBUG com.github.dockerjava.zerodep.shaded.org.apache.hc.client5.http.headers - http-outgoing-2 << Ostype: linux
03:32:54.073 [main] DEBUG com.github.dockerjava.zerodep.shaded.org.apache.hc.client5.http.headers - http-outgoing-2 << Server: Docker/20.10.12 (linux)
03:32:54.073 [main] DEBUG com.github.dockerjava.zerodep.shaded.org.apache.hc.client5.http.headers - http-outgoing-2 << Date: Thu, 23 Jun 2022 02:32:54 GMT
03:32:54.073 [main] DEBUG com.github.dockerjava.zerodep.shaded.org.apache.hc.client5.http.headers - http-outgoing-2 << Transfer-Encoding: chunked
03:32:54.074 [main] DEBUG com.github.dockerjava.zerodep.shaded.org.apache.hc.client5.http.impl.classic.MainClientExec - ex-00000046: connection can be kept alive for 3 MINUTES
03:32:54.077 [main] DEBUG com.github.dockerjava.zerodep.shaded.org.apache.hc.client5.http.impl.classic.InternalHttpClient - ep-00000045: releasing valid endpoint
03:32:54.077 [main] DEBUG com.github.dockerjava.zerodep.shaded.org.apache.hc.client5.http.impl.io.PoolingHttpClientConnectionManager - ep-00000045: releasing endpoint
03:32:54.077 [main] DEBUG com.github.dockerjava.zerodep.shaded.org.apache.hc.client5.http.impl.io.PoolingHttpClientConnectionManager - ep-00000045: connection http-outgoing-2 can be kept alive for 3 MINUTES
03:32:54.077 [main] DEBUG com.github.dockerjava.zerodep.shaded.org.apache.hc.client5.http.impl.io.PoolingHttpClientConnectionManager - ep-00000045: connection released [route: {}->unix://localhost:2375][total available: 1; route allocated: 1 of 2147483647; total allocated: 1 of 2147483647]
03:32:54.078 [main] DEBUG 🐳 [mysql:8.0] - Trying to create JDBC connection using com.mysql.cj.jdbc.Driver to jdbc:mysql://localhost:49160/test?useSSL=false&allowPublicKeyRetrieval=true with properties: {password=admin, user=admin}
03:32:54.183 [main] DEBUG org.testcontainers.shaded.com.github.dockerjava.core.command.AbstrDockerCmd - Cmd: 9691e31891711283f4d98263d11bc6156717d3e75a0b86a23f3b128a992c1f38,false
03:32:54.183 [main] DEBUG org.testcontainers.shaded.com.github.dockerjava.core.exec.InspectContainerCmdExec - GET: DefaultWebTarget{path=[/containers/9691e31891711283f4d98263d11bc6156717d3e75a0b86a23f3b128a992c1f38/json], queryParams={}}
03:32:54.183 [main] DEBUG com.github.dockerjava.zerodep.shaded.org.apache.hc.client5.http.impl.classic.InternalHttpClient - ex-00000047: preparing request execution
03:32:54.183 [main] DEBUG com.github.dockerjava.zerodep.shaded.org.apache.hc.client5.http.protocol.RequestAddCookies - Cookie spec selected: strict
03:32:54.183 [main] DEBUG com.github.dockerjava.zerodep.shaded.org.apache.hc.client5.http.protocol.RequestAuthCache - Auth cache not set in the context
03:32:54.183 [main] DEBUG com.github.dockerjava.zerodep.shaded.org.apache.hc.client5.http.impl.classic.ProtocolExec - ex-00000047: target auth state: UNCHALLENGED
03:32:54.183 [main] DEBUG com.github.dockerjava.zerodep.shaded.org.apache.hc.client5.http.impl.classic.ProtocolExec - ex-00000047: proxy auth state: UNCHALLENGED
03:32:54.183 [main] DEBUG com.github.dockerjava.zerodep.shaded.org.apache.hc.client5.http.impl.classic.ConnectExec - ex-00000047: acquiring connection with route {}->unix://localhost:2375
03:32:54.183 [main] DEBUG com.github.dockerjava.zerodep.shaded.org.apache.hc.client5.http.impl.classic.InternalHttpClient - ex-00000047: acquiring endpoint (3 MINUTES)
03:32:54.183 [main] DEBUG com.github.dockerjava.zerodep.shaded.org.apache.hc.client5.http.impl.io.PoolingHttpClientConnectionManager - ex-00000047: endpoint lease request (3 MINUTES) [route: {}->unix://localhost:2375][total available: 1; route allocated: 1 of 2147483647; total allocated: 1 of 2147483647]
03:32:54.183 [main] DEBUG com.github.dockerjava.zerodep.shaded.org.apache.hc.client5.http.impl.io.PoolingHttpClientConnectionManager - ex-00000047: endpoint leased [route: {}->unix://localhost:2375][total available: 0; route allocated: 1 of 2147483647; total allocated: 1 of 2147483647]
03:32:54.183 [main] DEBUG com.github.dockerjava.zerodep.shaded.org.apache.hc.client5.http.impl.io.PoolingHttpClientConnectionManager - ex-00000047: acquired ep-00000046
03:32:54.183 [main] DEBUG com.github.dockerjava.zerodep.shaded.org.apache.hc.client5.http.impl.classic.InternalHttpClient - ex-00000047: acquired endpoint ep-00000046
03:32:54.183 [main] DEBUG com.github.dockerjava.zerodep.shaded.org.apache.hc.client5.http.impl.classic.MainClientExec - ex-00000047: executing GET /v1.32/containers/9691e31891711283f4d98263d11bc6156717d3e75a0b86a23f3b128a992c1f38/json HTTP/1.1
03:32:54.183 [main] DEBUG com.github.dockerjava.zerodep.shaded.org.apache.hc.client5.http.impl.classic.InternalHttpClient - ep-00000046: start execution ex-00000047
03:32:54.183 [main] DEBUG com.github.dockerjava.zerodep.shaded.org.apache.hc.client5.http.impl.io.PoolingHttpClientConnectionManager - ep-00000046: executing exchange ex-00000047 over http-outgoing-2
03:32:54.183 [main] DEBUG com.github.dockerjava.zerodep.shaded.org.apache.hc.client5.http.headers - http-outgoing-2 >> GET /v1.32/containers/9691e31891711283f4d98263d11bc6156717d3e75a0b86a23f3b128a992c1f38/json HTTP/1.1
03:32:54.183 [main] DEBUG com.github.dockerjava.zerodep.shaded.org.apache.hc.client5.http.headers - http-outgoing-2 >> accept: application/json
03:32:54.184 [main] DEBUG com.github.dockerjava.zerodep.shaded.org.apache.hc.client5.http.headers - http-outgoing-2 >> Accept-Encoding: gzip, x-gzip, deflate
03:32:54.184 [main] DEBUG com.github.dockerjava.zerodep.shaded.org.apache.hc.client5.http.headers - http-outgoing-2 >> Host: localhost:2375
03:32:54.184 [main] DEBUG com.github.dockerjava.zerodep.shaded.org.apache.hc.client5.http.headers - http-outgoing-2 >> Connection: keep-alive
03:32:54.184 [main] DEBUG com.github.dockerjava.zerodep.shaded.org.apache.hc.client5.http.headers - http-outgoing-2 >> User-Agent: Apache-HttpClient/5.0.3 (Java/11.0.15)
03:32:54.184 [main] DEBUG com.github.dockerjava.zerodep.shaded.org.apache.hc.client5.http.wire - http-outgoing-2 >> "GET /v1.32/containers/9691e31891711283f4d98263d11bc6156717d3e75a0b86a23f3b128a992c1f38/json HTTP/1.1[\r][\n]"
03:32:54.184 [main] DEBUG com.github.dockerjava.zerodep.shaded.org.apache.hc.client5.http.wire - http-outgoing-2 >> "accept: application/json[\r][\n]"
03:32:54.184 [main] DEBUG com.github.dockerjava.zerodep.shaded.org.apache.hc.client5.http.wire - http-outgoing-2 >> "Accept-Encoding: gzip, x-gzip, deflate[\r][\n]"
03:32:54.184 [main] DEBUG com.github.dockerjava.zerodep.shaded.org.apache.hc.client5.http.wire - http-outgoing-2 >> "Host: localhost:2375[\r][\n]"
03:32:54.184 [main] DEBUG com.github.dockerjava.zerodep.shaded.org.apache.hc.client5.http.wire - http-outgoing-2 >> "Connection: keep-alive[\r][\n]"
03:32:54.184 [main] DEBUG com.github.dockerjava.zerodep.shaded.org.apache.hc.client5.http.wire - http-outgoing-2 >> "User-Agent: Apache-HttpClient/5.0.3 (Java/11.0.15)[\r][\n]"
03:32:54.184 [main] DEBUG com.github.dockerjava.zerodep.shaded.org.apache.hc.client5.http.wire - http-outgoing-2 >> "[\r][\n]"
03:32:54.184 [main] DEBUG com.github.dockerjava.zerodep.shaded.org.apache.hc.client5.http.wire - http-outgoing-2 << "HTTP/1.1 200 OK[\r][\n]"
03:32:54.184 [main] DEBUG com.github.dockerjava.zerodep.shaded.org.apache.hc.client5.http.wire - http-outgoing-2 << "Api-Version: 1.41[\r][\n]"
03:32:54.184 [main] DEBUG com.github.dockerjava.zerodep.shaded.org.apache.hc.client5.http.wire - http-outgoing-2 << "Content-Type: application/json[\r][\n]"
03:32:54.184 [main] DEBUG com.github.dockerjava.zerodep.shaded.org.apache.hc.client5.http.wire - http-outgoing-2 << "Docker-Experimental: false[\r][\n]"
03:32:54.184 [main] DEBUG com.github.dockerjava.zerodep.shaded.org.apache.hc.client5.http.wire - http-outgoing-2 << "Ostype: linux[\r][\n]"
03:32:54.184 [main] DEBUG com.github.dockerjava.zerodep.shaded.org.apache.hc.client5.http.wire - http-outgoing-2 << "Server: Docker/20.10.12 (linux)[\r][\n]"
03:32:54.184 [main] DEBUG com.github.dockerjava.zerodep.shaded.org.apache.hc.client5.http.wire - http-outgoing-2 << "Date: Thu, 23 Jun 2022 02:32:54 GMT[\r][\n]"
03:32:54.184 [main] DEBUG com.github.dockerjava.zerodep.shaded.org.apache.hc.client5.http.wire - http-outgoing-2 << "Transfer-Encoding: chunked[\r][\n]"
03:32:54.184 [main] DEBUG com.github.dockerjava.zerodep.shaded.org.apache.hc.client5.http.wire - http-outgoing-2 << "[\r][\n]"
03:32:54.184 [main] DEBUG com.github.dockerjava.zerodep.shaded.org.apache.hc.client5.http.wire - http-outgoing-2 << "18ed[\r][\n]"
03:32:54.184 [main] DEBUG com.github.dockerjava.zerodep.shaded.org.apache.hc.client5.http.wire - http-outgoing-2 << "{"Id":"9691e31891711283f4d98263d11bc6156717d3e75a0b86a23f3b128a992c1f38","Created":"2022-06-23T02:32:47.03956921Z","Path":"docker-entrypoint.sh","Args":["mysqld"],"State":{"Status":"running","Running":true,"Paused":false,"Restarting":false,"OOMKilled":false,"Dead":false,"Pid":66188,"ExitCode":0,"Error":"","StartedAt":"2022-06-23T02:32:47.703880551Z","FinishedAt":"0001-01-01T00:00:00Z"},"Image":"sha256:65b636d5542b73254ce90cc4b895597dc1adc2c661ca553c38eda159979dded1","ResolvConfPath":"/var/lib/docker/containers/9691e31891711283f4d98263d11bc6156717d3e75a0b86a23f3b128a992c1f38/resolv.conf","HostnamePath":"/var/lib/docker/containers/9691e31891711283f4d98263d11bc6156717d3e75a0b86a23f3b128a992c1f38/hostname","HostsPath":"/var/lib/docker/containers/9691e31891711283f4d98263d11bc6156717d3e75a0b86a23f3b128a992c1f38/hosts","LogPath":"/var/lib/docker/containers/9691e31891711283f4d98263d11bc6156717d3e75a0b86a23f3b128a992c1f38/9691e31891711283f4d98263d11bc6156717d3e75a0b86a23f3b128a992c1f38-json.log","Name":"/xenodochial_satoshi","RestartCount":0,"Driver":"overlay2","Platform":"linux","MountLabel":"","ProcessLabel":"","AppArmorProfile":"docker-default","ExecIDs":null,"HostConfig":{"Binds":[],"ContainerIDFile":"","LogConfig":{"Type":"json-file","Config":{}},"NetworkMode":"default","PortBindings":{"3306/tcp":[{"HostIp":"","HostPort":""}]},"RestartPolicy":{"Name":"","MaximumRetryCount":0},"AutoRemove":false,"VolumeDriver":"","VolumesFrom":[],"CapAdd":null,"CapDrop":null,"CgroupnsMode":"host","Dns":null,"DnsOptions":null,"DnsSearch":null,"ExtraHosts":[],"GroupAdd":null,"IpcMode":"shareable","Cgroup":"","Links":null,"OomScoreAdj":0,"PidMode":"","Privileged":false,"PublishAllPorts":false,"ReadonlyRootfs":false,"SecurityOpt":null,"UTSMode":"","UsernsMode":"","ShmSize":67108864,"Runtime":"runc","ConsoleSize":[0,0],"Isolation":"","CpuShares":0,"Memory":0,"NanoCpus":0,"CgroupParent":"","BlkioWeight":0,"BlkioWeightDevice":null,"BlkioDeviceReadBps":null,"BlkioDeviceWriteBps":null,"BlkioDeviceReadIOps":null,"BlkioDeviceWriteIOps":null,"CpuPeriod":0,"CpuQuota":0,"CpuRealtimePeriod":0,"CpuRealtimeRuntime":0,"CpusetCpus":"","CpusetMems":"","Devices":null,"DeviceCgroupRules":null,"DeviceRequests":null,"KernelMemory":0,"KernelMemoryTCP":0,"MemoryReservation":0,"MemorySwap":0,"MemorySwappiness":null,"OomKillDisable":false,"PidsLimit":null,"Ulimits":null,"CpuCount":0,"CpuPercent":0,"IOMaximumIOps":0,"IOMaximumBandwidth":0,"MaskedPaths":["/proc/asound","/proc/acpi","/proc/kcore","/proc/keys","/proc/latency_stats","/proc/timer_list","/proc/timer_stats","/proc/sched_debug","/proc/scsi","/sys/firmware"],"ReadonlyPaths":["/proc/bus","/proc/fs","/proc/irq","/proc/sys","/proc/sysrq-trigger"]},"GraphDriver":{"Data":{"LowerDir":"/var/lib/docker/overlay2/5529564f52cf969e31e7a1482c27be7ffed19639b506ae2e15b7e7115f699a73-init/diff:/var/lib/docker/overlay2/833a665819b5d9728d3efa7c33135034345a24f83af53b1a1af33d9b64f5492a/diff:/var/lib/docker/overlay2/bd4a2a46c227c2f15475b08c398f37acaab93f4fdba31de015d730efae0a0cfc/diff:/var/lib/docker/overlay2/31ad437d7cba8e64428a2b62db1bbb2a2ec19ca4e439ec493ef4deb50dce2783/diff:/var/lib/docker/overlay2/35173cbd8ec5b88a8888e9abbe75f8694f5d3f96a9b781bb70dc1f0889685741/diff:/var/lib/docker/overlay2/24bf69ac4e8c81062fee44e7c9f746fffbb139c3f7f4b55b4fd1b23bb101b529/diff:/var/lib/docker/overlay2/2f27c96a7775dad186b6f0da325d5a251c80aa1b7f80cf8520f493c5154aee70/diff:/var/lib/docker/overlay2/463a60088c72ddbea82639ded15801e35a79c443f6a26bf1baf320c683cb06af/diff:/var/lib/docker/overlay2/80b8224b23a2ee4b5be635c58ae579fd1913aa95558cd66ab2f5e8430f00a5b8/diff:/var/lib/docker/overlay2/20451fa0b1a07b85d665bc3a0359d721ce4e4c28fa3bce7456ab25e0babae708/diff:/var/lib/docker/overlay2/f80d865cbc6c1c6f57d0963fa6234e7a6409e079eb17f4f13ca41d02731701ad/diff:/var/lib/docker/overlay2/5a3029e0b57c6ec9b985871ff6adf08356aaa0f2a15f1e34c1a7f116ecc4a61d/diff:/var/lib/docker/overlay2/4f3423103248d0b381a1bc6a7287e2b42313ff458cea602a02b7379014b03e0e/diff","MergedDir":"/var/lib/docker/overlay2/5529564f52cf969e31e7a1482c27be7ffed19639b506ae2e15b7e7115f699a73/merged","UpperDir":"/var/lib/docker/overlay2/5529564f52cf969e31e7a1482c27be7ffed19639b506ae2e15b7e7115f699a73/diff","WorkDir":"/var/lib/docker/overlay2/5529564f52cf969e31e7a1482c27be7ffed19639b506ae2e15b7e7115f699a73/work"},"Name":"overlay2"},"Mounts":[{"Type":"volume","Name":"fd1f613c7fe3ca3ae799982507ac3f565cc9f6a2dc99ceaed92389e2c43f47d1","Source":"/var/lib/docker/volumes/fd1f613c7fe3ca3ae799982507ac3f565cc9f6a2dc99ceaed92389e2c43f47d1/_data","Destination":"/var/lib/mysql","Driver":"local","Mode":"","RW":true,"Propagation":""}],"Config":{"Hostname":"9691e3189171","Domainname":"","User":"","AttachStdin":false,"AttachStdout":false,"AttachStderr":false,"ExposedPorts":{"3306/tcp":{},"33060/tcp":{}},"Tty":false,"OpenStdin":false,"StdinOnce":false,"Env":["MYSQL_DATABASE=test","MYSQL_PASSWORD=admin","MYSQL_USER=admin","MYSQL_ROOT_PASSWORD=admin","PATH=/usr/local/sbin:/usr/local/bin:/usr/sbin:/usr/bin:/sbin:/bin","GOSU_VERSION=1.14","MYSQL_MAJOR=8.0","MYSQL_VERSION=8.0.29-1debian10"],"Cmd":["mysqld"],"Image":"mysql:8.0","Volumes":{"/var/lib/mysql":{}},"WorkingDir":"","Entrypoint":["docker-entrypoint.sh"],"OnBuild":null,"Labels":{"org.testcontainers":"true","org.testcontainers.sessionId":"d48265e4-2b28-4f8c-aa67-76dd8289af84"}},"NetworkSettings":{"Bridge":"","SandboxID":"d9de8570fe3f0a4e9f3a1ff7101c963bbd2c6a0a9d8a867b96f17f4d5edca537","HairpinMode":false,"LinkLocalIPv6Address":"","LinkLocalIPv6PrefixLen":0,"Ports":{"3306/tcp":[{"HostIp":"0.0.0.0","HostPort":"49160"},{"HostIp":"::","HostPort":"49160"}],"33060/tcp":null},"SandboxKey":"/var/run/docker/netns/d9de8570fe3f","SecondaryIPAddresses":null,"SecondaryIPv6Addresses":null,"EndpointID":"93e8fe159f683a98670e8995677c2b130dbce857fc116679206e206bda319cbf","Gateway":"172.17.0.1","GlobalIPv6Address":"","GlobalIPv6PrefixLen":0,"IPAddress":"172.17.0.3","IPPrefixLen":16,"IPv6Gateway":"","MacAddress":"02:42:ac:11:00:03","Networks":{"bridge":{"IPAMConfig":null,"Links":null,"Aliases":null,"NetworkID":"1853cd2b9856825cc97ed9ef2b12efa82d95bf9cf60ad666c276eb35cc53539e","EndpointID":"93e8fe159f683a98670e8995677c2b130dbce857fc116679206e206bda319cbf","Gateway":"172.17.0.1","IPAddress":"172.17.0.3","IPPrefixLen":16,"IPv6Gateway":"","GlobalIPv6Address":"","GlobalIPv6PrefixLen":0,"MacAddress":"02:42:ac:11:00:03","DriverOpts":null}}}}[\n]"
03:32:54.184 [main] DEBUG com.github.dockerjava.zerodep.shaded.org.apache.hc.client5.http.wire - http-outgoing-2 << "[\r][\n]"
03:32:54.184 [main] DEBUG com.github.dockerjava.zerodep.shaded.org.apache.hc.client5.http.wire - http-outgoing-2 << "0[\r][\n]"
03:32:54.184 [main] DEBUG com.github.dockerjava.zerodep.shaded.org.apache.hc.client5.http.wire - http-outgoing-2 << "[\r][\n]"
03:32:54.184 [main] DEBUG com.github.dockerjava.zerodep.shaded.org.apache.hc.client5.http.headers - http-outgoing-2 << HTTP/1.1 200 OK
03:32:54.184 [main] DEBUG com.github.dockerjava.zerodep.shaded.org.apache.hc.client5.http.headers - http-outgoing-2 << Api-Version: 1.41
03:32:54.184 [main] DEBUG com.github.dockerjava.zerodep.shaded.org.apache.hc.client5.http.headers - http-outgoing-2 << Content-Type: application/json
03:32:54.184 [main] DEBUG com.github.dockerjava.zerodep.shaded.org.apache.hc.client5.http.headers - http-outgoing-2 << Docker-Experimental: false
03:32:54.184 [main] DEBUG com.github.dockerjava.zerodep.shaded.org.apache.hc.client5.http.headers - http-outgoing-2 << Ostype: linux
03:32:54.184 [main] DEBUG com.github.dockerjava.zerodep.shaded.org.apache.hc.client5.http.headers - http-outgoing-2 << Server: Docker/20.10.12 (linux)
03:32:54.185 [main] DEBUG com.github.dockerjava.zerodep.shaded.org.apache.hc.client5.http.headers - http-outgoing-2 << Date: Thu, 23 Jun 2022 02:32:54 GMT
03:32:54.185 [main] DEBUG com.github.dockerjava.zerodep.shaded.org.apache.hc.client5.http.headers - http-outgoing-2 << Transfer-Encoding: chunked
03:32:54.185 [main] DEBUG com.github.dockerjava.zerodep.shaded.org.apache.hc.client5.http.impl.classic.MainClientExec - ex-00000047: connection can be kept alive for 3 MINUTES
03:32:54.186 [main] DEBUG com.github.dockerjava.zerodep.shaded.org.apache.hc.client5.http.impl.classic.InternalHttpClient - ep-00000046: releasing valid endpoint
03:32:54.186 [main] DEBUG com.github.dockerjava.zerodep.shaded.org.apache.hc.client5.http.impl.io.PoolingHttpClientConnectionManager - ep-00000046: releasing endpoint
03:32:54.186 [main] DEBUG com.github.dockerjava.zerodep.shaded.org.apache.hc.client5.http.impl.io.PoolingHttpClientConnectionManager - ep-00000046: connection http-outgoing-2 can be kept alive for 3 MINUTES
03:32:54.186 [main] DEBUG com.github.dockerjava.zerodep.shaded.org.apache.hc.client5.http.impl.io.PoolingHttpClientConnectionManager - ep-00000046: connection released [route: {}->unix://localhost:2375][total available: 1; route allocated: 1 of 2147483647; total allocated: 1 of 2147483647]
03:32:54.186 [main] DEBUG 🐳 [mysql:8.0] - Trying to create JDBC connection using com.mysql.cj.jdbc.Driver to jdbc:mysql://localhost:49160/test?useSSL=false&allowPublicKeyRetrieval=true with properties: {password=admin, user=admin}
03:32:54.287 [main] DEBUG org.testcontainers.shaded.com.github.dockerjava.core.command.AbstrDockerCmd - Cmd: 9691e31891711283f4d98263d11bc6156717d3e75a0b86a23f3b128a992c1f38,false
03:32:54.288 [main] DEBUG org.testcontainers.shaded.com.github.dockerjava.core.exec.InspectContainerCmdExec - GET: DefaultWebTarget{path=[/containers/9691e31891711283f4d98263d11bc6156717d3e75a0b86a23f3b128a992c1f38/json], queryParams={}}
03:32:54.288 [main] DEBUG com.github.dockerjava.zerodep.shaded.org.apache.hc.client5.http.impl.classic.InternalHttpClient - ex-00000048: preparing request execution
03:32:54.288 [main] DEBUG com.github.dockerjava.zerodep.shaded.org.apache.hc.client5.http.protocol.RequestAddCookies - Cookie spec selected: strict
03:32:54.288 [main] DEBUG com.github.dockerjava.zerodep.shaded.org.apache.hc.client5.http.protocol.RequestAuthCache - Auth cache not set in the context
03:32:54.288 [main] DEBUG com.github.dockerjava.zerodep.shaded.org.apache.hc.client5.http.impl.classic.ProtocolExec - ex-00000048: target auth state: UNCHALLENGED
03:32:54.288 [main] DEBUG com.github.dockerjava.zerodep.shaded.org.apache.hc.client5.http.impl.classic.ProtocolExec - ex-00000048: proxy auth state: UNCHALLENGED
03:32:54.288 [main] DEBUG com.github.dockerjava.zerodep.shaded.org.apache.hc.client5.http.impl.classic.ConnectExec - ex-00000048: acquiring connection with route {}->unix://localhost:2375
03:32:54.288 [main] DEBUG com.github.dockerjava.zerodep.shaded.org.apache.hc.client5.http.impl.classic.InternalHttpClient - ex-00000048: acquiring endpoint (3 MINUTES)
03:32:54.288 [main] DEBUG com.github.dockerjava.zerodep.shaded.org.apache.hc.client5.http.impl.io.PoolingHttpClientConnectionManager - ex-00000048: endpoint lease request (3 MINUTES) [route: {}->unix://localhost:2375][total available: 1; route allocated: 1 of 2147483647; total allocated: 1 of 2147483647]
03:32:54.289 [main] DEBUG com.github.dockerjava.zerodep.shaded.org.apache.hc.client5.http.impl.io.PoolingHttpClientConnectionManager - ex-00000048: endpoint leased [route: {}->unix://localhost:2375][total available: 0; route allocated: 1 of 2147483647; total allocated: 1 of 2147483647]
03:32:54.289 [main] DEBUG com.github.dockerjava.zerodep.shaded.org.apache.hc.client5.http.impl.io.PoolingHttpClientConnectionManager - ex-00000048: acquired ep-00000047
03:32:54.289 [main] DEBUG com.github.dockerjava.zerodep.shaded.org.apache.hc.client5.http.impl.classic.InternalHttpClient - ex-00000048: acquired endpoint ep-00000047
03:32:54.289 [main] DEBUG com.github.dockerjava.zerodep.shaded.org.apache.hc.client5.http.impl.classic.MainClientExec - ex-00000048: executing GET /v1.32/containers/9691e31891711283f4d98263d11bc6156717d3e75a0b86a23f3b128a992c1f38/json HTTP/1.1
03:32:54.289 [main] DEBUG com.github.dockerjava.zerodep.shaded.org.apache.hc.client5.http.impl.classic.InternalHttpClient - ep-00000047: start execution ex-00000048
03:32:54.289 [main] DEBUG com.github.dockerjava.zerodep.shaded.org.apache.hc.client5.http.impl.io.PoolingHttpClientConnectionManager - ep-00000047: executing exchange ex-00000048 over http-outgoing-2
03:32:54.289 [main] DEBUG com.github.dockerjava.zerodep.shaded.org.apache.hc.client5.http.headers - http-outgoing-2 >> GET /v1.32/containers/9691e31891711283f4d98263d11bc6156717d3e75a0b86a23f3b128a992c1f38/json HTTP/1.1
03:32:54.289 [main] DEBUG com.github.dockerjava.zerodep.shaded.org.apache.hc.client5.http.headers - http-outgoing-2 >> accept: application/json
03:32:54.289 [main] DEBUG com.github.dockerjava.zerodep.shaded.org.apache.hc.client5.http.headers - http-outgoing-2 >> Accept-Encoding: gzip, x-gzip, deflate
03:32:54.289 [main] DEBUG com.github.dockerjava.zerodep.shaded.org.apache.hc.client5.http.headers - http-outgoing-2 >> Host: localhost:2375
03:32:54.289 [main] DEBUG com.github.dockerjava.zerodep.shaded.org.apache.hc.client5.http.headers - http-outgoing-2 >> Connection: keep-alive
03:32:54.289 [main] DEBUG com.github.dockerjava.zerodep.shaded.org.apache.hc.client5.http.headers - http-outgoing-2 >> User-Agent: Apache-HttpClient/5.0.3 (Java/11.0.15)
03:32:54.289 [main] DEBUG com.github.dockerjava.zerodep.shaded.org.apache.hc.client5.http.wire - http-outgoing-2 >> "GET /v1.32/containers/9691e31891711283f4d98263d11bc6156717d3e75a0b86a23f3b128a992c1f38/json HTTP/1.1[\r][\n]"
03:32:54.289 [main] DEBUG com.github.dockerjava.zerodep.shaded.org.apache.hc.client5.http.wire - http-outgoing-2 >> "accept: application/json[\r][\n]"
03:32:54.289 [main] DEBUG com.github.dockerjava.zerodep.shaded.org.apache.hc.client5.http.wire - http-outgoing-2 >> "Accept-Encoding: gzip, x-gzip, deflate[\r][\n]"
03:32:54.289 [main] DEBUG com.github.dockerjava.zerodep.shaded.org.apache.hc.client5.http.wire - http-outgoing-2 >> "Host: localhost:2375[\r][\n]"
03:32:54.289 [main] DEBUG com.github.dockerjava.zerodep.shaded.org.apache.hc.client5.http.wire - http-outgoing-2 >> "Connection: keep-alive[\r][\n]"
03:32:54.289 [main] DEBUG com.github.dockerjava.zerodep.shaded.org.apache.hc.client5.http.wire - http-outgoing-2 >> "User-Agent: Apache-HttpClient/5.0.3 (Java/11.0.15)[\r][\n]"
03:32:54.289 [main] DEBUG com.github.dockerjava.zerodep.shaded.org.apache.hc.client5.http.wire - http-outgoing-2 >> "[\r][\n]"
03:32:54.289 [main] DEBUG com.github.dockerjava.zerodep.shaded.org.apache.hc.client5.http.wire - http-outgoing-2 << "HTTP/1.1 200 OK[\r][\n]"
03:32:54.289 [main] DEBUG com.github.dockerjava.zerodep.shaded.org.apache.hc.client5.http.wire - http-outgoing-2 << "Api-Version: 1.41[\r][\n]"
03:32:54.289 [main] DEBUG com.github.dockerjava.zerodep.shaded.org.apache.hc.client5.http.wire - http-outgoing-2 << "Content-Type: application/json[\r][\n]"
03:32:54.289 [main] DEBUG com.github.dockerjava.zerodep.shaded.org.apache.hc.client5.http.wire - http-outgoing-2 << "Docker-Experimental: false[\r][\n]"
03:32:54.289 [main] DEBUG com.github.dockerjava.zerodep.shaded.org.apache.hc.client5.http.wire - http-outgoing-2 << "Ostype: linux[\r][\n]"
03:32:54.289 [main] DEBUG com.github.dockerjava.zerodep.shaded.org.apache.hc.client5.http.wire - http-outgoing-2 << "Server: Docker/20.10.12 (linux)[\r][\n]"
03:32:54.289 [main] DEBUG com.github.dockerjava.zerodep.shaded.org.apache.hc.client5.http.wire - http-outgoing-2 << "Date: Thu, 23 Jun 2022 02:32:54 GMT[\r][\n]"
03:32:54.289 [main] DEBUG com.github.dockerjava.zerodep.shaded.org.apache.hc.client5.http.wire - http-outgoing-2 << "Transfer-Encoding: chunked[\r][\n]"
03:32:54.289 [main] DEBUG com.github.dockerjava.zerodep.shaded.org.apache.hc.client5.http.wire - http-outgoing-2 << "[\r][\n]"
03:32:54.289 [main] DEBUG com.github.dockerjava.zerodep.shaded.org.apache.hc.client5.http.wire - http-outgoing-2 << "18ed[\r][\n]"
03:32:54.289 [main] DEBUG com.github.dockerjava.zerodep.shaded.org.apache.hc.client5.http.wire - http-outgoing-2 << "{"Id":"9691e31891711283f4d98263d11bc6156717d3e75a0b86a23f3b128a992c1f38","Created":"2022-06-23T02:32:47.03956921Z","Path":"docker-entrypoint.sh","Args":["mysqld"],"State":{"Status":"running","Running":true,"Paused":false,"Restarting":false,"OOMKilled":false,"Dead":false,"Pid":66188,"ExitCode":0,"Error":"","StartedAt":"2022-06-23T02:32:47.703880551Z","FinishedAt":"0001-01-01T00:00:00Z"},"Image":"sha256:65b636d5542b73254ce90cc4b895597dc1adc2c661ca553c38eda159979dded1","ResolvConfPath":"/var/lib/docker/containers/9691e31891711283f4d98263d11bc6156717d3e75a0b86a23f3b128a992c1f38/resolv.conf","HostnamePath":"/var/lib/docker/containers/9691e31891711283f4d98263d11bc6156717d3e75a0b86a23f3b128a992c1f38/hostname","HostsPath":"/var/lib/docker/containers/9691e31891711283f4d98263d11bc6156717d3e75a0b86a23f3b128a992c1f38/hosts","LogPath":"/var/lib/docker/containers/9691e31891711283f4d98263d11bc6156717d3e75a0b86a23f3b128a992c1f38/9691e31891711283f4d98263d11bc6156717d3e75a0b86a23f3b128a992c1f38-json.log","Name":"/xenodochial_satoshi","RestartCount":0,"Driver":"overlay2","Platform":"linux","MountLabel":"","ProcessLabel":"","AppArmorProfile":"docker-default","ExecIDs":null,"HostConfig":{"Binds":[],"ContainerIDFile":"","LogConfig":{"Type":"json-file","Config":{}},"NetworkMode":"default","PortBindings":{"3306/tcp":[{"HostIp":"","HostPort":""}]},"RestartPolicy":{"Name":"","MaximumRetryCount":0},"AutoRemove":false,"VolumeDriver":"","VolumesFrom":[],"CapAdd":null,"CapDrop":null,"CgroupnsMode":"host","Dns":null,"DnsOptions":null,"DnsSearch":null,"ExtraHosts":[],"GroupAdd":null,"IpcMode":"shareable","Cgroup":"","Links":null,"OomScoreAdj":0,"PidMode":"","Privileged":false,"PublishAllPorts":false,"ReadonlyRootfs":false,"SecurityOpt":null,"UTSMode":"","UsernsMode":"","ShmSize":67108864,"Runtime":"runc","ConsoleSize":[0,0],"Isolation":"","CpuShares":0,"Memory":0,"NanoCpus":0,"CgroupParent":"","BlkioWeight":0,"BlkioWeightDevice":null,"BlkioDeviceReadBps":null,"BlkioDeviceWriteBps":null,"BlkioDeviceReadIOps":null,"BlkioDeviceWriteIOps":null,"CpuPeriod":0,"CpuQuota":0,"CpuRealtimePeriod":0,"CpuRealtimeRuntime":0,"CpusetCpus":"","CpusetMems":"","Devices":null,"DeviceCgroupRules":null,"DeviceRequests":null,"KernelMemory":0,"KernelMemoryTCP":0,"MemoryReservation":0,"MemorySwap":0,"MemorySwappiness":null,"OomKillDisable":false,"PidsLimit":null,"Ulimits":null,"CpuCount":0,"CpuPercent":0,"IOMaximumIOps":0,"IOMaximumBandwidth":0,"MaskedPaths":["/proc/asound","/proc/acpi","/proc/kcore","/proc/keys","/proc/latency_stats","/proc/timer_list","/proc/timer_stats","/proc/sched_debug","/proc/scsi","/sys/firmware"],"ReadonlyPaths":["/proc/bus","/proc/fs","/proc/irq","/proc/sys","/proc/sysrq-trigger"]},"GraphDriver":{"Data":{"LowerDir":"/var/lib/docker/overlay2/5529564f52cf969e31e7a1482c27be7ffed19639b506ae2e15b7e7115f699a73-init/diff:/var/lib/docker/overlay2/833a665819b5d9728d3efa7c33135034345a24f83af53b1a1af33d9b64f5492a/diff:/var/lib/docker/overlay2/bd4a2a46c227c2f15475b08c398f37acaab93f4fdba31de015d730efae0a0cfc/diff:/var/lib/docker/overlay2/31ad437d7cba8e64428a2b62db1bbb2a2ec19ca4e439ec493ef4deb50dce2783/diff:/var/lib/docker/overlay2/35173cbd8ec5b88a8888e9abbe75f8694f5d3f96a9b781bb70dc1f0889685741/diff:/var/lib/docker/overlay2/24bf69ac4e8c81062fee44e7c9f746fffbb139c3f7f4b55b4fd1b23bb101b529/diff:/var/lib/docker/overlay2/2f27c96a7775dad186b6f0da325d5a251c80aa1b7f80cf8520f493c5154aee70/diff:/var/lib/docker/overlay2/463a60088c72ddbea82639ded15801e35a79c443f6a26bf1baf320c683cb06af/diff:/var/lib/docker/overlay2/80b8224b23a2ee4b5be635c58ae579fd1913aa95558cd66ab2f5e8430f00a5b8/diff:/var/lib/docker/overlay2/20451fa0b1a07b85d665bc3a0359d721ce4e4c28fa3bce7456ab25e0babae708/diff:/var/lib/docker/overlay2/f80d865cbc6c1c6f57d0963fa6234e7a6409e079eb17f4f13ca41d02731701ad/diff:/var/lib/docker/overlay2/5a3029e0b57c6ec9b985871ff6adf08356aaa0f2a15f1e34c1a7f116ecc4a61d/diff:/var/lib/docker/overlay2/4f3423103248d0b381a1bc6a7287e2b42313ff458cea602a02b7379014b03e0e/diff","MergedDir":"/var/lib/docker/overlay2/5529564f52cf969e31e7a1482c27be7ffed19639b506ae2e15b7e7115f699a73/merged","UpperDir":"/var/lib/docker/overlay2/5529564f52cf969e31e7a1482c27be7ffed19639b506ae2e15b7e7115f699a73/diff","WorkDir":"/var/lib/docker/overlay2/5529564f52cf969e31e7a1482c27be7ffed19639b506ae2e15b7e7115f699a73/work"},"Name":"overlay2"},"Mounts":[{"Type":"volume","Name":"fd1f613c7fe3ca3ae799982507ac3f565cc9f6a2dc99ceaed92389e2c43f47d1","Source":"/var/lib/docker/volumes/fd1f613c7fe3ca3ae799982507ac3f565cc9f6a2dc99ceaed92389e2c43f47d1/_data","Destination":"/var/lib/mysql","Driver":"local","Mode":"","RW":true,"Propagation":""}],"Config":{"Hostname":"9691e3189171","Domainname":"","User":"","AttachStdin":false,"AttachStdout":false,"AttachStderr":false,"ExposedPorts":{"3306/tcp":{},"33060/tcp":{}},"Tty":false,"OpenStdin":false,"StdinOnce":false,"Env":["MYSQL_DATABASE=test","MYSQL_PASSWORD=admin","MYSQL_USER=admin","MYSQL_ROOT_PASSWORD=admin","PATH=/usr/local/sbin:/usr/local/bin:/usr/sbin:/usr/bin:/sbin:/bin","GOSU_VERSION=1.14","MYSQL_MAJOR=8.0","MYSQL_VERSION=8.0.29-1debian10"],"Cmd":["mysqld"],"Image":"mysql:8.0","Volumes":{"/var/lib/mysql":{}},"WorkingDir":"","Entrypoint":["docker-entrypoint.sh"],"OnBuild":null,"Labels":{"org.testcontainers":"true","org.testcontainers.sessionId":"d48265e4-2b28-4f8c-aa67-76dd8289af84"}},"NetworkSettings":{"Bridge":"","SandboxID":"d9de8570fe3f0a4e9f3a1ff7101c963bbd2c6a0a9d8a867b96f17f4d5edca537","HairpinMode":false,"LinkLocalIPv6Address":"","LinkLocalIPv6PrefixLen":0,"Ports":{"3306/tcp":[{"HostIp":"0.0.0.0","HostPort":"49160"},{"HostIp":"::","HostPort":"49160"}],"33060/tcp":null},"SandboxKey":"/var/run/docker/netns/d9de8570fe3f","SecondaryIPAddresses":null,"SecondaryIPv6Addresses":null,"EndpointID":"93e8fe159f683a98670e8995677c2b130dbce857fc116679206e206bda319cbf","Gateway":"172.17.0.1","GlobalIPv6Address":"","GlobalIPv6PrefixLen":0,"IPAddress":"172.17.0.3","IPPrefixLen":16,"IPv6Gateway":"","MacAddress":"02:42:ac:11:00:03","Networks":{"bridge":{"IPAMConfig":null,"Links":null,"Aliases":null,"NetworkID":"1853cd2b9856825cc97ed9ef2b12efa82d95bf9cf60ad666c276eb35cc53539e","EndpointID":"93e8fe159f683a98670e8995677c2b130dbce857fc116679206e206bda319cbf","Gateway":"172.17.0.1","IPAddress":"172.17.0.3","IPPrefixLen":16,"IPv6Gateway":"","GlobalIPv6Address":"","GlobalIPv6PrefixLen":0,"MacAddress":"02:42:ac:11:00:03","DriverOpts":null}}}}[\n]"
03:32:54.290 [main] DEBUG com.github.dockerjava.zerodep.shaded.org.apache.hc.client5.http.wire - http-outgoing-2 << "[\r][\n]"
03:32:54.290 [main] DEBUG com.github.dockerjava.zerodep.shaded.org.apache.hc.client5.http.wire - http-outgoing-2 << "0[\r][\n]"
03:32:54.290 [main] DEBUG com.github.dockerjava.zerodep.shaded.org.apache.hc.client5.http.wire - http-outgoing-2 << "[\r][\n]"
03:32:54.290 [main] DEBUG com.github.dockerjava.zerodep.shaded.org.apache.hc.client5.http.headers - http-outgoing-2 << HTTP/1.1 200 OK
03:32:54.290 [main] DEBUG com.github.dockerjava.zerodep.shaded.org.apache.hc.client5.http.headers - http-outgoing-2 << Api-Version: 1.41
03:32:54.290 [main] DEBUG com.github.dockerjava.zerodep.shaded.org.apache.hc.client5.http.headers - http-outgoing-2 << Content-Type: application/json
03:32:54.290 [main] DEBUG com.github.dockerjava.zerodep.shaded.org.apache.hc.client5.http.headers - http-outgoing-2 << Docker-Experimental: false
03:32:54.290 [main] DEBUG com.github.dockerjava.zerodep.shaded.org.apache.hc.client5.http.headers - http-outgoing-2 << Ostype: linux
03:32:54.290 [main] DEBUG com.github.dockerjava.zerodep.shaded.org.apache.hc.client5.http.headers - http-outgoing-2 << Server: Docker/20.10.12 (linux)
03:32:54.290 [main] DEBUG com.github.dockerjava.zerodep.shaded.org.apache.hc.client5.http.headers - http-outgoing-2 << Date: Thu, 23 Jun 2022 02:32:54 GMT
03:32:54.290 [main] DEBUG com.github.dockerjava.zerodep.shaded.org.apache.hc.client5.http.headers - http-outgoing-2 << Transfer-Encoding: chunked
03:32:54.290 [main] DEBUG com.github.dockerjava.zerodep.shaded.org.apache.hc.client5.http.impl.classic.MainClientExec - ex-00000048: connection can be kept alive for 3 MINUTES
03:32:54.291 [main] DEBUG com.github.dockerjava.zerodep.shaded.org.apache.hc.client5.http.impl.classic.InternalHttpClient - ep-00000047: releasing valid endpoint
03:32:54.291 [main] DEBUG com.github.dockerjava.zerodep.shaded.org.apache.hc.client5.http.impl.io.PoolingHttpClientConnectionManager - ep-00000047: releasing endpoint
03:32:54.291 [main] DEBUG com.github.dockerjava.zerodep.shaded.org.apache.hc.client5.http.impl.io.PoolingHttpClientConnectionManager - ep-00000047: connection http-outgoing-2 can be kept alive for 3 MINUTES
03:32:54.291 [main] DEBUG com.github.dockerjava.zerodep.shaded.org.apache.hc.client5.http.impl.io.PoolingHttpClientConnectionManager - ep-00000047: connection released [route: {}->unix://localhost:2375][total available: 1; route allocated: 1 of 2147483647; total allocated: 1 of 2147483647]
03:32:54.291 [main] DEBUG 🐳 [mysql:8.0] - Trying to create JDBC connection using com.mysql.cj.jdbc.Driver to jdbc:mysql://localhost:49160/test?useSSL=false&allowPublicKeyRetrieval=true with properties: {password=admin, user=admin}
03:32:54.393 [main] DEBUG org.testcontainers.shaded.com.github.dockerjava.core.command.AbstrDockerCmd - Cmd: 9691e31891711283f4d98263d11bc6156717d3e75a0b86a23f3b128a992c1f38,false
03:32:54.393 [main] DEBUG org.testcontainers.shaded.com.github.dockerjava.core.exec.InspectContainerCmdExec - GET: DefaultWebTarget{path=[/containers/9691e31891711283f4d98263d11bc6156717d3e75a0b86a23f3b128a992c1f38/json], queryParams={}}
03:32:54.394 [main] DEBUG com.github.dockerjava.zerodep.shaded.org.apache.hc.client5.http.impl.classic.InternalHttpClient - ex-00000049: preparing request execution
03:32:54.394 [main] DEBUG com.github.dockerjava.zerodep.shaded.org.apache.hc.client5.http.protocol.RequestAddCookies - Cookie spec selected: strict
03:32:54.394 [main] DEBUG com.github.dockerjava.zerodep.shaded.org.apache.hc.client5.http.protocol.RequestAuthCache - Auth cache not set in the context
03:32:54.394 [main] DEBUG com.github.dockerjava.zerodep.shaded.org.apache.hc.client5.http.impl.classic.ProtocolExec - ex-00000049: target auth state: UNCHALLENGED
03:32:54.394 [main] DEBUG com.github.dockerjava.zerodep.shaded.org.apache.hc.client5.http.impl.classic.ProtocolExec - ex-00000049: proxy auth state: UNCHALLENGED
03:32:54.394 [main] DEBUG com.github.dockerjava.zerodep.shaded.org.apache.hc.client5.http.impl.classic.ConnectExec - ex-00000049: acquiring connection with route {}->unix://localhost:2375
03:32:54.394 [main] DEBUG com.github.dockerjava.zerodep.shaded.org.apache.hc.client5.http.impl.classic.InternalHttpClient - ex-00000049: acquiring endpoint (3 MINUTES)
03:32:54.394 [main] DEBUG com.github.dockerjava.zerodep.shaded.org.apache.hc.client5.http.impl.io.PoolingHttpClientConnectionManager - ex-00000049: endpoint lease request (3 MINUTES) [route: {}->unix://localhost:2375][total available: 1; route allocated: 1 of 2147483647; total allocated: 1 of 2147483647]
03:32:54.394 [main] DEBUG com.github.dockerjava.zerodep.shaded.org.apache.hc.client5.http.impl.io.PoolingHttpClientConnectionManager - ex-00000049: endpoint leased [route: {}->unix://localhost:2375][total available: 0; route allocated: 1 of 2147483647; total allocated: 1 of 2147483647]
03:32:54.394 [main] DEBUG com.github.dockerjava.zerodep.shaded.org.apache.hc.client5.http.impl.io.PoolingHttpClientConnectionManager - ex-00000049: acquired ep-00000048
03:32:54.394 [main] DEBUG com.github.dockerjava.zerodep.shaded.org.apache.hc.client5.http.impl.classic.InternalHttpClient - ex-00000049: acquired endpoint ep-00000048
03:32:54.394 [main] DEBUG com.github.dockerjava.zerodep.shaded.org.apache.hc.client5.http.impl.classic.MainClientExec - ex-00000049: executing GET /v1.32/containers/9691e31891711283f4d98263d11bc6156717d3e75a0b86a23f3b128a992c1f38/json HTTP/1.1
03:32:54.394 [main] DEBUG com.github.dockerjava.zerodep.shaded.org.apache.hc.client5.http.impl.classic.InternalHttpClient - ep-00000048: start execution ex-00000049
03:32:54.395 [main] DEBUG com.github.dockerjava.zerodep.shaded.org.apache.hc.client5.http.impl.io.PoolingHttpClientConnectionManager - ep-00000048: executing exchange ex-00000049 over http-outgoing-2
03:32:54.395 [main] DEBUG com.github.dockerjava.zerodep.shaded.org.apache.hc.client5.http.headers - http-outgoing-2 >> GET /v1.32/containers/9691e31891711283f4d98263d11bc6156717d3e75a0b86a23f3b128a992c1f38/json HTTP/1.1
03:32:54.395 [main] DEBUG com.github.dockerjava.zerodep.shaded.org.apache.hc.client5.http.headers - http-outgoing-2 >> accept: application/json
03:32:54.395 [main] DEBUG com.github.dockerjava.zerodep.shaded.org.apache.hc.client5.http.headers - http-outgoing-2 >> Accept-Encoding: gzip, x-gzip, deflate
03:32:54.395 [main] DEBUG com.github.dockerjava.zerodep.shaded.org.apache.hc.client5.http.headers - http-outgoing-2 >> Host: localhost:2375
03:32:54.395 [main] DEBUG com.github.dockerjava.zerodep.shaded.org.apache.hc.client5.http.headers - http-outgoing-2 >> Connection: keep-alive
03:32:54.395 [main] DEBUG com.github.dockerjava.zerodep.shaded.org.apache.hc.client5.http.headers - http-outgoing-2 >> User-Agent: Apache-HttpClient/5.0.3 (Java/11.0.15)
03:32:54.395 [main] DEBUG com.github.dockerjava.zerodep.shaded.org.apache.hc.client5.http.wire - http-outgoing-2 >> "GET /v1.32/containers/9691e31891711283f4d98263d11bc6156717d3e75a0b86a23f3b128a992c1f38/json HTTP/1.1[\r][\n]"
03:32:54.395 [main] DEBUG com.github.dockerjava.zerodep.shaded.org.apache.hc.client5.http.wire - http-outgoing-2 >> "accept: application/json[\r][\n]"
03:32:54.395 [main] DEBUG com.github.dockerjava.zerodep.shaded.org.apache.hc.client5.http.wire - http-outgoing-2 >> "Accept-Encoding: gzip, x-gzip, deflate[\r][\n]"
03:32:54.395 [main] DEBUG com.github.dockerjava.zerodep.shaded.org.apache.hc.client5.http.wire - http-outgoing-2 >> "Host: localhost:2375[\r][\n]"
03:32:54.395 [main] DEBUG com.github.dockerjava.zerodep.shaded.org.apache.hc.client5.http.wire - http-outgoing-2 >> "Connection: keep-alive[\r][\n]"
03:32:54.395 [main] DEBUG com.github.dockerjava.zerodep.shaded.org.apache.hc.client5.http.wire - http-outgoing-2 >> "User-Agent: Apache-HttpClient/5.0.3 (Java/11.0.15)[\r][\n]"
03:32:54.395 [main] DEBUG com.github.dockerjava.zerodep.shaded.org.apache.hc.client5.http.wire - http-outgoing-2 >> "[\r][\n]"
03:32:54.395 [main] DEBUG com.github.dockerjava.zerodep.shaded.org.apache.hc.client5.http.wire - http-outgoing-2 << "HTTP/1.1 200 OK[\r][\n]"
03:32:54.395 [main] DEBUG com.github.dockerjava.zerodep.shaded.org.apache.hc.client5.http.wire - http-outgoing-2 << "Api-Version: 1.41[\r][\n]"
03:32:54.395 [main] DEBUG com.github.dockerjava.zerodep.shaded.org.apache.hc.client5.http.wire - http-outgoing-2 << "Content-Type: application/json[\r][\n]"
03:32:54.395 [main] DEBUG com.github.dockerjava.zerodep.shaded.org.apache.hc.client5.http.wire - http-outgoing-2 << "Docker-Experimental: false[\r][\n]"
03:32:54.395 [main] DEBUG com.github.dockerjava.zerodep.shaded.org.apache.hc.client5.http.wire - http-outgoing-2 << "Ostype: linux[\r][\n]"
03:32:54.395 [main] DEBUG com.github.dockerjava.zerodep.shaded.org.apache.hc.client5.http.wire - http-outgoing-2 << "Server: Docker/20.10.12 (linux)[\r][\n]"
03:32:54.395 [main] DEBUG com.github.dockerjava.zerodep.shaded.org.apache.hc.client5.http.wire - http-outgoing-2 << "Date: Thu, 23 Jun 2022 02:32:54 GMT[\r][\n]"
03:32:54.395 [main] DEBUG com.github.dockerjava.zerodep.shaded.org.apache.hc.client5.http.wire - http-outgoing-2 << "Transfer-Encoding: chunked[\r][\n]"
03:32:54.395 [main] DEBUG com.github.dockerjava.zerodep.shaded.org.apache.hc.client5.http.wire - http-outgoing-2 << "[\r][\n]"
03:32:54.395 [main] DEBUG com.github.dockerjava.zerodep.shaded.org.apache.hc.client5.http.wire - http-outgoing-2 << "18ed[\r][\n]"
03:32:54.396 [main] DEBUG com.github.dockerjava.zerodep.shaded.org.apache.hc.client5.http.wire - http-outgoing-2 << "{"Id":"9691e31891711283f4d98263d11bc6156717d3e75a0b86a23f3b128a992c1f38","Created":"2022-06-23T02:32:47.03956921Z","Path":"docker-entrypoint.sh","Args":["mysqld"],"State":{"Status":"running","Running":true,"Paused":false,"Restarting":false,"OOMKilled":false,"Dead":false,"Pid":66188,"ExitCode":0,"Error":"","StartedAt":"2022-06-23T02:32:47.703880551Z","FinishedAt":"0001-01-01T00:00:00Z"},"Image":"sha256:65b636d5542b73254ce90cc4b895597dc1adc2c661ca553c38eda159979dded1","ResolvConfPath":"/var/lib/docker/containers/9691e31891711283f4d98263d11bc6156717d3e75a0b86a23f3b128a992c1f38/resolv.conf","HostnamePath":"/var/lib/docker/containers/9691e31891711283f4d98263d11bc6156717d3e75a0b86a23f3b128a992c1f38/hostname","HostsPath":"/var/lib/docker/containers/9691e31891711283f4d98263d11bc6156717d3e75a0b86a23f3b128a992c1f38/hosts","LogPath":"/var/lib/docker/containers/9691e31891711283f4d98263d11bc6156717d3e75a0b86a23f3b128a992c1f38/9691e31891711283f4d98263d11bc6156717d3e75a0b86a23f3b128a992c1f38-json.log","Name":"/xenodochial_satoshi","RestartCount":0,"Driver":"overlay2","Platform":"linux","MountLabel":"","ProcessLabel":"","AppArmorProfile":"docker-default","ExecIDs":null,"HostConfig":{"Binds":[],"ContainerIDFile":"","LogConfig":{"Type":"json-file","Config":{}},"NetworkMode":"default","PortBindings":{"3306/tcp":[{"HostIp":"","HostPort":""}]},"RestartPolicy":{"Name":"","MaximumRetryCount":0},"AutoRemove":false,"VolumeDriver":"","VolumesFrom":[],"CapAdd":null,"CapDrop":null,"CgroupnsMode":"host","Dns":null,"DnsOptions":null,"DnsSearch":null,"ExtraHosts":[],"GroupAdd":null,"IpcMode":"shareable","Cgroup":"","Links":null,"OomScoreAdj":0,"PidMode":"","Privileged":false,"PublishAllPorts":false,"ReadonlyRootfs":false,"SecurityOpt":null,"UTSMode":"","UsernsMode":"","ShmSize":67108864,"Runtime":"runc","ConsoleSize":[0,0],"Isolation":"","CpuShares":0,"Memory":0,"NanoCpus":0,"CgroupParent":"","BlkioWeight":0,"BlkioWeightDevice":null,"BlkioDeviceReadBps":null,"BlkioDeviceWriteBps":null,"BlkioDeviceReadIOps":null,"BlkioDeviceWriteIOps":null,"CpuPeriod":0,"CpuQuota":0,"CpuRealtimePeriod":0,"CpuRealtimeRuntime":0,"CpusetCpus":"","CpusetMems":"","Devices":null,"DeviceCgroupRules":null,"DeviceRequests":null,"KernelMemory":0,"KernelMemoryTCP":0,"MemoryReservation":0,"MemorySwap":0,"MemorySwappiness":null,"OomKillDisable":false,"PidsLimit":null,"Ulimits":null,"CpuCount":0,"CpuPercent":0,"IOMaximumIOps":0,"IOMaximumBandwidth":0,"MaskedPaths":["/proc/asound","/proc/acpi","/proc/kcore","/proc/keys","/proc/latency_stats","/proc/timer_list","/proc/timer_stats","/proc/sched_debug","/proc/scsi","/sys/firmware"],"ReadonlyPaths":["/proc/bus","/proc/fs","/proc/irq","/proc/sys","/proc/sysrq-trigger"]},"GraphDriver":{"Data":{"LowerDir":"/var/lib/docker/overlay2/5529564f52cf969e31e7a1482c27be7ffed19639b506ae2e15b7e7115f699a73-init/diff:/var/lib/docker/overlay2/833a665819b5d9728d3efa7c33135034345a24f83af53b1a1af33d9b64f5492a/diff:/var/lib/docker/overlay2/bd4a2a46c227c2f15475b08c398f37acaab93f4fdba31de015d730efae0a0cfc/diff:/var/lib/docker/overlay2/31ad437d7cba8e64428a2b62db1bbb2a2ec19ca4e439ec493ef4deb50dce2783/diff:/var/lib/docker/overlay2/35173cbd8ec5b88a8888e9abbe75f8694f5d3f96a9b781bb70dc1f0889685741/diff:/var/lib/docker/overlay2/24bf69ac4e8c81062fee44e7c9f746fffbb139c3f7f4b55b4fd1b23bb101b529/diff:/var/lib/docker/overlay2/2f27c96a7775dad186b6f0da325d5a251c80aa1b7f80cf8520f493c5154aee70/diff:/var/lib/docker/overlay2/463a60088c72ddbea82639ded15801e35a79c443f6a26bf1baf320c683cb06af/diff:/var/lib/docker/overlay2/80b8224b23a2ee4b5be635c58ae579fd1913aa95558cd66ab2f5e8430f00a5b8/diff:/var/lib/docker/overlay2/20451fa0b1a07b85d665bc3a0359d721ce4e4c28fa3bce7456ab25e0babae708/diff:/var/lib/docker/overlay2/f80d865cbc6c1c6f57d0963fa6234e7a6409e079eb17f4f13ca41d02731701ad/diff:/var/lib/docker/overlay2/5a3029e0b57c6ec9b985871ff6adf08356aaa0f2a15f1e34c1a7f116ecc4a61d/diff:/var/lib/docker/overlay2/4f3423103248d0b381a1bc6a7287e2b42313ff458cea602a02b7379014b03e0e/diff","MergedDir":"/var/lib/docker/overlay2/5529564f52cf969e31e7a1482c27be7ffed19639b506ae2e15b7e7115f699a73/merged","UpperDir":"/var/lib/docker/overlay2/5529564f52cf969e31e7a1482c27be7ffed19639b506ae2e15b7e7115f699a73/diff","WorkDir":"/var/lib/docker/overlay2/5529564f52cf969e31e7a1482c27be7ffed19639b506ae2e15b7e7115f699a73/work"},"Name":"overlay2"},"Mounts":[{"Type":"volume","Name":"fd1f613c7fe3ca3ae799982507ac3f565cc9f6a2dc99ceaed92389e2c43f47d1","Source":"/var/lib/docker/volumes/fd1f613c7fe3ca3ae799982507ac3f565cc9f6a2dc99ceaed92389e2c43f47d1/_data","Destination":"/var/lib/mysql","Driver":"local","Mode":"","RW":true,"Propagation":""}],"Config":{"Hostname":"9691e3189171","Domainname":"","User":"","AttachStdin":false,"AttachStdout":false,"AttachStderr":false,"ExposedPorts":{"3306/tcp":{},"33060/tcp":{}},"Tty":false,"OpenStdin":false,"StdinOnce":false,"Env":["MYSQL_DATABASE=test","MYSQL_PASSWORD=admin","MYSQL_USER=admin","MYSQL_ROOT_PASSWORD=admin","PATH=/usr/local/sbin:/usr/local/bin:/usr/sbin:/usr/bin:/sbin:/bin","GOSU_VERSION=1.14","MYSQL_MAJOR=8.0","MYSQL_VERSION=8.0.29-1debian10"],"Cmd":["mysqld"],"Image":"mysql:8.0","Volumes":{"/var/lib/mysql":{}},"WorkingDir":"","Entrypoint":["docker-entrypoint.sh"],"OnBuild":null,"Labels":{"org.testcontainers":"true","org.testcontainers.sessionId":"d48265e4-2b28-4f8c-aa67-76dd8289af84"}},"NetworkSettings":{"Bridge":"","SandboxID":"d9de8570fe3f0a4e9f3a1ff7101c963bbd2c6a0a9d8a867b96f17f4d5edca537","HairpinMode":false,"LinkLocalIPv6Address":"","LinkLocalIPv6PrefixLen":0,"Ports":{"3306/tcp":[{"HostIp":"0.0.0.0","HostPort":"49160"},{"HostIp":"::","HostPort":"49160"}],"33060/tcp":null},"SandboxKey":"/var/run/docker/netns/d9de8570fe3f","SecondaryIPAddresses":null,"SecondaryIPv6Addresses":null,"EndpointID":"93e8fe159f683a98670e8995677c2b130dbce857fc116679206e206bda319cbf","Gateway":"172.17.0.1","GlobalIPv6Address":"","GlobalIPv6PrefixLen":0,"IPAddress":"172.17.0.3","IPPrefixLen":16,"IPv6Gateway":"","MacAddress":"02:42:ac:11:00:03","Networks":{"bridge":{"IPAMConfig":null,"Links":null,"Aliases":null,"NetworkID":"1853cd2b9856825cc97ed9ef2b12efa82d95bf9cf60ad666c276eb35cc53539e","EndpointID":"93e8fe159f683a98670e8995677c2b130dbce857fc116679206e206bda319cbf","Gateway":"172.17.0.1","IPAddress":"172.17.0.3","IPPrefixLen":16,"IPv6Gateway":"","GlobalIPv6Address":"","GlobalIPv6PrefixLen":0,"MacAddress":"02:42:ac:11:00:03","DriverOpts":null}}}}[\n]"
03:32:54.396 [main] DEBUG com.github.dockerjava.zerodep.shaded.org.apache.hc.client5.http.wire - http-outgoing-2 << "[\r][\n]"
03:32:54.396 [main] DEBUG com.github.dockerjava.zerodep.shaded.org.apache.hc.client5.http.wire - http-outgoing-2 << "0[\r][\n]"
03:32:54.396 [main] DEBUG com.github.dockerjava.zerodep.shaded.org.apache.hc.client5.http.wire - http-outgoing-2 << "[\r][\n]"
03:32:54.396 [main] DEBUG com.github.dockerjava.zerodep.shaded.org.apache.hc.client5.http.headers - http-outgoing-2 << HTTP/1.1 200 OK
03:32:54.396 [main] DEBUG com.github.dockerjava.zerodep.shaded.org.apache.hc.client5.http.headers - http-outgoing-2 << Api-Version: 1.41
03:32:54.396 [main] DEBUG com.github.dockerjava.zerodep.shaded.org.apache.hc.client5.http.headers - http-outgoing-2 << Content-Type: application/json
03:32:54.396 [main] DEBUG com.github.dockerjava.zerodep.shaded.org.apache.hc.client5.http.headers - http-outgoing-2 << Docker-Experimental: false
03:32:54.396 [main] DEBUG com.github.dockerjava.zerodep.shaded.org.apache.hc.client5.http.headers - http-outgoing-2 << Ostype: linux
03:32:54.396 [main] DEBUG com.github.dockerjava.zerodep.shaded.org.apache.hc.client5.http.headers - http-outgoing-2 << Server: Docker/20.10.12 (linux)
03:32:54.396 [main] DEBUG com.github.dockerjava.zerodep.shaded.org.apache.hc.client5.http.headers - http-outgoing-2 << Date: Thu, 23 Jun 2022 02:32:54 GMT
03:32:54.396 [main] DEBUG com.github.dockerjava.zerodep.shaded.org.apache.hc.client5.http.headers - http-outgoing-2 << Transfer-Encoding: chunked
03:32:54.396 [main] DEBUG com.github.dockerjava.zerodep.shaded.org.apache.hc.client5.http.impl.classic.MainClientExec - ex-00000049: connection can be kept alive for 3 MINUTES
03:32:54.397 [main] DEBUG com.github.dockerjava.zerodep.shaded.org.apache.hc.client5.http.impl.classic.InternalHttpClient - ep-00000048: releasing valid endpoint
03:32:54.397 [main] DEBUG com.github.dockerjava.zerodep.shaded.org.apache.hc.client5.http.impl.io.PoolingHttpClientConnectionManager - ep-00000048: releasing endpoint
03:32:54.397 [main] DEBUG com.github.dockerjava.zerodep.shaded.org.apache.hc.client5.http.impl.io.PoolingHttpClientConnectionManager - ep-00000048: connection http-outgoing-2 can be kept alive for 3 MINUTES
03:32:54.397 [main] DEBUG com.github.dockerjava.zerodep.shaded.org.apache.hc.client5.http.impl.io.PoolingHttpClientConnectionManager - ep-00000048: connection released [route: {}->unix://localhost:2375][total available: 1; route allocated: 1 of 2147483647; total allocated: 1 of 2147483647]
03:32:54.397 [main] DEBUG 🐳 [mysql:8.0] - Trying to create JDBC connection using com.mysql.cj.jdbc.Driver to jdbc:mysql://localhost:49160/test?useSSL=false&allowPublicKeyRetrieval=true with properties: {password=admin, user=admin}
03:32:54.498 [main] DEBUG org.testcontainers.shaded.com.github.dockerjava.core.command.AbstrDockerCmd - Cmd: 9691e31891711283f4d98263d11bc6156717d3e75a0b86a23f3b128a992c1f38,false
03:32:54.499 [main] DEBUG org.testcontainers.shaded.com.github.dockerjava.core.exec.InspectContainerCmdExec - GET: DefaultWebTarget{path=[/containers/9691e31891711283f4d98263d11bc6156717d3e75a0b86a23f3b128a992c1f38/json], queryParams={}}
03:32:54.499 [main] DEBUG com.github.dockerjava.zerodep.shaded.org.apache.hc.client5.http.impl.classic.InternalHttpClient - ex-0000004A: preparing request execution
03:32:54.499 [main] DEBUG com.github.dockerjava.zerodep.shaded.org.apache.hc.client5.http.protocol.RequestAddCookies - Cookie spec selected: strict
03:32:54.499 [main] DEBUG com.github.dockerjava.zerodep.shaded.org.apache.hc.client5.http.protocol.RequestAuthCache - Auth cache not set in the context
03:32:54.499 [main] DEBUG com.github.dockerjava.zerodep.shaded.org.apache.hc.client5.http.impl.classic.ProtocolExec - ex-0000004A: target auth state: UNCHALLENGED
03:32:54.499 [main] DEBUG com.github.dockerjava.zerodep.shaded.org.apache.hc.client5.http.impl.classic.ProtocolExec - ex-0000004A: proxy auth state: UNCHALLENGED
03:32:54.499 [main] DEBUG com.github.dockerjava.zerodep.shaded.org.apache.hc.client5.http.impl.classic.ConnectExec - ex-0000004A: acquiring connection with route {}->unix://localhost:2375
03:32:54.499 [main] DEBUG com.github.dockerjava.zerodep.shaded.org.apache.hc.client5.http.impl.classic.InternalHttpClient - ex-0000004A: acquiring endpoint (3 MINUTES)
03:32:54.499 [main] DEBUG com.github.dockerjava.zerodep.shaded.org.apache.hc.client5.http.impl.io.PoolingHttpClientConnectionManager - ex-0000004A: endpoint lease request (3 MINUTES) [route: {}->unix://localhost:2375][total available: 1; route allocated: 1 of 2147483647; total allocated: 1 of 2147483647]
03:32:54.499 [main] DEBUG com.github.dockerjava.zerodep.shaded.org.apache.hc.client5.http.impl.io.PoolingHttpClientConnectionManager - ex-0000004A: endpoint leased [route: {}->unix://localhost:2375][total available: 0; route allocated: 1 of 2147483647; total allocated: 1 of 2147483647]
03:32:54.499 [main] DEBUG com.github.dockerjava.zerodep.shaded.org.apache.hc.client5.http.impl.io.PoolingHttpClientConnectionManager - ex-0000004A: acquired ep-00000049
03:32:54.499 [main] DEBUG com.github.dockerjava.zerodep.shaded.org.apache.hc.client5.http.impl.classic.InternalHttpClient - ex-0000004A: acquired endpoint ep-00000049
03:32:54.499 [main] DEBUG com.github.dockerjava.zerodep.shaded.org.apache.hc.client5.http.impl.classic.MainClientExec - ex-0000004A: executing GET /v1.32/containers/9691e31891711283f4d98263d11bc6156717d3e75a0b86a23f3b128a992c1f38/json HTTP/1.1
03:32:54.499 [main] DEBUG com.github.dockerjava.zerodep.shaded.org.apache.hc.client5.http.impl.classic.InternalHttpClient - ep-00000049: start execution ex-0000004A
03:32:54.499 [main] DEBUG com.github.dockerjava.zerodep.shaded.org.apache.hc.client5.http.impl.io.PoolingHttpClientConnectionManager - ep-00000049: executing exchange ex-0000004A over http-outgoing-2
03:32:54.500 [main] DEBUG com.github.dockerjava.zerodep.shaded.org.apache.hc.client5.http.headers - http-outgoing-2 >> GET /v1.32/containers/9691e31891711283f4d98263d11bc6156717d3e75a0b86a23f3b128a992c1f38/json HTTP/1.1
03:32:54.500 [main] DEBUG com.github.dockerjava.zerodep.shaded.org.apache.hc.client5.http.headers - http-outgoing-2 >> accept: application/json
03:32:54.500 [main] DEBUG com.github.dockerjava.zerodep.shaded.org.apache.hc.client5.http.headers - http-outgoing-2 >> Accept-Encoding: gzip, x-gzip, deflate
03:32:54.500 [main] DEBUG com.github.dockerjava.zerodep.shaded.org.apache.hc.client5.http.headers - http-outgoing-2 >> Host: localhost:2375
03:32:54.500 [main] DEBUG com.github.dockerjava.zerodep.shaded.org.apache.hc.client5.http.headers - http-outgoing-2 >> Connection: keep-alive
03:32:54.500 [main] DEBUG com.github.dockerjava.zerodep.shaded.org.apache.hc.client5.http.headers - http-outgoing-2 >> User-Agent: Apache-HttpClient/5.0.3 (Java/11.0.15)
03:32:54.500 [main] DEBUG com.github.dockerjava.zerodep.shaded.org.apache.hc.client5.http.wire - http-outgoing-2 >> "GET /v1.32/containers/9691e31891711283f4d98263d11bc6156717d3e75a0b86a23f3b128a992c1f38/json HTTP/1.1[\r][\n]"
03:32:54.500 [main] DEBUG com.github.dockerjava.zerodep.shaded.org.apache.hc.client5.http.wire - http-outgoing-2 >> "accept: application/json[\r][\n]"
03:32:54.500 [main] DEBUG com.github.dockerjava.zerodep.shaded.org.apache.hc.client5.http.wire - http-outgoing-2 >> "Accept-Encoding: gzip, x-gzip, deflate[\r][\n]"
03:32:54.500 [main] DEBUG com.github.dockerjava.zerodep.shaded.org.apache.hc.client5.http.wire - http-outgoing-2 >> "Host: localhost:2375[\r][\n]"
03:32:54.500 [main] DEBUG com.github.dockerjava.zerodep.shaded.org.apache.hc.client5.http.wire - http-outgoing-2 >> "Connection: keep-alive[\r][\n]"
03:32:54.500 [main] DEBUG com.github.dockerjava.zerodep.shaded.org.apache.hc.client5.http.wire - http-outgoing-2 >> "User-Agent: Apache-HttpClient/5.0.3 (Java/11.0.15)[\r][\n]"
03:32:54.500 [main] DEBUG com.github.dockerjava.zerodep.shaded.org.apache.hc.client5.http.wire - http-outgoing-2 >> "[\r][\n]"
03:32:54.502 [main] DEBUG com.github.dockerjava.zerodep.shaded.org.apache.hc.client5.http.wire - http-outgoing-2 << "HTTP/1.1 200 OK[\r][\n]"
03:32:54.502 [main] DEBUG com.github.dockerjava.zerodep.shaded.org.apache.hc.client5.http.wire - http-outgoing-2 << "Api-Version: 1.41[\r][\n]"
03:32:54.502 [main] DEBUG com.github.dockerjava.zerodep.shaded.org.apache.hc.client5.http.wire - http-outgoing-2 << "Content-Type: application/json[\r][\n]"
03:32:54.502 [main] DEBUG com.github.dockerjava.zerodep.shaded.org.apache.hc.client5.http.wire - http-outgoing-2 << "Docker-Experimental: false[\r][\n]"
03:32:54.502 [main] DEBUG com.github.dockerjava.zerodep.shaded.org.apache.hc.client5.http.wire - http-outgoing-2 << "Ostype: linux[\r][\n]"
03:32:54.502 [main] DEBUG com.github.dockerjava.zerodep.shaded.org.apache.hc.client5.http.wire - http-outgoing-2 << "Server: Docker/20.10.12 (linux)[\r][\n]"
03:32:54.502 [main] DEBUG com.github.dockerjava.zerodep.shaded.org.apache.hc.client5.http.wire - http-outgoing-2 << "Date: Thu, 23 Jun 2022 02:32:54 GMT[\r][\n]"
03:32:54.502 [main] DEBUG com.github.dockerjava.zerodep.shaded.org.apache.hc.client5.http.wire - http-outgoing-2 << "Transfer-Encoding: chunked[\r][\n]"
03:32:54.502 [main] DEBUG com.github.dockerjava.zerodep.shaded.org.apache.hc.client5.http.wire - http-outgoing-2 << "[\r][\n]"
03:32:54.502 [main] DEBUG com.github.dockerjava.zerodep.shaded.org.apache.hc.client5.http.wire - http-outgoing-2 << "18ed[\r][\n]"
03:32:54.502 [main] DEBUG com.github.dockerjava.zerodep.shaded.org.apache.hc.client5.http.wire - http-outgoing-2 << "{"Id":"9691e31891711283f4d98263d11bc6156717d3e75a0b86a23f3b128a992c1f38","Created":"2022-06-23T02:32:47.03956921Z","Path":"docker-entrypoint.sh","Args":["mysqld"],"State":{"Status":"running","Running":true,"Paused":false,"Restarting":false,"OOMKilled":false,"Dead":false,"Pid":66188,"ExitCode":0,"Error":"","StartedAt":"2022-06-23T02:32:47.703880551Z","FinishedAt":"0001-01-01T00:00:00Z"},"Image":"sha256:65b636d5542b73254ce90cc4b895597dc1adc2c661ca553c38eda159979dded1","ResolvConfPath":"/var/lib/docker/containers/9691e31891711283f4d98263d11bc6156717d3e75a0b86a23f3b128a992c1f38/resolv.conf","HostnamePath":"/var/lib/docker/containers/9691e31891711283f4d98263d11bc6156717d3e75a0b86a23f3b128a992c1f38/hostname","HostsPath":"/var/lib/docker/containers/9691e31891711283f4d98263d11bc6156717d3e75a0b86a23f3b128a992c1f38/hosts","LogPath":"/var/lib/docker/containers/9691e31891711283f4d98263d11bc6156717d3e75a0b86a23f3b128a992c1f38/9691e31891711283f4d98263d11bc6156717d3e75a0b86a23f3b128a992c1f38-json.log","Name":"/xenodochial_satoshi","RestartCount":0,"Driver":"overlay2","Platform":"linux","MountLabel":"","ProcessLabel":"","AppArmorProfile":"docker-default","ExecIDs":null,"HostConfig":{"Binds":[],"ContainerIDFile":"","LogConfig":{"Type":"json-file","Config":{}},"NetworkMode":"default","PortBindings":{"3306/tcp":[{"HostIp":"","HostPort":""}]},"RestartPolicy":{"Name":"","MaximumRetryCount":0},"AutoRemove":false,"VolumeDriver":"","VolumesFrom":[],"CapAdd":null,"CapDrop":null,"CgroupnsMode":"host","Dns":null,"DnsOptions":null,"DnsSearch":null,"ExtraHosts":[],"GroupAdd":null,"IpcMode":"shareable","Cgroup":"","Links":null,"OomScoreAdj":0,"PidMode":"","Privileged":false,"PublishAllPorts":false,"ReadonlyRootfs":false,"SecurityOpt":null,"UTSMode":"","UsernsMode":"","ShmSize":67108864,"Runtime":"runc","ConsoleSize":[0,0],"Isolation":"","CpuShares":0,"Memory":0,"NanoCpus":0,"CgroupParent":"","BlkioWeight":0,"BlkioWeightDevice":null,"BlkioDeviceReadBps":null,"BlkioDeviceWriteBps":null,"BlkioDeviceReadIOps":null,"BlkioDeviceWriteIOps":null,"CpuPeriod":0,"CpuQuota":0,"CpuRealtimePeriod":0,"CpuRealtimeRuntime":0,"CpusetCpus":"","CpusetMems":"","Devices":null,"DeviceCgroupRules":null,"DeviceRequests":null,"KernelMemory":0,"KernelMemoryTCP":0,"MemoryReservation":0,"MemorySwap":0,"MemorySwappiness":null,"OomKillDisable":false,"PidsLimit":null,"Ulimits":null,"CpuCount":0,"CpuPercent":0,"IOMaximumIOps":0,"IOMaximumBandwidth":0,"MaskedPaths":["/proc/asound","/proc/acpi","/proc/kcore","/proc/keys","/proc/latency_stats","/proc/timer_list","/proc/timer_stats","/proc/sched_debug","/proc/scsi","/sys/firmware"],"ReadonlyPaths":["/proc/bus","/proc/fs","/proc/irq","/proc/sys","/proc/sysrq-trigger"]},"GraphDriver":{"Data":{"LowerDir":"/var/lib/docker/overlay2/5529564f52cf969e31e7a1482c27be7ffed19639b506ae2e15b7e7115f699a73-init/diff:/var/lib/docker/overlay2/833a665819b5d9728d3efa7c33135034345a24f83af53b1a1af33d9b64f5492a/diff:/var/lib/docker/overlay2/bd4a2a46c227c2f15475b08c398f37acaab93f4fdba31de015d730efae0a0cfc/diff:/var/lib/docker/overlay2/31ad437d7cba8e64428a2b62db1bbb2a2ec19ca4e439ec493ef4deb50dce2783/diff:/var/lib/docker/overlay2/35173cbd8ec5b88a8888e9abbe75f8694f5d3f96a9b781bb70dc1f0889685741/diff:/var/lib/docker/overlay2/24bf69ac4e8c81062fee44e7c9f746fffbb139c3f7f4b55b4fd1b23bb101b529/diff:/var/lib/docker/overlay2/2f27c96a7775dad186b6f0da325d5a251c80aa1b7f80cf8520f493c5154aee70/diff:/var/lib/docker/overlay2/463a60088c72ddbea82639ded15801e35a79c443f6a26bf1baf320c683cb06af/diff:/var/lib/docker/overlay2/80b8224b23a2ee4b5be635c58ae579fd1913aa95558cd66ab2f5e8430f00a5b8/diff:/var/lib/docker/overlay2/20451fa0b1a07b85d665bc3a0359d721ce4e4c28fa3bce7456ab25e0babae708/diff:/var/lib/docker/overlay2/f80d865cbc6c1c6f57d0963fa6234e7a6409e079eb17f4f13ca41d02731701ad/diff:/var/lib/docker/overlay2/5a3029e0b57c6ec9b985871ff6adf08356aaa0f2a15f1e34c1a7f116ecc4a61d/diff:/var/lib/docker/overlay2/4f3423103248d0b381a1bc6a7287e2b42313ff458cea602a02b7379014b03e0e/diff","MergedDir":"/var/lib/docker/overlay2/5529564f52cf969e31e7a1482c27be7ffed19639b506ae2e15b7e7115f699a73/merged","UpperDir":"/var/lib/docker/overlay2/5529564f52cf969e31e7a1482c27be7ffed19639b506ae2e15b7e7115f699a73/diff","WorkDir":"/var/lib/docker/overlay2/5529564f52cf969e31e7a1482c27be7ffed19639b506ae2e15b7e7115f699a73/work"},"Name":"overlay2"},"Mounts":[{"Type":"volume","Name":"fd1f613c7fe3ca3ae799982507ac3f565cc9f6a2dc99ceaed92389e2c43f47d1","Source":"/var/lib/docker/volumes/fd1f613c7fe3ca3ae799982507ac3f565cc9f6a2dc99ceaed92389e2c43f47d1/_data","Destination":"/var/lib/mysql","Driver":"local","Mode":"","RW":true,"Propagation":""}],"Config":{"Hostname":"9691e3189171","Domainname":"","User":"","AttachStdin":false,"AttachStdout":false,"AttachStderr":false,"ExposedPorts":{"3306/tcp":{},"33060/tcp":{}},"Tty":false,"OpenStdin":false,"StdinOnce":false,"Env":["MYSQL_DATABASE=test","MYSQL_PASSWORD=admin","MYSQL_USER=admin","MYSQL_ROOT_PASSWORD=admin","PATH=/usr/local/sbin:/usr/local/bin:/usr/sbin:/usr/bin:/sbin:/bin","GOSU_VERSION=1.14","MYSQL_MAJOR=8.0","MYSQL_VERSION=8.0.29-1debian10"],"Cmd":["mysqld"],"Image":"mysql:8.0","Volumes":{"/var/lib/mysql":{}},"WorkingDir":"","Entrypoint":["docker-entrypoint.sh"],"OnBuild":null,"Labels":{"org.testcontainers":"true","org.testcontainers.sessionId":"d48265e4-2b28-4f8c-aa67-76dd8289af84"}},"NetworkSettings":{"Bridge":"","SandboxID":"d9de8570fe3f0a4e9f3a1ff7101c963bbd2c6a0a9d8a867b96f17f4d5edca537","HairpinMode":false,"LinkLocalIPv6Address":"","LinkLocalIPv6PrefixLen":0,"Ports":{"3306/tcp":[{"HostIp":"0.0.0.0","HostPort":"49160"},{"HostIp":"::","HostPort":"49160"}],"33060/tcp":null},"SandboxKey":"/var/run/docker/netns/d9de8570fe3f","SecondaryIPAddresses":null,"SecondaryIPv6Addresses":null,"EndpointID":"93e8fe159f683a98670e8995677c2b130dbce857fc116679206e206bda319cbf","Gateway":"172.17.0.1","GlobalIPv6Address":"","GlobalIPv6PrefixLen":0,"IPAddress":"172.17.0.3","IPPrefixLen":16,"IPv6Gateway":"","MacAddress":"02:42:ac:11:00:03","Networks":{"bridge":{"IPAMConfig":null,"Links":null,"Aliases":null,"NetworkID":"1853cd2b9856825cc97ed9ef2b12efa82d95bf9cf60ad666c276eb35cc53539e","EndpointID":"93e8fe159f683a98670e8995677c2b130dbce857fc116679206e206bda319cbf","Gateway":"172.17.0.1","IPAddress":"172.17.0.3","IPPrefixLen":16,"IPv6Gateway":"","GlobalIPv6Address":"","GlobalIPv6PrefixLen":0,"MacAddress":"02:42:ac:11:00:03","DriverOpts":null}}}}[\n]"
03:32:54.502 [main] DEBUG com.github.dockerjava.zerodep.shaded.org.apache.hc.client5.http.wire - http-outgoing-2 << "[\r][\n]"
03:32:54.502 [main] DEBUG com.github.dockerjava.zerodep.shaded.org.apache.hc.client5.http.wire - http-outgoing-2 << "0[\r][\n]"
03:32:54.502 [main] DEBUG com.github.dockerjava.zerodep.shaded.org.apache.hc.client5.http.wire - http-outgoing-2 << "[\r][\n]"
03:32:54.502 [main] DEBUG com.github.dockerjava.zerodep.shaded.org.apache.hc.client5.http.headers - http-outgoing-2 << HTTP/1.1 200 OK
03:32:54.502 [main] DEBUG com.github.dockerjava.zerodep.shaded.org.apache.hc.client5.http.headers - http-outgoing-2 << Api-Version: 1.41
03:32:54.502 [main] DEBUG com.github.dockerjava.zerodep.shaded.org.apache.hc.client5.http.headers - http-outgoing-2 << Content-Type: application/json
03:32:54.502 [main] DEBUG com.github.dockerjava.zerodep.shaded.org.apache.hc.client5.http.headers - http-outgoing-2 << Docker-Experimental: false
03:32:54.502 [main] DEBUG com.github.dockerjava.zerodep.shaded.org.apache.hc.client5.http.headers - http-outgoing-2 << Ostype: linux
03:32:54.502 [main] DEBUG com.github.dockerjava.zerodep.shaded.org.apache.hc.client5.http.headers - http-outgoing-2 << Server: Docker/20.10.12 (linux)
03:32:54.502 [main] DEBUG com.github.dockerjava.zerodep.shaded.org.apache.hc.client5.http.headers - http-outgoing-2 << Date: Thu, 23 Jun 2022 02:32:54 GMT
03:32:54.502 [main] DEBUG com.github.dockerjava.zerodep.shaded.org.apache.hc.client5.http.headers - http-outgoing-2 << Transfer-Encoding: chunked
03:32:54.503 [main] DEBUG com.github.dockerjava.zerodep.shaded.org.apache.hc.client5.http.impl.classic.MainClientExec - ex-0000004A: connection can be kept alive for 3 MINUTES
03:32:54.504 [main] DEBUG com.github.dockerjava.zerodep.shaded.org.apache.hc.client5.http.impl.classic.InternalHttpClient - ep-00000049: releasing valid endpoint
03:32:54.504 [main] DEBUG com.github.dockerjava.zerodep.shaded.org.apache.hc.client5.http.impl.io.PoolingHttpClientConnectionManager - ep-00000049: releasing endpoint
03:32:54.504 [main] DEBUG com.github.dockerjava.zerodep.shaded.org.apache.hc.client5.http.impl.io.PoolingHttpClientConnectionManager - ep-00000049: connection http-outgoing-2 can be kept alive for 3 MINUTES
03:32:54.504 [main] DEBUG com.github.dockerjava.zerodep.shaded.org.apache.hc.client5.http.impl.io.PoolingHttpClientConnectionManager - ep-00000049: connection released [route: {}->unix://localhost:2375][total available: 1; route allocated: 1 of 2147483647; total allocated: 1 of 2147483647]
03:32:54.505 [main] DEBUG 🐳 [mysql:8.0] - Trying to create JDBC connection using com.mysql.cj.jdbc.Driver to jdbc:mysql://localhost:49160/test?useSSL=false&allowPublicKeyRetrieval=true with properties: {password=admin, user=admin}
03:32:54.607 [main] DEBUG org.testcontainers.shaded.com.github.dockerjava.core.command.AbstrDockerCmd - Cmd: 9691e31891711283f4d98263d11bc6156717d3e75a0b86a23f3b128a992c1f38,false
03:32:54.607 [main] DEBUG org.testcontainers.shaded.com.github.dockerjava.core.exec.InspectContainerCmdExec - GET: DefaultWebTarget{path=[/containers/9691e31891711283f4d98263d11bc6156717d3e75a0b86a23f3b128a992c1f38/json], queryParams={}}
03:32:54.608 [main] DEBUG com.github.dockerjava.zerodep.shaded.org.apache.hc.client5.http.impl.classic.InternalHttpClient - ex-0000004B: preparing request execution
03:32:54.608 [main] DEBUG com.github.dockerjava.zerodep.shaded.org.apache.hc.client5.http.protocol.RequestAddCookies - Cookie spec selected: strict
03:32:54.608 [main] DEBUG com.github.dockerjava.zerodep.shaded.org.apache.hc.client5.http.protocol.RequestAuthCache - Auth cache not set in the context
03:32:54.608 [main] DEBUG com.github.dockerjava.zerodep.shaded.org.apache.hc.client5.http.impl.classic.ProtocolExec - ex-0000004B: target auth state: UNCHALLENGED
03:32:54.608 [main] DEBUG com.github.dockerjava.zerodep.shaded.org.apache.hc.client5.http.impl.classic.ProtocolExec - ex-0000004B: proxy auth state: UNCHALLENGED
03:32:54.608 [main] DEBUG com.github.dockerjava.zerodep.shaded.org.apache.hc.client5.http.impl.classic.ConnectExec - ex-0000004B: acquiring connection with route {}->unix://localhost:2375
03:32:54.608 [main] DEBUG com.github.dockerjava.zerodep.shaded.org.apache.hc.client5.http.impl.classic.InternalHttpClient - ex-0000004B: acquiring endpoint (3 MINUTES)
03:32:54.609 [main] DEBUG com.github.dockerjava.zerodep.shaded.org.apache.hc.client5.http.impl.io.PoolingHttpClientConnectionManager - ex-0000004B: endpoint lease request (3 MINUTES) [route: {}->unix://localhost:2375][total available: 1; route allocated: 1 of 2147483647; total allocated: 1 of 2147483647]
03:32:54.609 [main] DEBUG com.github.dockerjava.zerodep.shaded.org.apache.hc.client5.http.impl.io.PoolingHttpClientConnectionManager - ex-0000004B: endpoint leased [route: {}->unix://localhost:2375][total available: 0; route allocated: 1 of 2147483647; total allocated: 1 of 2147483647]
03:32:54.609 [main] DEBUG com.github.dockerjava.zerodep.shaded.org.apache.hc.client5.http.impl.io.PoolingHttpClientConnectionManager - ex-0000004B: acquired ep-0000004A
03:32:54.609 [main] DEBUG com.github.dockerjava.zerodep.shaded.org.apache.hc.client5.http.impl.classic.InternalHttpClient - ex-0000004B: acquired endpoint ep-0000004A
03:32:54.609 [main] DEBUG com.github.dockerjava.zerodep.shaded.org.apache.hc.client5.http.impl.classic.MainClientExec - ex-0000004B: executing GET /v1.32/containers/9691e31891711283f4d98263d11bc6156717d3e75a0b86a23f3b128a992c1f38/json HTTP/1.1
03:32:54.609 [main] DEBUG com.github.dockerjava.zerodep.shaded.org.apache.hc.client5.http.impl.classic.InternalHttpClient - ep-0000004A: start execution ex-0000004B
03:32:54.609 [main] DEBUG com.github.dockerjava.zerodep.shaded.org.apache.hc.client5.http.impl.io.PoolingHttpClientConnectionManager - ep-0000004A: executing exchange ex-0000004B over http-outgoing-2
03:32:54.609 [main] DEBUG com.github.dockerjava.zerodep.shaded.org.apache.hc.client5.http.headers - http-outgoing-2 >> GET /v1.32/containers/9691e31891711283f4d98263d11bc6156717d3e75a0b86a23f3b128a992c1f38/json HTTP/1.1
03:32:54.609 [main] DEBUG com.github.dockerjava.zerodep.shaded.org.apache.hc.client5.http.headers - http-outgoing-2 >> accept: application/json
03:32:54.609 [main] DEBUG com.github.dockerjava.zerodep.shaded.org.apache.hc.client5.http.headers - http-outgoing-2 >> Accept-Encoding: gzip, x-gzip, deflate
03:32:54.609 [main] DEBUG com.github.dockerjava.zerodep.shaded.org.apache.hc.client5.http.headers - http-outgoing-2 >> Host: localhost:2375
03:32:54.609 [main] DEBUG com.github.dockerjava.zerodep.shaded.org.apache.hc.client5.http.headers - http-outgoing-2 >> Connection: keep-alive
03:32:54.609 [main] DEBUG com.github.dockerjava.zerodep.shaded.org.apache.hc.client5.http.headers - http-outgoing-2 >> User-Agent: Apache-HttpClient/5.0.3 (Java/11.0.15)
03:32:54.609 [main] DEBUG com.github.dockerjava.zerodep.shaded.org.apache.hc.client5.http.wire - http-outgoing-2 >> "GET /v1.32/containers/9691e31891711283f4d98263d11bc6156717d3e75a0b86a23f3b128a992c1f38/json HTTP/1.1[\r][\n]"
03:32:54.609 [main] DEBUG com.github.dockerjava.zerodep.shaded.org.apache.hc.client5.http.wire - http-outgoing-2 >> "accept: application/json[\r][\n]"
03:32:54.609 [main] DEBUG com.github.dockerjava.zerodep.shaded.org.apache.hc.client5.http.wire - http-outgoing-2 >> "Accept-Encoding: gzip, x-gzip, deflate[\r][\n]"
03:32:54.609 [main] DEBUG com.github.dockerjava.zerodep.shaded.org.apache.hc.client5.http.wire - http-outgoing-2 >> "Host: localhost:2375[\r][\n]"
03:32:54.609 [main] DEBUG com.github.dockerjava.zerodep.shaded.org.apache.hc.client5.http.wire - http-outgoing-2 >> "Connection: keep-alive[\r][\n]"
03:32:54.609 [main] DEBUG com.github.dockerjava.zerodep.shaded.org.apache.hc.client5.http.wire - http-outgoing-2 >> "User-Agent: Apache-HttpClient/5.0.3 (Java/11.0.15)[\r][\n]"
03:32:54.609 [main] DEBUG com.github.dockerjava.zerodep.shaded.org.apache.hc.client5.http.wire - http-outgoing-2 >> "[\r][\n]"
03:32:54.610 [main] DEBUG com.github.dockerjava.zerodep.shaded.org.apache.hc.client5.http.wire - http-outgoing-2 << "HTTP/1.1 200 OK[\r][\n]"
03:32:54.610 [main] DEBUG com.github.dockerjava.zerodep.shaded.org.apache.hc.client5.http.wire - http-outgoing-2 << "Api-Version: 1.41[\r][\n]"
03:32:54.610 [main] DEBUG com.github.dockerjava.zerodep.shaded.org.apache.hc.client5.http.wire - http-outgoing-2 << "Content-Type: application/json[\r][\n]"
03:32:54.610 [main] DEBUG com.github.dockerjava.zerodep.shaded.org.apache.hc.client5.http.wire - http-outgoing-2 << "Docker-Experimental: false[\r][\n]"
03:32:54.610 [main] DEBUG com.github.dockerjava.zerodep.shaded.org.apache.hc.client5.http.wire - http-outgoing-2 << "Ostype: linux[\r][\n]"
03:32:54.610 [main] DEBUG com.github.dockerjava.zerodep.shaded.org.apache.hc.client5.http.wire - http-outgoing-2 << "Server: Docker/20.10.12 (linux)[\r][\n]"
03:32:54.610 [main] DEBUG com.github.dockerjava.zerodep.shaded.org.apache.hc.client5.http.wire - http-outgoing-2 << "Date: Thu, 23 Jun 2022 02:32:54 GMT[\r][\n]"
03:32:54.610 [main] DEBUG com.github.dockerjava.zerodep.shaded.org.apache.hc.client5.http.wire - http-outgoing-2 << "Transfer-Encoding: chunked[\r][\n]"
03:32:54.610 [main] DEBUG com.github.dockerjava.zerodep.shaded.org.apache.hc.client5.http.wire - http-outgoing-2 << "[\r][\n]"
03:32:54.610 [main] DEBUG com.github.dockerjava.zerodep.shaded.org.apache.hc.client5.http.wire - http-outgoing-2 << "18ed[\r][\n]"
03:32:54.610 [main] DEBUG com.github.dockerjava.zerodep.shaded.org.apache.hc.client5.http.wire - http-outgoing-2 << "{"Id":"9691e31891711283f4d98263d11bc6156717d3e75a0b86a23f3b128a992c1f38","Created":"2022-06-23T02:32:47.03956921Z","Path":"docker-entrypoint.sh","Args":["mysqld"],"State":{"Status":"running","Running":true,"Paused":false,"Restarting":false,"OOMKilled":false,"Dead":false,"Pid":66188,"ExitCode":0,"Error":"","StartedAt":"2022-06-23T02:32:47.703880551Z","FinishedAt":"0001-01-01T00:00:00Z"},"Image":"sha256:65b636d5542b73254ce90cc4b895597dc1adc2c661ca553c38eda159979dded1","ResolvConfPath":"/var/lib/docker/containers/9691e31891711283f4d98263d11bc6156717d3e75a0b86a23f3b128a992c1f38/resolv.conf","HostnamePath":"/var/lib/docker/containers/9691e31891711283f4d98263d11bc6156717d3e75a0b86a23f3b128a992c1f38/hostname","HostsPath":"/var/lib/docker/containers/9691e31891711283f4d98263d11bc6156717d3e75a0b86a23f3b128a992c1f38/hosts","LogPath":"/var/lib/docker/containers/9691e31891711283f4d98263d11bc6156717d3e75a0b86a23f3b128a992c1f38/9691e31891711283f4d98263d11bc6156717d3e75a0b86a23f3b128a992c1f38-json.log","Name":"/xenodochial_satoshi","RestartCount":0,"Driver":"overlay2","Platform":"linux","MountLabel":"","ProcessLabel":"","AppArmorProfile":"docker-default","ExecIDs":null,"HostConfig":{"Binds":[],"ContainerIDFile":"","LogConfig":{"Type":"json-file","Config":{}},"NetworkMode":"default","PortBindings":{"3306/tcp":[{"HostIp":"","HostPort":""}]},"RestartPolicy":{"Name":"","MaximumRetryCount":0},"AutoRemove":false,"VolumeDriver":"","VolumesFrom":[],"CapAdd":null,"CapDrop":null,"CgroupnsMode":"host","Dns":null,"DnsOptions":null,"DnsSearch":null,"ExtraHosts":[],"GroupAdd":null,"IpcMode":"shareable","Cgroup":"","Links":null,"OomScoreAdj":0,"PidMode":"","Privileged":false,"PublishAllPorts":false,"ReadonlyRootfs":false,"SecurityOpt":null,"UTSMode":"","UsernsMode":"","ShmSize":67108864,"Runtime":"runc","ConsoleSize":[0,0],"Isolation":"","CpuShares":0,"Memory":0,"NanoCpus":0,"CgroupParent":"","BlkioWeight":0,"BlkioWeightDevice":null,"BlkioDeviceReadBps":null,"BlkioDeviceWriteBps":null,"BlkioDeviceReadIOps":null,"BlkioDeviceWriteIOps":null,"CpuPeriod":0,"CpuQuota":0,"CpuRealtimePeriod":0,"CpuRealtimeRuntime":0,"CpusetCpus":"","CpusetMems":"","Devices":null,"DeviceCgroupRules":null,"DeviceRequests":null,"KernelMemory":0,"KernelMemoryTCP":0,"MemoryReservation":0,"MemorySwap":0,"MemorySwappiness":null,"OomKillDisable":false,"PidsLimit":null,"Ulimits":null,"CpuCount":0,"CpuPercent":0,"IOMaximumIOps":0,"IOMaximumBandwidth":0,"MaskedPaths":["/proc/asound","/proc/acpi","/proc/kcore","/proc/keys","/proc/latency_stats","/proc/timer_list","/proc/timer_stats","/proc/sched_debug","/proc/scsi","/sys/firmware"],"ReadonlyPaths":["/proc/bus","/proc/fs","/proc/irq","/proc/sys","/proc/sysrq-trigger"]},"GraphDriver":{"Data":{"LowerDir":"/var/lib/docker/overlay2/5529564f52cf969e31e7a1482c27be7ffed19639b506ae2e15b7e7115f699a73-init/diff:/var/lib/docker/overlay2/833a665819b5d9728d3efa7c33135034345a24f83af53b1a1af33d9b64f5492a/diff:/var/lib/docker/overlay2/bd4a2a46c227c2f15475b08c398f37acaab93f4fdba31de015d730efae0a0cfc/diff:/var/lib/docker/overlay2/31ad437d7cba8e64428a2b62db1bbb2a2ec19ca4e439ec493ef4deb50dce2783/diff:/var/lib/docker/overlay2/35173cbd8ec5b88a8888e9abbe75f8694f5d3f96a9b781bb70dc1f0889685741/diff:/var/lib/docker/overlay2/24bf69ac4e8c81062fee44e7c9f746fffbb139c3f7f4b55b4fd1b23bb101b529/diff:/var/lib/docker/overlay2/2f27c96a7775dad186b6f0da325d5a251c80aa1b7f80cf8520f493c5154aee70/diff:/var/lib/docker/overlay2/463a60088c72ddbea82639ded15801e35a79c443f6a26bf1baf320c683cb06af/diff:/var/lib/docker/overlay2/80b8224b23a2ee4b5be635c58ae579fd1913aa95558cd66ab2f5e8430f00a5b8/diff:/var/lib/docker/overlay2/20451fa0b1a07b85d665bc3a0359d721ce4e4c28fa3bce7456ab25e0babae708/diff:/var/lib/docker/overlay2/f80d865cbc6c1c6f57d0963fa6234e7a6409e079eb17f4f13ca41d02731701ad/diff:/var/lib/docker/overlay2/5a3029e0b57c6ec9b985871ff6adf08356aaa0f2a15f1e34c1a7f116ecc4a61d/diff:/var/lib/docker/overlay2/4f3423103248d0b381a1bc6a7287e2b42313ff458cea602a02b7379014b03e0e/diff","MergedDir":"/var/lib/docker/overlay2/5529564f52cf969e31e7a1482c27be7ffed19639b506ae2e15b7e7115f699a73/merged","UpperDir":"/var/lib/docker/overlay2/5529564f52cf969e31e7a1482c27be7ffed19639b506ae2e15b7e7115f699a73/diff","WorkDir":"/var/lib/docker/overlay2/5529564f52cf969e31e7a1482c27be7ffed19639b506ae2e15b7e7115f699a73/work"},"Name":"overlay2"},"Mounts":[{"Type":"volume","Name":"fd1f613c7fe3ca3ae799982507ac3f565cc9f6a2dc99ceaed92389e2c43f47d1","Source":"/var/lib/docker/volumes/fd1f613c7fe3ca3ae799982507ac3f565cc9f6a2dc99ceaed92389e2c43f47d1/_data","Destination":"/var/lib/mysql","Driver":"local","Mode":"","RW":true,"Propagation":""}],"Config":{"Hostname":"9691e3189171","Domainname":"","User":"","AttachStdin":false,"AttachStdout":false,"AttachStderr":false,"ExposedPorts":{"3306/tcp":{},"33060/tcp":{}},"Tty":false,"OpenStdin":false,"StdinOnce":false,"Env":["MYSQL_DATABASE=test","MYSQL_PASSWORD=admin","MYSQL_USER=admin","MYSQL_ROOT_PASSWORD=admin","PATH=/usr/local/sbin:/usr/local/bin:/usr/sbin:/usr/bin:/sbin:/bin","GOSU_VERSION=1.14","MYSQL_MAJOR=8.0","MYSQL_VERSION=8.0.29-1debian10"],"Cmd":["mysqld"],"Image":"mysql:8.0","Volumes":{"/var/lib/mysql":{}},"WorkingDir":"","Entrypoint":["docker-entrypoint.sh"],"OnBuild":null,"Labels":{"org.testcontainers":"true","org.testcontainers.sessionId":"d48265e4-2b28-4f8c-aa67-76dd8289af84"}},"NetworkSettings":{"Bridge":"","SandboxID":"d9de8570fe3f0a4e9f3a1ff7101c963bbd2c6a0a9d8a867b96f17f4d5edca537","HairpinMode":false,"LinkLocalIPv6Address":"","LinkLocalIPv6PrefixLen":0,"Ports":{"3306/tcp":[{"HostIp":"0.0.0.0","HostPort":"49160"},{"HostIp":"::","HostPort":"49160"}],"33060/tcp":null},"SandboxKey":"/var/run/docker/netns/d9de8570fe3f","SecondaryIPAddresses":null,"SecondaryIPv6Addresses":null,"EndpointID":"93e8fe159f683a98670e8995677c2b130dbce857fc116679206e206bda319cbf","Gateway":"172.17.0.1","GlobalIPv6Address":"","GlobalIPv6PrefixLen":0,"IPAddress":"172.17.0.3","IPPrefixLen":16,"IPv6Gateway":"","MacAddress":"02:42:ac:11:00:03","Networks":{"bridge":{"IPAMConfig":null,"Links":null,"Aliases":null,"NetworkID":"1853cd2b9856825cc97ed9ef2b12efa82d95bf9cf60ad666c276eb35cc53539e","EndpointID":"93e8fe159f683a98670e8995677c2b130dbce857fc116679206e206bda319cbf","Gateway":"172.17.0.1","IPAddress":"172.17.0.3","IPPrefixLen":16,"IPv6Gateway":"","GlobalIPv6Address":"","GlobalIPv6PrefixLen":0,"MacAddress":"02:42:ac:11:00:03","DriverOpts":null}}}}[\n]"
03:32:54.610 [main] DEBUG com.github.dockerjava.zerodep.shaded.org.apache.hc.client5.http.wire - http-outgoing-2 << "[\r][\n]"
03:32:54.610 [main] DEBUG com.github.dockerjava.zerodep.shaded.org.apache.hc.client5.http.wire - http-outgoing-2 << "0[\r][\n]"
03:32:54.610 [main] DEBUG com.github.dockerjava.zerodep.shaded.org.apache.hc.client5.http.wire - http-outgoing-2 << "[\r][\n]"
03:32:54.610 [main] DEBUG com.github.dockerjava.zerodep.shaded.org.apache.hc.client5.http.headers - http-outgoing-2 << HTTP/1.1 200 OK
03:32:54.610 [main] DEBUG com.github.dockerjava.zerodep.shaded.org.apache.hc.client5.http.headers - http-outgoing-2 << Api-Version: 1.41
03:32:54.610 [main] DEBUG com.github.dockerjava.zerodep.shaded.org.apache.hc.client5.http.headers - http-outgoing-2 << Content-Type: application/json
03:32:54.610 [main] DEBUG com.github.dockerjava.zerodep.shaded.org.apache.hc.client5.http.headers - http-outgoing-2 << Docker-Experimental: false
03:32:54.610 [main] DEBUG com.github.dockerjava.zerodep.shaded.org.apache.hc.client5.http.headers - http-outgoing-2 << Ostype: linux
03:32:54.610 [main] DEBUG com.github.dockerjava.zerodep.shaded.org.apache.hc.client5.http.headers - http-outgoing-2 << Server: Docker/20.10.12 (linux)
03:32:54.610 [main] DEBUG com.github.dockerjava.zerodep.shaded.org.apache.hc.client5.http.headers - http-outgoing-2 << Date: Thu, 23 Jun 2022 02:32:54 GMT
03:32:54.610 [main] DEBUG com.github.dockerjava.zerodep.shaded.org.apache.hc.client5.http.headers - http-outgoing-2 << Transfer-Encoding: chunked
03:32:54.610 [main] DEBUG com.github.dockerjava.zerodep.shaded.org.apache.hc.client5.http.impl.classic.MainClientExec - ex-0000004B: connection can be kept alive for 3 MINUTES
03:32:54.611 [main] DEBUG com.github.dockerjava.zerodep.shaded.org.apache.hc.client5.http.impl.classic.InternalHttpClient - ep-0000004A: releasing valid endpoint
03:32:54.611 [main] DEBUG com.github.dockerjava.zerodep.shaded.org.apache.hc.client5.http.impl.io.PoolingHttpClientConnectionManager - ep-0000004A: releasing endpoint
03:32:54.611 [main] DEBUG com.github.dockerjava.zerodep.shaded.org.apache.hc.client5.http.impl.io.PoolingHttpClientConnectionManager - ep-0000004A: connection http-outgoing-2 can be kept alive for 3 MINUTES
03:32:54.612 [main] DEBUG com.github.dockerjava.zerodep.shaded.org.apache.hc.client5.http.impl.io.PoolingHttpClientConnectionManager - ep-0000004A: connection released [route: {}->unix://localhost:2375][total available: 1; route allocated: 1 of 2147483647; total allocated: 1 of 2147483647]
03:32:54.612 [main] DEBUG 🐳 [mysql:8.0] - Trying to create JDBC connection using com.mysql.cj.jdbc.Driver to jdbc:mysql://localhost:49160/test?useSSL=false&allowPublicKeyRetrieval=true with properties: {password=admin, user=admin}
03:32:54.713 [main] DEBUG org.testcontainers.shaded.com.github.dockerjava.core.command.AbstrDockerCmd - Cmd: 9691e31891711283f4d98263d11bc6156717d3e75a0b86a23f3b128a992c1f38,false
03:32:54.714 [main] DEBUG org.testcontainers.shaded.com.github.dockerjava.core.exec.InspectContainerCmdExec - GET: DefaultWebTarget{path=[/containers/9691e31891711283f4d98263d11bc6156717d3e75a0b86a23f3b128a992c1f38/json], queryParams={}}
03:32:54.714 [main] DEBUG com.github.dockerjava.zerodep.shaded.org.apache.hc.client5.http.impl.classic.InternalHttpClient - ex-0000004C: preparing request execution
03:32:54.714 [main] DEBUG com.github.dockerjava.zerodep.shaded.org.apache.hc.client5.http.protocol.RequestAddCookies - Cookie spec selected: strict
03:32:54.715 [main] DEBUG com.github.dockerjava.zerodep.shaded.org.apache.hc.client5.http.protocol.RequestAuthCache - Auth cache not set in the context
03:32:54.715 [main] DEBUG com.github.dockerjava.zerodep.shaded.org.apache.hc.client5.http.impl.classic.ProtocolExec - ex-0000004C: target auth state: UNCHALLENGED
03:32:54.715 [main] DEBUG com.github.dockerjava.zerodep.shaded.org.apache.hc.client5.http.impl.classic.ProtocolExec - ex-0000004C: proxy auth state: UNCHALLENGED
03:32:54.715 [main] DEBUG com.github.dockerjava.zerodep.shaded.org.apache.hc.client5.http.impl.classic.ConnectExec - ex-0000004C: acquiring connection with route {}->unix://localhost:2375
03:32:54.715 [main] DEBUG com.github.dockerjava.zerodep.shaded.org.apache.hc.client5.http.impl.classic.InternalHttpClient - ex-0000004C: acquiring endpoint (3 MINUTES)
03:32:54.715 [main] DEBUG com.github.dockerjava.zerodep.shaded.org.apache.hc.client5.http.impl.io.PoolingHttpClientConnectionManager - ex-0000004C: endpoint lease request (3 MINUTES) [route: {}->unix://localhost:2375][total available: 1; route allocated: 1 of 2147483647; total allocated: 1 of 2147483647]
03:32:54.715 [main] DEBUG com.github.dockerjava.zerodep.shaded.org.apache.hc.client5.http.impl.io.PoolingHttpClientConnectionManager - ex-0000004C: endpoint leased [route: {}->unix://localhost:2375][total available: 0; route allocated: 1 of 2147483647; total allocated: 1 of 2147483647]
03:32:54.715 [main] DEBUG com.github.dockerjava.zerodep.shaded.org.apache.hc.client5.http.impl.io.PoolingHttpClientConnectionManager - ex-0000004C: acquired ep-0000004B
03:32:54.715 [main] DEBUG com.github.dockerjava.zerodep.shaded.org.apache.hc.client5.http.impl.classic.InternalHttpClient - ex-0000004C: acquired endpoint ep-0000004B
03:32:54.715 [main] DEBUG com.github.dockerjava.zerodep.shaded.org.apache.hc.client5.http.impl.classic.MainClientExec - ex-0000004C: executing GET /v1.32/containers/9691e31891711283f4d98263d11bc6156717d3e75a0b86a23f3b128a992c1f38/json HTTP/1.1
03:32:54.715 [main] DEBUG com.github.dockerjava.zerodep.shaded.org.apache.hc.client5.http.impl.classic.InternalHttpClient - ep-0000004B: start execution ex-0000004C
03:32:54.715 [main] DEBUG com.github.dockerjava.zerodep.shaded.org.apache.hc.client5.http.impl.io.PoolingHttpClientConnectionManager - ep-0000004B: executing exchange ex-0000004C over http-outgoing-2
03:32:54.716 [main] DEBUG com.github.dockerjava.zerodep.shaded.org.apache.hc.client5.http.headers - http-outgoing-2 >> GET /v1.32/containers/9691e31891711283f4d98263d11bc6156717d3e75a0b86a23f3b128a992c1f38/json HTTP/1.1
03:32:54.716 [main] DEBUG com.github.dockerjava.zerodep.shaded.org.apache.hc.client5.http.headers - http-outgoing-2 >> accept: application/json
03:32:54.716 [main] DEBUG com.github.dockerjava.zerodep.shaded.org.apache.hc.client5.http.headers - http-outgoing-2 >> Accept-Encoding: gzip, x-gzip, deflate
03:32:54.716 [main] DEBUG com.github.dockerjava.zerodep.shaded.org.apache.hc.client5.http.headers - http-outgoing-2 >> Host: localhost:2375
03:32:54.716 [main] DEBUG com.github.dockerjava.zerodep.shaded.org.apache.hc.client5.http.headers - http-outgoing-2 >> Connection: keep-alive
03:32:54.716 [main] DEBUG com.github.dockerjava.zerodep.shaded.org.apache.hc.client5.http.headers - http-outgoing-2 >> User-Agent: Apache-HttpClient/5.0.3 (Java/11.0.15)
03:32:54.716 [main] DEBUG com.github.dockerjava.zerodep.shaded.org.apache.hc.client5.http.wire - http-outgoing-2 >> "GET /v1.32/containers/9691e31891711283f4d98263d11bc6156717d3e75a0b86a23f3b128a992c1f38/json HTTP/1.1[\r][\n]"
03:32:54.716 [main] DEBUG com.github.dockerjava.zerodep.shaded.org.apache.hc.client5.http.wire - http-outgoing-2 >> "accept: application/json[\r][\n]"
03:32:54.716 [main] DEBUG com.github.dockerjava.zerodep.shaded.org.apache.hc.client5.http.wire - http-outgoing-2 >> "Accept-Encoding: gzip, x-gzip, deflate[\r][\n]"
03:32:54.716 [main] DEBUG com.github.dockerjava.zerodep.shaded.org.apache.hc.client5.http.wire - http-outgoing-2 >> "Host: localhost:2375[\r][\n]"
03:32:54.716 [main] DEBUG com.github.dockerjava.zerodep.shaded.org.apache.hc.client5.http.wire - http-outgoing-2 >> "Connection: keep-alive[\r][\n]"
03:32:54.716 [main] DEBUG com.github.dockerjava.zerodep.shaded.org.apache.hc.client5.http.wire - http-outgoing-2 >> "User-Agent: Apache-HttpClient/5.0.3 (Java/11.0.15)[\r][\n]"
03:32:54.716 [main] DEBUG com.github.dockerjava.zerodep.shaded.org.apache.hc.client5.http.wire - http-outgoing-2 >> "[\r][\n]"
03:32:54.718 [main] DEBUG com.github.dockerjava.zerodep.shaded.org.apache.hc.client5.http.wire - http-outgoing-2 << "HTTP/1.1 200 OK[\r][\n]"
03:32:54.718 [main] DEBUG com.github.dockerjava.zerodep.shaded.org.apache.hc.client5.http.wire - http-outgoing-2 << "Api-Version: 1.41[\r][\n]"
03:32:54.718 [main] DEBUG com.github.dockerjava.zerodep.shaded.org.apache.hc.client5.http.wire - http-outgoing-2 << "Content-Type: application/json[\r][\n]"
03:32:54.718 [main] DEBUG com.github.dockerjava.zerodep.shaded.org.apache.hc.client5.http.wire - http-outgoing-2 << "Docker-Experimental: false[\r][\n]"
03:32:54.718 [main] DEBUG com.github.dockerjava.zerodep.shaded.org.apache.hc.client5.http.wire - http-outgoing-2 << "Ostype: linux[\r][\n]"
03:32:54.718 [main] DEBUG com.github.dockerjava.zerodep.shaded.org.apache.hc.client5.http.wire - http-outgoing-2 << "Server: Docker/20.10.12 (linux)[\r][\n]"
03:32:54.718 [main] DEBUG com.github.dockerjava.zerodep.shaded.org.apache.hc.client5.http.wire - http-outgoing-2 << "Date: Thu, 23 Jun 2022 02:32:54 GMT[\r][\n]"
03:32:54.718 [main] DEBUG com.github.dockerjava.zerodep.shaded.org.apache.hc.client5.http.wire - http-outgoing-2 << "Transfer-Encoding: chunked[\r][\n]"
03:32:54.718 [main] DEBUG com.github.dockerjava.zerodep.shaded.org.apache.hc.client5.http.wire - http-outgoing-2 << "[\r][\n]"
03:32:54.718 [main] DEBUG com.github.dockerjava.zerodep.shaded.org.apache.hc.client5.http.wire - http-outgoing-2 << "18ed[\r][\n]"
03:32:54.718 [main] DEBUG com.github.dockerjava.zerodep.shaded.org.apache.hc.client5.http.wire - http-outgoing-2 << "{"Id":"9691e31891711283f4d98263d11bc6156717d3e75a0b86a23f3b128a992c1f38","Created":"2022-06-23T02:32:47.03956921Z","Path":"docker-entrypoint.sh","Args":["mysqld"],"State":{"Status":"running","Running":true,"Paused":false,"Restarting":false,"OOMKilled":false,"Dead":false,"Pid":66188,"ExitCode":0,"Error":"","StartedAt":"2022-06-23T02:32:47.703880551Z","FinishedAt":"0001-01-01T00:00:00Z"},"Image":"sha256:65b636d5542b73254ce90cc4b895597dc1adc2c661ca553c38eda159979dded1","ResolvConfPath":"/var/lib/docker/containers/9691e31891711283f4d98263d11bc6156717d3e75a0b86a23f3b128a992c1f38/resolv.conf","HostnamePath":"/var/lib/docker/containers/9691e31891711283f4d98263d11bc6156717d3e75a0b86a23f3b128a992c1f38/hostname","HostsPath":"/var/lib/docker/containers/9691e31891711283f4d98263d11bc6156717d3e75a0b86a23f3b128a992c1f38/hosts","LogPath":"/var/lib/docker/containers/9691e31891711283f4d98263d11bc6156717d3e75a0b86a23f3b128a992c1f38/9691e31891711283f4d98263d11bc6156717d3e75a0b86a23f3b128a992c1f38-json.log","Name":"/xenodochial_satoshi","RestartCount":0,"Driver":"overlay2","Platform":"linux","MountLabel":"","ProcessLabel":"","AppArmorProfile":"docker-default","ExecIDs":null,"HostConfig":{"Binds":[],"ContainerIDFile":"","LogConfig":{"Type":"json-file","Config":{}},"NetworkMode":"default","PortBindings":{"3306/tcp":[{"HostIp":"","HostPort":""}]},"RestartPolicy":{"Name":"","MaximumRetryCount":0},"AutoRemove":false,"VolumeDriver":"","VolumesFrom":[],"CapAdd":null,"CapDrop":null,"CgroupnsMode":"host","Dns":null,"DnsOptions":null,"DnsSearch":null,"ExtraHosts":[],"GroupAdd":null,"IpcMode":"shareable","Cgroup":"","Links":null,"OomScoreAdj":0,"PidMode":"","Privileged":false,"PublishAllPorts":false,"ReadonlyRootfs":false,"SecurityOpt":null,"UTSMode":"","UsernsMode":"","ShmSize":67108864,"Runtime":"runc","ConsoleSize":[0,0],"Isolation":"","CpuShares":0,"Memory":0,"NanoCpus":0,"CgroupParent":"","BlkioWeight":0,"BlkioWeightDevice":null,"BlkioDeviceReadBps":null,"BlkioDeviceWriteBps":null,"BlkioDeviceReadIOps":null,"BlkioDeviceWriteIOps":null,"CpuPeriod":0,"CpuQuota":0,"CpuRealtimePeriod":0,"CpuRealtimeRuntime":0,"CpusetCpus":"","CpusetMems":"","Devices":null,"DeviceCgroupRules":null,"DeviceRequests":null,"KernelMemory":0,"KernelMemoryTCP":0,"MemoryReservation":0,"MemorySwap":0,"MemorySwappiness":null,"OomKillDisable":false,"PidsLimit":null,"Ulimits":null,"CpuCount":0,"CpuPercent":0,"IOMaximumIOps":0,"IOMaximumBandwidth":0,"MaskedPaths":["/proc/asound","/proc/acpi","/proc/kcore","/proc/keys","/proc/latency_stats","/proc/timer_list","/proc/timer_stats","/proc/sched_debug","/proc/scsi","/sys/firmware"],"ReadonlyPaths":["/proc/bus","/proc/fs","/proc/irq","/proc/sys","/proc/sysrq-trigger"]},"GraphDriver":{"Data":{"LowerDir":"/var/lib/docker/overlay2/5529564f52cf969e31e7a1482c27be7ffed19639b506ae2e15b7e7115f699a73-init/diff:/var/lib/docker/overlay2/833a665819b5d9728d3efa7c33135034345a24f83af53b1a1af33d9b64f5492a/diff:/var/lib/docker/overlay2/bd4a2a46c227c2f15475b08c398f37acaab93f4fdba31de015d730efae0a0cfc/diff:/var/lib/docker/overlay2/31ad437d7cba8e64428a2b62db1bbb2a2ec19ca4e439ec493ef4deb50dce2783/diff:/var/lib/docker/overlay2/35173cbd8ec5b88a8888e9abbe75f8694f5d3f96a9b781bb70dc1f0889685741/diff:/var/lib/docker/overlay2/24bf69ac4e8c81062fee44e7c9f746fffbb139c3f7f4b55b4fd1b23bb101b529/diff:/var/lib/docker/overlay2/2f27c96a7775dad186b6f0da325d5a251c80aa1b7f80cf8520f493c5154aee70/diff:/var/lib/docker/overlay2/463a60088c72ddbea82639ded15801e35a79c443f6a26bf1baf320c683cb06af/diff:/var/lib/docker/overlay2/80b8224b23a2ee4b5be635c58ae579fd1913aa95558cd66ab2f5e8430f00a5b8/diff:/var/lib/docker/overlay2/20451fa0b1a07b85d665bc3a0359d721ce4e4c28fa3bce7456ab25e0babae708/diff:/var/lib/docker/overlay2/f80d865cbc6c1c6f57d0963fa6234e7a6409e079eb17f4f13ca41d02731701ad/diff:/var/lib/docker/overlay2/5a3029e0b57c6ec9b985871ff6adf08356aaa0f2a15f1e34c1a7f116ecc4a61d/diff:/var/lib/docker/overlay2/4f3423103248d0b381a1bc6a7287e2b42313ff458cea602a02b7379014b03e0e/diff","MergedDir":"/var/lib/docker/overlay2/5529564f52cf969e31e7a1482c27be7ffed19639b506ae2e15b7e7115f699a73/merged","UpperDir":"/var/lib/docker/overlay2/5529564f52cf969e31e7a1482c27be7ffed19639b506ae2e15b7e7115f699a73/diff","WorkDir":"/var/lib/docker/overlay2/5529564f52cf969e31e7a1482c27be7ffed19639b506ae2e15b7e7115f699a73/work"},"Name":"overlay2"},"Mounts":[{"Type":"volume","Name":"fd1f613c7fe3ca3ae799982507ac3f565cc9f6a2dc99ceaed92389e2c43f47d1","Source":"/var/lib/docker/volumes/fd1f613c7fe3ca3ae799982507ac3f565cc9f6a2dc99ceaed92389e2c43f47d1/_data","Destination":"/var/lib/mysql","Driver":"local","Mode":"","RW":true,"Propagation":""}],"Config":{"Hostname":"9691e3189171","Domainname":"","User":"","AttachStdin":false,"AttachStdout":false,"AttachStderr":false,"ExposedPorts":{"3306/tcp":{},"33060/tcp":{}},"Tty":false,"OpenStdin":false,"StdinOnce":false,"Env":["MYSQL_DATABASE=test","MYSQL_PASSWORD=admin","MYSQL_USER=admin","MYSQL_ROOT_PASSWORD=admin","PATH=/usr/local/sbin:/usr/local/bin:/usr/sbin:/usr/bin:/sbin:/bin","GOSU_VERSION=1.14","MYSQL_MAJOR=8.0","MYSQL_VERSION=8.0.29-1debian10"],"Cmd":["mysqld"],"Image":"mysql:8.0","Volumes":{"/var/lib/mysql":{}},"WorkingDir":"","Entrypoint":["docker-entrypoint.sh"],"OnBuild":null,"Labels":{"org.testcontainers":"true","org.testcontainers.sessionId":"d48265e4-2b28-4f8c-aa67-76dd8289af84"}},"NetworkSettings":{"Bridge":"","SandboxID":"d9de8570fe3f0a4e9f3a1ff7101c963bbd2c6a0a9d8a867b96f17f4d5edca537","HairpinMode":false,"LinkLocalIPv6Address":"","LinkLocalIPv6PrefixLen":0,"Ports":{"3306/tcp":[{"HostIp":"0.0.0.0","HostPort":"49160"},{"HostIp":"::","HostPort":"49160"}],"33060/tcp":null},"SandboxKey":"/var/run/docker/netns/d9de8570fe3f","SecondaryIPAddresses":null,"SecondaryIPv6Addresses":null,"EndpointID":"93e8fe159f683a98670e8995677c2b130dbce857fc116679206e206bda319cbf","Gateway":"172.17.0.1","GlobalIPv6Address":"","GlobalIPv6PrefixLen":0,"IPAddress":"172.17.0.3","IPPrefixLen":16,"IPv6Gateway":"","MacAddress":"02:42:ac:11:00:03","Networks":{"bridge":{"IPAMConfig":null,"Links":null,"Aliases":null,"NetworkID":"1853cd2b9856825cc97ed9ef2b12efa82d95bf9cf60ad666c276eb35cc53539e","EndpointID":"93e8fe159f683a98670e8995677c2b130dbce857fc116679206e206bda319cbf","Gateway":"172.17.0.1","IPAddress":"172.17.0.3","IPPrefixLen":16,"IPv6Gateway":"","GlobalIPv6Address":"","GlobalIPv6PrefixLen":0,"MacAddress":"02:42:ac:11:00:03","DriverOpts":null}}}}[\n]"
03:32:54.719 [main] DEBUG com.github.dockerjava.zerodep.shaded.org.apache.hc.client5.http.wire - http-outgoing-2 << "[\r][\n]"
03:32:54.719 [main] DEBUG com.github.dockerjava.zerodep.shaded.org.apache.hc.client5.http.wire - http-outgoing-2 << "0[\r][\n]"
03:32:54.719 [main] DEBUG com.github.dockerjava.zerodep.shaded.org.apache.hc.client5.http.wire - http-outgoing-2 << "[\r][\n]"
03:32:54.719 [main] DEBUG com.github.dockerjava.zerodep.shaded.org.apache.hc.client5.http.headers - http-outgoing-2 << HTTP/1.1 200 OK
03:32:54.719 [main] DEBUG com.github.dockerjava.zerodep.shaded.org.apache.hc.client5.http.headers - http-outgoing-2 << Api-Version: 1.41
03:32:54.719 [main] DEBUG com.github.dockerjava.zerodep.shaded.org.apache.hc.client5.http.headers - http-outgoing-2 << Content-Type: application/json
03:32:54.719 [main] DEBUG com.github.dockerjava.zerodep.shaded.org.apache.hc.client5.http.headers - http-outgoing-2 << Docker-Experimental: false
03:32:54.719 [main] DEBUG com.github.dockerjava.zerodep.shaded.org.apache.hc.client5.http.headers - http-outgoing-2 << Ostype: linux
03:32:54.719 [main] DEBUG com.github.dockerjava.zerodep.shaded.org.apache.hc.client5.http.headers - http-outgoing-2 << Server: Docker/20.10.12 (linux)
03:32:54.719 [main] DEBUG com.github.dockerjava.zerodep.shaded.org.apache.hc.client5.http.headers - http-outgoing-2 << Date: Thu, 23 Jun 2022 02:32:54 GMT
03:32:54.719 [main] DEBUG com.github.dockerjava.zerodep.shaded.org.apache.hc.client5.http.headers - http-outgoing-2 << Transfer-Encoding: chunked
03:32:54.720 [main] DEBUG com.github.dockerjava.zerodep.shaded.org.apache.hc.client5.http.impl.classic.MainClientExec - ex-0000004C: connection can be kept alive for 3 MINUTES
03:32:54.723 [main] DEBUG com.github.dockerjava.zerodep.shaded.org.apache.hc.client5.http.impl.classic.InternalHttpClient - ep-0000004B: releasing valid endpoint
03:32:54.723 [main] DEBUG com.github.dockerjava.zerodep.shaded.org.apache.hc.client5.http.impl.io.PoolingHttpClientConnectionManager - ep-0000004B: releasing endpoint
03:32:54.723 [main] DEBUG com.github.dockerjava.zerodep.shaded.org.apache.hc.client5.http.impl.io.PoolingHttpClientConnectionManager - ep-0000004B: connection http-outgoing-2 can be kept alive for 3 MINUTES
03:32:54.723 [main] DEBUG com.github.dockerjava.zerodep.shaded.org.apache.hc.client5.http.impl.io.PoolingHttpClientConnectionManager - ep-0000004B: connection released [route: {}->unix://localhost:2375][total available: 1; route allocated: 1 of 2147483647; total allocated: 1 of 2147483647]
03:32:54.724 [main] DEBUG 🐳 [mysql:8.0] - Trying to create JDBC connection using com.mysql.cj.jdbc.Driver to jdbc:mysql://localhost:49160/test?useSSL=false&allowPublicKeyRetrieval=true with properties: {password=admin, user=admin}
03:32:54.828 [main] DEBUG org.testcontainers.shaded.com.github.dockerjava.core.command.AbstrDockerCmd - Cmd: 9691e31891711283f4d98263d11bc6156717d3e75a0b86a23f3b128a992c1f38,false
03:32:54.828 [main] DEBUG org.testcontainers.shaded.com.github.dockerjava.core.exec.InspectContainerCmdExec - GET: DefaultWebTarget{path=[/containers/9691e31891711283f4d98263d11bc6156717d3e75a0b86a23f3b128a992c1f38/json], queryParams={}}
03:32:54.828 [main] DEBUG com.github.dockerjava.zerodep.shaded.org.apache.hc.client5.http.impl.classic.InternalHttpClient - ex-0000004D: preparing request execution
03:32:54.828 [main] DEBUG com.github.dockerjava.zerodep.shaded.org.apache.hc.client5.http.protocol.RequestAddCookies - Cookie spec selected: strict
03:32:54.828 [main] DEBUG com.github.dockerjava.zerodep.shaded.org.apache.hc.client5.http.protocol.RequestAuthCache - Auth cache not set in the context
03:32:54.828 [main] DEBUG com.github.dockerjava.zerodep.shaded.org.apache.hc.client5.http.impl.classic.ProtocolExec - ex-0000004D: target auth state: UNCHALLENGED
03:32:54.828 [main] DEBUG com.github.dockerjava.zerodep.shaded.org.apache.hc.client5.http.impl.classic.ProtocolExec - ex-0000004D: proxy auth state: UNCHALLENGED
03:32:54.828 [main] DEBUG com.github.dockerjava.zerodep.shaded.org.apache.hc.client5.http.impl.classic.ConnectExec - ex-0000004D: acquiring connection with route {}->unix://localhost:2375
03:32:54.828 [main] DEBUG com.github.dockerjava.zerodep.shaded.org.apache.hc.client5.http.impl.classic.InternalHttpClient - ex-0000004D: acquiring endpoint (3 MINUTES)
03:32:54.828 [main] DEBUG com.github.dockerjava.zerodep.shaded.org.apache.hc.client5.http.impl.io.PoolingHttpClientConnectionManager - ex-0000004D: endpoint lease request (3 MINUTES) [route: {}->unix://localhost:2375][total available: 1; route allocated: 1 of 2147483647; total allocated: 1 of 2147483647]
03:32:54.829 [main] DEBUG com.github.dockerjava.zerodep.shaded.org.apache.hc.client5.http.impl.io.PoolingHttpClientConnectionManager - ex-0000004D: endpoint leased [route: {}->unix://localhost:2375][total available: 0; route allocated: 1 of 2147483647; total allocated: 1 of 2147483647]
03:32:54.829 [main] DEBUG com.github.dockerjava.zerodep.shaded.org.apache.hc.client5.http.impl.io.PoolingHttpClientConnectionManager - ex-0000004D: acquired ep-0000004C
03:32:54.829 [main] DEBUG com.github.dockerjava.zerodep.shaded.org.apache.hc.client5.http.impl.classic.InternalHttpClient - ex-0000004D: acquired endpoint ep-0000004C
03:32:54.829 [main] DEBUG com.github.dockerjava.zerodep.shaded.org.apache.hc.client5.http.impl.classic.MainClientExec - ex-0000004D: executing GET /v1.32/containers/9691e31891711283f4d98263d11bc6156717d3e75a0b86a23f3b128a992c1f38/json HTTP/1.1
03:32:54.829 [main] DEBUG com.github.dockerjava.zerodep.shaded.org.apache.hc.client5.http.impl.classic.InternalHttpClient - ep-0000004C: start execution ex-0000004D
03:32:54.829 [main] DEBUG com.github.dockerjava.zerodep.shaded.org.apache.hc.client5.http.impl.io.PoolingHttpClientConnectionManager - ep-0000004C: executing exchange ex-0000004D over http-outgoing-2
03:32:54.829 [main] DEBUG com.github.dockerjava.zerodep.shaded.org.apache.hc.client5.http.headers - http-outgoing-2 >> GET /v1.32/containers/9691e31891711283f4d98263d11bc6156717d3e75a0b86a23f3b128a992c1f38/json HTTP/1.1
03:32:54.829 [main] DEBUG com.github.dockerjava.zerodep.shaded.org.apache.hc.client5.http.headers - http-outgoing-2 >> accept: application/json
03:32:54.829 [main] DEBUG com.github.dockerjava.zerodep.shaded.org.apache.hc.client5.http.headers - http-outgoing-2 >> Accept-Encoding: gzip, x-gzip, deflate
03:32:54.829 [main] DEBUG com.github.dockerjava.zerodep.shaded.org.apache.hc.client5.http.headers - http-outgoing-2 >> Host: localhost:2375
03:32:54.829 [main] DEBUG com.github.dockerjava.zerodep.shaded.org.apache.hc.client5.http.headers - http-outgoing-2 >> Connection: keep-alive
03:32:54.829 [main] DEBUG com.github.dockerjava.zerodep.shaded.org.apache.hc.client5.http.headers - http-outgoing-2 >> User-Agent: Apache-HttpClient/5.0.3 (Java/11.0.15)
03:32:54.829 [main] DEBUG com.github.dockerjava.zerodep.shaded.org.apache.hc.client5.http.wire - http-outgoing-2 >> "GET /v1.32/containers/9691e31891711283f4d98263d11bc6156717d3e75a0b86a23f3b128a992c1f38/json HTTP/1.1[\r][\n]"
03:32:54.829 [main] DEBUG com.github.dockerjava.zerodep.shaded.org.apache.hc.client5.http.wire - http-outgoing-2 >> "accept: application/json[\r][\n]"
03:32:54.829 [main] DEBUG com.github.dockerjava.zerodep.shaded.org.apache.hc.client5.http.wire - http-outgoing-2 >> "Accept-Encoding: gzip, x-gzip, deflate[\r][\n]"
03:32:54.829 [main] DEBUG com.github.dockerjava.zerodep.shaded.org.apache.hc.client5.http.wire - http-outgoing-2 >> "Host: localhost:2375[\r][\n]"
03:32:54.829 [main] DEBUG com.github.dockerjava.zerodep.shaded.org.apache.hc.client5.http.wire - http-outgoing-2 >> "Connection: keep-alive[\r][\n]"
03:32:54.829 [main] DEBUG com.github.dockerjava.zerodep.shaded.org.apache.hc.client5.http.wire - http-outgoing-2 >> "User-Agent: Apache-HttpClient/5.0.3 (Java/11.0.15)[\r][\n]"
03:32:54.829 [main] DEBUG com.github.dockerjava.zerodep.shaded.org.apache.hc.client5.http.wire - http-outgoing-2 >> "[\r][\n]"
03:32:54.829 [main] DEBUG com.github.dockerjava.zerodep.shaded.org.apache.hc.client5.http.wire - http-outgoing-2 << "HTTP/1.1 200 OK[\r][\n]"
03:32:54.829 [main] DEBUG com.github.dockerjava.zerodep.shaded.org.apache.hc.client5.http.wire - http-outgoing-2 << "Api-Version: 1.41[\r][\n]"
03:32:54.829 [main] DEBUG com.github.dockerjava.zerodep.shaded.org.apache.hc.client5.http.wire - http-outgoing-2 << "Content-Type: application/json[\r][\n]"
03:32:54.829 [main] DEBUG com.github.dockerjava.zerodep.shaded.org.apache.hc.client5.http.wire - http-outgoing-2 << "Docker-Experimental: false[\r][\n]"
03:32:54.829 [main] DEBUG com.github.dockerjava.zerodep.shaded.org.apache.hc.client5.http.wire - http-outgoing-2 << "Ostype: linux[\r][\n]"
03:32:54.829 [main] DEBUG com.github.dockerjava.zerodep.shaded.org.apache.hc.client5.http.wire - http-outgoing-2 << "Server: Docker/20.10.12 (linux)[\r][\n]"
03:32:54.829 [main] DEBUG com.github.dockerjava.zerodep.shaded.org.apache.hc.client5.http.wire - http-outgoing-2 << "Date: Thu, 23 Jun 2022 02:32:54 GMT[\r][\n]"
03:32:54.829 [main] DEBUG com.github.dockerjava.zerodep.shaded.org.apache.hc.client5.http.wire - http-outgoing-2 << "Transfer-Encoding: chunked[\r][\n]"
03:32:54.829 [main] DEBUG com.github.dockerjava.zerodep.shaded.org.apache.hc.client5.http.wire - http-outgoing-2 << "[\r][\n]"
03:32:54.829 [main] DEBUG com.github.dockerjava.zerodep.shaded.org.apache.hc.client5.http.wire - http-outgoing-2 << "18ed[\r][\n]"
03:32:54.829 [main] DEBUG com.github.dockerjava.zerodep.shaded.org.apache.hc.client5.http.wire - http-outgoing-2 << "{"Id":"9691e31891711283f4d98263d11bc6156717d3e75a0b86a23f3b128a992c1f38","Created":"2022-06-23T02:32:47.03956921Z","Path":"docker-entrypoint.sh","Args":["mysqld"],"State":{"Status":"running","Running":true,"Paused":false,"Restarting":false,"OOMKilled":false,"Dead":false,"Pid":66188,"ExitCode":0,"Error":"","StartedAt":"2022-06-23T02:32:47.703880551Z","FinishedAt":"0001-01-01T00:00:00Z"},"Image":"sha256:65b636d5542b73254ce90cc4b895597dc1adc2c661ca553c38eda159979dded1","ResolvConfPath":"/var/lib/docker/containers/9691e31891711283f4d98263d11bc6156717d3e75a0b86a23f3b128a992c1f38/resolv.conf","HostnamePath":"/var/lib/docker/containers/9691e31891711283f4d98263d11bc6156717d3e75a0b86a23f3b128a992c1f38/hostname","HostsPath":"/var/lib/docker/containers/9691e31891711283f4d98263d11bc6156717d3e75a0b86a23f3b128a992c1f38/hosts","LogPath":"/var/lib/docker/containers/9691e31891711283f4d98263d11bc6156717d3e75a0b86a23f3b128a992c1f38/9691e31891711283f4d98263d11bc6156717d3e75a0b86a23f3b128a992c1f38-json.log","Name":"/xenodochial_satoshi","RestartCount":0,"Driver":"overlay2","Platform":"linux","MountLabel":"","ProcessLabel":"","AppArmorProfile":"docker-default","ExecIDs":null,"HostConfig":{"Binds":[],"ContainerIDFile":"","LogConfig":{"Type":"json-file","Config":{}},"NetworkMode":"default","PortBindings":{"3306/tcp":[{"HostIp":"","HostPort":""}]},"RestartPolicy":{"Name":"","MaximumRetryCount":0},"AutoRemove":false,"VolumeDriver":"","VolumesFrom":[],"CapAdd":null,"CapDrop":null,"CgroupnsMode":"host","Dns":null,"DnsOptions":null,"DnsSearch":null,"ExtraHosts":[],"GroupAdd":null,"IpcMode":"shareable","Cgroup":"","Links":null,"OomScoreAdj":0,"PidMode":"","Privileged":false,"PublishAllPorts":false,"ReadonlyRootfs":false,"SecurityOpt":null,"UTSMode":"","UsernsMode":"","ShmSize":67108864,"Runtime":"runc","ConsoleSize":[0,0],"Isolation":"","CpuShares":0,"Memory":0,"NanoCpus":0,"CgroupParent":"","BlkioWeight":0,"BlkioWeightDevice":null,"BlkioDeviceReadBps":null,"BlkioDeviceWriteBps":null,"BlkioDeviceReadIOps":null,"BlkioDeviceWriteIOps":null,"CpuPeriod":0,"CpuQuota":0,"CpuRealtimePeriod":0,"CpuRealtimeRuntime":0,"CpusetCpus":"","CpusetMems":"","Devices":null,"DeviceCgroupRules":null,"DeviceRequests":null,"KernelMemory":0,"KernelMemoryTCP":0,"MemoryReservation":0,"MemorySwap":0,"MemorySwappiness":null,"OomKillDisable":false,"PidsLimit":null,"Ulimits":null,"CpuCount":0,"CpuPercent":0,"IOMaximumIOps":0,"IOMaximumBandwidth":0,"MaskedPaths":["/proc/asound","/proc/acpi","/proc/kcore","/proc/keys","/proc/latency_stats","/proc/timer_list","/proc/timer_stats","/proc/sched_debug","/proc/scsi","/sys/firmware"],"ReadonlyPaths":["/proc/bus","/proc/fs","/proc/irq","/proc/sys","/proc/sysrq-trigger"]},"GraphDriver":{"Data":{"LowerDir":"/var/lib/docker/overlay2/5529564f52cf969e31e7a1482c27be7ffed19639b506ae2e15b7e7115f699a73-init/diff:/var/lib/docker/overlay2/833a665819b5d9728d3efa7c33135034345a24f83af53b1a1af33d9b64f5492a/diff:/var/lib/docker/overlay2/bd4a2a46c227c2f15475b08c398f37acaab93f4fdba31de015d730efae0a0cfc/diff:/var/lib/docker/overlay2/31ad437d7cba8e64428a2b62db1bbb2a2ec19ca4e439ec493ef4deb50dce2783/diff:/var/lib/docker/overlay2/35173cbd8ec5b88a8888e9abbe75f8694f5d3f96a9b781bb70dc1f0889685741/diff:/var/lib/docker/overlay2/24bf69ac4e8c81062fee44e7c9f746fffbb139c3f7f4b55b4fd1b23bb101b529/diff:/var/lib/docker/overlay2/2f27c96a7775dad186b6f0da325d5a251c80aa1b7f80cf8520f493c5154aee70/diff:/var/lib/docker/overlay2/463a60088c72ddbea82639ded15801e35a79c443f6a26bf1baf320c683cb06af/diff:/var/lib/docker/overlay2/80b8224b23a2ee4b5be635c58ae579fd1913aa95558cd66ab2f5e8430f00a5b8/diff:/var/lib/docker/overlay2/20451fa0b1a07b85d665bc3a0359d721ce4e4c28fa3bce7456ab25e0babae708/diff:/var/lib/docker/overlay2/f80d865cbc6c1c6f57d0963fa6234e7a6409e079eb17f4f13ca41d02731701ad/diff:/var/lib/docker/overlay2/5a3029e0b57c6ec9b985871ff6adf08356aaa0f2a15f1e34c1a7f116ecc4a61d/dif"
03:32:54.830 [main] DEBUG com.github.dockerjava.zerodep.shaded.org.apache.hc.client5.http.headers - http-outgoing-2 << HTTP/1.1 200 OK
03:32:54.830 [main] DEBUG com.github.dockerjava.zerodep.shaded.org.apache.hc.client5.http.headers - http-outgoing-2 << Api-Version: 1.41
03:32:54.830 [main] DEBUG com.github.dockerjava.zerodep.shaded.org.apache.hc.client5.http.headers - http-outgoing-2 << Content-Type: application/json
03:32:54.830 [main] DEBUG com.github.dockerjava.zerodep.shaded.org.apache.hc.client5.http.headers - http-outgoing-2 << Docker-Experimental: false
03:32:54.830 [main] DEBUG com.github.dockerjava.zerodep.shaded.org.apache.hc.client5.http.headers - http-outgoing-2 << Ostype: linux
03:32:54.830 [main] DEBUG com.github.dockerjava.zerodep.shaded.org.apache.hc.client5.http.headers - http-outgoing-2 << Server: Docker/20.10.12 (linux)
03:32:54.830 [main] DEBUG com.github.dockerjava.zerodep.shaded.org.apache.hc.client5.http.headers - http-outgoing-2 << Date: Thu, 23 Jun 2022 02:32:54 GMT
03:32:54.830 [main] DEBUG com.github.dockerjava.zerodep.shaded.org.apache.hc.client5.http.headers - http-outgoing-2 << Transfer-Encoding: chunked
03:32:54.830 [main] DEBUG com.github.dockerjava.zerodep.shaded.org.apache.hc.client5.http.impl.classic.MainClientExec - ex-0000004D: connection can be kept alive for 3 MINUTES
03:32:54.830 [main] DEBUG com.github.dockerjava.zerodep.shaded.org.apache.hc.client5.http.wire - http-outgoing-2 << "f:/var/lib/docker/overlay2/4f3423103248d0b381a1bc6a7287e2b42313ff458cea602a02b7379014b03e0e/diff","MergedDir":"/var/lib/docker/overlay2/5529564f52cf969e31e7a1482c27be7ffed19639b506ae2e15b7e7115f699a73/merged","UpperDir":"/var/lib/docker/overlay2/5529564f52cf969e31e7a1482c27be7ffed19639b506ae2e15b7e7115f699a73/diff","WorkDir":"/var/lib/docker/overlay2/5529564f52cf969e31e7a1482c27be7ffed19639b506ae2e15b7e7115f699a73/work"},"Name":"overlay2"},"Mounts":[{"Type":"volume","Name":"fd1f613c7fe3ca3ae799982507ac3f565cc9f6a2dc99ceaed92389e2c43f47d1","Source":"/var/lib/docker/volumes/fd1f613c7fe3ca3ae799982507ac3f565cc9f6a2dc99ceaed92389e2c43f47d1/_data","Destination":"/var/lib/mysql","Driver":"local","Mode":"","RW":true,"Propagation":""}],"Config":{"Hostname":"9691e3189171","Domainname":"","User":"","AttachStdin":false,"AttachStdout":false,"AttachStderr":false,"ExposedPorts":{"3306/tcp":{},"33060/tcp":{}},"Tty":false,"OpenStdin":false,"StdinOnce":false,"Env":["MYSQL_DATABASE=test","MYSQL_PASSWORD=admin","MYSQL_USER=admin","MYSQL_ROOT_PASSWORD=admin","PATH=/usr/local/sbin:/usr/local/bin:/usr/sbin:/usr/bin:/sbin:/bin","GOSU_VERSION=1.14","MYSQL_MAJOR=8.0","MYSQL_VERSION=8.0.29-1debian10"],"Cmd":["mysqld"],"Image":"mysql:8.0","Volumes":{"/var/lib/mysql":{}},"WorkingDir":"","Entrypoint":["docker-entrypoint.sh"],"OnBuild":null,"Labels":{"org.testcontainers":"true","org.testcontainers.sessionId":"d48265e4-2b28-4f8c-aa67-76dd8289af84"}},"NetworkSettings":{"Bridge":"","SandboxID":"d9de8570fe3f0a4e9f3a1ff7101c963bbd2c6a0a9d8a867b96f17f4d5edca537","HairpinMode":false,"LinkLocalIPv6Address":"","LinkLocalIPv6PrefixLen":0,"Ports":{"3306/tcp":[{"HostIp":"0.0.0.0","HostPort":"49160"},{"HostIp":"::","HostPort":"49160"}],"33060/tcp":null},"SandboxKey":"/var/run/docker/netns/d9de8570fe3f","SecondaryIPAddresses":null,"SecondaryIPv6Addresses":null,"EndpointID":"93e8fe159f683a98670e8995677c2b130dbce857fc116679206e206bda319cbf","Gateway":"172.17.0.1","GlobalIPv6Address":"","GlobalIPv6PrefixLen":0,"IPAddress":"172.17.0.3","IPPrefixLen":16,"IPv6Gateway":"","MacAddress":"02:42:ac:11:00:03","Networks":{"bridge":{"IPAMConfig":null,"Links":null,"Aliases":null,"NetworkID":"1853cd2b9856825cc97ed9ef2b12efa82d95bf9cf60ad666c276eb35cc53539e","EndpointID":"93e8fe159f683a98670e8995677c2b130dbce857fc116679206e206bda319cbf","Gateway":"172.17.0.1","IPAddress":"172.17.0.3","IPPrefixLen":16,"IPv6Gateway":"","GlobalIPv6Address":"","GlobalIPv6PrefixLen":0,"MacAddress":"02:42:ac:11:00:03","DriverOpts":null}}}}[\n]"
03:32:54.831 [main] DEBUG com.github.dockerjava.zerodep.shaded.org.apache.hc.client5.http.wire - http-outgoing-2 << "[\r][\n]"
03:32:54.831 [main] DEBUG com.github.dockerjava.zerodep.shaded.org.apache.hc.client5.http.wire - http-outgoing-2 << "0[\r][\n]"
03:32:54.831 [main] DEBUG com.github.dockerjava.zerodep.shaded.org.apache.hc.client5.http.wire - http-outgoing-2 << "[\r][\n]"
03:32:54.831 [main] DEBUG com.github.dockerjava.zerodep.shaded.org.apache.hc.client5.http.impl.classic.InternalHttpClient - ep-0000004C: releasing valid endpoint
03:32:54.831 [main] DEBUG com.github.dockerjava.zerodep.shaded.org.apache.hc.client5.http.impl.io.PoolingHttpClientConnectionManager - ep-0000004C: releasing endpoint
03:32:54.831 [main] DEBUG com.github.dockerjava.zerodep.shaded.org.apache.hc.client5.http.impl.io.PoolingHttpClientConnectionManager - ep-0000004C: connection http-outgoing-2 can be kept alive for 3 MINUTES
03:32:54.831 [main] DEBUG com.github.dockerjava.zerodep.shaded.org.apache.hc.client5.http.impl.io.PoolingHttpClientConnectionManager - ep-0000004C: connection released [route: {}->unix://localhost:2375][total available: 1; route allocated: 1 of 2147483647; total allocated: 1 of 2147483647]
03:32:54.831 [main] DEBUG 🐳 [mysql:8.0] - Trying to create JDBC connection using com.mysql.cj.jdbc.Driver to jdbc:mysql://localhost:49160/test?useSSL=false&allowPublicKeyRetrieval=true with properties: {password=admin, user=admin}
03:32:54.932 [main] DEBUG org.testcontainers.shaded.com.github.dockerjava.core.command.AbstrDockerCmd - Cmd: 9691e31891711283f4d98263d11bc6156717d3e75a0b86a23f3b128a992c1f38,false
03:32:54.933 [main] DEBUG org.testcontainers.shaded.com.github.dockerjava.core.exec.InspectContainerCmdExec - GET: DefaultWebTarget{path=[/containers/9691e31891711283f4d98263d11bc6156717d3e75a0b86a23f3b128a992c1f38/json], queryParams={}}
03:32:54.933 [main] DEBUG com.github.dockerjava.zerodep.shaded.org.apache.hc.client5.http.impl.classic.InternalHttpClient - ex-0000004E: preparing request execution
03:32:54.933 [main] DEBUG com.github.dockerjava.zerodep.shaded.org.apache.hc.client5.http.protocol.RequestAddCookies - Cookie spec selected: strict
03:32:54.933 [main] DEBUG com.github.dockerjava.zerodep.shaded.org.apache.hc.client5.http.protocol.RequestAuthCache - Auth cache not set in the context
03:32:54.933 [main] DEBUG com.github.dockerjava.zerodep.shaded.org.apache.hc.client5.http.impl.classic.ProtocolExec - ex-0000004E: target auth state: UNCHALLENGED
03:32:54.933 [main] DEBUG com.github.dockerjava.zerodep.shaded.org.apache.hc.client5.http.impl.classic.ProtocolExec - ex-0000004E: proxy auth state: UNCHALLENGED
03:32:54.933 [main] DEBUG com.github.dockerjava.zerodep.shaded.org.apache.hc.client5.http.impl.classic.ConnectExec - ex-0000004E: acquiring connection with route {}->unix://localhost:2375
03:32:54.933 [main] DEBUG com.github.dockerjava.zerodep.shaded.org.apache.hc.client5.http.impl.classic.InternalHttpClient - ex-0000004E: acquiring endpoint (3 MINUTES)
03:32:54.933 [main] DEBUG com.github.dockerjava.zerodep.shaded.org.apache.hc.client5.http.impl.io.PoolingHttpClientConnectionManager - ex-0000004E: endpoint lease request (3 MINUTES) [route: {}->unix://localhost:2375][total available: 1; route allocated: 1 of 2147483647; total allocated: 1 of 2147483647]
03:32:54.933 [main] DEBUG com.github.dockerjava.zerodep.shaded.org.apache.hc.client5.http.impl.io.PoolingHttpClientConnectionManager - ex-0000004E: endpoint leased [route: {}->unix://localhost:2375][total available: 0; route allocated: 1 of 2147483647; total allocated: 1 of 2147483647]
03:32:54.933 [main] DEBUG com.github.dockerjava.zerodep.shaded.org.apache.hc.client5.http.impl.io.PoolingHttpClientConnectionManager - ex-0000004E: acquired ep-0000004D
03:32:54.934 [main] DEBUG com.github.dockerjava.zerodep.shaded.org.apache.hc.client5.http.impl.classic.InternalHttpClient - ex-0000004E: acquired endpoint ep-0000004D
03:32:54.934 [main] DEBUG com.github.dockerjava.zerodep.shaded.org.apache.hc.client5.http.impl.classic.MainClientExec - ex-0000004E: executing GET /v1.32/containers/9691e31891711283f4d98263d11bc6156717d3e75a0b86a23f3b128a992c1f38/json HTTP/1.1
03:32:54.934 [main] DEBUG com.github.dockerjava.zerodep.shaded.org.apache.hc.client5.http.impl.classic.InternalHttpClient - ep-0000004D: start execution ex-0000004E
03:32:54.934 [main] DEBUG com.github.dockerjava.zerodep.shaded.org.apache.hc.client5.http.impl.io.PoolingHttpClientConnectionManager - ep-0000004D: executing exchange ex-0000004E over http-outgoing-2
03:32:54.934 [main] DEBUG com.github.dockerjava.zerodep.shaded.org.apache.hc.client5.http.headers - http-outgoing-2 >> GET /v1.32/containers/9691e31891711283f4d98263d11bc6156717d3e75a0b86a23f3b128a992c1f38/json HTTP/1.1
03:32:54.934 [main] DEBUG com.github.dockerjava.zerodep.shaded.org.apache.hc.client5.http.headers - http-outgoing-2 >> accept: application/json
03:32:54.934 [main] DEBUG com.github.dockerjava.zerodep.shaded.org.apache.hc.client5.http.headers - http-outgoing-2 >> Accept-Encoding: gzip, x-gzip, deflate
03:32:54.934 [main] DEBUG com.github.dockerjava.zerodep.shaded.org.apache.hc.client5.http.headers - http-outgoing-2 >> Host: localhost:2375
03:32:54.934 [main] DEBUG com.github.dockerjava.zerodep.shaded.org.apache.hc.client5.http.headers - http-outgoing-2 >> Connection: keep-alive
03:32:54.934 [main] DEBUG com.github.dockerjava.zerodep.shaded.org.apache.hc.client5.http.headers - http-outgoing-2 >> User-Agent: Apache-HttpClient/5.0.3 (Java/11.0.15)
03:32:54.934 [main] DEBUG com.github.dockerjava.zerodep.shaded.org.apache.hc.client5.http.wire - http-outgoing-2 >> "GET /v1.32/containers/9691e31891711283f4d98263d11bc6156717d3e75a0b86a23f3b128a992c1f38/json HTTP/1.1[\r][\n]"
03:32:54.934 [main] DEBUG com.github.dockerjava.zerodep.shaded.org.apache.hc.client5.http.wire - http-outgoing-2 >> "accept: application/json[\r][\n]"
03:32:54.934 [main] DEBUG com.github.dockerjava.zerodep.shaded.org.apache.hc.client5.http.wire - http-outgoing-2 >> "Accept-Encoding: gzip, x-gzip, deflate[\r][\n]"
03:32:54.934 [main] DEBUG com.github.dockerjava.zerodep.shaded.org.apache.hc.client5.http.wire - http-outgoing-2 >> "Host: localhost:2375[\r][\n]"
03:32:54.934 [main] DEBUG com.github.dockerjava.zerodep.shaded.org.apache.hc.client5.http.wire - http-outgoing-2 >> "Connection: keep-alive[\r][\n]"
03:32:54.934 [main] DEBUG com.github.dockerjava.zerodep.shaded.org.apache.hc.client5.http.wire - http-outgoing-2 >> "User-Agent: Apache-HttpClient/5.0.3 (Java/11.0.15)[\r][\n]"
03:32:54.934 [main] DEBUG com.github.dockerjava.zerodep.shaded.org.apache.hc.client5.http.wire - http-outgoing-2 >> "[\r][\n]"
03:32:54.934 [main] DEBUG com.github.dockerjava.zerodep.shaded.org.apache.hc.client5.http.wire - http-outgoing-2 << "HTTP/1.1 200 OK[\r][\n]"
03:32:54.934 [main] DEBUG com.github.dockerjava.zerodep.shaded.org.apache.hc.client5.http.wire - http-outgoing-2 << "Api-Version: 1.41[\r][\n]"
03:32:54.934 [main] DEBUG com.github.dockerjava.zerodep.shaded.org.apache.hc.client5.http.wire - http-outgoing-2 << "Content-Type: application/json[\r][\n]"
03:32:54.934 [main] DEBUG com.github.dockerjava.zerodep.shaded.org.apache.hc.client5.http.wire - http-outgoing-2 << "Docker-Experimental: false[\r][\n]"
03:32:54.934 [main] DEBUG com.github.dockerjava.zerodep.shaded.org.apache.hc.client5.http.wire - http-outgoing-2 << "Ostype: linux[\r][\n]"
03:32:54.934 [main] DEBUG com.github.dockerjava.zerodep.shaded.org.apache.hc.client5.http.wire - http-outgoing-2 << "Server: Docker/20.10.12 (linux)[\r][\n]"
03:32:54.934 [main] DEBUG com.github.dockerjava.zerodep.shaded.org.apache.hc.client5.http.wire - http-outgoing-2 << "Date: Thu, 23 Jun 2022 02:32:54 GMT[\r][\n]"
03:32:54.934 [main] DEBUG com.github.dockerjava.zerodep.shaded.org.apache.hc.client5.http.wire - http-outgoing-2 << "Transfer-Encoding: chunked[\r][\n]"
03:32:54.934 [main] DEBUG com.github.dockerjava.zerodep.shaded.org.apache.hc.client5.http.wire - http-outgoing-2 << "[\r][\n]"
03:32:54.934 [main] DEBUG com.github.dockerjava.zerodep.shaded.org.apache.hc.client5.http.wire - http-outgoing-2 << "18ed[\r][\n]"
03:32:54.934 [main] DEBUG com.github.dockerjava.zerodep.shaded.org.apache.hc.client5.http.wire - http-outgoing-2 << "{"Id":"9691e31891711283f4d98263d11bc6156717d3e75a0b86a23f3b128a992c1f38","Created":"2022-06-23T02:32:47.03956921Z","Path":"docker-entrypoint.sh","Args":["mysqld"],"State":{"Status":"running","Running":true,"Paused":false,"Restarting":false,"OOMKilled":false,"Dead":false,"Pid":66188,"ExitCode":0,"Error":"","StartedAt":"2022-06-23T02:32:47.703880551Z","FinishedAt":"0001-01-01T00:00:00Z"},"Image":"sha256:65b636d5542b73254ce90cc4b895597dc1adc2c661ca553c38eda159979dded1","ResolvConfPath":"/var/lib/docker/containers/9691e31891711283f4d98263d11bc6156717d3e75a0b86a23f3b128a992c1f38/resolv.conf","HostnamePath":"/var/lib/docker/containers/9691e31891711283f4d98263d11bc6156717d3e75a0b86a23f3b128a992c1f38/hostname","HostsPath":"/var/lib/docker/containers/9691e31891711283f4d98263d11bc6156717d3e75a0b86a23f3b128a992c1f38/hosts","LogPath":"/var/lib/docker/containers/9691e31891711283f4d98263d11bc6156717d3e75a0b86a23f3b128a992c1f38/9691e31891711283f4d98263d11bc6156717d3e75a0b86a23f3b128a992c1f38-json.log","Name":"/xenodochial_satoshi","RestartCount":0,"Driver":"overlay2","Platform":"linux","MountLabel":"","ProcessLabel":"","AppArmorProfile":"docker-default","ExecIDs":null,"HostConfig":{"Binds":[],"ContainerIDFile":"","LogConfig":{"Type":"json-file","Config":{}},"NetworkMode":"default","PortBindings":{"3306/tcp":[{"HostIp":"","HostPort":""}]},"RestartPolicy":{"Name":"","MaximumRetryCount":0},"AutoRemove":false,"VolumeDriver":"","VolumesFrom":[],"CapAdd":null,"CapDrop":null,"CgroupnsMode":"host","Dns":null,"DnsOptions":null,"DnsSearch":null,"ExtraHosts":[],"GroupAdd":null,"IpcMode":"shareable","Cgroup":"","Links":null,"OomScoreAdj":0,"PidMode":"","Privileged":false,"PublishAllPorts":false,"ReadonlyRootfs":false,"SecurityOpt":null,"UTSMode":"","UsernsMode":"","ShmSize":67108864,"Runtime":"runc","ConsoleSize":[0,0],"Isolation":"","CpuShares":0,"Memory":0,"NanoCpus":0,"CgroupParent":"","BlkioWeight":0,"BlkioWeightDevice":null,"BlkioDeviceReadBps":null,"BlkioDeviceWriteBps":null,"BlkioDeviceReadIOps":null,"BlkioDeviceWriteIOps":null,"CpuPeriod":0,"CpuQuota":0,"CpuRealtimePeriod":0,"CpuRealtimeRuntime":0,"CpusetCpus":"","CpusetMems":"","Devices":null,"DeviceCgroupRules":null,"DeviceRequests":null,"KernelMemory":0,"KernelMemoryTCP":0,"MemoryReservation":0,"MemorySwap":0,"MemorySwappiness":null,"OomKillDisable":false,"PidsLimit":null,"Ulimits":null,"CpuCount":0,"CpuPercent":0,"IOMaximumIOps":0,"IOMaximumBandwidth":0,"MaskedPaths":["/proc/asound","/proc/acpi","/proc/kcore","/proc/keys","/proc/latency_stats","/proc/timer_list","/proc/timer_stats","/proc/sched_debug","/proc/scsi","/sys/firmware"],"ReadonlyPaths":["/proc/bus","/proc/fs","/proc/irq","/proc/sys","/proc/sysrq-trigger"]},"GraphDriver":{"Data":{"LowerDir":"/var/lib/docker/overlay2/5529564f52cf969e31e7a1482c27be7ffed19639b506ae2e15b7e7115f699a73-init/diff:/var/lib/docker/overlay2/833a665819b5d9728d3efa7c33135034345a24f83af53b1a1af33d9b64f5492a/diff:/var/lib/docker/overlay2/bd4a2a46c227c2f15475b08c398f37acaab93f4fdba31de015d730efae0a0cfc/diff:/var/lib/docker/overlay2/31ad437d7cba8e64428a2b62db1bbb2a2ec19ca4e439ec493ef4deb50dce2783/diff:/var/lib/docker/overlay2/35173cbd8ec5b88a8888e9abbe75f8694f5d3f96a9b781bb70dc1f0889685741/diff:/var/lib/docker/overlay2/24bf69ac4e8c81062fee44e7c9f746fffbb139c3f7f4b55b4fd1b23bb101b529/diff:/var/lib/docker/overlay2/2f27c96a7775dad186b6f0da325d5a251c80aa1b7f80cf8520f493c5154aee70/diff:/var/lib/docker/overlay2/463a60088c72ddbea82639ded15801e35a79c443f6a26bf1baf320c683cb06af/diff:/var/lib/docker/overlay2/80b8224b23a2ee4b5be635c58ae579fd1913aa95558cd66ab2f5e8430f00a5b8/diff:/var/lib/docker/overlay2/20451fa0b1a07b85d665bc3a0359d721ce4e4c28fa3bce7456ab25e0babae708/diff:/var/lib/docker/overlay2/f80d865cbc6c1c6f57d0963fa6234e7a6409e079eb17f4f13ca41d02731701ad/diff:/var/lib/docker/overlay2/5a3029e0b57c6ec9b985871ff6adf08356aaa0f2a15f1e34c1a7f116ecc4a61d/diff:/var/lib/docker/overlay2/4f3423103248d0b381a1bc6a7287e2b42313ff458cea602a02b7379014b03e0e/diff","MergedDir":"/var/lib/docker/overlay2/5529564f52cf969e31e7a1482c27be7ffed19639b506ae2e15b7e7115f699a73/merged","UpperDir":"/var/lib/docker/overlay2/5529564f52cf969e31e7a1482c27be7ffed19639b506ae2e15b7e7115f699a73/diff","WorkDir":"/var/lib/docker/overlay2/5529564f52cf969e31e7a1482c27be7ffed19639b506ae2e15b7e7115f699a73/work"},"Name":"overlay2"},"Mounts":[{"Type":"volume","Name":"fd1f613c7fe3ca3ae799982507ac3f565cc9f6a2dc99ceaed92389e2c43f47d1","Source":"/var/lib/docker/volumes/fd1f613c7fe3ca3ae799982507ac3f565cc9f6a2dc99ceaed92389e2c43f47d1/_data","Destination":"/var/lib/mysql","Driver":"local","Mode":"","RW":true,"Propagation":""}],"Config":{"Hostname":"9691e3189171","Domainname":"","User":"","AttachStdin":false,"AttachStdout":false,"AttachStderr":false,"ExposedPorts":{"3306/tcp":{},"33060/tcp":{}},"Tty":false,"OpenStdin":false,"StdinOnce":false,"Env":["MYSQL_DATABASE=test","MYSQL_PASSWORD=admin","MYSQL_USER=admin","MYSQL_ROOT_PASSWORD=admin","PATH=/usr/local/sbin:/usr/local/bin:/usr/sbin:/usr/bin:/sbin:/bin","GOSU_VERSION=1.14","MYSQL_MAJOR=8.0","MYSQL_VERSION=8.0.29-1debian10"],"Cmd":["mysqld"],"Image":"mysql:8.0","Volumes":{"/var/lib/mysql":{}},"WorkingDir":"","Entrypoint":["docker-entrypoint.sh"],"OnBuild":null,"Labels":{"org.testcontainers":"true","org.testcontainers.sessionId":"d48265e4-2b28-4f8c-aa67-76dd8289af84"}},"NetworkSettings":{"Bridge":"","SandboxID":"d9de8570fe3f0a4e9f3a1ff7101c963bbd2c6a0a9d8a867b96f17f4d5edca537","HairpinMode":false,"LinkLocalIPv6Address":"","LinkLocalIPv6PrefixLen":0,"Ports":{"3306/tcp":[{"HostIp":"0.0.0.0","HostPort":"49160"},{"HostIp":"::","HostPort":"49160"}],"33060/tcp":null},"SandboxKey":"/var/run/docker/netns/d9de8570fe3f","SecondaryIPAddresses":null,"SecondaryIPv6Addresses":null,"EndpointID":"93e8fe159f683a98670e8995677c2b130dbce857fc116679206e206bda319cbf","Gateway":"172.17.0.1","GlobalIPv6Address":"","GlobalIPv6PrefixLen":0,"IPAddress":"172.17.0.3","IPPrefixLen":16,"IPv6Gateway":"","MacAddress":"02:42:ac:11:00:03","Networks":{"bridge":{"IPAMConfig":null,"Links":null,"Aliases":null,"NetworkID":"1853cd2b9856825cc97ed9ef2b12efa82d95bf9cf60ad666c276eb35cc53539e","EndpointID":"93e8fe159f683a98670e8995677c2b130dbce857fc116679206e206bda319cbf","Gateway":"172.17.0.1","IPAddress":"172.17.0.3","IPPrefixLen":16,"IPv6Gateway":"","GlobalIPv6Address":"","GlobalIPv6PrefixLen":0,"MacAddress":"02:42:ac:11:00:03","DriverOpts":null}}}}[\n]"
03:32:54.934 [main] DEBUG com.github.dockerjava.zerodep.shaded.org.apache.hc.client5.http.wire - http-outgoing-2 << "[\r][\n]"
03:32:54.934 [main] DEBUG com.github.dockerjava.zerodep.shaded.org.apache.hc.client5.http.wire - http-outgoing-2 << "0[\r][\n]"
03:32:54.934 [main] DEBUG com.github.dockerjava.zerodep.shaded.org.apache.hc.client5.http.wire - http-outgoing-2 << "[\r][\n]"
03:32:54.935 [main] DEBUG com.github.dockerjava.zerodep.shaded.org.apache.hc.client5.http.headers - http-outgoing-2 << HTTP/1.1 200 OK
03:32:54.935 [main] DEBUG com.github.dockerjava.zerodep.shaded.org.apache.hc.client5.http.headers - http-outgoing-2 << Api-Version: 1.41
03:32:54.935 [main] DEBUG com.github.dockerjava.zerodep.shaded.org.apache.hc.client5.http.headers - http-outgoing-2 << Content-Type: application/json
03:32:54.935 [main] DEBUG com.github.dockerjava.zerodep.shaded.org.apache.hc.client5.http.headers - http-outgoing-2 << Docker-Experimental: false
03:32:54.935 [main] DEBUG com.github.dockerjava.zerodep.shaded.org.apache.hc.client5.http.headers - http-outgoing-2 << Ostype: linux
03:32:54.935 [main] DEBUG com.github.dockerjava.zerodep.shaded.org.apache.hc.client5.http.headers - http-outgoing-2 << Server: Docker/20.10.12 (linux)
03:32:54.935 [main] DEBUG com.github.dockerjava.zerodep.shaded.org.apache.hc.client5.http.headers - http-outgoing-2 << Date: Thu, 23 Jun 2022 02:32:54 GMT
03:32:54.935 [main] DEBUG com.github.dockerjava.zerodep.shaded.org.apache.hc.client5.http.headers - http-outgoing-2 << Transfer-Encoding: chunked
03:32:54.935 [main] DEBUG com.github.dockerjava.zerodep.shaded.org.apache.hc.client5.http.impl.classic.MainClientExec - ex-0000004E: connection can be kept alive for 3 MINUTES
03:32:54.937 [main] DEBUG com.github.dockerjava.zerodep.shaded.org.apache.hc.client5.http.impl.classic.InternalHttpClient - ep-0000004D: releasing valid endpoint
03:32:54.937 [main] DEBUG com.github.dockerjava.zerodep.shaded.org.apache.hc.client5.http.impl.io.PoolingHttpClientConnectionManager - ep-0000004D: releasing endpoint
03:32:54.937 [main] DEBUG com.github.dockerjava.zerodep.shaded.org.apache.hc.client5.http.impl.io.PoolingHttpClientConnectionManager - ep-0000004D: connection http-outgoing-2 can be kept alive for 3 MINUTES
03:32:54.937 [main] DEBUG com.github.dockerjava.zerodep.shaded.org.apache.hc.client5.http.impl.io.PoolingHttpClientConnectionManager - ep-0000004D: connection released [route: {}->unix://localhost:2375][total available: 1; route allocated: 1 of 2147483647; total allocated: 1 of 2147483647]
03:32:54.937 [main] DEBUG 🐳 [mysql:8.0] - Trying to create JDBC connection using com.mysql.cj.jdbc.Driver to jdbc:mysql://localhost:49160/test?useSSL=false&allowPublicKeyRetrieval=true with properties: {password=admin, user=admin}
03:32:55.039 [main] DEBUG org.testcontainers.shaded.com.github.dockerjava.core.command.AbstrDockerCmd - Cmd: 9691e31891711283f4d98263d11bc6156717d3e75a0b86a23f3b128a992c1f38,false
03:32:55.039 [main] DEBUG org.testcontainers.shaded.com.github.dockerjava.core.exec.InspectContainerCmdExec - GET: DefaultWebTarget{path=[/containers/9691e31891711283f4d98263d11bc6156717d3e75a0b86a23f3b128a992c1f38/json], queryParams={}}
03:32:55.039 [main] DEBUG com.github.dockerjava.zerodep.shaded.org.apache.hc.client5.http.impl.classic.InternalHttpClient - ex-0000004F: preparing request execution
03:32:55.040 [main] DEBUG com.github.dockerjava.zerodep.shaded.org.apache.hc.client5.http.protocol.RequestAddCookies - Cookie spec selected: strict
03:32:55.040 [main] DEBUG com.github.dockerjava.zerodep.shaded.org.apache.hc.client5.http.protocol.RequestAuthCache - Auth cache not set in the context
03:32:55.040 [main] DEBUG com.github.dockerjava.zerodep.shaded.org.apache.hc.client5.http.impl.classic.ProtocolExec - ex-0000004F: target auth state: UNCHALLENGED
03:32:55.040 [main] DEBUG com.github.dockerjava.zerodep.shaded.org.apache.hc.client5.http.impl.classic.ProtocolExec - ex-0000004F: proxy auth state: UNCHALLENGED
03:32:55.040 [main] DEBUG com.github.dockerjava.zerodep.shaded.org.apache.hc.client5.http.impl.classic.ConnectExec - ex-0000004F: acquiring connection with route {}->unix://localhost:2375
03:32:55.040 [main] DEBUG com.github.dockerjava.zerodep.shaded.org.apache.hc.client5.http.impl.classic.InternalHttpClient - ex-0000004F: acquiring endpoint (3 MINUTES)
03:32:55.040 [main] DEBUG com.github.dockerjava.zerodep.shaded.org.apache.hc.client5.http.impl.io.PoolingHttpClientConnectionManager - ex-0000004F: endpoint lease request (3 MINUTES) [route: {}->unix://localhost:2375][total available: 1; route allocated: 1 of 2147483647; total allocated: 1 of 2147483647]
03:32:55.040 [main] DEBUG com.github.dockerjava.zerodep.shaded.org.apache.hc.client5.http.impl.io.PoolingHttpClientConnectionManager - ex-0000004F: endpoint leased [route: {}->unix://localhost:2375][total available: 0; route allocated: 1 of 2147483647; total allocated: 1 of 2147483647]
03:32:55.040 [main] DEBUG com.github.dockerjava.zerodep.shaded.org.apache.hc.client5.http.impl.io.PoolingHttpClientConnectionManager - ex-0000004F: acquired ep-0000004E
03:32:55.040 [main] DEBUG com.github.dockerjava.zerodep.shaded.org.apache.hc.client5.http.impl.classic.InternalHttpClient - ex-0000004F: acquired endpoint ep-0000004E
03:32:55.040 [main] DEBUG com.github.dockerjava.zerodep.shaded.org.apache.hc.client5.http.impl.classic.MainClientExec - ex-0000004F: executing GET /v1.32/containers/9691e31891711283f4d98263d11bc6156717d3e75a0b86a23f3b128a992c1f38/json HTTP/1.1
03:32:55.040 [main] DEBUG com.github.dockerjava.zerodep.shaded.org.apache.hc.client5.http.impl.classic.InternalHttpClient - ep-0000004E: start execution ex-0000004F
03:32:55.040 [main] DEBUG com.github.dockerjava.zerodep.shaded.org.apache.hc.client5.http.impl.io.PoolingHttpClientConnectionManager - ep-0000004E: executing exchange ex-0000004F over http-outgoing-2
03:32:55.040 [main] DEBUG com.github.dockerjava.zerodep.shaded.org.apache.hc.client5.http.headers - http-outgoing-2 >> GET /v1.32/containers/9691e31891711283f4d98263d11bc6156717d3e75a0b86a23f3b128a992c1f38/json HTTP/1.1
03:32:55.040 [main] DEBUG com.github.dockerjava.zerodep.shaded.org.apache.hc.client5.http.headers - http-outgoing-2 >> accept: application/json
03:32:55.040 [main] DEBUG com.github.dockerjava.zerodep.shaded.org.apache.hc.client5.http.headers - http-outgoing-2 >> Accept-Encoding: gzip, x-gzip, deflate
03:32:55.040 [main] DEBUG com.github.dockerjava.zerodep.shaded.org.apache.hc.client5.http.headers - http-outgoing-2 >> Host: localhost:2375
03:32:55.040 [main] DEBUG com.github.dockerjava.zerodep.shaded.org.apache.hc.client5.http.headers - http-outgoing-2 >> Connection: keep-alive
03:32:55.040 [main] DEBUG com.github.dockerjava.zerodep.shaded.org.apache.hc.client5.http.headers - http-outgoing-2 >> User-Agent: Apache-HttpClient/5.0.3 (Java/11.0.15)
03:32:55.040 [main] DEBUG com.github.dockerjava.zerodep.shaded.org.apache.hc.client5.http.wire - http-outgoing-2 >> "GET /v1.32/containers/9691e31891711283f4d98263d11bc6156717d3e75a0b86a23f3b128a992c1f38/json HTTP/1.1[\r][\n]"
03:32:55.040 [main] DEBUG com.github.dockerjava.zerodep.shaded.org.apache.hc.client5.http.wire - http-outgoing-2 >> "accept: application/json[\r][\n]"
03:32:55.040 [main] DEBUG com.github.dockerjava.zerodep.shaded.org.apache.hc.client5.http.wire - http-outgoing-2 >> "Accept-Encoding: gzip, x-gzip, deflate[\r][\n]"
03:32:55.040 [main] DEBUG com.github.dockerjava.zerodep.shaded.org.apache.hc.client5.http.wire - http-outgoing-2 >> "Host: localhost:2375[\r][\n]"
03:32:55.040 [main] DEBUG com.github.dockerjava.zerodep.shaded.org.apache.hc.client5.http.wire - http-outgoing-2 >> "Connection: keep-alive[\r][\n]"
03:32:55.040 [main] DEBUG com.github.dockerjava.zerodep.shaded.org.apache.hc.client5.http.wire - http-outgoing-2 >> "User-Agent: Apache-HttpClient/5.0.3 (Java/11.0.15)[\r][\n]"
03:32:55.040 [main] DEBUG com.github.dockerjava.zerodep.shaded.org.apache.hc.client5.http.wire - http-outgoing-2 >> "[\r][\n]"
03:32:55.041 [main] DEBUG com.github.dockerjava.zerodep.shaded.org.apache.hc.client5.http.wire - http-outgoing-2 << "HTTP/1.1 200 OK[\r][\n]"
03:32:55.041 [main] DEBUG com.github.dockerjava.zerodep.shaded.org.apache.hc.client5.http.wire - http-outgoing-2 << "Api-Version: 1.41[\r][\n]"
03:32:55.041 [main] DEBUG com.github.dockerjava.zerodep.shaded.org.apache.hc.client5.http.wire - http-outgoing-2 << "Content-Type: application/json[\r][\n]"
03:32:55.041 [main] DEBUG com.github.dockerjava.zerodep.shaded.org.apache.hc.client5.http.wire - http-outgoing-2 << "Docker-Experimental: false[\r][\n]"
03:32:55.041 [main] DEBUG com.github.dockerjava.zerodep.shaded.org.apache.hc.client5.http.wire - http-outgoing-2 << "Ostype: linux[\r][\n]"
03:32:55.041 [main] DEBUG com.github.dockerjava.zerodep.shaded.org.apache.hc.client5.http.wire - http-outgoing-2 << "Server: Docker/20.10.12 (linux)[\r][\n]"
03:32:55.041 [main] DEBUG com.github.dockerjava.zerodep.shaded.org.apache.hc.client5.http.wire - http-outgoing-2 << "Date: Thu, 23 Jun 2022 02:32:55 GMT[\r][\n]"
03:32:55.041 [main] DEBUG com.github.dockerjava.zerodep.shaded.org.apache.hc.client5.http.wire - http-outgoing-2 << "Transfer-Encoding: chunked[\r][\n]"
03:32:55.041 [main] DEBUG com.github.dockerjava.zerodep.shaded.org.apache.hc.client5.http.wire - http-outgoing-2 << "[\r][\n]"
03:32:55.041 [main] DEBUG com.github.dockerjava.zerodep.shaded.org.apache.hc.client5.http.wire - http-outgoing-2 << "18ed[\r][\n]"
03:32:55.041 [main] DEBUG com.github.dockerjava.zerodep.shaded.org.apache.hc.client5.http.wire - http-outgoing-2 << "{"Id":"9691e31891711283f4d98263d11bc6156717d3e75a0b86a23f3b128a992c1f38","Created":"2022-06-23T02:32:47.03956921Z","Path":"docker-entrypoint.sh","Args":["mysqld"],"State":{"Status":"running","Running":true,"Paused":false,"Restarting":false,"OOMKilled":false,"Dead":false,"Pid":66188,"ExitCode":0,"Error":"","StartedAt":"2022-06-23T02:32:47.703880551Z","FinishedAt":"0001-01-01T00:00:00Z"},"Image":"sha256:65b636d5542b73254ce90cc4b895597dc1adc2c661ca553c38eda159979dded1","ResolvConfPath":"/var/lib/docker/containers/9691e31891711283f4d98263d11bc6156717d3e75a0b86a23f3b128a992c1f38/resolv.conf","HostnamePath":"/var/lib/docker/containers/9691e31891711283f4d98263d11bc6156717d3e75a0b86a23f3b128a992c1f38/hostname","HostsPath":"/var/lib/docker/containers/9691e31891711283f4d98263d11bc6156717d3e75a0b86a23f3b128a992c1f38/hosts","LogPath":"/var/lib/docker/containers/9691e31891711283f4d98263d11bc6156717d3e75a0b86a23f3b128a992c1f38/9691e31891711283f4d98263d11bc6156717d3e75a0b86a23f3b128a992c1f38-json.log","Name":"/xenodochial_satoshi","RestartCount":0,"Driver":"overlay2","Platform":"linux","MountLabel":"","ProcessLabel":"","AppArmorProfile":"docker-default","ExecIDs":null,"HostConfig":{"Binds":[],"ContainerIDFile":"","LogConfig":{"Type":"json-file","Config":{}},"NetworkMode":"default","PortBindings":{"3306/tcp":[{"HostIp":"","HostPort":""}]},"RestartPolicy":{"Name":"","MaximumRetryCount":0},"AutoRemove":false,"VolumeDriver":"","VolumesFrom":[],"CapAdd":null,"CapDrop":null,"CgroupnsMode":"host","Dns":null,"DnsOptions":null,"DnsSearch":null,"ExtraHosts":[],"GroupAdd":null,"IpcMode":"shareable","Cgroup":"","Links":null,"OomScoreAdj":0,"PidMode":"","Privileged":false,"PublishAllPorts":false,"ReadonlyRootfs":false,"SecurityOpt":null,"UTSMode":"","UsernsMode":"","ShmSize":67108864,"Runtime":"runc","ConsoleSize":[0,0],"Isolation":"","CpuShares":0,"Memory":0,"NanoCpus":0,"CgroupParent":"","BlkioWeight":0,"BlkioWeightDevice":null,"BlkioDeviceReadBps":null,"BlkioDeviceWriteBps":null,"BlkioDeviceReadIOps":null,"BlkioDeviceWriteIOps":null,"CpuPeriod":0,"CpuQuota":0,"CpuRealtimePeriod":0,"CpuRealtimeRuntime":0,"CpusetCpus":"","CpusetMems":"","Devices":null,"DeviceCgroupRules":null,"DeviceRequests":null,"KernelMemory":0,"KernelMemoryTCP":0,"MemoryReservation":0,"MemorySwap":0,"MemorySwappiness":null,"OomKillDisable":false,"PidsLimit":null,"Ulimits":null,"CpuCount":0,"CpuPercent":0,"IOMaximumIOps":0,"IOMaximumBandwidth":0,"MaskedPaths":["/proc/asound","/proc/acpi","/proc/kcore","/proc/keys","/proc/latency_stats","/proc/timer_list","/proc/timer_stats","/proc/sched_debug","/proc/scsi","/sys/firmware"],"ReadonlyPaths":["/proc/bus","/proc/fs","/proc/irq","/proc/sys","/proc/sysrq-trigger"]},"GraphDriver":{"Data":{"LowerDir":"/var/lib/docker/overlay2/5529564f52cf969e31e7a1482c27be7ffed19639b506ae2e15b7e7115f699a73-init/diff:/var/lib/docker/overlay2/833a665819b5d9728d3efa7c33135034345a24f83af53b1a1af33d9b64f5492a/diff:/var/lib/docker/overlay2/bd4a2a46c227c2f15475b08c398f37acaab93f4fdba31de015d730efae0a0cfc/diff:/var/lib/docker/overlay2/31ad437d7cba8e64428a2b62db1bbb2a2ec19ca4e439ec493ef4deb50dce2783/diff:/var/lib/docker/overlay2/35173cbd8ec5b88a8888e9abbe75f8694f5d3f96a9b781bb70dc1f0889685741/diff:/var/lib/docker/overlay2/24bf69ac4e8c81062fee44e7c9f746fffbb139c3f7f4b55b4fd1b23bb101b529/diff:/var/lib/docker/overlay2/2f27c96a7775dad186b6f0da325d5a251c80aa1b7f80cf8520f493c5154aee70/diff:/var/lib/docker/overlay2/463a60088c72ddbea82639ded15801e35a79c443f6a26bf1baf320c683cb06af/diff:/var/lib/docker/overlay2/80b8224b23a2ee4b5be635c58ae579fd1913aa95558cd66ab2f5e8430f00a5b8/diff:/var/lib/docker/overlay2/20451fa0b1a07b85d665bc3a0359d721ce4e4c28fa3bce7456ab25e0babae708/diff:/var/lib/docker/overlay2/f80d865cbc6c1c6f57d0963fa6234e7a6409e079eb17f4f13ca41d02731701ad/diff:/var/lib/docker/overlay2/5a3029e0b57c6ec9b985871ff6adf08356aaa0f2a15f1e34c1a7f116ecc4a61d/dif"
03:32:55.041 [main] DEBUG com.github.dockerjava.zerodep.shaded.org.apache.hc.client5.http.headers - http-outgoing-2 << HTTP/1.1 200 OK
03:32:55.041 [main] DEBUG com.github.dockerjava.zerodep.shaded.org.apache.hc.client5.http.headers - http-outgoing-2 << Api-Version: 1.41
03:32:55.041 [main] DEBUG com.github.dockerjava.zerodep.shaded.org.apache.hc.client5.http.headers - http-outgoing-2 << Content-Type: application/json
03:32:55.041 [main] DEBUG com.github.dockerjava.zerodep.shaded.org.apache.hc.client5.http.headers - http-outgoing-2 << Docker-Experimental: false
03:32:55.041 [main] DEBUG com.github.dockerjava.zerodep.shaded.org.apache.hc.client5.http.headers - http-outgoing-2 << Ostype: linux
03:32:55.041 [main] DEBUG com.github.dockerjava.zerodep.shaded.org.apache.hc.client5.http.headers - http-outgoing-2 << Server: Docker/20.10.12 (linux)
03:32:55.041 [main] DEBUG com.github.dockerjava.zerodep.shaded.org.apache.hc.client5.http.headers - http-outgoing-2 << Date: Thu, 23 Jun 2022 02:32:55 GMT
03:32:55.041 [main] DEBUG com.github.dockerjava.zerodep.shaded.org.apache.hc.client5.http.headers - http-outgoing-2 << Transfer-Encoding: chunked
03:32:55.041 [main] DEBUG com.github.dockerjava.zerodep.shaded.org.apache.hc.client5.http.impl.classic.MainClientExec - ex-0000004F: connection can be kept alive for 3 MINUTES
03:32:55.041 [main] DEBUG com.github.dockerjava.zerodep.shaded.org.apache.hc.client5.http.wire - http-outgoing-2 << "f:/var/lib/docker/overlay2/4f3423103248d0b381a1bc6a7287e2b42313ff458cea602a02b7379014b03e0e/diff","MergedDir":"/var/lib/docker/overlay2/5529564f52cf969e31e7a1482c27be7ffed19639b506ae2e15b7e7115f699a73/merged","UpperDir":"/var/lib/docker/overlay2/5529564f52cf969e31e7a1482c27be7ffed19639b506ae2e15b7e7115f699a73/diff","WorkDir":"/var/lib/docker/overlay2/5529564f52cf969e31e7a1482c27be7ffed19639b506ae2e15b7e7115f699a73/work"},"Name":"overlay2"},"Mounts":[{"Type":"volume","Name":"fd1f613c7fe3ca3ae799982507ac3f565cc9f6a2dc99ceaed92389e2c43f47d1","Source":"/var/lib/docker/volumes/fd1f613c7fe3ca3ae799982507ac3f565cc9f6a2dc99ceaed92389e2c43f47d1/_data","Destination":"/var/lib/mysql","Driver":"local","Mode":"","RW":true,"Propagation":""}],"Config":{"Hostname":"9691e3189171","Domainname":"","User":"","AttachStdin":false,"AttachStdout":false,"AttachStderr":false,"ExposedPorts":{"3306/tcp":{},"33060/tcp":{}},"Tty":false,"OpenStdin":false,"StdinOnce":false,"Env":["MYSQL_DATABASE=test","MYSQL_PASSWORD=admin","MYSQL_USER=admin","MYSQL_ROOT_PASSWORD=admin","PATH=/usr/local/sbin:/usr/local/bin:/usr/sbin:/usr/bin:/sbin:/bin","GOSU_VERSION=1.14","MYSQL_MAJOR=8.0","MYSQL_VERSION=8.0.29-1debian10"],"Cmd":["mysqld"],"Image":"mysql:8.0","Volumes":{"/var/lib/mysql":{}},"WorkingDir":"","Entrypoint":["docker-entrypoint.sh"],"OnBuild":null,"Labels":{"org.testcontainers":"true","org.testcontainers.sessionId":"d48265e4-2b28-4f8c-aa67-76dd8289af84"}},"NetworkSettings":{"Bridge":"","SandboxID":"d9de8570fe3f0a4e9f3a1ff7101c963bbd2c6a0a9d8a867b96f17f4d5edca537","HairpinMode":false,"LinkLocalIPv6Address":"","LinkLocalIPv6PrefixLen":0,"Ports":{"3306/tcp":[{"HostIp":"0.0.0.0","HostPort":"49160"},{"HostIp":"::","HostPort":"49160"}],"33060/tcp":null},"SandboxKey":"/var/run/docker/netns/d9de8570fe3f","SecondaryIPAddresses":null,"SecondaryIPv6Addresses":null,"EndpointID":"93e8fe159f683a98670e8995677c2b130dbce857fc116679206e206bda319cbf","Gateway":"172.17.0.1","GlobalIPv6Address":"","GlobalIPv6PrefixLen":0,"IPAddress":"172.17.0.3","IPPrefixLen":16,"IPv6Gateway":"","MacAddress":"02:42:ac:11:00:03","Networks":{"bridge":{"IPAMConfig":null,"Links":null,"Aliases":null,"NetworkID":"1853cd2b9856825cc97ed9ef2b12efa82d95bf9cf60ad666c276eb35cc53539e","EndpointID":"93e8fe159f683a98670e8995677c2b130dbce857fc116679206e206bda319cbf","Gateway":"172.17.0.1","IPAddress":"172.17.0.3","IPPrefixLen":16,"IPv6Gateway":"","GlobalIPv6Address":"","GlobalIPv6PrefixLen":0,"MacAddress":"02:42:ac:11:00:03","DriverOpts":null}}}}[\n]"
03:32:55.042 [main] DEBUG com.github.dockerjava.zerodep.shaded.org.apache.hc.client5.http.wire - http-outgoing-2 << "[\r][\n]"
03:32:55.042 [main] DEBUG com.github.dockerjava.zerodep.shaded.org.apache.hc.client5.http.wire - http-outgoing-2 << "0[\r][\n]"
03:32:55.042 [main] DEBUG com.github.dockerjava.zerodep.shaded.org.apache.hc.client5.http.wire - http-outgoing-2 << "[\r][\n]"
03:32:55.042 [main] DEBUG com.github.dockerjava.zerodep.shaded.org.apache.hc.client5.http.impl.classic.InternalHttpClient - ep-0000004E: releasing valid endpoint
03:32:55.042 [main] DEBUG com.github.dockerjava.zerodep.shaded.org.apache.hc.client5.http.impl.io.PoolingHttpClientConnectionManager - ep-0000004E: releasing endpoint
03:32:55.042 [main] DEBUG com.github.dockerjava.zerodep.shaded.org.apache.hc.client5.http.impl.io.PoolingHttpClientConnectionManager - ep-0000004E: connection http-outgoing-2 can be kept alive for 3 MINUTES
03:32:55.042 [main] DEBUG com.github.dockerjava.zerodep.shaded.org.apache.hc.client5.http.impl.io.PoolingHttpClientConnectionManager - ep-0000004E: connection released [route: {}->unix://localhost:2375][total available: 1; route allocated: 1 of 2147483647; total allocated: 1 of 2147483647]
03:32:55.042 [main] DEBUG 🐳 [mysql:8.0] - Trying to create JDBC connection using com.mysql.cj.jdbc.Driver to jdbc:mysql://localhost:49160/test?useSSL=false&allowPublicKeyRetrieval=true with properties: {password=admin, user=admin}
03:32:55.144 [main] DEBUG org.testcontainers.shaded.com.github.dockerjava.core.command.AbstrDockerCmd - Cmd: 9691e31891711283f4d98263d11bc6156717d3e75a0b86a23f3b128a992c1f38,false
03:32:55.144 [main] DEBUG org.testcontainers.shaded.com.github.dockerjava.core.exec.InspectContainerCmdExec - GET: DefaultWebTarget{path=[/containers/9691e31891711283f4d98263d11bc6156717d3e75a0b86a23f3b128a992c1f38/json], queryParams={}}
03:32:55.145 [main] DEBUG com.github.dockerjava.zerodep.shaded.org.apache.hc.client5.http.impl.classic.InternalHttpClient - ex-00000050: preparing request execution
03:32:55.145 [main] DEBUG com.github.dockerjava.zerodep.shaded.org.apache.hc.client5.http.protocol.RequestAddCookies - Cookie spec selected: strict
03:32:55.145 [main] DEBUG com.github.dockerjava.zerodep.shaded.org.apache.hc.client5.http.protocol.RequestAuthCache - Auth cache not set in the context
03:32:55.145 [main] DEBUG com.github.dockerjava.zerodep.shaded.org.apache.hc.client5.http.impl.classic.ProtocolExec - ex-00000050: target auth state: UNCHALLENGED
03:32:55.145 [main] DEBUG com.github.dockerjava.zerodep.shaded.org.apache.hc.client5.http.impl.classic.ProtocolExec - ex-00000050: proxy auth state: UNCHALLENGED
03:32:55.145 [main] DEBUG com.github.dockerjava.zerodep.shaded.org.apache.hc.client5.http.impl.classic.ConnectExec - ex-00000050: acquiring connection with route {}->unix://localhost:2375
03:32:55.145 [main] DEBUG com.github.dockerjava.zerodep.shaded.org.apache.hc.client5.http.impl.classic.InternalHttpClient - ex-00000050: acquiring endpoint (3 MINUTES)
03:32:55.145 [main] DEBUG com.github.dockerjava.zerodep.shaded.org.apache.hc.client5.http.impl.io.PoolingHttpClientConnectionManager - ex-00000050: endpoint lease request (3 MINUTES) [route: {}->unix://localhost:2375][total available: 1; route allocated: 1 of 2147483647; total allocated: 1 of 2147483647]
03:32:55.145 [main] DEBUG com.github.dockerjava.zerodep.shaded.org.apache.hc.client5.http.impl.io.PoolingHttpClientConnectionManager - ex-00000050: endpoint leased [route: {}->unix://localhost:2375][total available: 0; route allocated: 1 of 2147483647; total allocated: 1 of 2147483647]
03:32:55.145 [main] DEBUG com.github.dockerjava.zerodep.shaded.org.apache.hc.client5.http.impl.io.PoolingHttpClientConnectionManager - ex-00000050: acquired ep-0000004F
03:32:55.145 [main] DEBUG com.github.dockerjava.zerodep.shaded.org.apache.hc.client5.http.impl.classic.InternalHttpClient - ex-00000050: acquired endpoint ep-0000004F
03:32:55.145 [main] DEBUG com.github.dockerjava.zerodep.shaded.org.apache.hc.client5.http.impl.classic.MainClientExec - ex-00000050: executing GET /v1.32/containers/9691e31891711283f4d98263d11bc6156717d3e75a0b86a23f3b128a992c1f38/json HTTP/1.1
03:32:55.145 [main] DEBUG com.github.dockerjava.zerodep.shaded.org.apache.hc.client5.http.impl.classic.InternalHttpClient - ep-0000004F: start execution ex-00000050
03:32:55.145 [main] DEBUG com.github.dockerjava.zerodep.shaded.org.apache.hc.client5.http.impl.io.PoolingHttpClientConnectionManager - ep-0000004F: executing exchange ex-00000050 over http-outgoing-2
03:32:55.145 [main] DEBUG com.github.dockerjava.zerodep.shaded.org.apache.hc.client5.http.headers - http-outgoing-2 >> GET /v1.32/containers/9691e31891711283f4d98263d11bc6156717d3e75a0b86a23f3b128a992c1f38/json HTTP/1.1
03:32:55.145 [main] DEBUG com.github.dockerjava.zerodep.shaded.org.apache.hc.client5.http.headers - http-outgoing-2 >> accept: application/json
03:32:55.145 [main] DEBUG com.github.dockerjava.zerodep.shaded.org.apache.hc.client5.http.headers - http-outgoing-2 >> Accept-Encoding: gzip, x-gzip, deflate
03:32:55.145 [main] DEBUG com.github.dockerjava.zerodep.shaded.org.apache.hc.client5.http.headers - http-outgoing-2 >> Host: localhost:2375
03:32:55.145 [main] DEBUG com.github.dockerjava.zerodep.shaded.org.apache.hc.client5.http.headers - http-outgoing-2 >> Connection: keep-alive
03:32:55.145 [main] DEBUG com.github.dockerjava.zerodep.shaded.org.apache.hc.client5.http.headers - http-outgoing-2 >> User-Agent: Apache-HttpClient/5.0.3 (Java/11.0.15)
03:32:55.145 [main] DEBUG com.github.dockerjava.zerodep.shaded.org.apache.hc.client5.http.wire - http-outgoing-2 >> "GET /v1.32/containers/9691e31891711283f4d98263d11bc6156717d3e75a0b86a23f3b128a992c1f38/json HTTP/1.1[\r][\n]"
03:32:55.145 [main] DEBUG com.github.dockerjava.zerodep.shaded.org.apache.hc.client5.http.wire - http-outgoing-2 >> "accept: application/json[\r][\n]"
03:32:55.145 [main] DEBUG com.github.dockerjava.zerodep.shaded.org.apache.hc.client5.http.wire - http-outgoing-2 >> "Accept-Encoding: gzip, x-gzip, deflate[\r][\n]"
03:32:55.145 [main] DEBUG com.github.dockerjava.zerodep.shaded.org.apache.hc.client5.http.wire - http-outgoing-2 >> "Host: localhost:2375[\r][\n]"
03:32:55.145 [main] DEBUG com.github.dockerjava.zerodep.shaded.org.apache.hc.client5.http.wire - http-outgoing-2 >> "Connection: keep-alive[\r][\n]"
03:32:55.145 [main] DEBUG com.github.dockerjava.zerodep.shaded.org.apache.hc.client5.http.wire - http-outgoing-2 >> "User-Agent: Apache-HttpClient/5.0.3 (Java/11.0.15)[\r][\n]"
03:32:55.145 [main] DEBUG com.github.dockerjava.zerodep.shaded.org.apache.hc.client5.http.wire - http-outgoing-2 >> "[\r][\n]"
03:32:55.146 [main] DEBUG com.github.dockerjava.zerodep.shaded.org.apache.hc.client5.http.wire - http-outgoing-2 << "HTTP/1.1 200 OK[\r][\n]"
03:32:55.146 [main] DEBUG com.github.dockerjava.zerodep.shaded.org.apache.hc.client5.http.wire - http-outgoing-2 << "Api-Version: 1.41[\r][\n]"
03:32:55.146 [main] DEBUG com.github.dockerjava.zerodep.shaded.org.apache.hc.client5.http.wire - http-outgoing-2 << "Content-Type: application/json[\r][\n]"
03:32:55.146 [main] DEBUG com.github.dockerjava.zerodep.shaded.org.apache.hc.client5.http.wire - http-outgoing-2 << "Docker-Experimental: false[\r][\n]"
03:32:55.146 [main] DEBUG com.github.dockerjava.zerodep.shaded.org.apache.hc.client5.http.wire - http-outgoing-2 << "Ostype: linux[\r][\n]"
03:32:55.146 [main] DEBUG com.github.dockerjava.zerodep.shaded.org.apache.hc.client5.http.wire - http-outgoing-2 << "Server: Docker/20.10.12 (linux)[\r][\n]"
03:32:55.146 [main] DEBUG com.github.dockerjava.zerodep.shaded.org.apache.hc.client5.http.wire - http-outgoing-2 << "Date: Thu, 23 Jun 2022 02:32:55 GMT[\r][\n]"
03:32:55.146 [main] DEBUG com.github.dockerjava.zerodep.shaded.org.apache.hc.client5.http.wire - http-outgoing-2 << "Transfer-Encoding: chunked[\r][\n]"
03:32:55.146 [main] DEBUG com.github.dockerjava.zerodep.shaded.org.apache.hc.client5.http.wire - http-outgoing-2 << "[\r][\n]"
03:32:55.146 [main] DEBUG com.github.dockerjava.zerodep.shaded.org.apache.hc.client5.http.wire - http-outgoing-2 << "18ed[\r][\n]"
03:32:55.146 [main] DEBUG com.github.dockerjava.zerodep.shaded.org.apache.hc.client5.http.wire - http-outgoing-2 << "{"Id":"9691e31891711283f4d98263d11bc6156717d3e75a0b86a23f3b128a992c1f38","Created":"2022-06-23T02:32:47.03956921Z","Path":"docker-entrypoint.sh","Args":["mysqld"],"State":{"Status":"running","Running":true,"Paused":false,"Restarting":false,"OOMKilled":false,"Dead":false,"Pid":66188,"ExitCode":0,"Error":"","StartedAt":"2022-06-23T02:32:47.703880551Z","FinishedAt":"0001-01-01T00:00:00Z"},"Image":"sha256:65b636d5542b73254ce90cc4b895597dc1adc2c661ca553c38eda159979dded1","ResolvConfPath":"/var/lib/docker/containers/9691e31891711283f4d98263d11bc6156717d3e75a0b86a23f3b128a992c1f38/resolv.conf","HostnamePath":"/var/lib/docker/containers/9691e31891711283f4d98263d11bc6156717d3e75a0b86a23f3b128a992c1f38/hostname","HostsPath":"/var/lib/docker/containers/9691e31891711283f4d98263d11bc6156717d3e75a0b86a23f3b128a992c1f38/hosts","LogPath":"/var/lib/docker/containers/9691e31891711283f4d98263d11bc6156717d3e75a0b86a23f3b128a992c1f38/9691e31891711283f4d98263d11bc6156717d3e75a0b86a23f3b128a992c1f38-json.log","Name":"/xenodochial_satoshi","RestartCount":0,"Driver":"overlay2","Platform":"linux","MountLabel":"","ProcessLabel":"","AppArmorProfile":"docker-default","ExecIDs":null,"HostConfig":{"Binds":[],"ContainerIDFile":"","LogConfig":{"Type":"json-file","Config":{}},"NetworkMode":"default","PortBindings":{"3306/tcp":[{"HostIp":"","HostPort":""}]},"RestartPolicy":{"Name":"","MaximumRetryCount":0},"AutoRemove":false,"VolumeDriver":"","VolumesFrom":[],"CapAdd":null,"CapDrop":null,"CgroupnsMode":"host","Dns":null,"DnsOptions":null,"DnsSearch":null,"ExtraHosts":[],"GroupAdd":null,"IpcMode":"shareable","Cgroup":"","Links":null,"OomScoreAdj":0,"PidMode":"","Privileged":false,"PublishAllPorts":false,"ReadonlyRootfs":false,"SecurityOpt":null,"UTSMode":"","UsernsMode":"","ShmSize":67108864,"Runtime":"runc","ConsoleSize":[0,0],"Isolation":"","CpuShares":0,"Memory":0,"NanoCpus":0,"CgroupParent":"","BlkioWeight":0,"BlkioWeightDevice":null,"BlkioDeviceReadBps":null,"BlkioDeviceWriteBps":null,"BlkioDeviceReadIOps":null,"BlkioDeviceWriteIOps":null,"CpuPeriod":0,"CpuQuota":0,"CpuRealtimePeriod":0,"CpuRealtimeRuntime":0,"CpusetCpus":"","CpusetMems":"","Devices":null,"DeviceCgroupRules":null,"DeviceRequests":null,"KernelMemory":0,"KernelMemoryTCP":0,"MemoryReservation":0,"MemorySwap":0,"MemorySwappiness":null,"OomKillDisable":false,"PidsLimit":null,"Ulimits":null,"CpuCount":0,"CpuPercent":0,"IOMaximumIOps":0,"IOMaximumBandwidth":0,"MaskedPaths":["/proc/asound","/proc/acpi","/proc/kcore","/proc/keys","/proc/latency_stats","/proc/timer_list","/proc/timer_stats","/proc/sched_debug","/proc/scsi","/sys/firmware"],"ReadonlyPaths":["/proc/bus","/proc/fs","/proc/irq","/proc/sys","/proc/sysrq-trigger"]},"GraphDriver":{"Data":{"LowerDir":"/var/lib/docker/overlay2/5529564f52cf969e31e7a1482c27be7ffed19639b506ae2e15b7e7115f699a73-init/diff:/var/lib/docker/overlay2/833a665819b5d9728d3efa7c33135034345a24f83af53b1a1af33d9b64f5492a/diff:/var/lib/docker/overlay2/bd4a2a46c227c2f15475b08c398f37acaab93f4fdba31de015d730efae0a0cfc/diff:/var/lib/docker/overlay2/31ad437d7cba8e64428a2b62db1bbb2a2ec19ca4e439ec493ef4deb50dce2783/diff:/var/lib/docker/overlay2/35173cbd8ec5b88a8888e9abbe75f8694f5d3f96a9b781bb70dc1f0889685741/diff:/var/lib/docker/overlay2/24bf69ac4e8c81062fee44e7c9f746fffbb139c3f7f4b55b4fd1b23bb101b529/diff:/var/lib/docker/overlay2/2f27c96a7775dad186b6f0da325d5a251c80aa1b7f80cf8520f493c5154aee70/diff:/var/lib/docker/overlay2/463a60088c72ddbea82639ded15801e35a79c443f6a26bf1baf320c683cb06af/diff:/var/lib/docker/overlay2/80b8224b23a2ee4b5be635c58ae579fd1913aa95558cd66ab2f5e8430f00a5b8/diff:/var/lib/docker/overlay2/20451fa0b1a07b85d665bc3a0359d721ce4e4c28fa3bce7456ab25e0babae708/diff:/var/lib/docker/overlay2/f80d865cbc6c1c6f57d0963fa6234e7a6409e079eb17f4f13ca41d02731701ad/diff:/var/lib/docker/overlay2/5a3029e0b57c6ec9b985871ff6adf08356aaa0f2a15f1e34c1a7f116ecc4a61d/diff:/var/lib/docker/overlay2/4f3423103248d0b381a1bc6a7287e2b42313ff458cea602a02b7379014b03e0e/diff","MergedDir":"/var/lib/docker/overlay2/5529564f52cf969e31e7a1482c27be7ffed19639b506ae2e15b7e7115f699a73/merged","UpperDir":"/var/lib/docker/overlay2/5529564f52cf969e31e7a1482c27be7ffed19639b506ae2e15b7e7115f699a73/diff","WorkDir":"/var/lib/docker/overlay2/5529564f52cf969e31e7a1482c27be7ffed19639b506ae2e15b7e7115f699a73/work"},"Name":"overlay2"},"Mounts":[{"Type":"volume","Name":"fd1f613c7fe3ca3ae799982507ac3f565cc9f6a2dc99ceaed92389e2c43f47d1","Source":"/var/lib/docker/volumes/fd1f613c7fe3ca3ae799982507ac3f565cc9f6a2dc99ceaed92389e2c43f47d1/_data","Destination":"/var/lib/mysql","Driver":"local","Mode":"","RW":true,"Propagation":""}],"Config":{"Hostname":"9691e3189171","Domainname":"","User":"","AttachStdin":false,"AttachStdout":false,"AttachStderr":false,"ExposedPorts":{"3306/tcp":{},"33060/tcp":{}},"Tty":false,"OpenStdin":false,"StdinOnce":false,"Env":["MYSQL_DATABASE=test","MYSQL_PASSWORD=admin","MYSQL_USER=admin","MYSQL_ROOT_PASSWORD=admin","PATH=/usr/local/sbin:/usr/local/bin:/usr/sbin:/usr/bin:/sbin:/bin","GOSU_VERSION=1.14","MYSQL_MAJOR=8.0","MYSQL_VERSION=8.0.29-1debian10"],"Cmd":["mysqld"],"Image":"mysql:8.0","Volumes":{"/var/lib/mysql":{}},"WorkingDir":"","Entrypoint":["docker-entrypoint.sh"],"OnBuild":null,"Labels":{"org.testcontainers":"true","org.testcontainers.sessionId":"d48265e4-2b28-4f8c-aa67-76dd8289af84"}},"NetworkSettings":{"Bridge":"","SandboxID":"d9de8570fe3f0a4e9f3a1ff7101c963bbd2c6a0a9d8a867b96f17f4d5edca537","HairpinMode":false,"LinkLocalIPv6Address":"","LinkLocalIPv6PrefixLen":0,"Ports":{"3306/tcp":[{"HostIp":"0.0.0.0","HostPort":"49160"},{"HostIp":"::","HostPort":"49160"}],"33060/tcp":null},"SandboxKey":"/var/run/docker/netns/d9de8570fe3f","SecondaryIPAddresses":null,"SecondaryIPv6Addresses":null,"EndpointID":"93e8fe159f683a98670e8995677c2b130dbce857fc116679206e206bda319cbf","Gateway":"172.17.0.1","GlobalIPv6Address":"","GlobalIPv6PrefixLen":0,"IPAddress":"172.17.0.3","IPPrefixLen":16,"IPv6Gateway":"","MacAddress":"02:42:ac:11:00:03","Networks":{"bridge":{"IPAMConfig":null,"Links":null,"Aliases":null,"NetworkID":"1853cd2b9856825cc97ed9ef2b12efa82d95bf9cf60ad666c276eb35cc53539e","EndpointID":"93e8fe159f683a98670e8995677c2b130dbce857fc116679206e206bda319cbf","Gateway":"172.17.0.1","IPAddress":"172.17.0.3","IPPrefixLen":16,"IPv6Gateway":"","GlobalIPv6Address":"","GlobalIPv6PrefixLen":0,"MacAddress":"02:42:ac:11:00:03","DriverOpts":null}}}}[\n]"
03:32:55.146 [main] DEBUG com.github.dockerjava.zerodep.shaded.org.apache.hc.client5.http.wire - http-outgoing-2 << "[\r][\n]"
03:32:55.146 [main] DEBUG com.github.dockerjava.zerodep.shaded.org.apache.hc.client5.http.wire - http-outgoing-2 << "0[\r][\n]"
03:32:55.146 [main] DEBUG com.github.dockerjava.zerodep.shaded.org.apache.hc.client5.http.wire - http-outgoing-2 << "[\r][\n]"
03:32:55.146 [main] DEBUG com.github.dockerjava.zerodep.shaded.org.apache.hc.client5.http.headers - http-outgoing-2 << HTTP/1.1 200 OK
03:32:55.146 [main] DEBUG com.github.dockerjava.zerodep.shaded.org.apache.hc.client5.http.headers - http-outgoing-2 << Api-Version: 1.41
03:32:55.146 [main] DEBUG com.github.dockerjava.zerodep.shaded.org.apache.hc.client5.http.headers - http-outgoing-2 << Content-Type: application/json
03:32:55.146 [main] DEBUG com.github.dockerjava.zerodep.shaded.org.apache.hc.client5.http.headers - http-outgoing-2 << Docker-Experimental: false
03:32:55.146 [main] DEBUG com.github.dockerjava.zerodep.shaded.org.apache.hc.client5.http.headers - http-outgoing-2 << Ostype: linux
03:32:55.146 [main] DEBUG com.github.dockerjava.zerodep.shaded.org.apache.hc.client5.http.headers - http-outgoing-2 << Server: Docker/20.10.12 (linux)
03:32:55.146 [main] DEBUG com.github.dockerjava.zerodep.shaded.org.apache.hc.client5.http.headers - http-outgoing-2 << Date: Thu, 23 Jun 2022 02:32:55 GMT
03:32:55.146 [main] DEBUG com.github.dockerjava.zerodep.shaded.org.apache.hc.client5.http.headers - http-outgoing-2 << Transfer-Encoding: chunked
03:32:55.146 [main] DEBUG com.github.dockerjava.zerodep.shaded.org.apache.hc.client5.http.impl.classic.MainClientExec - ex-00000050: connection can be kept alive for 3 MINUTES
03:32:55.147 [main] DEBUG com.github.dockerjava.zerodep.shaded.org.apache.hc.client5.http.impl.classic.InternalHttpClient - ep-0000004F: releasing valid endpoint
03:32:55.147 [main] DEBUG com.github.dockerjava.zerodep.shaded.org.apache.hc.client5.http.impl.io.PoolingHttpClientConnectionManager - ep-0000004F: releasing endpoint
03:32:55.148 [main] DEBUG com.github.dockerjava.zerodep.shaded.org.apache.hc.client5.http.impl.io.PoolingHttpClientConnectionManager - ep-0000004F: connection http-outgoing-2 can be kept alive for 3 MINUTES
03:32:55.148 [main] DEBUG com.github.dockerjava.zerodep.shaded.org.apache.hc.client5.http.impl.io.PoolingHttpClientConnectionManager - ep-0000004F: connection released [route: {}->unix://localhost:2375][total available: 1; route allocated: 1 of 2147483647; total allocated: 1 of 2147483647]
03:32:55.148 [main] DEBUG 🐳 [mysql:8.0] - Trying to create JDBC connection using com.mysql.cj.jdbc.Driver to jdbc:mysql://localhost:49160/test?useSSL=false&allowPublicKeyRetrieval=true with properties: {password=admin, user=admin}
03:32:55.249 [main] DEBUG org.testcontainers.shaded.com.github.dockerjava.core.command.AbstrDockerCmd - Cmd: 9691e31891711283f4d98263d11bc6156717d3e75a0b86a23f3b128a992c1f38,false
03:32:55.250 [main] DEBUG org.testcontainers.shaded.com.github.dockerjava.core.exec.InspectContainerCmdExec - GET: DefaultWebTarget{path=[/containers/9691e31891711283f4d98263d11bc6156717d3e75a0b86a23f3b128a992c1f38/json], queryParams={}}
03:32:55.250 [main] DEBUG com.github.dockerjava.zerodep.shaded.org.apache.hc.client5.http.impl.classic.InternalHttpClient - ex-00000051: preparing request execution
03:32:55.250 [main] DEBUG com.github.dockerjava.zerodep.shaded.org.apache.hc.client5.http.protocol.RequestAddCookies - Cookie spec selected: strict
03:32:55.250 [main] DEBUG com.github.dockerjava.zerodep.shaded.org.apache.hc.client5.http.protocol.RequestAuthCache - Auth cache not set in the context
03:32:55.250 [main] DEBUG com.github.dockerjava.zerodep.shaded.org.apache.hc.client5.http.impl.classic.ProtocolExec - ex-00000051: target auth state: UNCHALLENGED
03:32:55.250 [main] DEBUG com.github.dockerjava.zerodep.shaded.org.apache.hc.client5.http.impl.classic.ProtocolExec - ex-00000051: proxy auth state: UNCHALLENGED
03:32:55.250 [main] DEBUG com.github.dockerjava.zerodep.shaded.org.apache.hc.client5.http.impl.classic.ConnectExec - ex-00000051: acquiring connection with route {}->unix://localhost:2375
03:32:55.250 [main] DEBUG com.github.dockerjava.zerodep.shaded.org.apache.hc.client5.http.impl.classic.InternalHttpClient - ex-00000051: acquiring endpoint (3 MINUTES)
03:32:55.250 [main] DEBUG com.github.dockerjava.zerodep.shaded.org.apache.hc.client5.http.impl.io.PoolingHttpClientConnectionManager - ex-00000051: endpoint lease request (3 MINUTES) [route: {}->unix://localhost:2375][total available: 1; route allocated: 1 of 2147483647; total allocated: 1 of 2147483647]
03:32:55.250 [main] DEBUG com.github.dockerjava.zerodep.shaded.org.apache.hc.client5.http.impl.io.PoolingHttpClientConnectionManager - ex-00000051: endpoint leased [route: {}->unix://localhost:2375][total available: 0; route allocated: 1 of 2147483647; total allocated: 1 of 2147483647]
03:32:55.250 [main] DEBUG com.github.dockerjava.zerodep.shaded.org.apache.hc.client5.http.impl.io.PoolingHttpClientConnectionManager - ex-00000051: acquired ep-00000050
03:32:55.250 [main] DEBUG com.github.dockerjava.zerodep.shaded.org.apache.hc.client5.http.impl.classic.InternalHttpClient - ex-00000051: acquired endpoint ep-00000050
03:32:55.250 [main] DEBUG com.github.dockerjava.zerodep.shaded.org.apache.hc.client5.http.impl.classic.MainClientExec - ex-00000051: executing GET /v1.32/containers/9691e31891711283f4d98263d11bc6156717d3e75a0b86a23f3b128a992c1f38/json HTTP/1.1
03:32:55.250 [main] DEBUG com.github.dockerjava.zerodep.shaded.org.apache.hc.client5.http.impl.classic.InternalHttpClient - ep-00000050: start execution ex-00000051
03:32:55.250 [main] DEBUG com.github.dockerjava.zerodep.shaded.org.apache.hc.client5.http.impl.io.PoolingHttpClientConnectionManager - ep-00000050: executing exchange ex-00000051 over http-outgoing-2
03:32:55.250 [main] DEBUG com.github.dockerjava.zerodep.shaded.org.apache.hc.client5.http.headers - http-outgoing-2 >> GET /v1.32/containers/9691e31891711283f4d98263d11bc6156717d3e75a0b86a23f3b128a992c1f38/json HTTP/1.1
03:32:55.250 [main] DEBUG com.github.dockerjava.zerodep.shaded.org.apache.hc.client5.http.headers - http-outgoing-2 >> accept: application/json
03:32:55.250 [main] DEBUG com.github.dockerjava.zerodep.shaded.org.apache.hc.client5.http.headers - http-outgoing-2 >> Accept-Encoding: gzip, x-gzip, deflate
03:32:55.250 [main] DEBUG com.github.dockerjava.zerodep.shaded.org.apache.hc.client5.http.headers - http-outgoing-2 >> Host: localhost:2375
03:32:55.250 [main] DEBUG com.github.dockerjava.zerodep.shaded.org.apache.hc.client5.http.headers - http-outgoing-2 >> Connection: keep-alive
03:32:55.250 [main] DEBUG com.github.dockerjava.zerodep.shaded.org.apache.hc.client5.http.headers - http-outgoing-2 >> User-Agent: Apache-HttpClient/5.0.3 (Java/11.0.15)
03:32:55.250 [main] DEBUG com.github.dockerjava.zerodep.shaded.org.apache.hc.client5.http.wire - http-outgoing-2 >> "GET /v1.32/containers/9691e31891711283f4d98263d11bc6156717d3e75a0b86a23f3b128a992c1f38/json HTTP/1.1[\r][\n]"
03:32:55.250 [main] DEBUG com.github.dockerjava.zerodep.shaded.org.apache.hc.client5.http.wire - http-outgoing-2 >> "accept: application/json[\r][\n]"
03:32:55.250 [main] DEBUG com.github.dockerjava.zerodep.shaded.org.apache.hc.client5.http.wire - http-outgoing-2 >> "Accept-Encoding: gzip, x-gzip, deflate[\r][\n]"
03:32:55.251 [main] DEBUG com.github.dockerjava.zerodep.shaded.org.apache.hc.client5.http.wire - http-outgoing-2 >> "Host: localhost:2375[\r][\n]"
03:32:55.251 [main] DEBUG com.github.dockerjava.zerodep.shaded.org.apache.hc.client5.http.wire - http-outgoing-2 >> "Connection: keep-alive[\r][\n]"
03:32:55.251 [main] DEBUG com.github.dockerjava.zerodep.shaded.org.apache.hc.client5.http.wire - http-outgoing-2 >> "User-Agent: Apache-HttpClient/5.0.3 (Java/11.0.15)[\r][\n]"
03:32:55.251 [main] DEBUG com.github.dockerjava.zerodep.shaded.org.apache.hc.client5.http.wire - http-outgoing-2 >> "[\r][\n]"
03:32:55.251 [main] DEBUG com.github.dockerjava.zerodep.shaded.org.apache.hc.client5.http.wire - http-outgoing-2 << "HTTP/1.1 200 OK[\r][\n]"
03:32:55.251 [main] DEBUG com.github.dockerjava.zerodep.shaded.org.apache.hc.client5.http.wire - http-outgoing-2 << "Api-Version: 1.41[\r][\n]"
03:32:55.251 [main] DEBUG com.github.dockerjava.zerodep.shaded.org.apache.hc.client5.http.wire - http-outgoing-2 << "Content-Type: application/json[\r][\n]"
03:32:55.251 [main] DEBUG com.github.dockerjava.zerodep.shaded.org.apache.hc.client5.http.wire - http-outgoing-2 << "Docker-Experimental: false[\r][\n]"
03:32:55.251 [main] DEBUG com.github.dockerjava.zerodep.shaded.org.apache.hc.client5.http.wire - http-outgoing-2 << "Ostype: linux[\r][\n]"
03:32:55.251 [main] DEBUG com.github.dockerjava.zerodep.shaded.org.apache.hc.client5.http.wire - http-outgoing-2 << "Server: Docker/20.10.12 (linux)[\r][\n]"
03:32:55.251 [main] DEBUG com.github.dockerjava.zerodep.shaded.org.apache.hc.client5.http.wire - http-outgoing-2 << "Date: Thu, 23 Jun 2022 02:32:55 GMT[\r][\n]"
03:32:55.251 [main] DEBUG com.github.dockerjava.zerodep.shaded.org.apache.hc.client5.http.wire - http-outgoing-2 << "Transfer-Encoding: chunked[\r][\n]"
03:32:55.251 [main] DEBUG com.github.dockerjava.zerodep.shaded.org.apache.hc.client5.http.wire - http-outgoing-2 << "[\r][\n]"
03:32:55.251 [main] DEBUG com.github.dockerjava.zerodep.shaded.org.apache.hc.client5.http.wire - http-outgoing-2 << "18ed[\r][\n]"
03:32:55.251 [main] DEBUG com.github.dockerjava.zerodep.shaded.org.apache.hc.client5.http.wire - http-outgoing-2 << "{"Id":"9691e31891711283f4d98263d11bc6156717d3e75a0b86a23f3b128a992c1f38","Created":"2022-06-23T02:32:47.03956921Z","Path":"docker-entrypoint.sh","Args":["mysqld"],"State":{"Status":"running","Running":true,"Paused":false,"Restarting":false,"OOMKilled":false,"Dead":false,"Pid":66188,"ExitCode":0,"Error":"","StartedAt":"2022-06-23T02:32:47.703880551Z","FinishedAt":"0001-01-01T00:00:00Z"},"Image":"sha256:65b636d5542b73254ce90cc4b895597dc1adc2c661ca553c38eda159979dded1","ResolvConfPath":"/var/lib/docker/containers/9691e31891711283f4d98263d11bc6156717d3e75a0b86a23f3b128a992c1f38/resolv.conf","HostnamePath":"/var/lib/docker/containers/9691e31891711283f4d98263d11bc6156717d3e75a0b86a23f3b128a992c1f38/hostname","HostsPath":"/var/lib/docker/containers/9691e31891711283f4d98263d11bc6156717d3e75a0b86a23f3b128a992c1f38/hosts","LogPath":"/var/lib/docker/containers/9691e31891711283f4d98263d11bc6156717d3e75a0b86a23f3b128a992c1f38/9691e31891711283f4d98263d11bc6156717d3e75a0b86a23f3b128a992c1f38-json.log","Name":"/xenodochial_satoshi","RestartCount":0,"Driver":"overlay2","Platform":"linux","MountLabel":"","ProcessLabel":"","AppArmorProfile":"docker-default","ExecIDs":null,"HostConfig":{"Binds":[],"ContainerIDFile":"","LogConfig":{"Type":"json-file","Config":{}},"NetworkMode":"default","PortBindings":{"3306/tcp":[{"HostIp":"","HostPort":""}]},"RestartPolicy":{"Name":"","MaximumRetryCount":0},"AutoRemove":false,"VolumeDriver":"","VolumesFrom":[],"CapAdd":null,"CapDrop":null,"CgroupnsMode":"host","Dns":null,"DnsOptions":null,"DnsSearch":null,"ExtraHosts":[],"GroupAdd":null,"IpcMode":"shareable","Cgroup":"","Links":null,"OomScoreAdj":0,"PidMode":"","Privileged":false,"PublishAllPorts":false,"ReadonlyRootfs":false,"SecurityOpt":null,"UTSMode":"","UsernsMode":"","ShmSize":67108864,"Runtime":"runc","ConsoleSize":[0,0],"Isolation":"","CpuShares":0,"Memory":0,"NanoCpus":0,"CgroupParent":"","BlkioWeight":0,"BlkioWeightDevice":null,"BlkioDeviceReadBps":null,"BlkioDeviceWriteBps":null,"BlkioDeviceReadIOps":null,"BlkioDeviceWriteIOps":null,"CpuPeriod":0,"CpuQuota":0,"CpuRealtimePeriod":0,"CpuRealtimeRuntime":0,"CpusetCpus":"","CpusetMems":"","Devices":null,"DeviceCgroupRules":null,"DeviceRequests":null,"KernelMemory":0,"KernelMemoryTCP":0,"MemoryReservation":0,"MemorySwap":0,"MemorySwappiness":null,"OomKillDisable":false,"PidsLimit":null,"Ulimits":null,"CpuCount":0,"CpuPercent":0,"IOMaximumIOps":0,"IOMaximumBandwidth":0,"MaskedPaths":["/proc/asound","/proc/acpi","/proc/kcore","/proc/keys","/proc/latency_stats","/proc/timer_list","/proc/timer_stats","/proc/sched_debug","/proc/scsi","/sys/firmware"],"ReadonlyPaths":["/proc/bus","/proc/fs","/proc/irq","/proc/sys","/proc/sysrq-trigger"]},"GraphDriver":{"Data":{"LowerDir":"/var/lib/docker/overlay2/5529564f52cf969e31e7a1482c27be7ffed19639b506ae2e15b7e7115f699a73-init/diff:/var/lib/docker/overlay2/833a665819b5d9728d3efa7c33135034345a24f83af53b1a1af33d9b64f5492a/diff:/var/lib/docker/overlay2/bd4a2a46c227c2f15475b08c398f37acaab93f4fdba31de015d730efae0a0cfc/diff:/var/lib/docker/overlay2/31ad437d7cba8e64428a2b62db1bbb2a2ec19ca4e439ec493ef4deb50dce2783/diff:/var/lib/docker/overlay2/35173cbd8ec5b88a8888e9abbe75f8694f5d3f96a9b781bb70dc1f0889685741/diff:/var/lib/docker/overlay2/24bf69ac4e8c81062fee44e7c9f746fffbb139c3f7f4b55b4fd1b23bb101b529/diff:/var/lib/docker/overlay2/2f27c96a7775dad186b6f0da325d5a251c80aa1b7f80cf8520f493c5154aee70/diff:/var/lib/docker/overlay2/463a60088c72ddbea82639ded15801e35a79c443f6a26bf1baf320c683cb06af/diff:/var/lib/docker/overlay2/80b8224b23a2ee4b5be635c58ae579fd1913aa95558cd66ab2f5e8430f00a5b8/diff:/var/lib/docker/overlay2/20451fa0b1a07b85d665bc3a0359d721ce4e4c28fa3bce7456ab25e0babae708/diff:/var/lib/docker/overlay2/f80d865cbc6c1c6f57d0963fa6234e7a6409e079eb17f4f13ca41d02731701ad/diff:/var/lib/docker/overlay2/5a3029e0b57c6ec9b985871ff6adf08356aaa0f2a15f1e34c1a7f116ecc4a61d/diff:/var/lib/docker/overlay2/4f3423103248d0b381a1bc6a7287e2b42313ff458cea602a02b7379014b03e0e/diff","MergedDir":"/var/lib/docker/overlay2/5529564f52cf969e31e7a1482c27be7ffed19639b506ae2e15b7e7115f699a73/merged","UpperDir":"/var/lib/docker/overlay2/5529564f52cf969e31e7a1482c27be7ffed19639b506ae2e15b7e7115f699a73/diff","WorkDir":"/var/lib/docker/overlay2/5529564f52cf969e31e7a1482c27be7ffed19639b506ae2e15b7e7115f699a73/work"},"Name":"overlay2"},"Mounts":[{"Type":"volume","Name":"fd1f613c7fe3ca3ae799982507ac3f565cc9f6a2dc99ceaed92389e2c43f47d1","Source":"/var/lib/docker/volumes/fd1f613c7fe3ca3ae799982507ac3f565cc9f6a2dc99ceaed92389e2c43f47d1/_data","Destination":"/var/lib/mysql","Driver":"local","Mode":"","RW":true,"Propagation":""}],"Config":{"Hostname":"9691e3189171","Domainname":"","User":"","AttachStdin":false,"AttachStdout":false,"AttachStderr":false,"ExposedPorts":{"3306/tcp":{},"33060/tcp":{}},"Tty":false,"OpenStdin":false,"StdinOnce":false,"Env":["MYSQL_DATABASE=test","MYSQL_PASSWORD=admin","MYSQL_USER=admin","MYSQL_ROOT_PASSWORD=admin","PATH=/usr/local/sbin:/usr/local/bin:/usr/sbin:/usr/bin:/sbin:/bin","GOSU_VERSION=1.14","MYSQL_MAJOR=8.0","MYSQL_VERSION=8.0.29-1debian10"],"Cmd":["mysqld"],"Image":"mysql:8.0","Volumes":{"/var/lib/mysql":{}},"WorkingDir":"","Entrypoint":["docker-entrypoint.sh"],"OnBuild":null,"Labels":{"org.testcontainers":"true","org.testcontainers.sessionId":"d48265e4-2b28-4f8c-aa67-76dd8289af84"}},"NetworkSettings":{"Bridge":"","SandboxID":"d9de8570fe3f0a4e9f3a1ff7101c963bbd2c6a0a9d8a867b96f17f4d5edca537","HairpinMode":false,"LinkLocalIPv6Address":"","LinkLocalIPv6PrefixLen":0,"Ports":{"3306/tcp":[{"HostIp":"0.0.0.0","HostPort":"49160"},{"HostIp":"::","HostPort":"49160"}],"33060/tcp":null},"SandboxKey":"/var/run/docker/netns/d9de8570fe3f","SecondaryIPAddresses":null,"SecondaryIPv6Addresses":null,"EndpointID":"93e8fe159f683a98670e8995677c2b130dbce857fc116679206e206bda319cbf","Gateway":"172.17.0.1","GlobalIPv6Address":"","GlobalIPv6PrefixLen":0,"IPAddress":"172.17.0.3","IPPrefixLen":16,"IPv6Gateway":"","MacAddress":"02:42:ac:11:00:03","Networks":{"bridge":{"IPAMConfig":null,"Links":null,"Aliases":null,"NetworkID":"1853cd2b9856825cc97ed9ef2b12efa82d95bf9cf60ad666c276eb35cc53539e","EndpointID":"93e8fe159f683a98670e8995677c2b130dbce857fc116679206e206bda319cbf","Gateway":"172.17.0.1","IPAddress":"172.17.0.3","IPPrefixLen":16,"IPv6Gateway":"","GlobalIPv6Address":"","GlobalIPv6PrefixLen":0,"MacAddress":"02:42:ac:11:00:03","DriverOpts":null}}}}[\n]"
03:32:55.251 [main] DEBUG com.github.dockerjava.zerodep.shaded.org.apache.hc.client5.http.wire - http-outgoing-2 << "[\r][\n]"
03:32:55.251 [main] DEBUG com.github.dockerjava.zerodep.shaded.org.apache.hc.client5.http.wire - http-outgoing-2 << "0[\r][\n]"
03:32:55.251 [main] DEBUG com.github.dockerjava.zerodep.shaded.org.apache.hc.client5.http.wire - http-outgoing-2 << "[\r][\n]"
03:32:55.251 [main] DEBUG com.github.dockerjava.zerodep.shaded.org.apache.hc.client5.http.headers - http-outgoing-2 << HTTP/1.1 200 OK
03:32:55.251 [main] DEBUG com.github.dockerjava.zerodep.shaded.org.apache.hc.client5.http.headers - http-outgoing-2 << Api-Version: 1.41
03:32:55.251 [main] DEBUG com.github.dockerjava.zerodep.shaded.org.apache.hc.client5.http.headers - http-outgoing-2 << Content-Type: application/json
03:32:55.251 [main] DEBUG com.github.dockerjava.zerodep.shaded.org.apache.hc.client5.http.headers - http-outgoing-2 << Docker-Experimental: false
03:32:55.251 [main] DEBUG com.github.dockerjava.zerodep.shaded.org.apache.hc.client5.http.headers - http-outgoing-2 << Ostype: linux
03:32:55.251 [main] DEBUG com.github.dockerjava.zerodep.shaded.org.apache.hc.client5.http.headers - http-outgoing-2 << Server: Docker/20.10.12 (linux)
03:32:55.251 [main] DEBUG com.github.dockerjava.zerodep.shaded.org.apache.hc.client5.http.headers - http-outgoing-2 << Date: Thu, 23 Jun 2022 02:32:55 GMT
03:32:55.251 [main] DEBUG com.github.dockerjava.zerodep.shaded.org.apache.hc.client5.http.headers - http-outgoing-2 << Transfer-Encoding: chunked
03:32:55.251 [main] DEBUG com.github.dockerjava.zerodep.shaded.org.apache.hc.client5.http.impl.classic.MainClientExec - ex-00000051: connection can be kept alive for 3 MINUTES
03:32:55.252 [main] DEBUG com.github.dockerjava.zerodep.shaded.org.apache.hc.client5.http.impl.classic.InternalHttpClient - ep-00000050: releasing valid endpoint
03:32:55.252 [main] DEBUG com.github.dockerjava.zerodep.shaded.org.apache.hc.client5.http.impl.io.PoolingHttpClientConnectionManager - ep-00000050: releasing endpoint
03:32:55.252 [main] DEBUG com.github.dockerjava.zerodep.shaded.org.apache.hc.client5.http.impl.io.PoolingHttpClientConnectionManager - ep-00000050: connection http-outgoing-2 can be kept alive for 3 MINUTES
03:32:55.252 [main] DEBUG com.github.dockerjava.zerodep.shaded.org.apache.hc.client5.http.impl.io.PoolingHttpClientConnectionManager - ep-00000050: connection released [route: {}->unix://localhost:2375][total available: 1; route allocated: 1 of 2147483647; total allocated: 1 of 2147483647]
03:32:55.253 [main] DEBUG 🐳 [mysql:8.0] - Trying to create JDBC connection using com.mysql.cj.jdbc.Driver to jdbc:mysql://localhost:49160/test?useSSL=false&allowPublicKeyRetrieval=true with properties: {password=admin, user=admin}
03:32:55.355 [main] DEBUG org.testcontainers.shaded.com.github.dockerjava.core.command.AbstrDockerCmd - Cmd: 9691e31891711283f4d98263d11bc6156717d3e75a0b86a23f3b128a992c1f38,false
03:32:55.355 [main] DEBUG org.testcontainers.shaded.com.github.dockerjava.core.exec.InspectContainerCmdExec - GET: DefaultWebTarget{path=[/containers/9691e31891711283f4d98263d11bc6156717d3e75a0b86a23f3b128a992c1f38/json], queryParams={}}
03:32:55.356 [main] DEBUG com.github.dockerjava.zerodep.shaded.org.apache.hc.client5.http.impl.classic.InternalHttpClient - ex-00000052: preparing request execution
03:32:55.356 [main] DEBUG com.github.dockerjava.zerodep.shaded.org.apache.hc.client5.http.protocol.RequestAddCookies - Cookie spec selected: strict
03:32:55.356 [main] DEBUG com.github.dockerjava.zerodep.shaded.org.apache.hc.client5.http.protocol.RequestAuthCache - Auth cache not set in the context
03:32:55.356 [main] DEBUG com.github.dockerjava.zerodep.shaded.org.apache.hc.client5.http.impl.classic.ProtocolExec - ex-00000052: target auth state: UNCHALLENGED
03:32:55.356 [main] DEBUG com.github.dockerjava.zerodep.shaded.org.apache.hc.client5.http.impl.classic.ProtocolExec - ex-00000052: proxy auth state: UNCHALLENGED
03:32:55.356 [main] DEBUG com.github.dockerjava.zerodep.shaded.org.apache.hc.client5.http.impl.classic.ConnectExec - ex-00000052: acquiring connection with route {}->unix://localhost:2375
03:32:55.356 [main] DEBUG com.github.dockerjava.zerodep.shaded.org.apache.hc.client5.http.impl.classic.InternalHttpClient - ex-00000052: acquiring endpoint (3 MINUTES)
03:32:55.356 [main] DEBUG com.github.dockerjava.zerodep.shaded.org.apache.hc.client5.http.impl.io.PoolingHttpClientConnectionManager - ex-00000052: endpoint lease request (3 MINUTES) [route: {}->unix://localhost:2375][total available: 1; route allocated: 1 of 2147483647; total allocated: 1 of 2147483647]
03:32:55.356 [main] DEBUG com.github.dockerjava.zerodep.shaded.org.apache.hc.client5.http.impl.io.PoolingHttpClientConnectionManager - ex-00000052: endpoint leased [route: {}->unix://localhost:2375][total available: 0; route allocated: 1 of 2147483647; total allocated: 1 of 2147483647]
03:32:55.356 [main] DEBUG com.github.dockerjava.zerodep.shaded.org.apache.hc.client5.http.impl.io.PoolingHttpClientConnectionManager - ex-00000052: acquired ep-00000051
03:32:55.356 [main] DEBUG com.github.dockerjava.zerodep.shaded.org.apache.hc.client5.http.impl.classic.InternalHttpClient - ex-00000052: acquired endpoint ep-00000051
03:32:55.356 [main] DEBUG com.github.dockerjava.zerodep.shaded.org.apache.hc.client5.http.impl.classic.MainClientExec - ex-00000052: executing GET /v1.32/containers/9691e31891711283f4d98263d11bc6156717d3e75a0b86a23f3b128a992c1f38/json HTTP/1.1
03:32:55.356 [main] DEBUG com.github.dockerjava.zerodep.shaded.org.apache.hc.client5.http.impl.classic.InternalHttpClient - ep-00000051: start execution ex-00000052
03:32:55.356 [main] DEBUG com.github.dockerjava.zerodep.shaded.org.apache.hc.client5.http.impl.io.PoolingHttpClientConnectionManager - ep-00000051: executing exchange ex-00000052 over http-outgoing-2
03:32:55.356 [main] DEBUG com.github.dockerjava.zerodep.shaded.org.apache.hc.client5.http.headers - http-outgoing-2 >> GET /v1.32/containers/9691e31891711283f4d98263d11bc6156717d3e75a0b86a23f3b128a992c1f38/json HTTP/1.1
03:32:55.356 [main] DEBUG com.github.dockerjava.zerodep.shaded.org.apache.hc.client5.http.headers - http-outgoing-2 >> accept: application/json
03:32:55.356 [main] DEBUG com.github.dockerjava.zerodep.shaded.org.apache.hc.client5.http.headers - http-outgoing-2 >> Accept-Encoding: gzip, x-gzip, deflate
03:32:55.356 [main] DEBUG com.github.dockerjava.zerodep.shaded.org.apache.hc.client5.http.headers - http-outgoing-2 >> Host: localhost:2375
03:32:55.356 [main] DEBUG com.github.dockerjava.zerodep.shaded.org.apache.hc.client5.http.headers - http-outgoing-2 >> Connection: keep-alive
03:32:55.356 [main] DEBUG com.github.dockerjava.zerodep.shaded.org.apache.hc.client5.http.headers - http-outgoing-2 >> User-Agent: Apache-HttpClient/5.0.3 (Java/11.0.15)
03:32:55.356 [main] DEBUG com.github.dockerjava.zerodep.shaded.org.apache.hc.client5.http.wire - http-outgoing-2 >> "GET /v1.32/containers/9691e31891711283f4d98263d11bc6156717d3e75a0b86a23f3b128a992c1f38/json HTTP/1.1[\r][\n]"
03:32:55.356 [main] DEBUG com.github.dockerjava.zerodep.shaded.org.apache.hc.client5.http.wire - http-outgoing-2 >> "accept: application/json[\r][\n]"
03:32:55.356 [main] DEBUG com.github.dockerjava.zerodep.shaded.org.apache.hc.client5.http.wire - http-outgoing-2 >> "Accept-Encoding: gzip, x-gzip, deflate[\r][\n]"
03:32:55.356 [main] DEBUG com.github.dockerjava.zerodep.shaded.org.apache.hc.client5.http.wire - http-outgoing-2 >> "Host: localhost:2375[\r][\n]"
03:32:55.356 [main] DEBUG com.github.dockerjava.zerodep.shaded.org.apache.hc.client5.http.wire - http-outgoing-2 >> "Connection: keep-alive[\r][\n]"
03:32:55.356 [main] DEBUG com.github.dockerjava.zerodep.shaded.org.apache.hc.client5.http.wire - http-outgoing-2 >> "User-Agent: Apache-HttpClient/5.0.3 (Java/11.0.15)[\r][\n]"
03:32:55.356 [main] DEBUG com.github.dockerjava.zerodep.shaded.org.apache.hc.client5.http.wire - http-outgoing-2 >> "[\r][\n]"
03:32:55.358 [main] DEBUG com.github.dockerjava.zerodep.shaded.org.apache.hc.client5.http.wire - http-outgoing-2 << "HTTP/1.1 200 OK[\r][\n]"
03:32:55.358 [main] DEBUG com.github.dockerjava.zerodep.shaded.org.apache.hc.client5.http.wire - http-outgoing-2 << "Api-Version: 1.41[\r][\n]"
03:32:55.358 [main] DEBUG com.github.dockerjava.zerodep.shaded.org.apache.hc.client5.http.wire - http-outgoing-2 << "Content-Type: application/json[\r][\n]"
03:32:55.358 [main] DEBUG com.github.dockerjava.zerodep.shaded.org.apache.hc.client5.http.wire - http-outgoing-2 << "Docker-Experimental: false[\r][\n]"
03:32:55.358 [main] DEBUG com.github.dockerjava.zerodep.shaded.org.apache.hc.client5.http.wire - http-outgoing-2 << "Ostype: linux[\r][\n]"
03:32:55.358 [main] DEBUG com.github.dockerjava.zerodep.shaded.org.apache.hc.client5.http.wire - http-outgoing-2 << "Server: Docker/20.10.12 (linux)[\r][\n]"
03:32:55.358 [main] DEBUG com.github.dockerjava.zerodep.shaded.org.apache.hc.client5.http.wire - http-outgoing-2 << "Date: Thu, 23 Jun 2022 02:32:55 GMT[\r][\n]"
03:32:55.358 [main] DEBUG com.github.dockerjava.zerodep.shaded.org.apache.hc.client5.http.wire - http-outgoing-2 << "Transfer-Encoding: chunked[\r][\n]"
03:32:55.358 [main] DEBUG com.github.dockerjava.zerodep.shaded.org.apache.hc.client5.http.wire - http-outgoing-2 << "[\r][\n]"
03:32:55.358 [main] DEBUG com.github.dockerjava.zerodep.shaded.org.apache.hc.client5.http.wire - http-outgoing-2 << "18ed[\r][\n]"
03:32:55.358 [main] DEBUG com.github.dockerjava.zerodep.shaded.org.apache.hc.client5.http.wire - http-outgoing-2 << "{"Id":"9691e31891711283f4d98263d11bc6156717d3e75a0b86a23f3b128a992c1f38","Created":"2022-06-23T02:32:47.03956921Z","Path":"docker-entrypoint.sh","Args":["mysqld"],"State":{"Status":"running","Running":true,"Paused":false,"Restarting":false,"OOMKilled":false,"Dead":false,"Pid":66188,"ExitCode":0,"Error":"","StartedAt":"2022-06-23T02:32:47.703880551Z","FinishedAt":"0001-01-01T00:00:00Z"},"Image":"sha256:65b636d5542b73254ce90cc4b895597dc1adc2c661ca553c38eda159979dded1","ResolvConfPath":"/var/lib/docker/containers/9691e31891711283f4d98263d11bc6156717d3e75a0b86a23f3b128a992c1f38/resolv.conf","HostnamePath":"/var/lib/docker/containers/9691e31891711283f4d98263d11bc6156717d3e75a0b86a23f3b128a992c1f38/hostname","HostsPath":"/var/lib/docker/containers/9691e31891711283f4d98263d11bc6156717d3e75a0b86a23f3b128a992c1f38/hosts","LogPath":"/var/lib/docker/containers/9691e31891711283f4d98263d11bc6156717d3e75a0b86a23f3b128a992c1f38/9691e31891711283f4d98263d11bc6156717d3e75a0b86a23f3b128a992c1f38-json.log","Name":"/xenodochial_satoshi","RestartCount":0,"Driver":"overlay2","Platform":"linux","MountLabel":"","ProcessLabel":"","AppArmorProfile":"docker-default","ExecIDs":null,"HostConfig":{"Binds":[],"ContainerIDFile":"","LogConfig":{"Type":"json-file","Config":{}},"NetworkMode":"default","PortBindings":{"3306/tcp":[{"HostIp":"","HostPort":""}]},"RestartPolicy":{"Name":"","MaximumRetryCount":0},"AutoRemove":false,"VolumeDriver":"","VolumesFrom":[],"CapAdd":null,"CapDrop":null,"CgroupnsMode":"host","Dns":null,"DnsOptions":null,"DnsSearch":null,"ExtraHosts":[],"GroupAdd":null,"IpcMode":"shareable","Cgroup":"","Links":null,"OomScoreAdj":0,"PidMode":"","Privileged":false,"PublishAllPorts":false,"ReadonlyRootfs":false,"SecurityOpt":null,"UTSMode":"","UsernsMode":"","ShmSize":67108864,"Runtime":"runc","ConsoleSize":[0,0],"Isolation":"","CpuShares":0,"Memory":0,"NanoCpus":0,"CgroupParent":"","BlkioWeight":0,"BlkioWeightDevice":null,"BlkioDeviceReadBps":null,"BlkioDeviceWriteBps":null,"BlkioDeviceReadIOps":null,"BlkioDeviceWriteIOps":null,"CpuPeriod":0,"CpuQuota":0,"CpuRealtimePeriod":0,"CpuRealtimeRuntime":0,"CpusetCpus":"","CpusetMems":"","Devices":null,"DeviceCgroupRules":null,"DeviceRequests":null,"KernelMemory":0,"KernelMemoryTCP":0,"MemoryReservation":0,"MemorySwap":0,"MemorySwappiness":null,"OomKillDisable":false,"PidsLimit":null,"Ulimits":null,"CpuCount":0,"CpuPercent":0,"IOMaximumIOps":0,"IOMaximumBandwidth":0,"MaskedPaths":["/proc/asound","/proc/acpi","/proc/kcore","/proc/keys","/proc/latency_stats","/proc/timer_list","/proc/timer_stats","/proc/sched_debug","/proc/scsi","/sys/firmware"],"ReadonlyPaths":["/proc/bus","/proc/fs","/proc/irq","/proc/sys","/proc/sysrq-trigger"]},"GraphDriver":{"Data":{"LowerDir":"/var/lib/docker/overlay2/5529564f52cf969e31e7a1482c27be7ffed19639b506ae2e15b7e7115f699a73-init/diff:/var/lib/docker/overlay2/833a665819b5d9728d3efa7c33135034345a24f83af53b1a1af33d9b64f5492a/diff:/var/lib/docker/overlay2/bd4a2a46c227c2f15475b08c398f37acaab93f4fdba31de015d730efae0a0cfc/diff:/var/lib/docker/overlay2/31ad437d7cba8e64428a2b62db1bbb2a2ec19ca4e439ec493ef4deb50dce2783/diff:/var/lib/docker/overlay2/35173cbd8ec5b88a8888e9abbe75f8694f5d3f96a9b781bb70dc1f0889685741/diff:/var/lib/docker/overlay2/24bf69ac4e8c81062fee44e7c9f746fffbb139c3f7f4b55b4fd1b23bb101b529/diff:/var/lib/docker/overlay2/2f27c96a7775dad186b6f0da325d5a251c80aa1b7f80cf8520f493c5154aee70/diff:/var/lib/docker/overlay2/463a60088c72ddbea82639ded15801e35a79c443f6a26bf1baf320c683cb06af/diff:/var/lib/docker/overlay2/80b8224b23a2ee4b5be635c58ae579fd1913aa95558cd66ab2f5e8430f00a5b8/diff:/var/lib/docker/overlay2/20451fa0b1a07b85d665bc3a0359d721ce4e4c28fa3bce7456ab25e0babae708/diff:/var/lib/docker/overlay2/f80d865cbc6c1c6f57d0963fa6234e7a6409e079eb17f4f13ca41d02731701ad/diff:/var/lib/docker/overlay2/5a3029e0b57c6ec9b985871ff6adf08356aaa0f2a15f1e34c1a7f116ecc4a61d/diff:/var/lib/docker/overlay2/4f3423103248d0b381a1bc6a7287e2b42313ff458cea602a02b7379014b03e0e/diff","MergedDir":"/var/lib/docker/overlay2/5529564f52cf969e31e7a1482c27be7ffed19639b506ae2e15b7e7115f699a73/merged","UpperDir":"/var/lib/docker/overlay2/5529564f52cf969e31e7a1482c27be7ffed19639b506ae2e15b7e7115f699a73/diff","WorkDir":"/var/lib/docker/overlay2/5529564f52cf969e31e7a1482c27be7ffed19639b506ae2e15b7e7115f699a73/work"},"Name":"overlay2"},"Mounts":[{"Type":"volume","Name":"fd1f613c7fe3ca3ae799982507ac3f565cc9f6a2dc99ceaed92389e2c43f47d1","Source":"/var/lib/docker/volumes/fd1f613c7fe3ca3ae799982507ac3f565cc9f6a2dc99ceaed92389e2c43f47d1/_data","Destination":"/var/lib/mysql","Driver":"local","Mode":"","RW":true,"Propagation":""}],"Config":{"Hostname":"9691e3189171","Domainname":"","User":"","AttachStdin":false,"AttachStdout":false,"AttachStderr":false,"ExposedPorts":{"3306/tcp":{},"33060/tcp":{}},"Tty":false,"OpenStdin":false,"StdinOnce":false,"Env":["MYSQL_DATABASE=test","MYSQL_PASSWORD=admin","MYSQL_USER=admin","MYSQL_ROOT_PASSWORD=admin","PATH=/usr/local/sbin:/usr/local/bin:/usr/sbin:/usr/bin:/sbin:/bin","GOSU_VERSION=1.14","MYSQL_MAJOR=8.0","MYSQL_VERSION=8.0.29-1debian10"],"Cmd":["mysqld"],"Image":"mysql:8.0","Volumes":{"/var/lib/mysql":{}},"WorkingDir":"","Entrypoint":["docker-entrypoint.sh"],"OnBuild":null,"Labels":{"org.testcontainers":"true","org.testcontainers.sessionId":"d48265e4-2b28-4f8c-aa67-76dd8289af84"}},"NetworkSettings":{"Bridge":"","SandboxID":"d9de8570fe3f0a4e9f3a1ff7101c963bbd2c6a0a9d8a867b96f17f4d5edca537","HairpinMode":false,"LinkLocalIPv6Address":"","LinkLocalIPv6PrefixLen":0,"Ports":{"3306/tcp":[{"HostIp":"0.0.0.0","HostPort":"49160"},{"HostIp":"::","HostPort":"49160"}],"33060/tcp":null},"SandboxKey":"/var/run/docker/netns/d9de8570fe3f","SecondaryIPAddresses":null,"SecondaryIPv6Addresses":null,"EndpointID":"93e8fe159f683a98670e8995677c2b130dbce857fc116679206e206bda319cbf","Gateway":"172.17.0.1","GlobalIPv6Address":"","GlobalIPv6PrefixLen":0,"IPAddress":"172.17.0.3","IPPrefixLen":16,"IPv6Gateway":"","MacAddress":"02:42:ac:11:00:03","Networks":{"bridge":{"IPAMConfig":null,"Links":null,"Aliases":null,"NetworkID":"1853cd2b9856825cc97ed9ef2b12efa82d95bf9cf60ad666c276eb35cc53539e","EndpointID":"93e8fe159f683a98670e8995677c2b130dbce857fc116679206e206bda319cbf","Gateway":"172.17.0.1","IPAddress":"172.17.0.3","IPPrefixLen":16,"IPv6Gateway":"","GlobalIPv6Address":"","GlobalIPv6PrefixLen":0,"MacAddress":"02:42:ac:11:00:03","DriverOpts":null}}}}[\n]"
03:32:55.358 [main] DEBUG com.github.dockerjava.zerodep.shaded.org.apache.hc.client5.http.wire - http-outgoing-2 << "[\r][\n]"
03:32:55.358 [main] DEBUG com.github.dockerjava.zerodep.shaded.org.apache.hc.client5.http.wire - http-outgoing-2 << "0[\r][\n]"
03:32:55.358 [main] DEBUG com.github.dockerjava.zerodep.shaded.org.apache.hc.client5.http.wire - http-outgoing-2 << "[\r][\n]"
03:32:55.358 [main] DEBUG com.github.dockerjava.zerodep.shaded.org.apache.hc.client5.http.headers - http-outgoing-2 << HTTP/1.1 200 OK
03:32:55.358 [main] DEBUG com.github.dockerjava.zerodep.shaded.org.apache.hc.client5.http.headers - http-outgoing-2 << Api-Version: 1.41
03:32:55.358 [main] DEBUG com.github.dockerjava.zerodep.shaded.org.apache.hc.client5.http.headers - http-outgoing-2 << Content-Type: application/json
03:32:55.358 [main] DEBUG com.github.dockerjava.zerodep.shaded.org.apache.hc.client5.http.headers - http-outgoing-2 << Docker-Experimental: false
03:32:55.358 [main] DEBUG com.github.dockerjava.zerodep.shaded.org.apache.hc.client5.http.headers - http-outgoing-2 << Ostype: linux
03:32:55.358 [main] DEBUG com.github.dockerjava.zerodep.shaded.org.apache.hc.client5.http.headers - http-outgoing-2 << Server: Docker/20.10.12 (linux)
03:32:55.358 [main] DEBUG com.github.dockerjava.zerodep.shaded.org.apache.hc.client5.http.headers - http-outgoing-2 << Date: Thu, 23 Jun 2022 02:32:55 GMT
03:32:55.358 [main] DEBUG com.github.dockerjava.zerodep.shaded.org.apache.hc.client5.http.headers - http-outgoing-2 << Transfer-Encoding: chunked
03:32:55.358 [main] DEBUG com.github.dockerjava.zerodep.shaded.org.apache.hc.client5.http.impl.classic.MainClientExec - ex-00000052: connection can be kept alive for 3 MINUTES
03:32:55.362 [main] DEBUG com.github.dockerjava.zerodep.shaded.org.apache.hc.client5.http.impl.classic.InternalHttpClient - ep-00000051: releasing valid endpoint
03:32:55.362 [main] DEBUG com.github.dockerjava.zerodep.shaded.org.apache.hc.client5.http.impl.io.PoolingHttpClientConnectionManager - ep-00000051: releasing endpoint
03:32:55.362 [main] DEBUG com.github.dockerjava.zerodep.shaded.org.apache.hc.client5.http.impl.io.PoolingHttpClientConnectionManager - ep-00000051: connection http-outgoing-2 can be kept alive for 3 MINUTES
03:32:55.362 [main] DEBUG com.github.dockerjava.zerodep.shaded.org.apache.hc.client5.http.impl.io.PoolingHttpClientConnectionManager - ep-00000051: connection released [route: {}->unix://localhost:2375][total available: 1; route allocated: 1 of 2147483647; total allocated: 1 of 2147483647]
03:32:55.362 [main] DEBUG 🐳 [mysql:8.0] - Trying to create JDBC connection using com.mysql.cj.jdbc.Driver to jdbc:mysql://localhost:49160/test?useSSL=false&allowPublicKeyRetrieval=true with properties: {password=admin, user=admin}
03:32:55.468 [main] DEBUG org.testcontainers.shaded.com.github.dockerjava.core.command.AbstrDockerCmd - Cmd: 9691e31891711283f4d98263d11bc6156717d3e75a0b86a23f3b128a992c1f38,false
03:32:55.469 [main] DEBUG org.testcontainers.shaded.com.github.dockerjava.core.exec.InspectContainerCmdExec - GET: DefaultWebTarget{path=[/containers/9691e31891711283f4d98263d11bc6156717d3e75a0b86a23f3b128a992c1f38/json], queryParams={}}
03:32:55.469 [main] DEBUG com.github.dockerjava.zerodep.shaded.org.apache.hc.client5.http.impl.classic.InternalHttpClient - ex-00000053: preparing request execution
03:32:55.469 [main] DEBUG com.github.dockerjava.zerodep.shaded.org.apache.hc.client5.http.protocol.RequestAddCookies - Cookie spec selected: strict
03:32:55.469 [main] DEBUG com.github.dockerjava.zerodep.shaded.org.apache.hc.client5.http.protocol.RequestAuthCache - Auth cache not set in the context
03:32:55.469 [main] DEBUG com.github.dockerjava.zerodep.shaded.org.apache.hc.client5.http.impl.classic.ProtocolExec - ex-00000053: target auth state: UNCHALLENGED
03:32:55.470 [main] DEBUG com.github.dockerjava.zerodep.shaded.org.apache.hc.client5.http.impl.classic.ProtocolExec - ex-00000053: proxy auth state: UNCHALLENGED
03:32:55.470 [main] DEBUG com.github.dockerjava.zerodep.shaded.org.apache.hc.client5.http.impl.classic.ConnectExec - ex-00000053: acquiring connection with route {}->unix://localhost:2375
03:32:55.470 [main] DEBUG com.github.dockerjava.zerodep.shaded.org.apache.hc.client5.http.impl.classic.InternalHttpClient - ex-00000053: acquiring endpoint (3 MINUTES)
03:32:55.470 [main] DEBUG com.github.dockerjava.zerodep.shaded.org.apache.hc.client5.http.impl.io.PoolingHttpClientConnectionManager - ex-00000053: endpoint lease request (3 MINUTES) [route: {}->unix://localhost:2375][total available: 1; route allocated: 1 of 2147483647; total allocated: 1 of 2147483647]
03:32:55.470 [main] DEBUG com.github.dockerjava.zerodep.shaded.org.apache.hc.client5.http.impl.io.PoolingHttpClientConnectionManager - ex-00000053: endpoint leased [route: {}->unix://localhost:2375][total available: 0; route allocated: 1 of 2147483647; total allocated: 1 of 2147483647]
03:32:55.470 [main] DEBUG com.github.dockerjava.zerodep.shaded.org.apache.hc.client5.http.impl.io.PoolingHttpClientConnectionManager - ex-00000053: acquired ep-00000052
03:32:55.470 [main] DEBUG com.github.dockerjava.zerodep.shaded.org.apache.hc.client5.http.impl.classic.InternalHttpClient - ex-00000053: acquired endpoint ep-00000052
03:32:55.470 [main] DEBUG com.github.dockerjava.zerodep.shaded.org.apache.hc.client5.http.impl.classic.MainClientExec - ex-00000053: executing GET /v1.32/containers/9691e31891711283f4d98263d11bc6156717d3e75a0b86a23f3b128a992c1f38/json HTTP/1.1
03:32:55.470 [main] DEBUG com.github.dockerjava.zerodep.shaded.org.apache.hc.client5.http.impl.classic.InternalHttpClient - ep-00000052: start execution ex-00000053
03:32:55.470 [main] DEBUG com.github.dockerjava.zerodep.shaded.org.apache.hc.client5.http.impl.io.PoolingHttpClientConnectionManager - ep-00000052: executing exchange ex-00000053 over http-outgoing-2
03:32:55.470 [main] DEBUG com.github.dockerjava.zerodep.shaded.org.apache.hc.client5.http.headers - http-outgoing-2 >> GET /v1.32/containers/9691e31891711283f4d98263d11bc6156717d3e75a0b86a23f3b128a992c1f38/json HTTP/1.1
03:32:55.471 [main] DEBUG com.github.dockerjava.zerodep.shaded.org.apache.hc.client5.http.headers - http-outgoing-2 >> accept: application/json
03:32:55.471 [main] DEBUG com.github.dockerjava.zerodep.shaded.org.apache.hc.client5.http.headers - http-outgoing-2 >> Accept-Encoding: gzip, x-gzip, deflate
03:32:55.471 [main] DEBUG com.github.dockerjava.zerodep.shaded.org.apache.hc.client5.http.headers - http-outgoing-2 >> Host: localhost:2375
03:32:55.471 [main] DEBUG com.github.dockerjava.zerodep.shaded.org.apache.hc.client5.http.headers - http-outgoing-2 >> Connection: keep-alive
03:32:55.471 [main] DEBUG com.github.dockerjava.zerodep.shaded.org.apache.hc.client5.http.headers - http-outgoing-2 >> User-Agent: Apache-HttpClient/5.0.3 (Java/11.0.15)
03:32:55.471 [main] DEBUG com.github.dockerjava.zerodep.shaded.org.apache.hc.client5.http.wire - http-outgoing-2 >> "GET /v1.32/containers/9691e31891711283f4d98263d11bc6156717d3e75a0b86a23f3b128a992c1f38/json HTTP/1.1[\r][\n]"
03:32:55.471 [main] DEBUG com.github.dockerjava.zerodep.shaded.org.apache.hc.client5.http.wire - http-outgoing-2 >> "accept: application/json[\r][\n]"
03:32:55.471 [main] DEBUG com.github.dockerjava.zerodep.shaded.org.apache.hc.client5.http.wire - http-outgoing-2 >> "Accept-Encoding: gzip, x-gzip, deflate[\r][\n]"
03:32:55.471 [main] DEBUG com.github.dockerjava.zerodep.shaded.org.apache.hc.client5.http.wire - http-outgoing-2 >> "Host: localhost:2375[\r][\n]"
03:32:55.471 [main] DEBUG com.github.dockerjava.zerodep.shaded.org.apache.hc.client5.http.wire - http-outgoing-2 >> "Connection: keep-alive[\r][\n]"
03:32:55.471 [main] DEBUG com.github.dockerjava.zerodep.shaded.org.apache.hc.client5.http.wire - http-outgoing-2 >> "User-Agent: Apache-HttpClient/5.0.3 (Java/11.0.15)[\r][\n]"
03:32:55.471 [main] DEBUG com.github.dockerjava.zerodep.shaded.org.apache.hc.client5.http.wire - http-outgoing-2 >> "[\r][\n]"
03:32:55.472 [main] DEBUG com.github.dockerjava.zerodep.shaded.org.apache.hc.client5.http.wire - http-outgoing-2 << "HTTP/1.1 200 OK[\r][\n]"
03:32:55.472 [main] DEBUG com.github.dockerjava.zerodep.shaded.org.apache.hc.client5.http.wire - http-outgoing-2 << "Api-Version: 1.41[\r][\n]"
03:32:55.472 [main] DEBUG com.github.dockerjava.zerodep.shaded.org.apache.hc.client5.http.wire - http-outgoing-2 << "Content-Type: application/json[\r][\n]"
03:32:55.472 [main] DEBUG com.github.dockerjava.zerodep.shaded.org.apache.hc.client5.http.wire - http-outgoing-2 << "Docker-Experimental: false[\r][\n]"
03:32:55.472 [main] DEBUG com.github.dockerjava.zerodep.shaded.org.apache.hc.client5.http.wire - http-outgoing-2 << "Ostype: linux[\r][\n]"
03:32:55.472 [main] DEBUG com.github.dockerjava.zerodep.shaded.org.apache.hc.client5.http.wire - http-outgoing-2 << "Server: Docker/20.10.12 (linux)[\r][\n]"
03:32:55.472 [main] DEBUG com.github.dockerjava.zerodep.shaded.org.apache.hc.client5.http.wire - http-outgoing-2 << "Date: Thu, 23 Jun 2022 02:32:55 GMT[\r][\n]"
03:32:55.472 [main] DEBUG com.github.dockerjava.zerodep.shaded.org.apache.hc.client5.http.wire - http-outgoing-2 << "Transfer-Encoding: chunked[\r][\n]"
03:32:55.473 [main] DEBUG com.github.dockerjava.zerodep.shaded.org.apache.hc.client5.http.wire - http-outgoing-2 << "[\r][\n]"
03:32:55.473 [main] DEBUG com.github.dockerjava.zerodep.shaded.org.apache.hc.client5.http.wire - http-outgoing-2 << "18ed[\r][\n]"
03:32:55.473 [main] DEBUG com.github.dockerjava.zerodep.shaded.org.apache.hc.client5.http.wire - http-outgoing-2 << "{"Id":"9691e31891711283f4d98263d11bc6156717d3e75a0b86a23f3b128a992c1f38","Created":"2022-06-23T02:32:47.03956921Z","Path":"docker-entrypoint.sh","Args":["mysqld"],"State":{"Status":"running","Running":true,"Paused":false,"Restarting":false,"OOMKilled":false,"Dead":false,"Pid":66188,"ExitCode":0,"Error":"","StartedAt":"2022-06-23T02:32:47.703880551Z","FinishedAt":"0001-01-01T00:00:00Z"},"Image":"sha256:65b636d5542b73254ce90cc4b895597dc1adc2c661ca553c38eda159979dded1","ResolvConfPath":"/var/lib/docker/containers/9691e31891711283f4d98263d11bc6156717d3e75a0b86a23f3b128a992c1f38/resolv.conf","HostnamePath":"/var/lib/docker/containers/9691e31891711283f4d98263d11bc6156717d3e75a0b86a23f3b128a992c1f38/hostname","HostsPath":"/var/lib/docker/containers/9691e31891711283f4d98263d11bc6156717d3e75a0b86a23f3b128a992c1f38/hosts","LogPath":"/var/lib/docker/containers/9691e31891711283f4d98263d11bc6156717d3e75a0b86a23f3b128a992c1f38/9691e31891711283f4d98263d11bc6156717d3e75a0b86a23f3b128a992c1f38-json.log","Name":"/xenodochial_satoshi","RestartCount":0,"Driver":"overlay2","Platform":"linux","MountLabel":"","ProcessLabel":"","AppArmorProfile":"docker-default","ExecIDs":null,"HostConfig":{"Binds":[],"ContainerIDFile":"","LogConfig":{"Type":"json-file","Config":{}},"NetworkMode":"default","PortBindings":{"3306/tcp":[{"HostIp":"","HostPort":""}]},"RestartPolicy":{"Name":"","MaximumRetryCount":0},"AutoRemove":false,"VolumeDriver":"","VolumesFrom":[],"CapAdd":null,"CapDrop":null,"CgroupnsMode":"host","Dns":null,"DnsOptions":null,"DnsSearch":null,"ExtraHosts":[],"GroupAdd":null,"IpcMode":"shareable","Cgroup":"","Links":null,"OomScoreAdj":0,"PidMode":"","Privileged":false,"PublishAllPorts":false,"ReadonlyRootfs":false,"SecurityOpt":null,"UTSMode":"","UsernsMode":"","ShmSize":67108864,"Runtime":"runc","ConsoleSize":[0,0],"Isolation":"","CpuShares":0,"Memory":0,"NanoCpus":0,"CgroupParent":"","BlkioWeight":0,"BlkioWeightDevice":null,"BlkioDeviceReadBps":null,"BlkioDeviceWriteBps":null,"BlkioDeviceReadIOps":null,"BlkioDeviceWriteIOps":null,"CpuPeriod":0,"CpuQuota":0,"CpuRealtimePeriod":0,"CpuRealtimeRuntime":0,"CpusetCpus":"","CpusetMems":"","Devices":null,"DeviceCgroupRules":null,"DeviceRequests":null,"KernelMemory":0,"KernelMemoryTCP":0,"MemoryReservation":0,"MemorySwap":0,"MemorySwappiness":null,"OomKillDisable":false,"PidsLimit":null,"Ulimits":null,"CpuCount":0,"CpuPercent":0,"IOMaximumIOps":0,"IOMaximumBandwidth":0,"MaskedPaths":["/proc/asound","/proc/acpi","/proc/kcore","/proc/keys","/proc/latency_stats","/proc/timer_list","/proc/timer_stats","/proc/sched_debug","/proc/scsi","/sys/firmware"],"ReadonlyPaths":["/proc/bus","/proc/fs","/proc/irq","/proc/sys","/proc/sysrq-trigger"]},"GraphDriver":{"Data":{"LowerDir":"/var/lib/docker/overlay2/5529564f52cf969e31e7a1482c27be7ffed19639b506ae2e15b7e7115f699a73-init/diff:/var/lib/docker/overlay2/833a665819b5d9728d3efa7c33135034345a24f83af53b1a1af33d9b64f5492a/diff:/var/lib/docker/overlay2/bd4a2a46c227c2f15475b08c398f37acaab93f4fdba31de015d730efae0a0cfc/diff:/var/lib/docker/overlay2/31ad437d7cba8e64428a2b62db1bbb2a2ec19ca4e439ec493ef4deb50dce2783/diff:/var/lib/docker/overlay2/35173cbd8ec5b88a8888e9abbe75f8694f5d3f96a9b781bb70dc1f0889685741/diff:/var/lib/docker/overlay2/24bf69ac4e8c81062fee44e7c9f746fffbb139c3f7f4b55b4fd1b23bb101b529/diff:/var/lib/docker/overlay2/2f27c96a7775dad186b6f0da325d5a251c80aa1b7f80cf8520f493c5154aee70/diff:/var/lib/docker/overlay2/463a60088c72ddbea82639ded15801e35a79c443f6a26bf1baf320c683cb06af/diff:/var/lib/docker/overlay2/80b8224b23a2ee4b5be635c58ae579fd1913aa95558cd66ab2f5e8430f00a5b8/diff:/var/lib/docker/overlay2/20451fa0b1a07b85d665bc3a0359d721ce4e4c28fa3bce7456ab25e0babae708/diff:/var/lib/docker/overlay2/f80d865cbc6c1c6f57d0963fa6234e7a6409e079eb17f4f13ca41d02731701ad/diff:/var/lib/docker/overlay2/5a3029e0b57c6ec9b985871ff6adf08356aaa0f2a15f1e34c1a7f116ecc4a61d/diff:/var/lib/docker/overlay2/4f3423103248d0b381a1bc6a7287e2b42313ff458cea602a02b7379014b03e0e/diff","MergedDir":"/var/lib/docker/overlay2/5529564f52cf969e31e7a1482c27be7ffed19639b506ae2e15b7e7115f699a73/merged","UpperDir":"/var/lib/docker/overlay2/5529564f52cf969e31e7a1482c27be7ffed19639b506ae2e15b7e7115f699a73/diff","WorkDir":"/var/lib/docker/overlay2/5529564f52cf969e31e7a1482c27be7ffed19639b506ae2e15b7e7115f699a73/work"},"Name":"overlay2"},"Mounts":[{"Type":"volume","Name":"fd1f613c7fe3ca3ae799982507ac3f565cc9f6a2dc99ceaed92389e2c43f47d1","Source":"/var/lib/docker/volumes/fd1f613c7fe3ca3ae799982507ac3f565cc9f6a2dc99ceaed92389e2c43f47d1/_data","Destination":"/var/lib/mysql","Driver":"local","Mode":"","RW":true,"Propagation":""}],"Config":{"Hostname":"9691e3189171","Domainname":"","User":"","AttachStdin":false,"AttachStdout":false,"AttachStderr":false,"ExposedPorts":{"3306/tcp":{},"33060/tcp":{}},"Tty":false,"OpenStdin":false,"StdinOnce":false,"Env":["MYSQL_DATABASE=test","MYSQL_PASSWORD=admin","MYSQL_USER=admin","MYSQL_ROOT_PASSWORD=admin","PATH=/usr/local/sbin:/usr/local/bin:/usr/sbin:/usr/bin:/sbin:/bin","GOSU_VERSION=1.14","MYSQL_MAJOR=8.0","MYSQL_VERSION=8.0.29-1debian10"],"Cmd":["mysqld"],"Image":"mysql:8.0","Volumes":{"/var/lib/mysql":{}},"WorkingDir":"","Entrypoint":["docker-entrypoint.sh"],"OnBuild":null,"Labels":{"org.testcontainers":"true","org.testcontainers.sessionId":"d48265e4-2b28-4f8c-aa67-76dd8289af84"}},"NetworkSettings":{"Bridge":"","SandboxID":"d9de8570fe3f0a4e9f3a1ff7101c963bbd2c6a0a9d8a867b96f17f4d5edca537","HairpinMode":false,"LinkLocalIPv6Address":"","LinkLocalIPv6PrefixLen":0,"Ports":{"3306/tcp":[{"HostIp":"0.0.0.0","HostPort":"49160"},{"HostIp":"::","HostPort":"49160"}],"33060/tcp":null},"SandboxKey":"/var/run/docker/netns/d9de8570fe3f","SecondaryIPAddresses":null,"SecondaryIPv6Addresses":null,"EndpointID":"93e8fe159f683a98670e8995677c2b130dbce857fc116679206e206bda319cbf","Gateway":"172.17.0.1","GlobalIPv6Address":"","GlobalIPv6PrefixLen":0,"IPAddress":"172.17.0.3","IPPrefixLen":16,"IPv6Gateway":"","MacAddress":"02:42:ac:11:00:03","Networks":{"bridge":{"IPAMConfig":null,"Links":null,"Aliases":null,"NetworkID":"1853cd2b9856825cc97ed9ef2b12efa82d95bf9cf60ad666c276eb35cc53539e","EndpointID":"93e8fe159f683a98670e8995677c2b130dbce857fc116679206e206bda319cbf","Gateway":"172.17.0.1","IPAddress":"172.17.0.3","IPPrefixLen":16,"IPv6Gateway":"","GlobalIPv6Address":"","GlobalIPv6PrefixLen":0,"MacAddress":"02:42:ac:11:00:03","DriverOpts":null}}}}[\n]"
03:32:55.473 [main] DEBUG com.github.dockerjava.zerodep.shaded.org.apache.hc.client5.http.wire - http-outgoing-2 << "[\r][\n]"
03:32:55.473 [main] DEBUG com.github.dockerjava.zerodep.shaded.org.apache.hc.client5.http.wire - http-outgoing-2 << "0[\r][\n]"
03:32:55.473 [main] DEBUG com.github.dockerjava.zerodep.shaded.org.apache.hc.client5.http.wire - http-outgoing-2 << "[\r][\n]"
03:32:55.473 [main] DEBUG com.github.dockerjava.zerodep.shaded.org.apache.hc.client5.http.headers - http-outgoing-2 << HTTP/1.1 200 OK
03:32:55.473 [main] DEBUG com.github.dockerjava.zerodep.shaded.org.apache.hc.client5.http.headers - http-outgoing-2 << Api-Version: 1.41
03:32:55.473 [main] DEBUG com.github.dockerjava.zerodep.shaded.org.apache.hc.client5.http.headers - http-outgoing-2 << Content-Type: application/json
03:32:55.473 [main] DEBUG com.github.dockerjava.zerodep.shaded.org.apache.hc.client5.http.headers - http-outgoing-2 << Docker-Experimental: false
03:32:55.473 [main] DEBUG com.github.dockerjava.zerodep.shaded.org.apache.hc.client5.http.headers - http-outgoing-2 << Ostype: linux
03:32:55.473 [main] DEBUG com.github.dockerjava.zerodep.shaded.org.apache.hc.client5.http.headers - http-outgoing-2 << Server: Docker/20.10.12 (linux)
03:32:55.473 [main] DEBUG com.github.dockerjava.zerodep.shaded.org.apache.hc.client5.http.headers - http-outgoing-2 << Date: Thu, 23 Jun 2022 02:32:55 GMT
03:32:55.473 [main] DEBUG com.github.dockerjava.zerodep.shaded.org.apache.hc.client5.http.headers - http-outgoing-2 << Transfer-Encoding: chunked
03:32:55.474 [main] DEBUG com.github.dockerjava.zerodep.shaded.org.apache.hc.client5.http.impl.classic.MainClientExec - ex-00000053: connection can be kept alive for 3 MINUTES
03:32:55.475 [main] DEBUG com.github.dockerjava.zerodep.shaded.org.apache.hc.client5.http.impl.classic.InternalHttpClient - ep-00000052: releasing valid endpoint
03:32:55.476 [main] DEBUG com.github.dockerjava.zerodep.shaded.org.apache.hc.client5.http.impl.io.PoolingHttpClientConnectionManager - ep-00000052: releasing endpoint
03:32:55.476 [main] DEBUG com.github.dockerjava.zerodep.shaded.org.apache.hc.client5.http.impl.io.PoolingHttpClientConnectionManager - ep-00000052: connection http-outgoing-2 can be kept alive for 3 MINUTES
03:32:55.476 [main] DEBUG com.github.dockerjava.zerodep.shaded.org.apache.hc.client5.http.impl.io.PoolingHttpClientConnectionManager - ep-00000052: connection released [route: {}->unix://localhost:2375][total available: 1; route allocated: 1 of 2147483647; total allocated: 1 of 2147483647]
03:32:55.476 [main] DEBUG 🐳 [mysql:8.0] - Trying to create JDBC connection using com.mysql.cj.jdbc.Driver to jdbc:mysql://localhost:49160/test?useSSL=false&allowPublicKeyRetrieval=true with properties: {password=admin, user=admin}
03:32:55.580 [main] DEBUG org.testcontainers.shaded.com.github.dockerjava.core.command.AbstrDockerCmd - Cmd: 9691e31891711283f4d98263d11bc6156717d3e75a0b86a23f3b128a992c1f38,false
03:32:55.580 [main] DEBUG org.testcontainers.shaded.com.github.dockerjava.core.exec.InspectContainerCmdExec - GET: DefaultWebTarget{path=[/containers/9691e31891711283f4d98263d11bc6156717d3e75a0b86a23f3b128a992c1f38/json], queryParams={}}
03:32:55.581 [main] DEBUG com.github.dockerjava.zerodep.shaded.org.apache.hc.client5.http.impl.classic.InternalHttpClient - ex-00000054: preparing request execution
03:32:55.581 [main] DEBUG com.github.dockerjava.zerodep.shaded.org.apache.hc.client5.http.protocol.RequestAddCookies - Cookie spec selected: strict
03:32:55.581 [main] DEBUG com.github.dockerjava.zerodep.shaded.org.apache.hc.client5.http.protocol.RequestAuthCache - Auth cache not set in the context
03:32:55.581 [main] DEBUG com.github.dockerjava.zerodep.shaded.org.apache.hc.client5.http.impl.classic.ProtocolExec - ex-00000054: target auth state: UNCHALLENGED
03:32:55.581 [main] DEBUG com.github.dockerjava.zerodep.shaded.org.apache.hc.client5.http.impl.classic.ProtocolExec - ex-00000054: proxy auth state: UNCHALLENGED
03:32:55.581 [main] DEBUG com.github.dockerjava.zerodep.shaded.org.apache.hc.client5.http.impl.classic.ConnectExec - ex-00000054: acquiring connection with route {}->unix://localhost:2375
03:32:55.581 [main] DEBUG com.github.dockerjava.zerodep.shaded.org.apache.hc.client5.http.impl.classic.InternalHttpClient - ex-00000054: acquiring endpoint (3 MINUTES)
03:32:55.581 [main] DEBUG com.github.dockerjava.zerodep.shaded.org.apache.hc.client5.http.impl.io.PoolingHttpClientConnectionManager - ex-00000054: endpoint lease request (3 MINUTES) [route: {}->unix://localhost:2375][total available: 1; route allocated: 1 of 2147483647; total allocated: 1 of 2147483647]
03:32:55.581 [main] DEBUG com.github.dockerjava.zerodep.shaded.org.apache.hc.client5.http.impl.io.PoolingHttpClientConnectionManager - ex-00000054: endpoint leased [route: {}->unix://localhost:2375][total available: 0; route allocated: 1 of 2147483647; total allocated: 1 of 2147483647]
03:32:55.581 [main] DEBUG com.github.dockerjava.zerodep.shaded.org.apache.hc.client5.http.impl.io.PoolingHttpClientConnectionManager - ex-00000054: acquired ep-00000053
03:32:55.581 [main] DEBUG com.github.dockerjava.zerodep.shaded.org.apache.hc.client5.http.impl.classic.InternalHttpClient - ex-00000054: acquired endpoint ep-00000053
03:32:55.581 [main] DEBUG com.github.dockerjava.zerodep.shaded.org.apache.hc.client5.http.impl.classic.MainClientExec - ex-00000054: executing GET /v1.32/containers/9691e31891711283f4d98263d11bc6156717d3e75a0b86a23f3b128a992c1f38/json HTTP/1.1
03:32:55.581 [main] DEBUG com.github.dockerjava.zerodep.shaded.org.apache.hc.client5.http.impl.classic.InternalHttpClient - ep-00000053: start execution ex-00000054
03:32:55.581 [main] DEBUG com.github.dockerjava.zerodep.shaded.org.apache.hc.client5.http.impl.io.PoolingHttpClientConnectionManager - ep-00000053: executing exchange ex-00000054 over http-outgoing-2
03:32:55.581 [main] DEBUG com.github.dockerjava.zerodep.shaded.org.apache.hc.client5.http.headers - http-outgoing-2 >> GET /v1.32/containers/9691e31891711283f4d98263d11bc6156717d3e75a0b86a23f3b128a992c1f38/json HTTP/1.1
03:32:55.581 [main] DEBUG com.github.dockerjava.zerodep.shaded.org.apache.hc.client5.http.headers - http-outgoing-2 >> accept: application/json
03:32:55.581 [main] DEBUG com.github.dockerjava.zerodep.shaded.org.apache.hc.client5.http.headers - http-outgoing-2 >> Accept-Encoding: gzip, x-gzip, deflate
03:32:55.581 [main] DEBUG com.github.dockerjava.zerodep.shaded.org.apache.hc.client5.http.headers - http-outgoing-2 >> Host: localhost:2375
03:32:55.581 [main] DEBUG com.github.dockerjava.zerodep.shaded.org.apache.hc.client5.http.headers - http-outgoing-2 >> Connection: keep-alive
03:32:55.581 [main] DEBUG com.github.dockerjava.zerodep.shaded.org.apache.hc.client5.http.headers - http-outgoing-2 >> User-Agent: Apache-HttpClient/5.0.3 (Java/11.0.15)
03:32:55.581 [main] DEBUG com.github.dockerjava.zerodep.shaded.org.apache.hc.client5.http.wire - http-outgoing-2 >> "GET /v1.32/containers/9691e31891711283f4d98263d11bc6156717d3e75a0b86a23f3b128a992c1f38/json HTTP/1.1[\r][\n]"
03:32:55.581 [main] DEBUG com.github.dockerjava.zerodep.shaded.org.apache.hc.client5.http.wire - http-outgoing-2 >> "accept: application/json[\r][\n]"
03:32:55.581 [main] DEBUG com.github.dockerjava.zerodep.shaded.org.apache.hc.client5.http.wire - http-outgoing-2 >> "Accept-Encoding: gzip, x-gzip, deflate[\r][\n]"
03:32:55.581 [main] DEBUG com.github.dockerjava.zerodep.shaded.org.apache.hc.client5.http.wire - http-outgoing-2 >> "Host: localhost:2375[\r][\n]"
03:32:55.581 [main] DEBUG com.github.dockerjava.zerodep.shaded.org.apache.hc.client5.http.wire - http-outgoing-2 >> "Connection: keep-alive[\r][\n]"
03:32:55.581 [main] DEBUG com.github.dockerjava.zerodep.shaded.org.apache.hc.client5.http.wire - http-outgoing-2 >> "User-Agent: Apache-HttpClient/5.0.3 (Java/11.0.15)[\r][\n]"
03:32:55.581 [main] DEBUG com.github.dockerjava.zerodep.shaded.org.apache.hc.client5.http.wire - http-outgoing-2 >> "[\r][\n]"
03:32:55.582 [main] DEBUG com.github.dockerjava.zerodep.shaded.org.apache.hc.client5.http.wire - http-outgoing-2 << "HTTP/1.1 200 OK[\r][\n]"
03:32:55.582 [main] DEBUG com.github.dockerjava.zerodep.shaded.org.apache.hc.client5.http.wire - http-outgoing-2 << "Api-Version: 1.41[\r][\n]"
03:32:55.582 [main] DEBUG com.github.dockerjava.zerodep.shaded.org.apache.hc.client5.http.wire - http-outgoing-2 << "Content-Type: application/json[\r][\n]"
03:32:55.582 [main] DEBUG com.github.dockerjava.zerodep.shaded.org.apache.hc.client5.http.wire - http-outgoing-2 << "Docker-Experimental: false[\r][\n]"
03:32:55.582 [main] DEBUG com.github.dockerjava.zerodep.shaded.org.apache.hc.client5.http.wire - http-outgoing-2 << "Ostype: linux[\r][\n]"
03:32:55.582 [main] DEBUG com.github.dockerjava.zerodep.shaded.org.apache.hc.client5.http.wire - http-outgoing-2 << "Server: Docker/20.10.12 (linux)[\r][\n]"
03:32:55.582 [main] DEBUG com.github.dockerjava.zerodep.shaded.org.apache.hc.client5.http.wire - http-outgoing-2 << "Date: Thu, 23 Jun 2022 02:32:55 GMT[\r][\n]"
03:32:55.582 [main] DEBUG com.github.dockerjava.zerodep.shaded.org.apache.hc.client5.http.wire - http-outgoing-2 << "Transfer-Encoding: chunked[\r][\n]"
03:32:55.582 [main] DEBUG com.github.dockerjava.zerodep.shaded.org.apache.hc.client5.http.wire - http-outgoing-2 << "[\r][\n]"
03:32:55.582 [main] DEBUG com.github.dockerjava.zerodep.shaded.org.apache.hc.client5.http.wire - http-outgoing-2 << "18ed[\r][\n]"
03:32:55.582 [main] DEBUG com.github.dockerjava.zerodep.shaded.org.apache.hc.client5.http.wire - http-outgoing-2 << "{"Id":"9691e31891711283f4d98263d11bc6156717d3e75a0b86a23f3b128a992c1f38","Created":"2022-06-23T02:32:47.03956921Z","Path":"docker-entrypoint.sh","Args":["mysqld"],"State":{"Status":"running","Running":true,"Paused":false,"Restarting":false,"OOMKilled":false,"Dead":false,"Pid":66188,"ExitCode":0,"Error":"","StartedAt":"2022-06-23T02:32:47.703880551Z","FinishedAt":"0001-01-01T00:00:00Z"},"Image":"sha256:65b636d5542b73254ce90cc4b895597dc1adc2c661ca553c38eda159979dded1","ResolvConfPath":"/var/lib/docker/containers/9691e31891711283f4d98263d11bc6156717d3e75a0b86a23f3b128a992c1f38/resolv.conf","HostnamePath":"/var/lib/docker/containers/9691e31891711283f4d98263d11bc6156717d3e75a0b86a23f3b128a992c1f38/hostname","HostsPath":"/var/lib/docker/containers/9691e31891711283f4d98263d11bc6156717d3e75a0b86a23f3b128a992c1f38/hosts","LogPath":"/var/lib/docker/containers/9691e31891711283f4d98263d11bc6156717d3e75a0b86a23f3b128a992c1f38/9691e31891711283f4d98263d11bc6156717d3e75a0b86a23f3b128a992c1f38-json.log","Name":"/xenodochial_satoshi","RestartCount":0,"Driver":"overlay2","Platform":"linux","MountLabel":"","ProcessLabel":"","AppArmorProfile":"docker-default","ExecIDs":null,"HostConfig":{"Binds":[],"ContainerIDFile":"","LogConfig":{"Type":"json-file","Config":{}},"NetworkMode":"default","PortBindings":{"3306/tcp":[{"HostIp":"","HostPort":""}]},"RestartPolicy":{"Name":"","MaximumRetryCount":0},"AutoRemove":false,"VolumeDriver":"","VolumesFrom":[],"CapAdd":null,"CapDrop":null,"CgroupnsMode":"host","Dns":null,"DnsOptions":null,"DnsSearch":null,"ExtraHosts":[],"GroupAdd":null,"IpcMode":"shareable","Cgroup":"","Links":null,"OomScoreAdj":0,"PidMode":"","Privileged":false,"PublishAllPorts":false,"ReadonlyRootfs":false,"SecurityOpt":null,"UTSMode":"","UsernsMode":"","ShmSize":67108864,"Runtime":"runc","ConsoleSize":[0,0],"Isolation":"","CpuShares":0,"Memory":0,"NanoCpus":0,"CgroupParent":"","BlkioWeight":0,"BlkioWeightDevice":null,"BlkioDeviceReadBps":null,"BlkioDeviceWriteBps":null,"BlkioDeviceReadIOps":null,"BlkioDeviceWriteIOps":null,"CpuPeriod":0,"CpuQuota":0,"CpuRealtimePeriod":0,"CpuRealtimeRuntime":0,"CpusetCpus":"","CpusetMems":"","Devices":null,"DeviceCgroupRules":null,"DeviceRequests":null,"KernelMemory":0,"KernelMemoryTCP":0,"MemoryReservation":0,"MemorySwap":0,"MemorySwappiness":null,"OomKillDisable":false,"PidsLimit":null,"Ulimits":null,"CpuCount":0,"CpuPercent":0,"IOMaximumIOps":0,"IOMaximumBandwidth":0,"MaskedPaths":["/proc/asound","/proc/acpi","/proc/kcore","/proc/keys","/proc/latency_stats","/proc/timer_list","/proc/timer_stats","/proc/sched_debug","/proc/scsi","/sys/firmware"],"ReadonlyPaths":["/proc/bus","/proc/fs","/proc/irq","/proc/sys","/proc/sysrq-trigger"]},"GraphDriver":{"Data":{"LowerDir":"/var/lib/docker/overlay2/5529564f52cf969e31e7a1482c27be7ffed19639b506ae2e15b7e7115f699a73-init/diff:/var/lib/docker/overlay2/833a665819b5d9728d3efa7c33135034345a24f83af53b1a1af33d9b64f5492a/diff:/var/lib/docker/overlay2/bd4a2a46c227c2f15475b08c398f37acaab93f4fdba31de015d730efae0a0cfc/diff:/var/lib/docker/overlay2/31ad437d7cba8e64428a2b62db1bbb2a2ec19ca4e439ec493ef4deb50dce2783/diff:/var/lib/docker/overlay2/35173cbd8ec5b88a8888e9abbe75f8694f5d3f96a9b781bb70dc1f0889685741/diff:/var/lib/docker/overlay2/24bf69ac4e8c81062fee44e7c9f746fffbb139c3f7f4b55b4fd1b23bb101b529/diff:/var/lib/docker/overlay2/2f27c96a7775dad186b6f0da325d5a251c80aa1b7f80cf8520f493c5154aee70/diff:/var/lib/docker/overlay2/463a60088c72ddbea82639ded15801e35a79c443f6a26bf1baf320c683cb06af/diff:/var/lib/docker/overlay2/80b8224b23a2ee4b5be635c58ae579fd1913aa95558cd66ab2f5e8430f00a5b8/diff:/var/lib/docker/overlay2/20451fa0b1a07b85d665bc3a0359d721ce4e4c28fa3bce7456ab25e0babae708/diff:/var/lib/docker/overlay2/f80d865cbc6c1c6f57d0963fa6234e7a6409e079eb17f4f13ca41d02731701ad/diff:/var/lib/docker/overlay2/5a3029e0b57c6ec9b985871ff6adf08356aaa0f2a15f1e34c1a7f116ecc4a61d/diff:/var/lib/docker/overlay2/4f3423103248d0b381a1bc6a7287e2b42313ff458cea602a02b7379014b03e0e/diff","MergedDir":"/var/lib/docker/overlay2/5529564f52cf969e31e7a1482c27be7ffed19639b506ae2e15b7e7115f699a73/merged","UpperDir":"/var/lib/docker/overlay2/5529564f52cf969e31e7a1482c27be7ffed19639b506ae2e15b7e7115f699a73/diff","WorkDir":"/var/lib/docker/overlay2/5529564f52cf969e31e7a1482c27be7ffed19639b506ae2e15b7e7115f699a73/work"},"Name":"overlay2"},"Mounts":[{"Type":"volume","Name":"fd1f613c7fe3ca3ae799982507ac3f565cc9f6a2dc99ceaed92389e2c43f47d1","Source":"/var/lib/docker/volumes/fd1f613c7fe3ca3ae799982507ac3f565cc9f6a2dc99ceaed92389e2c43f47d1/_data","Destination":"/var/lib/mysql","Driver":"local","Mode":"","RW":true,"Propagation":""}],"Config":{"Hostname":"9691e3189171","Domainname":"","User":"","AttachStdin":false,"AttachStdout":false,"AttachStderr":false,"ExposedPorts":{"3306/tcp":{},"33060/tcp":{}},"Tty":false,"OpenStdin":false,"StdinOnce":false,"Env":["MYSQL_DATABASE=test","MYSQL_PASSWORD=admin","MYSQL_USER=admin","MYSQL_ROOT_PASSWORD=admin","PATH=/usr/local/sbin:/usr/local/bin:/usr/sbin:/usr/bin:/sbin:/bin","GOSU_VERSION=1.14","MYSQL_MAJOR=8.0","MYSQL_VERSION=8.0.29-1debian10"],"Cmd":["mysqld"],"Image":"mysql:8.0","Volumes":{"/var/lib/mysql":{}},"WorkingDir":"","Entrypoint":["docker-entrypoint.sh"],"OnBuild":null,"Labels":{"org.testcontainers":"true","org.testcontainers.sessionId":"d48265e4-2b28-4f8c-aa67-76dd8289af84"}},"NetworkSettings":{"Bridge":"","SandboxID":"d9de8570fe3f0a4e9f3a1ff7101c963bbd2c6a0a9d8a867b96f17f4d5edca537","HairpinMode":false,"LinkLocalIPv6Address":"","LinkLocalIPv6PrefixLen":0,"Ports":{"3306/tcp":[{"HostIp":"0.0.0.0","HostPort":"49160"},{"HostIp":"::","HostPort":"49160"}],"33060/tcp":null},"SandboxKey":"/var/run/docker/netns/d9de8570fe3f","SecondaryIPAddresses":null,"SecondaryIPv6Addresses":null,"EndpointID":"93e8fe159f683a98670e8995677c2b130dbce857fc116679206e206bda319cbf","Gateway":"172.17.0.1","GlobalIPv6Address":"","GlobalIPv6PrefixLen":0,"IPAddress":"172.17.0.3","IPPrefixLen":16,"IPv6Gateway":"","MacAddress":"02:42:ac:11:00:03","Networks":{"bridge":{"IPAMConfig":null,"Links":null,"Aliases":null,"NetworkID":"1853cd2b9856825cc97ed9ef2b12efa82d95bf9cf60ad666c276eb35cc53539e","EndpointID":"93e8fe159f683a98670e8995677c2b130dbce857fc116679206e206bda319cbf","Gateway":"172.17.0.1","IPAddress":"172.17.0.3","IPPrefixLen":16,"IPv6Gateway":"","GlobalIPv6Address":"","GlobalIPv6PrefixLen":0,"MacAddress":"02:42:ac:11:00:03","DriverOpts":null}}}}[\n]"
03:32:55.582 [main] DEBUG com.github.dockerjava.zerodep.shaded.org.apache.hc.client5.http.wire - http-outgoing-2 << "[\r][\n]"
03:32:55.582 [main] DEBUG com.github.dockerjava.zerodep.shaded.org.apache.hc.client5.http.wire - http-outgoing-2 << "0[\r][\n]"
03:32:55.582 [main] DEBUG com.github.dockerjava.zerodep.shaded.org.apache.hc.client5.http.wire - http-outgoing-2 << "[\r][\n]"
03:32:55.582 [main] DEBUG com.github.dockerjava.zerodep.shaded.org.apache.hc.client5.http.headers - http-outgoing-2 << HTTP/1.1 200 OK
03:32:55.583 [main] DEBUG com.github.dockerjava.zerodep.shaded.org.apache.hc.client5.http.headers - http-outgoing-2 << Api-Version: 1.41
03:32:55.583 [main] DEBUG com.github.dockerjava.zerodep.shaded.org.apache.hc.client5.http.headers - http-outgoing-2 << Content-Type: application/json
03:32:55.583 [main] DEBUG com.github.dockerjava.zerodep.shaded.org.apache.hc.client5.http.headers - http-outgoing-2 << Docker-Experimental: false
03:32:55.583 [main] DEBUG com.github.dockerjava.zerodep.shaded.org.apache.hc.client5.http.headers - http-outgoing-2 << Ostype: linux
03:32:55.583 [main] DEBUG com.github.dockerjava.zerodep.shaded.org.apache.hc.client5.http.headers - http-outgoing-2 << Server: Docker/20.10.12 (linux)
03:32:55.583 [main] DEBUG com.github.dockerjava.zerodep.shaded.org.apache.hc.client5.http.headers - http-outgoing-2 << Date: Thu, 23 Jun 2022 02:32:55 GMT
03:32:55.583 [main] DEBUG com.github.dockerjava.zerodep.shaded.org.apache.hc.client5.http.headers - http-outgoing-2 << Transfer-Encoding: chunked
03:32:55.583 [main] DEBUG com.github.dockerjava.zerodep.shaded.org.apache.hc.client5.http.impl.classic.MainClientExec - ex-00000054: connection can be kept alive for 3 MINUTES
03:32:55.584 [main] DEBUG com.github.dockerjava.zerodep.shaded.org.apache.hc.client5.http.impl.classic.InternalHttpClient - ep-00000053: releasing valid endpoint
03:32:55.584 [main] DEBUG com.github.dockerjava.zerodep.shaded.org.apache.hc.client5.http.impl.io.PoolingHttpClientConnectionManager - ep-00000053: releasing endpoint
03:32:55.584 [main] DEBUG com.github.dockerjava.zerodep.shaded.org.apache.hc.client5.http.impl.io.PoolingHttpClientConnectionManager - ep-00000053: connection http-outgoing-2 can be kept alive for 3 MINUTES
03:32:55.584 [main] DEBUG com.github.dockerjava.zerodep.shaded.org.apache.hc.client5.http.impl.io.PoolingHttpClientConnectionManager - ep-00000053: connection released [route: {}->unix://localhost:2375][total available: 1; route allocated: 1 of 2147483647; total allocated: 1 of 2147483647]
03:32:55.584 [main] DEBUG 🐳 [mysql:8.0] - Trying to create JDBC connection using com.mysql.cj.jdbc.Driver to jdbc:mysql://localhost:49160/test?useSSL=false&allowPublicKeyRetrieval=true with properties: {password=admin, user=admin}
03:32:55.689 [main] DEBUG org.testcontainers.shaded.com.github.dockerjava.core.command.AbstrDockerCmd - Cmd: 9691e31891711283f4d98263d11bc6156717d3e75a0b86a23f3b128a992c1f38,false
03:32:55.689 [main] DEBUG org.testcontainers.shaded.com.github.dockerjava.core.exec.InspectContainerCmdExec - GET: DefaultWebTarget{path=[/containers/9691e31891711283f4d98263d11bc6156717d3e75a0b86a23f3b128a992c1f38/json], queryParams={}}
03:32:55.690 [main] DEBUG com.github.dockerjava.zerodep.shaded.org.apache.hc.client5.http.impl.classic.InternalHttpClient - ex-00000055: preparing request execution
03:32:55.690 [main] DEBUG com.github.dockerjava.zerodep.shaded.org.apache.hc.client5.http.protocol.RequestAddCookies - Cookie spec selected: strict
03:32:55.690 [main] DEBUG com.github.dockerjava.zerodep.shaded.org.apache.hc.client5.http.protocol.RequestAuthCache - Auth cache not set in the context
03:32:55.690 [main] DEBUG com.github.dockerjava.zerodep.shaded.org.apache.hc.client5.http.impl.classic.ProtocolExec - ex-00000055: target auth state: UNCHALLENGED
03:32:55.690 [main] DEBUG com.github.dockerjava.zerodep.shaded.org.apache.hc.client5.http.impl.classic.ProtocolExec - ex-00000055: proxy auth state: UNCHALLENGED
03:32:55.690 [main] DEBUG com.github.dockerjava.zerodep.shaded.org.apache.hc.client5.http.impl.classic.ConnectExec - ex-00000055: acquiring connection with route {}->unix://localhost:2375
03:32:55.690 [main] DEBUG com.github.dockerjava.zerodep.shaded.org.apache.hc.client5.http.impl.classic.InternalHttpClient - ex-00000055: acquiring endpoint (3 MINUTES)
03:32:55.690 [main] DEBUG com.github.dockerjava.zerodep.shaded.org.apache.hc.client5.http.impl.io.PoolingHttpClientConnectionManager - ex-00000055: endpoint lease request (3 MINUTES) [route: {}->unix://localhost:2375][total available: 1; route allocated: 1 of 2147483647; total allocated: 1 of 2147483647]
03:32:55.690 [main] DEBUG com.github.dockerjava.zerodep.shaded.org.apache.hc.client5.http.impl.io.PoolingHttpClientConnectionManager - ex-00000055: endpoint leased [route: {}->unix://localhost:2375][total available: 0; route allocated: 1 of 2147483647; total allocated: 1 of 2147483647]
03:32:55.690 [main] DEBUG com.github.dockerjava.zerodep.shaded.org.apache.hc.client5.http.impl.io.PoolingHttpClientConnectionManager - ex-00000055: acquired ep-00000054
03:32:55.690 [main] DEBUG com.github.dockerjava.zerodep.shaded.org.apache.hc.client5.http.impl.classic.InternalHttpClient - ex-00000055: acquired endpoint ep-00000054
03:32:55.690 [main] DEBUG com.github.dockerjava.zerodep.shaded.org.apache.hc.client5.http.impl.classic.MainClientExec - ex-00000055: executing GET /v1.32/containers/9691e31891711283f4d98263d11bc6156717d3e75a0b86a23f3b128a992c1f38/json HTTP/1.1
03:32:55.690 [main] DEBUG com.github.dockerjava.zerodep.shaded.org.apache.hc.client5.http.impl.classic.InternalHttpClient - ep-00000054: start execution ex-00000055
03:32:55.690 [main] DEBUG com.github.dockerjava.zerodep.shaded.org.apache.hc.client5.http.impl.io.PoolingHttpClientConnectionManager - ep-00000054: executing exchange ex-00000055 over http-outgoing-2
03:32:55.690 [main] DEBUG com.github.dockerjava.zerodep.shaded.org.apache.hc.client5.http.headers - http-outgoing-2 >> GET /v1.32/containers/9691e31891711283f4d98263d11bc6156717d3e75a0b86a23f3b128a992c1f38/json HTTP/1.1
03:32:55.690 [main] DEBUG com.github.dockerjava.zerodep.shaded.org.apache.hc.client5.http.headers - http-outgoing-2 >> accept: application/json
03:32:55.690 [main] DEBUG com.github.dockerjava.zerodep.shaded.org.apache.hc.client5.http.headers - http-outgoing-2 >> Accept-Encoding: gzip, x-gzip, deflate
03:32:55.690 [main] DEBUG com.github.dockerjava.zerodep.shaded.org.apache.hc.client5.http.headers - http-outgoing-2 >> Host: localhost:2375
03:32:55.690 [main] DEBUG com.github.dockerjava.zerodep.shaded.org.apache.hc.client5.http.headers - http-outgoing-2 >> Connection: keep-alive
03:32:55.690 [main] DEBUG com.github.dockerjava.zerodep.shaded.org.apache.hc.client5.http.headers - http-outgoing-2 >> User-Agent: Apache-HttpClient/5.0.3 (Java/11.0.15)
03:32:55.691 [main] DEBUG com.github.dockerjava.zerodep.shaded.org.apache.hc.client5.http.wire - http-outgoing-2 >> "GET /v1.32/containers/9691e31891711283f4d98263d11bc6156717d3e75a0b86a23f3b128a992c1f38/json HTTP/1.1[\r][\n]"
03:32:55.691 [main] DEBUG com.github.dockerjava.zerodep.shaded.org.apache.hc.client5.http.wire - http-outgoing-2 >> "accept: application/json[\r][\n]"
03:32:55.691 [main] DEBUG com.github.dockerjava.zerodep.shaded.org.apache.hc.client5.http.wire - http-outgoing-2 >> "Accept-Encoding: gzip, x-gzip, deflate[\r][\n]"
03:32:55.691 [main] DEBUG com.github.dockerjava.zerodep.shaded.org.apache.hc.client5.http.wire - http-outgoing-2 >> "Host: localhost:2375[\r][\n]"
03:32:55.691 [main] DEBUG com.github.dockerjava.zerodep.shaded.org.apache.hc.client5.http.wire - http-outgoing-2 >> "Connection: keep-alive[\r][\n]"
03:32:55.691 [main] DEBUG com.github.dockerjava.zerodep.shaded.org.apache.hc.client5.http.wire - http-outgoing-2 >> "User-Agent: Apache-HttpClient/5.0.3 (Java/11.0.15)[\r][\n]"
03:32:55.691 [main] DEBUG com.github.dockerjava.zerodep.shaded.org.apache.hc.client5.http.wire - http-outgoing-2 >> "[\r][\n]"
03:32:55.691 [main] DEBUG com.github.dockerjava.zerodep.shaded.org.apache.hc.client5.http.wire - http-outgoing-2 << "HTTP/1.1 200 OK[\r][\n]"
03:32:55.691 [main] DEBUG com.github.dockerjava.zerodep.shaded.org.apache.hc.client5.http.wire - http-outgoing-2 << "Api-Version: 1.41[\r][\n]"
03:32:55.691 [main] DEBUG com.github.dockerjava.zerodep.shaded.org.apache.hc.client5.http.wire - http-outgoing-2 << "Content-Type: application/json[\r][\n]"
03:32:55.691 [main] DEBUG com.github.dockerjava.zerodep.shaded.org.apache.hc.client5.http.wire - http-outgoing-2 << "Docker-Experimental: false[\r][\n]"
03:32:55.691 [main] DEBUG com.github.dockerjava.zerodep.shaded.org.apache.hc.client5.http.wire - http-outgoing-2 << "Ostype: linux[\r][\n]"
03:32:55.691 [main] DEBUG com.github.dockerjava.zerodep.shaded.org.apache.hc.client5.http.wire - http-outgoing-2 << "Server: Docker/20.10.12 (linux)[\r][\n]"
03:32:55.691 [main] DEBUG com.github.dockerjava.zerodep.shaded.org.apache.hc.client5.http.wire - http-outgoing-2 << "Date: Thu, 23 Jun 2022 02:32:55 GMT[\r][\n]"
03:32:55.691 [main] DEBUG com.github.dockerjava.zerodep.shaded.org.apache.hc.client5.http.wire - http-outgoing-2 << "Transfer-Encoding: chunked[\r][\n]"
03:32:55.691 [main] DEBUG com.github.dockerjava.zerodep.shaded.org.apache.hc.client5.http.wire - http-outgoing-2 << "[\r][\n]"
03:32:55.692 [main] DEBUG com.github.dockerjava.zerodep.shaded.org.apache.hc.client5.http.wire - http-outgoing-2 << "18ed[\r][\n]"
03:32:55.692 [main] DEBUG com.github.dockerjava.zerodep.shaded.org.apache.hc.client5.http.wire - http-outgoing-2 << "{"Id":"9691e31891711283f4d98263d11bc6156717d3e75a0b86a23f3b128a992c1f38","Created":"2022-06-23T02:32:47.03956921Z","Path":"docker-entrypoint.sh","Args":["mysqld"],"State":{"Status":"running","Running":true,"Paused":false,"Restarting":false,"OOMKilled":false,"Dead":false,"Pid":66188,"ExitCode":0,"Error":"","StartedAt":"2022-06-23T02:32:47.703880551Z","FinishedAt":"0001-01-01T00:00:00Z"},"Image":"sha256:65b636d5542b73254ce90cc4b895597dc1adc2c661ca553c38eda159979dded1","ResolvConfPath":"/var/lib/docker/containers/9691e31891711283f4d98263d11bc6156717d3e75a0b86a23f3b128a992c1f38/resolv.conf","HostnamePath":"/var/lib/docker/containers/9691e31891711283f4d98263d11bc6156717d3e75a0b86a23f3b128a992c1f38/hostname","HostsPath":"/var/lib/docker/containers/9691e31891711283f4d98263d11bc6156717d3e75a0b86a23f3b128a992c1f38/hosts","LogPath":"/var/lib/docker/containers/9691e31891711283f4d98263d11bc6156717d3e75a0b86a23f3b128a992c1f38/9691e31891711283f4d98263d11bc6156717d3e75a0b86a23f3b128a992c1f38-json.log","Name":"/xenodochial_satoshi","RestartCount":0,"Driver":"overlay2","Platform":"linux","MountLabel":"","ProcessLabel":"","AppArmorProfile":"docker-default","ExecIDs":null,"HostConfig":{"Binds":[],"ContainerIDFile":"","LogConfig":{"Type":"json-file","Config":{}},"NetworkMode":"default","PortBindings":{"3306/tcp":[{"HostIp":"","HostPort":""}]},"RestartPolicy":{"Name":"","MaximumRetryCount":0},"AutoRemove":false,"VolumeDriver":"","VolumesFrom":[],"CapAdd":null,"CapDrop":null,"CgroupnsMode":"host","Dns":null,"DnsOptions":null,"DnsSearch":null,"ExtraHosts":[],"GroupAdd":null,"IpcMode":"shareable","Cgroup":"","Links":null,"OomScoreAdj":0,"PidMode":"","Privileged":false,"PublishAllPorts":false,"ReadonlyRootfs":false,"SecurityOpt":null,"UTSMode":"","UsernsMode":"","ShmSize":67108864,"Runtime":"runc","ConsoleSize":[0,0],"Isolation":"","CpuShares":0,"Memory":0,"NanoCpus":0,"CgroupParent":"","BlkioWeight":0,"BlkioWeightDevice":null,"BlkioDeviceReadBps":null,"BlkioDeviceWriteBps":null,"BlkioDeviceReadIOps":null,"BlkioDeviceWriteIOps":null,"CpuPeriod":0,"CpuQuota":0,"CpuRealtimePeriod":0,"CpuRealtimeRuntime":0,"CpusetCpus":"","CpusetMems":"","Devices":null,"DeviceCgroupRules":null,"DeviceRequests":null,"KernelMemory":0,"KernelMemoryTCP":0,"MemoryReservation":0,"MemorySwap":0,"MemorySwappiness":null,"OomKillDisable":false,"PidsLimit":null,"Ulimits":null,"CpuCount":0,"CpuPercent":0,"IOMaximumIOps":0,"IOMaximumBandwidth":0,"MaskedPaths":["/proc/asound","/proc/acpi","/proc/kcore","/proc/keys","/proc/latency_stats","/proc/timer_list","/proc/timer_stats","/proc/sched_debug","/proc/scsi","/sys/firmware"],"ReadonlyPaths":["/proc/bus","/proc/fs","/proc/irq","/proc/sys","/proc/sysrq-trigger"]},"GraphDriver":{"Data":{"LowerDir":"/var/lib/docker/overlay2/5529564f52cf969e31e7a1482c27be7ffed19639b506ae2e15b7e7115f699a73-init/diff:/var/lib/docker/overlay2/833a665819b5d9728d3efa7c33135034345a24f83af53b1a1af33d9b64f5492a/diff:/var/lib/docker/overlay2/bd4a2a46c227c2f15475b08c398f37acaab93f4fdba31de015d730efae0a0cfc/diff:/var/lib/docker/overlay2/31ad437d7cba8e64428a2b62db1bbb2a2ec19ca4e439ec493ef4deb50dce2783/diff:/var/lib/docker/overlay2/35173cbd8ec5b88a8888e9abbe75f8694f5d3f96a9b781bb70dc1f0889685741/diff:/var/lib/docker/overlay2/24bf69ac4e8c81062fee44e7c9f746fffbb139c3f7f4b55b4fd1b23bb101b529/diff:/var/lib/docker/overlay2/2f27c96a7775dad186b6f0da325d5a251c80aa1b7f80cf8520f493c5154aee70/diff:/var/lib/docker/overlay2/463a60088c72ddbea82639ded15801e35a79c443f6a26bf1baf320c683cb06af/diff:/var/lib/docker/overlay2/80b8224b23a2ee4b5be635c58ae579fd1913aa95558cd66ab2f5e8430f00a5b8/diff:/var/lib/docker/overlay2/20451fa0b1a07b85d665bc3a0359d721ce4e4c28fa3bce7456ab25e0babae708/diff:/var/lib/docker/overlay2/f80d865cbc6c1c6f57d0963fa6234e7a6409e079eb17f4f13ca41d02731701ad/diff:/var/lib/docker/overlay2/5a3029e0b57c6ec9b985871ff6adf08356aaa0f2a15f1e34c1a7f116ecc4a61d/diff:/var/lib/docker/overlay2/4f3423103248d0b381a1bc6a7287e2b42313ff458cea602a02b7379014b03e0e/diff","MergedDir":"/var/lib/docker/overlay2/5529564f52cf969e31e7a1482c27be7ffed19639b506ae2e15b7e7115f699a73/merged","UpperDir":"/var/lib/docker/overlay2/5529564f52cf969e31e7a1482c27be7ffed19639b506ae2e15b7e7115f699a73/diff","WorkDir":"/var/lib/docker/overlay2/5529564f52cf969e31e7a1482c27be7ffed19639b506ae2e15b7e7115f699a73/work"},"Name":"overlay2"},"Mounts":[{"Type":"volume","Name":"fd1f613c7fe3ca3ae799982507ac3f565cc9f6a2dc99ceaed92389e2c43f47d1","Source":"/var/lib/docker/volumes/fd1f613c7fe3ca3ae799982507ac3f565cc9f6a2dc99ceaed92389e2c43f47d1/_data","Destination":"/var/lib/mysql","Driver":"local","Mode":"","RW":true,"Propagation":""}],"Config":{"Hostname":"9691e3189171","Domainname":"","User":"","AttachStdin":false,"AttachStdout":false,"AttachStderr":false,"ExposedPorts":{"3306/tcp":{},"33060/tcp":{}},"Tty":false,"OpenStdin":false,"StdinOnce":false,"Env":["MYSQL_DATABASE=test","MYSQL_PASSWORD=admin","MYSQL_USER=admin","MYSQL_ROOT_PASSWORD=admin","PATH=/usr/local/sbin:/usr/local/bin:/usr/sbin:/usr/bin:/sbin:/bin","GOSU_VERSION=1.14","MYSQL_MAJOR=8.0","MYSQL_VERSION=8.0.29-1debian10"],"Cmd":["mysqld"],"Image":"mysql:8.0","Volumes":{"/var/lib/mysql":{}},"WorkingDir":"","Entrypoint":["docker-entrypoint.sh"],"OnBuild":null,"Labels":{"org.testcontainers":"true","org.testcontainers.sessionId":"d48265e4-2b28-4f8c-aa67-76dd8289af84"}},"NetworkSettings":{"Bridge":"","SandboxID":"d9de8570fe3f0a4e9f3a1ff7101c963bbd2c6a0a9d8a867b96f17f4d5edca537","HairpinMode":false,"LinkLocalIPv6Address":"","LinkLocalIPv6PrefixLen":0,"Ports":{"3306/tcp":[{"HostIp":"0.0.0.0","HostPort":"49160"},{"HostIp":"::","HostPort":"49160"}],"33060/tcp":null},"SandboxKey":"/var/run/docker/netns/d9de8570fe3f","SecondaryIPAddresses":null,"SecondaryIPv6Addresses":null,"EndpointID":"93e8fe159f683a98670e8995677c2b130dbce857fc116679206e206bda319cbf","Gateway":"172.17.0.1","GlobalIPv6Address":"","GlobalIPv6PrefixLen":0,"IPAddress":"172.17.0.3","IPPrefixLen":16,"IPv6Gateway":"","MacAddress":"02:42:ac:11:00:03","Networks":{"bridge":{"IPAMConfig":null,"Links":null,"Aliases":null,"NetworkID":"1853cd2b9856825cc97ed9ef2b12efa82d95bf9cf60ad666c276eb35cc53539e","EndpointID":"93e8fe159f683a98670e8995677c2b130dbce857fc116679206e206bda319cbf","Gateway":"172.17.0.1","IPAddress":"172.17.0.3","IPPrefixLen":16,"IPv6Gateway":"","GlobalIPv6Address":"","GlobalIPv6PrefixLen":0,"MacAddress":"02:42:ac:11:00:03","DriverOpts":null}}}}[\n]"
03:32:55.692 [main] DEBUG com.github.dockerjava.zerodep.shaded.org.apache.hc.client5.http.wire - http-outgoing-2 << "[\r][\n]"
03:32:55.692 [main] DEBUG com.github.dockerjava.zerodep.shaded.org.apache.hc.client5.http.wire - http-outgoing-2 << "0[\r][\n]"
03:32:55.692 [main] DEBUG com.github.dockerjava.zerodep.shaded.org.apache.hc.client5.http.wire - http-outgoing-2 << "[\r][\n]"
03:32:55.692 [main] DEBUG com.github.dockerjava.zerodep.shaded.org.apache.hc.client5.http.headers - http-outgoing-2 << HTTP/1.1 200 OK
03:32:55.692 [main] DEBUG com.github.dockerjava.zerodep.shaded.org.apache.hc.client5.http.headers - http-outgoing-2 << Api-Version: 1.41
03:32:55.692 [main] DEBUG com.github.dockerjava.zerodep.shaded.org.apache.hc.client5.http.headers - http-outgoing-2 << Content-Type: application/json
03:32:55.692 [main] DEBUG com.github.dockerjava.zerodep.shaded.org.apache.hc.client5.http.headers - http-outgoing-2 << Docker-Experimental: false
03:32:55.692 [main] DEBUG com.github.dockerjava.zerodep.shaded.org.apache.hc.client5.http.headers - http-outgoing-2 << Ostype: linux
03:32:55.692 [main] DEBUG com.github.dockerjava.zerodep.shaded.org.apache.hc.client5.http.headers - http-outgoing-2 << Server: Docker/20.10.12 (linux)
03:32:55.692 [main] DEBUG com.github.dockerjava.zerodep.shaded.org.apache.hc.client5.http.headers - http-outgoing-2 << Date: Thu, 23 Jun 2022 02:32:55 GMT
03:32:55.692 [main] DEBUG com.github.dockerjava.zerodep.shaded.org.apache.hc.client5.http.headers - http-outgoing-2 << Transfer-Encoding: chunked
03:32:55.692 [main] DEBUG com.github.dockerjava.zerodep.shaded.org.apache.hc.client5.http.impl.classic.MainClientExec - ex-00000055: connection can be kept alive for 3 MINUTES
03:32:55.693 [main] DEBUG com.github.dockerjava.zerodep.shaded.org.apache.hc.client5.http.impl.classic.InternalHttpClient - ep-00000054: releasing valid endpoint
03:32:55.693 [main] DEBUG com.github.dockerjava.zerodep.shaded.org.apache.hc.client5.http.impl.io.PoolingHttpClientConnectionManager - ep-00000054: releasing endpoint
03:32:55.693 [main] DEBUG com.github.dockerjava.zerodep.shaded.org.apache.hc.client5.http.impl.io.PoolingHttpClientConnectionManager - ep-00000054: connection http-outgoing-2 can be kept alive for 3 MINUTES
03:32:55.693 [main] DEBUG com.github.dockerjava.zerodep.shaded.org.apache.hc.client5.http.impl.io.PoolingHttpClientConnectionManager - ep-00000054: connection released [route: {}->unix://localhost:2375][total available: 1; route allocated: 1 of 2147483647; total allocated: 1 of 2147483647]
03:32:55.693 [main] DEBUG 🐳 [mysql:8.0] - Trying to create JDBC connection using com.mysql.cj.jdbc.Driver to jdbc:mysql://localhost:49160/test?useSSL=false&allowPublicKeyRetrieval=true with properties: {password=admin, user=admin}
03:32:55.795 [main] DEBUG org.testcontainers.shaded.com.github.dockerjava.core.command.AbstrDockerCmd - Cmd: 9691e31891711283f4d98263d11bc6156717d3e75a0b86a23f3b128a992c1f38,false
03:32:55.796 [main] DEBUG org.testcontainers.shaded.com.github.dockerjava.core.exec.InspectContainerCmdExec - GET: DefaultWebTarget{path=[/containers/9691e31891711283f4d98263d11bc6156717d3e75a0b86a23f3b128a992c1f38/json], queryParams={}}
03:32:55.796 [main] DEBUG com.github.dockerjava.zerodep.shaded.org.apache.hc.client5.http.impl.classic.InternalHttpClient - ex-00000056: preparing request execution
03:32:55.796 [main] DEBUG com.github.dockerjava.zerodep.shaded.org.apache.hc.client5.http.protocol.RequestAddCookies - Cookie spec selected: strict
03:32:55.796 [main] DEBUG com.github.dockerjava.zerodep.shaded.org.apache.hc.client5.http.protocol.RequestAuthCache - Auth cache not set in the context
03:32:55.796 [main] DEBUG com.github.dockerjava.zerodep.shaded.org.apache.hc.client5.http.impl.classic.ProtocolExec - ex-00000056: target auth state: UNCHALLENGED
03:32:55.796 [main] DEBUG com.github.dockerjava.zerodep.shaded.org.apache.hc.client5.http.impl.classic.ProtocolExec - ex-00000056: proxy auth state: UNCHALLENGED
03:32:55.796 [main] DEBUG com.github.dockerjava.zerodep.shaded.org.apache.hc.client5.http.impl.classic.ConnectExec - ex-00000056: acquiring connection with route {}->unix://localhost:2375
03:32:55.796 [main] DEBUG com.github.dockerjava.zerodep.shaded.org.apache.hc.client5.http.impl.classic.InternalHttpClient - ex-00000056: acquiring endpoint (3 MINUTES)
03:32:55.796 [main] DEBUG com.github.dockerjava.zerodep.shaded.org.apache.hc.client5.http.impl.io.PoolingHttpClientConnectionManager - ex-00000056: endpoint lease request (3 MINUTES) [route: {}->unix://localhost:2375][total available: 1; route allocated: 1 of 2147483647; total allocated: 1 of 2147483647]
03:32:55.796 [main] DEBUG com.github.dockerjava.zerodep.shaded.org.apache.hc.client5.http.impl.io.PoolingHttpClientConnectionManager - ex-00000056: endpoint leased [route: {}->unix://localhost:2375][total available: 0; route allocated: 1 of 2147483647; total allocated: 1 of 2147483647]
03:32:55.796 [main] DEBUG com.github.dockerjava.zerodep.shaded.org.apache.hc.client5.http.impl.io.PoolingHttpClientConnectionManager - ex-00000056: acquired ep-00000055
03:32:55.796 [main] DEBUG com.github.dockerjava.zerodep.shaded.org.apache.hc.client5.http.impl.classic.InternalHttpClient - ex-00000056: acquired endpoint ep-00000055
03:32:55.796 [main] DEBUG com.github.dockerjava.zerodep.shaded.org.apache.hc.client5.http.impl.classic.MainClientExec - ex-00000056: executing GET /v1.32/containers/9691e31891711283f4d98263d11bc6156717d3e75a0b86a23f3b128a992c1f38/json HTTP/1.1
03:32:55.796 [main] DEBUG com.github.dockerjava.zerodep.shaded.org.apache.hc.client5.http.impl.classic.InternalHttpClient - ep-00000055: start execution ex-00000056
03:32:55.796 [main] DEBUG com.github.dockerjava.zerodep.shaded.org.apache.hc.client5.http.impl.io.PoolingHttpClientConnectionManager - ep-00000055: executing exchange ex-00000056 over http-outgoing-2
03:32:55.796 [main] DEBUG com.github.dockerjava.zerodep.shaded.org.apache.hc.client5.http.headers - http-outgoing-2 >> GET /v1.32/containers/9691e31891711283f4d98263d11bc6156717d3e75a0b86a23f3b128a992c1f38/json HTTP/1.1
03:32:55.796 [main] DEBUG com.github.dockerjava.zerodep.shaded.org.apache.hc.client5.http.headers - http-outgoing-2 >> accept: application/json
03:32:55.796 [main] DEBUG com.github.dockerjava.zerodep.shaded.org.apache.hc.client5.http.headers - http-outgoing-2 >> Accept-Encoding: gzip, x-gzip, deflate
03:32:55.797 [main] DEBUG com.github.dockerjava.zerodep.shaded.org.apache.hc.client5.http.headers - http-outgoing-2 >> Host: localhost:2375
03:32:55.797 [main] DEBUG com.github.dockerjava.zerodep.shaded.org.apache.hc.client5.http.headers - http-outgoing-2 >> Connection: keep-alive
03:32:55.797 [main] DEBUG com.github.dockerjava.zerodep.shaded.org.apache.hc.client5.http.headers - http-outgoing-2 >> User-Agent: Apache-HttpClient/5.0.3 (Java/11.0.15)
03:32:55.797 [main] DEBUG com.github.dockerjava.zerodep.shaded.org.apache.hc.client5.http.wire - http-outgoing-2 >> "GET /v1.32/containers/9691e31891711283f4d98263d11bc6156717d3e75a0b86a23f3b128a992c1f38/json HTTP/1.1[\r][\n]"
03:32:55.797 [main] DEBUG com.github.dockerjava.zerodep.shaded.org.apache.hc.client5.http.wire - http-outgoing-2 >> "accept: application/json[\r][\n]"
03:32:55.797 [main] DEBUG com.github.dockerjava.zerodep.shaded.org.apache.hc.client5.http.wire - http-outgoing-2 >> "Accept-Encoding: gzip, x-gzip, deflate[\r][\n]"
03:32:55.797 [main] DEBUG com.github.dockerjava.zerodep.shaded.org.apache.hc.client5.http.wire - http-outgoing-2 >> "Host: localhost:2375[\r][\n]"
03:32:55.797 [main] DEBUG com.github.dockerjava.zerodep.shaded.org.apache.hc.client5.http.wire - http-outgoing-2 >> "Connection: keep-alive[\r][\n]"
03:32:55.797 [main] DEBUG com.github.dockerjava.zerodep.shaded.org.apache.hc.client5.http.wire - http-outgoing-2 >> "User-Agent: Apache-HttpClient/5.0.3 (Java/11.0.15)[\r][\n]"
03:32:55.797 [main] DEBUG com.github.dockerjava.zerodep.shaded.org.apache.hc.client5.http.wire - http-outgoing-2 >> "[\r][\n]"
03:32:55.800 [main] DEBUG com.github.dockerjava.zerodep.shaded.org.apache.hc.client5.http.wire - http-outgoing-2 << "HTTP/1.1 200 OK[\r][\n]"
03:32:55.800 [main] DEBUG com.github.dockerjava.zerodep.shaded.org.apache.hc.client5.http.wire - http-outgoing-2 << "Api-Version: 1.41[\r][\n]"
03:32:55.800 [main] DEBUG com.github.dockerjava.zerodep.shaded.org.apache.hc.client5.http.wire - http-outgoing-2 << "Content-Type: application/json[\r][\n]"
03:32:55.800 [main] DEBUG com.github.dockerjava.zerodep.shaded.org.apache.hc.client5.http.wire - http-outgoing-2 << "Docker-Experimental: false[\r][\n]"
03:32:55.800 [main] DEBUG com.github.dockerjava.zerodep.shaded.org.apache.hc.client5.http.wire - http-outgoing-2 << "Ostype: linux[\r][\n]"
03:32:55.800 [main] DEBUG com.github.dockerjava.zerodep.shaded.org.apache.hc.client5.http.wire - http-outgoing-2 << "Server: Docker/20.10.12 (linux)[\r][\n]"
03:32:55.800 [main] DEBUG com.github.dockerjava.zerodep.shaded.org.apache.hc.client5.http.wire - http-outgoing-2 << "Date: Thu, 23 Jun 2022 02:32:55 GMT[\r][\n]"
03:32:55.800 [main] DEBUG com.github.dockerjava.zerodep.shaded.org.apache.hc.client5.http.wire - http-outgoing-2 << "Transfer-Encoding: chunked[\r][\n]"
03:32:55.800 [main] DEBUG com.github.dockerjava.zerodep.shaded.org.apache.hc.client5.http.wire - http-outgoing-2 << "[\r][\n]"
03:32:55.800 [main] DEBUG com.github.dockerjava.zerodep.shaded.org.apache.hc.client5.http.wire - http-outgoing-2 << "18ed[\r][\n]"
03:32:55.800 [main] DEBUG com.github.dockerjava.zerodep.shaded.org.apache.hc.client5.http.wire - http-outgoing-2 << "{"Id":"9691e31891711283f4d98263d11bc6156717d3e75a0b86a23f3b128a992c1f38","Created":"2022-06-23T02:32:47.03956921Z","Path":"docker-entrypoint.sh","Args":["mysqld"],"State":{"Status":"running","Running":true,"Paused":false,"Restarting":false,"OOMKilled":false,"Dead":false,"Pid":66188,"ExitCode":0,"Error":"","StartedAt":"2022-06-23T02:32:47.703880551Z","FinishedAt":"0001-01-01T00:00:00Z"},"Image":"sha256:65b636d5542b73254ce90cc4b895597dc1adc2c661ca553c38eda159979dded1","ResolvConfPath":"/var/lib/docker/containers/9691e31891711283f4d98263d11bc6156717d3e75a0b86a23f3b128a992c1f38/resolv.conf","HostnamePath":"/var/lib/docker/containers/9691e31891711283f4d98263d11bc6156717d3e75a0b86a23f3b128a992c1f38/hostname","HostsPath":"/var/lib/docker/containers/9691e31891711283f4d98263d11bc6156717d3e75a0b86a23f3b128a992c1f38/hosts","LogPath":"/var/lib/docker/containers/9691e31891711283f4d98263d11bc6156717d3e75a0b86a23f3b128a992c1f38/9691e31891711283f4d98263d11bc6156717d3e75a0b86a23f3b128a992c1f38-json.log","Name":"/xenodochial_satoshi","RestartCount":0,"Driver":"overlay2","Platform":"linux","MountLabel":"","ProcessLabel":"","AppArmorProfile":"docker-default","ExecIDs":null,"HostConfig":{"Binds":[],"ContainerIDFile":"","LogConfig":{"Type":"json-file","Config":{}},"NetworkMode":"default","PortBindings":{"3306/tcp":[{"HostIp":"","HostPort":""}]},"RestartPolicy":{"Name":"","MaximumRetryCount":0},"AutoRemove":false,"VolumeDriver":"","VolumesFrom":[],"CapAdd":null,"CapDrop":null,"CgroupnsMode":"host","Dns":null,"DnsOptions":null,"DnsSearch":null,"ExtraHosts":[],"GroupAdd":null,"IpcMode":"shareable","Cgroup":"","Links":null,"OomScoreAdj":0,"PidMode":"","Privileged":false,"PublishAllPorts":false,"ReadonlyRootfs":false,"SecurityOpt":null,"UTSMode":"","UsernsMode":"","ShmSize":67108864,"Runtime":"runc","ConsoleSize":[0,0],"Isolation":"","CpuShares":0,"Memory":0,"NanoCpus":0,"CgroupParent":"","BlkioWeight":0,"BlkioWeightDevice":null,"BlkioDeviceReadBps":null,"BlkioDeviceWriteBps":null,"BlkioDeviceReadIOps":null,"BlkioDeviceWriteIOps":null,"CpuPeriod":0,"CpuQuota":0,"CpuRealtimePeriod":0,"CpuRealtimeRuntime":0,"CpusetCpus":"","CpusetMems":"","Devices":null,"DeviceCgroupRules":null,"DeviceRequests":null,"KernelMemory":0,"KernelMemoryTCP":0,"MemoryReservation":0,"MemorySwap":0,"MemorySwappiness":null,"OomKillDisable":false,"PidsLimit":null,"Ulimits":null,"CpuCount":0,"CpuPercent":0,"IOMaximumIOps":0,"IOMaximumBandwidth":0,"MaskedPaths":["/proc/asound","/proc/acpi","/proc/kcore","/proc/keys","/proc/latency_stats","/proc/timer_list","/proc/timer_stats","/proc/sched_debug","/proc/scsi","/sys/firmware"],"ReadonlyPaths":["/proc/bus","/proc/fs","/proc/irq","/proc/sys","/proc/sysrq-trigger"]},"GraphDriver":{"Data":{"LowerDir":"/var/lib/docker/overlay2/5529564f52cf969e31e7a1482c27be7ffed19639b506ae2e15b7e7115f699a73-init/diff:/var/lib/docker/overlay2/833a665819b5d9728d3efa7c33135034345a24f83af53b1a1af33d9b64f5492a/diff:/var/lib/docker/overlay2/bd4a2a46c227c2f15475b08c398f37acaab93f4fdba31de015d730efae0a0cfc/diff:/var/lib/docker/overlay2/31ad437d7cba8e64428a2b62db1bbb2a2ec19ca4e439ec493ef4deb50dce2783/diff:/var/lib/docker/overlay2/35173cbd8ec5b88a8888e9abbe75f8694f5d3f96a9b781bb70dc1f0889685741/diff:/var/lib/docker/overlay2/24bf69ac4e8c81062fee44e7c9f746fffbb139c3f7f4b55b4fd1b23bb101b529/diff:/var/lib/docker/overlay2/2f27c96a7775dad186b6f0da325d5a251c80aa1b7f80cf8520f493c5154aee70/diff:/var/lib/docker/overlay2/463a60088c72ddbea82639ded15801e35a79c443f6a26bf1baf320c683cb06af/diff:/var/lib/docker/overlay2/80b8224b23a2ee4b5be635c58ae579fd1913aa95558cd66ab2f5e8430f00a5b8/diff:/var/lib/docker/overlay2/20451fa0b1a07b85d665bc3a0359d721ce4e4c28fa3bce7456ab25e0babae708/diff:/var/lib/docker/overlay2/f80d865cbc6c1c6f57d0963fa6234e7a6409e079eb17f4f13ca41d02731701ad/diff:/var/lib/docker/overlay2/5a3029e0b57c6ec9b985871ff6adf08356aaa0f2a15f1e34c1a7f116ecc4a61d/diff:/var/lib/docker/overlay2/4f3423103248d0b381a1bc6a7287e2b42313ff458cea602a02b7379014b03e0e/diff","MergedDir":"/var/lib/docker/overlay2/5529564f52cf969e31e7a1482c27be7ffed19639b506ae2e15b7e7115f699a73/merged","UpperDir":"/var/lib/docker/overlay2/5529564f52cf969e31e7a1482c27be7ffed19639b506ae2e15b7e7115f699a73/diff","WorkDir":"/var/lib/docker/overlay2/5529564f52cf969e31e7a1482c27be7ffed19639b506ae2e15b7e7115f699a73/work"},"Name":"overlay2"},"Mounts":[{"Type":"volume","Name":"fd1f613c7fe3ca3ae799982507ac3f565cc9f6a2dc99ceaed92389e2c43f47d1","Source":"/var/lib/docker/volumes/fd1f613c7fe3ca3ae799982507ac3f565cc9f6a2dc99ceaed92389e2c43f47d1/_data","Destination":"/var/lib/mysql","Driver":"local","Mode":"","RW":true,"Propagation":""}],"Config":{"Hostname":"9691e3189171","Domainname":"","User":"","AttachStdin":false,"AttachStdout":false,"AttachStderr":false,"ExposedPorts":{"3306/tcp":{},"33060/tcp":{}},"Tty":false,"OpenStdin":false,"StdinOnce":false,"Env":["MYSQL_DATABASE=test","MYSQL_PASSWORD=admin","MYSQL_USER=admin","MYSQL_ROOT_PASSWORD=admin","PATH=/usr/local/sbin:/usr/local/bin:/usr/sbin:/usr/bin:/sbin:/bin","GOSU_VERSION=1.14","MYSQL_MAJOR=8.0","MYSQL_VERSION=8.0.29-1debian10"],"Cmd":["mysqld"],"Image":"mysql:8.0","Volumes":{"/var/lib/mysql":{}},"WorkingDir":"","Entrypoint":["docker-entrypoint.sh"],"OnBuild":null,"Labels":{"org.testcontainers":"true","org.testcontainers.sessionId":"d48265e4-2b28-4f8c-aa67-76dd8289af84"}},"NetworkSettings":{"Bridge":"","SandboxID":"d9de8570fe3f0a4e9f3a1ff7101c963bbd2c6a0a9d8a867b96f17f4d5edca537","HairpinMode":false,"LinkLocalIPv6Address":"","LinkLocalIPv6PrefixLen":0,"Ports":{"3306/tcp":[{"HostIp":"0.0.0.0","HostPort":"49160"},{"HostIp":"::","HostPort":"49160"}],"33060/tcp":null},"SandboxKey":"/var/run/docker/netns/d9de8570fe3f","SecondaryIPAddresses":null,"SecondaryIPv6Addresses":null,"EndpointID":"93e8fe159f683a98670e8995677c2b130dbce857fc116679206e206bda319cbf","Gateway":"172.17.0.1","GlobalIPv6Address":"","GlobalIPv6PrefixLen":0,"IPAddress":"172.17.0.3","IPPrefixLen":16,"IPv6Gateway":"","MacAddress":"02:42:ac:11:00:03","Networks":{"bridge":{"IPAMConfig":null,"Links":null,"Aliases":null,"NetworkID":"1853cd2b9856825cc97ed9ef2b12efa82d95bf9cf60ad666c276eb35cc53539e","EndpointID":"93e8fe159f683a98670e8995677c2b130dbce857fc116679206e206bda319cbf","Gateway":"172.17.0.1","IPAddress":"172.17.0.3","IPPrefixLen":16,"IPv6Gateway":"","GlobalIPv6Address":"","GlobalIPv6PrefixLen":0,"MacAddress":"02:42:ac:11:00:03","DriverOpts":null}}}}[\n]"
03:32:55.800 [main] DEBUG com.github.dockerjava.zerodep.shaded.org.apache.hc.client5.http.wire - http-outgoing-2 << "[\r][\n]"
03:32:55.800 [main] DEBUG com.github.dockerjava.zerodep.shaded.org.apache.hc.client5.http.wire - http-outgoing-2 << "0[\r][\n]"
03:32:55.800 [main] DEBUG com.github.dockerjava.zerodep.shaded.org.apache.hc.client5.http.wire - http-outgoing-2 << "[\r][\n]"
03:32:55.801 [main] DEBUG com.github.dockerjava.zerodep.shaded.org.apache.hc.client5.http.headers - http-outgoing-2 << HTTP/1.1 200 OK
03:32:55.801 [main] DEBUG com.github.dockerjava.zerodep.shaded.org.apache.hc.client5.http.headers - http-outgoing-2 << Api-Version: 1.41
03:32:55.801 [main] DEBUG com.github.dockerjava.zerodep.shaded.org.apache.hc.client5.http.headers - http-outgoing-2 << Content-Type: application/json
03:32:55.801 [main] DEBUG com.github.dockerjava.zerodep.shaded.org.apache.hc.client5.http.headers - http-outgoing-2 << Docker-Experimental: false
03:32:55.801 [main] DEBUG com.github.dockerjava.zerodep.shaded.org.apache.hc.client5.http.headers - http-outgoing-2 << Ostype: linux
03:32:55.801 [main] DEBUG com.github.dockerjava.zerodep.shaded.org.apache.hc.client5.http.headers - http-outgoing-2 << Server: Docker/20.10.12 (linux)
03:32:55.801 [main] DEBUG com.github.dockerjava.zerodep.shaded.org.apache.hc.client5.http.headers - http-outgoing-2 << Date: Thu, 23 Jun 2022 02:32:55 GMT
03:32:55.801 [main] DEBUG com.github.dockerjava.zerodep.shaded.org.apache.hc.client5.http.headers - http-outgoing-2 << Transfer-Encoding: chunked
03:32:55.801 [main] DEBUG com.github.dockerjava.zerodep.shaded.org.apache.hc.client5.http.impl.classic.MainClientExec - ex-00000056: connection can be kept alive for 3 MINUTES
03:32:55.802 [main] DEBUG com.github.dockerjava.zerodep.shaded.org.apache.hc.client5.http.impl.classic.InternalHttpClient - ep-00000055: releasing valid endpoint
03:32:55.802 [main] DEBUG com.github.dockerjava.zerodep.shaded.org.apache.hc.client5.http.impl.io.PoolingHttpClientConnectionManager - ep-00000055: releasing endpoint
03:32:55.802 [main] DEBUG com.github.dockerjava.zerodep.shaded.org.apache.hc.client5.http.impl.io.PoolingHttpClientConnectionManager - ep-00000055: connection http-outgoing-2 can be kept alive for 3 MINUTES
03:32:55.802 [main] DEBUG com.github.dockerjava.zerodep.shaded.org.apache.hc.client5.http.impl.io.PoolingHttpClientConnectionManager - ep-00000055: connection released [route: {}->unix://localhost:2375][total available: 1; route allocated: 1 of 2147483647; total allocated: 1 of 2147483647]
03:32:55.802 [main] DEBUG 🐳 [mysql:8.0] - Trying to create JDBC connection using com.mysql.cj.jdbc.Driver to jdbc:mysql://localhost:49160/test?useSSL=false&allowPublicKeyRetrieval=true with properties: {password=admin, user=admin}
03:32:55.904 [main] DEBUG org.testcontainers.shaded.com.github.dockerjava.core.command.AbstrDockerCmd - Cmd: 9691e31891711283f4d98263d11bc6156717d3e75a0b86a23f3b128a992c1f38,false
03:32:55.905 [main] DEBUG org.testcontainers.shaded.com.github.dockerjava.core.exec.InspectContainerCmdExec - GET: DefaultWebTarget{path=[/containers/9691e31891711283f4d98263d11bc6156717d3e75a0b86a23f3b128a992c1f38/json], queryParams={}}
03:32:55.905 [main] DEBUG com.github.dockerjava.zerodep.shaded.org.apache.hc.client5.http.impl.classic.InternalHttpClient - ex-00000057: preparing request execution
03:32:55.905 [main] DEBUG com.github.dockerjava.zerodep.shaded.org.apache.hc.client5.http.protocol.RequestAddCookies - Cookie spec selected: strict
03:32:55.905 [main] DEBUG com.github.dockerjava.zerodep.shaded.org.apache.hc.client5.http.protocol.RequestAuthCache - Auth cache not set in the context
03:32:55.905 [main] DEBUG com.github.dockerjava.zerodep.shaded.org.apache.hc.client5.http.impl.classic.ProtocolExec - ex-00000057: target auth state: UNCHALLENGED
03:32:55.905 [main] DEBUG com.github.dockerjava.zerodep.shaded.org.apache.hc.client5.http.impl.classic.ProtocolExec - ex-00000057: proxy auth state: UNCHALLENGED
03:32:55.905 [main] DEBUG com.github.dockerjava.zerodep.shaded.org.apache.hc.client5.http.impl.classic.ConnectExec - ex-00000057: acquiring connection with route {}->unix://localhost:2375
03:32:55.905 [main] DEBUG com.github.dockerjava.zerodep.shaded.org.apache.hc.client5.http.impl.classic.InternalHttpClient - ex-00000057: acquiring endpoint (3 MINUTES)
03:32:55.905 [main] DEBUG com.github.dockerjava.zerodep.shaded.org.apache.hc.client5.http.impl.io.PoolingHttpClientConnectionManager - ex-00000057: endpoint lease request (3 MINUTES) [route: {}->unix://localhost:2375][total available: 1; route allocated: 1 of 2147483647; total allocated: 1 of 2147483647]
03:32:55.905 [main] DEBUG com.github.dockerjava.zerodep.shaded.org.apache.hc.client5.http.impl.io.PoolingHttpClientConnectionManager - ex-00000057: endpoint leased [route: {}->unix://localhost:2375][total available: 0; route allocated: 1 of 2147483647; total allocated: 1 of 2147483647]
03:32:55.905 [main] DEBUG com.github.dockerjava.zerodep.shaded.org.apache.hc.client5.http.impl.io.PoolingHttpClientConnectionManager - ex-00000057: acquired ep-00000056
03:32:55.906 [main] DEBUG com.github.dockerjava.zerodep.shaded.org.apache.hc.client5.http.impl.classic.InternalHttpClient - ex-00000057: acquired endpoint ep-00000056
03:32:55.906 [main] DEBUG com.github.dockerjava.zerodep.shaded.org.apache.hc.client5.http.impl.classic.MainClientExec - ex-00000057: executing GET /v1.32/containers/9691e31891711283f4d98263d11bc6156717d3e75a0b86a23f3b128a992c1f38/json HTTP/1.1
03:32:55.906 [main] DEBUG com.github.dockerjava.zerodep.shaded.org.apache.hc.client5.http.impl.classic.InternalHttpClient - ep-00000056: start execution ex-00000057
03:32:55.906 [main] DEBUG com.github.dockerjava.zerodep.shaded.org.apache.hc.client5.http.impl.io.PoolingHttpClientConnectionManager - ep-00000056: executing exchange ex-00000057 over http-outgoing-2
03:32:55.906 [main] DEBUG com.github.dockerjava.zerodep.shaded.org.apache.hc.client5.http.headers - http-outgoing-2 >> GET /v1.32/containers/9691e31891711283f4d98263d11bc6156717d3e75a0b86a23f3b128a992c1f38/json HTTP/1.1
03:32:55.906 [main] DEBUG com.github.dockerjava.zerodep.shaded.org.apache.hc.client5.http.headers - http-outgoing-2 >> accept: application/json
03:32:55.906 [main] DEBUG com.github.dockerjava.zerodep.shaded.org.apache.hc.client5.http.headers - http-outgoing-2 >> Accept-Encoding: gzip, x-gzip, deflate
03:32:55.906 [main] DEBUG com.github.dockerjava.zerodep.shaded.org.apache.hc.client5.http.headers - http-outgoing-2 >> Host: localhost:2375
03:32:55.906 [main] DEBUG com.github.dockerjava.zerodep.shaded.org.apache.hc.client5.http.headers - http-outgoing-2 >> Connection: keep-alive
03:32:55.906 [main] DEBUG com.github.dockerjava.zerodep.shaded.org.apache.hc.client5.http.headers - http-outgoing-2 >> User-Agent: Apache-HttpClient/5.0.3 (Java/11.0.15)
03:32:55.906 [main] DEBUG com.github.dockerjava.zerodep.shaded.org.apache.hc.client5.http.wire - http-outgoing-2 >> "GET /v1.32/containers/9691e31891711283f4d98263d11bc6156717d3e75a0b86a23f3b128a992c1f38/json HTTP/1.1[\r][\n]"
03:32:55.906 [main] DEBUG com.github.dockerjava.zerodep.shaded.org.apache.hc.client5.http.wire - http-outgoing-2 >> "accept: application/json[\r][\n]"
03:32:55.906 [main] DEBUG com.github.dockerjava.zerodep.shaded.org.apache.hc.client5.http.wire - http-outgoing-2 >> "Accept-Encoding: gzip, x-gzip, deflate[\r][\n]"
03:32:55.906 [main] DEBUG com.github.dockerjava.zerodep.shaded.org.apache.hc.client5.http.wire - http-outgoing-2 >> "Host: localhost:2375[\r][\n]"
03:32:55.906 [main] DEBUG com.github.dockerjava.zerodep.shaded.org.apache.hc.client5.http.wire - http-outgoing-2 >> "Connection: keep-alive[\r][\n]"
03:32:55.906 [main] DEBUG com.github.dockerjava.zerodep.shaded.org.apache.hc.client5.http.wire - http-outgoing-2 >> "User-Agent: Apache-HttpClient/5.0.3 (Java/11.0.15)[\r][\n]"
03:32:55.906 [main] DEBUG com.github.dockerjava.zerodep.shaded.org.apache.hc.client5.http.wire - http-outgoing-2 >> "[\r][\n]"
03:32:55.906 [main] DEBUG com.github.dockerjava.zerodep.shaded.org.apache.hc.client5.http.wire - http-outgoing-2 << "HTTP/1.1 200 OK[\r][\n]"
03:32:55.906 [main] DEBUG com.github.dockerjava.zerodep.shaded.org.apache.hc.client5.http.wire - http-outgoing-2 << "Api-Version: 1.41[\r][\n]"
03:32:55.906 [main] DEBUG com.github.dockerjava.zerodep.shaded.org.apache.hc.client5.http.wire - http-outgoing-2 << "Content-Type: application/json[\r][\n]"
03:32:55.906 [main] DEBUG com.github.dockerjava.zerodep.shaded.org.apache.hc.client5.http.wire - http-outgoing-2 << "Docker-Experimental: false[\r][\n]"
03:32:55.906 [main] DEBUG com.github.dockerjava.zerodep.shaded.org.apache.hc.client5.http.wire - http-outgoing-2 << "Ostype: linux[\r][\n]"
03:32:55.906 [main] DEBUG com.github.dockerjava.zerodep.shaded.org.apache.hc.client5.http.wire - http-outgoing-2 << "Server: Docker/20.10.12 (linux)[\r][\n]"
03:32:55.906 [main] DEBUG com.github.dockerjava.zerodep.shaded.org.apache.hc.client5.http.wire - http-outgoing-2 << "Date: Thu, 23 Jun 2022 02:32:55 GMT[\r][\n]"
03:32:55.907 [main] DEBUG com.github.dockerjava.zerodep.shaded.org.apache.hc.client5.http.wire - http-outgoing-2 << "Transfer-Encoding: chunked[\r][\n]"
03:32:55.907 [main] DEBUG com.github.dockerjava.zerodep.shaded.org.apache.hc.client5.http.wire - http-outgoing-2 << "[\r][\n]"
03:32:55.907 [main] DEBUG com.github.dockerjava.zerodep.shaded.org.apache.hc.client5.http.wire - http-outgoing-2 << "18ed[\r][\n]"
03:32:55.907 [main] DEBUG com.github.dockerjava.zerodep.shaded.org.apache.hc.client5.http.wire - http-outgoing-2 << "{"Id":"9691e31891711283f4d98263d11bc6156717d3e75a0b86a23f3b128a992c1f38","Created":"2022-06-23T02:32:47.03956921Z","Path":"docker-entrypoint.sh","Args":["mysqld"],"State":{"Status":"running","Running":true,"Paused":false,"Restarting":false,"OOMKilled":false,"Dead":false,"Pid":66188,"ExitCode":0,"Error":"","StartedAt":"2022-06-23T02:32:47.703880551Z","FinishedAt":"0001-01-01T00:00:00Z"},"Image":"sha256:65b636d5542b73254ce90cc4b895597dc1adc2c661ca553c38eda159979dded1","ResolvConfPath":"/var/lib/docker/containers/9691e31891711283f4d98263d11bc6156717d3e75a0b86a23f3b128a992c1f38/resolv.conf","HostnamePath":"/var/lib/docker/containers/9691e31891711283f4d98263d11bc6156717d3e75a0b86a23f3b128a992c1f38/hostname","HostsPath":"/var/lib/docker/containers/9691e31891711283f4d98263d11bc6156717d3e75a0b86a23f3b128a992c1f38/hosts","LogPath":"/var/lib/docker/containers/9691e31891711283f4d98263d11bc6156717d3e75a0b86a23f3b128a992c1f38/9691e31891711283f4d98263d11bc6156717d3e75a0b86a23f3b128a992c1f38-json.log","Name":"/xenodochial_satoshi","RestartCount":0,"Driver":"overlay2","Platform":"linux","MountLabel":"","ProcessLabel":"","AppArmorProfile":"docker-default","ExecIDs":null,"HostConfig":{"Binds":[],"ContainerIDFile":"","LogConfig":{"Type":"json-file","Config":{}},"NetworkMode":"default","PortBindings":{"3306/tcp":[{"HostIp":"","HostPort":""}]},"RestartPolicy":{"Name":"","MaximumRetryCount":0},"AutoRemove":false,"VolumeDriver":"","VolumesFrom":[],"CapAdd":null,"CapDrop":null,"CgroupnsMode":"host","Dns":null,"DnsOptions":null,"DnsSearch":null,"ExtraHosts":[],"GroupAdd":null,"IpcMode":"shareable","Cgroup":"","Links":null,"OomScoreAdj":0,"PidMode":"","Privileged":false,"PublishAllPorts":false,"ReadonlyRootfs":false,"SecurityOpt":null,"UTSMode":"","UsernsMode":"","ShmSize":67108864,"Runtime":"runc","ConsoleSize":[0,0],"Isolation":"","CpuShares":0,"Memory":0,"NanoCpus":0,"CgroupParent":"","BlkioWeight":0,"BlkioWeightDevice":null,"BlkioDeviceReadBps":null,"BlkioDeviceWriteBps":null,"BlkioDeviceReadIOps":null,"BlkioDeviceWriteIOps":null,"CpuPeriod":0,"CpuQuota":0,"CpuRealtimePeriod":0,"CpuRealtimeRuntime":0,"CpusetCpus":"","CpusetMems":"","Devices":null,"DeviceCgroupRules":null,"DeviceRequests":null,"KernelMemory":0,"KernelMemoryTCP":0,"MemoryReservation":0,"MemorySwap":0,"MemorySwappiness":null,"OomKillDisable":false,"PidsLimit":null,"Ulimits":null,"CpuCount":0,"CpuPercent":0,"IOMaximumIOps":0,"IOMaximumBandwidth":0,"MaskedPaths":["/proc/asound","/proc/acpi","/proc/kcore","/proc/keys","/proc/latency_stats","/proc/timer_list","/proc/timer_stats","/proc/sched_debug","/proc/scsi","/sys/firmware"],"ReadonlyPaths":["/proc/bus","/proc/fs","/proc/irq","/proc/sys","/proc/sysrq-trigger"]},"GraphDriver":{"Data":{"LowerDir":"/var/lib/docker/overlay2/5529564f52cf969e31e7a1482c27be7ffed19639b506ae2e15b7e7115f699a73-init/diff:/var/lib/docker/overlay2/833a665819b5d9728d3efa7c33135034345a24f83af53b1a1af33d9b64f5492a/diff:/var/lib/docker/overlay2/bd4a2a46c227c2f15475b08c398f37acaab93f4fdba31de015d730efae0a0cfc/diff:/var/lib/docker/overlay2/31ad437d7cba8e64428a2b62db1bbb2a2ec19ca4e439ec493ef4deb50dce2783/diff:/var/lib/docker/overlay2/35173cbd8ec5b88a8888e9abbe75f8694f5d3f96a9b781bb70dc1f0889685741/diff:/var/lib/docker/overlay2/24bf69ac4e8c81062fee44e7c9f746fffbb139c3f7f4b55b4fd1b23bb101b529/diff:/var/lib/docker/overlay2/2f27c96a7775dad186b6f0da325d5a251c80aa1b7f80cf8520f493c5154aee70/diff:/var/lib/docker/overlay2/463a60088c72ddbea82639ded15801e35a79c443f6a26bf1baf320c683cb06af/diff:/var/lib/docker/overlay2/80b8224b23a2ee4b5be635c58ae579fd1913aa95558cd66ab2f5e8430f00a5b8/diff:/var/lib/docker/overlay2/20451fa0b1a07b85d665bc3a0359d721ce4e4c28fa3bce7456ab25e0babae708/diff:/var/lib/docker/overlay2/f80d865cbc6c1c6f57d0963fa6234e7a6409e079eb17f4f13ca41d02731701ad/diff:/var/lib/docker/overlay2/5a3029e0b57c6ec9b985871ff6adf08356aaa0f2a15f1e34c1a7f116ecc4a61d/dif"
03:32:55.907 [main] DEBUG com.github.dockerjava.zerodep.shaded.org.apache.hc.client5.http.headers - http-outgoing-2 << HTTP/1.1 200 OK
03:32:55.907 [main] DEBUG com.github.dockerjava.zerodep.shaded.org.apache.hc.client5.http.headers - http-outgoing-2 << Api-Version: 1.41
03:32:55.907 [main] DEBUG com.github.dockerjava.zerodep.shaded.org.apache.hc.client5.http.headers - http-outgoing-2 << Content-Type: application/json
03:32:55.907 [main] DEBUG com.github.dockerjava.zerodep.shaded.org.apache.hc.client5.http.headers - http-outgoing-2 << Docker-Experimental: false
03:32:55.907 [main] DEBUG com.github.dockerjava.zerodep.shaded.org.apache.hc.client5.http.headers - http-outgoing-2 << Ostype: linux
03:32:55.907 [main] DEBUG com.github.dockerjava.zerodep.shaded.org.apache.hc.client5.http.headers - http-outgoing-2 << Server: Docker/20.10.12 (linux)
03:32:55.907 [main] DEBUG com.github.dockerjava.zerodep.shaded.org.apache.hc.client5.http.headers - http-outgoing-2 << Date: Thu, 23 Jun 2022 02:32:55 GMT
03:32:55.907 [main] DEBUG com.github.dockerjava.zerodep.shaded.org.apache.hc.client5.http.headers - http-outgoing-2 << Transfer-Encoding: chunked
03:32:55.907 [main] DEBUG com.github.dockerjava.zerodep.shaded.org.apache.hc.client5.http.impl.classic.MainClientExec - ex-00000057: connection can be kept alive for 3 MINUTES
03:32:55.907 [main] DEBUG com.github.dockerjava.zerodep.shaded.org.apache.hc.client5.http.wire - http-outgoing-2 << "f:/var/lib/docker/overlay2/4f3423103248d0b381a1bc6a7287e2b42313ff458cea602a02b7379014b03e0e/diff","MergedDir":"/var/lib/docker/overlay2/5529564f52cf969e31e7a1482c27be7ffed19639b506ae2e15b7e7115f699a73/merged","UpperDir":"/var/lib/docker/overlay2/5529564f52cf969e31e7a1482c27be7ffed19639b506ae2e15b7e7115f699a73/diff","WorkDir":"/var/lib/docker/overlay2/5529564f52cf969e31e7a1482c27be7ffed19639b506ae2e15b7e7115f699a73/work"},"Name":"overlay2"},"Mounts":[{"Type":"volume","Name":"fd1f613c7fe3ca3ae799982507ac3f565cc9f6a2dc99ceaed92389e2c43f47d1","Source":"/var/lib/docker/volumes/fd1f613c7fe3ca3ae799982507ac3f565cc9f6a2dc99ceaed92389e2c43f47d1/_data","Destination":"/var/lib/mysql","Driver":"local","Mode":"","RW":true,"Propagation":""}],"Config":{"Hostname":"9691e3189171","Domainname":"","User":"","AttachStdin":false,"AttachStdout":false,"AttachStderr":false,"ExposedPorts":{"3306/tcp":{},"33060/tcp":{}},"Tty":false,"OpenStdin":false,"StdinOnce":false,"Env":["MYSQL_DATABASE=test","MYSQL_PASSWORD=admin","MYSQL_USER=admin","MYSQL_ROOT_PASSWORD=admin","PATH=/usr/local/sbin:/usr/local/bin:/usr/sbin:/usr/bin:/sbin:/bin","GOSU_VERSION=1.14","MYSQL_MAJOR=8.0","MYSQL_VERSION=8.0.29-1debian10"],"Cmd":["mysqld"],"Image":"mysql:8.0","Volumes":{"/var/lib/mysql":{}},"WorkingDir":"","Entrypoint":["docker-entrypoint.sh"],"OnBuild":null,"Labels":{"org.testcontainers":"true","org.testcontainers.sessionId":"d48265e4-2b28-4f8c-aa67-76dd8289af84"}},"NetworkSettings":{"Bridge":"","SandboxID":"d9de8570fe3f0a4e9f3a1ff7101c963bbd2c6a0a9d8a867b96f17f4d5edca537","HairpinMode":false,"LinkLocalIPv6Address":"","LinkLocalIPv6PrefixLen":0,"Ports":{"3306/tcp":[{"HostIp":"0.0.0.0","HostPort":"49160"},{"HostIp":"::","HostPort":"49160"}],"33060/tcp":null},"SandboxKey":"/var/run/docker/netns/d9de8570fe3f","SecondaryIPAddresses":null,"SecondaryIPv6Addresses":null,"EndpointID":"93e8fe159f683a98670e8995677c2b130dbce857fc116679206e206bda319cbf","Gateway":"172.17.0.1","GlobalIPv6Address":"","GlobalIPv6PrefixLen":0,"IPAddress":"172.17.0.3","IPPrefixLen":16,"IPv6Gateway":"","MacAddress":"02:42:ac:11:00:03","Networks":{"bridge":{"IPAMConfig":null,"Links":null,"Aliases":null,"NetworkID":"1853cd2b9856825cc97ed9ef2b12efa82d95bf9cf60ad666c276eb35cc53539e","EndpointID":"93e8fe159f683a98670e8995677c2b130dbce857fc116679206e206bda319cbf","Gateway":"172.17.0.1","IPAddress":"172.17.0.3","IPPrefixLen":16,"IPv6Gateway":"","GlobalIPv6Address":"","GlobalIPv6PrefixLen":0,"MacAddress":"02:42:ac:11:00:03","DriverOpts":null}}}}[\n]"
03:32:55.915 [main] DEBUG com.github.dockerjava.zerodep.shaded.org.apache.hc.client5.http.wire - http-outgoing-2 << "[\r][\n]"
03:32:55.915 [main] DEBUG com.github.dockerjava.zerodep.shaded.org.apache.hc.client5.http.wire - http-outgoing-2 << "0[\r][\n]"
03:32:55.915 [main] DEBUG com.github.dockerjava.zerodep.shaded.org.apache.hc.client5.http.wire - http-outgoing-2 << "[\r][\n]"
03:32:55.915 [main] DEBUG com.github.dockerjava.zerodep.shaded.org.apache.hc.client5.http.impl.classic.InternalHttpClient - ep-00000056: releasing valid endpoint
03:32:55.915 [main] DEBUG com.github.dockerjava.zerodep.shaded.org.apache.hc.client5.http.impl.io.PoolingHttpClientConnectionManager - ep-00000056: releasing endpoint
03:32:55.915 [main] DEBUG com.github.dockerjava.zerodep.shaded.org.apache.hc.client5.http.impl.io.PoolingHttpClientConnectionManager - ep-00000056: connection http-outgoing-2 can be kept alive for 3 MINUTES
03:32:55.915 [main] DEBUG com.github.dockerjava.zerodep.shaded.org.apache.hc.client5.http.impl.io.PoolingHttpClientConnectionManager - ep-00000056: connection released [route: {}->unix://localhost:2375][total available: 1; route allocated: 1 of 2147483647; total allocated: 1 of 2147483647]
03:32:55.915 [main] DEBUG 🐳 [mysql:8.0] - Trying to create JDBC connection using com.mysql.cj.jdbc.Driver to jdbc:mysql://localhost:49160/test?useSSL=false&allowPublicKeyRetrieval=true with properties: {password=admin, user=admin}
03:32:56.017 [main] DEBUG org.testcontainers.shaded.com.github.dockerjava.core.command.AbstrDockerCmd - Cmd: 9691e31891711283f4d98263d11bc6156717d3e75a0b86a23f3b128a992c1f38,false
03:32:56.017 [main] DEBUG org.testcontainers.shaded.com.github.dockerjava.core.exec.InspectContainerCmdExec - GET: DefaultWebTarget{path=[/containers/9691e31891711283f4d98263d11bc6156717d3e75a0b86a23f3b128a992c1f38/json], queryParams={}}
03:32:56.017 [main] DEBUG com.github.dockerjava.zerodep.shaded.org.apache.hc.client5.http.impl.classic.InternalHttpClient - ex-00000058: preparing request execution
03:32:56.017 [main] DEBUG com.github.dockerjava.zerodep.shaded.org.apache.hc.client5.http.protocol.RequestAddCookies - Cookie spec selected: strict
03:32:56.018 [main] DEBUG com.github.dockerjava.zerodep.shaded.org.apache.hc.client5.http.protocol.RequestAuthCache - Auth cache not set in the context
03:32:56.018 [main] DEBUG com.github.dockerjava.zerodep.shaded.org.apache.hc.client5.http.impl.classic.ProtocolExec - ex-00000058: target auth state: UNCHALLENGED
03:32:56.018 [main] DEBUG com.github.dockerjava.zerodep.shaded.org.apache.hc.client5.http.impl.classic.ProtocolExec - ex-00000058: proxy auth state: UNCHALLENGED
03:32:56.018 [main] DEBUG com.github.dockerjava.zerodep.shaded.org.apache.hc.client5.http.impl.classic.ConnectExec - ex-00000058: acquiring connection with route {}->unix://localhost:2375
03:32:56.018 [main] DEBUG com.github.dockerjava.zerodep.shaded.org.apache.hc.client5.http.impl.classic.InternalHttpClient - ex-00000058: acquiring endpoint (3 MINUTES)
03:32:56.018 [main] DEBUG com.github.dockerjava.zerodep.shaded.org.apache.hc.client5.http.impl.io.PoolingHttpClientConnectionManager - ex-00000058: endpoint lease request (3 MINUTES) [route: {}->unix://localhost:2375][total available: 1; route allocated: 1 of 2147483647; total allocated: 1 of 2147483647]
03:32:56.018 [main] DEBUG com.github.dockerjava.zerodep.shaded.org.apache.hc.client5.http.impl.io.PoolingHttpClientConnectionManager - ex-00000058: endpoint leased [route: {}->unix://localhost:2375][total available: 0; route allocated: 1 of 2147483647; total allocated: 1 of 2147483647]
03:32:56.018 [main] DEBUG com.github.dockerjava.zerodep.shaded.org.apache.hc.client5.http.impl.io.PoolingHttpClientConnectionManager - ex-00000058: acquired ep-00000057
03:32:56.018 [main] DEBUG com.github.dockerjava.zerodep.shaded.org.apache.hc.client5.http.impl.classic.InternalHttpClient - ex-00000058: acquired endpoint ep-00000057
03:32:56.018 [main] DEBUG com.github.dockerjava.zerodep.shaded.org.apache.hc.client5.http.impl.classic.MainClientExec - ex-00000058: executing GET /v1.32/containers/9691e31891711283f4d98263d11bc6156717d3e75a0b86a23f3b128a992c1f38/json HTTP/1.1
03:32:56.018 [main] DEBUG com.github.dockerjava.zerodep.shaded.org.apache.hc.client5.http.impl.classic.InternalHttpClient - ep-00000057: start execution ex-00000058
03:32:56.018 [main] DEBUG com.github.dockerjava.zerodep.shaded.org.apache.hc.client5.http.impl.io.PoolingHttpClientConnectionManager - ep-00000057: executing exchange ex-00000058 over http-outgoing-2
03:32:56.018 [main] DEBUG com.github.dockerjava.zerodep.shaded.org.apache.hc.client5.http.headers - http-outgoing-2 >> GET /v1.32/containers/9691e31891711283f4d98263d11bc6156717d3e75a0b86a23f3b128a992c1f38/json HTTP/1.1
03:32:56.018 [main] DEBUG com.github.dockerjava.zerodep.shaded.org.apache.hc.client5.http.headers - http-outgoing-2 >> accept: application/json
03:32:56.018 [main] DEBUG com.github.dockerjava.zerodep.shaded.org.apache.hc.client5.http.headers - http-outgoing-2 >> Accept-Encoding: gzip, x-gzip, deflate
03:32:56.018 [main] DEBUG com.github.dockerjava.zerodep.shaded.org.apache.hc.client5.http.headers - http-outgoing-2 >> Host: localhost:2375
03:32:56.018 [main] DEBUG com.github.dockerjava.zerodep.shaded.org.apache.hc.client5.http.headers - http-outgoing-2 >> Connection: keep-alive
03:32:56.018 [main] DEBUG com.github.dockerjava.zerodep.shaded.org.apache.hc.client5.http.headers - http-outgoing-2 >> User-Agent: Apache-HttpClient/5.0.3 (Java/11.0.15)
03:32:56.018 [main] DEBUG com.github.dockerjava.zerodep.shaded.org.apache.hc.client5.http.wire - http-outgoing-2 >> "GET /v1.32/containers/9691e31891711283f4d98263d11bc6156717d3e75a0b86a23f3b128a992c1f38/json HTTP/1.1[\r][\n]"
03:32:56.018 [main] DEBUG com.github.dockerjava.zerodep.shaded.org.apache.hc.client5.http.wire - http-outgoing-2 >> "accept: application/json[\r][\n]"
03:32:56.018 [main] DEBUG com.github.dockerjava.zerodep.shaded.org.apache.hc.client5.http.wire - http-outgoing-2 >> "Accept-Encoding: gzip, x-gzip, deflate[\r][\n]"
03:32:56.018 [main] DEBUG com.github.dockerjava.zerodep.shaded.org.apache.hc.client5.http.wire - http-outgoing-2 >> "Host: localhost:2375[\r][\n]"
03:32:56.018 [main] DEBUG com.github.dockerjava.zerodep.shaded.org.apache.hc.client5.http.wire - http-outgoing-2 >> "Connection: keep-alive[\r][\n]"
03:32:56.018 [main] DEBUG com.github.dockerjava.zerodep.shaded.org.apache.hc.client5.http.wire - http-outgoing-2 >> "User-Agent: Apache-HttpClient/5.0.3 (Java/11.0.15)[\r][\n]"
03:32:56.018 [main] DEBUG com.github.dockerjava.zerodep.shaded.org.apache.hc.client5.http.wire - http-outgoing-2 >> "[\r][\n]"
03:32:56.018 [main] DEBUG com.github.dockerjava.zerodep.shaded.org.apache.hc.client5.http.wire - http-outgoing-2 << "HTTP/1.1 200 OK[\r][\n]"
03:32:56.018 [main] DEBUG com.github.dockerjava.zerodep.shaded.org.apache.hc.client5.http.wire - http-outgoing-2 << "Api-Version: 1.41[\r][\n]"
03:32:56.018 [main] DEBUG com.github.dockerjava.zerodep.shaded.org.apache.hc.client5.http.wire - http-outgoing-2 << "Content-Type: application/json[\r][\n]"
03:32:56.018 [main] DEBUG com.github.dockerjava.zerodep.shaded.org.apache.hc.client5.http.wire - http-outgoing-2 << "Docker-Experimental: false[\r][\n]"
03:32:56.018 [main] DEBUG com.github.dockerjava.zerodep.shaded.org.apache.hc.client5.http.wire - http-outgoing-2 << "Ostype: linux[\r][\n]"
03:32:56.018 [main] DEBUG com.github.dockerjava.zerodep.shaded.org.apache.hc.client5.http.wire - http-outgoing-2 << "Server: Docker/20.10.12 (linux)[\r][\n]"
03:32:56.019 [main] DEBUG com.github.dockerjava.zerodep.shaded.org.apache.hc.client5.http.wire - http-outgoing-2 << "Date: Thu, 23 Jun 2022 02:32:56 GMT[\r][\n]"
03:32:56.019 [main] DEBUG com.github.dockerjava.zerodep.shaded.org.apache.hc.client5.http.wire - http-outgoing-2 << "Transfer-Encoding: chunked[\r][\n]"
03:32:56.019 [main] DEBUG com.github.dockerjava.zerodep.shaded.org.apache.hc.client5.http.wire - http-outgoing-2 << "[\r][\n]"
03:32:56.019 [main] DEBUG com.github.dockerjava.zerodep.shaded.org.apache.hc.client5.http.wire - http-outgoing-2 << "18ed[\r][\n]"
03:32:56.019 [main] DEBUG com.github.dockerjava.zerodep.shaded.org.apache.hc.client5.http.wire - http-outgoing-2 << "{"Id":"9691e31891711283f4d98263d11bc6156717d3e75a0b86a23f3b128a992c1f38","Created":"2022-06-23T02:32:47.03956921Z","Path":"docker-entrypoint.sh","Args":["mysqld"],"State":{"Status":"running","Running":true,"Paused":false,"Restarting":false,"OOMKilled":false,"Dead":false,"Pid":66188,"ExitCode":0,"Error":"","StartedAt":"2022-06-23T02:32:47.703880551Z","FinishedAt":"0001-01-01T00:00:00Z"},"Image":"sha256:65b636d5542b73254ce90cc4b895597dc1adc2c661ca553c38eda159979dded1","ResolvConfPath":"/var/lib/docker/containers/9691e31891711283f4d98263d11bc6156717d3e75a0b86a23f3b128a992c1f38/resolv.conf","HostnamePath":"/var/lib/docker/containers/9691e31891711283f4d98263d11bc6156717d3e75a0b86a23f3b128a992c1f38/hostname","HostsPath":"/var/lib/docker/containers/9691e31891711283f4d98263d11bc6156717d3e75a0b86a23f3b128a992c1f38/hosts","LogPath":"/var/lib/docker/containers/9691e31891711283f4d98263d11bc6156717d3e75a0b86a23f3b128a992c1f38/9691e31891711283f4d98263d11bc6156717d3e75a0b86a23f3b128a992c1f38-json.log","Name":"/xenodochial_satoshi","RestartCount":0,"Driver":"overlay2","Platform":"linux","MountLabel":"","ProcessLabel":"","AppArmorProfile":"docker-default","ExecIDs":null,"HostConfig":{"Binds":[],"ContainerIDFile":"","LogConfig":{"Type":"json-file","Config":{}},"NetworkMode":"default","PortBindings":{"3306/tcp":[{"HostIp":"","HostPort":""}]},"RestartPolicy":{"Name":"","MaximumRetryCount":0},"AutoRemove":false,"VolumeDriver":"","VolumesFrom":[],"CapAdd":null,"CapDrop":null,"CgroupnsMode":"host","Dns":null,"DnsOptions":null,"DnsSearch":null,"ExtraHosts":[],"GroupAdd":null,"IpcMode":"shareable","Cgroup":"","Links":null,"OomScoreAdj":0,"PidMode":"","Privileged":false,"PublishAllPorts":false,"ReadonlyRootfs":false,"SecurityOpt":null,"UTSMode":"","UsernsMode":"","ShmSize":67108864,"Runtime":"runc","ConsoleSize":[0,0],"Isolation":"","CpuShares":0,"Memory":0,"NanoCpus":0,"CgroupParent":"","BlkioWeight":0,"BlkioWeightDevice":null,"BlkioDeviceReadBps":null,"BlkioDeviceWriteBps":null,"BlkioDeviceReadIOps":null,"BlkioDeviceWriteIOps":null,"CpuPeriod":0,"CpuQuota":0,"CpuRealtimePeriod":0,"CpuRealtimeRuntime":0,"CpusetCpus":"","CpusetMems":"","Devices":null,"DeviceCgroupRules":null,"DeviceRequests":null,"KernelMemory":0,"KernelMemoryTCP":0,"MemoryReservation":0,"MemorySwap":0,"MemorySwappiness":null,"OomKillDisable":false,"PidsLimit":null,"Ulimits":null,"CpuCount":0,"CpuPercent":0,"IOMaximumIOps":0,"IOMaximumBandwidth":0,"MaskedPaths":["/proc/asound","/proc/acpi","/proc/kcore","/proc/keys","/proc/latency_stats","/proc/timer_list","/proc/timer_stats","/proc/sched_debug","/proc/scsi","/sys/firmware"],"ReadonlyPaths":["/proc/bus","/proc/fs","/proc/irq","/proc/sys","/proc/sysrq-trigger"]},"GraphDriver":{"Data":{"LowerDir":"/var/lib/docker/overlay2/5529564f52cf969e31e7a1482c27be7ffed19639b506ae2e15b7e7115f699a73-init/diff:/var/lib/docker/overlay2/833a665819b5d9728d3efa7c33135034345a24f83af53b1a1af33d9b64f5492a/diff:/var/lib/docker/overlay2/bd4a2a46c227c2f15475b08c398f37acaab93f4fdba31de015d730efae0a0cfc/diff:/var/lib/docker/overlay2/31ad437d7cba8e64428a2b62db1bbb2a2ec19ca4e439ec493ef4deb50dce2783/diff:/var/lib/docker/overlay2/35173cbd8ec5b88a8888e9abbe75f8694f5d3f96a9b781bb70dc1f0889685741/diff:/var/lib/docker/overlay2/24bf69ac4e8c81062fee44e7c9f746fffbb139c3f7f4b55b4fd1b23bb101b529/diff:/var/lib/docker/overlay2/2f27c96a7775dad186b6f0da325d5a251c80aa1b7f80cf8520f493c5154aee70/diff:/var/lib/docker/overlay2/463a60088c72ddbea82639ded15801e35a79c443f6a26bf1baf320c683cb06af/diff:/var/lib/docker/overlay2/80b8224b23a2ee4b5be635c58ae579fd1913aa95558cd66ab2f5e8430f00a5b8/diff:/var/lib/docker/overlay2/20451fa0b1a07b85d665bc3a0359d721ce4e4c28fa3bce7456ab25e0babae708/diff:/var/lib/docker/overlay2/f80d865cbc6c1c6f57d0963fa6234e7a6409e079eb17f4f13ca41d02731701ad/diff:/var/lib/docker/overlay2/5a3029e0b57c6ec9b985871ff6adf08356aaa0f2a15f1e34c1a7f116ecc4a61d/diff:/var/lib/docker/overlay2/4f3423103248d0b381a1bc6a7287e2b42313ff458cea602a02b7379014b03e0e/diff","MergedDir":"/var/lib/docker/overlay2/5529564f52cf969e31e7a1482c27be7ffed19639b506ae2e15b7e7115f699a73/merged","UpperDir":"/var/lib/docker/overlay2/5529564f52cf969e31e7a1482c27be7ffed19639b506ae2e15b7e7115f699a73/diff","WorkDir":"/var/lib/docker/overlay2/5529564f52cf969e31e7a1482c27be7ffed19639b506ae2e15b7e7115f699a73/work"},"Name":"overlay2"},"Mounts":[{"Type":"volume","Name":"fd1f613c7fe3ca3ae799982507ac3f565cc9f6a2dc99ceaed92389e2c43f47d1","Source":"/var/lib/docker/volumes/fd1f613c7fe3ca3ae799982507ac3f565cc9f6a2dc99ceaed92389e2c43f47d1/_data","Destination":"/var/lib/mysql","Driver":"local","Mode":"","RW":true,"Propagation":""}],"Config":{"Hostname":"9691e3189171","Domainname":"","User":"","AttachStdin":false,"AttachStdout":false,"AttachStderr":false,"ExposedPorts":{"3306/tcp":{},"33060/tcp":{}},"Tty":false,"OpenStdin":false,"StdinOnce":false,"Env":["MYSQL_DATABASE=test","MYSQL_PASSWORD=admin","MYSQL_USER=admin","MYSQL_ROOT_PASSWORD=admin","PATH=/usr/local/sbin:/usr/local/bin:/usr/sbin:/usr/bin:/sbin:/bin","GOSU_VERSION=1.14","MYSQL_MAJOR=8.0","MYSQL_VERSION=8.0.29-1debian10"],"Cmd":["mysqld"],"Image":"mysql:8.0","Volumes":{"/var/lib/mysql":{}},"WorkingDir":"","Entrypoint":["docker-entrypoint.sh"],"OnBuild":null,"Labels":{"org.testcontainers":"true","org.testcontainers.sessionId":"d48265e4-2b28-4f8c-aa67-76dd8289af84"}},"NetworkSettings":{"Bridge":"","SandboxID":"d9de8570fe3f0a4e9f3a1ff7101c963bbd2c6a0a9d8a867b96f17f4d5edca537","HairpinMode":false,"LinkLocalIPv6Address":"","LinkLocalIPv6PrefixLen":0,"Ports":{"3306/tcp":[{"HostIp":"0.0.0.0","HostPort":"49160"},{"HostIp":"::","HostPort":"49160"}],"33060/tcp":null},"SandboxKey":"/var/run/docker/netns/d9de8570fe3f","SecondaryIPAddresses":null,"SecondaryIPv6Addresses":null,"EndpointID":"93e8fe159f683a98670e8995677c2b130dbce857fc116679206e206bda319cbf","Gateway":"172.17.0.1","GlobalIPv6Address":"","GlobalIPv6PrefixLen":0,"IPAddress":"172.17.0.3","IPPrefixLen":16,"IPv6Gateway":"","MacAddress":"02:42:ac:11:00:03","Networks":{"bridge":{"IPAMConfig":null,"Links":null,"Aliases":null,"NetworkID":"1853cd2b9856825cc97ed9ef2b12efa82d95bf9cf60ad666c276eb35cc53539e","EndpointID":"93e8fe159f683a98670e8995677c2b130dbce857fc116679206e206bda319cbf","Gateway":"172.17.0.1","IPAddress":"172.17.0.3","IPPrefixLen":16,"IPv6Gateway":"","GlobalIPv6Address":"","GlobalIPv6PrefixLen":0,"MacAddress":"02:42:ac:11:00:03","DriverOpts":null}}}}[\n]"
03:32:56.019 [main] DEBUG com.github.dockerjava.zerodep.shaded.org.apache.hc.client5.http.wire - http-outgoing-2 << "[\r][\n]"
03:32:56.019 [main] DEBUG com.github.dockerjava.zerodep.shaded.org.apache.hc.client5.http.wire - http-outgoing-2 << "0[\r][\n]"
03:32:56.019 [main] DEBUG com.github.dockerjava.zerodep.shaded.org.apache.hc.client5.http.wire - http-outgoing-2 << "[\r][\n]"
03:32:56.019 [main] DEBUG com.github.dockerjava.zerodep.shaded.org.apache.hc.client5.http.headers - http-outgoing-2 << HTTP/1.1 200 OK
03:32:56.019 [main] DEBUG com.github.dockerjava.zerodep.shaded.org.apache.hc.client5.http.headers - http-outgoing-2 << Api-Version: 1.41
03:32:56.019 [main] DEBUG com.github.dockerjava.zerodep.shaded.org.apache.hc.client5.http.headers - http-outgoing-2 << Content-Type: application/json
03:32:56.019 [main] DEBUG com.github.dockerjava.zerodep.shaded.org.apache.hc.client5.http.headers - http-outgoing-2 << Docker-Experimental: false
03:32:56.019 [main] DEBUG com.github.dockerjava.zerodep.shaded.org.apache.hc.client5.http.headers - http-outgoing-2 << Ostype: linux
03:32:56.019 [main] DEBUG com.github.dockerjava.zerodep.shaded.org.apache.hc.client5.http.headers - http-outgoing-2 << Server: Docker/20.10.12 (linux)
03:32:56.019 [main] DEBUG com.github.dockerjava.zerodep.shaded.org.apache.hc.client5.http.headers - http-outgoing-2 << Date: Thu, 23 Jun 2022 02:32:56 GMT
03:32:56.019 [main] DEBUG com.github.dockerjava.zerodep.shaded.org.apache.hc.client5.http.headers - http-outgoing-2 << Transfer-Encoding: chunked
03:32:56.019 [main] DEBUG com.github.dockerjava.zerodep.shaded.org.apache.hc.client5.http.impl.classic.MainClientExec - ex-00000058: connection can be kept alive for 3 MINUTES
03:32:56.020 [main] DEBUG com.github.dockerjava.zerodep.shaded.org.apache.hc.client5.http.impl.classic.InternalHttpClient - ep-00000057: releasing valid endpoint
03:32:56.020 [main] DEBUG com.github.dockerjava.zerodep.shaded.org.apache.hc.client5.http.impl.io.PoolingHttpClientConnectionManager - ep-00000057: releasing endpoint
03:32:56.020 [main] DEBUG com.github.dockerjava.zerodep.shaded.org.apache.hc.client5.http.impl.io.PoolingHttpClientConnectionManager - ep-00000057: connection http-outgoing-2 can be kept alive for 3 MINUTES
03:32:56.020 [main] DEBUG com.github.dockerjava.zerodep.shaded.org.apache.hc.client5.http.impl.io.PoolingHttpClientConnectionManager - ep-00000057: connection released [route: {}->unix://localhost:2375][total available: 1; route allocated: 1 of 2147483647; total allocated: 1 of 2147483647]
03:32:56.020 [main] DEBUG 🐳 [mysql:8.0] - Trying to create JDBC connection using com.mysql.cj.jdbc.Driver to jdbc:mysql://localhost:49160/test?useSSL=false&allowPublicKeyRetrieval=true with properties: {password=admin, user=admin}
03:32:56.122 [main] DEBUG org.testcontainers.shaded.com.github.dockerjava.core.command.AbstrDockerCmd - Cmd: 9691e31891711283f4d98263d11bc6156717d3e75a0b86a23f3b128a992c1f38,false
03:32:56.122 [main] DEBUG org.testcontainers.shaded.com.github.dockerjava.core.exec.InspectContainerCmdExec - GET: DefaultWebTarget{path=[/containers/9691e31891711283f4d98263d11bc6156717d3e75a0b86a23f3b128a992c1f38/json], queryParams={}}
03:32:56.122 [main] DEBUG com.github.dockerjava.zerodep.shaded.org.apache.hc.client5.http.impl.classic.InternalHttpClient - ex-00000059: preparing request execution
03:32:56.122 [main] DEBUG com.github.dockerjava.zerodep.shaded.org.apache.hc.client5.http.protocol.RequestAddCookies - Cookie spec selected: strict
03:32:56.122 [main] DEBUG com.github.dockerjava.zerodep.shaded.org.apache.hc.client5.http.protocol.RequestAuthCache - Auth cache not set in the context
03:32:56.122 [main] DEBUG com.github.dockerjava.zerodep.shaded.org.apache.hc.client5.http.impl.classic.ProtocolExec - ex-00000059: target auth state: UNCHALLENGED
03:32:56.122 [main] DEBUG com.github.dockerjava.zerodep.shaded.org.apache.hc.client5.http.impl.classic.ProtocolExec - ex-00000059: proxy auth state: UNCHALLENGED
03:32:56.122 [main] DEBUG com.github.dockerjava.zerodep.shaded.org.apache.hc.client5.http.impl.classic.ConnectExec - ex-00000059: acquiring connection with route {}->unix://localhost:2375
03:32:56.122 [main] DEBUG com.github.dockerjava.zerodep.shaded.org.apache.hc.client5.http.impl.classic.InternalHttpClient - ex-00000059: acquiring endpoint (3 MINUTES)
03:32:56.123 [main] DEBUG com.github.dockerjava.zerodep.shaded.org.apache.hc.client5.http.impl.io.PoolingHttpClientConnectionManager - ex-00000059: endpoint lease request (3 MINUTES) [route: {}->unix://localhost:2375][total available: 1; route allocated: 1 of 2147483647; total allocated: 1 of 2147483647]
03:32:56.123 [main] DEBUG com.github.dockerjava.zerodep.shaded.org.apache.hc.client5.http.impl.io.PoolingHttpClientConnectionManager - ex-00000059: endpoint leased [route: {}->unix://localhost:2375][total available: 0; route allocated: 1 of 2147483647; total allocated: 1 of 2147483647]
03:32:56.123 [main] DEBUG com.github.dockerjava.zerodep.shaded.org.apache.hc.client5.http.impl.io.PoolingHttpClientConnectionManager - ex-00000059: acquired ep-00000058
03:32:56.123 [main] DEBUG com.github.dockerjava.zerodep.shaded.org.apache.hc.client5.http.impl.classic.InternalHttpClient - ex-00000059: acquired endpoint ep-00000058
03:32:56.123 [main] DEBUG com.github.dockerjava.zerodep.shaded.org.apache.hc.client5.http.impl.classic.MainClientExec - ex-00000059: executing GET /v1.32/containers/9691e31891711283f4d98263d11bc6156717d3e75a0b86a23f3b128a992c1f38/json HTTP/1.1
03:32:56.123 [main] DEBUG com.github.dockerjava.zerodep.shaded.org.apache.hc.client5.http.impl.classic.InternalHttpClient - ep-00000058: start execution ex-00000059
03:32:56.123 [main] DEBUG com.github.dockerjava.zerodep.shaded.org.apache.hc.client5.http.impl.io.PoolingHttpClientConnectionManager - ep-00000058: executing exchange ex-00000059 over http-outgoing-2
03:32:56.123 [main] DEBUG com.github.dockerjava.zerodep.shaded.org.apache.hc.client5.http.headers - http-outgoing-2 >> GET /v1.32/containers/9691e31891711283f4d98263d11bc6156717d3e75a0b86a23f3b128a992c1f38/json HTTP/1.1
03:32:56.123 [main] DEBUG com.github.dockerjava.zerodep.shaded.org.apache.hc.client5.http.headers - http-outgoing-2 >> accept: application/json
03:32:56.123 [main] DEBUG com.github.dockerjava.zerodep.shaded.org.apache.hc.client5.http.headers - http-outgoing-2 >> Accept-Encoding: gzip, x-gzip, deflate
03:32:56.123 [main] DEBUG com.github.dockerjava.zerodep.shaded.org.apache.hc.client5.http.headers - http-outgoing-2 >> Host: localhost:2375
03:32:56.123 [main] DEBUG com.github.dockerjava.zerodep.shaded.org.apache.hc.client5.http.headers - http-outgoing-2 >> Connection: keep-alive
03:32:56.123 [main] DEBUG com.github.dockerjava.zerodep.shaded.org.apache.hc.client5.http.headers - http-outgoing-2 >> User-Agent: Apache-HttpClient/5.0.3 (Java/11.0.15)
03:32:56.123 [main] DEBUG com.github.dockerjava.zerodep.shaded.org.apache.hc.client5.http.wire - http-outgoing-2 >> "GET /v1.32/containers/9691e31891711283f4d98263d11bc6156717d3e75a0b86a23f3b128a992c1f38/json HTTP/1.1[\r][\n]"
03:32:56.123 [main] DEBUG com.github.dockerjava.zerodep.shaded.org.apache.hc.client5.http.wire - http-outgoing-2 >> "accept: application/json[\r][\n]"
03:32:56.123 [main] DEBUG com.github.dockerjava.zerodep.shaded.org.apache.hc.client5.http.wire - http-outgoing-2 >> "Accept-Encoding: gzip, x-gzip, deflate[\r][\n]"
03:32:56.123 [main] DEBUG com.github.dockerjava.zerodep.shaded.org.apache.hc.client5.http.wire - http-outgoing-2 >> "Host: localhost:2375[\r][\n]"
03:32:56.123 [main] DEBUG com.github.dockerjava.zerodep.shaded.org.apache.hc.client5.http.wire - http-outgoing-2 >> "Connection: keep-alive[\r][\n]"
03:32:56.123 [main] DEBUG com.github.dockerjava.zerodep.shaded.org.apache.hc.client5.http.wire - http-outgoing-2 >> "User-Agent: Apache-HttpClient/5.0.3 (Java/11.0.15)[\r][\n]"
03:32:56.123 [main] DEBUG com.github.dockerjava.zerodep.shaded.org.apache.hc.client5.http.wire - http-outgoing-2 >> "[\r][\n]"
03:32:56.125 [main] DEBUG com.github.dockerjava.zerodep.shaded.org.apache.hc.client5.http.wire - http-outgoing-2 << "HTTP/1.1 200 OK[\r][\n]"
03:32:56.125 [main] DEBUG com.github.dockerjava.zerodep.shaded.org.apache.hc.client5.http.wire - http-outgoing-2 << "Api-Version: 1.41[\r][\n]"
03:32:56.125 [main] DEBUG com.github.dockerjava.zerodep.shaded.org.apache.hc.client5.http.wire - http-outgoing-2 << "Content-Type: application/json[\r][\n]"
03:32:56.125 [main] DEBUG com.github.dockerjava.zerodep.shaded.org.apache.hc.client5.http.wire - http-outgoing-2 << "Docker-Experimental: false[\r][\n]"
03:32:56.125 [main] DEBUG com.github.dockerjava.zerodep.shaded.org.apache.hc.client5.http.wire - http-outgoing-2 << "Ostype: linux[\r][\n]"
03:32:56.125 [main] DEBUG com.github.dockerjava.zerodep.shaded.org.apache.hc.client5.http.wire - http-outgoing-2 << "Server: Docker/20.10.12 (linux)[\r][\n]"
03:32:56.125 [main] DEBUG com.github.dockerjava.zerodep.shaded.org.apache.hc.client5.http.wire - http-outgoing-2 << "Date: Thu, 23 Jun 2022 02:32:56 GMT[\r][\n]"
03:32:56.125 [main] DEBUG com.github.dockerjava.zerodep.shaded.org.apache.hc.client5.http.wire - http-outgoing-2 << "Transfer-Encoding: chunked[\r][\n]"
03:32:56.125 [main] DEBUG com.github.dockerjava.zerodep.shaded.org.apache.hc.client5.http.wire - http-outgoing-2 << "[\r][\n]"
03:32:56.125 [main] DEBUG com.github.dockerjava.zerodep.shaded.org.apache.hc.client5.http.wire - http-outgoing-2 << "18ed[\r][\n]"
03:32:56.125 [main] DEBUG com.github.dockerjava.zerodep.shaded.org.apache.hc.client5.http.wire - http-outgoing-2 << "{"Id":"9691e31891711283f4d98263d11bc6156717d3e75a0b86a23f3b128a992c1f38","Created":"2022-06-23T02:32:47.03956921Z","Path":"docker-entrypoint.sh","Args":["mysqld"],"State":{"Status":"running","Running":true,"Paused":false,"Restarting":false,"OOMKilled":false,"Dead":false,"Pid":66188,"ExitCode":0,"Error":"","StartedAt":"2022-06-23T02:32:47.703880551Z","FinishedAt":"0001-01-01T00:00:00Z"},"Image":"sha256:65b636d5542b73254ce90cc4b895597dc1adc2c661ca553c38eda159979dded1","ResolvConfPath":"/var/lib/docker/containers/9691e31891711283f4d98263d11bc6156717d3e75a0b86a23f3b128a992c1f38/resolv.conf","HostnamePath":"/var/lib/docker/containers/9691e31891711283f4d98263d11bc6156717d3e75a0b86a23f3b128a992c1f38/hostname","HostsPath":"/var/lib/docker/containers/9691e31891711283f4d98263d11bc6156717d3e75a0b86a23f3b128a992c1f38/hosts","LogPath":"/var/lib/docker/containers/9691e31891711283f4d98263d11bc6156717d3e75a0b86a23f3b128a992c1f38/9691e31891711283f4d98263d11bc6156717d3e75a0b86a23f3b128a992c1f38-json.log","Name":"/xenodochial_satoshi","RestartCount":0,"Driver":"overlay2","Platform":"linux","MountLabel":"","ProcessLabel":"","AppArmorProfile":"docker-default","ExecIDs":null,"HostConfig":{"Binds":[],"ContainerIDFile":"","LogConfig":{"Type":"json-file","Config":{}},"NetworkMode":"default","PortBindings":{"3306/tcp":[{"HostIp":"","HostPort":""}]},"RestartPolicy":{"Name":"","MaximumRetryCount":0},"AutoRemove":false,"VolumeDriver":"","VolumesFrom":[],"CapAdd":null,"CapDrop":null,"CgroupnsMode":"host","Dns":null,"DnsOptions":null,"DnsSearch":null,"ExtraHosts":[],"GroupAdd":null,"IpcMode":"shareable","Cgroup":"","Links":null,"OomScoreAdj":0,"PidMode":"","Privileged":false,"PublishAllPorts":false,"ReadonlyRootfs":false,"SecurityOpt":null,"UTSMode":"","UsernsMode":"","ShmSize":67108864,"Runtime":"runc","ConsoleSize":[0,0],"Isolation":"","CpuShares":0,"Memory":0,"NanoCpus":0,"CgroupParent":"","BlkioWeight":0,"BlkioWeightDevice":null,"BlkioDeviceReadBps":null,"BlkioDeviceWriteBps":null,"BlkioDeviceReadIOps":null,"BlkioDeviceWriteIOps":null,"CpuPeriod":0,"CpuQuota":0,"CpuRealtimePeriod":0,"CpuRealtimeRuntime":0,"CpusetCpus":"","CpusetMems":"","Devices":null,"DeviceCgroupRules":null,"DeviceRequests":null,"KernelMemory":0,"KernelMemoryTCP":0,"MemoryReservation":0,"MemorySwap":0,"MemorySwappiness":null,"OomKillDisable":false,"PidsLimit":null,"Ulimits":null,"CpuCount":0,"CpuPercent":0,"IOMaximumIOps":0,"IOMaximumBandwidth":0,"MaskedPaths":["/proc/asound","/proc/acpi","/proc/kcore","/proc/keys","/proc/latency_stats","/proc/timer_list","/proc/timer_stats","/proc/sched_debug","/proc/scsi","/sys/firmware"],"ReadonlyPaths":["/proc/bus","/proc/fs","/proc/irq","/proc/sys","/proc/sysrq-trigger"]},"GraphDriver":{"Data":{"LowerDir":"/var/lib/docker/overlay2/5529564f52cf969e31e7a1482c27be7ffed19639b506ae2e15b7e7115f699a73-init/diff:/var/lib/docker/overlay2/833a665819b5d9728d3efa7c33135034345a24f83af53b1a1af33d9b64f5492a/diff:/var/lib/docker/overlay2/bd4a2a46c227c2f15475b08c398f37acaab93f4fdba31de015d730efae0a0cfc/diff:/var/lib/docker/overlay2/31ad437d7cba8e64428a2b62db1bbb2a2ec19ca4e439ec493ef4deb50dce2783/diff:/var/lib/docker/overlay2/35173cbd8ec5b88a8888e9abbe75f8694f5d3f96a9b781bb70dc1f0889685741/diff:/var/lib/docker/overlay2/24bf69ac4e8c81062fee44e7c9f746fffbb139c3f7f4b55b4fd1b23bb101b529/diff:/var/lib/docker/overlay2/2f27c96a7775dad186b6f0da325d5a251c80aa1b7f80cf8520f493c5154aee70/diff:/var/lib/docker/overlay2/463a60088c72ddbea82639ded15801e35a79c443f6a26bf1baf320c683cb06af/diff:/var/lib/docker/overlay2/80b8224b23a2ee4b5be635c58ae579fd1913aa95558cd66ab2f5e8430f00a5b8/diff:/var/lib/docker/overlay2/20451fa0b1a07b85d665bc3a0359d721ce4e4c28fa3bce7456ab25e0babae708/diff:/var/lib/docker/overlay2/f80d865cbc6c1c6f57d0963fa6234e7a6409e079eb17f4f13ca41d02731701ad/diff:/var/lib/docker/overlay2/5a3029e0b57c6ec9b985871ff6adf08356aaa0f2a15f1e34c1a7f116ecc4a61d/diff:/var/lib/docker/overlay2/4f3423103248d0b381a1bc6a7287e2b42313ff458cea602a02b7379014b03e0e/diff","MergedDir":"/var/lib/docker/overlay2/5529564f52cf969e31e7a1482c27be7ffed19639b506ae2e15b7e7115f699a73/merged","UpperDir":"/var/lib/docker/overlay2/5529564f52cf969e31e7a1482c27be7ffed19639b506ae2e15b7e7115f699a73/diff","WorkDir":"/var/lib/docker/overlay2/5529564f52cf969e31e7a1482c27be7ffed19639b506ae2e15b7e7115f699a73/work"},"Name":"overlay2"},"Mounts":[{"Type":"volume","Name":"fd1f613c7fe3ca3ae799982507ac3f565cc9f6a2dc99ceaed92389e2c43f47d1","Source":"/var/lib/docker/volumes/fd1f613c7fe3ca3ae799982507ac3f565cc9f6a2dc99ceaed92389e2c43f47d1/_data","Destination":"/var/lib/mysql","Driver":"local","Mode":"","RW":true,"Propagation":""}],"Config":{"Hostname":"9691e3189171","Domainname":"","User":"","AttachStdin":false,"AttachStdout":false,"AttachStderr":false,"ExposedPorts":{"3306/tcp":{},"33060/tcp":{}},"Tty":false,"OpenStdin":false,"StdinOnce":false,"Env":["MYSQL_DATABASE=test","MYSQL_PASSWORD=admin","MYSQL_USER=admin","MYSQL_ROOT_PASSWORD=admin","PATH=/usr/local/sbin:/usr/local/bin:/usr/sbin:/usr/bin:/sbin:/bin","GOSU_VERSION=1.14","MYSQL_MAJOR=8.0","MYSQL_VERSION=8.0.29-1debian10"],"Cmd":["mysqld"],"Image":"mysql:8.0","Volumes":{"/var/lib/mysql":{}},"WorkingDir":"","Entrypoint":["docker-entrypoint.sh"],"OnBuild":null,"Labels":{"org.testcontainers":"true","org.testcontainers.sessionId":"d48265e4-2b28-4f8c-aa67-76dd8289af84"}},"NetworkSettings":{"Bridge":"","SandboxID":"d9de8570fe3f0a4e9f3a1ff7101c963bbd2c6a0a9d8a867b96f17f4d5edca537","HairpinMode":false,"LinkLocalIPv6Address":"","LinkLocalIPv6PrefixLen":0,"Ports":{"3306/tcp":[{"HostIp":"0.0.0.0","HostPort":"49160"},{"HostIp":"::","HostPort":"49160"}],"33060/tcp":null},"SandboxKey":"/var/run/docker/netns/d9de8570fe3f","SecondaryIPAddresses":null,"SecondaryIPv6Addresses":null,"EndpointID":"93e8fe159f683a98670e8995677c2b130dbce857fc116679206e206bda319cbf","Gateway":"172.17.0.1","GlobalIPv6Address":"","GlobalIPv6PrefixLen":0,"IPAddress":"172.17.0.3","IPPrefixLen":16,"IPv6Gateway":"","MacAddress":"02:42:ac:11:00:03","Networks":{"bridge":{"IPAMConfig":null,"Links":null,"Aliases":null,"NetworkID":"1853cd2b9856825cc97ed9ef2b12efa82d95bf9cf60ad666c276eb35cc53539e","EndpointID":"93e8fe159f683a98670e8995677c2b130dbce857fc116679206e206bda319cbf","Gateway":"172.17.0.1","IPAddress":"172.17.0.3","IPPrefixLen":16,"IPv6Gateway":"","GlobalIPv6Address":"","GlobalIPv6PrefixLen":0,"MacAddress":"02:42:ac:11:00:03","DriverOpts":null}}}}[\n]"
03:32:56.125 [main] DEBUG com.github.dockerjava.zerodep.shaded.org.apache.hc.client5.http.wire - http-outgoing-2 << "[\r][\n]"
03:32:56.125 [main] DEBUG com.github.dockerjava.zerodep.shaded.org.apache.hc.client5.http.wire - http-outgoing-2 << "0[\r][\n]"
03:32:56.125 [main] DEBUG com.github.dockerjava.zerodep.shaded.org.apache.hc.client5.http.wire - http-outgoing-2 << "[\r][\n]"
03:32:56.125 [main] DEBUG com.github.dockerjava.zerodep.shaded.org.apache.hc.client5.http.headers - http-outgoing-2 << HTTP/1.1 200 OK
03:32:56.125 [main] DEBUG com.github.dockerjava.zerodep.shaded.org.apache.hc.client5.http.headers - http-outgoing-2 << Api-Version: 1.41
03:32:56.125 [main] DEBUG com.github.dockerjava.zerodep.shaded.org.apache.hc.client5.http.headers - http-outgoing-2 << Content-Type: application/json
03:32:56.125 [main] DEBUG com.github.dockerjava.zerodep.shaded.org.apache.hc.client5.http.headers - http-outgoing-2 << Docker-Experimental: false
03:32:56.125 [main] DEBUG com.github.dockerjava.zerodep.shaded.org.apache.hc.client5.http.headers - http-outgoing-2 << Ostype: linux
03:32:56.125 [main] DEBUG com.github.dockerjava.zerodep.shaded.org.apache.hc.client5.http.headers - http-outgoing-2 << Server: Docker/20.10.12 (linux)
03:32:56.125 [main] DEBUG com.github.dockerjava.zerodep.shaded.org.apache.hc.client5.http.headers - http-outgoing-2 << Date: Thu, 23 Jun 2022 02:32:56 GMT
03:32:56.125 [main] DEBUG com.github.dockerjava.zerodep.shaded.org.apache.hc.client5.http.headers - http-outgoing-2 << Transfer-Encoding: chunked
03:32:56.126 [main] DEBUG com.github.dockerjava.zerodep.shaded.org.apache.hc.client5.http.impl.classic.MainClientExec - ex-00000059: connection can be kept alive for 3 MINUTES
03:32:56.126 [main] DEBUG com.github.dockerjava.zerodep.shaded.org.apache.hc.client5.http.impl.classic.InternalHttpClient - ep-00000058: releasing valid endpoint
03:32:56.127 [main] DEBUG com.github.dockerjava.zerodep.shaded.org.apache.hc.client5.http.impl.io.PoolingHttpClientConnectionManager - ep-00000058: releasing endpoint
03:32:56.127 [main] DEBUG com.github.dockerjava.zerodep.shaded.org.apache.hc.client5.http.impl.io.PoolingHttpClientConnectionManager - ep-00000058: connection http-outgoing-2 can be kept alive for 3 MINUTES
03:32:56.127 [main] DEBUG com.github.dockerjava.zerodep.shaded.org.apache.hc.client5.http.impl.io.PoolingHttpClientConnectionManager - ep-00000058: connection released [route: {}->unix://localhost:2375][total available: 1; route allocated: 1 of 2147483647; total allocated: 1 of 2147483647]
03:32:56.127 [main] DEBUG 🐳 [mysql:8.0] - Trying to create JDBC connection using com.mysql.cj.jdbc.Driver to jdbc:mysql://localhost:49160/test?useSSL=false&allowPublicKeyRetrieval=true with properties: {password=admin, user=admin}
03:32:56.229 [main] DEBUG org.testcontainers.shaded.com.github.dockerjava.core.command.AbstrDockerCmd - Cmd: 9691e31891711283f4d98263d11bc6156717d3e75a0b86a23f3b128a992c1f38,false
03:32:56.229 [main] DEBUG org.testcontainers.shaded.com.github.dockerjava.core.exec.InspectContainerCmdExec - GET: DefaultWebTarget{path=[/containers/9691e31891711283f4d98263d11bc6156717d3e75a0b86a23f3b128a992c1f38/json], queryParams={}}
03:32:56.230 [main] DEBUG com.github.dockerjava.zerodep.shaded.org.apache.hc.client5.http.impl.classic.InternalHttpClient - ex-0000005A: preparing request execution
03:32:56.230 [main] DEBUG com.github.dockerjava.zerodep.shaded.org.apache.hc.client5.http.protocol.RequestAddCookies - Cookie spec selected: strict
03:32:56.230 [main] DEBUG com.github.dockerjava.zerodep.shaded.org.apache.hc.client5.http.protocol.RequestAuthCache - Auth cache not set in the context
03:32:56.230 [main] DEBUG com.github.dockerjava.zerodep.shaded.org.apache.hc.client5.http.impl.classic.ProtocolExec - ex-0000005A: target auth state: UNCHALLENGED
03:32:56.230 [main] DEBUG com.github.dockerjava.zerodep.shaded.org.apache.hc.client5.http.impl.classic.ProtocolExec - ex-0000005A: proxy auth state: UNCHALLENGED
03:32:56.230 [main] DEBUG com.github.dockerjava.zerodep.shaded.org.apache.hc.client5.http.impl.classic.ConnectExec - ex-0000005A: acquiring connection with route {}->unix://localhost:2375
03:32:56.230 [main] DEBUG com.github.dockerjava.zerodep.shaded.org.apache.hc.client5.http.impl.classic.InternalHttpClient - ex-0000005A: acquiring endpoint (3 MINUTES)
03:32:56.230 [main] DEBUG com.github.dockerjava.zerodep.shaded.org.apache.hc.client5.http.impl.io.PoolingHttpClientConnectionManager - ex-0000005A: endpoint lease request (3 MINUTES) [route: {}->unix://localhost:2375][total available: 1; route allocated: 1 of 2147483647; total allocated: 1 of 2147483647]
03:32:56.230 [main] DEBUG com.github.dockerjava.zerodep.shaded.org.apache.hc.client5.http.impl.io.PoolingHttpClientConnectionManager - ex-0000005A: endpoint leased [route: {}->unix://localhost:2375][total available: 0; route allocated: 1 of 2147483647; total allocated: 1 of 2147483647]
03:32:56.230 [main] DEBUG com.github.dockerjava.zerodep.shaded.org.apache.hc.client5.http.impl.io.PoolingHttpClientConnectionManager - ex-0000005A: acquired ep-00000059
03:32:56.230 [main] DEBUG com.github.dockerjava.zerodep.shaded.org.apache.hc.client5.http.impl.classic.InternalHttpClient - ex-0000005A: acquired endpoint ep-00000059
03:32:56.230 [main] DEBUG com.github.dockerjava.zerodep.shaded.org.apache.hc.client5.http.impl.classic.MainClientExec - ex-0000005A: executing GET /v1.32/containers/9691e31891711283f4d98263d11bc6156717d3e75a0b86a23f3b128a992c1f38/json HTTP/1.1
03:32:56.230 [main] DEBUG com.github.dockerjava.zerodep.shaded.org.apache.hc.client5.http.impl.classic.InternalHttpClient - ep-00000059: start execution ex-0000005A
03:32:56.230 [main] DEBUG com.github.dockerjava.zerodep.shaded.org.apache.hc.client5.http.impl.io.PoolingHttpClientConnectionManager - ep-00000059: executing exchange ex-0000005A over http-outgoing-2
03:32:56.231 [main] DEBUG com.github.dockerjava.zerodep.shaded.org.apache.hc.client5.http.headers - http-outgoing-2 >> GET /v1.32/containers/9691e31891711283f4d98263d11bc6156717d3e75a0b86a23f3b128a992c1f38/json HTTP/1.1
03:32:56.231 [main] DEBUG com.github.dockerjava.zerodep.shaded.org.apache.hc.client5.http.headers - http-outgoing-2 >> accept: application/json
03:32:56.231 [main] DEBUG com.github.dockerjava.zerodep.shaded.org.apache.hc.client5.http.headers - http-outgoing-2 >> Accept-Encoding: gzip, x-gzip, deflate
03:32:56.231 [main] DEBUG com.github.dockerjava.zerodep.shaded.org.apache.hc.client5.http.headers - http-outgoing-2 >> Host: localhost:2375
03:32:56.231 [main] DEBUG com.github.dockerjava.zerodep.shaded.org.apache.hc.client5.http.headers - http-outgoing-2 >> Connection: keep-alive
03:32:56.231 [main] DEBUG com.github.dockerjava.zerodep.shaded.org.apache.hc.client5.http.headers - http-outgoing-2 >> User-Agent: Apache-HttpClient/5.0.3 (Java/11.0.15)
03:32:56.231 [main] DEBUG com.github.dockerjava.zerodep.shaded.org.apache.hc.client5.http.wire - http-outgoing-2 >> "GET /v1.32/containers/9691e31891711283f4d98263d11bc6156717d3e75a0b86a23f3b128a992c1f38/json HTTP/1.1[\r][\n]"
03:32:56.231 [main] DEBUG com.github.dockerjava.zerodep.shaded.org.apache.hc.client5.http.wire - http-outgoing-2 >> "accept: application/json[\r][\n]"
03:32:56.231 [main] DEBUG com.github.dockerjava.zerodep.shaded.org.apache.hc.client5.http.wire - http-outgoing-2 >> "Accept-Encoding: gzip, x-gzip, deflate[\r][\n]"
03:32:56.231 [main] DEBUG com.github.dockerjava.zerodep.shaded.org.apache.hc.client5.http.wire - http-outgoing-2 >> "Host: localhost:2375[\r][\n]"
03:32:56.231 [main] DEBUG com.github.dockerjava.zerodep.shaded.org.apache.hc.client5.http.wire - http-outgoing-2 >> "Connection: keep-alive[\r][\n]"
03:32:56.231 [main] DEBUG com.github.dockerjava.zerodep.shaded.org.apache.hc.client5.http.wire - http-outgoing-2 >> "User-Agent: Apache-HttpClient/5.0.3 (Java/11.0.15)[\r][\n]"
03:32:56.231 [main] DEBUG com.github.dockerjava.zerodep.shaded.org.apache.hc.client5.http.wire - http-outgoing-2 >> "[\r][\n]"
03:32:56.231 [main] DEBUG com.github.dockerjava.zerodep.shaded.org.apache.hc.client5.http.wire - http-outgoing-2 << "HTTP/1.1 200 OK[\r][\n]"
03:32:56.231 [main] DEBUG com.github.dockerjava.zerodep.shaded.org.apache.hc.client5.http.wire - http-outgoing-2 << "Api-Version: 1.41[\r][\n]"
03:32:56.231 [main] DEBUG com.github.dockerjava.zerodep.shaded.org.apache.hc.client5.http.wire - http-outgoing-2 << "Content-Type: application/json[\r][\n]"
03:32:56.231 [main] DEBUG com.github.dockerjava.zerodep.shaded.org.apache.hc.client5.http.wire - http-outgoing-2 << "Docker-Experimental: false[\r][\n]"
03:32:56.231 [main] DEBUG com.github.dockerjava.zerodep.shaded.org.apache.hc.client5.http.wire - http-outgoing-2 << "Ostype: linux[\r][\n]"
03:32:56.231 [main] DEBUG com.github.dockerjava.zerodep.shaded.org.apache.hc.client5.http.wire - http-outgoing-2 << "Server: Docker/20.10.12 (linux)[\r][\n]"
03:32:56.231 [main] DEBUG com.github.dockerjava.zerodep.shaded.org.apache.hc.client5.http.wire - http-outgoing-2 << "Date: Thu, 23 Jun 2022 02:32:56 GMT[\r][\n]"
03:32:56.231 [main] DEBUG com.github.dockerjava.zerodep.shaded.org.apache.hc.client5.http.wire - http-outgoing-2 << "Transfer-Encoding: chunked[\r][\n]"
03:32:56.231 [main] DEBUG com.github.dockerjava.zerodep.shaded.org.apache.hc.client5.http.wire - http-outgoing-2 << "[\r][\n]"
03:32:56.231 [main] DEBUG com.github.dockerjava.zerodep.shaded.org.apache.hc.client5.http.wire - http-outgoing-2 << "18ed[\r][\n]"
03:32:56.231 [main] DEBUG com.github.dockerjava.zerodep.shaded.org.apache.hc.client5.http.wire - http-outgoing-2 << "{"Id":"9691e31891711283f4d98263d11bc6156717d3e75a0b86a23f3b128a992c1f38","Created":"2022-06-23T02:32:47.03956921Z","Path":"docker-entrypoint.sh","Args":["mysqld"],"State":{"Status":"running","Running":true,"Paused":false,"Restarting":false,"OOMKilled":false,"Dead":false,"Pid":66188,"ExitCode":0,"Error":"","StartedAt":"2022-06-23T02:32:47.703880551Z","FinishedAt":"0001-01-01T00:00:00Z"},"Image":"sha256:65b636d5542b73254ce90cc4b895597dc1adc2c661ca553c38eda159979dded1","ResolvConfPath":"/var/lib/docker/containers/9691e31891711283f4d98263d11bc6156717d3e75a0b86a23f3b128a992c1f38/resolv.conf","HostnamePath":"/var/lib/docker/containers/9691e31891711283f4d98263d11bc6156717d3e75a0b86a23f3b128a992c1f38/hostname","HostsPath":"/var/lib/docker/containers/9691e31891711283f4d98263d11bc6156717d3e75a0b86a23f3b128a992c1f38/hosts","LogPath":"/var/lib/docker/containers/9691e31891711283f4d98263d11bc6156717d3e75a0b86a23f3b128a992c1f38/9691e31891711283f4d98263d11bc6156717d3e75a0b86a23f3b128a992c1f38-json.log","Name":"/xenodochial_satoshi","RestartCount":0,"Driver":"overlay2","Platform":"linux","MountLabel":"","ProcessLabel":"","AppArmorProfile":"docker-default","ExecIDs":null,"HostConfig":{"Binds":[],"ContainerIDFile":"","LogConfig":{"Type":"json-file","Config":{}},"NetworkMode":"default","PortBindings":{"3306/tcp":[{"HostIp":"","HostPort":""}]},"RestartPolicy":{"Name":"","MaximumRetryCount":0},"AutoRemove":false,"VolumeDriver":"","VolumesFrom":[],"CapAdd":null,"CapDrop":null,"CgroupnsMode":"host","Dns":null,"DnsOptions":null,"DnsSearch":null,"ExtraHosts":[],"GroupAdd":null,"IpcMode":"shareable","Cgroup":"","Links":null,"OomScoreAdj":0,"PidMode":"","Privileged":false,"PublishAllPorts":false,"ReadonlyRootfs":false,"SecurityOpt":null,"UTSMode":"","UsernsMode":"","ShmSize":67108864,"Runtime":"runc","ConsoleSize":[0,0],"Isolation":"","CpuShares":0,"Memory":0,"NanoCpus":0,"CgroupParent":"","BlkioWeight":0,"BlkioWeightDevice":null,"BlkioDeviceReadBps":null,"BlkioDeviceWriteBps":null,"BlkioDeviceReadIOps":null,"BlkioDeviceWriteIOps":null,"CpuPeriod":0,"CpuQuota":0,"CpuRealtimePeriod":0,"CpuRealtimeRuntime":0,"CpusetCpus":"","CpusetMems":"","Devices":null,"DeviceCgroupRules":null,"DeviceRequests":null,"KernelMemory":0,"KernelMemoryTCP":0,"MemoryReservation":0,"MemorySwap":0,"MemorySwappiness":null,"OomKillDisable":false,"PidsLimit":null,"Ulimits":null,"CpuCount":0,"CpuPercent":0,"IOMaximumIOps":0,"IOMaximumBandwidth":0,"MaskedPaths":["/proc/asound","/proc/acpi","/proc/kcore","/proc/keys","/proc/latency_stats","/proc/timer_list","/proc/timer_stats","/proc/sched_debug","/proc/scsi","/sys/firmware"],"ReadonlyPaths":["/proc/bus","/proc/fs","/proc/irq","/proc/sys","/proc/sysrq-trigger"]},"GraphDriver":{"Data":{"LowerDir":"/var/lib/docker/overlay2/5529564f52cf969e31e7a1482c27be7ffed19639b506ae2e15b7e7115f699a73-init/diff:/var/lib/docker/overlay2/833a665819b5d9728d3efa7c33135034345a24f83af53b1a1af33d9b64f5492a/diff:/var/lib/docker/overlay2/bd4a2a46c227c2f15475b08c398f37acaab93f4fdba31de015d730efae0a0cfc/diff:/var/lib/docker/overlay2/31ad437d7cba8e64428a2b62db1bbb2a2ec19ca4e439ec493ef4deb50dce2783/diff:/var/lib/docker/overlay2/35173cbd8ec5b88a8888e9abbe75f8694f5d3f96a9b781bb70dc1f0889685741/diff:/var/lib/docker/overlay2/24bf69ac4e8c81062fee44e7c9f746fffbb139c3f7f4b55b4fd1b23bb101b529/diff:/var/lib/docker/overlay2/2f27c96a7775dad186b6f0da325d5a251c80aa1b7f80cf8520f493c5154aee70/diff:/var/lib/docker/overlay2/463a60088c72ddbea82639ded15801e35a79c443f6a26bf1baf320c683cb06af/diff:/var/lib/docker/overlay2/80b8224b23a2ee4b5be635c58ae579fd1913aa95558cd66ab2f5e8430f00a5b8/diff:/var/lib/docker/overlay2/20451fa0b1a07b85d665bc3a0359d721ce4e4c28fa3bce7456ab25e0babae708/diff:/var/lib/docker/overlay2/f80d865cbc6c1c6f57d0963fa6234e7a6409e079eb17f4f13ca41d02731701ad/diff:/var/lib/docker/overlay2/5a3029e0b57c6ec9b985871ff6adf08356aaa0f2a15f1e34c1a7f116ecc4a61d/diff:/var/lib/docker/overlay2/4f3423103248d0b381a1bc6a7287e2b42313ff458cea602a02b7379014b03e0e/diff","MergedDir":"/var/lib/docker/overlay2/5529564f52cf969e31e7a1482c27be7ffed19639b506ae2e15b7e7115f699a73/merged","UpperDir":"/var/lib/docker/overlay2/5529564f52cf969e31e7a1482c27be7ffed19639b506ae2e15b7e7115f699a73/diff","WorkDir":"/var/lib/docker/overlay2/5529564f52cf969e31e7a1482c27be7ffed19639b506ae2e15b7e7115f699a73/work"},"Name":"overlay2"},"Mounts":[{"Type":"volume","Name":"fd1f613c7fe3ca3ae799982507ac3f565cc9f6a2dc99ceaed92389e2c43f47d1","Source":"/var/lib/docker/volumes/fd1f613c7fe3ca3ae799982507ac3f565cc9f6a2dc99ceaed92389e2c43f47d1/_data","Destination":"/var/lib/mysql","Driver":"local","Mode":"","RW":true,"Propagation":""}],"Config":{"Hostname":"9691e3189171","Domainname":"","User":"","AttachStdin":false,"AttachStdout":false,"AttachStderr":false,"ExposedPorts":{"3306/tcp":{},"33060/tcp":{}},"Tty":false,"OpenStdin":false,"StdinOnce":false,"Env":["MYSQL_DATABASE=test","MYSQL_PASSWORD=admin","MYSQL_USER=admin","MYSQL_ROOT_PASSWORD=admin","PATH=/usr/local/sbin:/usr/local/bin:/usr/sbin:/usr/bin:/sbin:/bin","GOSU_VERSION=1.14","MYSQL_MAJOR=8.0","MYSQL_VERSION=8.0.29-1debian10"],"Cmd":["mysqld"],"Image":"mysql:8.0","Volumes":{"/var/lib/mysql":{}},"WorkingDir":"","Entrypoint":["docker-entrypoint.sh"],"OnBuild":null,"Labels":{"org.testcontainers":"true","org.testcontainers.sessionId":"d48265e4-2b28-4f8c-aa67-76dd8289af84"}},"NetworkSettings":{"Bridge":"","SandboxID":"d9de8570fe3f0a4e9f3a1ff7101c963bbd2c6a0a9d8a867b96f17f4d5edca537","HairpinMode":false,"LinkLocalIPv6Address":"","LinkLocalIPv6PrefixLen":0,"Ports":{"3306/tcp":[{"HostIp":"0.0.0.0","HostPort":"49160"},{"HostIp":"::","HostPort":"49160"}],"33060/tcp":null},"SandboxKey":"/var/run/docker/netns/d9de8570fe3f","SecondaryIPAddresses":null,"SecondaryIPv6Addresses":null,"EndpointID":"93e8fe159f683a98670e8995677c2b130dbce857fc116679206e206bda319cbf","Gateway":"172.17.0.1","GlobalIPv6Address":"","GlobalIPv6PrefixLen":0,"IPAddress":"172.17.0.3","IPPrefixLen":16,"IPv6Gateway":"","MacAddress":"02:42:ac:11:00:03","Networks":{"bridge":{"IPAMConfig":null,"Links":null,"Aliases":null,"NetworkID":"1853cd2b9856825cc97ed9ef2b12efa82d95bf9cf60ad666c276eb35cc53539e","EndpointID":"93e8fe159f683a98670e8995677c2b130dbce857fc116679206e206bda319cbf","Gateway":"172.17.0.1","IPAddress":"172.17.0.3","IPPrefixLen":16,"IPv6Gateway":"","GlobalIPv6Address":"","GlobalIPv6PrefixLen":0,"MacAddress":"02:42:ac:11:00:03","DriverOpts":null}}}}[\n]"
03:32:56.231 [main] DEBUG com.github.dockerjava.zerodep.shaded.org.apache.hc.client5.http.wire - http-outgoing-2 << "[\r][\n]"
03:32:56.231 [main] DEBUG com.github.dockerjava.zerodep.shaded.org.apache.hc.client5.http.wire - http-outgoing-2 << "0[\r][\n]"
03:32:56.231 [main] DEBUG com.github.dockerjava.zerodep.shaded.org.apache.hc.client5.http.wire - http-outgoing-2 << "[\r][\n]"
03:32:56.232 [main] DEBUG com.github.dockerjava.zerodep.shaded.org.apache.hc.client5.http.headers - http-outgoing-2 << HTTP/1.1 200 OK
03:32:56.232 [main] DEBUG com.github.dockerjava.zerodep.shaded.org.apache.hc.client5.http.headers - http-outgoing-2 << Api-Version: 1.41
03:32:56.232 [main] DEBUG com.github.dockerjava.zerodep.shaded.org.apache.hc.client5.http.headers - http-outgoing-2 << Content-Type: application/json
03:32:56.232 [main] DEBUG com.github.dockerjava.zerodep.shaded.org.apache.hc.client5.http.headers - http-outgoing-2 << Docker-Experimental: false
03:32:56.232 [main] DEBUG com.github.dockerjava.zerodep.shaded.org.apache.hc.client5.http.headers - http-outgoing-2 << Ostype: linux
03:32:56.232 [main] DEBUG com.github.dockerjava.zerodep.shaded.org.apache.hc.client5.http.headers - http-outgoing-2 << Server: Docker/20.10.12 (linux)
03:32:56.232 [main] DEBUG com.github.dockerjava.zerodep.shaded.org.apache.hc.client5.http.headers - http-outgoing-2 << Date: Thu, 23 Jun 2022 02:32:56 GMT
03:32:56.232 [main] DEBUG com.github.dockerjava.zerodep.shaded.org.apache.hc.client5.http.headers - http-outgoing-2 << Transfer-Encoding: chunked
03:32:56.232 [main] DEBUG com.github.dockerjava.zerodep.shaded.org.apache.hc.client5.http.impl.classic.MainClientExec - ex-0000005A: connection can be kept alive for 3 MINUTES
03:32:56.233 [main] DEBUG com.github.dockerjava.zerodep.shaded.org.apache.hc.client5.http.impl.classic.InternalHttpClient - ep-00000059: releasing valid endpoint
03:32:56.233 [main] DEBUG com.github.dockerjava.zerodep.shaded.org.apache.hc.client5.http.impl.io.PoolingHttpClientConnectionManager - ep-00000059: releasing endpoint
03:32:56.233 [main] DEBUG com.github.dockerjava.zerodep.shaded.org.apache.hc.client5.http.impl.io.PoolingHttpClientConnectionManager - ep-00000059: connection http-outgoing-2 can be kept alive for 3 MINUTES
03:32:56.233 [main] DEBUG com.github.dockerjava.zerodep.shaded.org.apache.hc.client5.http.impl.io.PoolingHttpClientConnectionManager - ep-00000059: connection released [route: {}->unix://localhost:2375][total available: 1; route allocated: 1 of 2147483647; total allocated: 1 of 2147483647]
03:32:56.233 [main] DEBUG 🐳 [mysql:8.0] - Trying to create JDBC connection using com.mysql.cj.jdbc.Driver to jdbc:mysql://localhost:49160/test?useSSL=false&allowPublicKeyRetrieval=true with properties: {password=admin, user=admin}
03:32:56.335 [main] DEBUG org.testcontainers.shaded.com.github.dockerjava.core.command.AbstrDockerCmd - Cmd: 9691e31891711283f4d98263d11bc6156717d3e75a0b86a23f3b128a992c1f38,false
03:32:56.336 [main] DEBUG org.testcontainers.shaded.com.github.dockerjava.core.exec.InspectContainerCmdExec - GET: DefaultWebTarget{path=[/containers/9691e31891711283f4d98263d11bc6156717d3e75a0b86a23f3b128a992c1f38/json], queryParams={}}
03:32:56.336 [main] DEBUG com.github.dockerjava.zerodep.shaded.org.apache.hc.client5.http.impl.classic.InternalHttpClient - ex-0000005B: preparing request execution
03:32:56.336 [main] DEBUG com.github.dockerjava.zerodep.shaded.org.apache.hc.client5.http.protocol.RequestAddCookies - Cookie spec selected: strict
03:32:56.336 [main] DEBUG com.github.dockerjava.zerodep.shaded.org.apache.hc.client5.http.protocol.RequestAuthCache - Auth cache not set in the context
03:32:56.336 [main] DEBUG com.github.dockerjava.zerodep.shaded.org.apache.hc.client5.http.impl.classic.ProtocolExec - ex-0000005B: target auth state: UNCHALLENGED
03:32:56.336 [main] DEBUG com.github.dockerjava.zerodep.shaded.org.apache.hc.client5.http.impl.classic.ProtocolExec - ex-0000005B: proxy auth state: UNCHALLENGED
03:32:56.336 [main] DEBUG com.github.dockerjava.zerodep.shaded.org.apache.hc.client5.http.impl.classic.ConnectExec - ex-0000005B: acquiring connection with route {}->unix://localhost:2375
03:32:56.336 [main] DEBUG com.github.dockerjava.zerodep.shaded.org.apache.hc.client5.http.impl.classic.InternalHttpClient - ex-0000005B: acquiring endpoint (3 MINUTES)
03:32:56.336 [main] DEBUG com.github.dockerjava.zerodep.shaded.org.apache.hc.client5.http.impl.io.PoolingHttpClientConnectionManager - ex-0000005B: endpoint lease request (3 MINUTES) [route: {}->unix://localhost:2375][total available: 1; route allocated: 1 of 2147483647; total allocated: 1 of 2147483647]
03:32:56.336 [main] DEBUG com.github.dockerjava.zerodep.shaded.org.apache.hc.client5.http.impl.io.PoolingHttpClientConnectionManager - ex-0000005B: endpoint leased [route: {}->unix://localhost:2375][total available: 0; route allocated: 1 of 2147483647; total allocated: 1 of 2147483647]
03:32:56.336 [main] DEBUG com.github.dockerjava.zerodep.shaded.org.apache.hc.client5.http.impl.io.PoolingHttpClientConnectionManager - ex-0000005B: acquired ep-0000005A
03:32:56.336 [main] DEBUG com.github.dockerjava.zerodep.shaded.org.apache.hc.client5.http.impl.classic.InternalHttpClient - ex-0000005B: acquired endpoint ep-0000005A
03:32:56.336 [main] DEBUG com.github.dockerjava.zerodep.shaded.org.apache.hc.client5.http.impl.classic.MainClientExec - ex-0000005B: executing GET /v1.32/containers/9691e31891711283f4d98263d11bc6156717d3e75a0b86a23f3b128a992c1f38/json HTTP/1.1
03:32:56.336 [main] DEBUG com.github.dockerjava.zerodep.shaded.org.apache.hc.client5.http.impl.classic.InternalHttpClient - ep-0000005A: start execution ex-0000005B
03:32:56.336 [main] DEBUG com.github.dockerjava.zerodep.shaded.org.apache.hc.client5.http.impl.io.PoolingHttpClientConnectionManager - ep-0000005A: executing exchange ex-0000005B over http-outgoing-2
03:32:56.336 [main] DEBUG com.github.dockerjava.zerodep.shaded.org.apache.hc.client5.http.headers - http-outgoing-2 >> GET /v1.32/containers/9691e31891711283f4d98263d11bc6156717d3e75a0b86a23f3b128a992c1f38/json HTTP/1.1
03:32:56.336 [main] DEBUG com.github.dockerjava.zerodep.shaded.org.apache.hc.client5.http.headers - http-outgoing-2 >> accept: application/json
03:32:56.336 [main] DEBUG com.github.dockerjava.zerodep.shaded.org.apache.hc.client5.http.headers - http-outgoing-2 >> Accept-Encoding: gzip, x-gzip, deflate
03:32:56.336 [main] DEBUG com.github.dockerjava.zerodep.shaded.org.apache.hc.client5.http.headers - http-outgoing-2 >> Host: localhost:2375
03:32:56.336 [main] DEBUG com.github.dockerjava.zerodep.shaded.org.apache.hc.client5.http.headers - http-outgoing-2 >> Connection: keep-alive
03:32:56.336 [main] DEBUG com.github.dockerjava.zerodep.shaded.org.apache.hc.client5.http.headers - http-outgoing-2 >> User-Agent: Apache-HttpClient/5.0.3 (Java/11.0.15)
03:32:56.336 [main] DEBUG com.github.dockerjava.zerodep.shaded.org.apache.hc.client5.http.wire - http-outgoing-2 >> "GET /v1.32/containers/9691e31891711283f4d98263d11bc6156717d3e75a0b86a23f3b128a992c1f38/json HTTP/1.1[\r][\n]"
03:32:56.336 [main] DEBUG com.github.dockerjava.zerodep.shaded.org.apache.hc.client5.http.wire - http-outgoing-2 >> "accept: application/json[\r][\n]"
03:32:56.336 [main] DEBUG com.github.dockerjava.zerodep.shaded.org.apache.hc.client5.http.wire - http-outgoing-2 >> "Accept-Encoding: gzip, x-gzip, deflate[\r][\n]"
03:32:56.336 [main] DEBUG com.github.dockerjava.zerodep.shaded.org.apache.hc.client5.http.wire - http-outgoing-2 >> "Host: localhost:2375[\r][\n]"
03:32:56.336 [main] DEBUG com.github.dockerjava.zerodep.shaded.org.apache.hc.client5.http.wire - http-outgoing-2 >> "Connection: keep-alive[\r][\n]"
03:32:56.336 [main] DEBUG com.github.dockerjava.zerodep.shaded.org.apache.hc.client5.http.wire - http-outgoing-2 >> "User-Agent: Apache-HttpClient/5.0.3 (Java/11.0.15)[\r][\n]"
03:32:56.336 [main] DEBUG com.github.dockerjava.zerodep.shaded.org.apache.hc.client5.http.wire - http-outgoing-2 >> "[\r][\n]"
03:32:56.337 [main] DEBUG com.github.dockerjava.zerodep.shaded.org.apache.hc.client5.http.wire - http-outgoing-2 << "HTTP/1.1 200 OK[\r][\n]"
03:32:56.337 [main] DEBUG com.github.dockerjava.zerodep.shaded.org.apache.hc.client5.http.wire - http-outgoing-2 << "Api-Version: 1.41[\r][\n]"
03:32:56.337 [main] DEBUG com.github.dockerjava.zerodep.shaded.org.apache.hc.client5.http.wire - http-outgoing-2 << "Content-Type: application/json[\r][\n]"
03:32:56.337 [main] DEBUG com.github.dockerjava.zerodep.shaded.org.apache.hc.client5.http.wire - http-outgoing-2 << "Docker-Experimental: false[\r][\n]"
03:32:56.337 [main] DEBUG com.github.dockerjava.zerodep.shaded.org.apache.hc.client5.http.wire - http-outgoing-2 << "Ostype: linux[\r][\n]"
03:32:56.337 [main] DEBUG com.github.dockerjava.zerodep.shaded.org.apache.hc.client5.http.wire - http-outgoing-2 << "Server: Docker/20.10.12 (linux)[\r][\n]"
03:32:56.337 [main] DEBUG com.github.dockerjava.zerodep.shaded.org.apache.hc.client5.http.wire - http-outgoing-2 << "Date: Thu, 23 Jun 2022 02:32:56 GMT[\r][\n]"
03:32:56.337 [main] DEBUG com.github.dockerjava.zerodep.shaded.org.apache.hc.client5.http.wire - http-outgoing-2 << "Transfer-Encoding: chunked[\r][\n]"
03:32:56.337 [main] DEBUG com.github.dockerjava.zerodep.shaded.org.apache.hc.client5.http.wire - http-outgoing-2 << "[\r][\n]"
03:32:56.337 [main] DEBUG com.github.dockerjava.zerodep.shaded.org.apache.hc.client5.http.wire - http-outgoing-2 << "18ed[\r][\n]"
03:32:56.337 [main] DEBUG com.github.dockerjava.zerodep.shaded.org.apache.hc.client5.http.wire - http-outgoing-2 << "{"Id":"9691e31891711283f4d98263d11bc6156717d3e75a0b86a23f3b128a992c1f38","Created":"2022-06-23T02:32:47.03956921Z","Path":"docker-entrypoint.sh","Args":["mysqld"],"State":{"Status":"running","Running":true,"Paused":false,"Restarting":false,"OOMKilled":false,"Dead":false,"Pid":66188,"ExitCode":0,"Error":"","StartedAt":"2022-06-23T02:32:47.703880551Z","FinishedAt":"0001-01-01T00:00:00Z"},"Image":"sha256:65b636d5542b73254ce90cc4b895597dc1adc2c661ca553c38eda159979dded1","ResolvConfPath":"/var/lib/docker/containers/9691e31891711283f4d98263d11bc6156717d3e75a0b86a23f3b128a992c1f38/resolv.conf","HostnamePath":"/var/lib/docker/containers/9691e31891711283f4d98263d11bc6156717d3e75a0b86a23f3b128a992c1f38/hostname","HostsPath":"/var/lib/docker/containers/9691e31891711283f4d98263d11bc6156717d3e75a0b86a23f3b128a992c1f38/hosts","LogPath":"/var/lib/docker/containers/9691e31891711283f4d98263d11bc6156717d3e75a0b86a23f3b128a992c1f38/9691e31891711283f4d98263d11bc6156717d3e75a0b86a23f3b128a992c1f38-json.log","Name":"/xenodochial_satoshi","RestartCount":0,"Driver":"overlay2","Platform":"linux","MountLabel":"","ProcessLabel":"","AppArmorProfile":"docker-default","ExecIDs":null,"HostConfig":{"Binds":[],"ContainerIDFile":"","LogConfig":{"Type":"json-file","Config":{}},"NetworkMode":"default","PortBindings":{"3306/tcp":[{"HostIp":"","HostPort":""}]},"RestartPolicy":{"Name":"","MaximumRetryCount":0},"AutoRemove":false,"VolumeDriver":"","VolumesFrom":[],"CapAdd":null,"CapDrop":null,"CgroupnsMode":"host","Dns":null,"DnsOptions":null,"DnsSearch":null,"ExtraHosts":[],"GroupAdd":null,"IpcMode":"shareable","Cgroup":"","Links":null,"OomScoreAdj":0,"PidMode":"","Privileged":false,"PublishAllPorts":false,"ReadonlyRootfs":false,"SecurityOpt":null,"UTSMode":"","UsernsMode":"","ShmSize":67108864,"Runtime":"runc","ConsoleSize":[0,0],"Isolation":"","CpuShares":0,"Memory":0,"NanoCpus":0,"CgroupParent":"","BlkioWeight":0,"BlkioWeightDevice":null,"BlkioDeviceReadBps":null,"BlkioDeviceWriteBps":null,"BlkioDeviceReadIOps":null,"BlkioDeviceWriteIOps":null,"CpuPeriod":0,"CpuQuota":0,"CpuRealtimePeriod":0,"CpuRealtimeRuntime":0,"CpusetCpus":"","CpusetMems":"","Devices":null,"DeviceCgroupRules":null,"DeviceRequests":null,"KernelMemory":0,"KernelMemoryTCP":0,"MemoryReservation":0,"MemorySwap":0,"MemorySwappiness":null,"OomKillDisable":false,"PidsLimit":null,"Ulimits":null,"CpuCount":0,"CpuPercent":0,"IOMaximumIOps":0,"IOMaximumBandwidth":0,"MaskedPaths":["/proc/asound","/proc/acpi","/proc/kcore","/proc/keys","/proc/latency_stats","/proc/timer_list","/proc/timer_stats","/proc/sched_debug","/proc/scsi","/sys/firmware"],"ReadonlyPaths":["/proc/bus","/proc/fs","/proc/irq","/proc/sys","/proc/sysrq-trigger"]},"GraphDriver":{"Data":{"LowerDir":"/var/lib/docker/overlay2/5529564f52cf969e31e7a1482c27be7ffed19639b506ae2e15b7e7115f699a73-init/diff:/var/lib/docker/overlay2/833a665819b5d9728d3efa7c33135034345a24f83af53b1a1af33d9b64f5492a/diff:/var/lib/docker/overlay2/bd4a2a46c227c2f15475b08c398f37acaab93f4fdba31de015d730efae0a0cfc/diff:/var/lib/docker/overlay2/31ad437d7cba8e64428a2b62db1bbb2a2ec19ca4e439ec493ef4deb50dce2783/diff:/var/lib/docker/overlay2/35173cbd8ec5b88a8888e9abbe75f8694f5d3f96a9b781bb70dc1f0889685741/diff:/var/lib/docker/overlay2/24bf69ac4e8c81062fee44e7c9f746fffbb139c3f7f4b55b4fd1b23bb101b529/diff:/var/lib/docker/overlay2/2f27c96a7775dad186b6f0da325d5a251c80aa1b7f80cf8520f493c5154aee70/diff:/var/lib/docker/overlay2/463a60088c72ddbea82639ded15801e35a79c443f6a26bf1baf320c683cb06af/diff:/var/lib/docker/overlay2/80b8224b23a2ee4b5be635c58ae579fd1913aa95558cd66ab2f5e8430f00a5b8/diff:/var/lib/docker/overlay2/20451fa0b1a07b85d665bc3a0359d721ce4e4c28fa3bce7456ab25e0babae708/diff:/var/lib/docker/overlay2/f80d865cbc6c1c6f57d0963fa6234e7a6409e079eb17f4f13ca41d02731701ad/diff:/var/lib/docker/overlay2/5a3029e0b57c6ec9b985871ff6adf08356aaa0f2a15f1e34c1a7f116ecc4a61d/dif"
03:32:56.337 [main] DEBUG com.github.dockerjava.zerodep.shaded.org.apache.hc.client5.http.headers - http-outgoing-2 << HTTP/1.1 200 OK
03:32:56.337 [main] DEBUG com.github.dockerjava.zerodep.shaded.org.apache.hc.client5.http.headers - http-outgoing-2 << Api-Version: 1.41
03:32:56.337 [main] DEBUG com.github.dockerjava.zerodep.shaded.org.apache.hc.client5.http.headers - http-outgoing-2 << Content-Type: application/json
03:32:56.337 [main] DEBUG com.github.dockerjava.zerodep.shaded.org.apache.hc.client5.http.headers - http-outgoing-2 << Docker-Experimental: false
03:32:56.337 [main] DEBUG com.github.dockerjava.zerodep.shaded.org.apache.hc.client5.http.headers - http-outgoing-2 << Ostype: linux
03:32:56.337 [main] DEBUG com.github.dockerjava.zerodep.shaded.org.apache.hc.client5.http.headers - http-outgoing-2 << Server: Docker/20.10.12 (linux)
03:32:56.337 [main] DEBUG com.github.dockerjava.zerodep.shaded.org.apache.hc.client5.http.headers - http-outgoing-2 << Date: Thu, 23 Jun 2022 02:32:56 GMT
03:32:56.337 [main] DEBUG com.github.dockerjava.zerodep.shaded.org.apache.hc.client5.http.headers - http-outgoing-2 << Transfer-Encoding: chunked
03:32:56.337 [main] DEBUG com.github.dockerjava.zerodep.shaded.org.apache.hc.client5.http.impl.classic.MainClientExec - ex-0000005B: connection can be kept alive for 3 MINUTES
03:32:56.338 [main] DEBUG com.github.dockerjava.zerodep.shaded.org.apache.hc.client5.http.wire - http-outgoing-2 << "f:/var/lib/docker/overlay2/4f3423103248d0b381a1bc6a7287e2b42313ff458cea602a02b7379014b03e0e/diff","MergedDir":"/var/lib/docker/overlay2/5529564f52cf969e31e7a1482c27be7ffed19639b506ae2e15b7e7115f699a73/merged","UpperDir":"/var/lib/docker/overlay2/5529564f52cf969e31e7a1482c27be7ffed19639b506ae2e15b7e7115f699a73/diff","WorkDir":"/var/lib/docker/overlay2/5529564f52cf969e31e7a1482c27be7ffed19639b506ae2e15b7e7115f699a73/work"},"Name":"overlay2"},"Mounts":[{"Type":"volume","Name":"fd1f613c7fe3ca3ae799982507ac3f565cc9f6a2dc99ceaed92389e2c43f47d1","Source":"/var/lib/docker/volumes/fd1f613c7fe3ca3ae799982507ac3f565cc9f6a2dc99ceaed92389e2c43f47d1/_data","Destination":"/var/lib/mysql","Driver":"local","Mode":"","RW":true,"Propagation":""}],"Config":{"Hostname":"9691e3189171","Domainname":"","User":"","AttachStdin":false,"AttachStdout":false,"AttachStderr":false,"ExposedPorts":{"3306/tcp":{},"33060/tcp":{}},"Tty":false,"OpenStdin":false,"StdinOnce":false,"Env":["MYSQL_DATABASE=test","MYSQL_PASSWORD=admin","MYSQL_USER=admin","MYSQL_ROOT_PASSWORD=admin","PATH=/usr/local/sbin:/usr/local/bin:/usr/sbin:/usr/bin:/sbin:/bin","GOSU_VERSION=1.14","MYSQL_MAJOR=8.0","MYSQL_VERSION=8.0.29-1debian10"],"Cmd":["mysqld"],"Image":"mysql:8.0","Volumes":{"/var/lib/mysql":{}},"WorkingDir":"","Entrypoint":["docker-entrypoint.sh"],"OnBuild":null,"Labels":{"org.testcontainers":"true","org.testcontainers.sessionId":"d48265e4-2b28-4f8c-aa67-76dd8289af84"}},"NetworkSettings":{"Bridge":"","SandboxID":"d9de8570fe3f0a4e9f3a1ff7101c963bbd2c6a0a9d8a867b96f17f4d5edca537","HairpinMode":false,"LinkLocalIPv6Address":"","LinkLocalIPv6PrefixLen":0,"Ports":{"3306/tcp":[{"HostIp":"0.0.0.0","HostPort":"49160"},{"HostIp":"::","HostPort":"49160"}],"33060/tcp":null},"SandboxKey":"/var/run/docker/netns/d9de8570fe3f","SecondaryIPAddresses":null,"SecondaryIPv6Addresses":null,"EndpointID":"93e8fe159f683a98670e8995677c2b130dbce857fc116679206e206bda319cbf","Gateway":"172.17.0.1","GlobalIPv6Address":"","GlobalIPv6PrefixLen":0,"IPAddress":"172.17.0.3","IPPrefixLen":16,"IPv6Gateway":"","MacAddress":"02:42:ac:11:00:03","Networks":{"bridge":{"IPAMConfig":null,"Links":null,"Aliases":null,"NetworkID":"1853cd2b9856825cc97ed9ef2b12efa82d95bf9cf60ad666c276eb35cc53539e","EndpointID":"93e8fe159f683a98670e8995677c2b130dbce857fc116679206e206bda319cbf","Gateway":"172.17.0.1","IPAddress":"172.17.0.3","IPPrefixLen":16,"IPv6Gateway":"","GlobalIPv6Address":"","GlobalIPv6PrefixLen":0,"MacAddress":"02:42:ac:11:00:03","DriverOpts":null}}}}[\n]"
03:32:56.339 [main] DEBUG com.github.dockerjava.zerodep.shaded.org.apache.hc.client5.http.wire - http-outgoing-2 << "[\r][\n]"
03:32:56.339 [main] DEBUG com.github.dockerjava.zerodep.shaded.org.apache.hc.client5.http.wire - http-outgoing-2 << "0[\r][\n]"
03:32:56.339 [main] DEBUG com.github.dockerjava.zerodep.shaded.org.apache.hc.client5.http.wire - http-outgoing-2 << "[\r][\n]"
03:32:56.339 [main] DEBUG com.github.dockerjava.zerodep.shaded.org.apache.hc.client5.http.impl.classic.InternalHttpClient - ep-0000005A: releasing valid endpoint
03:32:56.339 [main] DEBUG com.github.dockerjava.zerodep.shaded.org.apache.hc.client5.http.impl.io.PoolingHttpClientConnectionManager - ep-0000005A: releasing endpoint
03:32:56.339 [main] DEBUG com.github.dockerjava.zerodep.shaded.org.apache.hc.client5.http.impl.io.PoolingHttpClientConnectionManager - ep-0000005A: connection http-outgoing-2 can be kept alive for 3 MINUTES
03:32:56.339 [main] DEBUG com.github.dockerjava.zerodep.shaded.org.apache.hc.client5.http.impl.io.PoolingHttpClientConnectionManager - ep-0000005A: connection released [route: {}->unix://localhost:2375][total available: 1; route allocated: 1 of 2147483647; total allocated: 1 of 2147483647]
03:32:56.339 [main] DEBUG 🐳 [mysql:8.0] - Trying to create JDBC connection using com.mysql.cj.jdbc.Driver to jdbc:mysql://localhost:49160/test?useSSL=false&allowPublicKeyRetrieval=true with properties: {password=admin, user=admin}
03:32:56.444 [main] DEBUG org.testcontainers.shaded.com.github.dockerjava.core.command.AbstrDockerCmd - Cmd: 9691e31891711283f4d98263d11bc6156717d3e75a0b86a23f3b128a992c1f38,false
03:32:56.444 [main] DEBUG org.testcontainers.shaded.com.github.dockerjava.core.exec.InspectContainerCmdExec - GET: DefaultWebTarget{path=[/containers/9691e31891711283f4d98263d11bc6156717d3e75a0b86a23f3b128a992c1f38/json], queryParams={}}
03:32:56.444 [main] DEBUG com.github.dockerjava.zerodep.shaded.org.apache.hc.client5.http.impl.classic.InternalHttpClient - ex-0000005C: preparing request execution
03:32:56.444 [main] DEBUG com.github.dockerjava.zerodep.shaded.org.apache.hc.client5.http.protocol.RequestAddCookies - Cookie spec selected: strict
03:32:56.444 [main] DEBUG com.github.dockerjava.zerodep.shaded.org.apache.hc.client5.http.protocol.RequestAuthCache - Auth cache not set in the context
03:32:56.444 [main] DEBUG com.github.dockerjava.zerodep.shaded.org.apache.hc.client5.http.impl.classic.ProtocolExec - ex-0000005C: target auth state: UNCHALLENGED
03:32:56.444 [main] DEBUG com.github.dockerjava.zerodep.shaded.org.apache.hc.client5.http.impl.classic.ProtocolExec - ex-0000005C: proxy auth state: UNCHALLENGED
03:32:56.444 [main] DEBUG com.github.dockerjava.zerodep.shaded.org.apache.hc.client5.http.impl.classic.ConnectExec - ex-0000005C: acquiring connection with route {}->unix://localhost:2375
03:32:56.444 [main] DEBUG com.github.dockerjava.zerodep.shaded.org.apache.hc.client5.http.impl.classic.InternalHttpClient - ex-0000005C: acquiring endpoint (3 MINUTES)
03:32:56.444 [main] DEBUG com.github.dockerjava.zerodep.shaded.org.apache.hc.client5.http.impl.io.PoolingHttpClientConnectionManager - ex-0000005C: endpoint lease request (3 MINUTES) [route: {}->unix://localhost:2375][total available: 1; route allocated: 1 of 2147483647; total allocated: 1 of 2147483647]
03:32:56.444 [main] DEBUG com.github.dockerjava.zerodep.shaded.org.apache.hc.client5.http.impl.io.PoolingHttpClientConnectionManager - ex-0000005C: endpoint leased [route: {}->unix://localhost:2375][total available: 0; route allocated: 1 of 2147483647; total allocated: 1 of 2147483647]
03:32:56.445 [main] DEBUG com.github.dockerjava.zerodep.shaded.org.apache.hc.client5.http.impl.io.PoolingHttpClientConnectionManager - ex-0000005C: acquired ep-0000005B
03:32:56.445 [main] DEBUG com.github.dockerjava.zerodep.shaded.org.apache.hc.client5.http.impl.classic.InternalHttpClient - ex-0000005C: acquired endpoint ep-0000005B
03:32:56.445 [main] DEBUG com.github.dockerjava.zerodep.shaded.org.apache.hc.client5.http.impl.classic.MainClientExec - ex-0000005C: executing GET /v1.32/containers/9691e31891711283f4d98263d11bc6156717d3e75a0b86a23f3b128a992c1f38/json HTTP/1.1
03:32:56.445 [main] DEBUG com.github.dockerjava.zerodep.shaded.org.apache.hc.client5.http.impl.classic.InternalHttpClient - ep-0000005B: start execution ex-0000005C
03:32:56.445 [main] DEBUG com.github.dockerjava.zerodep.shaded.org.apache.hc.client5.http.impl.io.PoolingHttpClientConnectionManager - ep-0000005B: executing exchange ex-0000005C over http-outgoing-2
03:32:56.445 [main] DEBUG com.github.dockerjava.zerodep.shaded.org.apache.hc.client5.http.headers - http-outgoing-2 >> GET /v1.32/containers/9691e31891711283f4d98263d11bc6156717d3e75a0b86a23f3b128a992c1f38/json HTTP/1.1
03:32:56.445 [main] DEBUG com.github.dockerjava.zerodep.shaded.org.apache.hc.client5.http.headers - http-outgoing-2 >> accept: application/json
03:32:56.445 [main] DEBUG com.github.dockerjava.zerodep.shaded.org.apache.hc.client5.http.headers - http-outgoing-2 >> Accept-Encoding: gzip, x-gzip, deflate
03:32:56.445 [main] DEBUG com.github.dockerjava.zerodep.shaded.org.apache.hc.client5.http.headers - http-outgoing-2 >> Host: localhost:2375
03:32:56.445 [main] DEBUG com.github.dockerjava.zerodep.shaded.org.apache.hc.client5.http.headers - http-outgoing-2 >> Connection: keep-alive
03:32:56.445 [main] DEBUG com.github.dockerjava.zerodep.shaded.org.apache.hc.client5.http.headers - http-outgoing-2 >> User-Agent: Apache-HttpClient/5.0.3 (Java/11.0.15)
03:32:56.445 [main] DEBUG com.github.dockerjava.zerodep.shaded.org.apache.hc.client5.http.wire - http-outgoing-2 >> "GET /v1.32/containers/9691e31891711283f4d98263d11bc6156717d3e75a0b86a23f3b128a992c1f38/json HTTP/1.1[\r][\n]"
03:32:56.445 [main] DEBUG com.github.dockerjava.zerodep.shaded.org.apache.hc.client5.http.wire - http-outgoing-2 >> "accept: application/json[\r][\n]"
03:32:56.445 [main] DEBUG com.github.dockerjava.zerodep.shaded.org.apache.hc.client5.http.wire - http-outgoing-2 >> "Accept-Encoding: gzip, x-gzip, deflate[\r][\n]"
03:32:56.445 [main] DEBUG com.github.dockerjava.zerodep.shaded.org.apache.hc.client5.http.wire - http-outgoing-2 >> "Host: localhost:2375[\r][\n]"
03:32:56.445 [main] DEBUG com.github.dockerjava.zerodep.shaded.org.apache.hc.client5.http.wire - http-outgoing-2 >> "Connection: keep-alive[\r][\n]"
03:32:56.445 [main] DEBUG com.github.dockerjava.zerodep.shaded.org.apache.hc.client5.http.wire - http-outgoing-2 >> "User-Agent: Apache-HttpClient/5.0.3 (Java/11.0.15)[\r][\n]"
03:32:56.445 [main] DEBUG com.github.dockerjava.zerodep.shaded.org.apache.hc.client5.http.wire - http-outgoing-2 >> "[\r][\n]"
03:32:56.445 [main] DEBUG com.github.dockerjava.zerodep.shaded.org.apache.hc.client5.http.wire - http-outgoing-2 << "HTTP/1.1 200 OK[\r][\n]"
03:32:56.445 [main] DEBUG com.github.dockerjava.zerodep.shaded.org.apache.hc.client5.http.wire - http-outgoing-2 << "Api-Version: 1.41[\r][\n]"
03:32:56.445 [main] DEBUG com.github.dockerjava.zerodep.shaded.org.apache.hc.client5.http.wire - http-outgoing-2 << "Content-Type: application/json[\r][\n]"
03:32:56.445 [main] DEBUG com.github.dockerjava.zerodep.shaded.org.apache.hc.client5.http.wire - http-outgoing-2 << "Docker-Experimental: false[\r][\n]"
03:32:56.445 [main] DEBUG com.github.dockerjava.zerodep.shaded.org.apache.hc.client5.http.wire - http-outgoing-2 << "Ostype: linux[\r][\n]"
03:32:56.445 [main] DEBUG com.github.dockerjava.zerodep.shaded.org.apache.hc.client5.http.wire - http-outgoing-2 << "Server: Docker/20.10.12 (linux)[\r][\n]"
03:32:56.445 [main] DEBUG com.github.dockerjava.zerodep.shaded.org.apache.hc.client5.http.wire - http-outgoing-2 << "Date: Thu, 23 Jun 2022 02:32:56 GMT[\r][\n]"
03:32:56.445 [main] DEBUG com.github.dockerjava.zerodep.shaded.org.apache.hc.client5.http.wire - http-outgoing-2 << "Transfer-Encoding: chunked[\r][\n]"
03:32:56.445 [main] DEBUG com.github.dockerjava.zerodep.shaded.org.apache.hc.client5.http.wire - http-outgoing-2 << "[\r][\n]"
03:32:56.445 [main] DEBUG com.github.dockerjava.zerodep.shaded.org.apache.hc.client5.http.wire - http-outgoing-2 << "18ed[\r][\n]"
03:32:56.445 [main] DEBUG com.github.dockerjava.zerodep.shaded.org.apache.hc.client5.http.wire - http-outgoing-2 << "{"Id":"9691e31891711283f4d98263d11bc6156717d3e75a0b86a23f3b128a992c1f38","Created":"2022-06-23T02:32:47.03956921Z","Path":"docker-entrypoint.sh","Args":["mysqld"],"State":{"Status":"running","Running":true,"Paused":false,"Restarting":false,"OOMKilled":false,"Dead":false,"Pid":66188,"ExitCode":0,"Error":"","StartedAt":"2022-06-23T02:32:47.703880551Z","FinishedAt":"0001-01-01T00:00:00Z"},"Image":"sha256:65b636d5542b73254ce90cc4b895597dc1adc2c661ca553c38eda159979dded1","ResolvConfPath":"/var/lib/docker/containers/9691e31891711283f4d98263d11bc6156717d3e75a0b86a23f3b128a992c1f38/resolv.conf","HostnamePath":"/var/lib/docker/containers/9691e31891711283f4d98263d11bc6156717d3e75a0b86a23f3b128a992c1f38/hostname","HostsPath":"/var/lib/docker/containers/9691e31891711283f4d98263d11bc6156717d3e75a0b86a23f3b128a992c1f38/hosts","LogPath":"/var/lib/docker/containers/9691e31891711283f4d98263d11bc6156717d3e75a0b86a23f3b128a992c1f38/9691e31891711283f4d98263d11bc6156717d3e75a0b86a23f3b128a992c1f38-json.log","Name":"/xenodochial_satoshi","RestartCount":0,"Driver":"overlay2","Platform":"linux","MountLabel":"","ProcessLabel":"","AppArmorProfile":"docker-default","ExecIDs":null,"HostConfig":{"Binds":[],"ContainerIDFile":"","LogConfig":{"Type":"json-file","Config":{}},"NetworkMode":"default","PortBindings":{"3306/tcp":[{"HostIp":"","HostPort":""}]},"RestartPolicy":{"Name":"","MaximumRetryCount":0},"AutoRemove":false,"VolumeDriver":"","VolumesFrom":[],"CapAdd":null,"CapDrop":null,"CgroupnsMode":"host","Dns":null,"DnsOptions":null,"DnsSearch":null,"ExtraHosts":[],"GroupAdd":null,"IpcMode":"shareable","Cgroup":"","Links":null,"OomScoreAdj":0,"PidMode":"","Privileged":false,"PublishAllPorts":false,"ReadonlyRootfs":false,"SecurityOpt":null,"UTSMode":"","UsernsMode":"","ShmSize":67108864,"Runtime":"runc","ConsoleSize":[0,0],"Isolation":"","CpuShares":0,"Memory":0,"NanoCpus":0,"CgroupParent":"","BlkioWeight":0,"BlkioWeightDevice":null,"BlkioDeviceReadBps":null,"BlkioDeviceWriteBps":null,"BlkioDeviceReadIOps":null,"BlkioDeviceWriteIOps":null,"CpuPeriod":0,"CpuQuota":0,"CpuRealtimePeriod":0,"CpuRealtimeRuntime":0,"CpusetCpus":"","CpusetMems":"","Devices":null,"DeviceCgroupRules":null,"DeviceRequests":null,"KernelMemory":0,"KernelMemoryTCP":0,"MemoryReservation":0,"MemorySwap":0,"MemorySwappiness":null,"OomKillDisable":false,"PidsLimit":null,"Ulimits":null,"CpuCount":0,"CpuPercent":0,"IOMaximumIOps":0,"IOMaximumBandwidth":0,"MaskedPaths":["/proc/asound","/proc/acpi","/proc/kcore","/proc/keys","/proc/latency_stats","/proc/timer_list","/proc/timer_stats","/proc/sched_debug","/proc/scsi","/sys/firmware"],"ReadonlyPaths":["/proc/bus","/proc/fs","/proc/irq","/proc/sys","/proc/sysrq-trigger"]},"GraphDriver":{"Data":{"LowerDir":"/var/lib/docker/overlay2/5529564f52cf969e31e7a1482c27be7ffed19639b506ae2e15b7e7115f699a73-init/diff:/var/lib/docker/overlay2/833a665819b5d9728d3efa7c33135034345a24f83af53b1a1af33d9b64f5492a/diff:/var/lib/docker/overlay2/bd4a2a46c227c2f15475b08c398f37acaab93f4fdba31de015d730efae0a0cfc/diff:/var/lib/docker/overlay2/31ad437d7cba8e64428a2b62db1bbb2a2ec19ca4e439ec493ef4deb50dce2783/diff:/var/lib/docker/overlay2/35173cbd8ec5b88a8888e9abbe75f8694f5d3f96a9b781bb70dc1f0889685741/diff:/var/lib/docker/overlay2/24bf69ac4e8c81062fee44e7c9f746fffbb139c3f7f4b55b4fd1b23bb101b529/diff:/var/lib/docker/overlay2/2f27c96a7775dad186b6f0da325d5a251c80aa1b7f80cf8520f493c5154aee70/diff:/var/lib/docker/overlay2/463a60088c72ddbea82639ded15801e35a79c443f6a26bf1baf320c683cb06af/diff:/var/lib/docker/overlay2/80b8224b23a2ee4b5be635c58ae579fd1913aa95558cd66ab2f5e8430f00a5b8/diff:/var/lib/docker/overlay2/20451fa0b1a07b85d665bc3a0359d721ce4e4c28fa3bce7456ab25e0babae708/diff:/var/lib/docker/overlay2/f80d865cbc6c1c6f57d0963fa6234e7a6409e079eb17f4f13ca41d02731701ad/diff:/var/lib/docker/overlay2/5a3029e0b57c6ec9b985871ff6adf08356aaa0f2a15f1e34c1a7f116ecc4a61d/diff:/var/lib/docker/overlay2/4f3423103248d0b381a1bc6a7287e2b42313ff458cea602a02b7379014b03e0e/diff","MergedDir":"/var/lib/docker/overlay2/5529564f52cf969e31e7a1482c27be7ffed19639b506ae2e15b7e7115f699a73/merged","UpperDir":"/var/lib/docker/overlay2/5529564f52cf969e31e7a1482c27be7ffed19639b506ae2e15b7e7115f699a73/diff","WorkDir":"/var/lib/docker/overlay2/5529564f52cf969e31e7a1482c27be7ffed19639b506ae2e15b7e7115f699a73/work"},"Name":"overlay2"},"Mounts":[{"Type":"volume","Name":"fd1f613c7fe3ca3ae799982507ac3f565cc9f6a2dc99ceaed92389e2c43f47d1","Source":"/var/lib/docker/volumes/fd1f613c7fe3ca3ae799982507ac3f565cc9f6a2dc99ceaed92389e2c43f47d1/_data","Destination":"/var/lib/mysql","Driver":"local","Mode":"","RW":true,"Propagation":""}],"Config":{"Hostname":"9691e3189171","Domainname":"","User":"","AttachStdin":false,"AttachStdout":false,"AttachStderr":false,"ExposedPorts":{"3306/tcp":{},"33060/tcp":{}},"Tty":false,"OpenStdin":false,"StdinOnce":false,"Env":["MYSQL_DATABASE=test","MYSQL_PASSWORD=admin","MYSQL_USER=admin","MYSQL_ROOT_PASSWORD=admin","PATH=/usr/local/sbin:/usr/local/bin:/usr/sbin:/usr/bin:/sbin:/bin","GOSU_VERSION=1.14","MYSQL_MAJOR=8.0","MYSQL_VERSION=8.0.29-1debian10"],"Cmd":["mysqld"],"Image":"mysql:8.0","Volumes":{"/var/lib/mysql":{}},"WorkingDir":"","Entrypoint":["docker-entrypoint.sh"],"OnBuild":null,"Labels":{"org.testcontainers":"true","org.testcontainers.sessionId":"d48265e4-2b28-4f8c-aa67-76dd8289af84"}},"NetworkSettings":{"Bridge":"","SandboxID":"d9de8570fe3f0a4e9f3a1ff7101c963bbd2c6a0a9d8a867b96f17f4d5edca537","HairpinMode":false,"LinkLocalIPv6Address":"","LinkLocalIPv6PrefixLen":0,"Ports":{"3306/tcp":[{"HostIp":"0.0.0.0","HostPort":"49160"},{"HostIp":"::","HostPort":"49160"}],"33060/tcp":null},"SandboxKey":"/var/run/docker/netns/d9de8570fe3f","SecondaryIPAddresses":null,"SecondaryIPv6Addresses":null,"EndpointID":"93e8fe159f683a98670e8995677c2b130dbce857fc116679206e206bda319cbf","Gateway":"172.17.0.1","GlobalIPv6Address":"","GlobalIPv6PrefixLen":0,"IPAddress":"172.17.0.3","IPPrefixLen":16,"IPv6Gateway":"","MacAddress":"02:42:ac:11:00:03","Networks":{"bridge":{"IPAMConfig":null,"Links":null,"Aliases":null,"NetworkID":"1853cd2b9856825cc97ed9ef2b12efa82d95bf9cf60ad666c276eb35cc53539e","EndpointID":"93e8fe159f683a98670e8995677c2b130dbce857fc116679206e206bda319cbf","Gateway":"172.17.0.1","IPAddress":"172.17.0.3","IPPrefixLen":16,"IPv6Gateway":"","GlobalIPv6Address":"","GlobalIPv6PrefixLen":0,"MacAddress":"02:42:ac:11:00:03","DriverOpts":null}}}}[\n]"
03:32:56.446 [main] DEBUG com.github.dockerjava.zerodep.shaded.org.apache.hc.client5.http.wire - http-outgoing-2 << "[\r][\n]"
03:32:56.446 [main] DEBUG com.github.dockerjava.zerodep.shaded.org.apache.hc.client5.http.wire - http-outgoing-2 << "0[\r][\n]"
03:32:56.446 [main] DEBUG com.github.dockerjava.zerodep.shaded.org.apache.hc.client5.http.wire - http-outgoing-2 << "[\r][\n]"
03:32:56.446 [main] DEBUG com.github.dockerjava.zerodep.shaded.org.apache.hc.client5.http.headers - http-outgoing-2 << HTTP/1.1 200 OK
03:32:56.446 [main] DEBUG com.github.dockerjava.zerodep.shaded.org.apache.hc.client5.http.headers - http-outgoing-2 << Api-Version: 1.41
03:32:56.446 [main] DEBUG com.github.dockerjava.zerodep.shaded.org.apache.hc.client5.http.headers - http-outgoing-2 << Content-Type: application/json
03:32:56.446 [main] DEBUG com.github.dockerjava.zerodep.shaded.org.apache.hc.client5.http.headers - http-outgoing-2 << Docker-Experimental: false
03:32:56.446 [main] DEBUG com.github.dockerjava.zerodep.shaded.org.apache.hc.client5.http.headers - http-outgoing-2 << Ostype: linux
03:32:56.446 [main] DEBUG com.github.dockerjava.zerodep.shaded.org.apache.hc.client5.http.headers - http-outgoing-2 << Server: Docker/20.10.12 (linux)
03:32:56.446 [main] DEBUG com.github.dockerjava.zerodep.shaded.org.apache.hc.client5.http.headers - http-outgoing-2 << Date: Thu, 23 Jun 2022 02:32:56 GMT
03:32:56.446 [main] DEBUG com.github.dockerjava.zerodep.shaded.org.apache.hc.client5.http.headers - http-outgoing-2 << Transfer-Encoding: chunked
03:32:56.446 [main] DEBUG com.github.dockerjava.zerodep.shaded.org.apache.hc.client5.http.impl.classic.MainClientExec - ex-0000005C: connection can be kept alive for 3 MINUTES
03:32:56.447 [main] DEBUG com.github.dockerjava.zerodep.shaded.org.apache.hc.client5.http.impl.classic.InternalHttpClient - ep-0000005B: releasing valid endpoint
03:32:56.447 [main] DEBUG com.github.dockerjava.zerodep.shaded.org.apache.hc.client5.http.impl.io.PoolingHttpClientConnectionManager - ep-0000005B: releasing endpoint
03:32:56.447 [main] DEBUG com.github.dockerjava.zerodep.shaded.org.apache.hc.client5.http.impl.io.PoolingHttpClientConnectionManager - ep-0000005B: connection http-outgoing-2 can be kept alive for 3 MINUTES
03:32:56.447 [main] DEBUG com.github.dockerjava.zerodep.shaded.org.apache.hc.client5.http.impl.io.PoolingHttpClientConnectionManager - ep-0000005B: connection released [route: {}->unix://localhost:2375][total available: 1; route allocated: 1 of 2147483647; total allocated: 1 of 2147483647]
03:32:56.447 [main] DEBUG 🐳 [mysql:8.0] - Trying to create JDBC connection using com.mysql.cj.jdbc.Driver to jdbc:mysql://localhost:49160/test?useSSL=false&allowPublicKeyRetrieval=true with properties: {password=admin, user=admin}
03:32:56.549 [main] DEBUG org.testcontainers.shaded.com.github.dockerjava.core.command.AbstrDockerCmd - Cmd: 9691e31891711283f4d98263d11bc6156717d3e75a0b86a23f3b128a992c1f38,false
03:32:56.549 [main] DEBUG org.testcontainers.shaded.com.github.dockerjava.core.exec.InspectContainerCmdExec - GET: DefaultWebTarget{path=[/containers/9691e31891711283f4d98263d11bc6156717d3e75a0b86a23f3b128a992c1f38/json], queryParams={}}
03:32:56.549 [main] DEBUG com.github.dockerjava.zerodep.shaded.org.apache.hc.client5.http.impl.classic.InternalHttpClient - ex-0000005D: preparing request execution
03:32:56.549 [main] DEBUG com.github.dockerjava.zerodep.shaded.org.apache.hc.client5.http.protocol.RequestAddCookies - Cookie spec selected: strict
03:32:56.549 [main] DEBUG com.github.dockerjava.zerodep.shaded.org.apache.hc.client5.http.protocol.RequestAuthCache - Auth cache not set in the context
03:32:56.549 [main] DEBUG com.github.dockerjava.zerodep.shaded.org.apache.hc.client5.http.impl.classic.ProtocolExec - ex-0000005D: target auth state: UNCHALLENGED
03:32:56.549 [main] DEBUG com.github.dockerjava.zerodep.shaded.org.apache.hc.client5.http.impl.classic.ProtocolExec - ex-0000005D: proxy auth state: UNCHALLENGED
03:32:56.549 [main] DEBUG com.github.dockerjava.zerodep.shaded.org.apache.hc.client5.http.impl.classic.ConnectExec - ex-0000005D: acquiring connection with route {}->unix://localhost:2375
03:32:56.549 [main] DEBUG com.github.dockerjava.zerodep.shaded.org.apache.hc.client5.http.impl.classic.InternalHttpClient - ex-0000005D: acquiring endpoint (3 MINUTES)
03:32:56.549 [main] DEBUG com.github.dockerjava.zerodep.shaded.org.apache.hc.client5.http.impl.io.PoolingHttpClientConnectionManager - ex-0000005D: endpoint lease request (3 MINUTES) [route: {}->unix://localhost:2375][total available: 1; route allocated: 1 of 2147483647; total allocated: 1 of 2147483647]
03:32:56.549 [main] DEBUG com.github.dockerjava.zerodep.shaded.org.apache.hc.client5.http.impl.io.PoolingHttpClientConnectionManager - ex-0000005D: endpoint leased [route: {}->unix://localhost:2375][total available: 0; route allocated: 1 of 2147483647; total allocated: 1 of 2147483647]
03:32:56.550 [main] DEBUG com.github.dockerjava.zerodep.shaded.org.apache.hc.client5.http.impl.io.PoolingHttpClientConnectionManager - ex-0000005D: acquired ep-0000005C
03:32:56.550 [main] DEBUG com.github.dockerjava.zerodep.shaded.org.apache.hc.client5.http.impl.classic.InternalHttpClient - ex-0000005D: acquired endpoint ep-0000005C
03:32:56.550 [main] DEBUG com.github.dockerjava.zerodep.shaded.org.apache.hc.client5.http.impl.classic.MainClientExec - ex-0000005D: executing GET /v1.32/containers/9691e31891711283f4d98263d11bc6156717d3e75a0b86a23f3b128a992c1f38/json HTTP/1.1
03:32:56.550 [main] DEBUG com.github.dockerjava.zerodep.shaded.org.apache.hc.client5.http.impl.classic.InternalHttpClient - ep-0000005C: start execution ex-0000005D
03:32:56.550 [main] DEBUG com.github.dockerjava.zerodep.shaded.org.apache.hc.client5.http.impl.io.PoolingHttpClientConnectionManager - ep-0000005C: executing exchange ex-0000005D over http-outgoing-2
03:32:56.550 [main] DEBUG com.github.dockerjava.zerodep.shaded.org.apache.hc.client5.http.headers - http-outgoing-2 >> GET /v1.32/containers/9691e31891711283f4d98263d11bc6156717d3e75a0b86a23f3b128a992c1f38/json HTTP/1.1
03:32:56.550 [main] DEBUG com.github.dockerjava.zerodep.shaded.org.apache.hc.client5.http.headers - http-outgoing-2 >> accept: application/json
03:32:56.550 [main] DEBUG com.github.dockerjava.zerodep.shaded.org.apache.hc.client5.http.headers - http-outgoing-2 >> Accept-Encoding: gzip, x-gzip, deflate
03:32:56.550 [main] DEBUG com.github.dockerjava.zerodep.shaded.org.apache.hc.client5.http.headers - http-outgoing-2 >> Host: localhost:2375
03:32:56.550 [main] DEBUG com.github.dockerjava.zerodep.shaded.org.apache.hc.client5.http.headers - http-outgoing-2 >> Connection: keep-alive
03:32:56.550 [main] DEBUG com.github.dockerjava.zerodep.shaded.org.apache.hc.client5.http.headers - http-outgoing-2 >> User-Agent: Apache-HttpClient/5.0.3 (Java/11.0.15)
03:32:56.550 [main] DEBUG com.github.dockerjava.zerodep.shaded.org.apache.hc.client5.http.wire - http-outgoing-2 >> "GET /v1.32/containers/9691e31891711283f4d98263d11bc6156717d3e75a0b86a23f3b128a992c1f38/json HTTP/1.1[\r][\n]"
03:32:56.550 [main] DEBUG com.github.dockerjava.zerodep.shaded.org.apache.hc.client5.http.wire - http-outgoing-2 >> "accept: application/json[\r][\n]"
03:32:56.550 [main] DEBUG com.github.dockerjava.zerodep.shaded.org.apache.hc.client5.http.wire - http-outgoing-2 >> "Accept-Encoding: gzip, x-gzip, deflate[\r][\n]"
03:32:56.550 [main] DEBUG com.github.dockerjava.zerodep.shaded.org.apache.hc.client5.http.wire - http-outgoing-2 >> "Host: localhost:2375[\r][\n]"
03:32:56.550 [main] DEBUG com.github.dockerjava.zerodep.shaded.org.apache.hc.client5.http.wire - http-outgoing-2 >> "Connection: keep-alive[\r][\n]"
03:32:56.550 [main] DEBUG com.github.dockerjava.zerodep.shaded.org.apache.hc.client5.http.wire - http-outgoing-2 >> "User-Agent: Apache-HttpClient/5.0.3 (Java/11.0.15)[\r][\n]"
03:32:56.550 [main] DEBUG com.github.dockerjava.zerodep.shaded.org.apache.hc.client5.http.wire - http-outgoing-2 >> "[\r][\n]"
03:32:56.550 [main] DEBUG com.github.dockerjava.zerodep.shaded.org.apache.hc.client5.http.wire - http-outgoing-2 << "HTTP/1.1 200 OK[\r][\n]"
03:32:56.550 [main] DEBUG com.github.dockerjava.zerodep.shaded.org.apache.hc.client5.http.wire - http-outgoing-2 << "Api-Version: 1.41[\r][\n]"
03:32:56.550 [main] DEBUG com.github.dockerjava.zerodep.shaded.org.apache.hc.client5.http.wire - http-outgoing-2 << "Content-Type: application/json[\r][\n]"
03:32:56.550 [main] DEBUG com.github.dockerjava.zerodep.shaded.org.apache.hc.client5.http.wire - http-outgoing-2 << "Docker-Experimental: false[\r][\n]"
03:32:56.550 [main] DEBUG com.github.dockerjava.zerodep.shaded.org.apache.hc.client5.http.wire - http-outgoing-2 << "Ostype: linux[\r][\n]"
03:32:56.550 [main] DEBUG com.github.dockerjava.zerodep.shaded.org.apache.hc.client5.http.wire - http-outgoing-2 << "Server: Docker/20.10.12 (linux)[\r][\n]"
03:32:56.550 [main] DEBUG com.github.dockerjava.zerodep.shaded.org.apache.hc.client5.http.wire - http-outgoing-2 << "Date: Thu, 23 Jun 2022 02:32:56 GMT[\r][\n]"
03:32:56.551 [main] DEBUG com.github.dockerjava.zerodep.shaded.org.apache.hc.client5.http.wire - http-outgoing-2 << "Transfer-Encoding: chunked[\r][\n]"
03:32:56.551 [main] DEBUG com.github.dockerjava.zerodep.shaded.org.apache.hc.client5.http.wire - http-outgoing-2 << "[\r][\n]"
03:32:56.551 [main] DEBUG com.github.dockerjava.zerodep.shaded.org.apache.hc.client5.http.wire - http-outgoing-2 << "18ed[\r][\n]"
03:32:56.551 [main] DEBUG com.github.dockerjava.zerodep.shaded.org.apache.hc.client5.http.wire - http-outgoing-2 << "{"Id":"9691e31891711283f4d98263d11bc6156717d3e75a0b86a23f3b128a992c1f38","Created":"2022-06-23T02:32:47.03956921Z","Path":"docker-entrypoint.sh","Args":["mysqld"],"State":{"Status":"running","Running":true,"Paused":false,"Restarting":false,"OOMKilled":false,"Dead":false,"Pid":66188,"ExitCode":0,"Error":"","StartedAt":"2022-06-23T02:32:47.703880551Z","FinishedAt":"0001-01-01T00:00:00Z"},"Image":"sha256:65b636d5542b73254ce90cc4b895597dc1adc2c661ca553c38eda159979dded1","ResolvConfPath":"/var/lib/docker/containers/9691e31891711283f4d98263d11bc6156717d3e75a0b86a23f3b128a992c1f38/resolv.conf","HostnamePath":"/var/lib/docker/containers/9691e31891711283f4d98263d11bc6156717d3e75a0b86a23f3b128a992c1f38/hostname","HostsPath":"/var/lib/docker/containers/9691e31891711283f4d98263d11bc6156717d3e75a0b86a23f3b128a992c1f38/hosts","LogPath":"/var/lib/docker/containers/9691e31891711283f4d98263d11bc6156717d3e75a0b86a23f3b128a992c1f38/9691e31891711283f4d98263d11bc6156717d3e75a0b86a23f3b128a992c1f38-json.log","Name":"/xenodochial_satoshi","RestartCount":0,"Driver":"overlay2","Platform":"linux","MountLabel":"","ProcessLabel":"","AppArmorProfile":"docker-default","ExecIDs":null,"HostConfig":{"Binds":[],"ContainerIDFile":"","LogConfig":{"Type":"json-file","Config":{}},"NetworkMode":"default","PortBindings":{"3306/tcp":[{"HostIp":"","HostPort":""}]},"RestartPolicy":{"Name":"","MaximumRetryCount":0},"AutoRemove":false,"VolumeDriver":"","VolumesFrom":[],"CapAdd":null,"CapDrop":null,"CgroupnsMode":"host","Dns":null,"DnsOptions":null,"DnsSearch":null,"ExtraHosts":[],"GroupAdd":null,"IpcMode":"shareable","Cgroup":"","Links":null,"OomScoreAdj":0,"PidMode":"","Privileged":false,"PublishAllPorts":false,"ReadonlyRootfs":false,"SecurityOpt":null,"UTSMode":"","UsernsMode":"","ShmSize":67108864,"Runtime":"runc","ConsoleSize":[0,0],"Isolation":"","CpuShares":0,"Memory":0,"NanoCpus":0,"CgroupParent":"","BlkioWeight":0,"BlkioWeightDevice":null,"BlkioDeviceReadBps":null,"BlkioDeviceWriteBps":null,"BlkioDeviceReadIOps":null,"BlkioDeviceWriteIOps":null,"CpuPeriod":0,"CpuQuota":0,"CpuRealtimePeriod":0,"CpuRealtimeRuntime":0,"CpusetCpus":"","CpusetMems":"","Devices":null,"DeviceCgroupRules":null,"DeviceRequests":null,"KernelMemory":0,"KernelMemoryTCP":0,"MemoryReservation":0,"MemorySwap":0,"MemorySwappiness":null,"OomKillDisable":false,"PidsLimit":null,"Ulimits":null,"CpuCount":0,"CpuPercent":0,"IOMaximumIOps":0,"IOMaximumBandwidth":0,"MaskedPaths":["/proc/asound","/proc/acpi","/proc/kcore","/proc/keys","/proc/latency_stats","/proc/timer_list","/proc/timer_stats","/proc/sched_debug","/proc/scsi","/sys/firmware"],"ReadonlyPaths":["/proc/bus","/proc/fs","/proc/irq","/proc/sys","/proc/sysrq-trigger"]},"GraphDriver":{"Data":{"LowerDir":"/var/lib/docker/overlay2/5529564f52cf969e31e7a1482c27be7ffed19639b506ae2e15b7e7115f699a73-init/diff:/var/lib/docker/overlay2/833a665819b5d9728d3efa7c33135034345a24f83af53b1a1af33d9b64f5492a/diff:/var/lib/docker/overlay2/bd4a2a46c227c2f15475b08c398f37acaab93f4fdba31de015d730efae0a0cfc/diff:/var/lib/docker/overlay2/31ad437d7cba8e64428a2b62db1bbb2a2ec19ca4e439ec493ef4deb50dce2783/diff:/var/lib/docker/overlay2/35173cbd8ec5b88a8888e9abbe75f8694f5d3f96a9b781bb70dc1f0889685741/diff:/var/lib/docker/overlay2/24bf69ac4e8c81062fee44e7c9f746fffbb139c3f7f4b55b4fd1b23bb101b529/diff:/var/lib/docker/overlay2/2f27c96a7775dad186b6f0da325d5a251c80aa1b7f80cf8520f493c5154aee70/diff:/var/lib/docker/overlay2/463a60088c72ddbea82639ded15801e35a79c443f6a26bf1baf320c683cb06af/diff:/var/lib/docker/overlay2/80b8224b23a2ee4b5be635c58ae579fd1913aa95558cd66ab2f5e8430f00a5b8/diff:/var/lib/docker/overlay2/20451fa0b1a07b85d665bc3a0359d721ce4e4c28fa3bce7456ab25e0babae708/diff:/var/lib/docker/overlay2/f80d865cbc6c1c6f57d0963fa6234e7a6409e079eb17f4f13ca41d02731701ad/diff:/var/lib/docker/overlay2/5a3029e0b57c6ec9b985871ff6adf08356aaa0f2a15f1e34c1a7f116ecc4a61d/diff:/var/lib/docker/overlay2/4f3423103248d0b381a1bc6a7287e2b42313ff458cea602a02b7379014b03e0e/diff","MergedDir":"/var/lib/docker/overlay2/5529564f52cf969e31e7a1482c27be7ffed19639b506ae2e15b7e7115f699a73/merged","UpperDir":"/var/lib/docker/overlay2/5529564f52cf969e31e7a1482c27be7ffed19639b506ae2e15b7e7115f699a73/diff","WorkDir":"/var/lib/docker/overlay2/5529564f52cf969e31e7a1482c27be7ffed19639b506ae2e15b7e7115f699a73/work"},"Name":"overlay2"},"Mounts":[{"Type":"volume","Name":"fd1f613c7fe3ca3ae799982507ac3f565cc9f6a2dc99ceaed92389e2c43f47d1","Source":"/var/lib/docker/volumes/fd1f613c7fe3ca3ae799982507ac3f565cc9f6a2dc99ceaed92389e2c43f47d1/_data","Destination":"/var/lib/mysql","Driver":"local","Mode":"","RW":true,"Propagation":""}],"Config":{"Hostname":"9691e3189171","Domainname":"","User":"","AttachStdin":false,"AttachStdout":false,"AttachStderr":false,"ExposedPorts":{"3306/tcp":{},"33060/tcp":{}},"Tty":false,"OpenStdin":false,"StdinOnce":false,"Env":["MYSQL_DATABASE=test","MYSQL_PASSWORD=admin","MYSQL_USER=admin","MYSQL_ROOT_PASSWORD=admin","PATH=/usr/local/sbin:/usr/local/bin:/usr/sbin:/usr/bin:/sbin:/bin","GOSU_VERSION=1.14","MYSQL_MAJOR=8.0","MYSQL_VERSION=8.0.29-1debian10"],"Cmd":["mysqld"],"Image":"mysql:8.0","Volumes":{"/var/lib/mysql":{}},"WorkingDir":"","Entrypoint":["docker-entrypoint.sh"],"OnBuild":null,"Labels":{"org.testcontainers":"true","org.testcontainers.sessionId":"d48265e4-2b28-4f8c-aa67-76dd8289af84"}},"NetworkSettings":{"Bridge":"","SandboxID":"d9de8570fe3f0a4e9f3a1ff7101c963bbd2c6a0a9d8a867b96f17f4d5edca537","HairpinMode":false,"LinkLocalIPv6Address":"","LinkLocalIPv6PrefixLen":0,"Ports":{"3306/tcp":[{"HostIp":"0.0.0.0","HostPort":"49160"},{"HostIp":"::","HostPort":"49160"}],"33060/tcp":null},"SandboxKey":"/var/run/docker/netns/d9de8570fe3f","SecondaryIPAddresses":null,"SecondaryIPv6Addresses":null,"EndpointID":"93e8fe159f683a98670e8995677c2b130dbce857fc116679206e206bda319cbf","Gateway":"172.17.0.1","GlobalIPv6Address":"","GlobalIPv6PrefixLen":0,"IPAddress":"172.17.0.3","IPPrefixLen":16,"IPv6Gateway":"","MacAddress":"02:42:ac:11:00:03","Networks":{"bridge":{"IPAMConfig":null,"Links":null,"Aliases":null,"NetworkID":"1853cd2b9856825cc97ed9ef2b12efa82d95bf9cf60ad666c276eb35cc53539e","EndpointID":"93e8fe159f683a98670e8995677c2b130dbce857fc116679206e206bda319cbf","Gateway":"172.17.0.1","IPAddress":"172.17.0.3","IPPrefixLen":16,"IPv6Gateway":"","GlobalIPv6Address":"","GlobalIPv6PrefixLen":0,"MacAddress":"02:42:ac:11:00:03","DriverOpts":null}}}}[\n]"
03:32:56.551 [main] DEBUG com.github.dockerjava.zerodep.shaded.org.apache.hc.client5.http.wire - http-outgoing-2 << "[\r][\n]"
03:32:56.551 [main] DEBUG com.github.dockerjava.zerodep.shaded.org.apache.hc.client5.http.wire - http-outgoing-2 << "0[\r][\n]"
03:32:56.551 [main] DEBUG com.github.dockerjava.zerodep.shaded.org.apache.hc.client5.http.wire - http-outgoing-2 << "[\r][\n]"
03:32:56.551 [main] DEBUG com.github.dockerjava.zerodep.shaded.org.apache.hc.client5.http.headers - http-outgoing-2 << HTTP/1.1 200 OK
03:32:56.551 [main] DEBUG com.github.dockerjava.zerodep.shaded.org.apache.hc.client5.http.headers - http-outgoing-2 << Api-Version: 1.41
03:32:56.551 [main] DEBUG com.github.dockerjava.zerodep.shaded.org.apache.hc.client5.http.headers - http-outgoing-2 << Content-Type: application/json
03:32:56.551 [main] DEBUG com.github.dockerjava.zerodep.shaded.org.apache.hc.client5.http.headers - http-outgoing-2 << Docker-Experimental: false
03:32:56.551 [main] DEBUG com.github.dockerjava.zerodep.shaded.org.apache.hc.client5.http.headers - http-outgoing-2 << Ostype: linux
03:32:56.551 [main] DEBUG com.github.dockerjava.zerodep.shaded.org.apache.hc.client5.http.headers - http-outgoing-2 << Server: Docker/20.10.12 (linux)
03:32:56.551 [main] DEBUG com.github.dockerjava.zerodep.shaded.org.apache.hc.client5.http.headers - http-outgoing-2 << Date: Thu, 23 Jun 2022 02:32:56 GMT
03:32:56.551 [main] DEBUG com.github.dockerjava.zerodep.shaded.org.apache.hc.client5.http.headers - http-outgoing-2 << Transfer-Encoding: chunked
03:32:56.552 [main] DEBUG com.github.dockerjava.zerodep.shaded.org.apache.hc.client5.http.impl.classic.MainClientExec - ex-0000005D: connection can be kept alive for 3 MINUTES
03:32:56.552 [main] DEBUG com.github.dockerjava.zerodep.shaded.org.apache.hc.client5.http.impl.classic.InternalHttpClient - ep-0000005C: releasing valid endpoint
03:32:56.552 [main] DEBUG com.github.dockerjava.zerodep.shaded.org.apache.hc.client5.http.impl.io.PoolingHttpClientConnectionManager - ep-0000005C: releasing endpoint
03:32:56.553 [main] DEBUG com.github.dockerjava.zerodep.shaded.org.apache.hc.client5.http.impl.io.PoolingHttpClientConnectionManager - ep-0000005C: connection http-outgoing-2 can be kept alive for 3 MINUTES
03:32:56.553 [main] DEBUG com.github.dockerjava.zerodep.shaded.org.apache.hc.client5.http.impl.io.PoolingHttpClientConnectionManager - ep-0000005C: connection released [route: {}->unix://localhost:2375][total available: 1; route allocated: 1 of 2147483647; total allocated: 1 of 2147483647]
03:32:56.553 [main] DEBUG 🐳 [mysql:8.0] - Trying to create JDBC connection using com.mysql.cj.jdbc.Driver to jdbc:mysql://localhost:49160/test?useSSL=false&allowPublicKeyRetrieval=true with properties: {password=admin, user=admin}
03:32:56.654 [main] DEBUG org.testcontainers.shaded.com.github.dockerjava.core.command.AbstrDockerCmd - Cmd: 9691e31891711283f4d98263d11bc6156717d3e75a0b86a23f3b128a992c1f38,false
03:32:56.655 [main] DEBUG org.testcontainers.shaded.com.github.dockerjava.core.exec.InspectContainerCmdExec - GET: DefaultWebTarget{path=[/containers/9691e31891711283f4d98263d11bc6156717d3e75a0b86a23f3b128a992c1f38/json], queryParams={}}
03:32:56.655 [main] DEBUG com.github.dockerjava.zerodep.shaded.org.apache.hc.client5.http.impl.classic.InternalHttpClient - ex-0000005E: preparing request execution
03:32:56.655 [main] DEBUG com.github.dockerjava.zerodep.shaded.org.apache.hc.client5.http.protocol.RequestAddCookies - Cookie spec selected: strict
03:32:56.655 [main] DEBUG com.github.dockerjava.zerodep.shaded.org.apache.hc.client5.http.protocol.RequestAuthCache - Auth cache not set in the context
03:32:56.655 [main] DEBUG com.github.dockerjava.zerodep.shaded.org.apache.hc.client5.http.impl.classic.ProtocolExec - ex-0000005E: target auth state: UNCHALLENGED
03:32:56.655 [main] DEBUG com.github.dockerjava.zerodep.shaded.org.apache.hc.client5.http.impl.classic.ProtocolExec - ex-0000005E: proxy auth state: UNCHALLENGED
03:32:56.655 [main] DEBUG com.github.dockerjava.zerodep.shaded.org.apache.hc.client5.http.impl.classic.ConnectExec - ex-0000005E: acquiring connection with route {}->unix://localhost:2375
03:32:56.655 [main] DEBUG com.github.dockerjava.zerodep.shaded.org.apache.hc.client5.http.impl.classic.InternalHttpClient - ex-0000005E: acquiring endpoint (3 MINUTES)
03:32:56.656 [main] DEBUG com.github.dockerjava.zerodep.shaded.org.apache.hc.client5.http.impl.io.PoolingHttpClientConnectionManager - ex-0000005E: endpoint lease request (3 MINUTES) [route: {}->unix://localhost:2375][total available: 1; route allocated: 1 of 2147483647; total allocated: 1 of 2147483647]
03:32:56.656 [main] DEBUG com.github.dockerjava.zerodep.shaded.org.apache.hc.client5.http.impl.io.PoolingHttpClientConnectionManager - ex-0000005E: endpoint leased [route: {}->unix://localhost:2375][total available: 0; route allocated: 1 of 2147483647; total allocated: 1 of 2147483647]
03:32:56.657 [main] DEBUG com.github.dockerjava.zerodep.shaded.org.apache.hc.client5.http.impl.io.PoolingHttpClientConnectionManager - ex-0000005E: acquired ep-0000005D
03:32:56.657 [main] DEBUG com.github.dockerjava.zerodep.shaded.org.apache.hc.client5.http.impl.classic.InternalHttpClient - ex-0000005E: acquired endpoint ep-0000005D
03:32:56.657 [main] DEBUG com.github.dockerjava.zerodep.shaded.org.apache.hc.client5.http.impl.classic.MainClientExec - ex-0000005E: executing GET /v1.32/containers/9691e31891711283f4d98263d11bc6156717d3e75a0b86a23f3b128a992c1f38/json HTTP/1.1
03:32:56.657 [main] DEBUG com.github.dockerjava.zerodep.shaded.org.apache.hc.client5.http.impl.classic.InternalHttpClient - ep-0000005D: start execution ex-0000005E
03:32:56.657 [main] DEBUG com.github.dockerjava.zerodep.shaded.org.apache.hc.client5.http.impl.io.PoolingHttpClientConnectionManager - ep-0000005D: executing exchange ex-0000005E over http-outgoing-2
03:32:56.657 [main] DEBUG com.github.dockerjava.zerodep.shaded.org.apache.hc.client5.http.headers - http-outgoing-2 >> GET /v1.32/containers/9691e31891711283f4d98263d11bc6156717d3e75a0b86a23f3b128a992c1f38/json HTTP/1.1
03:32:56.657 [main] DEBUG com.github.dockerjava.zerodep.shaded.org.apache.hc.client5.http.headers - http-outgoing-2 >> accept: application/json
03:32:56.657 [main] DEBUG com.github.dockerjava.zerodep.shaded.org.apache.hc.client5.http.headers - http-outgoing-2 >> Accept-Encoding: gzip, x-gzip, deflate
03:32:56.657 [main] DEBUG com.github.dockerjava.zerodep.shaded.org.apache.hc.client5.http.headers - http-outgoing-2 >> Host: localhost:2375
03:32:56.657 [main] DEBUG com.github.dockerjava.zerodep.shaded.org.apache.hc.client5.http.headers - http-outgoing-2 >> Connection: keep-alive
03:32:56.657 [main] DEBUG com.github.dockerjava.zerodep.shaded.org.apache.hc.client5.http.headers - http-outgoing-2 >> User-Agent: Apache-HttpClient/5.0.3 (Java/11.0.15)
03:32:56.657 [main] DEBUG com.github.dockerjava.zerodep.shaded.org.apache.hc.client5.http.wire - http-outgoing-2 >> "GET /v1.32/containers/9691e31891711283f4d98263d11bc6156717d3e75a0b86a23f3b128a992c1f38/json HTTP/1.1[\r][\n]"
03:32:56.657 [main] DEBUG com.github.dockerjava.zerodep.shaded.org.apache.hc.client5.http.wire - http-outgoing-2 >> "accept: application/json[\r][\n]"
03:32:56.657 [main] DEBUG com.github.dockerjava.zerodep.shaded.org.apache.hc.client5.http.wire - http-outgoing-2 >> "Accept-Encoding: gzip, x-gzip, deflate[\r][\n]"
03:32:56.657 [main] DEBUG com.github.dockerjava.zerodep.shaded.org.apache.hc.client5.http.wire - http-outgoing-2 >> "Host: localhost:2375[\r][\n]"
03:32:56.657 [main] DEBUG com.github.dockerjava.zerodep.shaded.org.apache.hc.client5.http.wire - http-outgoing-2 >> "Connection: keep-alive[\r][\n]"
03:32:56.657 [main] DEBUG com.github.dockerjava.zerodep.shaded.org.apache.hc.client5.http.wire - http-outgoing-2 >> "User-Agent: Apache-HttpClient/5.0.3 (Java/11.0.15)[\r][\n]"
03:32:56.657 [main] DEBUG com.github.dockerjava.zerodep.shaded.org.apache.hc.client5.http.wire - http-outgoing-2 >> "[\r][\n]"
03:32:56.659 [main] DEBUG com.github.dockerjava.zerodep.shaded.org.apache.hc.client5.http.wire - http-outgoing-2 << "HTTP/1.1 200 OK[\r][\n]"
03:32:56.659 [main] DEBUG com.github.dockerjava.zerodep.shaded.org.apache.hc.client5.http.wire - http-outgoing-2 << "Api-Version: 1.41[\r][\n]"
03:32:56.659 [main] DEBUG com.github.dockerjava.zerodep.shaded.org.apache.hc.client5.http.wire - http-outgoing-2 << "Content-Type: application/json[\r][\n]"
03:32:56.659 [main] DEBUG com.github.dockerjava.zerodep.shaded.org.apache.hc.client5.http.wire - http-outgoing-2 << "Docker-Experimental: false[\r][\n]"
03:32:56.659 [main] DEBUG com.github.dockerjava.zerodep.shaded.org.apache.hc.client5.http.wire - http-outgoing-2 << "Ostype: linux[\r][\n]"
03:32:56.659 [main] DEBUG com.github.dockerjava.zerodep.shaded.org.apache.hc.client5.http.wire - http-outgoing-2 << "Server: Docker/20.10.12 (linux)[\r][\n]"
03:32:56.659 [main] DEBUG com.github.dockerjava.zerodep.shaded.org.apache.hc.client5.http.wire - http-outgoing-2 << "Date: Thu, 23 Jun 2022 02:32:56 GMT[\r][\n]"
03:32:56.659 [main] DEBUG com.github.dockerjava.zerodep.shaded.org.apache.hc.client5.http.wire - http-outgoing-2 << "Transfer-Encoding: chunked[\r][\n]"
03:32:56.660 [main] DEBUG com.github.dockerjava.zerodep.shaded.org.apache.hc.client5.http.wire - http-outgoing-2 << "[\r][\n]"
03:32:56.660 [main] DEBUG com.github.dockerjava.zerodep.shaded.org.apache.hc.client5.http.wire - http-outgoing-2 << "18ed[\r][\n]"
03:32:56.660 [main] DEBUG com.github.dockerjava.zerodep.shaded.org.apache.hc.client5.http.wire - http-outgoing-2 << "{"Id":"9691e31891711283f4d98263d11bc6156717d3e75a0b86a23f3b128a992c1f38","Created":"2022-06-23T02:32:47.03956921Z","Path":"docker-entrypoint.sh","Args":["mysqld"],"State":{"Status":"running","Running":true,"Paused":false,"Restarting":false,"OOMKilled":false,"Dead":false,"Pid":66188,"ExitCode":0,"Error":"","StartedAt":"2022-06-23T02:32:47.703880551Z","FinishedAt":"0001-01-01T00:00:00Z"},"Image":"sha256:65b636d5542b73254ce90cc4b895597dc1adc2c661ca553c38eda159979dded1","ResolvConfPath":"/var/lib/docker/containers/9691e31891711283f4d98263d11bc6156717d3e75a0b86a23f3b128a992c1f38/resolv.conf","HostnamePath":"/var/lib/docker/containers/9691e31891711283f4d98263d11bc6156717d3e75a0b86a23f3b128a992c1f38/hostname","HostsPath":"/var/lib/docker/containers/9691e31891711283f4d98263d11bc6156717d3e75a0b86a23f3b128a992c1f38/hosts","LogPath":"/var/lib/docker/containers/9691e31891711283f4d98263d11bc6156717d3e75a0b86a23f3b128a992c1f38/9691e31891711283f4d98263d11bc6156717d3e75a0b86a23f3b128a992c1f38-json.log","Name":"/xenodochial_satoshi","RestartCount":0,"Driver":"overlay2","Platform":"linux","MountLabel":"","ProcessLabel":"","AppArmorProfile":"docker-default","ExecIDs":null,"HostConfig":{"Binds":[],"ContainerIDFile":"","LogConfig":{"Type":"json-file","Config":{}},"NetworkMode":"default","PortBindings":{"3306/tcp":[{"HostIp":"","HostPort":""}]},"RestartPolicy":{"Name":"","MaximumRetryCount":0},"AutoRemove":false,"VolumeDriver":"","VolumesFrom":[],"CapAdd":null,"CapDrop":null,"CgroupnsMode":"host","Dns":null,"DnsOptions":null,"DnsSearch":null,"ExtraHosts":[],"GroupAdd":null,"IpcMode":"shareable","Cgroup":"","Links":null,"OomScoreAdj":0,"PidMode":"","Privileged":false,"PublishAllPorts":false,"ReadonlyRootfs":false,"SecurityOpt":null,"UTSMode":"","UsernsMode":"","ShmSize":67108864,"Runtime":"runc","ConsoleSize":[0,0],"Isolation":"","CpuShares":0,"Memory":0,"NanoCpus":0,"CgroupParent":"","BlkioWeight":0,"BlkioWeightDevice":null,"BlkioDeviceReadBps":null,"BlkioDeviceWriteBps":null,"BlkioDeviceReadIOps":null,"BlkioDeviceWriteIOps":null,"CpuPeriod":0,"CpuQuota":0,"CpuRealtimePeriod":0,"CpuRealtimeRuntime":0,"CpusetCpus":"","CpusetMems":"","Devices":null,"DeviceCgroupRules":null,"DeviceRequests":null,"KernelMemory":0,"KernelMemoryTCP":0,"MemoryReservation":0,"MemorySwap":0,"MemorySwappiness":null,"OomKillDisable":false,"PidsLimit":null,"Ulimits":null,"CpuCount":0,"CpuPercent":0,"IOMaximumIOps":0,"IOMaximumBandwidth":0,"MaskedPaths":["/proc/asound","/proc/acpi","/proc/kcore","/proc/keys","/proc/latency_stats","/proc/timer_list","/proc/timer_stats","/proc/sched_debug","/proc/scsi","/sys/firmware"],"ReadonlyPaths":["/proc/bus","/proc/fs","/proc/irq","/proc/sys","/proc/sysrq-trigger"]},"GraphDriver":{"Data":{"LowerDir":"/var/lib/docker/overlay2/5529564f52cf969e31e7a1482c27be7ffed19639b506ae2e15b7e7115f699a73-init/diff:/var/lib/docker/overlay2/833a665819b5d9728d3efa7c33135034345a24f83af53b1a1af33d9b64f5492a/diff:/var/lib/docker/overlay2/bd4a2a46c227c2f15475b08c398f37acaab93f4fdba31de015d730efae0a0cfc/diff:/var/lib/docker/overlay2/31ad437d7cba8e64428a2b62db1bbb2a2ec19ca4e439ec493ef4deb50dce2783/diff:/var/lib/docker/overlay2/35173cbd8ec5b88a8888e9abbe75f8694f5d3f96a9b781bb70dc1f0889685741/diff:/var/lib/docker/overlay2/24bf69ac4e8c81062fee44e7c9f746fffbb139c3f7f4b55b4fd1b23bb101b529/diff:/var/lib/docker/overlay2/2f27c96a7775dad186b6f0da325d5a251c80aa1b7f80cf8520f493c5154aee70/diff:/var/lib/docker/overlay2/463a60088c72ddbea82639ded15801e35a79c443f6a26bf1baf320c683cb06af/diff:/var/lib/docker/overlay2/80b8224b23a2ee4b5be635c58ae579fd1913aa95558cd66ab2f5e8430f00a5b8/diff:/var/lib/docker/overlay2/20451fa0b1a07b85d665bc3a0359d721ce4e4c28fa3bce7456ab25e0babae708/diff:/var/lib/docker/overlay2/f80d865cbc6c1c6f57d0963fa6234e7a6409e079eb17f4f13ca41d02731701ad/diff:/var/lib/docker/overlay2/5a3029e0b57c6ec9b985871ff6adf08356aaa0f2a15f1e34c1a7f116ecc4a61d/diff:/var/lib/docker/overlay2/4f3423103248d0b381a1bc6a7287e2b42313ff458cea602a02b7379014b03e0e/diff","MergedDir":"/var/lib/docker/overlay2/5529564f52cf969e31e7a1482c27be7ffed19639b506ae2e15b7e7115f699a73/merged","UpperDir":"/var/lib/docker/overlay2/5529564f52cf969e31e7a1482c27be7ffed19639b506ae2e15b7e7115f699a73/diff","WorkDir":"/var/lib/docker/overlay2/5529564f52cf969e31e7a1482c27be7ffed19639b506ae2e15b7e7115f699a73/work"},"Name":"overlay2"},"Mounts":[{"Type":"volume","Name":"fd1f613c7fe3ca3ae799982507ac3f565cc9f6a2dc99ceaed92389e2c43f47d1","Source":"/var/lib/docker/volumes/fd1f613c7fe3ca3ae799982507ac3f565cc9f6a2dc99ceaed92389e2c43f47d1/_data","Destination":"/var/lib/mysql","Driver":"local","Mode":"","RW":true,"Propagation":""}],"Config":{"Hostname":"9691e3189171","Domainname":"","User":"","AttachStdin":false,"AttachStdout":false,"AttachStderr":false,"ExposedPorts":{"3306/tcp":{},"33060/tcp":{}},"Tty":false,"OpenStdin":false,"StdinOnce":false,"Env":["MYSQL_DATABASE=test","MYSQL_PASSWORD=admin","MYSQL_USER=admin","MYSQL_ROOT_PASSWORD=admin","PATH=/usr/local/sbin:/usr/local/bin:/usr/sbin:/usr/bin:/sbin:/bin","GOSU_VERSION=1.14","MYSQL_MAJOR=8.0","MYSQL_VERSION=8.0.29-1debian10"],"Cmd":["mysqld"],"Image":"mysql:8.0","Volumes":{"/var/lib/mysql":{}},"WorkingDir":"","Entrypoint":["docker-entrypoint.sh"],"OnBuild":null,"Labels":{"org.testcontainers":"true","org.testcontainers.sessionId":"d48265e4-2b28-4f8c-aa67-76dd8289af84"}},"NetworkSettings":{"Bridge":"","SandboxID":"d9de8570fe3f0a4e9f3a1ff7101c963bbd2c6a0a9d8a867b96f17f4d5edca537","HairpinMode":false,"LinkLocalIPv6Address":"","LinkLocalIPv6PrefixLen":0,"Ports":{"3306/tcp":[{"HostIp":"0.0.0.0","HostPort":"49160"},{"HostIp":"::","HostPort":"49160"}],"33060/tcp":null},"SandboxKey":"/var/run/docker/netns/d9de8570fe3f","SecondaryIPAddresses":null,"SecondaryIPv6Addresses":null,"EndpointID":"93e8fe159f683a98670e8995677c2b130dbce857fc116679206e206bda319cbf","Gateway":"172.17.0.1","GlobalIPv6Address":"","GlobalIPv6PrefixLen":0,"IPAddress":"172.17.0.3","IPPrefixLen":16,"IPv6Gateway":"","MacAddress":"02:42:ac:11:00:03","Networks":{"bridge":{"IPAMConfig":null,"Links":null,"Aliases":null,"NetworkID":"1853cd2b9856825cc97ed9ef2b12efa82d95bf9cf60ad666c276eb35cc53539e","EndpointID":"93e8fe159f683a98670e8995677c2b130dbce857fc116679206e206bda319cbf","Gateway":"172.17.0.1","IPAddress":"172.17.0.3","IPPrefixLen":16,"IPv6Gateway":"","GlobalIPv6Address":"","GlobalIPv6PrefixLen":0,"MacAddress":"02:42:ac:11:00:03","DriverOpts":null}}}}[\n]"
03:32:56.660 [main] DEBUG com.github.dockerjava.zerodep.shaded.org.apache.hc.client5.http.wire - http-outgoing-2 << "[\r][\n]"
03:32:56.660 [main] DEBUG com.github.dockerjava.zerodep.shaded.org.apache.hc.client5.http.wire - http-outgoing-2 << "0[\r][\n]"
03:32:56.660 [main] DEBUG com.github.dockerjava.zerodep.shaded.org.apache.hc.client5.http.wire - http-outgoing-2 << "[\r][\n]"
03:32:56.660 [main] DEBUG com.github.dockerjava.zerodep.shaded.org.apache.hc.client5.http.headers - http-outgoing-2 << HTTP/1.1 200 OK
03:32:56.660 [main] DEBUG com.github.dockerjava.zerodep.shaded.org.apache.hc.client5.http.headers - http-outgoing-2 << Api-Version: 1.41
03:32:56.660 [main] DEBUG com.github.dockerjava.zerodep.shaded.org.apache.hc.client5.http.headers - http-outgoing-2 << Content-Type: application/json
03:32:56.660 [main] DEBUG com.github.dockerjava.zerodep.shaded.org.apache.hc.client5.http.headers - http-outgoing-2 << Docker-Experimental: false
03:32:56.660 [main] DEBUG com.github.dockerjava.zerodep.shaded.org.apache.hc.client5.http.headers - http-outgoing-2 << Ostype: linux
03:32:56.660 [main] DEBUG com.github.dockerjava.zerodep.shaded.org.apache.hc.client5.http.headers - http-outgoing-2 << Server: Docker/20.10.12 (linux)
03:32:56.660 [main] DEBUG com.github.dockerjava.zerodep.shaded.org.apache.hc.client5.http.headers - http-outgoing-2 << Date: Thu, 23 Jun 2022 02:32:56 GMT
03:32:56.660 [main] DEBUG com.github.dockerjava.zerodep.shaded.org.apache.hc.client5.http.headers - http-outgoing-2 << Transfer-Encoding: chunked
03:32:56.660 [main] DEBUG com.github.dockerjava.zerodep.shaded.org.apache.hc.client5.http.impl.classic.MainClientExec - ex-0000005E: connection can be kept alive for 3 MINUTES
03:32:56.663 [main] DEBUG com.github.dockerjava.zerodep.shaded.org.apache.hc.client5.http.impl.classic.InternalHttpClient - ep-0000005D: releasing valid endpoint
03:32:56.663 [main] DEBUG com.github.dockerjava.zerodep.shaded.org.apache.hc.client5.http.impl.io.PoolingHttpClientConnectionManager - ep-0000005D: releasing endpoint
03:32:56.663 [main] DEBUG com.github.dockerjava.zerodep.shaded.org.apache.hc.client5.http.impl.io.PoolingHttpClientConnectionManager - ep-0000005D: connection http-outgoing-2 can be kept alive for 3 MINUTES
03:32:56.663 [main] DEBUG com.github.dockerjava.zerodep.shaded.org.apache.hc.client5.http.impl.io.PoolingHttpClientConnectionManager - ep-0000005D: connection released [route: {}->unix://localhost:2375][total available: 1; route allocated: 1 of 2147483647; total allocated: 1 of 2147483647]
03:32:56.663 [main] DEBUG 🐳 [mysql:8.0] - Trying to create JDBC connection using com.mysql.cj.jdbc.Driver to jdbc:mysql://localhost:49160/test?useSSL=false&allowPublicKeyRetrieval=true with properties: {password=admin, user=admin}
03:32:56.770 [main] DEBUG org.testcontainers.shaded.com.github.dockerjava.core.command.AbstrDockerCmd - Cmd: 9691e31891711283f4d98263d11bc6156717d3e75a0b86a23f3b128a992c1f38,false
03:32:56.770 [main] DEBUG org.testcontainers.shaded.com.github.dockerjava.core.exec.InspectContainerCmdExec - GET: DefaultWebTarget{path=[/containers/9691e31891711283f4d98263d11bc6156717d3e75a0b86a23f3b128a992c1f38/json], queryParams={}}
03:32:56.771 [main] DEBUG com.github.dockerjava.zerodep.shaded.org.apache.hc.client5.http.impl.classic.InternalHttpClient - ex-0000005F: preparing request execution
03:32:56.771 [main] DEBUG com.github.dockerjava.zerodep.shaded.org.apache.hc.client5.http.protocol.RequestAddCookies - Cookie spec selected: strict
03:32:56.771 [main] DEBUG com.github.dockerjava.zerodep.shaded.org.apache.hc.client5.http.protocol.RequestAuthCache - Auth cache not set in the context
03:32:56.771 [main] DEBUG com.github.dockerjava.zerodep.shaded.org.apache.hc.client5.http.impl.classic.ProtocolExec - ex-0000005F: target auth state: UNCHALLENGED
03:32:56.771 [main] DEBUG com.github.dockerjava.zerodep.shaded.org.apache.hc.client5.http.impl.classic.ProtocolExec - ex-0000005F: proxy auth state: UNCHALLENGED
03:32:56.771 [main] DEBUG com.github.dockerjava.zerodep.shaded.org.apache.hc.client5.http.impl.classic.ConnectExec - ex-0000005F: acquiring connection with route {}->unix://localhost:2375
03:32:56.771 [main] DEBUG com.github.dockerjava.zerodep.shaded.org.apache.hc.client5.http.impl.classic.InternalHttpClient - ex-0000005F: acquiring endpoint (3 MINUTES)
03:32:56.771 [main] DEBUG com.github.dockerjava.zerodep.shaded.org.apache.hc.client5.http.impl.io.PoolingHttpClientConnectionManager - ex-0000005F: endpoint lease request (3 MINUTES) [route: {}->unix://localhost:2375][total available: 1; route allocated: 1 of 2147483647; total allocated: 1 of 2147483647]
03:32:56.771 [main] DEBUG com.github.dockerjava.zerodep.shaded.org.apache.hc.client5.http.impl.io.PoolingHttpClientConnectionManager - ex-0000005F: endpoint leased [route: {}->unix://localhost:2375][total available: 0; route allocated: 1 of 2147483647; total allocated: 1 of 2147483647]
03:32:56.771 [main] DEBUG com.github.dockerjava.zerodep.shaded.org.apache.hc.client5.http.impl.io.PoolingHttpClientConnectionManager - ex-0000005F: acquired ep-0000005E
03:32:56.771 [main] DEBUG com.github.dockerjava.zerodep.shaded.org.apache.hc.client5.http.impl.classic.InternalHttpClient - ex-0000005F: acquired endpoint ep-0000005E
03:32:56.771 [main] DEBUG com.github.dockerjava.zerodep.shaded.org.apache.hc.client5.http.impl.classic.MainClientExec - ex-0000005F: executing GET /v1.32/containers/9691e31891711283f4d98263d11bc6156717d3e75a0b86a23f3b128a992c1f38/json HTTP/1.1
03:32:56.771 [main] DEBUG com.github.dockerjava.zerodep.shaded.org.apache.hc.client5.http.impl.classic.InternalHttpClient - ep-0000005E: start execution ex-0000005F
03:32:56.771 [main] DEBUG com.github.dockerjava.zerodep.shaded.org.apache.hc.client5.http.impl.io.PoolingHttpClientConnectionManager - ep-0000005E: executing exchange ex-0000005F over http-outgoing-2
03:32:56.771 [main] DEBUG com.github.dockerjava.zerodep.shaded.org.apache.hc.client5.http.headers - http-outgoing-2 >> GET /v1.32/containers/9691e31891711283f4d98263d11bc6156717d3e75a0b86a23f3b128a992c1f38/json HTTP/1.1
03:32:56.771 [main] DEBUG com.github.dockerjava.zerodep.shaded.org.apache.hc.client5.http.headers - http-outgoing-2 >> accept: application/json
03:32:56.771 [main] DEBUG com.github.dockerjava.zerodep.shaded.org.apache.hc.client5.http.headers - http-outgoing-2 >> Accept-Encoding: gzip, x-gzip, deflate
03:32:56.771 [main] DEBUG com.github.dockerjava.zerodep.shaded.org.apache.hc.client5.http.headers - http-outgoing-2 >> Host: localhost:2375
03:32:56.771 [main] DEBUG com.github.dockerjava.zerodep.shaded.org.apache.hc.client5.http.headers - http-outgoing-2 >> Connection: keep-alive
03:32:56.771 [main] DEBUG com.github.dockerjava.zerodep.shaded.org.apache.hc.client5.http.headers - http-outgoing-2 >> User-Agent: Apache-HttpClient/5.0.3 (Java/11.0.15)
03:32:56.771 [main] DEBUG com.github.dockerjava.zerodep.shaded.org.apache.hc.client5.http.wire - http-outgoing-2 >> "GET /v1.32/containers/9691e31891711283f4d98263d11bc6156717d3e75a0b86a23f3b128a992c1f38/json HTTP/1.1[\r][\n]"
03:32:56.771 [main] DEBUG com.github.dockerjava.zerodep.shaded.org.apache.hc.client5.http.wire - http-outgoing-2 >> "accept: application/json[\r][\n]"
03:32:56.771 [main] DEBUG com.github.dockerjava.zerodep.shaded.org.apache.hc.client5.http.wire - http-outgoing-2 >> "Accept-Encoding: gzip, x-gzip, deflate[\r][\n]"
03:32:56.771 [main] DEBUG com.github.dockerjava.zerodep.shaded.org.apache.hc.client5.http.wire - http-outgoing-2 >> "Host: localhost:2375[\r][\n]"
03:32:56.771 [main] DEBUG com.github.dockerjava.zerodep.shaded.org.apache.hc.client5.http.wire - http-outgoing-2 >> "Connection: keep-alive[\r][\n]"
03:32:56.771 [main] DEBUG com.github.dockerjava.zerodep.shaded.org.apache.hc.client5.http.wire - http-outgoing-2 >> "User-Agent: Apache-HttpClient/5.0.3 (Java/11.0.15)[\r][\n]"
03:32:56.771 [main] DEBUG com.github.dockerjava.zerodep.shaded.org.apache.hc.client5.http.wire - http-outgoing-2 >> "[\r][\n]"
03:32:56.772 [main] DEBUG com.github.dockerjava.zerodep.shaded.org.apache.hc.client5.http.wire - http-outgoing-2 << "HTTP/1.1 200 OK[\r][\n]"
03:32:56.772 [main] DEBUG com.github.dockerjava.zerodep.shaded.org.apache.hc.client5.http.wire - http-outgoing-2 << "Api-Version: 1.41[\r][\n]"
03:32:56.772 [main] DEBUG com.github.dockerjava.zerodep.shaded.org.apache.hc.client5.http.wire - http-outgoing-2 << "Content-Type: application/json[\r][\n]"
03:32:56.772 [main] DEBUG com.github.dockerjava.zerodep.shaded.org.apache.hc.client5.http.wire - http-outgoing-2 << "Docker-Experimental: false[\r][\n]"
03:32:56.772 [main] DEBUG com.github.dockerjava.zerodep.shaded.org.apache.hc.client5.http.wire - http-outgoing-2 << "Ostype: linux[\r][\n]"
03:32:56.772 [main] DEBUG com.github.dockerjava.zerodep.shaded.org.apache.hc.client5.http.wire - http-outgoing-2 << "Server: Docker/20.10.12 (linux)[\r][\n]"
03:32:56.772 [main] DEBUG com.github.dockerjava.zerodep.shaded.org.apache.hc.client5.http.wire - http-outgoing-2 << "Date: Thu, 23 Jun 2022 02:32:56 GMT[\r][\n]"
03:32:56.772 [main] DEBUG com.github.dockerjava.zerodep.shaded.org.apache.hc.client5.http.wire - http-outgoing-2 << "Transfer-Encoding: chunked[\r][\n]"
03:32:56.772 [main] DEBUG com.github.dockerjava.zerodep.shaded.org.apache.hc.client5.http.wire - http-outgoing-2 << "[\r][\n]"
03:32:56.772 [main] DEBUG com.github.dockerjava.zerodep.shaded.org.apache.hc.client5.http.wire - http-outgoing-2 << "18ed[\r][\n]"
03:32:56.773 [main] DEBUG com.github.dockerjava.zerodep.shaded.org.apache.hc.client5.http.wire - http-outgoing-2 << "{"Id":"9691e31891711283f4d98263d11bc6156717d3e75a0b86a23f3b128a992c1f38","Created":"2022-06-23T02:32:47.03956921Z","Path":"docker-entrypoint.sh","Args":["mysqld"],"State":{"Status":"running","Running":true,"Paused":false,"Restarting":false,"OOMKilled":false,"Dead":false,"Pid":66188,"ExitCode":0,"Error":"","StartedAt":"2022-06-23T02:32:47.703880551Z","FinishedAt":"0001-01-01T00:00:00Z"},"Image":"sha256:65b636d5542b73254ce90cc4b895597dc1adc2c661ca553c38eda159979dded1","ResolvConfPath":"/var/lib/docker/containers/9691e31891711283f4d98263d11bc6156717d3e75a0b86a23f3b128a992c1f38/resolv.conf","HostnamePath":"/var/lib/docker/containers/9691e31891711283f4d98263d11bc6156717d3e75a0b86a23f3b128a992c1f38/hostname","HostsPath":"/var/lib/docker/containers/9691e31891711283f4d98263d11bc6156717d3e75a0b86a23f3b128a992c1f38/hosts","LogPath":"/var/lib/docker/containers/9691e31891711283f4d98263d11bc6156717d3e75a0b86a23f3b128a992c1f38/9691e31891711283f4d98263d11bc6156717d3e75a0b86a23f3b128a992c1f38-json.log","Name":"/xenodochial_satoshi","RestartCount":0,"Driver":"overlay2","Platform":"linux","MountLabel":"","ProcessLabel":"","AppArmorProfile":"docker-default","ExecIDs":null,"HostConfig":{"Binds":[],"ContainerIDFile":"","LogConfig":{"Type":"json-file","Config":{}},"NetworkMode":"default","PortBindings":{"3306/tcp":[{"HostIp":"","HostPort":""}]},"RestartPolicy":{"Name":"","MaximumRetryCount":0},"AutoRemove":false,"VolumeDriver":"","VolumesFrom":[],"CapAdd":null,"CapDrop":null,"CgroupnsMode":"host","Dns":null,"DnsOptions":null,"DnsSearch":null,"ExtraHosts":[],"GroupAdd":null,"IpcMode":"shareable","Cgroup":"","Links":null,"OomScoreAdj":0,"PidMode":"","Privileged":false,"PublishAllPorts":false,"ReadonlyRootfs":false,"SecurityOpt":null,"UTSMode":"","UsernsMode":"","ShmSize":67108864,"Runtime":"runc","ConsoleSize":[0,0],"Isolation":"","CpuShares":0,"Memory":0,"NanoCpus":0,"CgroupParent":"","BlkioWeight":0,"BlkioWeightDevice":null,"BlkioDeviceReadBps":null,"BlkioDeviceWriteBps":null,"BlkioDeviceReadIOps":null,"BlkioDeviceWriteIOps":null,"CpuPeriod":0,"CpuQuota":0,"CpuRealtimePeriod":0,"CpuRealtimeRuntime":0,"CpusetCpus":"","CpusetMems":"","Devices":null,"DeviceCgroupRules":null,"DeviceRequests":null,"KernelMemory":0,"KernelMemoryTCP":0,"MemoryReservation":0,"MemorySwap":0,"MemorySwappiness":null,"OomKillDisable":false,"PidsLimit":null,"Ulimits":null,"CpuCount":0,"CpuPercent":0,"IOMaximumIOps":0,"IOMaximumBandwidth":0,"MaskedPaths":["/proc/asound","/proc/acpi","/proc/kcore","/proc/keys","/proc/latency_stats","/proc/timer_list","/proc/timer_stats","/proc/sched_debug","/proc/scsi","/sys/firmware"],"ReadonlyPaths":["/proc/bus","/proc/fs","/proc/irq","/proc/sys","/proc/sysrq-trigger"]},"GraphDriver":{"Data":{"LowerDir":"/var/lib/docker/overlay2/5529564f52cf969e31e7a1482c27be7ffed19639b506ae2e15b7e7115f699a73-init/diff:/var/lib/docker/overlay2/833a665819b5d9728d3efa7c33135034345a24f83af53b1a1af33d9b64f5492a/diff:/var/lib/docker/overlay2/bd4a2a46c227c2f15475b08c398f37acaab93f4fdba31de015d730efae0a0cfc/diff:/var/lib/docker/overlay2/31ad437d7cba8e64428a2b62db1bbb2a2ec19ca4e439ec493ef4deb50dce2783/diff:/var/lib/docker/overlay2/35173cbd8ec5b88a8888e9abbe75f8694f5d3f96a9b781bb70dc1f0889685741/diff:/var/lib/docker/overlay2/24bf69ac4e8c81062fee44e7c9f746fffbb139c3f7f4b55b4fd1b23bb101b529/diff:/var/lib/docker/overlay2/2f27c96a7775dad186b6f0da325d5a251c80aa1b7f80cf8520f493c5154aee70/diff:/var/lib/docker/overlay2/463a60088c72ddbea82639ded15801e35a79c443f6a26bf1baf320c683cb06af/diff:/var/lib/docker/overlay2/80b8224b23a2ee4b5be635c58ae579fd1913aa95558cd66ab2f5e8430f00a5b8/diff:/var/lib/docker/overlay2/20451fa0b1a07b85d665bc3a0359d721ce4e4c28fa3bce7456ab25e0babae708/diff:/var/lib/docker/overlay2/f80d865cbc6c1c6f57d0963fa6234e7a6409e079eb17f4f13ca41d02731701ad/diff:/var/lib/docker/overlay2/5a3029e0b57c6ec9b985871ff6adf08356aaa0f2a15f1e34c1a7f116ecc4a61d/diff:/var/lib/docker/overlay2/4f3423103248d0b381a1bc6a7287e2b42313ff458cea602a02b7379014b03e0e/diff","MergedDir":"/var/lib/docker/overlay2/5529564f52cf969e31e7a1482c27be7ffed19639b506ae2e15b7e7115f699a73/merged","UpperDir":"/var/lib/docker/overlay2/5529564f52cf969e31e7a1482c27be7ffed19639b506ae2e15b7e7115f699a73/diff","WorkDir":"/var/lib/docker/overlay2/5529564f52cf969e31e7a1482c27be7ffed19639b506ae2e15b7e7115f699a73/work"},"Name":"overlay2"},"Mounts":[{"Type":"volume","Name":"fd1f613c7fe3ca3ae799982507ac3f565cc9f6a2dc99ceaed92389e2c43f47d1","Source":"/var/lib/docker/volumes/fd1f613c7fe3ca3ae799982507ac3f565cc9f6a2dc99ceaed92389e2c43f47d1/_data","Destination":"/var/lib/mysql","Driver":"local","Mode":"","RW":true,"Propagation":""}],"Config":{"Hostname":"9691e3189171","Domainname":"","User":"","AttachStdin":false,"AttachStdout":false,"AttachStderr":false,"ExposedPorts":{"3306/tcp":{},"33060/tcp":{}},"Tty":false,"OpenStdin":false,"StdinOnce":false,"Env":["MYSQL_DATABASE=test","MYSQL_PASSWORD=admin","MYSQL_USER=admin","MYSQL_ROOT_PASSWORD=admin","PATH=/usr/local/sbin:/usr/local/bin:/usr/sbin:/usr/bin:/sbin:/bin","GOSU_VERSION=1.14","MYSQL_MAJOR=8.0","MYSQL_VERSION=8.0.29-1debian10"],"Cmd":["mysqld"],"Image":"mysql:8.0","Volumes":{"/var/lib/mysql":{}},"WorkingDir":"","Entrypoint":["docker-entrypoint.sh"],"OnBuild":null,"Labels":{"org.testcontainers":"true","org.testcontainers.sessionId":"d48265e4-2b28-4f8c-aa67-76dd8289af84"}},"NetworkSettings":{"Bridge":"","SandboxID":"d9de8570fe3f0a4e9f3a1ff7101c963bbd2c6a0a9d8a867b96f17f4d5edca537","HairpinMode":false,"LinkLocalIPv6Address":"","LinkLocalIPv6PrefixLen":0,"Ports":{"3306/tcp":[{"HostIp":"0.0.0.0","HostPort":"49160"},{"HostIp":"::","HostPort":"49160"}],"33060/tcp":null},"SandboxKey":"/var/run/docker/netns/d9de8570fe3f","SecondaryIPAddresses":null,"SecondaryIPv6Addresses":null,"EndpointID":"93e8fe159f683a98670e8995677c2b130dbce857fc116679206e206bda319cbf","Gateway":"172.17.0.1","GlobalIPv6Address":"","GlobalIPv6PrefixLen":0,"IPAddress":"172.17.0.3","IPPrefixLen":16,"IPv6Gateway":"","MacAddress":"02:42:ac:11:00:03","Networks":{"bridge":{"IPAMConfig":null,"Links":null,"Aliases":null,"NetworkID":"1853cd2b9856825cc97ed9ef2b12efa82d95bf9cf60ad666c276eb35cc53539e","EndpointID":"93e8fe159f683a98670e8995677c2b130dbce857fc116679206e206bda319cbf","Gateway":"172.17.0.1","IPAddress":"172.17.0.3","IPPrefixLen":16,"IPv6Gateway":"","GlobalIPv6Address":"","GlobalIPv6PrefixLen":0,"MacAddress":"02:42:ac:11:00:03","DriverOpts":null}}}}[\n]"
03:32:56.773 [main] DEBUG com.github.dockerjava.zerodep.shaded.org.apache.hc.client5.http.wire - http-outgoing-2 << "[\r][\n]"
03:32:56.773 [main] DEBUG com.github.dockerjava.zerodep.shaded.org.apache.hc.client5.http.wire - http-outgoing-2 << "0[\r][\n]"
03:32:56.773 [main] DEBUG com.github.dockerjava.zerodep.shaded.org.apache.hc.client5.http.wire - http-outgoing-2 << "[\r][\n]"
03:32:56.773 [main] DEBUG com.github.dockerjava.zerodep.shaded.org.apache.hc.client5.http.headers - http-outgoing-2 << HTTP/1.1 200 OK
03:32:56.773 [main] DEBUG com.github.dockerjava.zerodep.shaded.org.apache.hc.client5.http.headers - http-outgoing-2 << Api-Version: 1.41
03:32:56.773 [main] DEBUG com.github.dockerjava.zerodep.shaded.org.apache.hc.client5.http.headers - http-outgoing-2 << Content-Type: application/json
03:32:56.773 [main] DEBUG com.github.dockerjava.zerodep.shaded.org.apache.hc.client5.http.headers - http-outgoing-2 << Docker-Experimental: false
03:32:56.773 [main] DEBUG com.github.dockerjava.zerodep.shaded.org.apache.hc.client5.http.headers - http-outgoing-2 << Ostype: linux
03:32:56.773 [main] DEBUG com.github.dockerjava.zerodep.shaded.org.apache.hc.client5.http.headers - http-outgoing-2 << Server: Docker/20.10.12 (linux)
03:32:56.773 [main] DEBUG com.github.dockerjava.zerodep.shaded.org.apache.hc.client5.http.headers - http-outgoing-2 << Date: Thu, 23 Jun 2022 02:32:56 GMT
03:32:56.773 [main] DEBUG com.github.dockerjava.zerodep.shaded.org.apache.hc.client5.http.headers - http-outgoing-2 << Transfer-Encoding: chunked
03:32:56.773 [main] DEBUG com.github.dockerjava.zerodep.shaded.org.apache.hc.client5.http.impl.classic.MainClientExec - ex-0000005F: connection can be kept alive for 3 MINUTES
03:32:56.774 [main] DEBUG com.github.dockerjava.zerodep.shaded.org.apache.hc.client5.http.impl.classic.InternalHttpClient - ep-0000005E: releasing valid endpoint
03:32:56.774 [main] DEBUG com.github.dockerjava.zerodep.shaded.org.apache.hc.client5.http.impl.io.PoolingHttpClientConnectionManager - ep-0000005E: releasing endpoint
03:32:56.774 [main] DEBUG com.github.dockerjava.zerodep.shaded.org.apache.hc.client5.http.impl.io.PoolingHttpClientConnectionManager - ep-0000005E: connection http-outgoing-2 can be kept alive for 3 MINUTES
03:32:56.774 [main] DEBUG com.github.dockerjava.zerodep.shaded.org.apache.hc.client5.http.impl.io.PoolingHttpClientConnectionManager - ep-0000005E: connection released [route: {}->unix://localhost:2375][total available: 1; route allocated: 1 of 2147483647; total allocated: 1 of 2147483647]
03:32:56.774 [main] DEBUG 🐳 [mysql:8.0] - Trying to create JDBC connection using com.mysql.cj.jdbc.Driver to jdbc:mysql://localhost:49160/test?useSSL=false&allowPublicKeyRetrieval=true with properties: {password=admin, user=admin}
03:32:56.876 [main] DEBUG org.testcontainers.shaded.com.github.dockerjava.core.command.AbstrDockerCmd - Cmd: 9691e31891711283f4d98263d11bc6156717d3e75a0b86a23f3b128a992c1f38,false
03:32:56.876 [main] DEBUG org.testcontainers.shaded.com.github.dockerjava.core.exec.InspectContainerCmdExec - GET: DefaultWebTarget{path=[/containers/9691e31891711283f4d98263d11bc6156717d3e75a0b86a23f3b128a992c1f38/json], queryParams={}}
03:32:56.877 [main] DEBUG com.github.dockerjava.zerodep.shaded.org.apache.hc.client5.http.impl.classic.InternalHttpClient - ex-00000060: preparing request execution
03:32:56.877 [main] DEBUG com.github.dockerjava.zerodep.shaded.org.apache.hc.client5.http.protocol.RequestAddCookies - Cookie spec selected: strict
03:32:56.877 [main] DEBUG com.github.dockerjava.zerodep.shaded.org.apache.hc.client5.http.protocol.RequestAuthCache - Auth cache not set in the context
03:32:56.877 [main] DEBUG com.github.dockerjava.zerodep.shaded.org.apache.hc.client5.http.impl.classic.ProtocolExec - ex-00000060: target auth state: UNCHALLENGED
03:32:56.877 [main] DEBUG com.github.dockerjava.zerodep.shaded.org.apache.hc.client5.http.impl.classic.ProtocolExec - ex-00000060: proxy auth state: UNCHALLENGED
03:32:56.877 [main] DEBUG com.github.dockerjava.zerodep.shaded.org.apache.hc.client5.http.impl.classic.ConnectExec - ex-00000060: acquiring connection with route {}->unix://localhost:2375
03:32:56.877 [main] DEBUG com.github.dockerjava.zerodep.shaded.org.apache.hc.client5.http.impl.classic.InternalHttpClient - ex-00000060: acquiring endpoint (3 MINUTES)
03:32:56.877 [main] DEBUG com.github.dockerjava.zerodep.shaded.org.apache.hc.client5.http.impl.io.PoolingHttpClientConnectionManager - ex-00000060: endpoint lease request (3 MINUTES) [route: {}->unix://localhost:2375][total available: 1; route allocated: 1 of 2147483647; total allocated: 1 of 2147483647]
03:32:56.877 [main] DEBUG com.github.dockerjava.zerodep.shaded.org.apache.hc.client5.http.impl.io.PoolingHttpClientConnectionManager - ex-00000060: endpoint leased [route: {}->unix://localhost:2375][total available: 0; route allocated: 1 of 2147483647; total allocated: 1 of 2147483647]
03:32:56.877 [main] DEBUG com.github.dockerjava.zerodep.shaded.org.apache.hc.client5.http.impl.io.PoolingHttpClientConnectionManager - ex-00000060: acquired ep-0000005F
03:32:56.877 [main] DEBUG com.github.dockerjava.zerodep.shaded.org.apache.hc.client5.http.impl.classic.InternalHttpClient - ex-00000060: acquired endpoint ep-0000005F
03:32:56.877 [main] DEBUG com.github.dockerjava.zerodep.shaded.org.apache.hc.client5.http.impl.classic.MainClientExec - ex-00000060: executing GET /v1.32/containers/9691e31891711283f4d98263d11bc6156717d3e75a0b86a23f3b128a992c1f38/json HTTP/1.1
03:32:56.877 [main] DEBUG com.github.dockerjava.zerodep.shaded.org.apache.hc.client5.http.impl.classic.InternalHttpClient - ep-0000005F: start execution ex-00000060
03:32:56.877 [main] DEBUG com.github.dockerjava.zerodep.shaded.org.apache.hc.client5.http.impl.io.PoolingHttpClientConnectionManager - ep-0000005F: executing exchange ex-00000060 over http-outgoing-2
03:32:56.877 [main] DEBUG com.github.dockerjava.zerodep.shaded.org.apache.hc.client5.http.headers - http-outgoing-2 >> GET /v1.32/containers/9691e31891711283f4d98263d11bc6156717d3e75a0b86a23f3b128a992c1f38/json HTTP/1.1
03:32:56.877 [main] DEBUG com.github.dockerjava.zerodep.shaded.org.apache.hc.client5.http.headers - http-outgoing-2 >> accept: application/json
03:32:56.877 [main] DEBUG com.github.dockerjava.zerodep.shaded.org.apache.hc.client5.http.headers - http-outgoing-2 >> Accept-Encoding: gzip, x-gzip, deflate
03:32:56.877 [main] DEBUG com.github.dockerjava.zerodep.shaded.org.apache.hc.client5.http.headers - http-outgoing-2 >> Host: localhost:2375
03:32:56.877 [main] DEBUG com.github.dockerjava.zerodep.shaded.org.apache.hc.client5.http.headers - http-outgoing-2 >> Connection: keep-alive
03:32:56.877 [main] DEBUG com.github.dockerjava.zerodep.shaded.org.apache.hc.client5.http.headers - http-outgoing-2 >> User-Agent: Apache-HttpClient/5.0.3 (Java/11.0.15)
03:32:56.877 [main] DEBUG com.github.dockerjava.zerodep.shaded.org.apache.hc.client5.http.wire - http-outgoing-2 >> "GET /v1.32/containers/9691e31891711283f4d98263d11bc6156717d3e75a0b86a23f3b128a992c1f38/json HTTP/1.1[\r][\n]"
03:32:56.877 [main] DEBUG com.github.dockerjava.zerodep.shaded.org.apache.hc.client5.http.wire - http-outgoing-2 >> "accept: application/json[\r][\n]"
03:32:56.877 [main] DEBUG com.github.dockerjava.zerodep.shaded.org.apache.hc.client5.http.wire - http-outgoing-2 >> "Accept-Encoding: gzip, x-gzip, deflate[\r][\n]"
03:32:56.877 [main] DEBUG com.github.dockerjava.zerodep.shaded.org.apache.hc.client5.http.wire - http-outgoing-2 >> "Host: localhost:2375[\r][\n]"
03:32:56.877 [main] DEBUG com.github.dockerjava.zerodep.shaded.org.apache.hc.client5.http.wire - http-outgoing-2 >> "Connection: keep-alive[\r][\n]"
03:32:56.877 [main] DEBUG com.github.dockerjava.zerodep.shaded.org.apache.hc.client5.http.wire - http-outgoing-2 >> "User-Agent: Apache-HttpClient/5.0.3 (Java/11.0.15)[\r][\n]"
03:32:56.877 [main] DEBUG com.github.dockerjava.zerodep.shaded.org.apache.hc.client5.http.wire - http-outgoing-2 >> "[\r][\n]"
03:32:56.878 [main] DEBUG com.github.dockerjava.zerodep.shaded.org.apache.hc.client5.http.wire - http-outgoing-2 << "HTTP/1.1 200 OK[\r][\n]"
03:32:56.878 [main] DEBUG com.github.dockerjava.zerodep.shaded.org.apache.hc.client5.http.wire - http-outgoing-2 << "Api-Version: 1.41[\r][\n]"
03:32:56.878 [main] DEBUG com.github.dockerjava.zerodep.shaded.org.apache.hc.client5.http.wire - http-outgoing-2 << "Content-Type: application/json[\r][\n]"
03:32:56.878 [main] DEBUG com.github.dockerjava.zerodep.shaded.org.apache.hc.client5.http.wire - http-outgoing-2 << "Docker-Experimental: false[\r][\n]"
03:32:56.878 [main] DEBUG com.github.dockerjava.zerodep.shaded.org.apache.hc.client5.http.wire - http-outgoing-2 << "Ostype: linux[\r][\n]"
03:32:56.878 [main] DEBUG com.github.dockerjava.zerodep.shaded.org.apache.hc.client5.http.wire - http-outgoing-2 << "Server: Docker/20.10.12 (linux)[\r][\n]"
03:32:56.878 [main] DEBUG com.github.dockerjava.zerodep.shaded.org.apache.hc.client5.http.wire - http-outgoing-2 << "Date: Thu, 23 Jun 2022 02:32:56 GMT[\r][\n]"
03:32:56.878 [main] DEBUG com.github.dockerjava.zerodep.shaded.org.apache.hc.client5.http.wire - http-outgoing-2 << "Transfer-Encoding: chunked[\r][\n]"
03:32:56.878 [main] DEBUG com.github.dockerjava.zerodep.shaded.org.apache.hc.client5.http.wire - http-outgoing-2 << "[\r][\n]"
03:32:56.878 [main] DEBUG com.github.dockerjava.zerodep.shaded.org.apache.hc.client5.http.wire - http-outgoing-2 << "18ed[\r][\n]"
03:32:56.878 [main] DEBUG com.github.dockerjava.zerodep.shaded.org.apache.hc.client5.http.wire - http-outgoing-2 << "{"Id":"9691e31891711283f4d98263d11bc6156717d3e75a0b86a23f3b128a992c1f38","Created":"2022-06-23T02:32:47.03956921Z","Path":"docker-entrypoint.sh","Args":["mysqld"],"State":{"Status":"running","Running":true,"Paused":false,"Restarting":false,"OOMKilled":false,"Dead":false,"Pid":66188,"ExitCode":0,"Error":"","StartedAt":"2022-06-23T02:32:47.703880551Z","FinishedAt":"0001-01-01T00:00:00Z"},"Image":"sha256:65b636d5542b73254ce90cc4b895597dc1adc2c661ca553c38eda159979dded1","ResolvConfPath":"/var/lib/docker/containers/9691e31891711283f4d98263d11bc6156717d3e75a0b86a23f3b128a992c1f38/resolv.conf","HostnamePath":"/var/lib/docker/containers/9691e31891711283f4d98263d11bc6156717d3e75a0b86a23f3b128a992c1f38/hostname","HostsPath":"/var/lib/docker/containers/9691e31891711283f4d98263d11bc6156717d3e75a0b86a23f3b128a992c1f38/hosts","LogPath":"/var/lib/docker/containers/9691e31891711283f4d98263d11bc6156717d3e75a0b86a23f3b128a992c1f38/9691e31891711283f4d98263d11bc6156717d3e75a0b86a23f3b128a992c1f38-json.log","Name":"/xenodochial_satoshi","RestartCount":0,"Driver":"overlay2","Platform":"linux","MountLabel":"","ProcessLabel":"","AppArmorProfile":"docker-default","ExecIDs":null,"HostConfig":{"Binds":[],"ContainerIDFile":"","LogConfig":{"Type":"json-file","Config":{}},"NetworkMode":"default","PortBindings":{"3306/tcp":[{"HostIp":"","HostPort":""}]},"RestartPolicy":{"Name":"","MaximumRetryCount":0},"AutoRemove":false,"VolumeDriver":"","VolumesFrom":[],"CapAdd":null,"CapDrop":null,"CgroupnsMode":"host","Dns":null,"DnsOptions":null,"DnsSearch":null,"ExtraHosts":[],"GroupAdd":null,"IpcMode":"shareable","Cgroup":"","Links":null,"OomScoreAdj":0,"PidMode":"","Privileged":false,"PublishAllPorts":false,"ReadonlyRootfs":false,"SecurityOpt":null,"UTSMode":"","UsernsMode":"","ShmSize":67108864,"Runtime":"runc","ConsoleSize":[0,0],"Isolation":"","CpuShares":0,"Memory":0,"NanoCpus":0,"CgroupParent":"","BlkioWeight":0,"BlkioWeightDevice":null,"BlkioDeviceReadBps":null,"BlkioDeviceWriteBps":null,"BlkioDeviceReadIOps":null,"BlkioDeviceWriteIOps":null,"CpuPeriod":0,"CpuQuota":0,"CpuRealtimePeriod":0,"CpuRealtimeRuntime":0,"CpusetCpus":"","CpusetMems":"","Devices":null,"DeviceCgroupRules":null,"DeviceRequests":null,"KernelMemory":0,"KernelMemoryTCP":0,"MemoryReservation":0,"MemorySwap":0,"MemorySwappiness":null,"OomKillDisable":false,"PidsLimit":null,"Ulimits":null,"CpuCount":0,"CpuPercent":0,"IOMaximumIOps":0,"IOMaximumBandwidth":0,"MaskedPaths":["/proc/asound","/proc/acpi","/proc/kcore","/proc/keys","/proc/latency_stats","/proc/timer_list","/proc/timer_stats","/proc/sched_debug","/proc/scsi","/sys/firmware"],"ReadonlyPaths":["/proc/bus","/proc/fs","/proc/irq","/proc/sys","/proc/sysrq-trigger"]},"GraphDriver":{"Data":{"LowerDir":"/var/lib/docker/overlay2/5529564f52cf969e31e7a1482c27be7ffed19639b506ae2e15b7e7115f699a73-init/diff:/var/lib/docker/overlay2/833a665819b5d9728d3efa7c33135034345a24f83af53b1a1af33d9b64f5492a/diff:/var/lib/docker/overlay2/bd4a2a46c227c2f15475b08c398f37acaab93f4fdba31de015d730efae0a0cfc/diff:/var/lib/docker/overlay2/31ad437d7cba8e64428a2b62db1bbb2a2ec19ca4e439ec493ef4deb50dce2783/diff:/var/lib/docker/overlay2/35173cbd8ec5b88a8888e9abbe75f8694f5d3f96a9b781bb70dc1f0889685741/diff:/var/lib/docker/overlay2/24bf69ac4e8c81062fee44e7c9f746fffbb139c3f7f4b55b4fd1b23bb101b529/diff:/var/lib/docker/overlay2/2f27c96a7775dad186b6f0da325d5a251c80aa1b7f80cf8520f493c5154aee70/diff:/var/lib/docker/overlay2/463a60088c72ddbea82639ded15801e35a79c443f6a26bf1baf320c683cb06af/diff:/var/lib/docker/overlay2/80b8224b23a2ee4b5be635c58ae579fd1913aa95558cd66ab2f5e8430f00a5b8/diff:/var/lib/docker/overlay2/20451fa0b1a07b85d665bc3a0359d721ce4e4c28fa3bce7456ab25e0babae708/diff:/var/lib/docker/overlay2/f80d865cbc6c1c6f57d0963fa6234e7a6409e079eb17f4f13ca41d02731701ad/diff:/var/lib/docker/overlay2/5a3029e0b57c6ec9b985871ff6adf08356aaa0f2a15f1e34c1a7f116ecc4a61d/diff:/var/lib/docker/overlay2/4f3423103248d0b381a1bc6a7287e2b42313ff458cea602a02b7379014b03e0e/diff","MergedDir":"/var/lib/docker/overlay2/5529564f52cf969e31e7a1482c27be7ffed19639b506ae2e15b7e7115f699a73/merged","UpperDir":"/var/lib/docker/overlay2/5529564f52cf969e31e7a1482c27be7ffed19639b506ae2e15b7e7115f699a73/diff","WorkDir":"/var/lib/docker/overlay2/5529564f52cf969e31e7a1482c27be7ffed19639b506ae2e15b7e7115f699a73/work"},"Name":"overlay2"},"Mounts":[{"Type":"volume","Name":"fd1f613c7fe3ca3ae799982507ac3f565cc9f6a2dc99ceaed92389e2c43f47d1","Source":"/var/lib/docker/volumes/fd1f613c7fe3ca3ae799982507ac3f565cc9f6a2dc99ceaed92389e2c43f47d1/_data","Destination":"/var/lib/mysql","Driver":"local","Mode":"","RW":true,"Propagation":""}],"Config":{"Hostname":"9691e3189171","Domainname":"","User":"","AttachStdin":false,"AttachStdout":false,"AttachStderr":false,"ExposedPorts":{"3306/tcp":{},"33060/tcp":{}},"Tty":false,"OpenStdin":false,"StdinOnce":false,"Env":["MYSQL_DATABASE=test","MYSQL_PASSWORD=admin","MYSQL_USER=admin","MYSQL_ROOT_PASSWORD=admin","PATH=/usr/local/sbin:/usr/local/bin:/usr/sbin:/usr/bin:/sbin:/bin","GOSU_VERSION=1.14","MYSQL_MAJOR=8.0","MYSQL_VERSION=8.0.29-1debian10"],"Cmd":["mysqld"],"Image":"mysql:8.0","Volumes":{"/var/lib/mysql":{}},"WorkingDir":"","Entrypoint":["docker-entrypoint.sh"],"OnBuild":null,"Labels":{"org.testcontainers":"true","org.testcontainers.sessionId":"d48265e4-2b28-4f8c-aa67-76dd8289af84"}},"NetworkSettings":{"Bridge":"","SandboxID":"d9de8570fe3f0a4e9f3a1ff7101c963bbd2c6a0a9d8a867b96f17f4d5edca537","HairpinMode":false,"LinkLocalIPv6Address":"","LinkLocalIPv6PrefixLen":0,"Ports":{"3306/tcp":[{"HostIp":"0.0.0.0","HostPort":"49160"},{"HostIp":"::","HostPort":"49160"}],"33060/tcp":null},"SandboxKey":"/var/run/docker/netns/d9de8570fe3f","SecondaryIPAddresses":null,"SecondaryIPv6Addresses":null,"EndpointID":"93e8fe159f683a98670e8995677c2b130dbce857fc116679206e206bda319cbf","Gateway":"172.17.0.1","GlobalIPv6Address":"","GlobalIPv6PrefixLen":0,"IPAddress":"172.17.0.3","IPPrefixLen":16,"IPv6Gateway":"","MacAddress":"02:42:ac:11:00:03","Networks":{"bridge":{"IPAMConfig":null,"Links":null,"Aliases":null,"NetworkID":"1853cd2b9856825cc97ed9ef2b12efa82d95bf9cf60ad666c276eb35cc53539e","EndpointID":"93e8fe159f683a98670e8995677c2b130dbce857fc116679206e206bda319cbf","Gateway":"172.17.0.1","IPAddress":"172.17.0.3","IPPrefixLen":16,"IPv6Gateway":"","GlobalIPv6Address":"","GlobalIPv6PrefixLen":0,"MacAddress":"02:42:ac:11:00:03","DriverOpts":null}}}}[\n]"
03:32:56.878 [main] DEBUG com.github.dockerjava.zerodep.shaded.org.apache.hc.client5.http.wire - http-outgoing-2 << "[\r][\n]"
03:32:56.878 [main] DEBUG com.github.dockerjava.zerodep.shaded.org.apache.hc.client5.http.wire - http-outgoing-2 << "0[\r][\n]"
03:32:56.878 [main] DEBUG com.github.dockerjava.zerodep.shaded.org.apache.hc.client5.http.wire - http-outgoing-2 << "[\r][\n]"
03:32:56.878 [main] DEBUG com.github.dockerjava.zerodep.shaded.org.apache.hc.client5.http.headers - http-outgoing-2 << HTTP/1.1 200 OK
03:32:56.878 [main] DEBUG com.github.dockerjava.zerodep.shaded.org.apache.hc.client5.http.headers - http-outgoing-2 << Api-Version: 1.41
03:32:56.878 [main] DEBUG com.github.dockerjava.zerodep.shaded.org.apache.hc.client5.http.headers - http-outgoing-2 << Content-Type: application/json
03:32:56.878 [main] DEBUG com.github.dockerjava.zerodep.shaded.org.apache.hc.client5.http.headers - http-outgoing-2 << Docker-Experimental: false
03:32:56.878 [main] DEBUG com.github.dockerjava.zerodep.shaded.org.apache.hc.client5.http.headers - http-outgoing-2 << Ostype: linux
03:32:56.878 [main] DEBUG com.github.dockerjava.zerodep.shaded.org.apache.hc.client5.http.headers - http-outgoing-2 << Server: Docker/20.10.12 (linux)
03:32:56.878 [main] DEBUG com.github.dockerjava.zerodep.shaded.org.apache.hc.client5.http.headers - http-outgoing-2 << Date: Thu, 23 Jun 2022 02:32:56 GMT
03:32:56.878 [main] DEBUG com.github.dockerjava.zerodep.shaded.org.apache.hc.client5.http.headers - http-outgoing-2 << Transfer-Encoding: chunked
03:32:56.878 [main] DEBUG com.github.dockerjava.zerodep.shaded.org.apache.hc.client5.http.impl.classic.MainClientExec - ex-00000060: connection can be kept alive for 3 MINUTES
03:32:56.880 [main] DEBUG com.github.dockerjava.zerodep.shaded.org.apache.hc.client5.http.impl.classic.InternalHttpClient - ep-0000005F: releasing valid endpoint
03:32:56.880 [main] DEBUG com.github.dockerjava.zerodep.shaded.org.apache.hc.client5.http.impl.io.PoolingHttpClientConnectionManager - ep-0000005F: releasing endpoint
03:32:56.880 [main] DEBUG com.github.dockerjava.zerodep.shaded.org.apache.hc.client5.http.impl.io.PoolingHttpClientConnectionManager - ep-0000005F: connection http-outgoing-2 can be kept alive for 3 MINUTES
03:32:56.880 [main] DEBUG com.github.dockerjava.zerodep.shaded.org.apache.hc.client5.http.impl.io.PoolingHttpClientConnectionManager - ep-0000005F: connection released [route: {}->unix://localhost:2375][total available: 1; route allocated: 1 of 2147483647; total allocated: 1 of 2147483647]
03:32:56.880 [main] DEBUG 🐳 [mysql:8.0] - Trying to create JDBC connection using com.mysql.cj.jdbc.Driver to jdbc:mysql://localhost:49160/test?useSSL=false&allowPublicKeyRetrieval=true with properties: {password=admin, user=admin}
03:32:56.982 [main] DEBUG org.testcontainers.shaded.com.github.dockerjava.core.command.AbstrDockerCmd - Cmd: 9691e31891711283f4d98263d11bc6156717d3e75a0b86a23f3b128a992c1f38,false
03:32:56.982 [main] DEBUG org.testcontainers.shaded.com.github.dockerjava.core.exec.InspectContainerCmdExec - GET: DefaultWebTarget{path=[/containers/9691e31891711283f4d98263d11bc6156717d3e75a0b86a23f3b128a992c1f38/json], queryParams={}}
03:32:56.982 [main] DEBUG com.github.dockerjava.zerodep.shaded.org.apache.hc.client5.http.impl.classic.InternalHttpClient - ex-00000061: preparing request execution
03:32:56.982 [main] DEBUG com.github.dockerjava.zerodep.shaded.org.apache.hc.client5.http.protocol.RequestAddCookies - Cookie spec selected: strict
03:32:56.982 [main] DEBUG com.github.dockerjava.zerodep.shaded.org.apache.hc.client5.http.protocol.RequestAuthCache - Auth cache not set in the context
03:32:56.982 [main] DEBUG com.github.dockerjava.zerodep.shaded.org.apache.hc.client5.http.impl.classic.ProtocolExec - ex-00000061: target auth state: UNCHALLENGED
03:32:56.982 [main] DEBUG com.github.dockerjava.zerodep.shaded.org.apache.hc.client5.http.impl.classic.ProtocolExec - ex-00000061: proxy auth state: UNCHALLENGED
03:32:56.982 [main] DEBUG com.github.dockerjava.zerodep.shaded.org.apache.hc.client5.http.impl.classic.ConnectExec - ex-00000061: acquiring connection with route {}->unix://localhost:2375
03:32:56.982 [main] DEBUG com.github.dockerjava.zerodep.shaded.org.apache.hc.client5.http.impl.classic.InternalHttpClient - ex-00000061: acquiring endpoint (3 MINUTES)
03:32:56.982 [main] DEBUG com.github.dockerjava.zerodep.shaded.org.apache.hc.client5.http.impl.io.PoolingHttpClientConnectionManager - ex-00000061: endpoint lease request (3 MINUTES) [route: {}->unix://localhost:2375][total available: 1; route allocated: 1 of 2147483647; total allocated: 1 of 2147483647]
03:32:56.983 [main] DEBUG com.github.dockerjava.zerodep.shaded.org.apache.hc.client5.http.impl.io.PoolingHttpClientConnectionManager - ex-00000061: endpoint leased [route: {}->unix://localhost:2375][total available: 0; route allocated: 1 of 2147483647; total allocated: 1 of 2147483647]
03:32:56.983 [main] DEBUG com.github.dockerjava.zerodep.shaded.org.apache.hc.client5.http.impl.io.PoolingHttpClientConnectionManager - ex-00000061: acquired ep-00000060
03:32:56.983 [main] DEBUG com.github.dockerjava.zerodep.shaded.org.apache.hc.client5.http.impl.classic.InternalHttpClient - ex-00000061: acquired endpoint ep-00000060
03:32:56.983 [main] DEBUG com.github.dockerjava.zerodep.shaded.org.apache.hc.client5.http.impl.classic.MainClientExec - ex-00000061: executing GET /v1.32/containers/9691e31891711283f4d98263d11bc6156717d3e75a0b86a23f3b128a992c1f38/json HTTP/1.1
03:32:56.983 [main] DEBUG com.github.dockerjava.zerodep.shaded.org.apache.hc.client5.http.impl.classic.InternalHttpClient - ep-00000060: start execution ex-00000061
03:32:56.983 [main] DEBUG com.github.dockerjava.zerodep.shaded.org.apache.hc.client5.http.impl.io.PoolingHttpClientConnectionManager - ep-00000060: executing exchange ex-00000061 over http-outgoing-2
03:32:56.983 [main] DEBUG com.github.dockerjava.zerodep.shaded.org.apache.hc.client5.http.headers - http-outgoing-2 >> GET /v1.32/containers/9691e31891711283f4d98263d11bc6156717d3e75a0b86a23f3b128a992c1f38/json HTTP/1.1
03:32:56.983 [main] DEBUG com.github.dockerjava.zerodep.shaded.org.apache.hc.client5.http.headers - http-outgoing-2 >> accept: application/json
03:32:56.983 [main] DEBUG com.github.dockerjava.zerodep.shaded.org.apache.hc.client5.http.headers - http-outgoing-2 >> Accept-Encoding: gzip, x-gzip, deflate
03:32:56.983 [main] DEBUG com.github.dockerjava.zerodep.shaded.org.apache.hc.client5.http.headers - http-outgoing-2 >> Host: localhost:2375
03:32:56.983 [main] DEBUG com.github.dockerjava.zerodep.shaded.org.apache.hc.client5.http.headers - http-outgoing-2 >> Connection: keep-alive
03:32:56.983 [main] DEBUG com.github.dockerjava.zerodep.shaded.org.apache.hc.client5.http.headers - http-outgoing-2 >> User-Agent: Apache-HttpClient/5.0.3 (Java/11.0.15)
03:32:56.983 [main] DEBUG com.github.dockerjava.zerodep.shaded.org.apache.hc.client5.http.wire - http-outgoing-2 >> "GET /v1.32/containers/9691e31891711283f4d98263d11bc6156717d3e75a0b86a23f3b128a992c1f38/json HTTP/1.1[\r][\n]"
03:32:56.983 [main] DEBUG com.github.dockerjava.zerodep.shaded.org.apache.hc.client5.http.wire - http-outgoing-2 >> "accept: application/json[\r][\n]"
03:32:56.983 [main] DEBUG com.github.dockerjava.zerodep.shaded.org.apache.hc.client5.http.wire - http-outgoing-2 >> "Accept-Encoding: gzip, x-gzip, deflate[\r][\n]"
03:32:56.983 [main] DEBUG com.github.dockerjava.zerodep.shaded.org.apache.hc.client5.http.wire - http-outgoing-2 >> "Host: localhost:2375[\r][\n]"
03:32:56.983 [main] DEBUG com.github.dockerjava.zerodep.shaded.org.apache.hc.client5.http.wire - http-outgoing-2 >> "Connection: keep-alive[\r][\n]"
03:32:56.983 [main] DEBUG com.github.dockerjava.zerodep.shaded.org.apache.hc.client5.http.wire - http-outgoing-2 >> "User-Agent: Apache-HttpClient/5.0.3 (Java/11.0.15)[\r][\n]"
03:32:56.983 [main] DEBUG com.github.dockerjava.zerodep.shaded.org.apache.hc.client5.http.wire - http-outgoing-2 >> "[\r][\n]"
03:32:56.986 [main] DEBUG com.github.dockerjava.zerodep.shaded.org.apache.hc.client5.http.wire - http-outgoing-2 << "HTTP/1.1 200 OK[\r][\n]"
03:32:56.986 [main] DEBUG com.github.dockerjava.zerodep.shaded.org.apache.hc.client5.http.wire - http-outgoing-2 << "Api-Version: 1.41[\r][\n]"
03:32:56.986 [main] DEBUG com.github.dockerjava.zerodep.shaded.org.apache.hc.client5.http.wire - http-outgoing-2 << "Content-Type: application/json[\r][\n]"
03:32:56.986 [main] DEBUG com.github.dockerjava.zerodep.shaded.org.apache.hc.client5.http.wire - http-outgoing-2 << "Docker-Experimental: false[\r][\n]"
03:32:56.986 [main] DEBUG com.github.dockerjava.zerodep.shaded.org.apache.hc.client5.http.wire - http-outgoing-2 << "Ostype: linux[\r][\n]"
03:32:56.986 [main] DEBUG com.github.dockerjava.zerodep.shaded.org.apache.hc.client5.http.wire - http-outgoing-2 << "Server: Docker/20.10.12 (linux)[\r][\n]"
03:32:56.986 [main] DEBUG com.github.dockerjava.zerodep.shaded.org.apache.hc.client5.http.wire - http-outgoing-2 << "Date: Thu, 23 Jun 2022 02:32:56 GMT[\r][\n]"
03:32:56.986 [main] DEBUG com.github.dockerjava.zerodep.shaded.org.apache.hc.client5.http.wire - http-outgoing-2 << "Transfer-Encoding: chunked[\r][\n]"
03:32:56.986 [main] DEBUG com.github.dockerjava.zerodep.shaded.org.apache.hc.client5.http.wire - http-outgoing-2 << "[\r][\n]"
03:32:56.986 [main] DEBUG com.github.dockerjava.zerodep.shaded.org.apache.hc.client5.http.wire - http-outgoing-2 << "18ed[\r][\n]"
03:32:56.986 [main] DEBUG com.github.dockerjava.zerodep.shaded.org.apache.hc.client5.http.wire - http-outgoing-2 << "{"Id":"9691e31891711283f4d98263d11bc6156717d3e75a0b86a23f3b128a992c1f38","Created":"2022-06-23T02:32:47.03956921Z","Path":"docker-entrypoint.sh","Args":["mysqld"],"State":{"Status":"running","Running":true,"Paused":false,"Restarting":false,"OOMKilled":false,"Dead":false,"Pid":66188,"ExitCode":0,"Error":"","StartedAt":"2022-06-23T02:32:47.703880551Z","FinishedAt":"0001-01-01T00:00:00Z"},"Image":"sha256:65b636d5542b73254ce90cc4b895597dc1adc2c661ca553c38eda159979dded1","ResolvConfPath":"/var/lib/docker/containers/9691e31891711283f4d98263d11bc6156717d3e75a0b86a23f3b128a992c1f38/resolv.conf","HostnamePath":"/var/lib/docker/containers/9691e31891711283f4d98263d11bc6156717d3e75a0b86a23f3b128a992c1f38/hostname","HostsPath":"/var/lib/docker/containers/9691e31891711283f4d98263d11bc6156717d3e75a0b86a23f3b128a992c1f38/hosts","LogPath":"/var/lib/docker/containers/9691e31891711283f4d98263d11bc6156717d3e75a0b86a23f3b128a992c1f38/9691e31891711283f4d98263d11bc6156717d3e75a0b86a23f3b128a992c1f38-json.log","Name":"/xenodochial_satoshi","RestartCount":0,"Driver":"overlay2","Platform":"linux","MountLabel":"","ProcessLabel":"","AppArmorProfile":"docker-default","ExecIDs":null,"HostConfig":{"Binds":[],"ContainerIDFile":"","LogConfig":{"Type":"json-file","Config":{}},"NetworkMode":"default","PortBindings":{"3306/tcp":[{"HostIp":"","HostPort":""}]},"RestartPolicy":{"Name":"","MaximumRetryCount":0},"AutoRemove":false,"VolumeDriver":"","VolumesFrom":[],"CapAdd":null,"CapDrop":null,"CgroupnsMode":"host","Dns":null,"DnsOptions":null,"DnsSearch":null,"ExtraHosts":[],"GroupAdd":null,"IpcMode":"shareable","Cgroup":"","Links":null,"OomScoreAdj":0,"PidMode":"","Privileged":false,"PublishAllPorts":false,"ReadonlyRootfs":false,"SecurityOpt":null,"UTSMode":"","UsernsMode":"","ShmSize":67108864,"Runtime":"runc","ConsoleSize":[0,0],"Isolation":"","CpuShares":0,"Memory":0,"NanoCpus":0,"CgroupParent":"","BlkioWeight":0,"BlkioWeightDevice":null,"BlkioDeviceReadBps":null,"BlkioDeviceWriteBps":null,"BlkioDeviceReadIOps":null,"BlkioDeviceWriteIOps":null,"CpuPeriod":0,"CpuQuota":0,"CpuRealtimePeriod":0,"CpuRealtimeRuntime":0,"CpusetCpus":"","CpusetMems":"","Devices":null,"DeviceCgroupRules":null,"DeviceRequests":null,"KernelMemory":0,"KernelMemoryTCP":0,"MemoryReservation":0,"MemorySwap":0,"MemorySwappiness":null,"OomKillDisable":false,"PidsLimit":null,"Ulimits":null,"CpuCount":0,"CpuPercent":0,"IOMaximumIOps":0,"IOMaximumBandwidth":0,"MaskedPaths":["/proc/asound","/proc/acpi","/proc/kcore","/proc/keys","/proc/latency_stats","/proc/timer_list","/proc/timer_stats","/proc/sched_debug","/proc/scsi","/sys/firmware"],"ReadonlyPaths":["/proc/bus","/proc/fs","/proc/irq","/proc/sys","/proc/sysrq-trigger"]},"GraphDriver":{"Data":{"LowerDir":"/var/lib/docker/overlay2/5529564f52cf969e31e7a1482c27be7ffed19639b506ae2e15b7e7115f699a73-init/diff:/var/lib/docker/overlay2/833a665819b5d9728d3efa7c33135034345a24f83af53b1a1af33d9b64f5492a/diff:/var/lib/docker/overlay2/bd4a2a46c227c2f15475b08c398f37acaab93f4fdba31de015d730efae0a0cfc/diff:/var/lib/docker/overlay2/31ad437d7cba8e64428a2b62db1bbb2a2ec19ca4e439ec493ef4deb50dce2783/diff:/var/lib/docker/overlay2/35173cbd8ec5b88a8888e9abbe75f8694f5d3f96a9b781bb70dc1f0889685741/diff:/var/lib/docker/overlay2/24bf69ac4e8c81062fee44e7c9f746fffbb139c3f7f4b55b4fd1b23bb101b529/diff:/var/lib/docker/overlay2/2f27c96a7775dad186b6f0da325d5a251c80aa1b7f80cf8520f493c5154aee70/diff:/var/lib/docker/overlay2/463a60088c72ddbea82639ded15801e35a79c443f6a26bf1baf320c683cb06af/diff:/var/lib/docker/overlay2/80b8224b23a2ee4b5be635c58ae579fd1913aa95558cd66ab2f5e8430f00a5b8/diff:/var/lib/docker/overlay2/20451fa0b1a07b85d665bc3a0359d721ce4e4c28fa3bce7456ab25e0babae708/diff:/var/lib/docker/overlay2/f80d865cbc6c1c6f57d0963fa6234e7a6409e079eb17f4f13ca41d02731701ad/diff:/var/lib/docker/overlay2/5a3029e0b57c6ec9b985871ff6adf08356aaa0f2a15f1e34c1a7f116ecc4a61d/diff:/var/lib/docker/overlay2/4f3423103248d0b381a1bc6a7287e2b42313ff458cea602a02b7379014b03e0e/diff","MergedDir":"/var/lib/docker/overlay2/5529564f52cf969e31e7a1482c27be7ffed19639b506ae2e15b7e7115f699a73/merged","UpperDir":"/var/lib/docker/overlay2/5529564f52cf969e31e7a1482c27be7ffed19639b506ae2e15b7e7115f699a73/diff","WorkDir":"/var/lib/docker/overlay2/5529564f52cf969e31e7a1482c27be7ffed19639b506ae2e15b7e7115f699a73/work"},"Name":"overlay2"},"Mounts":[{"Type":"volume","Name":"fd1f613c7fe3ca3ae799982507ac3f565cc9f6a2dc99ceaed92389e2c43f47d1","Source":"/var/lib/docker/volumes/fd1f613c7fe3ca3ae799982507ac3f565cc9f6a2dc99ceaed92389e2c43f47d1/_data","Destination":"/var/lib/mysql","Driver":"local","Mode":"","RW":true,"Propagation":""}],"Config":{"Hostname":"9691e3189171","Domainname":"","User":"","AttachStdin":false,"AttachStdout":false,"AttachStderr":false,"ExposedPorts":{"3306/tcp":{},"33060/tcp":{}},"Tty":false,"OpenStdin":false,"StdinOnce":false,"Env":["MYSQL_DATABASE=test","MYSQL_PASSWORD=admin","MYSQL_USER=admin","MYSQL_ROOT_PASSWORD=admin","PATH=/usr/local/sbin:/usr/local/bin:/usr/sbin:/usr/bin:/sbin:/bin","GOSU_VERSION=1.14","MYSQL_MAJOR=8.0","MYSQL_VERSION=8.0.29-1debian10"],"Cmd":["mysqld"],"Image":"mysql:8.0","Volumes":{"/var/lib/mysql":{}},"WorkingDir":"","Entrypoint":["docker-entrypoint.sh"],"OnBuild":null,"Labels":{"org.testcontainers":"true","org.testcontainers.sessionId":"d48265e4-2b28-4f8c-aa67-76dd8289af84"}},"NetworkSettings":{"Bridge":"","SandboxID":"d9de8570fe3f0a4e9f3a1ff7101c963bbd2c6a0a9d8a867b96f17f4d5edca537","HairpinMode":false,"LinkLocalIPv6Address":"","LinkLocalIPv6PrefixLen":0,"Ports":{"3306/tcp":[{"HostIp":"0.0.0.0","HostPort":"49160"},{"HostIp":"::","HostPort":"49160"}],"33060/tcp":null},"SandboxKey":"/var/run/docker/netns/d9de8570fe3f","SecondaryIPAddresses":null,"SecondaryIPv6Addresses":null,"EndpointID":"93e8fe159f683a98670e8995677c2b130dbce857fc116679206e206bda319cbf","Gateway":"172.17.0.1","GlobalIPv6Address":"","GlobalIPv6PrefixLen":0,"IPAddress":"172.17.0.3","IPPrefixLen":16,"IPv6Gateway":"","MacAddress":"02:42:ac:11:00:03","Networks":{"bridge":{"IPAMConfig":null,"Links":null,"Aliases":null,"NetworkID":"1853cd2b9856825cc97ed9ef2b12efa82d95bf9cf60ad666c276eb35cc53539e","EndpointID":"93e8fe159f683a98670e8995677c2b130dbce857fc116679206e206bda319cbf","Gateway":"172.17.0.1","IPAddress":"172.17.0.3","IPPrefixLen":16,"IPv6Gateway":"","GlobalIPv6Address":"","GlobalIPv6PrefixLen":0,"MacAddress":"02:42:ac:11:00:03","DriverOpts":null}}}}[\n]"
03:32:56.986 [main] DEBUG com.github.dockerjava.zerodep.shaded.org.apache.hc.client5.http.wire - http-outgoing-2 << "[\r][\n]"
03:32:56.986 [main] DEBUG com.github.dockerjava.zerodep.shaded.org.apache.hc.client5.http.wire - http-outgoing-2 << "0[\r][\n]"
03:32:56.986 [main] DEBUG com.github.dockerjava.zerodep.shaded.org.apache.hc.client5.http.wire - http-outgoing-2 << "[\r][\n]"
03:32:56.987 [main] DEBUG com.github.dockerjava.zerodep.shaded.org.apache.hc.client5.http.headers - http-outgoing-2 << HTTP/1.1 200 OK
03:32:56.987 [main] DEBUG com.github.dockerjava.zerodep.shaded.org.apache.hc.client5.http.headers - http-outgoing-2 << Api-Version: 1.41
03:32:56.987 [main] DEBUG com.github.dockerjava.zerodep.shaded.org.apache.hc.client5.http.headers - http-outgoing-2 << Content-Type: application/json
03:32:56.987 [main] DEBUG com.github.dockerjava.zerodep.shaded.org.apache.hc.client5.http.headers - http-outgoing-2 << Docker-Experimental: false
03:32:56.987 [main] DEBUG com.github.dockerjava.zerodep.shaded.org.apache.hc.client5.http.headers - http-outgoing-2 << Ostype: linux
03:32:56.987 [main] DEBUG com.github.dockerjava.zerodep.shaded.org.apache.hc.client5.http.headers - http-outgoing-2 << Server: Docker/20.10.12 (linux)
03:32:56.987 [main] DEBUG com.github.dockerjava.zerodep.shaded.org.apache.hc.client5.http.headers - http-outgoing-2 << Date: Thu, 23 Jun 2022 02:32:56 GMT
03:32:56.987 [main] DEBUG com.github.dockerjava.zerodep.shaded.org.apache.hc.client5.http.headers - http-outgoing-2 << Transfer-Encoding: chunked
03:32:56.987 [main] DEBUG com.github.dockerjava.zerodep.shaded.org.apache.hc.client5.http.impl.classic.MainClientExec - ex-00000061: connection can be kept alive for 3 MINUTES
03:32:56.988 [main] DEBUG com.github.dockerjava.zerodep.shaded.org.apache.hc.client5.http.impl.classic.InternalHttpClient - ep-00000060: releasing valid endpoint
03:32:56.988 [main] DEBUG com.github.dockerjava.zerodep.shaded.org.apache.hc.client5.http.impl.io.PoolingHttpClientConnectionManager - ep-00000060: releasing endpoint
03:32:56.988 [main] DEBUG com.github.dockerjava.zerodep.shaded.org.apache.hc.client5.http.impl.io.PoolingHttpClientConnectionManager - ep-00000060: connection http-outgoing-2 can be kept alive for 3 MINUTES
03:32:56.988 [main] DEBUG com.github.dockerjava.zerodep.shaded.org.apache.hc.client5.http.impl.io.PoolingHttpClientConnectionManager - ep-00000060: connection released [route: {}->unix://localhost:2375][total available: 1; route allocated: 1 of 2147483647; total allocated: 1 of 2147483647]
03:32:56.988 [main] DEBUG 🐳 [mysql:8.0] - Trying to create JDBC connection using com.mysql.cj.jdbc.Driver to jdbc:mysql://localhost:49160/test?useSSL=false&allowPublicKeyRetrieval=true with properties: {password=admin, user=admin}
03:32:57.090 [main] DEBUG org.testcontainers.shaded.com.github.dockerjava.core.command.AbstrDockerCmd - Cmd: 9691e31891711283f4d98263d11bc6156717d3e75a0b86a23f3b128a992c1f38,false
03:32:57.090 [main] DEBUG org.testcontainers.shaded.com.github.dockerjava.core.exec.InspectContainerCmdExec - GET: DefaultWebTarget{path=[/containers/9691e31891711283f4d98263d11bc6156717d3e75a0b86a23f3b128a992c1f38/json], queryParams={}}
03:32:57.090 [main] DEBUG com.github.dockerjava.zerodep.shaded.org.apache.hc.client5.http.impl.classic.InternalHttpClient - ex-00000062: preparing request execution
03:32:57.090 [main] DEBUG com.github.dockerjava.zerodep.shaded.org.apache.hc.client5.http.protocol.RequestAddCookies - Cookie spec selected: strict
03:32:57.091 [main] DEBUG com.github.dockerjava.zerodep.shaded.org.apache.hc.client5.http.protocol.RequestAuthCache - Auth cache not set in the context
03:32:57.091 [main] DEBUG com.github.dockerjava.zerodep.shaded.org.apache.hc.client5.http.impl.classic.ProtocolExec - ex-00000062: target auth state: UNCHALLENGED
03:32:57.091 [main] DEBUG com.github.dockerjava.zerodep.shaded.org.apache.hc.client5.http.impl.classic.ProtocolExec - ex-00000062: proxy auth state: UNCHALLENGED
03:32:57.091 [main] DEBUG com.github.dockerjava.zerodep.shaded.org.apache.hc.client5.http.impl.classic.ConnectExec - ex-00000062: acquiring connection with route {}->unix://localhost:2375
03:32:57.091 [main] DEBUG com.github.dockerjava.zerodep.shaded.org.apache.hc.client5.http.impl.classic.InternalHttpClient - ex-00000062: acquiring endpoint (3 MINUTES)
03:32:57.091 [main] DEBUG com.github.dockerjava.zerodep.shaded.org.apache.hc.client5.http.impl.io.PoolingHttpClientConnectionManager - ex-00000062: endpoint lease request (3 MINUTES) [route: {}->unix://localhost:2375][total available: 1; route allocated: 1 of 2147483647; total allocated: 1 of 2147483647]
03:32:57.091 [main] DEBUG com.github.dockerjava.zerodep.shaded.org.apache.hc.client5.http.impl.io.PoolingHttpClientConnectionManager - ex-00000062: endpoint leased [route: {}->unix://localhost:2375][total available: 0; route allocated: 1 of 2147483647; total allocated: 1 of 2147483647]
03:32:57.091 [main] DEBUG com.github.dockerjava.zerodep.shaded.org.apache.hc.client5.http.impl.io.PoolingHttpClientConnectionManager - ex-00000062: acquired ep-00000061
03:32:57.091 [main] DEBUG com.github.dockerjava.zerodep.shaded.org.apache.hc.client5.http.impl.classic.InternalHttpClient - ex-00000062: acquired endpoint ep-00000061
03:32:57.091 [main] DEBUG com.github.dockerjava.zerodep.shaded.org.apache.hc.client5.http.impl.classic.MainClientExec - ex-00000062: executing GET /v1.32/containers/9691e31891711283f4d98263d11bc6156717d3e75a0b86a23f3b128a992c1f38/json HTTP/1.1
03:32:57.091 [main] DEBUG com.github.dockerjava.zerodep.shaded.org.apache.hc.client5.http.impl.classic.InternalHttpClient - ep-00000061: start execution ex-00000062
03:32:57.091 [main] DEBUG com.github.dockerjava.zerodep.shaded.org.apache.hc.client5.http.impl.io.PoolingHttpClientConnectionManager - ep-00000061: executing exchange ex-00000062 over http-outgoing-2
03:32:57.091 [main] DEBUG com.github.dockerjava.zerodep.shaded.org.apache.hc.client5.http.headers - http-outgoing-2 >> GET /v1.32/containers/9691e31891711283f4d98263d11bc6156717d3e75a0b86a23f3b128a992c1f38/json HTTP/1.1
03:32:57.091 [main] DEBUG com.github.dockerjava.zerodep.shaded.org.apache.hc.client5.http.headers - http-outgoing-2 >> accept: application/json
03:32:57.091 [main] DEBUG com.github.dockerjava.zerodep.shaded.org.apache.hc.client5.http.headers - http-outgoing-2 >> Accept-Encoding: gzip, x-gzip, deflate
03:32:57.091 [main] DEBUG com.github.dockerjava.zerodep.shaded.org.apache.hc.client5.http.headers - http-outgoing-2 >> Host: localhost:2375
03:32:57.091 [main] DEBUG com.github.dockerjava.zerodep.shaded.org.apache.hc.client5.http.headers - http-outgoing-2 >> Connection: keep-alive
03:32:57.091 [main] DEBUG com.github.dockerjava.zerodep.shaded.org.apache.hc.client5.http.headers - http-outgoing-2 >> User-Agent: Apache-HttpClient/5.0.3 (Java/11.0.15)
03:32:57.091 [main] DEBUG com.github.dockerjava.zerodep.shaded.org.apache.hc.client5.http.wire - http-outgoing-2 >> "GET /v1.32/containers/9691e31891711283f4d98263d11bc6156717d3e75a0b86a23f3b128a992c1f38/json HTTP/1.1[\r][\n]"
03:32:57.091 [main] DEBUG com.github.dockerjava.zerodep.shaded.org.apache.hc.client5.http.wire - http-outgoing-2 >> "accept: application/json[\r][\n]"
03:32:57.091 [main] DEBUG com.github.dockerjava.zerodep.shaded.org.apache.hc.client5.http.wire - http-outgoing-2 >> "Accept-Encoding: gzip, x-gzip, deflate[\r][\n]"
03:32:57.091 [main] DEBUG com.github.dockerjava.zerodep.shaded.org.apache.hc.client5.http.wire - http-outgoing-2 >> "Host: localhost:2375[\r][\n]"
03:32:57.091 [main] DEBUG com.github.dockerjava.zerodep.shaded.org.apache.hc.client5.http.wire - http-outgoing-2 >> "Connection: keep-alive[\r][\n]"
03:32:57.091 [main] DEBUG com.github.dockerjava.zerodep.shaded.org.apache.hc.client5.http.wire - http-outgoing-2 >> "User-Agent: Apache-HttpClient/5.0.3 (Java/11.0.15)[\r][\n]"
03:32:57.091 [main] DEBUG com.github.dockerjava.zerodep.shaded.org.apache.hc.client5.http.wire - http-outgoing-2 >> "[\r][\n]"
03:32:57.092 [main] DEBUG com.github.dockerjava.zerodep.shaded.org.apache.hc.client5.http.wire - http-outgoing-2 << "HTTP/1.1 200 OK[\r][\n]"
03:32:57.092 [main] DEBUG com.github.dockerjava.zerodep.shaded.org.apache.hc.client5.http.wire - http-outgoing-2 << "Api-Version: 1.41[\r][\n]"
03:32:57.092 [main] DEBUG com.github.dockerjava.zerodep.shaded.org.apache.hc.client5.http.wire - http-outgoing-2 << "Content-Type: application/json[\r][\n]"
03:32:57.092 [main] DEBUG com.github.dockerjava.zerodep.shaded.org.apache.hc.client5.http.wire - http-outgoing-2 << "Docker-Experimental: false[\r][\n]"
03:32:57.092 [main] DEBUG com.github.dockerjava.zerodep.shaded.org.apache.hc.client5.http.wire - http-outgoing-2 << "Ostype: linux[\r][\n]"
03:32:57.092 [main] DEBUG com.github.dockerjava.zerodep.shaded.org.apache.hc.client5.http.wire - http-outgoing-2 << "Server: Docker/20.10.12 (linux)[\r][\n]"
03:32:57.092 [main] DEBUG com.github.dockerjava.zerodep.shaded.org.apache.hc.client5.http.wire - http-outgoing-2 << "Date: Thu, 23 Jun 2022 02:32:57 GMT[\r][\n]"
03:32:57.092 [main] DEBUG com.github.dockerjava.zerodep.shaded.org.apache.hc.client5.http.wire - http-outgoing-2 << "Transfer-Encoding: chunked[\r][\n]"
03:32:57.092 [main] DEBUG com.github.dockerjava.zerodep.shaded.org.apache.hc.client5.http.wire - http-outgoing-2 << "[\r][\n]"
03:32:57.092 [main] DEBUG com.github.dockerjava.zerodep.shaded.org.apache.hc.client5.http.wire - http-outgoing-2 << "18ed[\r][\n]"
03:32:57.092 [main] DEBUG com.github.dockerjava.zerodep.shaded.org.apache.hc.client5.http.wire - http-outgoing-2 << "{"Id":"9691e31891711283f4d98263d11bc6156717d3e75a0b86a23f3b128a992c1f38","Created":"2022-06-23T02:32:47.03956921Z","Path":"docker-entrypoint.sh","Args":["mysqld"],"State":{"Status":"running","Running":true,"Paused":false,"Restarting":false,"OOMKilled":false,"Dead":false,"Pid":66188,"ExitCode":0,"Error":"","StartedAt":"2022-06-23T02:32:47.703880551Z","FinishedAt":"0001-01-01T00:00:00Z"},"Image":"sha256:65b636d5542b73254ce90cc4b895597dc1adc2c661ca553c38eda159979dded1","ResolvConfPath":"/var/lib/docker/containers/9691e31891711283f4d98263d11bc6156717d3e75a0b86a23f3b128a992c1f38/resolv.conf","HostnamePath":"/var/lib/docker/containers/9691e31891711283f4d98263d11bc6156717d3e75a0b86a23f3b128a992c1f38/hostname","HostsPath":"/var/lib/docker/containers/9691e31891711283f4d98263d11bc6156717d3e75a0b86a23f3b128a992c1f38/hosts","LogPath":"/var/lib/docker/containers/9691e31891711283f4d98263d11bc6156717d3e75a0b86a23f3b128a992c1f38/9691e31891711283f4d98263d11bc6156717d3e75a0b86a23f3b128a992c1f38-json.log","Name":"/xenodochial_satoshi","RestartCount":0,"Driver":"overlay2","Platform":"linux","MountLabel":"","ProcessLabel":"","AppArmorProfile":"docker-default","ExecIDs":null,"HostConfig":{"Binds":[],"ContainerIDFile":"","LogConfig":{"Type":"json-file","Config":{}},"NetworkMode":"default","PortBindings":{"3306/tcp":[{"HostIp":"","HostPort":""}]},"RestartPolicy":{"Name":"","MaximumRetryCount":0},"AutoRemove":false,"VolumeDriver":"","VolumesFrom":[],"CapAdd":null,"CapDrop":null,"CgroupnsMode":"host","Dns":null,"DnsOptions":null,"DnsSearch":null,"ExtraHosts":[],"GroupAdd":null,"IpcMode":"shareable","Cgroup":"","Links":null,"OomScoreAdj":0,"PidMode":"","Privileged":false,"PublishAllPorts":false,"ReadonlyRootfs":false,"SecurityOpt":null,"UTSMode":"","UsernsMode":"","ShmSize":67108864,"Runtime":"runc","ConsoleSize":[0,0],"Isolation":"","CpuShares":0,"Memory":0,"NanoCpus":0,"CgroupParent":"","BlkioWeight":0,"BlkioWeightDevice":null,"BlkioDeviceReadBps":null,"BlkioDeviceWriteBps":null,"BlkioDeviceReadIOps":null,"BlkioDeviceWriteIOps":null,"CpuPeriod":0,"CpuQuota":0,"CpuRealtimePeriod":0,"CpuRealtimeRuntime":0,"CpusetCpus":"","CpusetMems":"","Devices":null,"DeviceCgroupRules":null,"DeviceRequests":null,"KernelMemory":0,"KernelMemoryTCP":0,"MemoryReservation":0,"MemorySwap":0,"MemorySwappiness":null,"OomKillDisable":false,"PidsLimit":null,"Ulimits":null,"CpuCount":0,"CpuPercent":0,"IOMaximumIOps":0,"IOMaximumBandwidth":0,"MaskedPaths":["/proc/asound","/proc/acpi","/proc/kcore","/proc/keys","/proc/latency_stats","/proc/timer_list","/proc/timer_stats","/proc/sched_debug","/proc/scsi","/sys/firmware"],"ReadonlyPaths":["/proc/bus","/proc/fs","/proc/irq","/proc/sys","/proc/sysrq-trigger"]},"GraphDriver":{"Data":{"LowerDir":"/var/lib/docker/overlay2/5529564f52cf969e31e7a1482c27be7ffed19639b506ae2e15b7e7115f699a73-init/diff:/var/lib/docker/overlay2/833a665819b5d9728d3efa7c33135034345a24f83af53b1a1af33d9b64f5492a/diff:/var/lib/docker/overlay2/bd4a2a46c227c2f15475b08c398f37acaab93f4fdba31de015d730efae0a0cfc/diff:/var/lib/docker/overlay2/31ad437d7cba8e64428a2b62db1bbb2a2ec19ca4e439ec493ef4deb50dce2783/diff:/var/lib/docker/overlay2/35173cbd8ec5b88a8888e9abbe75f8694f5d3f96a9b781bb70dc1f0889685741/diff:/var/lib/docker/overlay2/24bf69ac4e8c81062fee44e7c9f746fffbb139c3f7f4b55b4fd1b23bb101b529/diff:/var/lib/docker/overlay2/2f27c96a7775dad186b6f0da325d5a251c80aa1b7f80cf8520f493c5154aee70/diff:/var/lib/docker/overlay2/463a60088c72ddbea82639ded15801e35a79c443f6a26bf1baf320c683cb06af/diff:/var/lib/docker/overlay2/80b8224b23a2ee4b5be635c58ae579fd1913aa95558cd66ab2f5e8430f00a5b8/diff:/var/lib/docker/overlay2/20451fa0b1a07b85d665bc3a0359d721ce4e4c28fa3bce7456ab25e0babae708/diff:/var/lib/docker/overlay2/f80d865cbc6c1c6f57d0963fa6234e7a6409e079eb17f4f13ca41d02731701ad/diff:/var/lib/docker/overlay2/5a3029e0b57c6ec9b985871ff6adf08356aaa0f2a15f1e34c1a7f116ecc4a61d/diff:/var/lib/docker/overlay2/4f3423103248d0b381a1bc6a7287e2b42313ff458cea602a02b7379014b03e0e/diff","MergedDir":"/var/lib/docker/overlay2/5529564f52cf969e31e7a1482c27be7ffed19639b506ae2e15b7e7115f699a73/merged","UpperDir":"/var/lib/docker/overlay2/5529564f52cf969e31e7a1482c27be7ffed19639b506ae2e15b7e7115f699a73/diff","WorkDir":"/var/lib/docker/overlay2/5529564f52cf969e31e7a1482c27be7ffed19639b506ae2e15b7e7115f699a73/work"},"Name":"overlay2"},"Mounts":[{"Type":"volume","Name":"fd1f613c7fe3ca3ae799982507ac3f565cc9f6a2dc99ceaed92389e2c43f47d1","Source":"/var/lib/docker/volumes/fd1f613c7fe3ca3ae799982507ac3f565cc9f6a2dc99ceaed92389e2c43f47d1/_data","Destination":"/var/lib/mysql","Driver":"local","Mode":"","RW":true,"Propagation":""}],"Config":{"Hostname":"9691e3189171","Domainname":"","User":"","AttachStdin":false,"AttachStdout":false,"AttachStderr":false,"ExposedPorts":{"3306/tcp":{},"33060/tcp":{}},"Tty":false,"OpenStdin":false,"StdinOnce":false,"Env":["MYSQL_DATABASE=test","MYSQL_PASSWORD=admin","MYSQL_USER=admin","MYSQL_ROOT_PASSWORD=admin","PATH=/usr/local/sbin:/usr/local/bin:/usr/sbin:/usr/bin:/sbin:/bin","GOSU_VERSION=1.14","MYSQL_MAJOR=8.0","MYSQL_VERSION=8.0.29-1debian10"],"Cmd":["mysqld"],"Image":"mysql:8.0","Volumes":{"/var/lib/mysql":{}},"WorkingDir":"","Entrypoint":["docker-entrypoint.sh"],"OnBuild":null,"Labels":{"org.testcontainers":"true","org.testcontainers.sessionId":"d48265e4-2b28-4f8c-aa67-76dd8289af84"}},"NetworkSettings":{"Bridge":"","SandboxID":"d9de8570fe3f0a4e9f3a1ff7101c963bbd2c6a0a9d8a867b96f17f4d5edca537","HairpinMode":false,"LinkLocalIPv6Address":"","LinkLocalIPv6PrefixLen":0,"Ports":{"3306/tcp":[{"HostIp":"0.0.0.0","HostPort":"49160"},{"HostIp":"::","HostPort":"49160"}],"33060/tcp":null},"SandboxKey":"/var/run/docker/netns/d9de8570fe3f","SecondaryIPAddresses":null,"SecondaryIPv6Addresses":null,"EndpointID":"93e8fe159f683a98670e8995677c2b130dbce857fc116679206e206bda319cbf","Gateway":"172.17.0.1","GlobalIPv6Address":"","GlobalIPv6PrefixLen":0,"IPAddress":"172.17.0.3","IPPrefixLen":16,"IPv6Gateway":"","MacAddress":"02:42:ac:11:00:03","Networks":{"bridge":{"IPAMConfig":null,"Links":null,"Aliases":null,"NetworkID":"1853cd2b9856825cc97ed9ef2b12efa82d95bf9cf60ad666c276eb35cc53539e","EndpointID":"93e8fe159f683a98670e8995677c2b130dbce857fc116679206e206bda319cbf","Gateway":"172.17.0.1","IPAddress":"172.17.0.3","IPPrefixLen":16,"IPv6Gateway":"","GlobalIPv6Address":"","GlobalIPv6PrefixLen":0,"MacAddress":"02:42:ac:11:00:03","DriverOpts":null}}}}[\n]"
03:32:57.092 [main] DEBUG com.github.dockerjava.zerodep.shaded.org.apache.hc.client5.http.wire - http-outgoing-2 << "[\r][\n]"
03:32:57.092 [main] DEBUG com.github.dockerjava.zerodep.shaded.org.apache.hc.client5.http.wire - http-outgoing-2 << "0[\r][\n]"
03:32:57.092 [main] DEBUG com.github.dockerjava.zerodep.shaded.org.apache.hc.client5.http.wire - http-outgoing-2 << "[\r][\n]"
03:32:57.092 [main] DEBUG com.github.dockerjava.zerodep.shaded.org.apache.hc.client5.http.headers - http-outgoing-2 << HTTP/1.1 200 OK
03:32:57.092 [main] DEBUG com.github.dockerjava.zerodep.shaded.org.apache.hc.client5.http.headers - http-outgoing-2 << Api-Version: 1.41
03:32:57.092 [main] DEBUG com.github.dockerjava.zerodep.shaded.org.apache.hc.client5.http.headers - http-outgoing-2 << Content-Type: application/json
03:32:57.092 [main] DEBUG com.github.dockerjava.zerodep.shaded.org.apache.hc.client5.http.headers - http-outgoing-2 << Docker-Experimental: false
03:32:57.092 [main] DEBUG com.github.dockerjava.zerodep.shaded.org.apache.hc.client5.http.headers - http-outgoing-2 << Ostype: linux
03:32:57.092 [main] DEBUG com.github.dockerjava.zerodep.shaded.org.apache.hc.client5.http.headers - http-outgoing-2 << Server: Docker/20.10.12 (linux)
03:32:57.092 [main] DEBUG com.github.dockerjava.zerodep.shaded.org.apache.hc.client5.http.headers - http-outgoing-2 << Date: Thu, 23 Jun 2022 02:32:57 GMT
03:32:57.092 [main] DEBUG com.github.dockerjava.zerodep.shaded.org.apache.hc.client5.http.headers - http-outgoing-2 << Transfer-Encoding: chunked
03:32:57.092 [main] DEBUG com.github.dockerjava.zerodep.shaded.org.apache.hc.client5.http.impl.classic.MainClientExec - ex-00000062: connection can be kept alive for 3 MINUTES
03:32:57.093 [main] DEBUG com.github.dockerjava.zerodep.shaded.org.apache.hc.client5.http.impl.classic.InternalHttpClient - ep-00000061: releasing valid endpoint
03:32:57.093 [main] DEBUG com.github.dockerjava.zerodep.shaded.org.apache.hc.client5.http.impl.io.PoolingHttpClientConnectionManager - ep-00000061: releasing endpoint
03:32:57.093 [main] DEBUG com.github.dockerjava.zerodep.shaded.org.apache.hc.client5.http.impl.io.PoolingHttpClientConnectionManager - ep-00000061: connection http-outgoing-2 can be kept alive for 3 MINUTES
03:32:57.093 [main] DEBUG com.github.dockerjava.zerodep.shaded.org.apache.hc.client5.http.impl.io.PoolingHttpClientConnectionManager - ep-00000061: connection released [route: {}->unix://localhost:2375][total available: 1; route allocated: 1 of 2147483647; total allocated: 1 of 2147483647]
03:32:57.093 [main] DEBUG 🐳 [mysql:8.0] - Trying to create JDBC connection using com.mysql.cj.jdbc.Driver to jdbc:mysql://localhost:49160/test?useSSL=false&allowPublicKeyRetrieval=true with properties: {password=admin, user=admin}
03:32:57.195 [main] DEBUG org.testcontainers.shaded.com.github.dockerjava.core.command.AbstrDockerCmd - Cmd: 9691e31891711283f4d98263d11bc6156717d3e75a0b86a23f3b128a992c1f38,false
03:32:57.195 [main] DEBUG org.testcontainers.shaded.com.github.dockerjava.core.exec.InspectContainerCmdExec - GET: DefaultWebTarget{path=[/containers/9691e31891711283f4d98263d11bc6156717d3e75a0b86a23f3b128a992c1f38/json], queryParams={}}
03:32:57.195 [main] DEBUG com.github.dockerjava.zerodep.shaded.org.apache.hc.client5.http.impl.classic.InternalHttpClient - ex-00000063: preparing request execution
03:32:57.196 [main] DEBUG com.github.dockerjava.zerodep.shaded.org.apache.hc.client5.http.protocol.RequestAddCookies - Cookie spec selected: strict
03:32:57.196 [main] DEBUG com.github.dockerjava.zerodep.shaded.org.apache.hc.client5.http.protocol.RequestAuthCache - Auth cache not set in the context
03:32:57.196 [main] DEBUG com.github.dockerjava.zerodep.shaded.org.apache.hc.client5.http.impl.classic.ProtocolExec - ex-00000063: target auth state: UNCHALLENGED
03:32:57.196 [main] DEBUG com.github.dockerjava.zerodep.shaded.org.apache.hc.client5.http.impl.classic.ProtocolExec - ex-00000063: proxy auth state: UNCHALLENGED
03:32:57.196 [main] DEBUG com.github.dockerjava.zerodep.shaded.org.apache.hc.client5.http.impl.classic.ConnectExec - ex-00000063: acquiring connection with route {}->unix://localhost:2375
03:32:57.196 [main] DEBUG com.github.dockerjava.zerodep.shaded.org.apache.hc.client5.http.impl.classic.InternalHttpClient - ex-00000063: acquiring endpoint (3 MINUTES)
03:32:57.196 [main] DEBUG com.github.dockerjava.zerodep.shaded.org.apache.hc.client5.http.impl.io.PoolingHttpClientConnectionManager - ex-00000063: endpoint lease request (3 MINUTES) [route: {}->unix://localhost:2375][total available: 1; route allocated: 1 of 2147483647; total allocated: 1 of 2147483647]
03:32:57.196 [main] DEBUG com.github.dockerjava.zerodep.shaded.org.apache.hc.client5.http.impl.io.PoolingHttpClientConnectionManager - ex-00000063: endpoint leased [route: {}->unix://localhost:2375][total available: 0; route allocated: 1 of 2147483647; total allocated: 1 of 2147483647]
03:32:57.196 [main] DEBUG com.github.dockerjava.zerodep.shaded.org.apache.hc.client5.http.impl.io.PoolingHttpClientConnectionManager - ex-00000063: acquired ep-00000062
03:32:57.196 [main] DEBUG com.github.dockerjava.zerodep.shaded.org.apache.hc.client5.http.impl.classic.InternalHttpClient - ex-00000063: acquired endpoint ep-00000062
03:32:57.196 [main] DEBUG com.github.dockerjava.zerodep.shaded.org.apache.hc.client5.http.impl.classic.MainClientExec - ex-00000063: executing GET /v1.32/containers/9691e31891711283f4d98263d11bc6156717d3e75a0b86a23f3b128a992c1f38/json HTTP/1.1
03:32:57.196 [main] DEBUG com.github.dockerjava.zerodep.shaded.org.apache.hc.client5.http.impl.classic.InternalHttpClient - ep-00000062: start execution ex-00000063
03:32:57.196 [main] DEBUG com.github.dockerjava.zerodep.shaded.org.apache.hc.client5.http.impl.io.PoolingHttpClientConnectionManager - ep-00000062: executing exchange ex-00000063 over http-outgoing-2
03:32:57.196 [main] DEBUG com.github.dockerjava.zerodep.shaded.org.apache.hc.client5.http.headers - http-outgoing-2 >> GET /v1.32/containers/9691e31891711283f4d98263d11bc6156717d3e75a0b86a23f3b128a992c1f38/json HTTP/1.1
03:32:57.196 [main] DEBUG com.github.dockerjava.zerodep.shaded.org.apache.hc.client5.http.headers - http-outgoing-2 >> accept: application/json
03:32:57.196 [main] DEBUG com.github.dockerjava.zerodep.shaded.org.apache.hc.client5.http.headers - http-outgoing-2 >> Accept-Encoding: gzip, x-gzip, deflate
03:32:57.196 [main] DEBUG com.github.dockerjava.zerodep.shaded.org.apache.hc.client5.http.headers - http-outgoing-2 >> Host: localhost:2375
03:32:57.196 [main] DEBUG com.github.dockerjava.zerodep.shaded.org.apache.hc.client5.http.headers - http-outgoing-2 >> Connection: keep-alive
03:32:57.196 [main] DEBUG com.github.dockerjava.zerodep.shaded.org.apache.hc.client5.http.headers - http-outgoing-2 >> User-Agent: Apache-HttpClient/5.0.3 (Java/11.0.15)
03:32:57.196 [main] DEBUG com.github.dockerjava.zerodep.shaded.org.apache.hc.client5.http.wire - http-outgoing-2 >> "GET /v1.32/containers/9691e31891711283f4d98263d11bc6156717d3e75a0b86a23f3b128a992c1f38/json HTTP/1.1[\r][\n]"
03:32:57.196 [main] DEBUG com.github.dockerjava.zerodep.shaded.org.apache.hc.client5.http.wire - http-outgoing-2 >> "accept: application/json[\r][\n]"
03:32:57.196 [main] DEBUG com.github.dockerjava.zerodep.shaded.org.apache.hc.client5.http.wire - http-outgoing-2 >> "Accept-Encoding: gzip, x-gzip, deflate[\r][\n]"
03:32:57.196 [main] DEBUG com.github.dockerjava.zerodep.shaded.org.apache.hc.client5.http.wire - http-outgoing-2 >> "Host: localhost:2375[\r][\n]"
03:32:57.196 [main] DEBUG com.github.dockerjava.zerodep.shaded.org.apache.hc.client5.http.wire - http-outgoing-2 >> "Connection: keep-alive[\r][\n]"
03:32:57.196 [main] DEBUG com.github.dockerjava.zerodep.shaded.org.apache.hc.client5.http.wire - http-outgoing-2 >> "User-Agent: Apache-HttpClient/5.0.3 (Java/11.0.15)[\r][\n]"
03:32:57.196 [main] DEBUG com.github.dockerjava.zerodep.shaded.org.apache.hc.client5.http.wire - http-outgoing-2 >> "[\r][\n]"
03:32:57.197 [main] DEBUG com.github.dockerjava.zerodep.shaded.org.apache.hc.client5.http.wire - http-outgoing-2 << "HTTP/1.1 200 OK[\r][\n]"
03:32:57.197 [main] DEBUG com.github.dockerjava.zerodep.shaded.org.apache.hc.client5.http.wire - http-outgoing-2 << "Api-Version: 1.41[\r][\n]"
03:32:57.197 [main] DEBUG com.github.dockerjava.zerodep.shaded.org.apache.hc.client5.http.wire - http-outgoing-2 << "Content-Type: application/json[\r][\n]"
03:32:57.197 [main] DEBUG com.github.dockerjava.zerodep.shaded.org.apache.hc.client5.http.wire - http-outgoing-2 << "Docker-Experimental: false[\r][\n]"
03:32:57.197 [main] DEBUG com.github.dockerjava.zerodep.shaded.org.apache.hc.client5.http.wire - http-outgoing-2 << "Ostype: linux[\r][\n]"
03:32:57.197 [main] DEBUG com.github.dockerjava.zerodep.shaded.org.apache.hc.client5.http.wire - http-outgoing-2 << "Server: Docker/20.10.12 (linux)[\r][\n]"
03:32:57.197 [main] DEBUG com.github.dockerjava.zerodep.shaded.org.apache.hc.client5.http.wire - http-outgoing-2 << "Date: Thu, 23 Jun 2022 02:32:57 GMT[\r][\n]"
03:32:57.197 [main] DEBUG com.github.dockerjava.zerodep.shaded.org.apache.hc.client5.http.wire - http-outgoing-2 << "Transfer-Encoding: chunked[\r][\n]"
03:32:57.197 [main] DEBUG com.github.dockerjava.zerodep.shaded.org.apache.hc.client5.http.wire - http-outgoing-2 << "[\r][\n]"
03:32:57.197 [main] DEBUG com.github.dockerjava.zerodep.shaded.org.apache.hc.client5.http.wire - http-outgoing-2 << "18ed[\r][\n]"
03:32:57.197 [main] DEBUG com.github.dockerjava.zerodep.shaded.org.apache.hc.client5.http.wire - http-outgoing-2 << "{"Id":"9691e31891711283f4d98263d11bc6156717d3e75a0b86a23f3b128a992c1f38","Created":"2022-06-23T02:32:47.03956921Z","Path":"docker-entrypoint.sh","Args":["mysqld"],"State":{"Status":"running","Running":true,"Paused":false,"Restarting":false,"OOMKilled":false,"Dead":false,"Pid":66188,"ExitCode":0,"Error":"","StartedAt":"2022-06-23T02:32:47.703880551Z","FinishedAt":"0001-01-01T00:00:00Z"},"Image":"sha256:65b636d5542b73254ce90cc4b895597dc1adc2c661ca553c38eda159979dded1","ResolvConfPath":"/var/lib/docker/containers/9691e31891711283f4d98263d11bc6156717d3e75a0b86a23f3b128a992c1f38/resolv.conf","HostnamePath":"/var/lib/docker/containers/9691e31891711283f4d98263d11bc6156717d3e75a0b86a23f3b128a992c1f38/hostname","HostsPath":"/var/lib/docker/containers/9691e31891711283f4d98263d11bc6156717d3e75a0b86a23f3b128a992c1f38/hosts","LogPath":"/var/lib/docker/containers/9691e31891711283f4d98263d11bc6156717d3e75a0b86a23f3b128a992c1f38/9691e31891711283f4d98263d11bc6156717d3e75a0b86a23f3b128a992c1f38-json.log","Name":"/xenodochial_satoshi","RestartCount":0,"Driver":"overlay2","Platform":"linux","MountLabel":"","ProcessLabel":"","AppArmorProfile":"docker-default","ExecIDs":null,"HostConfig":{"Binds":[],"ContainerIDFile":"","LogConfig":{"Type":"json-file","Config":{}},"NetworkMode":"default","PortBindings":{"3306/tcp":[{"HostIp":"","HostPort":""}]},"RestartPolicy":{"Name":"","MaximumRetryCount":0},"AutoRemove":false,"VolumeDriver":"","VolumesFrom":[],"CapAdd":null,"CapDrop":null,"CgroupnsMode":"host","Dns":null,"DnsOptions":null,"DnsSearch":null,"ExtraHosts":[],"GroupAdd":null,"IpcMode":"shareable","Cgroup":"","Links":null,"OomScoreAdj":0,"PidMode":"","Privileged":false,"PublishAllPorts":false,"ReadonlyRootfs":false,"SecurityOpt":null,"UTSMode":"","UsernsMode":"","ShmSize":67108864,"Runtime":"runc","ConsoleSize":[0,0],"Isolation":"","CpuShares":0,"Memory":0,"NanoCpus":0,"CgroupParent":"","BlkioWeight":0,"BlkioWeightDevice":null,"BlkioDeviceReadBps":null,"BlkioDeviceWriteBps":null,"BlkioDeviceReadIOps":null,"BlkioDeviceWriteIOps":null,"CpuPeriod":0,"CpuQuota":0,"CpuRealtimePeriod":0,"CpuRealtimeRuntime":0,"CpusetCpus":"","CpusetMems":"","Devices":null,"DeviceCgroupRules":null,"DeviceRequests":null,"KernelMemory":0,"KernelMemoryTCP":0,"MemoryReservation":0,"MemorySwap":0,"MemorySwappiness":null,"OomKillDisable":false,"PidsLimit":null,"Ulimits":null,"CpuCount":0,"CpuPercent":0,"IOMaximumIOps":0,"IOMaximumBandwidth":0,"MaskedPaths":["/proc/asound","/proc/acpi","/proc/kcore","/proc/keys","/proc/latency_stats","/proc/timer_list","/proc/timer_stats","/proc/sched_debug","/proc/scsi","/sys/firmware"],"ReadonlyPaths":["/proc/bus","/proc/fs","/proc/irq","/proc/sys","/proc/sysrq-trigger"]},"GraphDriver":{"Data":{"LowerDir":"/var/lib/docker/overlay2/5529564f52cf969e31e7a1482c27be7ffed19639b506ae2e15b7e7115f699a73-init/diff:/var/lib/docker/overlay2/833a665819b5d9728d3efa7c33135034345a24f83af53b1a1af33d9b64f5492a/diff:/var/lib/docker/overlay2/bd4a2a46c227c2f15475b08c398f37acaab93f4fdba31de015d730efae0a0cfc/diff:/var/lib/docker/overlay2/31ad437d7cba8e64428a2b62db1bbb2a2ec19ca4e439ec493ef4deb50dce2783/diff:/var/lib/docker/overlay2/35173cbd8ec5b88a8888e9abbe75f8694f5d3f96a9b781bb70dc1f0889685741/diff:/var/lib/docker/overlay2/24bf69ac4e8c81062fee44e7c9f746fffbb139c3f7f4b55b4fd1b23bb101b529/diff:/var/lib/docker/overlay2/2f27c96a7775dad186b6f0da325d5a251c80aa1b7f80cf8520f493c5154aee70/diff:/var/lib/docker/overlay2/463a60088c72ddbea82639ded15801e35a79c443f6a26bf1baf320c683cb06af/diff:/var/lib/docker/overlay2/80b8224b23a2ee4b5be635c58ae579fd1913aa95558cd66ab2f5e8430f00a5b8/diff:/var/lib/docker/overlay2/20451fa0b1a07b85d665bc3a0359d721ce4e4c28fa3bce7456ab25e0babae708/diff:/var/lib/docker/overlay2/f80d865cbc6c1c6f57d0963fa6234e7a6409e079eb17f4f13ca41d02731701ad/diff:/var/lib/docker/overlay2/5a3029e0b57c6ec9b985871ff6adf08356aaa0f2a15f1e34c1a7f116ecc4a61d/diff:/var/lib/docker/overlay2/4f3423103248d0b381a1bc6a7287e2b42313ff458cea602a02b7379014b03e0e/diff","MergedDir":"/var/lib/docker/overlay2/5529564f52cf969e31e7a1482c27be7ffed19639b506ae2e15b7e7115f699a73/merged","UpperDir":"/var/lib/docker/overlay2/5529564f52cf969e31e7a1482c27be7ffed19639b506ae2e15b7e7115f699a73/diff","WorkDir":"/var/lib/docker/overlay2/5529564f52cf969e31e7a1482c27be7ffed19639b506ae2e15b7e7115f699a73/work"},"Name":"overlay2"},"Mounts":[{"Type":"volume","Name":"fd1f613c7fe3ca3ae799982507ac3f565cc9f6a2dc99ceaed92389e2c43f47d1","Source":"/var/lib/docker/volumes/fd1f613c7fe3ca3ae799982507ac3f565cc9f6a2dc99ceaed92389e2c43f47d1/_data","Destination":"/var/lib/mysql","Driver":"local","Mode":"","RW":true,"Propagation":""}],"Config":{"Hostname":"9691e3189171","Domainname":"","User":"","AttachStdin":false,"AttachStdout":false,"AttachStderr":false,"ExposedPorts":{"3306/tcp":{},"33060/tcp":{}},"Tty":false,"OpenStdin":false,"StdinOnce":false,"Env":["MYSQL_DATABASE=test","MYSQL_PASSWORD=admin","MYSQL_USER=admin","MYSQL_ROOT_PASSWORD=admin","PATH=/usr/local/sbin:/usr/local/bin:/usr/sbin:/usr/bin:/sbin:/bin","GOSU_VERSION=1.14","MYSQL_MAJOR=8.0","MYSQL_VERSION=8.0.29-1debian10"],"Cmd":["mysqld"],"Image":"mysql:8.0","Volumes":{"/var/lib/mysql":{}},"WorkingDir":"","Entrypoint":["docker-entrypoint.sh"],"OnBuild":null,"Labels":{"org.testcontainers":"true","org.testcontainers.sessionId":"d48265e4-2b28-4f8c-aa67-76dd8289af84"}},"NetworkSettings":{"Bridge":"","SandboxID":"d9de8570fe3f0a4e9f3a1ff7101c963bbd2c6a0a9d8a867b96f17f4d5edca537","HairpinMode":false,"LinkLocalIPv6Address":"","LinkLocalIPv6PrefixLen":0,"Ports":{"3306/tcp":[{"HostIp":"0.0.0.0","HostPort":"49160"},{"HostIp":"::","HostPort":"49160"}],"33060/tcp":null},"SandboxKey":"/var/run/docker/netns/d9de8570fe3f","SecondaryIPAddresses":null,"SecondaryIPv6Addresses":null,"EndpointID":"93e8fe159f683a98670e8995677c2b130dbce857fc116679206e206bda319cbf","Gateway":"172.17.0.1","GlobalIPv6Address":"","GlobalIPv6PrefixLen":0,"IPAddress":"172.17.0.3","IPPrefixLen":16,"IPv6Gateway":"","MacAddress":"02:42:ac:11:00:03","Networks":{"bridge":{"IPAMConfig":null,"Links":null,"Aliases":null,"NetworkID":"1853cd2b9856825cc97ed9ef2b12efa82d95bf9cf60ad666c276eb35cc53539e","EndpointID":"93e8fe159f683a98670e8995677c2b130dbce857fc116679206e206bda319cbf","Gateway":"172.17.0.1","IPAddress":"172.17.0.3","IPPrefixLen":16,"IPv6Gateway":"","GlobalIPv6Address":"","GlobalIPv6PrefixLen":0,"MacAddress":"02:42:ac:11:00:03","DriverOpts":null}}}}[\n]"
03:32:57.197 [main] DEBUG com.github.dockerjava.zerodep.shaded.org.apache.hc.client5.http.wire - http-outgoing-2 << "[\r][\n]"
03:32:57.197 [main] DEBUG com.github.dockerjava.zerodep.shaded.org.apache.hc.client5.http.wire - http-outgoing-2 << "0[\r][\n]"
03:32:57.197 [main] DEBUG com.github.dockerjava.zerodep.shaded.org.apache.hc.client5.http.wire - http-outgoing-2 << "[\r][\n]"
03:32:57.197 [main] DEBUG com.github.dockerjava.zerodep.shaded.org.apache.hc.client5.http.headers - http-outgoing-2 << HTTP/1.1 200 OK
03:32:57.197 [main] DEBUG com.github.dockerjava.zerodep.shaded.org.apache.hc.client5.http.headers - http-outgoing-2 << Api-Version: 1.41
03:32:57.197 [main] DEBUG com.github.dockerjava.zerodep.shaded.org.apache.hc.client5.http.headers - http-outgoing-2 << Content-Type: application/json
03:32:57.197 [main] DEBUG com.github.dockerjava.zerodep.shaded.org.apache.hc.client5.http.headers - http-outgoing-2 << Docker-Experimental: false
03:32:57.197 [main] DEBUG com.github.dockerjava.zerodep.shaded.org.apache.hc.client5.http.headers - http-outgoing-2 << Ostype: linux
03:32:57.197 [main] DEBUG com.github.dockerjava.zerodep.shaded.org.apache.hc.client5.http.headers - http-outgoing-2 << Server: Docker/20.10.12 (linux)
03:32:57.197 [main] DEBUG com.github.dockerjava.zerodep.shaded.org.apache.hc.client5.http.headers - http-outgoing-2 << Date: Thu, 23 Jun 2022 02:32:57 GMT
03:32:57.197 [main] DEBUG com.github.dockerjava.zerodep.shaded.org.apache.hc.client5.http.headers - http-outgoing-2 << Transfer-Encoding: chunked
03:32:57.200 [main] DEBUG com.github.dockerjava.zerodep.shaded.org.apache.hc.client5.http.impl.classic.MainClientExec - ex-00000063: connection can be kept alive for 3 MINUTES
03:32:57.202 [main] DEBUG com.github.dockerjava.zerodep.shaded.org.apache.hc.client5.http.impl.classic.InternalHttpClient - ep-00000062: releasing valid endpoint
03:32:57.202 [main] DEBUG com.github.dockerjava.zerodep.shaded.org.apache.hc.client5.http.impl.io.PoolingHttpClientConnectionManager - ep-00000062: releasing endpoint
03:32:57.202 [main] DEBUG com.github.dockerjava.zerodep.shaded.org.apache.hc.client5.http.impl.io.PoolingHttpClientConnectionManager - ep-00000062: connection http-outgoing-2 can be kept alive for 3 MINUTES
03:32:57.202 [main] DEBUG com.github.dockerjava.zerodep.shaded.org.apache.hc.client5.http.impl.io.PoolingHttpClientConnectionManager - ep-00000062: connection released [route: {}->unix://localhost:2375][total available: 1; route allocated: 1 of 2147483647; total allocated: 1 of 2147483647]
03:32:57.202 [main] DEBUG 🐳 [mysql:8.0] - Trying to create JDBC connection using com.mysql.cj.jdbc.Driver to jdbc:mysql://localhost:49160/test?useSSL=false&allowPublicKeyRetrieval=true with properties: {password=admin, user=admin}
03:32:57.310 [main] DEBUG org.testcontainers.shaded.com.github.dockerjava.core.command.AbstrDockerCmd - Cmd: 9691e31891711283f4d98263d11bc6156717d3e75a0b86a23f3b128a992c1f38,false
03:32:57.310 [main] DEBUG org.testcontainers.shaded.com.github.dockerjava.core.exec.InspectContainerCmdExec - GET: DefaultWebTarget{path=[/containers/9691e31891711283f4d98263d11bc6156717d3e75a0b86a23f3b128a992c1f38/json], queryParams={}}
03:32:57.310 [main] DEBUG com.github.dockerjava.zerodep.shaded.org.apache.hc.client5.http.impl.classic.InternalHttpClient - ex-00000064: preparing request execution
03:32:57.310 [main] DEBUG com.github.dockerjava.zerodep.shaded.org.apache.hc.client5.http.protocol.RequestAddCookies - Cookie spec selected: strict
03:32:57.310 [main] DEBUG com.github.dockerjava.zerodep.shaded.org.apache.hc.client5.http.protocol.RequestAuthCache - Auth cache not set in the context
03:32:57.310 [main] DEBUG com.github.dockerjava.zerodep.shaded.org.apache.hc.client5.http.impl.classic.ProtocolExec - ex-00000064: target auth state: UNCHALLENGED
03:32:57.310 [main] DEBUG com.github.dockerjava.zerodep.shaded.org.apache.hc.client5.http.impl.classic.ProtocolExec - ex-00000064: proxy auth state: UNCHALLENGED
03:32:57.310 [main] DEBUG com.github.dockerjava.zerodep.shaded.org.apache.hc.client5.http.impl.classic.ConnectExec - ex-00000064: acquiring connection with route {}->unix://localhost:2375
03:32:57.310 [main] DEBUG com.github.dockerjava.zerodep.shaded.org.apache.hc.client5.http.impl.classic.InternalHttpClient - ex-00000064: acquiring endpoint (3 MINUTES)
03:32:57.310 [main] DEBUG com.github.dockerjava.zerodep.shaded.org.apache.hc.client5.http.impl.io.PoolingHttpClientConnectionManager - ex-00000064: endpoint lease request (3 MINUTES) [route: {}->unix://localhost:2375][total available: 1; route allocated: 1 of 2147483647; total allocated: 1 of 2147483647]
03:32:57.311 [main] DEBUG com.github.dockerjava.zerodep.shaded.org.apache.hc.client5.http.impl.io.PoolingHttpClientConnectionManager - ex-00000064: endpoint leased [route: {}->unix://localhost:2375][total available: 0; route allocated: 1 of 2147483647; total allocated: 1 of 2147483647]
03:32:57.311 [main] DEBUG com.github.dockerjava.zerodep.shaded.org.apache.hc.client5.http.impl.io.PoolingHttpClientConnectionManager - ex-00000064: acquired ep-00000063
03:32:57.311 [main] DEBUG com.github.dockerjava.zerodep.shaded.org.apache.hc.client5.http.impl.classic.InternalHttpClient - ex-00000064: acquired endpoint ep-00000063
03:32:57.311 [main] DEBUG com.github.dockerjava.zerodep.shaded.org.apache.hc.client5.http.impl.classic.MainClientExec - ex-00000064: executing GET /v1.32/containers/9691e31891711283f4d98263d11bc6156717d3e75a0b86a23f3b128a992c1f38/json HTTP/1.1
03:32:57.311 [main] DEBUG com.github.dockerjava.zerodep.shaded.org.apache.hc.client5.http.impl.classic.InternalHttpClient - ep-00000063: start execution ex-00000064
03:32:57.311 [main] DEBUG com.github.dockerjava.zerodep.shaded.org.apache.hc.client5.http.impl.io.PoolingHttpClientConnectionManager - ep-00000063: executing exchange ex-00000064 over http-outgoing-2
03:32:57.311 [main] DEBUG com.github.dockerjava.zerodep.shaded.org.apache.hc.client5.http.headers - http-outgoing-2 >> GET /v1.32/containers/9691e31891711283f4d98263d11bc6156717d3e75a0b86a23f3b128a992c1f38/json HTTP/1.1
03:32:57.311 [main] DEBUG com.github.dockerjava.zerodep.shaded.org.apache.hc.client5.http.headers - http-outgoing-2 >> accept: application/json
03:32:57.311 [main] DEBUG com.github.dockerjava.zerodep.shaded.org.apache.hc.client5.http.headers - http-outgoing-2 >> Accept-Encoding: gzip, x-gzip, deflate
03:32:57.311 [main] DEBUG com.github.dockerjava.zerodep.shaded.org.apache.hc.client5.http.headers - http-outgoing-2 >> Host: localhost:2375
03:32:57.311 [main] DEBUG com.github.dockerjava.zerodep.shaded.org.apache.hc.client5.http.headers - http-outgoing-2 >> Connection: keep-alive
03:32:57.311 [main] DEBUG com.github.dockerjava.zerodep.shaded.org.apache.hc.client5.http.headers - http-outgoing-2 >> User-Agent: Apache-HttpClient/5.0.3 (Java/11.0.15)
03:32:57.311 [main] DEBUG com.github.dockerjava.zerodep.shaded.org.apache.hc.client5.http.wire - http-outgoing-2 >> "GET /v1.32/containers/9691e31891711283f4d98263d11bc6156717d3e75a0b86a23f3b128a992c1f38/json HTTP/1.1[\r][\n]"
03:32:57.311 [main] DEBUG com.github.dockerjava.zerodep.shaded.org.apache.hc.client5.http.wire - http-outgoing-2 >> "accept: application/json[\r][\n]"
03:32:57.311 [main] DEBUG com.github.dockerjava.zerodep.shaded.org.apache.hc.client5.http.wire - http-outgoing-2 >> "Accept-Encoding: gzip, x-gzip, deflate[\r][\n]"
03:32:57.311 [main] DEBUG com.github.dockerjava.zerodep.shaded.org.apache.hc.client5.http.wire - http-outgoing-2 >> "Host: localhost:2375[\r][\n]"
03:32:57.311 [main] DEBUG com.github.dockerjava.zerodep.shaded.org.apache.hc.client5.http.wire - http-outgoing-2 >> "Connection: keep-alive[\r][\n]"
03:32:57.311 [main] DEBUG com.github.dockerjava.zerodep.shaded.org.apache.hc.client5.http.wire - http-outgoing-2 >> "User-Agent: Apache-HttpClient/5.0.3 (Java/11.0.15)[\r][\n]"
03:32:57.311 [main] DEBUG com.github.dockerjava.zerodep.shaded.org.apache.hc.client5.http.wire - http-outgoing-2 >> "[\r][\n]"
03:32:57.311 [main] DEBUG com.github.dockerjava.zerodep.shaded.org.apache.hc.client5.http.wire - http-outgoing-2 << "HTTP/1.1 200 OK[\r][\n]"
03:32:57.311 [main] DEBUG com.github.dockerjava.zerodep.shaded.org.apache.hc.client5.http.wire - http-outgoing-2 << "Api-Version: 1.41[\r][\n]"
03:32:57.311 [main] DEBUG com.github.dockerjava.zerodep.shaded.org.apache.hc.client5.http.wire - http-outgoing-2 << "Content-Type: application/json[\r][\n]"
03:32:57.311 [main] DEBUG com.github.dockerjava.zerodep.shaded.org.apache.hc.client5.http.wire - http-outgoing-2 << "Docker-Experimental: false[\r][\n]"
03:32:57.311 [main] DEBUG com.github.dockerjava.zerodep.shaded.org.apache.hc.client5.http.wire - http-outgoing-2 << "Ostype: linux[\r][\n]"
03:32:57.311 [main] DEBUG com.github.dockerjava.zerodep.shaded.org.apache.hc.client5.http.wire - http-outgoing-2 << "Server: Docker/20.10.12 (linux)[\r][\n]"
03:32:57.311 [main] DEBUG com.github.dockerjava.zerodep.shaded.org.apache.hc.client5.http.wire - http-outgoing-2 << "Date: Thu, 23 Jun 2022 02:32:57 GMT[\r][\n]"
03:32:57.311 [main] DEBUG com.github.dockerjava.zerodep.shaded.org.apache.hc.client5.http.wire - http-outgoing-2 << "Transfer-Encoding: chunked[\r][\n]"
03:32:57.311 [main] DEBUG com.github.dockerjava.zerodep.shaded.org.apache.hc.client5.http.wire - http-outgoing-2 << "[\r][\n]"
03:32:57.311 [main] DEBUG com.github.dockerjava.zerodep.shaded.org.apache.hc.client5.http.wire - http-outgoing-2 << "18ed[\r][\n]"
03:32:57.311 [main] DEBUG com.github.dockerjava.zerodep.shaded.org.apache.hc.client5.http.wire - http-outgoing-2 << "{"Id":"9691e31891711283f4d98263d11bc6156717d3e75a0b86a23f3b128a992c1f38","Created":"2022-06-23T02:32:47.03956921Z","Path":"docker-entrypoint.sh","Args":["mysqld"],"State":{"Status":"running","Running":true,"Paused":false,"Restarting":false,"OOMKilled":false,"Dead":false,"Pid":66188,"ExitCode":0,"Error":"","StartedAt":"2022-06-23T02:32:47.703880551Z","FinishedAt":"0001-01-01T00:00:00Z"},"Image":"sha256:65b636d5542b73254ce90cc4b895597dc1adc2c661ca553c38eda159979dded1","ResolvConfPath":"/var/lib/docker/containers/9691e31891711283f4d98263d11bc6156717d3e75a0b86a23f3b128a992c1f38/resolv.conf","HostnamePath":"/var/lib/docker/containers/9691e31891711283f4d98263d11bc6156717d3e75a0b86a23f3b128a992c1f38/hostname","HostsPath":"/var/lib/docker/containers/9691e31891711283f4d98263d11bc6156717d3e75a0b86a23f3b128a992c1f38/hosts","LogPath":"/var/lib/docker/containers/9691e31891711283f4d98263d11bc6156717d3e75a0b86a23f3b128a992c1f38/9691e31891711283f4d98263d11bc6156717d3e75a0b86a23f3b128a992c1f38-json.log","Name":"/xenodochial_satoshi","RestartCount":0,"Driver":"overlay2","Platform":"linux","MountLabel":"","ProcessLabel":"","AppArmorProfile":"docker-default","ExecIDs":null,"HostConfig":{"Binds":[],"ContainerIDFile":"","LogConfig":{"Type":"json-file","Config":{}},"NetworkMode":"default","PortBindings":{"3306/tcp":[{"HostIp":"","HostPort":""}]},"RestartPolicy":{"Name":"","MaximumRetryCount":0},"AutoRemove":false,"VolumeDriver":"","VolumesFrom":[],"CapAdd":null,"CapDrop":null,"CgroupnsMode":"host","Dns":null,"DnsOptions":null,"DnsSearch":null,"ExtraHosts":[],"GroupAdd":null,"IpcMode":"shareable","Cgroup":"","Links":null,"OomScoreAdj":0,"PidMode":"","Privileged":false,"PublishAllPorts":false,"ReadonlyRootfs":false,"SecurityOpt":null,"UTSMode":"","UsernsMode":"","ShmSize":67108864,"Runtime":"runc","ConsoleSize":[0,0],"Isolation":"","CpuShares":0,"Memory":0,"NanoCpus":0,"CgroupParent":"","BlkioWeight":0,"BlkioWeightDevice":null,"BlkioDeviceReadBps":null,"BlkioDeviceWriteBps":null,"BlkioDeviceReadIOps":null,"BlkioDeviceWriteIOps":null,"CpuPeriod":0,"CpuQuota":0,"CpuRealtimePeriod":0,"CpuRealtimeRuntime":0,"CpusetCpus":"","CpusetMems":"","Devices":null,"DeviceCgroupRules":null,"DeviceRequests":null,"KernelMemory":0,"KernelMemoryTCP":0,"MemoryReservation":0,"MemorySwap":0,"MemorySwappiness":null,"OomKillDisable":false,"PidsLimit":null,"Ulimits":null,"CpuCount":0,"CpuPercent":0,"IOMaximumIOps":0,"IOMaximumBandwidth":0,"MaskedPaths":["/proc/asound","/proc/acpi","/proc/kcore","/proc/keys","/proc/latency_stats","/proc/timer_list","/proc/timer_stats","/proc/sched_debug","/proc/scsi","/sys/firmware"],"ReadonlyPaths":["/proc/bus","/proc/fs","/proc/irq","/proc/sys","/proc/sysrq-trigger"]},"GraphDriver":{"Data":{"LowerDir":"/var/lib/docker/overlay2/5529564f52cf969e31e7a1482c27be7ffed19639b506ae2e15b7e7115f699a73-init/diff:/var/lib/docker/overlay2/833a665819b5d9728d3efa7c33135034345a24f83af53b1a1af33d9b64f5492a/diff:/var/lib/docker/overlay2/bd4a2a46c227c2f15475b08c398f37acaab93f4fdba31de015d730efae0a0cfc/diff:/var/lib/docker/overlay2/31ad437d7cba8e64428a2b62db1bbb2a2ec19ca4e439ec493ef4deb50dce2783/diff:/var/lib/docker/overlay2/35173cbd8ec5b88a8888e9abbe75f8694f5d3f96a9b781bb70dc1f0889685741/diff:/var/lib/docker/overlay2/24bf69ac4e8c81062fee44e7c9f746fffbb139c3f7f4b55b4fd1b23bb101b529/diff:/var/lib/docker/overlay2/2f27c96a7775dad186b6f0da325d5a251c80aa1b7f80cf8520f493c5154aee70/diff:/var/lib/docker/overlay2/463a60088c72ddbea82639ded15801e35a79c443f6a26bf1baf320c683cb06af/diff:/var/lib/docker/overlay2/80b8224b23a2ee4b5be635c58ae579fd1913aa95558cd66ab2f5e8430f00a5b8/diff:/var/lib/docker/overlay2/20451fa0b1a07b85d665bc3a0359d721ce4e4c28fa3bce7456ab25e0babae708/diff:/var/lib/docker/overlay2/f80d865cbc6c1c6f57d0963fa6234e7a6409e079eb17f4f13ca41d02731701ad/diff:/var/lib/docker/overlay2/5a3029e0b57c6ec9b985871ff6adf08356aaa0f2a15f1e34c1a7f116ecc4a61d/diff:/var/lib/docker/overlay2/4f3423103248d0b381a1bc6a7287e2b42313ff458cea602a02b7379014b03e0e/diff","MergedDir":"/var/lib/docker/overlay2/5529564f52cf969e31e7a1482c27be7ffed19639b506ae2e15b7e7115f699a73/merged","UpperDir":"/var/lib/docker/overlay2/5529564f52cf969e31e7a1482c27be7ffed19639b506ae2e15b7e7115f699a73/diff","WorkDir":"/var/lib/docker/overlay2/5529564f52cf969e31e7a1482c27be7ffed19639b506ae2e15b7e7115f699a73/work"},"Name":"overlay2"},"Mounts":[{"Type":"volume","Name":"fd1f613c7fe3ca3ae799982507ac3f565cc9f6a2dc99ceaed92389e2c43f47d1","Source":"/var/lib/docker/volumes/fd1f613c7fe3ca3ae799982507ac3f565cc9f6a2dc99ceaed92389e2c43f47d1/_data","Destination":"/var/lib/mysql","Driver":"local","Mode":"","RW":true,"Propagation":""}],"Config":{"Hostname":"9691e3189171","Domainname":"","User":"","AttachStdin":false,"AttachStdout":false,"AttachStderr":false,"ExposedPorts":{"3306/tcp":{},"33060/tcp":{}},"Tty":false,"OpenStdin":false,"StdinOnce":false,"Env":["MYSQL_DATABASE=test","MYSQL_PASSWORD=admin","MYSQL_USER=admin","MYSQL_ROOT_PASSWORD=admin","PATH=/usr/local/sbin:/usr/local/bin:/usr/sbin:/usr/bin:/sbin:/bin","GOSU_VERSION=1.14","MYSQL_MAJOR=8.0","MYSQL_VERSION=8.0.29-1debian10"],"Cmd":["mysqld"],"Image":"mysql:8.0","Volumes":{"/var/lib/mysql":{}},"WorkingDir":"","Entrypoint":["docker-entrypoint.sh"],"OnBuild":null,"Labels":{"org.testcontainers":"true","org.testcontainers.sessionId":"d48265e4-2b28-4f8c-aa67-76dd8289af84"}},"NetworkSettings":{"Bridge":"","SandboxID":"d9de8570fe3f0a4e9f3a1ff7101c963bbd2c6a0a9d8a867b96f17f4d5edca537","HairpinMode":false,"LinkLocalIPv6Address":"","LinkLocalIPv6PrefixLen":0,"Ports":{"3306/tcp":[{"HostIp":"0.0.0.0","HostPort":"49160"},{"HostIp":"::","HostPort":"49160"}],"33060/tcp":null},"SandboxKey":"/var/run/docker/netns/d9de8570fe3f","SecondaryIPAddresses":null,"SecondaryIPv6Addresses":null,"EndpointID":"93e8fe159f683a98670e8995677c2b130dbce857fc116679206e206bda319cbf","Gateway":"172.17.0.1","GlobalIPv6Address":"","GlobalIPv6PrefixLen":0,"IPAddress":"172.17.0.3","IPPrefixLen":16,"IPv6Gateway":"","MacAddress":"02:42:ac:11:00:03","Networks":{"bridge":{"IPAMConfig":null,"Links":null,"Aliases":null,"NetworkID":"1853cd2b9856825cc97ed9ef2b12efa82d95bf9cf60ad666c276eb35cc53539e","EndpointID":"93e8fe159f683a98670e8995677c2b130dbce857fc116679206e206bda319cbf","Gateway":"172.17.0.1","IPAddress":"172.17.0.3","IPPrefixLen":16,"IPv6Gateway":"","GlobalIPv6Address":"","GlobalIPv6PrefixLen":0,"MacAddress":"02:42:ac:11:00:03","DriverOpts":null}}}}[\n]"
03:32:57.312 [main] DEBUG com.github.dockerjava.zerodep.shaded.org.apache.hc.client5.http.wire - http-outgoing-2 << "[\r][\n]"
03:32:57.312 [main] DEBUG com.github.dockerjava.zerodep.shaded.org.apache.hc.client5.http.wire - http-outgoing-2 << "0[\r][\n]"
03:32:57.312 [main] DEBUG com.github.dockerjava.zerodep.shaded.org.apache.hc.client5.http.wire - http-outgoing-2 << "[\r][\n]"
03:32:57.312 [main] DEBUG com.github.dockerjava.zerodep.shaded.org.apache.hc.client5.http.headers - http-outgoing-2 << HTTP/1.1 200 OK
03:32:57.312 [main] DEBUG com.github.dockerjava.zerodep.shaded.org.apache.hc.client5.http.headers - http-outgoing-2 << Api-Version: 1.41
03:32:57.312 [main] DEBUG com.github.dockerjava.zerodep.shaded.org.apache.hc.client5.http.headers - http-outgoing-2 << Content-Type: application/json
03:32:57.312 [main] DEBUG com.github.dockerjava.zerodep.shaded.org.apache.hc.client5.http.headers - http-outgoing-2 << Docker-Experimental: false
03:32:57.312 [main] DEBUG com.github.dockerjava.zerodep.shaded.org.apache.hc.client5.http.headers - http-outgoing-2 << Ostype: linux
03:32:57.312 [main] DEBUG com.github.dockerjava.zerodep.shaded.org.apache.hc.client5.http.headers - http-outgoing-2 << Server: Docker/20.10.12 (linux)
03:32:57.312 [main] DEBUG com.github.dockerjava.zerodep.shaded.org.apache.hc.client5.http.headers - http-outgoing-2 << Date: Thu, 23 Jun 2022 02:32:57 GMT
03:32:57.312 [main] DEBUG com.github.dockerjava.zerodep.shaded.org.apache.hc.client5.http.headers - http-outgoing-2 << Transfer-Encoding: chunked
03:32:57.312 [main] DEBUG com.github.dockerjava.zerodep.shaded.org.apache.hc.client5.http.impl.classic.MainClientExec - ex-00000064: connection can be kept alive for 3 MINUTES
03:32:57.313 [main] DEBUG com.github.dockerjava.zerodep.shaded.org.apache.hc.client5.http.impl.classic.InternalHttpClient - ep-00000063: releasing valid endpoint
03:32:57.313 [main] DEBUG com.github.dockerjava.zerodep.shaded.org.apache.hc.client5.http.impl.io.PoolingHttpClientConnectionManager - ep-00000063: releasing endpoint
03:32:57.313 [main] DEBUG com.github.dockerjava.zerodep.shaded.org.apache.hc.client5.http.impl.io.PoolingHttpClientConnectionManager - ep-00000063: connection http-outgoing-2 can be kept alive for 3 MINUTES
03:32:57.313 [main] DEBUG com.github.dockerjava.zerodep.shaded.org.apache.hc.client5.http.impl.io.PoolingHttpClientConnectionManager - ep-00000063: connection released [route: {}->unix://localhost:2375][total available: 1; route allocated: 1 of 2147483647; total allocated: 1 of 2147483647]
03:32:57.313 [main] DEBUG 🐳 [mysql:8.0] - Trying to create JDBC connection using com.mysql.cj.jdbc.Driver to jdbc:mysql://localhost:49160/test?useSSL=false&allowPublicKeyRetrieval=true with properties: {password=admin, user=admin}
03:32:57.414 [main] DEBUG org.testcontainers.shaded.com.github.dockerjava.core.command.AbstrDockerCmd - Cmd: 9691e31891711283f4d98263d11bc6156717d3e75a0b86a23f3b128a992c1f38,false
03:32:57.415 [main] DEBUG org.testcontainers.shaded.com.github.dockerjava.core.exec.InspectContainerCmdExec - GET: DefaultWebTarget{path=[/containers/9691e31891711283f4d98263d11bc6156717d3e75a0b86a23f3b128a992c1f38/json], queryParams={}}
03:32:57.415 [main] DEBUG com.github.dockerjava.zerodep.shaded.org.apache.hc.client5.http.impl.classic.InternalHttpClient - ex-00000065: preparing request execution
03:32:57.415 [main] DEBUG com.github.dockerjava.zerodep.shaded.org.apache.hc.client5.http.protocol.RequestAddCookies - Cookie spec selected: strict
03:32:57.415 [main] DEBUG com.github.dockerjava.zerodep.shaded.org.apache.hc.client5.http.protocol.RequestAuthCache - Auth cache not set in the context
03:32:57.415 [main] DEBUG com.github.dockerjava.zerodep.shaded.org.apache.hc.client5.http.impl.classic.ProtocolExec - ex-00000065: target auth state: UNCHALLENGED
03:32:57.415 [main] DEBUG com.github.dockerjava.zerodep.shaded.org.apache.hc.client5.http.impl.classic.ProtocolExec - ex-00000065: proxy auth state: UNCHALLENGED
03:32:57.415 [main] DEBUG com.github.dockerjava.zerodep.shaded.org.apache.hc.client5.http.impl.classic.ConnectExec - ex-00000065: acquiring connection with route {}->unix://localhost:2375
03:32:57.415 [main] DEBUG com.github.dockerjava.zerodep.shaded.org.apache.hc.client5.http.impl.classic.InternalHttpClient - ex-00000065: acquiring endpoint (3 MINUTES)
03:32:57.415 [main] DEBUG com.github.dockerjava.zerodep.shaded.org.apache.hc.client5.http.impl.io.PoolingHttpClientConnectionManager - ex-00000065: endpoint lease request (3 MINUTES) [route: {}->unix://localhost:2375][total available: 1; route allocated: 1 of 2147483647; total allocated: 1 of 2147483647]
03:32:57.415 [main] DEBUG com.github.dockerjava.zerodep.shaded.org.apache.hc.client5.http.impl.io.PoolingHttpClientConnectionManager - ex-00000065: endpoint leased [route: {}->unix://localhost:2375][total available: 0; route allocated: 1 of 2147483647; total allocated: 1 of 2147483647]
03:32:57.415 [main] DEBUG com.github.dockerjava.zerodep.shaded.org.apache.hc.client5.http.impl.io.PoolingHttpClientConnectionManager - ex-00000065: acquired ep-00000064
03:32:57.415 [main] DEBUG com.github.dockerjava.zerodep.shaded.org.apache.hc.client5.http.impl.classic.InternalHttpClient - ex-00000065: acquired endpoint ep-00000064
03:32:57.415 [main] DEBUG com.github.dockerjava.zerodep.shaded.org.apache.hc.client5.http.impl.classic.MainClientExec - ex-00000065: executing GET /v1.32/containers/9691e31891711283f4d98263d11bc6156717d3e75a0b86a23f3b128a992c1f38/json HTTP/1.1
03:32:57.415 [main] DEBUG com.github.dockerjava.zerodep.shaded.org.apache.hc.client5.http.impl.classic.InternalHttpClient - ep-00000064: start execution ex-00000065
03:32:57.415 [main] DEBUG com.github.dockerjava.zerodep.shaded.org.apache.hc.client5.http.impl.io.PoolingHttpClientConnectionManager - ep-00000064: executing exchange ex-00000065 over http-outgoing-2
03:32:57.416 [main] DEBUG com.github.dockerjava.zerodep.shaded.org.apache.hc.client5.http.headers - http-outgoing-2 >> GET /v1.32/containers/9691e31891711283f4d98263d11bc6156717d3e75a0b86a23f3b128a992c1f38/json HTTP/1.1
03:32:57.416 [main] DEBUG com.github.dockerjava.zerodep.shaded.org.apache.hc.client5.http.headers - http-outgoing-2 >> accept: application/json
03:32:57.416 [main] DEBUG com.github.dockerjava.zerodep.shaded.org.apache.hc.client5.http.headers - http-outgoing-2 >> Accept-Encoding: gzip, x-gzip, deflate
03:32:57.416 [main] DEBUG com.github.dockerjava.zerodep.shaded.org.apache.hc.client5.http.headers - http-outgoing-2 >> Host: localhost:2375
03:32:57.416 [main] DEBUG com.github.dockerjava.zerodep.shaded.org.apache.hc.client5.http.headers - http-outgoing-2 >> Connection: keep-alive
03:32:57.416 [main] DEBUG com.github.dockerjava.zerodep.shaded.org.apache.hc.client5.http.headers - http-outgoing-2 >> User-Agent: Apache-HttpClient/5.0.3 (Java/11.0.15)
03:32:57.416 [main] DEBUG com.github.dockerjava.zerodep.shaded.org.apache.hc.client5.http.wire - http-outgoing-2 >> "GET /v1.32/containers/9691e31891711283f4d98263d11bc6156717d3e75a0b86a23f3b128a992c1f38/json HTTP/1.1[\r][\n]"
03:32:57.416 [main] DEBUG com.github.dockerjava.zerodep.shaded.org.apache.hc.client5.http.wire - http-outgoing-2 >> "accept: application/json[\r][\n]"
03:32:57.416 [main] DEBUG com.github.dockerjava.zerodep.shaded.org.apache.hc.client5.http.wire - http-outgoing-2 >> "Accept-Encoding: gzip, x-gzip, deflate[\r][\n]"
03:32:57.416 [main] DEBUG com.github.dockerjava.zerodep.shaded.org.apache.hc.client5.http.wire - http-outgoing-2 >> "Host: localhost:2375[\r][\n]"
03:32:57.416 [main] DEBUG com.github.dockerjava.zerodep.shaded.org.apache.hc.client5.http.wire - http-outgoing-2 >> "Connection: keep-alive[\r][\n]"
03:32:57.416 [main] DEBUG com.github.dockerjava.zerodep.shaded.org.apache.hc.client5.http.wire - http-outgoing-2 >> "User-Agent: Apache-HttpClient/5.0.3 (Java/11.0.15)[\r][\n]"
03:32:57.416 [main] DEBUG com.github.dockerjava.zerodep.shaded.org.apache.hc.client5.http.wire - http-outgoing-2 >> "[\r][\n]"
03:32:57.420 [main] DEBUG com.github.dockerjava.zerodep.shaded.org.apache.hc.client5.http.wire - http-outgoing-2 << "HTTP/1.1 200 OK[\r][\n]"
03:32:57.420 [main] DEBUG com.github.dockerjava.zerodep.shaded.org.apache.hc.client5.http.wire - http-outgoing-2 << "Api-Version: 1.41[\r][\n]"
03:32:57.420 [main] DEBUG com.github.dockerjava.zerodep.shaded.org.apache.hc.client5.http.wire - http-outgoing-2 << "Content-Type: application/json[\r][\n]"
03:32:57.420 [main] DEBUG com.github.dockerjava.zerodep.shaded.org.apache.hc.client5.http.wire - http-outgoing-2 << "Docker-Experimental: false[\r][\n]"
03:32:57.420 [main] DEBUG com.github.dockerjava.zerodep.shaded.org.apache.hc.client5.http.wire - http-outgoing-2 << "Ostype: linux[\r][\n]"
03:32:57.420 [main] DEBUG com.github.dockerjava.zerodep.shaded.org.apache.hc.client5.http.wire - http-outgoing-2 << "Server: Docker/20.10.12 (linux)[\r][\n]"
03:32:57.420 [main] DEBUG com.github.dockerjava.zerodep.shaded.org.apache.hc.client5.http.wire - http-outgoing-2 << "Date: Thu, 23 Jun 2022 02:32:57 GMT[\r][\n]"
03:32:57.420 [main] DEBUG com.github.dockerjava.zerodep.shaded.org.apache.hc.client5.http.wire - http-outgoing-2 << "Transfer-Encoding: chunked[\r][\n]"
03:32:57.420 [main] DEBUG com.github.dockerjava.zerodep.shaded.org.apache.hc.client5.http.wire - http-outgoing-2 << "[\r][\n]"
03:32:57.420 [main] DEBUG com.github.dockerjava.zerodep.shaded.org.apache.hc.client5.http.wire - http-outgoing-2 << "18ed[\r][\n]"
03:32:57.421 [main] DEBUG com.github.dockerjava.zerodep.shaded.org.apache.hc.client5.http.wire - http-outgoing-2 << "{"Id":"9691e31891711283f4d98263d11bc6156717d3e75a0b86a23f3b128a992c1f38","Created":"2022-06-23T02:32:47.03956921Z","Path":"docker-entrypoint.sh","Args":["mysqld"],"State":{"Status":"running","Running":true,"Paused":false,"Restarting":false,"OOMKilled":false,"Dead":false,"Pid":66188,"ExitCode":0,"Error":"","StartedAt":"2022-06-23T02:32:47.703880551Z","FinishedAt":"0001-01-01T00:00:00Z"},"Image":"sha256:65b636d5542b73254ce90cc4b895597dc1adc2c661ca553c38eda159979dded1","ResolvConfPath":"/var/lib/docker/containers/9691e31891711283f4d98263d11bc6156717d3e75a0b86a23f3b128a992c1f38/resolv.conf","HostnamePath":"/var/lib/docker/containers/9691e31891711283f4d98263d11bc6156717d3e75a0b86a23f3b128a992c1f38/hostname","HostsPath":"/var/lib/docker/containers/9691e31891711283f4d98263d11bc6156717d3e75a0b86a23f3b128a992c1f38/hosts","LogPath":"/var/lib/docker/containers/9691e31891711283f4d98263d11bc6156717d3e75a0b86a23f3b128a992c1f38/9691e31891711283f4d98263d11bc6156717d3e75a0b86a23f3b128a992c1f38-json.log","Name":"/xenodochial_satoshi","RestartCount":0,"Driver":"overlay2","Platform":"linux","MountLabel":"","ProcessLabel":"","AppArmorProfile":"docker-default","ExecIDs":null,"HostConfig":{"Binds":[],"ContainerIDFile":"","LogConfig":{"Type":"json-file","Config":{}},"NetworkMode":"default","PortBindings":{"3306/tcp":[{"HostIp":"","HostPort":""}]},"RestartPolicy":{"Name":"","MaximumRetryCount":0},"AutoRemove":false,"VolumeDriver":"","VolumesFrom":[],"CapAdd":null,"CapDrop":null,"CgroupnsMode":"host","Dns":null,"DnsOptions":null,"DnsSearch":null,"ExtraHosts":[],"GroupAdd":null,"IpcMode":"shareable","Cgroup":"","Links":null,"OomScoreAdj":0,"PidMode":"","Privileged":false,"PublishAllPorts":false,"ReadonlyRootfs":false,"SecurityOpt":null,"UTSMode":"","UsernsMode":"","ShmSize":67108864,"Runtime":"runc","ConsoleSize":[0,0],"Isolation":"","CpuShares":0,"Memory":0,"NanoCpus":0,"CgroupParent":"","BlkioWeight":0,"BlkioWeightDevice":null,"BlkioDeviceReadBps":null,"BlkioDeviceWriteBps":null,"BlkioDeviceReadIOps":null,"BlkioDeviceWriteIOps":null,"CpuPeriod":0,"CpuQuota":0,"CpuRealtimePeriod":0,"CpuRealtimeRuntime":0,"CpusetCpus":"","CpusetMems":"","Devices":null,"DeviceCgroupRules":null,"DeviceRequests":null,"KernelMemory":0,"KernelMemoryTCP":0,"MemoryReservation":0,"MemorySwap":0,"MemorySwappiness":null,"OomKillDisable":false,"PidsLimit":null,"Ulimits":null,"CpuCount":0,"CpuPercent":0,"IOMaximumIOps":0,"IOMaximumBandwidth":0,"MaskedPaths":["/proc/asound","/proc/acpi","/proc/kcore","/proc/keys","/proc/latency_stats","/proc/timer_list","/proc/timer_stats","/proc/sched_debug","/proc/scsi","/sys/firmware"],"ReadonlyPaths":["/proc/bus","/proc/fs","/proc/irq","/proc/sys","/proc/sysrq-trigger"]},"GraphDriver":{"Data":{"LowerDir":"/var/lib/docker/overlay2/5529564f52cf969e31e7a1482c27be7ffed19639b506ae2e15b7e7115f699a73-init/diff:/var/lib/docker/overlay2/833a665819b5d9728d3efa7c33135034345a24f83af53b1a1af33d9b64f5492a/diff:/var/lib/docker/overlay2/bd4a2a46c227c2f15475b08c398f37acaab93f4fdba31de015d730efae0a0cfc/diff:/var/lib/docker/overlay2/31ad437d7cba8e64428a2b62db1bbb2a2ec19ca4e439ec493ef4deb50dce2783/diff:/var/lib/docker/overlay2/35173cbd8ec5b88a8888e9abbe75f8694f5d3f96a9b781bb70dc1f0889685741/diff:/var/lib/docker/overlay2/24bf69ac4e8c81062fee44e7c9f746fffbb139c3f7f4b55b4fd1b23bb101b529/diff:/var/lib/docker/overlay2/2f27c96a7775dad186b6f0da325d5a251c80aa1b7f80cf8520f493c5154aee70/diff:/var/lib/docker/overlay2/463a60088c72ddbea82639ded15801e35a79c443f6a26bf1baf320c683cb06af/diff:/var/lib/docker/overlay2/80b8224b23a2ee4b5be635c58ae579fd1913aa95558cd66ab2f5e8430f00a5b8/diff:/var/lib/docker/overlay2/20451fa0b1a07b85d665bc3a0359d721ce4e4c28fa3bce7456ab25e0babae708/diff:/var/lib/docker/overlay2/f80d865cbc6c1c6f57d0963fa6234e7a6409e079eb17f4f13ca41d02731701ad/diff:/var/lib/docker/overlay2/5a3029e0b57c6ec9b985871ff6adf08356aaa0f2a15f1e34c1a7f116ecc4a61d/diff:/var/lib/docker/overlay2/4f3423103248d0b381a1bc6a7287e2b42313ff458cea602a02b7379014b03e0e/diff","MergedDir":"/var/lib/docker/overlay2/5529564f52cf969e31e7a1482c27be7ffed19639b506ae2e15b7e7115f699a73/merged","UpperDir":"/var/lib/docker/overlay2/5529564f52cf969e31e7a1482c27be7ffed19639b506ae2e15b7e7115f699a73/diff","WorkDir":"/var/lib/docker/overlay2/5529564f52cf969e31e7a1482c27be7ffed19639b506ae2e15b7e7115f699a73/work"},"Name":"overlay2"},"Mounts":[{"Type":"volume","Name":"fd1f613c7fe3ca3ae799982507ac3f565cc9f6a2dc99ceaed92389e2c43f47d1","Source":"/var/lib/docker/volumes/fd1f613c7fe3ca3ae799982507ac3f565cc9f6a2dc99ceaed92389e2c43f47d1/_data","Destination":"/var/lib/mysql","Driver":"local","Mode":"","RW":true,"Propagation":""}],"Config":{"Hostname":"9691e3189171","Domainname":"","User":"","AttachStdin":false,"AttachStdout":false,"AttachStderr":false,"ExposedPorts":{"3306/tcp":{},"33060/tcp":{}},"Tty":false,"OpenStdin":false,"StdinOnce":false,"Env":["MYSQL_DATABASE=test","MYSQL_PASSWORD=admin","MYSQL_USER=admin","MYSQL_ROOT_PASSWORD=admin","PATH=/usr/local/sbin:/usr/local/bin:/usr/sbin:/usr/bin:/sbin:/bin","GOSU_VERSION=1.14","MYSQL_MAJOR=8.0","MYSQL_VERSION=8.0.29-1debian10"],"Cmd":["mysqld"],"Image":"mysql:8.0","Volumes":{"/var/lib/mysql":{}},"WorkingDir":"","Entrypoint":["docker-entrypoint.sh"],"OnBuild":null,"Labels":{"org.testcontainers":"true","org.testcontainers.sessionId":"d48265e4-2b28-4f8c-aa67-76dd8289af84"}},"NetworkSettings":{"Bridge":"","SandboxID":"d9de8570fe3f0a4e9f3a1ff7101c963bbd2c6a0a9d8a867b96f17f4d5edca537","HairpinMode":false,"LinkLocalIPv6Address":"","LinkLocalIPv6PrefixLen":0,"Ports":{"3306/tcp":[{"HostIp":"0.0.0.0","HostPort":"49160"},{"HostIp":"::","HostPort":"49160"}],"33060/tcp":null},"SandboxKey":"/var/run/docker/netns/d9de8570fe3f","SecondaryIPAddresses":null,"SecondaryIPv6Addresses":null,"EndpointID":"93e8fe159f683a98670e8995677c2b130dbce857fc116679206e206bda319cbf","Gateway":"172.17.0.1","GlobalIPv6Address":"","GlobalIPv6PrefixLen":0,"IPAddress":"172.17.0.3","IPPrefixLen":16,"IPv6Gateway":"","MacAddress":"02:42:ac:11:00:03","Networks":{"bridge":{"IPAMConfig":null,"Links":null,"Aliases":null,"NetworkID":"1853cd2b9856825cc97ed9ef2b12efa82d95bf9cf60ad666c276eb35cc53539e","EndpointID":"93e8fe159f683a98670e8995677c2b130dbce857fc116679206e206bda319cbf","Gateway":"172.17.0.1","IPAddress":"172.17.0.3","IPPrefixLen":16,"IPv6Gateway":"","GlobalIPv6Address":"","GlobalIPv6PrefixLen":0,"MacAddress":"02:42:ac:11:00:03","DriverOpts":null}}}}[\n]"
03:32:57.421 [main] DEBUG com.github.dockerjava.zerodep.shaded.org.apache.hc.client5.http.wire - http-outgoing-2 << "[\r][\n]"
03:32:57.421 [main] DEBUG com.github.dockerjava.zerodep.shaded.org.apache.hc.client5.http.wire - http-outgoing-2 << "0[\r][\n]"
03:32:57.421 [main] DEBUG com.github.dockerjava.zerodep.shaded.org.apache.hc.client5.http.wire - http-outgoing-2 << "[\r][\n]"
03:32:57.421 [main] DEBUG com.github.dockerjava.zerodep.shaded.org.apache.hc.client5.http.headers - http-outgoing-2 << HTTP/1.1 200 OK
03:32:57.421 [main] DEBUG com.github.dockerjava.zerodep.shaded.org.apache.hc.client5.http.headers - http-outgoing-2 << Api-Version: 1.41
03:32:57.421 [main] DEBUG com.github.dockerjava.zerodep.shaded.org.apache.hc.client5.http.headers - http-outgoing-2 << Content-Type: application/json
03:32:57.421 [main] DEBUG com.github.dockerjava.zerodep.shaded.org.apache.hc.client5.http.headers - http-outgoing-2 << Docker-Experimental: false
03:32:57.421 [main] DEBUG com.github.dockerjava.zerodep.shaded.org.apache.hc.client5.http.headers - http-outgoing-2 << Ostype: linux
03:32:57.421 [main] DEBUG com.github.dockerjava.zerodep.shaded.org.apache.hc.client5.http.headers - http-outgoing-2 << Server: Docker/20.10.12 (linux)
03:32:57.421 [main] DEBUG com.github.dockerjava.zerodep.shaded.org.apache.hc.client5.http.headers - http-outgoing-2 << Date: Thu, 23 Jun 2022 02:32:57 GMT
03:32:57.421 [main] DEBUG com.github.dockerjava.zerodep.shaded.org.apache.hc.client5.http.headers - http-outgoing-2 << Transfer-Encoding: chunked
03:32:57.421 [main] DEBUG com.github.dockerjava.zerodep.shaded.org.apache.hc.client5.http.impl.classic.MainClientExec - ex-00000065: connection can be kept alive for 3 MINUTES
03:32:57.422 [main] DEBUG com.github.dockerjava.zerodep.shaded.org.apache.hc.client5.http.impl.classic.InternalHttpClient - ep-00000064: releasing valid endpoint
03:32:57.423 [main] DEBUG com.github.dockerjava.zerodep.shaded.org.apache.hc.client5.http.impl.io.PoolingHttpClientConnectionManager - ep-00000064: releasing endpoint
03:32:57.423 [main] DEBUG com.github.dockerjava.zerodep.shaded.org.apache.hc.client5.http.impl.io.PoolingHttpClientConnectionManager - ep-00000064: connection http-outgoing-2 can be kept alive for 3 MINUTES
03:32:57.423 [main] DEBUG com.github.dockerjava.zerodep.shaded.org.apache.hc.client5.http.impl.io.PoolingHttpClientConnectionManager - ep-00000064: connection released [route: {}->unix://localhost:2375][total available: 1; route allocated: 1 of 2147483647; total allocated: 1 of 2147483647]
03:32:57.423 [main] DEBUG 🐳 [mysql:8.0] - Trying to create JDBC connection using com.mysql.cj.jdbc.Driver to jdbc:mysql://localhost:49160/test?useSSL=false&allowPublicKeyRetrieval=true with properties: {password=admin, user=admin}
03:32:57.531 [main] DEBUG org.testcontainers.shaded.com.github.dockerjava.core.command.AbstrDockerCmd - Cmd: 9691e31891711283f4d98263d11bc6156717d3e75a0b86a23f3b128a992c1f38,false
03:32:57.531 [main] DEBUG org.testcontainers.shaded.com.github.dockerjava.core.exec.InspectContainerCmdExec - GET: DefaultWebTarget{path=[/containers/9691e31891711283f4d98263d11bc6156717d3e75a0b86a23f3b128a992c1f38/json], queryParams={}}
03:32:57.531 [main] DEBUG com.github.dockerjava.zerodep.shaded.org.apache.hc.client5.http.impl.classic.InternalHttpClient - ex-00000066: preparing request execution
03:32:57.531 [main] DEBUG com.github.dockerjava.zerodep.shaded.org.apache.hc.client5.http.protocol.RequestAddCookies - Cookie spec selected: strict
03:32:57.531 [main] DEBUG com.github.dockerjava.zerodep.shaded.org.apache.hc.client5.http.protocol.RequestAuthCache - Auth cache not set in the context
03:32:57.531 [main] DEBUG com.github.dockerjava.zerodep.shaded.org.apache.hc.client5.http.impl.classic.ProtocolExec - ex-00000066: target auth state: UNCHALLENGED
03:32:57.531 [main] DEBUG com.github.dockerjava.zerodep.shaded.org.apache.hc.client5.http.impl.classic.ProtocolExec - ex-00000066: proxy auth state: UNCHALLENGED
03:32:57.531 [main] DEBUG com.github.dockerjava.zerodep.shaded.org.apache.hc.client5.http.impl.classic.ConnectExec - ex-00000066: acquiring connection with route {}->unix://localhost:2375
03:32:57.531 [main] DEBUG com.github.dockerjava.zerodep.shaded.org.apache.hc.client5.http.impl.classic.InternalHttpClient - ex-00000066: acquiring endpoint (3 MINUTES)
03:32:57.531 [main] DEBUG com.github.dockerjava.zerodep.shaded.org.apache.hc.client5.http.impl.io.PoolingHttpClientConnectionManager - ex-00000066: endpoint lease request (3 MINUTES) [route: {}->unix://localhost:2375][total available: 1; route allocated: 1 of 2147483647; total allocated: 1 of 2147483647]
03:32:57.531 [main] DEBUG com.github.dockerjava.zerodep.shaded.org.apache.hc.client5.http.impl.io.PoolingHttpClientConnectionManager - ex-00000066: endpoint leased [route: {}->unix://localhost:2375][total available: 0; route allocated: 1 of 2147483647; total allocated: 1 of 2147483647]
03:32:57.531 [main] DEBUG com.github.dockerjava.zerodep.shaded.org.apache.hc.client5.http.impl.io.PoolingHttpClientConnectionManager - ex-00000066: acquired ep-00000065
03:32:57.531 [main] DEBUG com.github.dockerjava.zerodep.shaded.org.apache.hc.client5.http.impl.classic.InternalHttpClient - ex-00000066: acquired endpoint ep-00000065
03:32:57.532 [main] DEBUG com.github.dockerjava.zerodep.shaded.org.apache.hc.client5.http.impl.classic.MainClientExec - ex-00000066: executing GET /v1.32/containers/9691e31891711283f4d98263d11bc6156717d3e75a0b86a23f3b128a992c1f38/json HTTP/1.1
03:32:57.532 [main] DEBUG com.github.dockerjava.zerodep.shaded.org.apache.hc.client5.http.impl.classic.InternalHttpClient - ep-00000065: start execution ex-00000066
03:32:57.532 [main] DEBUG com.github.dockerjava.zerodep.shaded.org.apache.hc.client5.http.impl.io.PoolingHttpClientConnectionManager - ep-00000065: executing exchange ex-00000066 over http-outgoing-2
03:32:57.532 [main] DEBUG com.github.dockerjava.zerodep.shaded.org.apache.hc.client5.http.headers - http-outgoing-2 >> GET /v1.32/containers/9691e31891711283f4d98263d11bc6156717d3e75a0b86a23f3b128a992c1f38/json HTTP/1.1
03:32:57.532 [main] DEBUG com.github.dockerjava.zerodep.shaded.org.apache.hc.client5.http.headers - http-outgoing-2 >> accept: application/json
03:32:57.532 [main] DEBUG com.github.dockerjava.zerodep.shaded.org.apache.hc.client5.http.headers - http-outgoing-2 >> Accept-Encoding: gzip, x-gzip, deflate
03:32:57.532 [main] DEBUG com.github.dockerjava.zerodep.shaded.org.apache.hc.client5.http.headers - http-outgoing-2 >> Host: localhost:2375
03:32:57.532 [main] DEBUG com.github.dockerjava.zerodep.shaded.org.apache.hc.client5.http.headers - http-outgoing-2 >> Connection: keep-alive
03:32:57.532 [main] DEBUG com.github.dockerjava.zerodep.shaded.org.apache.hc.client5.http.headers - http-outgoing-2 >> User-Agent: Apache-HttpClient/5.0.3 (Java/11.0.15)
03:32:57.532 [main] DEBUG com.github.dockerjava.zerodep.shaded.org.apache.hc.client5.http.wire - http-outgoing-2 >> "GET /v1.32/containers/9691e31891711283f4d98263d11bc6156717d3e75a0b86a23f3b128a992c1f38/json HTTP/1.1[\r][\n]"
03:32:57.532 [main] DEBUG com.github.dockerjava.zerodep.shaded.org.apache.hc.client5.http.wire - http-outgoing-2 >> "accept: application/json[\r][\n]"
03:32:57.532 [main] DEBUG com.github.dockerjava.zerodep.shaded.org.apache.hc.client5.http.wire - http-outgoing-2 >> "Accept-Encoding: gzip, x-gzip, deflate[\r][\n]"
03:32:57.532 [main] DEBUG com.github.dockerjava.zerodep.shaded.org.apache.hc.client5.http.wire - http-outgoing-2 >> "Host: localhost:2375[\r][\n]"
03:32:57.532 [main] DEBUG com.github.dockerjava.zerodep.shaded.org.apache.hc.client5.http.wire - http-outgoing-2 >> "Connection: keep-alive[\r][\n]"
03:32:57.532 [main] DEBUG com.github.dockerjava.zerodep.shaded.org.apache.hc.client5.http.wire - http-outgoing-2 >> "User-Agent: Apache-HttpClient/5.0.3 (Java/11.0.15)[\r][\n]"
03:32:57.532 [main] DEBUG com.github.dockerjava.zerodep.shaded.org.apache.hc.client5.http.wire - http-outgoing-2 >> "[\r][\n]"
03:32:57.532 [main] DEBUG com.github.dockerjava.zerodep.shaded.org.apache.hc.client5.http.wire - http-outgoing-2 << "HTTP/1.1 200 OK[\r][\n]"
03:32:57.532 [main] DEBUG com.github.dockerjava.zerodep.shaded.org.apache.hc.client5.http.wire - http-outgoing-2 << "Api-Version: 1.41[\r][\n]"
03:32:57.532 [main] DEBUG com.github.dockerjava.zerodep.shaded.org.apache.hc.client5.http.wire - http-outgoing-2 << "Content-Type: application/json[\r][\n]"
03:32:57.532 [main] DEBUG com.github.dockerjava.zerodep.shaded.org.apache.hc.client5.http.wire - http-outgoing-2 << "Docker-Experimental: false[\r][\n]"
03:32:57.532 [main] DEBUG com.github.dockerjava.zerodep.shaded.org.apache.hc.client5.http.wire - http-outgoing-2 << "Ostype: linux[\r][\n]"
03:32:57.532 [main] DEBUG com.github.dockerjava.zerodep.shaded.org.apache.hc.client5.http.wire - http-outgoing-2 << "Server: Docker/20.10.12 (linux)[\r][\n]"
03:32:57.532 [main] DEBUG com.github.dockerjava.zerodep.shaded.org.apache.hc.client5.http.wire - http-outgoing-2 << "Date: Thu, 23 Jun 2022 02:32:57 GMT[\r][\n]"
03:32:57.532 [main] DEBUG com.github.dockerjava.zerodep.shaded.org.apache.hc.client5.http.wire - http-outgoing-2 << "Transfer-Encoding: chunked[\r][\n]"
03:32:57.532 [main] DEBUG com.github.dockerjava.zerodep.shaded.org.apache.hc.client5.http.wire - http-outgoing-2 << "[\r][\n]"
03:32:57.532 [main] DEBUG com.github.dockerjava.zerodep.shaded.org.apache.hc.client5.http.wire - http-outgoing-2 << "18ed[\r][\n]"
03:32:57.532 [main] DEBUG com.github.dockerjava.zerodep.shaded.org.apache.hc.client5.http.wire - http-outgoing-2 << "{"Id":"9691e31891711283f4d98263d11bc6156717d3e75a0b86a23f3b128a992c1f38","Created":"2022-06-23T02:32:47.03956921Z","Path":"docker-entrypoint.sh","Args":["mysqld"],"State":{"Status":"running","Running":true,"Paused":false,"Restarting":false,"OOMKilled":false,"Dead":false,"Pid":66188,"ExitCode":0,"Error":"","StartedAt":"2022-06-23T02:32:47.703880551Z","FinishedAt":"0001-01-01T00:00:00Z"},"Image":"sha256:65b636d5542b73254ce90cc4b895597dc1adc2c661ca553c38eda159979dded1","ResolvConfPath":"/var/lib/docker/containers/9691e31891711283f4d98263d11bc6156717d3e75a0b86a23f3b128a992c1f38/resolv.conf","HostnamePath":"/var/lib/docker/containers/9691e31891711283f4d98263d11bc6156717d3e75a0b86a23f3b128a992c1f38/hostname","HostsPath":"/var/lib/docker/containers/9691e31891711283f4d98263d11bc6156717d3e75a0b86a23f3b128a992c1f38/hosts","LogPath":"/var/lib/docker/containers/9691e31891711283f4d98263d11bc6156717d3e75a0b86a23f3b128a992c1f38/9691e31891711283f4d98263d11bc6156717d3e75a0b86a23f3b128a992c1f38-json.log","Name":"/xenodochial_satoshi","RestartCount":0,"Driver":"overlay2","Platform":"linux","MountLabel":"","ProcessLabel":"","AppArmorProfile":"docker-default","ExecIDs":null,"HostConfig":{"Binds":[],"ContainerIDFile":"","LogConfig":{"Type":"json-file","Config":{}},"NetworkMode":"default","PortBindings":{"3306/tcp":[{"HostIp":"","HostPort":""}]},"RestartPolicy":{"Name":"","MaximumRetryCount":0},"AutoRemove":false,"VolumeDriver":"","VolumesFrom":[],"CapAdd":null,"CapDrop":null,"CgroupnsMode":"host","Dns":null,"DnsOptions":null,"DnsSearch":null,"ExtraHosts":[],"GroupAdd":null,"IpcMode":"shareable","Cgroup":"","Links":null,"OomScoreAdj":0,"PidMode":"","Privileged":false,"PublishAllPorts":false,"ReadonlyRootfs":false,"SecurityOpt":null,"UTSMode":"","UsernsMode":"","ShmSize":67108864,"Runtime":"runc","ConsoleSize":[0,0],"Isolation":"","CpuShares":0,"Memory":0,"NanoCpus":0,"CgroupParent":"","BlkioWeight":0,"BlkioWeightDevice":null,"BlkioDeviceReadBps":null,"BlkioDeviceWriteBps":null,"BlkioDeviceReadIOps":null,"BlkioDeviceWriteIOps":null,"CpuPeriod":0,"CpuQuota":0,"CpuRealtimePeriod":0,"CpuRealtimeRuntime":0,"CpusetCpus":"","CpusetMems":"","Devices":null,"DeviceCgroupRules":null,"DeviceRequests":null,"KernelMemory":0,"KernelMemoryTCP":0,"MemoryReservation":0,"MemorySwap":0,"MemorySwappiness":null,"OomKillDisable":false,"PidsLimit":null,"Ulimits":null,"CpuCount":0,"CpuPercent":0,"IOMaximumIOps":0,"IOMaximumBandwidth":0,"MaskedPaths":["/proc/asound","/proc/acpi","/proc/kcore","/proc/keys","/proc/latency_stats","/proc/timer_list","/proc/timer_stats","/proc/sched_debug","/proc/scsi","/sys/firmware"],"ReadonlyPaths":["/proc/bus","/proc/fs","/proc/irq","/proc/sys","/proc/sysrq-trigger"]},"GraphDriver":{"Data":{"LowerDir":"/var/lib/docker/overlay2/5529564f52cf969e31e7a1482c27be7ffed19639b506ae2e15b7e7115f699a73-init/diff:/var/lib/docker/overlay2/833a665819b5d9728d3efa7c33135034345a24f83af53b1a1af33d9b64f5492a/diff:/var/lib/docker/overlay2/bd4a2a46c227c2f15475b08c398f37acaab93f4fdba31de015d730efae0a0cfc/diff:/var/lib/docker/overlay2/31ad437d7cba8e64428a2b62db1bbb2a2ec19ca4e439ec493ef4deb50dce2783/diff:/var/lib/docker/overlay2/35173cbd8ec5b88a8888e9abbe75f8694f5d3f96a9b781bb70dc1f0889685741/diff:/var/lib/docker/overlay2/24bf69ac4e8c81062fee44e7c9f746fffbb139c3f7f4b55b4fd1b23bb101b529/diff:/var/lib/docker/overlay2/2f27c96a7775dad186b6f0da325d5a251c80aa1b7f80cf8520f493c5154aee70/diff:/var/lib/docker/overlay2/463a60088c72ddbea82639ded15801e35a79c443f6a26bf1baf320c683cb06af/diff:/var/lib/docker/overlay2/80b8224b23a2ee4b5be635c58ae579fd1913aa95558cd66ab2f5e8430f00a5b8/diff:/var/lib/docker/overlay2/20451fa0b1a07b85d665bc3a0359d721ce4e4c28fa3bce7456ab25e0babae708/diff:/var/lib/docker/overlay2/f80d865cbc6c1c6f57d0963fa6234e7a6409e079eb17f4f13ca41d02731701ad/diff:/var/lib/docker/overlay2/5a3029e0b57c6ec9b985871ff6adf08356aaa0f2a15f1e34c1a7f116ecc4a61d/diff:/var/lib/docker/overlay2/4f3423103248d0b381a1bc6a7287e2b42313ff458cea602a02b7379014b03e0e/diff","MergedDir":"/var/lib/docker/overlay2/5529564f52cf969e31e7a1482c27be7ffed19639b506ae2e15b7e7115f699a73/merged","UpperDir":"/var/lib/docker/overlay2/5529564f52cf969e31e7a1482c27be7ffed19639b506ae2e15b7e7115f699a73/diff","WorkDir":"/var/lib/docker/overlay2/5529564f52cf969e31e7a1482c27be7ffed19639b506ae2e15b7e7115f699a73/work"},"Name":"overlay2"},"Mounts":[{"Type":"volume","Name":"fd1f613c7fe3ca3ae799982507ac3f565cc9f6a2dc99ceaed92389e2c43f47d1","Source":"/var/lib/docker/volumes/fd1f613c7fe3ca3ae799982507ac3f565cc9f6a2dc99ceaed92389e2c43f47d1/_data","Destination":"/var/lib/mysql","Driver":"local","Mode":"","RW":true,"Propagation":""}],"Config":{"Hostname":"9691e3189171","Domainname":"","User":"","AttachStdin":false,"AttachStdout":false,"AttachStderr":false,"ExposedPorts":{"3306/tcp":{},"33060/tcp":{}},"Tty":false,"OpenStdin":false,"StdinOnce":false,"Env":["MYSQL_DATABASE=test","MYSQL_PASSWORD=admin","MYSQL_USER=admin","MYSQL_ROOT_PASSWORD=admin","PATH=/usr/local/sbin:/usr/local/bin:/usr/sbin:/usr/bin:/sbin:/bin","GOSU_VERSION=1.14","MYSQL_MAJOR=8.0","MYSQL_VERSION=8.0.29-1debian10"],"Cmd":["mysqld"],"Image":"mysql:8.0","Volumes":{"/var/lib/mysql":{}},"WorkingDir":"","Entrypoint":["docker-entrypoint.sh"],"OnBuild":null,"Labels":{"org.testcontainers":"true","org.testcontainers.sessionId":"d48265e4-2b28-4f8c-aa67-76dd8289af84"}},"NetworkSettings":{"Bridge":"","SandboxID":"d9de8570fe3f0a4e9f3a1ff7101c963bbd2c6a0a9d8a867b96f17f4d5edca537","HairpinMode":false,"LinkLocalIPv6Address":"","LinkLocalIPv6PrefixLen":0,"Ports":{"3306/tcp":[{"HostIp":"0.0.0.0","HostPort":"49160"},{"HostIp":"::","HostPort":"49160"}],"33060/tcp":null},"SandboxKey":"/var/run/docker/netns/d9de8570fe3f","SecondaryIPAddresses":null,"SecondaryIPv6Addresses":null,"EndpointID":"93e8fe159f683a98670e8995677c2b130dbce857fc116679206e206bda319cbf","Gateway":"172.17.0.1","GlobalIPv6Address":"","GlobalIPv6PrefixLen":0,"IPAddress":"172.17.0.3","IPPrefixLen":16,"IPv6Gateway":"","MacAddress":"02:42:ac:11:00:03","Networks":{"bridge":{"IPAMConfig":null,"Links":null,"Aliases":null,"NetworkID":"1853cd2b9856825cc97ed9ef2b12efa82d95bf9cf60ad666c276eb35cc53539e","EndpointID":"93e8fe159f683a98670e8995677c2b130dbce857fc116679206e206bda319cbf","Gateway":"172.17.0.1","IPAddress":"172.17.0.3","IPPrefixLen":16,"IPv6Gateway":"","GlobalIPv6Address":"","GlobalIPv6PrefixLen":0,"MacAddress":"02:42:ac:11:00:03","DriverOpts":null}}}}[\n]"
03:32:57.532 [main] DEBUG com.github.dockerjava.zerodep.shaded.org.apache.hc.client5.http.wire - http-outgoing-2 << "[\r][\n]"
03:32:57.532 [main] DEBUG com.github.dockerjava.zerodep.shaded.org.apache.hc.client5.http.wire - http-outgoing-2 << "0[\r][\n]"
03:32:57.532 [main] DEBUG com.github.dockerjava.zerodep.shaded.org.apache.hc.client5.http.wire - http-outgoing-2 << "[\r][\n]"
03:32:57.533 [main] DEBUG com.github.dockerjava.zerodep.shaded.org.apache.hc.client5.http.headers - http-outgoing-2 << HTTP/1.1 200 OK
03:32:57.533 [main] DEBUG com.github.dockerjava.zerodep.shaded.org.apache.hc.client5.http.headers - http-outgoing-2 << Api-Version: 1.41
03:32:57.533 [main] DEBUG com.github.dockerjava.zerodep.shaded.org.apache.hc.client5.http.headers - http-outgoing-2 << Content-Type: application/json
03:32:57.533 [main] DEBUG com.github.dockerjava.zerodep.shaded.org.apache.hc.client5.http.headers - http-outgoing-2 << Docker-Experimental: false
03:32:57.533 [main] DEBUG com.github.dockerjava.zerodep.shaded.org.apache.hc.client5.http.headers - http-outgoing-2 << Ostype: linux
03:32:57.533 [main] DEBUG com.github.dockerjava.zerodep.shaded.org.apache.hc.client5.http.headers - http-outgoing-2 << Server: Docker/20.10.12 (linux)
03:32:57.533 [main] DEBUG com.github.dockerjava.zerodep.shaded.org.apache.hc.client5.http.headers - http-outgoing-2 << Date: Thu, 23 Jun 2022 02:32:57 GMT
03:32:57.533 [main] DEBUG com.github.dockerjava.zerodep.shaded.org.apache.hc.client5.http.headers - http-outgoing-2 << Transfer-Encoding: chunked
03:32:57.533 [main] DEBUG com.github.dockerjava.zerodep.shaded.org.apache.hc.client5.http.impl.classic.MainClientExec - ex-00000066: connection can be kept alive for 3 MINUTES
03:32:57.533 [main] DEBUG com.github.dockerjava.zerodep.shaded.org.apache.hc.client5.http.impl.classic.InternalHttpClient - ep-00000065: releasing valid endpoint
03:32:57.533 [main] DEBUG com.github.dockerjava.zerodep.shaded.org.apache.hc.client5.http.impl.io.PoolingHttpClientConnectionManager - ep-00000065: releasing endpoint
03:32:57.533 [main] DEBUG com.github.dockerjava.zerodep.shaded.org.apache.hc.client5.http.impl.io.PoolingHttpClientConnectionManager - ep-00000065: connection http-outgoing-2 can be kept alive for 3 MINUTES
03:32:57.534 [main] DEBUG com.github.dockerjava.zerodep.shaded.org.apache.hc.client5.http.impl.io.PoolingHttpClientConnectionManager - ep-00000065: connection released [route: {}->unix://localhost:2375][total available: 1; route allocated: 1 of 2147483647; total allocated: 1 of 2147483647]
03:32:57.534 [main] DEBUG 🐳 [mysql:8.0] - Trying to create JDBC connection using com.mysql.cj.jdbc.Driver to jdbc:mysql://localhost:49160/test?useSSL=false&allowPublicKeyRetrieval=true with properties: {password=admin, user=admin}
03:32:57.635 [main] DEBUG org.testcontainers.shaded.com.github.dockerjava.core.command.AbstrDockerCmd - Cmd: 9691e31891711283f4d98263d11bc6156717d3e75a0b86a23f3b128a992c1f38,false
03:32:57.635 [main] DEBUG org.testcontainers.shaded.com.github.dockerjava.core.exec.InspectContainerCmdExec - GET: DefaultWebTarget{path=[/containers/9691e31891711283f4d98263d11bc6156717d3e75a0b86a23f3b128a992c1f38/json], queryParams={}}
03:32:57.635 [main] DEBUG com.github.dockerjava.zerodep.shaded.org.apache.hc.client5.http.impl.classic.InternalHttpClient - ex-00000067: preparing request execution
03:32:57.636 [main] DEBUG com.github.dockerjava.zerodep.shaded.org.apache.hc.client5.http.protocol.RequestAddCookies - Cookie spec selected: strict
03:32:57.636 [main] DEBUG com.github.dockerjava.zerodep.shaded.org.apache.hc.client5.http.protocol.RequestAuthCache - Auth cache not set in the context
03:32:57.636 [main] DEBUG com.github.dockerjava.zerodep.shaded.org.apache.hc.client5.http.impl.classic.ProtocolExec - ex-00000067: target auth state: UNCHALLENGED
03:32:57.636 [main] DEBUG com.github.dockerjava.zerodep.shaded.org.apache.hc.client5.http.impl.classic.ProtocolExec - ex-00000067: proxy auth state: UNCHALLENGED
03:32:57.636 [main] DEBUG com.github.dockerjava.zerodep.shaded.org.apache.hc.client5.http.impl.classic.ConnectExec - ex-00000067: acquiring connection with route {}->unix://localhost:2375
03:32:57.636 [main] DEBUG com.github.dockerjava.zerodep.shaded.org.apache.hc.client5.http.impl.classic.InternalHttpClient - ex-00000067: acquiring endpoint (3 MINUTES)
03:32:57.636 [main] DEBUG com.github.dockerjava.zerodep.shaded.org.apache.hc.client5.http.impl.io.PoolingHttpClientConnectionManager - ex-00000067: endpoint lease request (3 MINUTES) [route: {}->unix://localhost:2375][total available: 1; route allocated: 1 of 2147483647; total allocated: 1 of 2147483647]
03:32:57.636 [main] DEBUG com.github.dockerjava.zerodep.shaded.org.apache.hc.client5.http.impl.io.PoolingHttpClientConnectionManager - ex-00000067: endpoint leased [route: {}->unix://localhost:2375][total available: 0; route allocated: 1 of 2147483647; total allocated: 1 of 2147483647]
03:32:57.636 [main] DEBUG com.github.dockerjava.zerodep.shaded.org.apache.hc.client5.http.impl.io.PoolingHttpClientConnectionManager - ex-00000067: acquired ep-00000066
03:32:57.636 [main] DEBUG com.github.dockerjava.zerodep.shaded.org.apache.hc.client5.http.impl.classic.InternalHttpClient - ex-00000067: acquired endpoint ep-00000066
03:32:57.636 [main] DEBUG com.github.dockerjava.zerodep.shaded.org.apache.hc.client5.http.impl.classic.MainClientExec - ex-00000067: executing GET /v1.32/containers/9691e31891711283f4d98263d11bc6156717d3e75a0b86a23f3b128a992c1f38/json HTTP/1.1
03:32:57.636 [main] DEBUG com.github.dockerjava.zerodep.shaded.org.apache.hc.client5.http.impl.classic.InternalHttpClient - ep-00000066: start execution ex-00000067
03:32:57.636 [main] DEBUG com.github.dockerjava.zerodep.shaded.org.apache.hc.client5.http.impl.io.PoolingHttpClientConnectionManager - ep-00000066: executing exchange ex-00000067 over http-outgoing-2
03:32:57.636 [main] DEBUG com.github.dockerjava.zerodep.shaded.org.apache.hc.client5.http.headers - http-outgoing-2 >> GET /v1.32/containers/9691e31891711283f4d98263d11bc6156717d3e75a0b86a23f3b128a992c1f38/json HTTP/1.1
03:32:57.636 [main] DEBUG com.github.dockerjava.zerodep.shaded.org.apache.hc.client5.http.headers - http-outgoing-2 >> accept: application/json
03:32:57.636 [main] DEBUG com.github.dockerjava.zerodep.shaded.org.apache.hc.client5.http.headers - http-outgoing-2 >> Accept-Encoding: gzip, x-gzip, deflate
03:32:57.636 [main] DEBUG com.github.dockerjava.zerodep.shaded.org.apache.hc.client5.http.headers - http-outgoing-2 >> Host: localhost:2375
03:32:57.636 [main] DEBUG com.github.dockerjava.zerodep.shaded.org.apache.hc.client5.http.headers - http-outgoing-2 >> Connection: keep-alive
03:32:57.636 [main] DEBUG com.github.dockerjava.zerodep.shaded.org.apache.hc.client5.http.headers - http-outgoing-2 >> User-Agent: Apache-HttpClient/5.0.3 (Java/11.0.15)
03:32:57.636 [main] DEBUG com.github.dockerjava.zerodep.shaded.org.apache.hc.client5.http.wire - http-outgoing-2 >> "GET /v1.32/containers/9691e31891711283f4d98263d11bc6156717d3e75a0b86a23f3b128a992c1f38/json HTTP/1.1[\r][\n]"
03:32:57.636 [main] DEBUG com.github.dockerjava.zerodep.shaded.org.apache.hc.client5.http.wire - http-outgoing-2 >> "accept: application/json[\r][\n]"
03:32:57.636 [main] DEBUG com.github.dockerjava.zerodep.shaded.org.apache.hc.client5.http.wire - http-outgoing-2 >> "Accept-Encoding: gzip, x-gzip, deflate[\r][\n]"
03:32:57.636 [main] DEBUG com.github.dockerjava.zerodep.shaded.org.apache.hc.client5.http.wire - http-outgoing-2 >> "Host: localhost:2375[\r][\n]"
03:32:57.636 [main] DEBUG com.github.dockerjava.zerodep.shaded.org.apache.hc.client5.http.wire - http-outgoing-2 >> "Connection: keep-alive[\r][\n]"
03:32:57.636 [main] DEBUG com.github.dockerjava.zerodep.shaded.org.apache.hc.client5.http.wire - http-outgoing-2 >> "User-Agent: Apache-HttpClient/5.0.3 (Java/11.0.15)[\r][\n]"
03:32:57.636 [main] DEBUG com.github.dockerjava.zerodep.shaded.org.apache.hc.client5.http.wire - http-outgoing-2 >> "[\r][\n]"
03:32:57.636 [main] DEBUG com.github.dockerjava.zerodep.shaded.org.apache.hc.client5.http.wire - http-outgoing-2 << "HTTP/1.1 200 OK[\r][\n]"
03:32:57.636 [main] DEBUG com.github.dockerjava.zerodep.shaded.org.apache.hc.client5.http.wire - http-outgoing-2 << "Api-Version: 1.41[\r][\n]"
03:32:57.637 [main] DEBUG com.github.dockerjava.zerodep.shaded.org.apache.hc.client5.http.wire - http-outgoing-2 << "Content-Type: application/json[\r][\n]"
03:32:57.637 [main] DEBUG com.github.dockerjava.zerodep.shaded.org.apache.hc.client5.http.wire - http-outgoing-2 << "Docker-Experimental: false[\r][\n]"
03:32:57.637 [main] DEBUG com.github.dockerjava.zerodep.shaded.org.apache.hc.client5.http.wire - http-outgoing-2 << "Ostype: linux[\r][\n]"
03:32:57.637 [main] DEBUG com.github.dockerjava.zerodep.shaded.org.apache.hc.client5.http.wire - http-outgoing-2 << "Server: Docker/20.10.12 (linux)[\r][\n]"
03:32:57.637 [main] DEBUG com.github.dockerjava.zerodep.shaded.org.apache.hc.client5.http.wire - http-outgoing-2 << "Date: Thu, 23 Jun 2022 02:32:57 GMT[\r][\n]"
03:32:57.637 [main] DEBUG com.github.dockerjava.zerodep.shaded.org.apache.hc.client5.http.wire - http-outgoing-2 << "Transfer-Encoding: chunked[\r][\n]"
03:32:57.637 [main] DEBUG com.github.dockerjava.zerodep.shaded.org.apache.hc.client5.http.wire - http-outgoing-2 << "[\r][\n]"
03:32:57.637 [main] DEBUG com.github.dockerjava.zerodep.shaded.org.apache.hc.client5.http.wire - http-outgoing-2 << "18ed[\r][\n]"
03:32:57.637 [main] DEBUG com.github.dockerjava.zerodep.shaded.org.apache.hc.client5.http.wire - http-outgoing-2 << "{"Id":"9691e31891711283f4d98263d11bc6156717d3e75a0b86a23f3b128a992c1f38","Created":"2022-06-23T02:32:47.03956921Z","Path":"docker-entrypoint.sh","Args":["mysqld"],"State":{"Status":"running","Running":true,"Paused":false,"Restarting":false,"OOMKilled":false,"Dead":false,"Pid":66188,"ExitCode":0,"Error":"","StartedAt":"2022-06-23T02:32:47.703880551Z","FinishedAt":"0001-01-01T00:00:00Z"},"Image":"sha256:65b636d5542b73254ce90cc4b895597dc1adc2c661ca553c38eda159979dded1","ResolvConfPath":"/var/lib/docker/containers/9691e31891711283f4d98263d11bc6156717d3e75a0b86a23f3b128a992c1f38/resolv.conf","HostnamePath":"/var/lib/docker/containers/9691e31891711283f4d98263d11bc6156717d3e75a0b86a23f3b128a992c1f38/hostname","HostsPath":"/var/lib/docker/containers/9691e31891711283f4d98263d11bc6156717d3e75a0b86a23f3b128a992c1f38/hosts","LogPath":"/var/lib/docker/containers/9691e31891711283f4d98263d11bc6156717d3e75a0b86a23f3b128a992c1f38/9691e31891711283f4d98263d11bc6156717d3e75a0b86a23f3b128a992c1f38-json.log","Name":"/xenodochial_satoshi","RestartCount":0,"Driver":"overlay2","Platform":"linux","MountLabel":"","ProcessLabel":"","AppArmorProfile":"docker-default","ExecIDs":null,"HostConfig":{"Binds":[],"ContainerIDFile":"","LogConfig":{"Type":"json-file","Config":{}},"NetworkMode":"default","PortBindings":{"3306/tcp":[{"HostIp":"","HostPort":""}]},"RestartPolicy":{"Name":"","MaximumRetryCount":0},"AutoRemove":false,"VolumeDriver":"","VolumesFrom":[],"CapAdd":null,"CapDrop":null,"CgroupnsMode":"host","Dns":null,"DnsOptions":null,"DnsSearch":null,"ExtraHosts":[],"GroupAdd":null,"IpcMode":"shareable","Cgroup":"","Links":null,"OomScoreAdj":0,"PidMode":"","Privileged":false,"PublishAllPorts":false,"ReadonlyRootfs":false,"SecurityOpt":null,"UTSMode":"","UsernsMode":"","ShmSize":67108864,"Runtime":"runc","ConsoleSize":[0,0],"Isolation":"","CpuShares":0,"Memory":0,"NanoCpus":0,"CgroupParent":"","BlkioWeight":0,"BlkioWeightDevice":null,"BlkioDeviceReadBps":null,"BlkioDeviceWriteBps":null,"BlkioDeviceReadIOps":null,"BlkioDeviceWriteIOps":null,"CpuPeriod":0,"CpuQuota":0,"CpuRealtimePeriod":0,"CpuRealtimeRuntime":0,"CpusetCpus":"","CpusetMems":"","Devices":null,"DeviceCgroupRules":null,"DeviceRequests":null,"KernelMemory":0,"KernelMemoryTCP":0,"MemoryReservation":0,"MemorySwap":0,"MemorySwappiness":null,"OomKillDisable":false,"PidsLimit":null,"Ulimits":null,"CpuCount":0,"CpuPercent":0,"IOMaximumIOps":0,"IOMaximumBandwidth":0,"MaskedPaths":["/proc/asound","/proc/acpi","/proc/kcore","/proc/keys","/proc/latency_stats","/proc/timer_list","/proc/timer_stats","/proc/sched_debug","/proc/scsi","/sys/firmware"],"ReadonlyPaths":["/proc/bus","/proc/fs","/proc/irq","/proc/sys","/proc/sysrq-trigger"]},"GraphDriver":{"Data":{"LowerDir":"/var/lib/docker/overlay2/5529564f52cf969e31e7a1482c27be7ffed19639b506ae2e15b7e7115f699a73-init/diff:/var/lib/docker/overlay2/833a665819b5d9728d3efa7c33135034345a24f83af53b1a1af33d9b64f5492a/diff:/var/lib/docker/overlay2/bd4a2a46c227c2f15475b08c398f37acaab93f4fdba31de015d730efae0a0cfc/diff:/var/lib/docker/overlay2/31ad437d7cba8e64428a2b62db1bbb2a2ec19ca4e439ec493ef4deb50dce2783/diff:/var/lib/docker/overlay2/35173cbd8ec5b88a8888e9abbe75f8694f5d3f96a9b781bb70dc1f0889685741/diff:/var/lib/docker/overlay2/24bf69ac4e8c81062fee44e7c9f746fffbb139c3f7f4b55b4fd1b23bb101b529/diff:/var/lib/docker/overlay2/2f27c96a7775dad186b6f0da325d5a251c80aa1b7f80cf8520f493c5154aee70/diff:/var/lib/docker/overlay2/463a60088c72ddbea82639ded15801e35a79c443f6a26bf1baf320c683cb06af/diff:/var/lib/docker/overlay2/80b8224b23a2ee4b5be635c58ae579fd1913aa95558cd66ab2f5e8430f00a5b8/diff:/var/lib/docker/overlay2/20451fa0b1a07b85d665bc3a0359d721ce4e4c28fa3bce7456ab25e0babae708/diff:/var/lib/docker/overlay2/f80d865cbc6c1c6f57d0963fa6234e7a6409e079eb17f4f13ca41d02731701ad/diff:/var/lib/docker/overlay2/5a3029e0b57c6ec9b985871ff6adf08356aaa0f2a15f1e34c1a7f116ecc4a61d/diff:/var/lib/docker/overlay2/4f3423103248d0b381a1bc6a7287e2b42313ff458cea602a02b7379014b03e0e/diff","MergedDir":"/var/lib/docker/overlay2/5529564f52cf969e31e7a1482c27be7ffed19639b506ae2e15b7e7115f699a73/merged","UpperDir":"/var/lib/docker/overlay2/5529564f52cf969e31e7a1482c27be7ffed19639b506ae2e15b7e7115f699a73/diff","WorkDir":"/var/lib/docker/overlay2/5529564f52cf969e31e7a1482c27be7ffed19639b506ae2e15b7e7115f699a73/work"},"Name":"overlay2"},"Mounts":[{"Type":"volume","Name":"fd1f613c7fe3ca3ae799982507ac3f565cc9f6a2dc99ceaed92389e2c43f47d1","Source":"/var/lib/docker/volumes/fd1f613c7fe3ca3ae799982507ac3f565cc9f6a2dc99ceaed92389e2c43f47d1/_data","Destination":"/var/lib/mysql","Driver":"local","Mode":"","RW":true,"Propagation":""}],"Config":{"Hostname":"9691e3189171","Domainname":"","User":"","AttachStdin":false,"AttachStdout":false,"AttachStderr":false,"ExposedPorts":{"3306/tcp":{},"33060/tcp":{}},"Tty":false,"OpenStdin":false,"StdinOnce":false,"Env":["MYSQL_DATABASE=test","MYSQL_PASSWORD=admin","MYSQL_USER=admin","MYSQL_ROOT_PASSWORD=admin","PATH=/usr/local/sbin:/usr/local/bin:/usr/sbin:/usr/bin:/sbin:/bin","GOSU_VERSION=1.14","MYSQL_MAJOR=8.0","MYSQL_VERSION=8.0.29-1debian10"],"Cmd":["mysqld"],"Image":"mysql:8.0","Volumes":{"/var/lib/mysql":{}},"WorkingDir":"","Entrypoint":["docker-entrypoint.sh"],"OnBuild":null,"Labels":{"org.testcontainers":"true","org.testcontainers.sessionId":"d48265e4-2b28-4f8c-aa67-76dd8289af84"}},"NetworkSettings":{"Bridge":"","SandboxID":"d9de8570fe3f0a4e9f3a1ff7101c963bbd2c6a0a9d8a867b96f17f4d5edca537","HairpinMode":false,"LinkLocalIPv6Address":"","LinkLocalIPv6PrefixLen":0,"Ports":{"3306/tcp":[{"HostIp":"0.0.0.0","HostPort":"49160"},{"HostIp":"::","HostPort":"49160"}],"33060/tcp":null},"SandboxKey":"/var/run/docker/netns/d9de8570fe3f","SecondaryIPAddresses":null,"SecondaryIPv6Addresses":null,"EndpointID":"93e8fe159f683a98670e8995677c2b130dbce857fc116679206e206bda319cbf","Gateway":"172.17.0.1","GlobalIPv6Address":"","GlobalIPv6PrefixLen":0,"IPAddress":"172.17.0.3","IPPrefixLen":16,"IPv6Gateway":"","MacAddress":"02:42:ac:11:00:03","Networks":{"bridge":{"IPAMConfig":null,"Links":null,"Aliases":null,"NetworkID":"1853cd2b9856825cc97ed9ef2b12efa82d95bf9cf60ad666c276eb35cc53539e","EndpointID":"93e8fe159f683a98670e8995677c2b130dbce857fc116679206e206bda319cbf","Gateway":"172.17.0.1","IPAddress":"172.17.0.3","IPPrefixLen":16,"IPv6Gateway":"","GlobalIPv6Address":"","GlobalIPv6PrefixLen":0,"MacAddress":"02:42:ac:11:00:03","DriverOpts":null}}}}[\n]"
03:32:57.637 [main] DEBUG com.github.dockerjava.zerodep.shaded.org.apache.hc.client5.http.wire - http-outgoing-2 << "[\r][\n]"
03:32:57.637 [main] DEBUG com.github.dockerjava.zerodep.shaded.org.apache.hc.client5.http.wire - http-outgoing-2 << "0[\r][\n]"
03:32:57.637 [main] DEBUG com.github.dockerjava.zerodep.shaded.org.apache.hc.client5.http.wire - http-outgoing-2 << "[\r][\n]"
03:32:57.637 [main] DEBUG com.github.dockerjava.zerodep.shaded.org.apache.hc.client5.http.headers - http-outgoing-2 << HTTP/1.1 200 OK
03:32:57.637 [main] DEBUG com.github.dockerjava.zerodep.shaded.org.apache.hc.client5.http.headers - http-outgoing-2 << Api-Version: 1.41
03:32:57.637 [main] DEBUG com.github.dockerjava.zerodep.shaded.org.apache.hc.client5.http.headers - http-outgoing-2 << Content-Type: application/json
03:32:57.637 [main] DEBUG com.github.dockerjava.zerodep.shaded.org.apache.hc.client5.http.headers - http-outgoing-2 << Docker-Experimental: false
03:32:57.637 [main] DEBUG com.github.dockerjava.zerodep.shaded.org.apache.hc.client5.http.headers - http-outgoing-2 << Ostype: linux
03:32:57.637 [main] DEBUG com.github.dockerjava.zerodep.shaded.org.apache.hc.client5.http.headers - http-outgoing-2 << Server: Docker/20.10.12 (linux)
03:32:57.637 [main] DEBUG com.github.dockerjava.zerodep.shaded.org.apache.hc.client5.http.headers - http-outgoing-2 << Date: Thu, 23 Jun 2022 02:32:57 GMT
03:32:57.637 [main] DEBUG com.github.dockerjava.zerodep.shaded.org.apache.hc.client5.http.headers - http-outgoing-2 << Transfer-Encoding: chunked
03:32:57.637 [main] DEBUG com.github.dockerjava.zerodep.shaded.org.apache.hc.client5.http.impl.classic.MainClientExec - ex-00000067: connection can be kept alive for 3 MINUTES
03:32:57.638 [main] DEBUG com.github.dockerjava.zerodep.shaded.org.apache.hc.client5.http.impl.classic.InternalHttpClient - ep-00000066: releasing valid endpoint
03:32:57.638 [main] DEBUG com.github.dockerjava.zerodep.shaded.org.apache.hc.client5.http.impl.io.PoolingHttpClientConnectionManager - ep-00000066: releasing endpoint
03:32:57.638 [main] DEBUG com.github.dockerjava.zerodep.shaded.org.apache.hc.client5.http.impl.io.PoolingHttpClientConnectionManager - ep-00000066: connection http-outgoing-2 can be kept alive for 3 MINUTES
03:32:57.638 [main] DEBUG com.github.dockerjava.zerodep.shaded.org.apache.hc.client5.http.impl.io.PoolingHttpClientConnectionManager - ep-00000066: connection released [route: {}->unix://localhost:2375][total available: 1; route allocated: 1 of 2147483647; total allocated: 1 of 2147483647]
03:32:57.638 [main] DEBUG 🐳 [mysql:8.0] - Trying to create JDBC connection using com.mysql.cj.jdbc.Driver to jdbc:mysql://localhost:49160/test?useSSL=false&allowPublicKeyRetrieval=true with properties: {password=admin, user=admin}
03:32:57.739 [main] DEBUG org.testcontainers.shaded.com.github.dockerjava.core.command.AbstrDockerCmd - Cmd: 9691e31891711283f4d98263d11bc6156717d3e75a0b86a23f3b128a992c1f38,false
03:32:57.739 [main] DEBUG org.testcontainers.shaded.com.github.dockerjava.core.exec.InspectContainerCmdExec - GET: DefaultWebTarget{path=[/containers/9691e31891711283f4d98263d11bc6156717d3e75a0b86a23f3b128a992c1f38/json], queryParams={}}
03:32:57.740 [main] DEBUG com.github.dockerjava.zerodep.shaded.org.apache.hc.client5.http.impl.classic.InternalHttpClient - ex-00000068: preparing request execution
03:32:57.740 [main] DEBUG com.github.dockerjava.zerodep.shaded.org.apache.hc.client5.http.protocol.RequestAddCookies - Cookie spec selected: strict
03:32:57.740 [main] DEBUG com.github.dockerjava.zerodep.shaded.org.apache.hc.client5.http.protocol.RequestAuthCache - Auth cache not set in the context
03:32:57.740 [main] DEBUG com.github.dockerjava.zerodep.shaded.org.apache.hc.client5.http.impl.classic.ProtocolExec - ex-00000068: target auth state: UNCHALLENGED
03:32:57.740 [main] DEBUG com.github.dockerjava.zerodep.shaded.org.apache.hc.client5.http.impl.classic.ProtocolExec - ex-00000068: proxy auth state: UNCHALLENGED
03:32:57.740 [main] DEBUG com.github.dockerjava.zerodep.shaded.org.apache.hc.client5.http.impl.classic.ConnectExec - ex-00000068: acquiring connection with route {}->unix://localhost:2375
03:32:57.740 [main] DEBUG com.github.dockerjava.zerodep.shaded.org.apache.hc.client5.http.impl.classic.InternalHttpClient - ex-00000068: acquiring endpoint (3 MINUTES)
03:32:57.740 [main] DEBUG com.github.dockerjava.zerodep.shaded.org.apache.hc.client5.http.impl.io.PoolingHttpClientConnectionManager - ex-00000068: endpoint lease request (3 MINUTES) [route: {}->unix://localhost:2375][total available: 1; route allocated: 1 of 2147483647; total allocated: 1 of 2147483647]
03:32:57.740 [main] DEBUG com.github.dockerjava.zerodep.shaded.org.apache.hc.client5.http.impl.io.PoolingHttpClientConnectionManager - ex-00000068: endpoint leased [route: {}->unix://localhost:2375][total available: 0; route allocated: 1 of 2147483647; total allocated: 1 of 2147483647]
03:32:57.740 [main] DEBUG com.github.dockerjava.zerodep.shaded.org.apache.hc.client5.http.impl.io.PoolingHttpClientConnectionManager - ex-00000068: acquired ep-00000067
03:32:57.740 [main] DEBUG com.github.dockerjava.zerodep.shaded.org.apache.hc.client5.http.impl.classic.InternalHttpClient - ex-00000068: acquired endpoint ep-00000067
03:32:57.740 [main] DEBUG com.github.dockerjava.zerodep.shaded.org.apache.hc.client5.http.impl.classic.MainClientExec - ex-00000068: executing GET /v1.32/containers/9691e31891711283f4d98263d11bc6156717d3e75a0b86a23f3b128a992c1f38/json HTTP/1.1
03:32:57.740 [main] DEBUG com.github.dockerjava.zerodep.shaded.org.apache.hc.client5.http.impl.classic.InternalHttpClient - ep-00000067: start execution ex-00000068
03:32:57.740 [main] DEBUG com.github.dockerjava.zerodep.shaded.org.apache.hc.client5.http.impl.io.PoolingHttpClientConnectionManager - ep-00000067: executing exchange ex-00000068 over http-outgoing-2
03:32:57.741 [main] DEBUG com.github.dockerjava.zerodep.shaded.org.apache.hc.client5.http.headers - http-outgoing-2 >> GET /v1.32/containers/9691e31891711283f4d98263d11bc6156717d3e75a0b86a23f3b128a992c1f38/json HTTP/1.1
03:32:57.741 [main] DEBUG com.github.dockerjava.zerodep.shaded.org.apache.hc.client5.http.headers - http-outgoing-2 >> accept: application/json
03:32:57.741 [main] DEBUG com.github.dockerjava.zerodep.shaded.org.apache.hc.client5.http.headers - http-outgoing-2 >> Accept-Encoding: gzip, x-gzip, deflate
03:32:57.741 [main] DEBUG com.github.dockerjava.zerodep.shaded.org.apache.hc.client5.http.headers - http-outgoing-2 >> Host: localhost:2375
03:32:57.741 [main] DEBUG com.github.dockerjava.zerodep.shaded.org.apache.hc.client5.http.headers - http-outgoing-2 >> Connection: keep-alive
03:32:57.741 [main] DEBUG com.github.dockerjava.zerodep.shaded.org.apache.hc.client5.http.headers - http-outgoing-2 >> User-Agent: Apache-HttpClient/5.0.3 (Java/11.0.15)
03:32:57.741 [main] DEBUG com.github.dockerjava.zerodep.shaded.org.apache.hc.client5.http.wire - http-outgoing-2 >> "GET /v1.32/containers/9691e31891711283f4d98263d11bc6156717d3e75a0b86a23f3b128a992c1f38/json HTTP/1.1[\r][\n]"
03:32:57.741 [main] DEBUG com.github.dockerjava.zerodep.shaded.org.apache.hc.client5.http.wire - http-outgoing-2 >> "accept: application/json[\r][\n]"
03:32:57.741 [main] DEBUG com.github.dockerjava.zerodep.shaded.org.apache.hc.client5.http.wire - http-outgoing-2 >> "Accept-Encoding: gzip, x-gzip, deflate[\r][\n]"
03:32:57.741 [main] DEBUG com.github.dockerjava.zerodep.shaded.org.apache.hc.client5.http.wire - http-outgoing-2 >> "Host: localhost:2375[\r][\n]"
03:32:57.741 [main] DEBUG com.github.dockerjava.zerodep.shaded.org.apache.hc.client5.http.wire - http-outgoing-2 >> "Connection: keep-alive[\r][\n]"
03:32:57.741 [main] DEBUG com.github.dockerjava.zerodep.shaded.org.apache.hc.client5.http.wire - http-outgoing-2 >> "User-Agent: Apache-HttpClient/5.0.3 (Java/11.0.15)[\r][\n]"
03:32:57.741 [main] DEBUG com.github.dockerjava.zerodep.shaded.org.apache.hc.client5.http.wire - http-outgoing-2 >> "[\r][\n]"
03:32:57.741 [main] DEBUG com.github.dockerjava.zerodep.shaded.org.apache.hc.client5.http.wire - http-outgoing-2 << "HTTP/1.1 200 OK[\r][\n]"
03:32:57.741 [main] DEBUG com.github.dockerjava.zerodep.shaded.org.apache.hc.client5.http.wire - http-outgoing-2 << "Api-Version: 1.41[\r][\n]"
03:32:57.741 [main] DEBUG com.github.dockerjava.zerodep.shaded.org.apache.hc.client5.http.wire - http-outgoing-2 << "Content-Type: application/json[\r][\n]"
03:32:57.741 [main] DEBUG com.github.dockerjava.zerodep.shaded.org.apache.hc.client5.http.wire - http-outgoing-2 << "Docker-Experimental: false[\r][\n]"
03:32:57.741 [main] DEBUG com.github.dockerjava.zerodep.shaded.org.apache.hc.client5.http.wire - http-outgoing-2 << "Ostype: linux[\r][\n]"
03:32:57.741 [main] DEBUG com.github.dockerjava.zerodep.shaded.org.apache.hc.client5.http.wire - http-outgoing-2 << "Server: Docker/20.10.12 (linux)[\r][\n]"
03:32:57.741 [main] DEBUG com.github.dockerjava.zerodep.shaded.org.apache.hc.client5.http.wire - http-outgoing-2 << "Date: Thu, 23 Jun 2022 02:32:57 GMT[\r][\n]"
03:32:57.741 [main] DEBUG com.github.dockerjava.zerodep.shaded.org.apache.hc.client5.http.wire - http-outgoing-2 << "Transfer-Encoding: chunked[\r][\n]"
03:32:57.741 [main] DEBUG com.github.dockerjava.zerodep.shaded.org.apache.hc.client5.http.wire - http-outgoing-2 << "[\r][\n]"
03:32:57.741 [main] DEBUG com.github.dockerjava.zerodep.shaded.org.apache.hc.client5.http.wire - http-outgoing-2 << "18ed[\r][\n]"
03:32:57.741 [main] DEBUG com.github.dockerjava.zerodep.shaded.org.apache.hc.client5.http.wire - http-outgoing-2 << "{"Id":"9691e31891711283f4d98263d11bc6156717d3e75a0b86a23f3b128a992c1f38","Created":"2022-06-23T02:32:47.03956921Z","Path":"docker-entrypoint.sh","Args":["mysqld"],"State":{"Status":"running","Running":true,"Paused":false,"Restarting":false,"OOMKilled":false,"Dead":false,"Pid":66188,"ExitCode":0,"Error":"","StartedAt":"2022-06-23T02:32:47.703880551Z","FinishedAt":"0001-01-01T00:00:00Z"},"Image":"sha256:65b636d5542b73254ce90cc4b895597dc1adc2c661ca553c38eda159979dded1","ResolvConfPath":"/var/lib/docker/containers/9691e31891711283f4d98263d11bc6156717d3e75a0b86a23f3b128a992c1f38/resolv.conf","HostnamePath":"/var/lib/docker/containers/9691e31891711283f4d98263d11bc6156717d3e75a0b86a23f3b128a992c1f38/hostname","HostsPath":"/var/lib/docker/containers/9691e31891711283f4d98263d11bc6156717d3e75a0b86a23f3b128a992c1f38/hosts","LogPath":"/var/lib/docker/containers/9691e31891711283f4d98263d11bc6156717d3e75a0b86a23f3b128a992c1f38/9691e31891711283f4d98263d11bc6156717d3e75a0b86a23f3b128a992c1f38-json.log","Name":"/xenodochial_satoshi","RestartCount":0,"Driver":"overlay2","Platform":"linux","MountLabel":"","ProcessLabel":"","AppArmorProfile":"docker-default","ExecIDs":null,"HostConfig":{"Binds":[],"ContainerIDFile":"","LogConfig":{"Type":"json-file","Config":{}},"NetworkMode":"default","PortBindings":{"3306/tcp":[{"HostIp":"","HostPort":""}]},"RestartPolicy":{"Name":"","MaximumRetryCount":0},"AutoRemove":false,"VolumeDriver":"","VolumesFrom":[],"CapAdd":null,"CapDrop":null,"CgroupnsMode":"host","Dns":null,"DnsOptions":null,"DnsSearch":null,"ExtraHosts":[],"GroupAdd":null,"IpcMode":"shareable","Cgroup":"","Links":null,"OomScoreAdj":0,"PidMode":"","Privileged":false,"PublishAllPorts":false,"ReadonlyRootfs":false,"SecurityOpt":null,"UTSMode":"","UsernsMode":"","ShmSize":67108864,"Runtime":"runc","ConsoleSize":[0,0],"Isolation":"","CpuShares":0,"Memory":0,"NanoCpus":0,"CgroupParent":"","BlkioWeight":0,"BlkioWeightDevice":null,"BlkioDeviceReadBps":null,"BlkioDeviceWriteBps":null,"BlkioDeviceReadIOps":null,"BlkioDeviceWriteIOps":null,"CpuPeriod":0,"CpuQuota":0,"CpuRealtimePeriod":0,"CpuRealtimeRuntime":0,"CpusetCpus":"","CpusetMems":"","Devices":null,"DeviceCgroupRules":null,"DeviceRequests":null,"KernelMemory":0,"KernelMemoryTCP":0,"MemoryReservation":0,"MemorySwap":0,"MemorySwappiness":null,"OomKillDisable":false,"PidsLimit":null,"Ulimits":null,"CpuCount":0,"CpuPercent":0,"IOMaximumIOps":0,"IOMaximumBandwidth":0,"MaskedPaths":["/proc/asound","/proc/acpi","/proc/kcore","/proc/keys","/proc/latency_stats","/proc/timer_list","/proc/timer_stats","/proc/sched_debug","/proc/scsi","/sys/firmware"],"ReadonlyPaths":["/proc/bus","/proc/fs","/proc/irq","/proc/sys","/proc/sysrq-trigger"]},"GraphDriver":{"Data":{"LowerDir":"/var/lib/docker/overlay2/5529564f52cf969e31e7a1482c27be7ffed19639b506ae2e15b7e7115f699a73-init/diff:/var/lib/docker/overlay2/833a665819b5d9728d3efa7c33135034345a24f83af53b1a1af33d9b64f5492a/diff:/var/lib/docker/overlay2/bd4a2a46c227c2f15475b08c398f37acaab93f4fdba31de015d730efae0a0cfc/diff:/var/lib/docker/overlay2/31ad437d7cba8e64428a2b62db1bbb2a2ec19ca4e439ec493ef4deb50dce2783/diff:/var/lib/docker/overlay2/35173cbd8ec5b88a8888e9abbe75f8694f5d3f96a9b781bb70dc1f0889685741/diff:/var/lib/docker/overlay2/24bf69ac4e8c81062fee44e7c9f746fffbb139c3f7f4b55b4fd1b23bb101b529/diff:/var/lib/docker/overlay2/2f27c96a7775dad186b6f0da325d5a251c80aa1b7f80cf8520f493c5154aee70/diff:/var/lib/docker/overlay2/463a60088c72ddbea82639ded15801e35a79c443f6a26bf1baf320c683cb06af/diff:/var/lib/docker/overlay2/80b8224b23a2ee4b5be635c58ae579fd1913aa95558cd66ab2f5e8430f00a5b8/diff:/var/lib/docker/overlay2/20451fa0b1a07b85d665bc3a0359d721ce4e4c28fa3bce7456ab25e0babae708/diff:/var/lib/docker/overlay2/f80d865cbc6c1c6f57d0963fa6234e7a6409e079eb17f4f13ca41d02731701ad/diff:/var/lib/docker/overlay2/5a3029e0b57c6ec9b985871ff6adf08356aaa0f2a15f1e34c1a7f116ecc4a61d/diff:/var/lib/docker/overlay2/4f3423103248d0b381a1bc6a7287e2b42313ff458cea602a02b7379014b03e0e/diff","MergedDir":"/var/lib/docker/overlay2/5529564f52cf969e31e7a1482c27be7ffed19639b506ae2e15b7e7115f699a73/merged","UpperDir":"/var/lib/docker/overlay2/5529564f52cf969e31e7a1482c27be7ffed19639b506ae2e15b7e7115f699a73/diff","WorkDir":"/var/lib/docker/overlay2/5529564f52cf969e31e7a1482c27be7ffed19639b506ae2e15b7e7115f699a73/work"},"Name":"overlay2"},"Mounts":[{"Type":"volume","Name":"fd1f613c7fe3ca3ae799982507ac3f565cc9f6a2dc99ceaed92389e2c43f47d1","Source":"/var/lib/docker/volumes/fd1f613c7fe3ca3ae799982507ac3f565cc9f6a2dc99ceaed92389e2c43f47d1/_data","Destination":"/var/lib/mysql","Driver":"local","Mode":"","RW":true,"Propagation":""}],"Config":{"Hostname":"9691e3189171","Domainname":"","User":"","AttachStdin":false,"AttachStdout":false,"AttachStderr":false,"ExposedPorts":{"3306/tcp":{},"33060/tcp":{}},"Tty":false,"OpenStdin":false,"StdinOnce":false,"Env":["MYSQL_DATABASE=test","MYSQL_PASSWORD=admin","MYSQL_USER=admin","MYSQL_ROOT_PASSWORD=admin","PATH=/usr/local/sbin:/usr/local/bin:/usr/sbin:/usr/bin:/sbin:/bin","GOSU_VERSION=1.14","MYSQL_MAJOR=8.0","MYSQL_VERSION=8.0.29-1debian10"],"Cmd":["mysqld"],"Image":"mysql:8.0","Volumes":{"/var/lib/mysql":{}},"WorkingDir":"","Entrypoint":["docker-entrypoint.sh"],"OnBuild":null,"Labels":{"org.testcontainers":"true","org.testcontainers.sessionId":"d48265e4-2b28-4f8c-aa67-76dd8289af84"}},"NetworkSettings":{"Bridge":"","SandboxID":"d9de8570fe3f0a4e9f3a1ff7101c963bbd2c6a0a9d8a867b96f17f4d5edca537","HairpinMode":false,"LinkLocalIPv6Address":"","LinkLocalIPv6PrefixLen":0,"Ports":{"3306/tcp":[{"HostIp":"0.0.0.0","HostPort":"49160"},{"HostIp":"::","HostPort":"49160"}],"33060/tcp":null},"SandboxKey":"/var/run/docker/netns/d9de8570fe3f","SecondaryIPAddresses":null,"SecondaryIPv6Addresses":null,"EndpointID":"93e8fe159f683a98670e8995677c2b130dbce857fc116679206e206bda319cbf","Gateway":"172.17.0.1","GlobalIPv6Address":"","GlobalIPv6PrefixLen":0,"IPAddress":"172.17.0.3","IPPrefixLen":16,"IPv6Gateway":"","MacAddress":"02:42:ac:11:00:03","Networks":{"bridge":{"IPAMConfig":null,"Links":null,"Aliases":null,"NetworkID":"1853cd2b9856825cc97ed9ef2b12efa82d95bf9cf60ad666c276eb35cc53539e","EndpointID":"93e8fe159f683a98670e8995677c2b130dbce857fc116679206e206bda319cbf","Gateway":"172.17.0.1","IPAddress":"172.17.0.3","IPPrefixLen":16,"IPv6Gateway":"","GlobalIPv6Address":"","GlobalIPv6PrefixLen":0,"MacAddress":"02:42:ac:11:00:03","DriverOpts":null}}}}[\n]"
03:32:57.741 [main] DEBUG com.github.dockerjava.zerodep.shaded.org.apache.hc.client5.http.wire - http-outgoing-2 << "[\r][\n]"
03:32:57.741 [main] DEBUG com.github.dockerjava.zerodep.shaded.org.apache.hc.client5.http.wire - http-outgoing-2 << "0[\r][\n]"
03:32:57.741 [main] DEBUG com.github.dockerjava.zerodep.shaded.org.apache.hc.client5.http.wire - http-outgoing-2 << "[\r][\n]"
03:32:57.742 [main] DEBUG com.github.dockerjava.zerodep.shaded.org.apache.hc.client5.http.headers - http-outgoing-2 << HTTP/1.1 200 OK
03:32:57.742 [main] DEBUG com.github.dockerjava.zerodep.shaded.org.apache.hc.client5.http.headers - http-outgoing-2 << Api-Version: 1.41
03:32:57.742 [main] DEBUG com.github.dockerjava.zerodep.shaded.org.apache.hc.client5.http.headers - http-outgoing-2 << Content-Type: application/json
03:32:57.742 [main] DEBUG com.github.dockerjava.zerodep.shaded.org.apache.hc.client5.http.headers - http-outgoing-2 << Docker-Experimental: false
03:32:57.742 [main] DEBUG com.github.dockerjava.zerodep.shaded.org.apache.hc.client5.http.headers - http-outgoing-2 << Ostype: linux
03:32:57.742 [main] DEBUG com.github.dockerjava.zerodep.shaded.org.apache.hc.client5.http.headers - http-outgoing-2 << Server: Docker/20.10.12 (linux)
03:32:57.742 [main] DEBUG com.github.dockerjava.zerodep.shaded.org.apache.hc.client5.http.headers - http-outgoing-2 << Date: Thu, 23 Jun 2022 02:32:57 GMT
03:32:57.742 [main] DEBUG com.github.dockerjava.zerodep.shaded.org.apache.hc.client5.http.headers - http-outgoing-2 << Transfer-Encoding: chunked
03:32:57.742 [main] DEBUG com.github.dockerjava.zerodep.shaded.org.apache.hc.client5.http.impl.classic.MainClientExec - ex-00000068: connection can be kept alive for 3 MINUTES
03:32:57.743 [main] DEBUG com.github.dockerjava.zerodep.shaded.org.apache.hc.client5.http.impl.classic.InternalHttpClient - ep-00000067: releasing valid endpoint
03:32:57.743 [main] DEBUG com.github.dockerjava.zerodep.shaded.org.apache.hc.client5.http.impl.io.PoolingHttpClientConnectionManager - ep-00000067: releasing endpoint
03:32:57.743 [main] DEBUG com.github.dockerjava.zerodep.shaded.org.apache.hc.client5.http.impl.io.PoolingHttpClientConnectionManager - ep-00000067: connection http-outgoing-2 can be kept alive for 3 MINUTES
03:32:57.743 [main] DEBUG com.github.dockerjava.zerodep.shaded.org.apache.hc.client5.http.impl.io.PoolingHttpClientConnectionManager - ep-00000067: connection released [route: {}->unix://localhost:2375][total available: 1; route allocated: 1 of 2147483647; total allocated: 1 of 2147483647]
03:32:57.743 [main] DEBUG 🐳 [mysql:8.0] - Trying to create JDBC connection using com.mysql.cj.jdbc.Driver to jdbc:mysql://localhost:49160/test?useSSL=false&allowPublicKeyRetrieval=true with properties: {password=admin, user=admin}
03:32:57.845 [main] DEBUG org.testcontainers.shaded.com.github.dockerjava.core.command.AbstrDockerCmd - Cmd: 9691e31891711283f4d98263d11bc6156717d3e75a0b86a23f3b128a992c1f38,false
03:32:57.845 [main] DEBUG org.testcontainers.shaded.com.github.dockerjava.core.exec.InspectContainerCmdExec - GET: DefaultWebTarget{path=[/containers/9691e31891711283f4d98263d11bc6156717d3e75a0b86a23f3b128a992c1f38/json], queryParams={}}
03:32:57.845 [main] DEBUG com.github.dockerjava.zerodep.shaded.org.apache.hc.client5.http.impl.classic.InternalHttpClient - ex-00000069: preparing request execution
03:32:57.845 [main] DEBUG com.github.dockerjava.zerodep.shaded.org.apache.hc.client5.http.protocol.RequestAddCookies - Cookie spec selected: strict
03:32:57.845 [main] DEBUG com.github.dockerjava.zerodep.shaded.org.apache.hc.client5.http.protocol.RequestAuthCache - Auth cache not set in the context
03:32:57.845 [main] DEBUG com.github.dockerjava.zerodep.shaded.org.apache.hc.client5.http.impl.classic.ProtocolExec - ex-00000069: target auth state: UNCHALLENGED
03:32:57.845 [main] DEBUG com.github.dockerjava.zerodep.shaded.org.apache.hc.client5.http.impl.classic.ProtocolExec - ex-00000069: proxy auth state: UNCHALLENGED
03:32:57.846 [main] DEBUG com.github.dockerjava.zerodep.shaded.org.apache.hc.client5.http.impl.classic.ConnectExec - ex-00000069: acquiring connection with route {}->unix://localhost:2375
03:32:57.846 [main] DEBUG com.github.dockerjava.zerodep.shaded.org.apache.hc.client5.http.impl.classic.InternalHttpClient - ex-00000069: acquiring endpoint (3 MINUTES)
03:32:57.846 [main] DEBUG com.github.dockerjava.zerodep.shaded.org.apache.hc.client5.http.impl.io.PoolingHttpClientConnectionManager - ex-00000069: endpoint lease request (3 MINUTES) [route: {}->unix://localhost:2375][total available: 1; route allocated: 1 of 2147483647; total allocated: 1 of 2147483647]
03:32:57.846 [main] DEBUG com.github.dockerjava.zerodep.shaded.org.apache.hc.client5.http.impl.io.PoolingHttpClientConnectionManager - ex-00000069: endpoint leased [route: {}->unix://localhost:2375][total available: 0; route allocated: 1 of 2147483647; total allocated: 1 of 2147483647]
03:32:57.846 [main] DEBUG com.github.dockerjava.zerodep.shaded.org.apache.hc.client5.http.impl.io.PoolingHttpClientConnectionManager - ex-00000069: acquired ep-00000068
03:32:57.846 [main] DEBUG com.github.dockerjava.zerodep.shaded.org.apache.hc.client5.http.impl.classic.InternalHttpClient - ex-00000069: acquired endpoint ep-00000068
03:32:57.846 [main] DEBUG com.github.dockerjava.zerodep.shaded.org.apache.hc.client5.http.impl.classic.MainClientExec - ex-00000069: executing GET /v1.32/containers/9691e31891711283f4d98263d11bc6156717d3e75a0b86a23f3b128a992c1f38/json HTTP/1.1
03:32:57.846 [main] DEBUG com.github.dockerjava.zerodep.shaded.org.apache.hc.client5.http.impl.classic.InternalHttpClient - ep-00000068: start execution ex-00000069
03:32:57.846 [main] DEBUG com.github.dockerjava.zerodep.shaded.org.apache.hc.client5.http.impl.io.PoolingHttpClientConnectionManager - ep-00000068: executing exchange ex-00000069 over http-outgoing-2
03:32:57.846 [main] DEBUG com.github.dockerjava.zerodep.shaded.org.apache.hc.client5.http.headers - http-outgoing-2 >> GET /v1.32/containers/9691e31891711283f4d98263d11bc6156717d3e75a0b86a23f3b128a992c1f38/json HTTP/1.1
03:32:57.846 [main] DEBUG com.github.dockerjava.zerodep.shaded.org.apache.hc.client5.http.headers - http-outgoing-2 >> accept: application/json
03:32:57.846 [main] DEBUG com.github.dockerjava.zerodep.shaded.org.apache.hc.client5.http.headers - http-outgoing-2 >> Accept-Encoding: gzip, x-gzip, deflate
03:32:57.846 [main] DEBUG com.github.dockerjava.zerodep.shaded.org.apache.hc.client5.http.headers - http-outgoing-2 >> Host: localhost:2375
03:32:57.846 [main] DEBUG com.github.dockerjava.zerodep.shaded.org.apache.hc.client5.http.headers - http-outgoing-2 >> Connection: keep-alive
03:32:57.846 [main] DEBUG com.github.dockerjava.zerodep.shaded.org.apache.hc.client5.http.headers - http-outgoing-2 >> User-Agent: Apache-HttpClient/5.0.3 (Java/11.0.15)
03:32:57.846 [main] DEBUG com.github.dockerjava.zerodep.shaded.org.apache.hc.client5.http.wire - http-outgoing-2 >> "GET /v1.32/containers/9691e31891711283f4d98263d11bc6156717d3e75a0b86a23f3b128a992c1f38/json HTTP/1.1[\r][\n]"
03:32:57.846 [main] DEBUG com.github.dockerjava.zerodep.shaded.org.apache.hc.client5.http.wire - http-outgoing-2 >> "accept: application/json[\r][\n]"
03:32:57.846 [main] DEBUG com.github.dockerjava.zerodep.shaded.org.apache.hc.client5.http.wire - http-outgoing-2 >> "Accept-Encoding: gzip, x-gzip, deflate[\r][\n]"
03:32:57.846 [main] DEBUG com.github.dockerjava.zerodep.shaded.org.apache.hc.client5.http.wire - http-outgoing-2 >> "Host: localhost:2375[\r][\n]"
03:32:57.846 [main] DEBUG com.github.dockerjava.zerodep.shaded.org.apache.hc.client5.http.wire - http-outgoing-2 >> "Connection: keep-alive[\r][\n]"
03:32:57.846 [main] DEBUG com.github.dockerjava.zerodep.shaded.org.apache.hc.client5.http.wire - http-outgoing-2 >> "User-Agent: Apache-HttpClient/5.0.3 (Java/11.0.15)[\r][\n]"
03:32:57.846 [main] DEBUG com.github.dockerjava.zerodep.shaded.org.apache.hc.client5.http.wire - http-outgoing-2 >> "[\r][\n]"
03:32:57.847 [main] DEBUG com.github.dockerjava.zerodep.shaded.org.apache.hc.client5.http.wire - http-outgoing-2 << "HTTP/1.1 200 OK[\r][\n]"
03:32:57.847 [main] DEBUG com.github.dockerjava.zerodep.shaded.org.apache.hc.client5.http.wire - http-outgoing-2 << "Api-Version: 1.41[\r][\n]"
03:32:57.847 [main] DEBUG com.github.dockerjava.zerodep.shaded.org.apache.hc.client5.http.wire - http-outgoing-2 << "Content-Type: application/json[\r][\n]"
03:32:57.847 [main] DEBUG com.github.dockerjava.zerodep.shaded.org.apache.hc.client5.http.wire - http-outgoing-2 << "Docker-Experimental: false[\r][\n]"
03:32:57.847 [main] DEBUG com.github.dockerjava.zerodep.shaded.org.apache.hc.client5.http.wire - http-outgoing-2 << "Ostype: linux[\r][\n]"
03:32:57.847 [main] DEBUG com.github.dockerjava.zerodep.shaded.org.apache.hc.client5.http.wire - http-outgoing-2 << "Server: Docker/20.10.12 (linux)[\r][\n]"
03:32:57.847 [main] DEBUG com.github.dockerjava.zerodep.shaded.org.apache.hc.client5.http.wire - http-outgoing-2 << "Date: Thu, 23 Jun 2022 02:32:57 GMT[\r][\n]"
03:32:57.847 [main] DEBUG com.github.dockerjava.zerodep.shaded.org.apache.hc.client5.http.wire - http-outgoing-2 << "Transfer-Encoding: chunked[\r][\n]"
03:32:57.847 [main] DEBUG com.github.dockerjava.zerodep.shaded.org.apache.hc.client5.http.wire - http-outgoing-2 << "[\r][\n]"
03:32:57.847 [main] DEBUG com.github.dockerjava.zerodep.shaded.org.apache.hc.client5.http.wire - http-outgoing-2 << "18ed[\r][\n]"
03:32:57.847 [main] DEBUG com.github.dockerjava.zerodep.shaded.org.apache.hc.client5.http.wire - http-outgoing-2 << "{"Id":"9691e31891711283f4d98263d11bc6156717d3e75a0b86a23f3b128a992c1f38","Created":"2022-06-23T02:32:47.03956921Z","Path":"docker-entrypoint.sh","Args":["mysqld"],"State":{"Status":"running","Running":true,"Paused":false,"Restarting":false,"OOMKilled":false,"Dead":false,"Pid":66188,"ExitCode":0,"Error":"","StartedAt":"2022-06-23T02:32:47.703880551Z","FinishedAt":"0001-01-01T00:00:00Z"},"Image":"sha256:65b636d5542b73254ce90cc4b895597dc1adc2c661ca553c38eda159979dded1","ResolvConfPath":"/var/lib/docker/containers/9691e31891711283f4d98263d11bc6156717d3e75a0b86a23f3b128a992c1f38/resolv.conf","HostnamePath":"/var/lib/docker/containers/9691e31891711283f4d98263d11bc6156717d3e75a0b86a23f3b128a992c1f38/hostname","HostsPath":"/var/lib/docker/containers/9691e31891711283f4d98263d11bc6156717d3e75a0b86a23f3b128a992c1f38/hosts","LogPath":"/var/lib/docker/containers/9691e31891711283f4d98263d11bc6156717d3e75a0b86a23f3b128a992c1f38/9691e31891711283f4d98263d11bc6156717d3e75a0b86a23f3b128a992c1f38-json.log","Name":"/xenodochial_satoshi","RestartCount":0,"Driver":"overlay2","Platform":"linux","MountLabel":"","ProcessLabel":"","AppArmorProfile":"docker-default","ExecIDs":null,"HostConfig":{"Binds":[],"ContainerIDFile":"","LogConfig":{"Type":"json-file","Config":{}},"NetworkMode":"default","PortBindings":{"3306/tcp":[{"HostIp":"","HostPort":""}]},"RestartPolicy":{"Name":"","MaximumRetryCount":0},"AutoRemove":false,"VolumeDriver":"","VolumesFrom":[],"CapAdd":null,"CapDrop":null,"CgroupnsMode":"host","Dns":null,"DnsOptions":null,"DnsSearch":null,"ExtraHosts":[],"GroupAdd":null,"IpcMode":"shareable","Cgroup":"","Links":null,"OomScoreAdj":0,"PidMode":"","Privileged":false,"PublishAllPorts":false,"ReadonlyRootfs":false,"SecurityOpt":null,"UTSMode":"","UsernsMode":"","ShmSize":67108864,"Runtime":"runc","ConsoleSize":[0,0],"Isolation":"","CpuShares":0,"Memory":0,"NanoCpus":0,"CgroupParent":"","BlkioWeight":0,"BlkioWeightDevice":null,"BlkioDeviceReadBps":null,"BlkioDeviceWriteBps":null,"BlkioDeviceReadIOps":null,"BlkioDeviceWriteIOps":null,"CpuPeriod":0,"CpuQuota":0,"CpuRealtimePeriod":0,"CpuRealtimeRuntime":0,"CpusetCpus":"","CpusetMems":"","Devices":null,"DeviceCgroupRules":null,"DeviceRequests":null,"KernelMemory":0,"KernelMemoryTCP":0,"MemoryReservation":0,"MemorySwap":0,"MemorySwappiness":null,"OomKillDisable":false,"PidsLimit":null,"Ulimits":null,"CpuCount":0,"CpuPercent":0,"IOMaximumIOps":0,"IOMaximumBandwidth":0,"MaskedPaths":["/proc/asound","/proc/acpi","/proc/kcore","/proc/keys","/proc/latency_stats","/proc/timer_list","/proc/timer_stats","/proc/sched_debug","/proc/scsi","/sys/firmware"],"ReadonlyPaths":["/proc/bus","/proc/fs","/proc/irq","/proc/sys","/proc/sysrq-trigger"]},"GraphDriver":{"Data":{"LowerDir":"/var/lib/docker/overlay2/5529564f52cf969e31e7a1482c27be7ffed19639b506ae2e15b7e7115f699a73-init/diff:/var/lib/docker/overlay2/833a665819b5d9728d3efa7c33135034345a24f83af53b1a1af33d9b64f5492a/diff:/var/lib/docker/overlay2/bd4a2a46c227c2f15475b08c398f37acaab93f4fdba31de015d730efae0a0cfc/diff:/var/lib/docker/overlay2/31ad437d7cba8e64428a2b62db1bbb2a2ec19ca4e439ec493ef4deb50dce2783/diff:/var/lib/docker/overlay2/35173cbd8ec5b88a8888e9abbe75f8694f5d3f96a9b781bb70dc1f0889685741/diff:/var/lib/docker/overlay2/24bf69ac4e8c81062fee44e7c9f746fffbb139c3f7f4b55b4fd1b23bb101b529/diff:/var/lib/docker/overlay2/2f27c96a7775dad186b6f0da325d5a251c80aa1b7f80cf8520f493c5154aee70/diff:/var/lib/docker/overlay2/463a60088c72ddbea82639ded15801e35a79c443f6a26bf1baf320c683cb06af/diff:/var/lib/docker/overlay2/80b8224b23a2ee4b5be635c58ae579fd1913aa95558cd66ab2f5e8430f00a5b8/diff:/var/lib/docker/overlay2/20451fa0b1a07b85d665bc3a0359d721ce4e4c28fa3bce7456ab25e0babae708/diff:/var/lib/docker/overlay2/f80d865cbc6c1c6f57d0963fa6234e7a6409e079eb17f4f13ca41d02731701ad/diff:/var/lib/docker/overlay2/5a3029e0b57c6ec9b985871ff6adf08356aaa0f2a15f1e34c1a7f116ecc4a61d/diff:/var/lib/docker/overlay2/4f3423103248d0b381a1bc6a7287e2b42313ff458cea602a02b7379014b03e0e/diff","MergedDir":"/var/lib/docker/overlay2/5529564f52cf969e31e7a1482c27be7ffed19639b506ae2e15b7e7115f699a73/merged","UpperDir":"/var/lib/docker/overlay2/5529564f52cf969e31e7a1482c27be7ffed19639b506ae2e15b7e7115f699a73/diff","WorkDir":"/var/lib/docker/overlay2/5529564f52cf969e31e7a1482c27be7ffed19639b506ae2e15b7e7115f699a73/work"},"Name":"overlay2"},"Mounts":[{"Type":"volume","Name":"fd1f613c7fe3ca3ae799982507ac3f565cc9f6a2dc99ceaed92389e2c43f47d1","Source":"/var/lib/docker/volumes/fd1f613c7fe3ca3ae799982507ac3f565cc9f6a2dc99ceaed92389e2c43f47d1/_data","Destination":"/var/lib/mysql","Driver":"local","Mode":"","RW":true,"Propagation":""}],"Config":{"Hostname":"9691e3189171","Domainname":"","User":"","AttachStdin":false,"AttachStdout":false,"AttachStderr":false,"ExposedPorts":{"3306/tcp":{},"33060/tcp":{}},"Tty":false,"OpenStdin":false,"StdinOnce":false,"Env":["MYSQL_DATABASE=test","MYSQL_PASSWORD=admin","MYSQL_USER=admin","MYSQL_ROOT_PASSWORD=admin","PATH=/usr/local/sbin:/usr/local/bin:/usr/sbin:/usr/bin:/sbin:/bin","GOSU_VERSION=1.14","MYSQL_MAJOR=8.0","MYSQL_VERSION=8.0.29-1debian10"],"Cmd":["mysqld"],"Image":"mysql:8.0","Volumes":{"/var/lib/mysql":{}},"WorkingDir":"","Entrypoint":["docker-entrypoint.sh"],"OnBuild":null,"Labels":{"org.testcontainers":"true","org.testcontainers.sessionId":"d48265e4-2b28-4f8c-aa67-76dd8289af84"}},"NetworkSettings":{"Bridge":"","SandboxID":"d9de8570fe3f0a4e9f3a1ff7101c963bbd2c6a0a9d8a867b96f17f4d5edca537","HairpinMode":false,"LinkLocalIPv6Address":"","LinkLocalIPv6PrefixLen":0,"Ports":{"3306/tcp":[{"HostIp":"0.0.0.0","HostPort":"49160"},{"HostIp":"::","HostPort":"49160"}],"33060/tcp":null},"SandboxKey":"/var/run/docker/netns/d9de8570fe3f","SecondaryIPAddresses":null,"SecondaryIPv6Addresses":null,"EndpointID":"93e8fe159f683a98670e8995677c2b130dbce857fc116679206e206bda319cbf","Gateway":"172.17.0.1","GlobalIPv6Address":"","GlobalIPv6PrefixLen":0,"IPAddress":"172.17.0.3","IPPrefixLen":16,"IPv6Gateway":"","MacAddress":"02:42:ac:11:00:03","Networks":{"bridge":{"IPAMConfig":null,"Links":null,"Aliases":null,"NetworkID":"1853cd2b9856825cc97ed9ef2b12efa82d95bf9cf60ad666c276eb35cc53539e","EndpointID":"93e8fe159f683a98670e8995677c2b130dbce857fc116679206e206bda319cbf","Gateway":"172.17.0.1","IPAddress":"172.17.0.3","IPPrefixLen":16,"IPv6Gateway":"","GlobalIPv6Address":"","GlobalIPv6PrefixLen":0,"MacAddress":"02:42:ac:11:00:03","DriverOpts":null}}}}[\n]"
03:32:57.847 [main] DEBUG com.github.dockerjava.zerodep.shaded.org.apache.hc.client5.http.wire - http-outgoing-2 << "[\r][\n]"
03:32:57.847 [main] DEBUG com.github.dockerjava.zerodep.shaded.org.apache.hc.client5.http.wire - http-outgoing-2 << "0[\r][\n]"
03:32:57.847 [main] DEBUG com.github.dockerjava.zerodep.shaded.org.apache.hc.client5.http.wire - http-outgoing-2 << "[\r][\n]"
03:32:57.847 [main] DEBUG com.github.dockerjava.zerodep.shaded.org.apache.hc.client5.http.headers - http-outgoing-2 << HTTP/1.1 200 OK
03:32:57.847 [main] DEBUG com.github.dockerjava.zerodep.shaded.org.apache.hc.client5.http.headers - http-outgoing-2 << Api-Version: 1.41
03:32:57.847 [main] DEBUG com.github.dockerjava.zerodep.shaded.org.apache.hc.client5.http.headers - http-outgoing-2 << Content-Type: application/json
03:32:57.847 [main] DEBUG com.github.dockerjava.zerodep.shaded.org.apache.hc.client5.http.headers - http-outgoing-2 << Docker-Experimental: false
03:32:57.847 [main] DEBUG com.github.dockerjava.zerodep.shaded.org.apache.hc.client5.http.headers - http-outgoing-2 << Ostype: linux
03:32:57.847 [main] DEBUG com.github.dockerjava.zerodep.shaded.org.apache.hc.client5.http.headers - http-outgoing-2 << Server: Docker/20.10.12 (linux)
03:32:57.847 [main] DEBUG com.github.dockerjava.zerodep.shaded.org.apache.hc.client5.http.headers - http-outgoing-2 << Date: Thu, 23 Jun 2022 02:32:57 GMT
03:32:57.847 [main] DEBUG com.github.dockerjava.zerodep.shaded.org.apache.hc.client5.http.headers - http-outgoing-2 << Transfer-Encoding: chunked
03:32:57.848 [main] DEBUG com.github.dockerjava.zerodep.shaded.org.apache.hc.client5.http.impl.classic.MainClientExec - ex-00000069: connection can be kept alive for 3 MINUTES
03:32:57.849 [main] DEBUG com.github.dockerjava.zerodep.shaded.org.apache.hc.client5.http.impl.classic.InternalHttpClient - ep-00000068: releasing valid endpoint
03:32:57.849 [main] DEBUG com.github.dockerjava.zerodep.shaded.org.apache.hc.client5.http.impl.io.PoolingHttpClientConnectionManager - ep-00000068: releasing endpoint
03:32:57.849 [main] DEBUG com.github.dockerjava.zerodep.shaded.org.apache.hc.client5.http.impl.io.PoolingHttpClientConnectionManager - ep-00000068: connection http-outgoing-2 can be kept alive for 3 MINUTES
03:32:57.849 [main] DEBUG com.github.dockerjava.zerodep.shaded.org.apache.hc.client5.http.impl.io.PoolingHttpClientConnectionManager - ep-00000068: connection released [route: {}->unix://localhost:2375][total available: 1; route allocated: 1 of 2147483647; total allocated: 1 of 2147483647]
03:32:57.849 [main] DEBUG 🐳 [mysql:8.0] - Trying to create JDBC connection using com.mysql.cj.jdbc.Driver to jdbc:mysql://localhost:49160/test?useSSL=false&allowPublicKeyRetrieval=true with properties: {password=admin, user=admin}
03:32:57.951 [main] DEBUG org.testcontainers.shaded.com.github.dockerjava.core.command.AbstrDockerCmd - Cmd: 9691e31891711283f4d98263d11bc6156717d3e75a0b86a23f3b128a992c1f38,false
03:32:57.951 [main] DEBUG org.testcontainers.shaded.com.github.dockerjava.core.exec.InspectContainerCmdExec - GET: DefaultWebTarget{path=[/containers/9691e31891711283f4d98263d11bc6156717d3e75a0b86a23f3b128a992c1f38/json], queryParams={}}
03:32:57.951 [main] DEBUG com.github.dockerjava.zerodep.shaded.org.apache.hc.client5.http.impl.classic.InternalHttpClient - ex-0000006A: preparing request execution
03:32:57.951 [main] DEBUG com.github.dockerjava.zerodep.shaded.org.apache.hc.client5.http.protocol.RequestAddCookies - Cookie spec selected: strict
03:32:57.951 [main] DEBUG com.github.dockerjava.zerodep.shaded.org.apache.hc.client5.http.protocol.RequestAuthCache - Auth cache not set in the context
03:32:57.951 [main] DEBUG com.github.dockerjava.zerodep.shaded.org.apache.hc.client5.http.impl.classic.ProtocolExec - ex-0000006A: target auth state: UNCHALLENGED
03:32:57.951 [main] DEBUG com.github.dockerjava.zerodep.shaded.org.apache.hc.client5.http.impl.classic.ProtocolExec - ex-0000006A: proxy auth state: UNCHALLENGED
03:32:57.951 [main] DEBUG com.github.dockerjava.zerodep.shaded.org.apache.hc.client5.http.impl.classic.ConnectExec - ex-0000006A: acquiring connection with route {}->unix://localhost:2375
03:32:57.951 [main] DEBUG com.github.dockerjava.zerodep.shaded.org.apache.hc.client5.http.impl.classic.InternalHttpClient - ex-0000006A: acquiring endpoint (3 MINUTES)
03:32:57.951 [main] DEBUG com.github.dockerjava.zerodep.shaded.org.apache.hc.client5.http.impl.io.PoolingHttpClientConnectionManager - ex-0000006A: endpoint lease request (3 MINUTES) [route: {}->unix://localhost:2375][total available: 1; route allocated: 1 of 2147483647; total allocated: 1 of 2147483647]
03:32:57.951 [main] DEBUG com.github.dockerjava.zerodep.shaded.org.apache.hc.client5.http.impl.io.PoolingHttpClientConnectionManager - ex-0000006A: endpoint leased [route: {}->unix://localhost:2375][total available: 0; route allocated: 1 of 2147483647; total allocated: 1 of 2147483647]
03:32:57.952 [main] DEBUG com.github.dockerjava.zerodep.shaded.org.apache.hc.client5.http.impl.io.PoolingHttpClientConnectionManager - ex-0000006A: acquired ep-00000069
03:32:57.952 [main] DEBUG com.github.dockerjava.zerodep.shaded.org.apache.hc.client5.http.impl.classic.InternalHttpClient - ex-0000006A: acquired endpoint ep-00000069
03:32:57.952 [main] DEBUG com.github.dockerjava.zerodep.shaded.org.apache.hc.client5.http.impl.classic.MainClientExec - ex-0000006A: executing GET /v1.32/containers/9691e31891711283f4d98263d11bc6156717d3e75a0b86a23f3b128a992c1f38/json HTTP/1.1
03:32:57.952 [main] DEBUG com.github.dockerjava.zerodep.shaded.org.apache.hc.client5.http.impl.classic.InternalHttpClient - ep-00000069: start execution ex-0000006A
03:32:57.952 [main] DEBUG com.github.dockerjava.zerodep.shaded.org.apache.hc.client5.http.impl.io.PoolingHttpClientConnectionManager - ep-00000069: executing exchange ex-0000006A over http-outgoing-2
03:32:57.952 [main] DEBUG com.github.dockerjava.zerodep.shaded.org.apache.hc.client5.http.headers - http-outgoing-2 >> GET /v1.32/containers/9691e31891711283f4d98263d11bc6156717d3e75a0b86a23f3b128a992c1f38/json HTTP/1.1
03:32:57.952 [main] DEBUG com.github.dockerjava.zerodep.shaded.org.apache.hc.client5.http.headers - http-outgoing-2 >> accept: application/json
03:32:57.952 [main] DEBUG com.github.dockerjava.zerodep.shaded.org.apache.hc.client5.http.headers - http-outgoing-2 >> Accept-Encoding: gzip, x-gzip, deflate
03:32:57.952 [main] DEBUG com.github.dockerjava.zerodep.shaded.org.apache.hc.client5.http.headers - http-outgoing-2 >> Host: localhost:2375
03:32:57.952 [main] DEBUG com.github.dockerjava.zerodep.shaded.org.apache.hc.client5.http.headers - http-outgoing-2 >> Connection: keep-alive
03:32:57.952 [main] DEBUG com.github.dockerjava.zerodep.shaded.org.apache.hc.client5.http.headers - http-outgoing-2 >> User-Agent: Apache-HttpClient/5.0.3 (Java/11.0.15)
03:32:57.952 [main] DEBUG com.github.dockerjava.zerodep.shaded.org.apache.hc.client5.http.wire - http-outgoing-2 >> "GET /v1.32/containers/9691e31891711283f4d98263d11bc6156717d3e75a0b86a23f3b128a992c1f38/json HTTP/1.1[\r][\n]"
03:32:57.952 [main] DEBUG com.github.dockerjava.zerodep.shaded.org.apache.hc.client5.http.wire - http-outgoing-2 >> "accept: application/json[\r][\n]"
03:32:57.952 [main] DEBUG com.github.dockerjava.zerodep.shaded.org.apache.hc.client5.http.wire - http-outgoing-2 >> "Accept-Encoding: gzip, x-gzip, deflate[\r][\n]"
03:32:57.952 [main] DEBUG com.github.dockerjava.zerodep.shaded.org.apache.hc.client5.http.wire - http-outgoing-2 >> "Host: localhost:2375[\r][\n]"
03:32:57.952 [main] DEBUG com.github.dockerjava.zerodep.shaded.org.apache.hc.client5.http.wire - http-outgoing-2 >> "Connection: keep-alive[\r][\n]"
03:32:57.952 [main] DEBUG com.github.dockerjava.zerodep.shaded.org.apache.hc.client5.http.wire - http-outgoing-2 >> "User-Agent: Apache-HttpClient/5.0.3 (Java/11.0.15)[\r][\n]"
03:32:57.952 [main] DEBUG com.github.dockerjava.zerodep.shaded.org.apache.hc.client5.http.wire - http-outgoing-2 >> "[\r][\n]"
03:32:57.952 [main] DEBUG com.github.dockerjava.zerodep.shaded.org.apache.hc.client5.http.wire - http-outgoing-2 << "HTTP/1.1 200 OK[\r][\n]"
03:32:57.952 [main] DEBUG com.github.dockerjava.zerodep.shaded.org.apache.hc.client5.http.wire - http-outgoing-2 << "Api-Version: 1.41[\r][\n]"
03:32:57.952 [main] DEBUG com.github.dockerjava.zerodep.shaded.org.apache.hc.client5.http.wire - http-outgoing-2 << "Content-Type: application/json[\r][\n]"
03:32:57.952 [main] DEBUG com.github.dockerjava.zerodep.shaded.org.apache.hc.client5.http.wire - http-outgoing-2 << "Docker-Experimental: false[\r][\n]"
03:32:57.952 [main] DEBUG com.github.dockerjava.zerodep.shaded.org.apache.hc.client5.http.wire - http-outgoing-2 << "Ostype: linux[\r][\n]"
03:32:57.952 [main] DEBUG com.github.dockerjava.zerodep.shaded.org.apache.hc.client5.http.wire - http-outgoing-2 << "Server: Docker/20.10.12 (linux)[\r][\n]"
03:32:57.952 [main] DEBUG com.github.dockerjava.zerodep.shaded.org.apache.hc.client5.http.wire - http-outgoing-2 << "Date: Thu, 23 Jun 2022 02:32:57 GMT[\r][\n]"
03:32:57.952 [main] DEBUG com.github.dockerjava.zerodep.shaded.org.apache.hc.client5.http.wire - http-outgoing-2 << "Transfer-Encoding: chunked[\r][\n]"
03:32:57.952 [main] DEBUG com.github.dockerjava.zerodep.shaded.org.apache.hc.client5.http.wire - http-outgoing-2 << "[\r][\n]"
03:32:57.952 [main] DEBUG com.github.dockerjava.zerodep.shaded.org.apache.hc.client5.http.wire - http-outgoing-2 << "18ed[\r][\n]"
03:32:57.952 [main] DEBUG com.github.dockerjava.zerodep.shaded.org.apache.hc.client5.http.wire - http-outgoing-2 << "{"Id":"9691e31891711283f4d98263d11bc6156717d3e75a0b86a23f3b128a992c1f38","Created":"2022-06-23T02:32:47.03956921Z","Path":"docker-entrypoint.sh","Args":["mysqld"],"State":{"Status":"running","Running":true,"Paused":false,"Restarting":false,"OOMKilled":false,"Dead":false,"Pid":66188,"ExitCode":0,"Error":"","StartedAt":"2022-06-23T02:32:47.703880551Z","FinishedAt":"0001-01-01T00:00:00Z"},"Image":"sha256:65b636d5542b73254ce90cc4b895597dc1adc2c661ca553c38eda159979dded1","ResolvConfPath":"/var/lib/docker/containers/9691e31891711283f4d98263d11bc6156717d3e75a0b86a23f3b128a992c1f38/resolv.conf","HostnamePath":"/var/lib/docker/containers/9691e31891711283f4d98263d11bc6156717d3e75a0b86a23f3b128a992c1f38/hostname","HostsPath":"/var/lib/docker/containers/9691e31891711283f4d98263d11bc6156717d3e75a0b86a23f3b128a992c1f38/hosts","LogPath":"/var/lib/docker/containers/9691e31891711283f4d98263d11bc6156717d3e75a0b86a23f3b128a992c1f38/9691e31891711283f4d98263d11bc6156717d3e75a0b86a23f3b128a992c1f38-json.log","Name":"/xenodochial_satoshi","RestartCount":0,"Driver":"overlay2","Platform":"linux","MountLabel":"","ProcessLabel":"","AppArmorProfile":"docker-default","ExecIDs":null,"HostConfig":{"Binds":[],"ContainerIDFile":"","LogConfig":{"Type":"json-file","Config":{}},"NetworkMode":"default","PortBindings":{"3306/tcp":[{"HostIp":"","HostPort":""}]},"RestartPolicy":{"Name":"","MaximumRetryCount":0},"AutoRemove":false,"VolumeDriver":"","VolumesFrom":[],"CapAdd":null,"CapDrop":null,"CgroupnsMode":"host","Dns":null,"DnsOptions":null,"DnsSearch":null,"ExtraHosts":[],"GroupAdd":null,"IpcMode":"shareable","Cgroup":"","Links":null,"OomScoreAdj":0,"PidMode":"","Privileged":false,"PublishAllPorts":false,"ReadonlyRootfs":false,"SecurityOpt":null,"UTSMode":"","UsernsMode":"","ShmSize":67108864,"Runtime":"runc","ConsoleSize":[0,0],"Isolation":"","CpuShares":0,"Memory":0,"NanoCpus":0,"CgroupParent":"","BlkioWeight":0,"BlkioWeightDevice":null,"BlkioDeviceReadBps":null,"BlkioDeviceWriteBps":null,"BlkioDeviceReadIOps":null,"BlkioDeviceWriteIOps":null,"CpuPeriod":0,"CpuQuota":0,"CpuRealtimePeriod":0,"CpuRealtimeRuntime":0,"CpusetCpus":"","CpusetMems":"","Devices":null,"DeviceCgroupRules":null,"DeviceRequests":null,"KernelMemory":0,"KernelMemoryTCP":0,"MemoryReservation":0,"MemorySwap":0,"MemorySwappiness":null,"OomKillDisable":false,"PidsLimit":null,"Ulimits":null,"CpuCount":0,"CpuPercent":0,"IOMaximumIOps":0,"IOMaximumBandwidth":0,"MaskedPaths":["/proc/asound","/proc/acpi","/proc/kcore","/proc/keys","/proc/latency_stats","/proc/timer_list","/proc/timer_stats","/proc/sched_debug","/proc/scsi","/sys/firmware"],"ReadonlyPaths":["/proc/bus","/proc/fs","/proc/irq","/proc/sys","/proc/sysrq-trigger"]},"GraphDriver":{"Data":{"LowerDir":"/var/lib/docker/overlay2/5529564f52cf969e31e7a1482c27be7ffed19639b506ae2e15b7e7115f699a73-init/diff:/var/lib/docker/overlay2/833a665819b5d9728d3efa7c33135034345a24f83af53b1a1af33d9b64f5492a/diff:/var/lib/docker/overlay2/bd4a2a46c227c2f15475b08c398f37acaab93f4fdba31de015d730efae0a0cfc/diff:/var/lib/docker/overlay2/31ad437d7cba8e64428a2b62db1bbb2a2ec19ca4e439ec493ef4deb50dce2783/diff:/var/lib/docker/overlay2/35173cbd8ec5b88a8888e9abbe75f8694f5d3f96a9b781bb70dc1f0889685741/diff:/var/lib/docker/overlay2/24bf69ac4e8c81062fee44e7c9f746fffbb139c3f7f4b55b4fd1b23bb101b529/diff:/var/lib/docker/overlay2/2f27c96a7775dad186b6f0da325d5a251c80aa1b7f80cf8520f493c5154aee70/diff:/var/lib/docker/overlay2/463a60088c72ddbea82639ded15801e35a79c443f6a26bf1baf320c683cb06af/diff:/var/lib/docker/overlay2/80b8224b23a2ee4b5be635c58ae579fd1913aa95558cd66ab2f5e8430f00a5b8/diff:/var/lib/docker/overlay2/20451fa0b1a07b85d665bc3a0359d721ce4e4c28fa3bce7456ab25e0babae708/diff:/var/lib/docker/overlay2/f80d865cbc6c1c6f57d0963fa6234e7a6409e079eb17f4f13ca41d02731701ad/diff:/var/lib/docker/overlay2/5a3029e0b57c6ec9b985871ff6adf08356aaa0f2a15f1e34c1a7f116ecc4a61d/diff:/var/lib/docker/overlay2/4f3423103248d0b381a1bc6a7287e2b42313ff458cea602a02b7379014b03e0e/diff","MergedDir":"/var/lib/docker/overlay2/5529564f52cf969e31e7a1482c27be7ffed19639b506ae2e15b7e7115f699a73/merged","UpperDir":"/var/lib/docker/overlay2/5529564f52cf969e31e7a1482c27be7ffed19639b506ae2e15b7e7115f699a73/diff","WorkDir":"/var/lib/docker/overlay2/5529564f52cf969e31e7a1482c27be7ffed19639b506ae2e15b7e7115f699a73/work"},"Name":"overlay2"},"Mounts":[{"Type":"volume","Name":"fd1f613c7fe3ca3ae799982507ac3f565cc9f6a2dc99ceaed92389e2c43f47d1","Source":"/var/lib/docker/volumes/fd1f613c7fe3ca3ae799982507ac3f565cc9f6a2dc99ceaed92389e2c43f47d1/_data","Destination":"/var/lib/mysql","Driver":"local","Mode":"","RW":true,"Propagation":""}],"Config":{"Hostname":"9691e3189171","Domainname":"","User":"","AttachStdin":false,"AttachStdout":false,"AttachStderr":false,"ExposedPorts":{"3306/tcp":{},"33060/tcp":{}},"Tty":false,"OpenStdin":false,"StdinOnce":false,"Env":["MYSQL_DATABASE=test","MYSQL_PASSWORD=admin","MYSQL_USER=admin","MYSQL_ROOT_PASSWORD=admin","PATH=/usr/local/sbin:/usr/local/bin:/usr/sbin:/usr/bin:/sbin:/bin","GOSU_VERSION=1.14","MYSQL_MAJOR=8.0","MYSQL_VERSION=8.0.29-1debian10"],"Cmd":["mysqld"],"Image":"mysql:8.0","Volumes":{"/var/lib/mysql":{}},"WorkingDir":"","Entrypoint":["docker-entrypoint.sh"],"OnBuild":null,"Labels":{"org.testcontainers":"true","org.testcontainers.sessionId":"d48265e4-2b28-4f8c-aa67-76dd8289af84"}},"NetworkSettings":{"Bridge":"","SandboxID":"d9de8570fe3f0a4e9f3a1ff7101c963bbd2c6a0a9d8a867b96f17f4d5edca537","HairpinMode":false,"LinkLocalIPv6Address":"","LinkLocalIPv6PrefixLen":0,"Ports":{"3306/tcp":[{"HostIp":"0.0.0.0","HostPort":"49160"},{"HostIp":"::","HostPort":"49160"}],"33060/tcp":null},"SandboxKey":"/var/run/docker/netns/d9de8570fe3f","SecondaryIPAddresses":null,"SecondaryIPv6Addresses":null,"EndpointID":"93e8fe159f683a98670e8995677c2b130dbce857fc116679206e206bda319cbf","Gateway":"172.17.0.1","GlobalIPv6Address":"","GlobalIPv6PrefixLen":0,"IPAddress":"172.17.0.3","IPPrefixLen":16,"IPv6Gateway":"","MacAddress":"02:42:ac:11:00:03","Networks":{"bridge":{"IPAMConfig":null,"Links":null,"Aliases":null,"NetworkID":"1853cd2b9856825cc97ed9ef2b12efa82d95bf9cf60ad666c276eb35cc53539e","EndpointID":"93e8fe159f683a98670e8995677c2b130dbce857fc116679206e206bda319cbf","Gateway":"172.17.0.1","IPAddress":"172.17.0.3","IPPrefixLen":16,"IPv6Gateway":"","GlobalIPv6Address":"","GlobalIPv6PrefixLen":0,"MacAddress":"02:42:ac:11:00:03","DriverOpts":null}}}}[\n]"
03:32:57.953 [main] DEBUG com.github.dockerjava.zerodep.shaded.org.apache.hc.client5.http.wire - http-outgoing-2 << "[\r][\n]"
03:32:57.953 [main] DEBUG com.github.dockerjava.zerodep.shaded.org.apache.hc.client5.http.wire - http-outgoing-2 << "0[\r][\n]"
03:32:57.953 [main] DEBUG com.github.dockerjava.zerodep.shaded.org.apache.hc.client5.http.wire - http-outgoing-2 << "[\r][\n]"
03:32:57.953 [main] DEBUG com.github.dockerjava.zerodep.shaded.org.apache.hc.client5.http.headers - http-outgoing-2 << HTTP/1.1 200 OK
03:32:57.953 [main] DEBUG com.github.dockerjava.zerodep.shaded.org.apache.hc.client5.http.headers - http-outgoing-2 << Api-Version: 1.41
03:32:57.953 [main] DEBUG com.github.dockerjava.zerodep.shaded.org.apache.hc.client5.http.headers - http-outgoing-2 << Content-Type: application/json
03:32:57.953 [main] DEBUG com.github.dockerjava.zerodep.shaded.org.apache.hc.client5.http.headers - http-outgoing-2 << Docker-Experimental: false
03:32:57.953 [main] DEBUG com.github.dockerjava.zerodep.shaded.org.apache.hc.client5.http.headers - http-outgoing-2 << Ostype: linux
03:32:57.953 [main] DEBUG com.github.dockerjava.zerodep.shaded.org.apache.hc.client5.http.headers - http-outgoing-2 << Server: Docker/20.10.12 (linux)
03:32:57.953 [main] DEBUG com.github.dockerjava.zerodep.shaded.org.apache.hc.client5.http.headers - http-outgoing-2 << Date: Thu, 23 Jun 2022 02:32:57 GMT
03:32:57.953 [main] DEBUG com.github.dockerjava.zerodep.shaded.org.apache.hc.client5.http.headers - http-outgoing-2 << Transfer-Encoding: chunked
03:32:57.953 [main] DEBUG com.github.dockerjava.zerodep.shaded.org.apache.hc.client5.http.impl.classic.MainClientExec - ex-0000006A: connection can be kept alive for 3 MINUTES
03:32:57.954 [main] DEBUG com.github.dockerjava.zerodep.shaded.org.apache.hc.client5.http.impl.classic.InternalHttpClient - ep-00000069: releasing valid endpoint
03:32:57.954 [main] DEBUG com.github.dockerjava.zerodep.shaded.org.apache.hc.client5.http.impl.io.PoolingHttpClientConnectionManager - ep-00000069: releasing endpoint
03:32:57.954 [main] DEBUG com.github.dockerjava.zerodep.shaded.org.apache.hc.client5.http.impl.io.PoolingHttpClientConnectionManager - ep-00000069: connection http-outgoing-2 can be kept alive for 3 MINUTES
03:32:57.954 [main] DEBUG com.github.dockerjava.zerodep.shaded.org.apache.hc.client5.http.impl.io.PoolingHttpClientConnectionManager - ep-00000069: connection released [route: {}->unix://localhost:2375][total available: 1; route allocated: 1 of 2147483647; total allocated: 1 of 2147483647]
03:32:57.954 [main] DEBUG 🐳 [mysql:8.0] - Trying to create JDBC connection using com.mysql.cj.jdbc.Driver to jdbc:mysql://localhost:49160/test?useSSL=false&allowPublicKeyRetrieval=true with properties: {password=admin, user=admin}
03:32:58.057 [main] DEBUG org.testcontainers.shaded.com.github.dockerjava.core.command.AbstrDockerCmd - Cmd: 9691e31891711283f4d98263d11bc6156717d3e75a0b86a23f3b128a992c1f38,false
03:32:58.057 [main] DEBUG org.testcontainers.shaded.com.github.dockerjava.core.exec.InspectContainerCmdExec - GET: DefaultWebTarget{path=[/containers/9691e31891711283f4d98263d11bc6156717d3e75a0b86a23f3b128a992c1f38/json], queryParams={}}
03:32:58.058 [main] DEBUG com.github.dockerjava.zerodep.shaded.org.apache.hc.client5.http.impl.classic.InternalHttpClient - ex-0000006B: preparing request execution
03:32:58.058 [main] DEBUG com.github.dockerjava.zerodep.shaded.org.apache.hc.client5.http.protocol.RequestAddCookies - Cookie spec selected: strict
03:32:58.058 [main] DEBUG com.github.dockerjava.zerodep.shaded.org.apache.hc.client5.http.protocol.RequestAuthCache - Auth cache not set in the context
03:32:58.058 [main] DEBUG com.github.dockerjava.zerodep.shaded.org.apache.hc.client5.http.impl.classic.ProtocolExec - ex-0000006B: target auth state: UNCHALLENGED
03:32:58.058 [main] DEBUG com.github.dockerjava.zerodep.shaded.org.apache.hc.client5.http.impl.classic.ProtocolExec - ex-0000006B: proxy auth state: UNCHALLENGED
03:32:58.058 [main] DEBUG com.github.dockerjava.zerodep.shaded.org.apache.hc.client5.http.impl.classic.ConnectExec - ex-0000006B: acquiring connection with route {}->unix://localhost:2375
03:32:58.058 [main] DEBUG com.github.dockerjava.zerodep.shaded.org.apache.hc.client5.http.impl.classic.InternalHttpClient - ex-0000006B: acquiring endpoint (3 MINUTES)
03:32:58.059 [main] DEBUG com.github.dockerjava.zerodep.shaded.org.apache.hc.client5.http.impl.io.PoolingHttpClientConnectionManager - ex-0000006B: endpoint lease request (3 MINUTES) [route: {}->unix://localhost:2375][total available: 1; route allocated: 1 of 2147483647; total allocated: 1 of 2147483647]
03:32:58.060 [main] DEBUG com.github.dockerjava.zerodep.shaded.org.apache.hc.client5.http.impl.io.PoolingHttpClientConnectionManager - ex-0000006B: endpoint leased [route: {}->unix://localhost:2375][total available: 0; route allocated: 1 of 2147483647; total allocated: 1 of 2147483647]
03:32:58.060 [main] DEBUG com.github.dockerjava.zerodep.shaded.org.apache.hc.client5.http.impl.io.PoolingHttpClientConnectionManager - ex-0000006B: acquired ep-0000006A
03:32:58.060 [main] DEBUG com.github.dockerjava.zerodep.shaded.org.apache.hc.client5.http.impl.classic.InternalHttpClient - ex-0000006B: acquired endpoint ep-0000006A
03:32:58.060 [main] DEBUG com.github.dockerjava.zerodep.shaded.org.apache.hc.client5.http.impl.classic.MainClientExec - ex-0000006B: executing GET /v1.32/containers/9691e31891711283f4d98263d11bc6156717d3e75a0b86a23f3b128a992c1f38/json HTTP/1.1
03:32:58.060 [main] DEBUG com.github.dockerjava.zerodep.shaded.org.apache.hc.client5.http.impl.classic.InternalHttpClient - ep-0000006A: start execution ex-0000006B
03:32:58.061 [main] DEBUG com.github.dockerjava.zerodep.shaded.org.apache.hc.client5.http.impl.io.PoolingHttpClientConnectionManager - ep-0000006A: executing exchange ex-0000006B over http-outgoing-2
03:32:58.061 [main] DEBUG com.github.dockerjava.zerodep.shaded.org.apache.hc.client5.http.headers - http-outgoing-2 >> GET /v1.32/containers/9691e31891711283f4d98263d11bc6156717d3e75a0b86a23f3b128a992c1f38/json HTTP/1.1
03:32:58.061 [main] DEBUG com.github.dockerjava.zerodep.shaded.org.apache.hc.client5.http.headers - http-outgoing-2 >> accept: application/json
03:32:58.061 [main] DEBUG com.github.dockerjava.zerodep.shaded.org.apache.hc.client5.http.headers - http-outgoing-2 >> Accept-Encoding: gzip, x-gzip, deflate
03:32:58.061 [main] DEBUG com.github.dockerjava.zerodep.shaded.org.apache.hc.client5.http.headers - http-outgoing-2 >> Host: localhost:2375
03:32:58.061 [main] DEBUG com.github.dockerjava.zerodep.shaded.org.apache.hc.client5.http.headers - http-outgoing-2 >> Connection: keep-alive
03:32:58.061 [main] DEBUG com.github.dockerjava.zerodep.shaded.org.apache.hc.client5.http.headers - http-outgoing-2 >> User-Agent: Apache-HttpClient/5.0.3 (Java/11.0.15)
03:32:58.061 [main] DEBUG com.github.dockerjava.zerodep.shaded.org.apache.hc.client5.http.wire - http-outgoing-2 >> "GET /v1.32/containers/9691e31891711283f4d98263d11bc6156717d3e75a0b86a23f3b128a992c1f38/json HTTP/1.1[\r][\n]"
03:32:58.061 [main] DEBUG com.github.dockerjava.zerodep.shaded.org.apache.hc.client5.http.wire - http-outgoing-2 >> "accept: application/json[\r][\n]"
03:32:58.061 [main] DEBUG com.github.dockerjava.zerodep.shaded.org.apache.hc.client5.http.wire - http-outgoing-2 >> "Accept-Encoding: gzip, x-gzip, deflate[\r][\n]"
03:32:58.062 [main] DEBUG com.github.dockerjava.zerodep.shaded.org.apache.hc.client5.http.wire - http-outgoing-2 >> "Host: localhost:2375[\r][\n]"
03:32:58.062 [main] DEBUG com.github.dockerjava.zerodep.shaded.org.apache.hc.client5.http.wire - http-outgoing-2 >> "Connection: keep-alive[\r][\n]"
03:32:58.062 [main] DEBUG com.github.dockerjava.zerodep.shaded.org.apache.hc.client5.http.wire - http-outgoing-2 >> "User-Agent: Apache-HttpClient/5.0.3 (Java/11.0.15)[\r][\n]"
03:32:58.062 [main] DEBUG com.github.dockerjava.zerodep.shaded.org.apache.hc.client5.http.wire - http-outgoing-2 >> "[\r][\n]"
03:32:58.063 [main] DEBUG com.github.dockerjava.zerodep.shaded.org.apache.hc.client5.http.wire - http-outgoing-2 << "HTTP/1.1 200 OK[\r][\n]"
03:32:58.063 [main] DEBUG com.github.dockerjava.zerodep.shaded.org.apache.hc.client5.http.wire - http-outgoing-2 << "Api-Version: 1.41[\r][\n]"
03:32:58.063 [main] DEBUG com.github.dockerjava.zerodep.shaded.org.apache.hc.client5.http.wire - http-outgoing-2 << "Content-Type: application/json[\r][\n]"
03:32:58.063 [main] DEBUG com.github.dockerjava.zerodep.shaded.org.apache.hc.client5.http.wire - http-outgoing-2 << "Docker-Experimental: false[\r][\n]"
03:32:58.063 [main] DEBUG com.github.dockerjava.zerodep.shaded.org.apache.hc.client5.http.wire - http-outgoing-2 << "Ostype: linux[\r][\n]"
03:32:58.063 [main] DEBUG com.github.dockerjava.zerodep.shaded.org.apache.hc.client5.http.wire - http-outgoing-2 << "Server: Docker/20.10.12 (linux)[\r][\n]"
03:32:58.063 [main] DEBUG com.github.dockerjava.zerodep.shaded.org.apache.hc.client5.http.wire - http-outgoing-2 << "Date: Thu, 23 Jun 2022 02:32:58 GMT[\r][\n]"
03:32:58.063 [main] DEBUG com.github.dockerjava.zerodep.shaded.org.apache.hc.client5.http.wire - http-outgoing-2 << "Transfer-Encoding: chunked[\r][\n]"
03:32:58.063 [main] DEBUG com.github.dockerjava.zerodep.shaded.org.apache.hc.client5.http.wire - http-outgoing-2 << "[\r][\n]"
03:32:58.063 [main] DEBUG com.github.dockerjava.zerodep.shaded.org.apache.hc.client5.http.wire - http-outgoing-2 << "18ed[\r][\n]"
03:32:58.063 [main] DEBUG com.github.dockerjava.zerodep.shaded.org.apache.hc.client5.http.wire - http-outgoing-2 << "{"Id":"9691e31891711283f4d98263d11bc6156717d3e75a0b86a23f3b128a992c1f38","Created":"2022-06-23T02:32:47.03956921Z","Path":"docker-entrypoint.sh","Args":["mysqld"],"State":{"Status":"running","Running":true,"Paused":false,"Restarting":false,"OOMKilled":false,"Dead":false,"Pid":66188,"ExitCode":0,"Error":"","StartedAt":"2022-06-23T02:32:47.703880551Z","FinishedAt":"0001-01-01T00:00:00Z"},"Image":"sha256:65b636d5542b73254ce90cc4b895597dc1adc2c661ca553c38eda159979dded1","ResolvConfPath":"/var/lib/docker/containers/9691e31891711283f4d98263d11bc6156717d3e75a0b86a23f3b128a992c1f38/resolv.conf","HostnamePath":"/var/lib/docker/containers/9691e31891711283f4d98263d11bc6156717d3e75a0b86a23f3b128a992c1f38/hostname","HostsPath":"/var/lib/docker/containers/9691e31891711283f4d98263d11bc6156717d3e75a0b86a23f3b128a992c1f38/hosts","LogPath":"/var/lib/docker/containers/9691e31891711283f4d98263d11bc6156717d3e75a0b86a23f3b128a992c1f38/9691e31891711283f4d98263d11bc6156717d3e75a0b86a23f3b128a992c1f38-json.log","Name":"/xenodochial_satoshi","RestartCount":0,"Driver":"overlay2","Platform":"linux","MountLabel":"","ProcessLabel":"","AppArmorProfile":"docker-default","ExecIDs":null,"HostConfig":{"Binds":[],"ContainerIDFile":"","LogConfig":{"Type":"json-file","Config":{}},"NetworkMode":"default","PortBindings":{"3306/tcp":[{"HostIp":"","HostPort":""}]},"RestartPolicy":{"Name":"","MaximumRetryCount":0},"AutoRemove":false,"VolumeDriver":"","VolumesFrom":[],"CapAdd":null,"CapDrop":null,"CgroupnsMode":"host","Dns":null,"DnsOptions":null,"DnsSearch":null,"ExtraHosts":[],"GroupAdd":null,"IpcMode":"shareable","Cgroup":"","Links":null,"OomScoreAdj":0,"PidMode":"","Privileged":false,"PublishAllPorts":false,"ReadonlyRootfs":false,"SecurityOpt":null,"UTSMode":"","UsernsMode":"","ShmSize":67108864,"Runtime":"runc","ConsoleSize":[0,0],"Isolation":"","CpuShares":0,"Memory":0,"NanoCpus":0,"CgroupParent":"","BlkioWeight":0,"BlkioWeightDevice":null,"BlkioDeviceReadBps":null,"BlkioDeviceWriteBps":null,"BlkioDeviceReadIOps":null,"BlkioDeviceWriteIOps":null,"CpuPeriod":0,"CpuQuota":0,"CpuRealtimePeriod":0,"CpuRealtimeRuntime":0,"CpusetCpus":"","CpusetMems":"","Devices":null,"DeviceCgroupRules":null,"DeviceRequests":null,"KernelMemory":0,"KernelMemoryTCP":0,"MemoryReservation":0,"MemorySwap":0,"MemorySwappiness":null,"OomKillDisable":false,"PidsLimit":null,"Ulimits":null,"CpuCount":0,"CpuPercent":0,"IOMaximumIOps":0,"IOMaximumBandwidth":0,"MaskedPaths":["/proc/asound","/proc/acpi","/proc/kcore","/proc/keys","/proc/latency_stats","/proc/timer_list","/proc/timer_stats","/proc/sched_debug","/proc/scsi","/sys/firmware"],"ReadonlyPaths":["/proc/bus","/proc/fs","/proc/irq","/proc/sys","/proc/sysrq-trigger"]},"GraphDriver":{"Data":{"LowerDir":"/var/lib/docker/overlay2/5529564f52cf969e31e7a1482c27be7ffed19639b506ae2e15b7e7115f699a73-init/diff:/var/lib/docker/overlay2/833a665819b5d9728d3efa7c33135034345a24f83af53b1a1af33d9b64f5492a/diff:/var/lib/docker/overlay2/bd4a2a46c227c2f15475b08c398f37acaab93f4fdba31de015d730efae0a0cfc/diff:/var/lib/docker/overlay2/31ad437d7cba8e64428a2b62db1bbb2a2ec19ca4e439ec493ef4deb50dce2783/diff:/var/lib/docker/overlay2/35173cbd8ec5b88a8888e9abbe75f8694f5d3f96a9b781bb70dc1f0889685741/diff:/var/lib/docker/overlay2/24bf69ac4e8c81062fee44e7c9f746fffbb139c3f7f4b55b4fd1b23bb101b529/diff:/var/lib/docker/overlay2/2f27c96a7775dad186b6f0da325d5a251c80aa1b7f80cf8520f493c5154aee70/diff:/var/lib/docker/overlay2/463a60088c72ddbea82639ded15801e35a79c443f6a26bf1baf320c683cb06af/diff:/var/lib/docker/overlay2/80b8224b23a2ee4b5be635c58ae579fd1913aa95558cd66ab2f5e8430f00a5b8/diff:/var/lib/docker/overlay2/20451fa0b1a07b85d665bc3a0359d721ce4e4c28fa3bce7456ab25e0babae708/diff:/var/lib/docker/overlay2/f80d865cbc6c1c6f57d0963fa6234e7a6409e079eb17f4f13ca41d02731701ad/diff:/var/lib/docker/overlay2/5a3029e0b57c6ec9b985871ff6adf08356aaa0f2a15f1e34c1a7f116ecc4a61d/diff:/var/lib/docker/overlay2/4f3423103248d0b381a1bc6a7287e2b42313ff458cea602a02b7379014b03e0e/diff","MergedDir":"/var/lib/docker/overlay2/5529564f52cf969e31e7a1482c27be7ffed19639b506ae2e15b7e7115f699a73/merged","UpperDir":"/var/lib/docker/overlay2/5529564f52cf969e31e7a1482c27be7ffed19639b506ae2e15b7e7115f699a73/diff","WorkDir":"/var/lib/docker/overlay2/5529564f52cf969e31e7a1482c27be7ffed19639b506ae2e15b7e7115f699a73/work"},"Name":"overlay2"},"Mounts":[{"Type":"volume","Name":"fd1f613c7fe3ca3ae799982507ac3f565cc9f6a2dc99ceaed92389e2c43f47d1","Source":"/var/lib/docker/volumes/fd1f613c7fe3ca3ae799982507ac3f565cc9f6a2dc99ceaed92389e2c43f47d1/_data","Destination":"/var/lib/mysql","Driver":"local","Mode":"","RW":true,"Propagation":""}],"Config":{"Hostname":"9691e3189171","Domainname":"","User":"","AttachStdin":false,"AttachStdout":false,"AttachStderr":false,"ExposedPorts":{"3306/tcp":{},"33060/tcp":{}},"Tty":false,"OpenStdin":false,"StdinOnce":false,"Env":["MYSQL_DATABASE=test","MYSQL_PASSWORD=admin","MYSQL_USER=admin","MYSQL_ROOT_PASSWORD=admin","PATH=/usr/local/sbin:/usr/local/bin:/usr/sbin:/usr/bin:/sbin:/bin","GOSU_VERSION=1.14","MYSQL_MAJOR=8.0","MYSQL_VERSION=8.0.29-1debian10"],"Cmd":["mysqld"],"Image":"mysql:8.0","Volumes":{"/var/lib/mysql":{}},"WorkingDir":"","Entrypoint":["docker-entrypoint.sh"],"OnBuild":null,"Labels":{"org.testcontainers":"true","org.testcontainers.sessionId":"d48265e4-2b28-4f8c-aa67-76dd8289af84"}},"NetworkSettings":{"Bridge":"","SandboxID":"d9de8570fe3f0a4e9f3a1ff7101c963bbd2c6a0a9d8a867b96f17f4d5edca537","HairpinMode":false,"LinkLocalIPv6Address":"","LinkLocalIPv6PrefixLen":0,"Ports":{"3306/tcp":[{"HostIp":"0.0.0.0","HostPort":"49160"},{"HostIp":"::","HostPort":"49160"}],"33060/tcp":null},"SandboxKey":"/var/run/docker/netns/d9de8570fe3f","SecondaryIPAddresses":null,"SecondaryIPv6Addresses":null,"EndpointID":"93e8fe159f683a98670e8995677c2b130dbce857fc116679206e206bda319cbf","Gateway":"172.17.0.1","GlobalIPv6Address":"","GlobalIPv6PrefixLen":0,"IPAddress":"172.17.0.3","IPPrefixLen":16,"IPv6Gateway":"","MacAddress":"02:42:ac:11:00:03","Networks":{"bridge":{"IPAMConfig":null,"Links":null,"Aliases":null,"NetworkID":"1853cd2b9856825cc97ed9ef2b12efa82d95bf9cf60ad666c276eb35cc53539e","EndpointID":"93e8fe159f683a98670e8995677c2b130dbce857fc116679206e206bda319cbf","Gateway":"172.17.0.1","IPAddress":"172.17.0.3","IPPrefixLen":16,"IPv6Gateway":"","GlobalIPv6Address":"","GlobalIPv6PrefixLen":0,"MacAddress":"02:42:ac:11:00:03","DriverOpts":null}}}}[\n]"
03:32:58.064 [main] DEBUG com.github.dockerjava.zerodep.shaded.org.apache.hc.client5.http.wire - http-outgoing-2 << "[\r][\n]"
03:32:58.064 [main] DEBUG com.github.dockerjava.zerodep.shaded.org.apache.hc.client5.http.wire - http-outgoing-2 << "0[\r][\n]"
03:32:58.064 [main] DEBUG com.github.dockerjava.zerodep.shaded.org.apache.hc.client5.http.wire - http-outgoing-2 << "[\r][\n]"
03:32:58.064 [main] DEBUG com.github.dockerjava.zerodep.shaded.org.apache.hc.client5.http.headers - http-outgoing-2 << HTTP/1.1 200 OK
03:32:58.064 [main] DEBUG com.github.dockerjava.zerodep.shaded.org.apache.hc.client5.http.headers - http-outgoing-2 << Api-Version: 1.41
03:32:58.064 [main] DEBUG com.github.dockerjava.zerodep.shaded.org.apache.hc.client5.http.headers - http-outgoing-2 << Content-Type: application/json
03:32:58.064 [main] DEBUG com.github.dockerjava.zerodep.shaded.org.apache.hc.client5.http.headers - http-outgoing-2 << Docker-Experimental: false
03:32:58.064 [main] DEBUG com.github.dockerjava.zerodep.shaded.org.apache.hc.client5.http.headers - http-outgoing-2 << Ostype: linux
03:32:58.064 [main] DEBUG com.github.dockerjava.zerodep.shaded.org.apache.hc.client5.http.headers - http-outgoing-2 << Server: Docker/20.10.12 (linux)
03:32:58.064 [main] DEBUG com.github.dockerjava.zerodep.shaded.org.apache.hc.client5.http.headers - http-outgoing-2 << Date: Thu, 23 Jun 2022 02:32:58 GMT
03:32:58.064 [main] DEBUG com.github.dockerjava.zerodep.shaded.org.apache.hc.client5.http.headers - http-outgoing-2 << Transfer-Encoding: chunked
03:32:58.064 [main] DEBUG com.github.dockerjava.zerodep.shaded.org.apache.hc.client5.http.impl.classic.MainClientExec - ex-0000006B: connection can be kept alive for 3 MINUTES
03:32:58.067 [main] DEBUG com.github.dockerjava.zerodep.shaded.org.apache.hc.client5.http.impl.classic.InternalHttpClient - ep-0000006A: releasing valid endpoint
03:32:58.067 [main] DEBUG com.github.dockerjava.zerodep.shaded.org.apache.hc.client5.http.impl.io.PoolingHttpClientConnectionManager - ep-0000006A: releasing endpoint
03:32:58.068 [main] DEBUG com.github.dockerjava.zerodep.shaded.org.apache.hc.client5.http.impl.io.PoolingHttpClientConnectionManager - ep-0000006A: connection http-outgoing-2 can be kept alive for 3 MINUTES
03:32:58.068 [main] DEBUG com.github.dockerjava.zerodep.shaded.org.apache.hc.client5.http.impl.io.PoolingHttpClientConnectionManager - ep-0000006A: connection released [route: {}->unix://localhost:2375][total available: 1; route allocated: 1 of 2147483647; total allocated: 1 of 2147483647]
03:32:58.069 [main] DEBUG 🐳 [mysql:8.0] - Trying to create JDBC connection using com.mysql.cj.jdbc.Driver to jdbc:mysql://localhost:49160/test?useSSL=false&allowPublicKeyRetrieval=true with properties: {password=admin, user=admin}
03:32:58.174 [main] DEBUG org.testcontainers.shaded.com.github.dockerjava.core.command.AbstrDockerCmd - Cmd: 9691e31891711283f4d98263d11bc6156717d3e75a0b86a23f3b128a992c1f38,false
03:32:58.174 [main] DEBUG org.testcontainers.shaded.com.github.dockerjava.core.exec.InspectContainerCmdExec - GET: DefaultWebTarget{path=[/containers/9691e31891711283f4d98263d11bc6156717d3e75a0b86a23f3b128a992c1f38/json], queryParams={}}
03:32:58.174 [main] DEBUG com.github.dockerjava.zerodep.shaded.org.apache.hc.client5.http.impl.classic.InternalHttpClient - ex-0000006C: preparing request execution
03:32:58.174 [main] DEBUG com.github.dockerjava.zerodep.shaded.org.apache.hc.client5.http.protocol.RequestAddCookies - Cookie spec selected: strict
03:32:58.174 [main] DEBUG com.github.dockerjava.zerodep.shaded.org.apache.hc.client5.http.protocol.RequestAuthCache - Auth cache not set in the context
03:32:58.174 [main] DEBUG com.github.dockerjava.zerodep.shaded.org.apache.hc.client5.http.impl.classic.ProtocolExec - ex-0000006C: target auth state: UNCHALLENGED
03:32:58.174 [main] DEBUG com.github.dockerjava.zerodep.shaded.org.apache.hc.client5.http.impl.classic.ProtocolExec - ex-0000006C: proxy auth state: UNCHALLENGED
03:32:58.174 [main] DEBUG com.github.dockerjava.zerodep.shaded.org.apache.hc.client5.http.impl.classic.ConnectExec - ex-0000006C: acquiring connection with route {}->unix://localhost:2375
03:32:58.174 [main] DEBUG com.github.dockerjava.zerodep.shaded.org.apache.hc.client5.http.impl.classic.InternalHttpClient - ex-0000006C: acquiring endpoint (3 MINUTES)
03:32:58.174 [main] DEBUG com.github.dockerjava.zerodep.shaded.org.apache.hc.client5.http.impl.io.PoolingHttpClientConnectionManager - ex-0000006C: endpoint lease request (3 MINUTES) [route: {}->unix://localhost:2375][total available: 1; route allocated: 1 of 2147483647; total allocated: 1 of 2147483647]
03:32:58.174 [main] DEBUG com.github.dockerjava.zerodep.shaded.org.apache.hc.client5.http.impl.io.PoolingHttpClientConnectionManager - ex-0000006C: endpoint leased [route: {}->unix://localhost:2375][total available: 0; route allocated: 1 of 2147483647; total allocated: 1 of 2147483647]
03:32:58.174 [main] DEBUG com.github.dockerjava.zerodep.shaded.org.apache.hc.client5.http.impl.io.PoolingHttpClientConnectionManager - ex-0000006C: acquired ep-0000006B
03:32:58.174 [main] DEBUG com.github.dockerjava.zerodep.shaded.org.apache.hc.client5.http.impl.classic.InternalHttpClient - ex-0000006C: acquired endpoint ep-0000006B
03:32:58.174 [main] DEBUG com.github.dockerjava.zerodep.shaded.org.apache.hc.client5.http.impl.classic.MainClientExec - ex-0000006C: executing GET /v1.32/containers/9691e31891711283f4d98263d11bc6156717d3e75a0b86a23f3b128a992c1f38/json HTTP/1.1
03:32:58.174 [main] DEBUG com.github.dockerjava.zerodep.shaded.org.apache.hc.client5.http.impl.classic.InternalHttpClient - ep-0000006B: start execution ex-0000006C
03:32:58.174 [main] DEBUG com.github.dockerjava.zerodep.shaded.org.apache.hc.client5.http.impl.io.PoolingHttpClientConnectionManager - ep-0000006B: executing exchange ex-0000006C over http-outgoing-2
03:32:58.174 [main] DEBUG com.github.dockerjava.zerodep.shaded.org.apache.hc.client5.http.headers - http-outgoing-2 >> GET /v1.32/containers/9691e31891711283f4d98263d11bc6156717d3e75a0b86a23f3b128a992c1f38/json HTTP/1.1
03:32:58.174 [main] DEBUG com.github.dockerjava.zerodep.shaded.org.apache.hc.client5.http.headers - http-outgoing-2 >> accept: application/json
03:32:58.174 [main] DEBUG com.github.dockerjava.zerodep.shaded.org.apache.hc.client5.http.headers - http-outgoing-2 >> Accept-Encoding: gzip, x-gzip, deflate
03:32:58.174 [main] DEBUG com.github.dockerjava.zerodep.shaded.org.apache.hc.client5.http.headers - http-outgoing-2 >> Host: localhost:2375
03:32:58.174 [main] DEBUG com.github.dockerjava.zerodep.shaded.org.apache.hc.client5.http.headers - http-outgoing-2 >> Connection: keep-alive
03:32:58.174 [main] DEBUG com.github.dockerjava.zerodep.shaded.org.apache.hc.client5.http.headers - http-outgoing-2 >> User-Agent: Apache-HttpClient/5.0.3 (Java/11.0.15)
03:32:58.175 [main] DEBUG com.github.dockerjava.zerodep.shaded.org.apache.hc.client5.http.wire - http-outgoing-2 >> "GET /v1.32/containers/9691e31891711283f4d98263d11bc6156717d3e75a0b86a23f3b128a992c1f38/json HTTP/1.1[\r][\n]"
03:32:58.175 [main] DEBUG com.github.dockerjava.zerodep.shaded.org.apache.hc.client5.http.wire - http-outgoing-2 >> "accept: application/json[\r][\n]"
03:32:58.175 [main] DEBUG com.github.dockerjava.zerodep.shaded.org.apache.hc.client5.http.wire - http-outgoing-2 >> "Accept-Encoding: gzip, x-gzip, deflate[\r][\n]"
03:32:58.175 [main] DEBUG com.github.dockerjava.zerodep.shaded.org.apache.hc.client5.http.wire - http-outgoing-2 >> "Host: localhost:2375[\r][\n]"
03:32:58.175 [main] DEBUG com.github.dockerjava.zerodep.shaded.org.apache.hc.client5.http.wire - http-outgoing-2 >> "Connection: keep-alive[\r][\n]"
03:32:58.175 [main] DEBUG com.github.dockerjava.zerodep.shaded.org.apache.hc.client5.http.wire - http-outgoing-2 >> "User-Agent: Apache-HttpClient/5.0.3 (Java/11.0.15)[\r][\n]"
03:32:58.175 [main] DEBUG com.github.dockerjava.zerodep.shaded.org.apache.hc.client5.http.wire - http-outgoing-2 >> "[\r][\n]"
03:32:58.175 [main] DEBUG com.github.dockerjava.zerodep.shaded.org.apache.hc.client5.http.wire - http-outgoing-2 << "HTTP/1.1 200 OK[\r][\n]"
03:32:58.175 [main] DEBUG com.github.dockerjava.zerodep.shaded.org.apache.hc.client5.http.wire - http-outgoing-2 << "Api-Version: 1.41[\r][\n]"
03:32:58.175 [main] DEBUG com.github.dockerjava.zerodep.shaded.org.apache.hc.client5.http.wire - http-outgoing-2 << "Content-Type: application/json[\r][\n]"
03:32:58.175 [main] DEBUG com.github.dockerjava.zerodep.shaded.org.apache.hc.client5.http.wire - http-outgoing-2 << "Docker-Experimental: false[\r][\n]"
03:32:58.175 [main] DEBUG com.github.dockerjava.zerodep.shaded.org.apache.hc.client5.http.wire - http-outgoing-2 << "Ostype: linux[\r][\n]"
03:32:58.175 [main] DEBUG com.github.dockerjava.zerodep.shaded.org.apache.hc.client5.http.wire - http-outgoing-2 << "Server: Docker/20.10.12 (linux)[\r][\n]"
03:32:58.175 [main] DEBUG com.github.dockerjava.zerodep.shaded.org.apache.hc.client5.http.wire - http-outgoing-2 << "Date: Thu, 23 Jun 2022 02:32:58 GMT[\r][\n]"
03:32:58.175 [main] DEBUG com.github.dockerjava.zerodep.shaded.org.apache.hc.client5.http.wire - http-outgoing-2 << "Transfer-Encoding: chunked[\r][\n]"
03:32:58.175 [main] DEBUG com.github.dockerjava.zerodep.shaded.org.apache.hc.client5.http.wire - http-outgoing-2 << "[\r][\n]"
03:32:58.175 [main] DEBUG com.github.dockerjava.zerodep.shaded.org.apache.hc.client5.http.wire - http-outgoing-2 << "18ed[\r][\n]"
03:32:58.175 [main] DEBUG com.github.dockerjava.zerodep.shaded.org.apache.hc.client5.http.wire - http-outgoing-2 << "{"Id":"9691e31891711283f4d98263d11bc6156717d3e75a0b86a23f3b128a992c1f38","Created":"2022-06-23T02:32:47.03956921Z","Path":"docker-entrypoint.sh","Args":["mysqld"],"State":{"Status":"running","Running":true,"Paused":false,"Restarting":false,"OOMKilled":false,"Dead":false,"Pid":66188,"ExitCode":0,"Error":"","StartedAt":"2022-06-23T02:32:47.703880551Z","FinishedAt":"0001-01-01T00:00:00Z"},"Image":"sha256:65b636d5542b73254ce90cc4b895597dc1adc2c661ca553c38eda159979dded1","ResolvConfPath":"/var/lib/docker/containers/9691e31891711283f4d98263d11bc6156717d3e75a0b86a23f3b128a992c1f38/resolv.conf","HostnamePath":"/var/lib/docker/containers/9691e31891711283f4d98263d11bc6156717d3e75a0b86a23f3b128a992c1f38/hostname","HostsPath":"/var/lib/docker/containers/9691e31891711283f4d98263d11bc6156717d3e75a0b86a23f3b128a992c1f38/hosts","LogPath":"/var/lib/docker/containers/9691e31891711283f4d98263d11bc6156717d3e75a0b86a23f3b128a992c1f38/9691e31891711283f4d98263d11bc6156717d3e75a0b86a23f3b128a992c1f38-json.log","Name":"/xenodochial_satoshi","RestartCount":0,"Driver":"overlay2","Platform":"linux","MountLabel":"","ProcessLabel":"","AppArmorProfile":"docker-default","ExecIDs":null,"HostConfig":{"Binds":[],"ContainerIDFile":"","LogConfig":{"Type":"json-file","Config":{}},"NetworkMode":"default","PortBindings":{"3306/tcp":[{"HostIp":"","HostPort":""}]},"RestartPolicy":{"Name":"","MaximumRetryCount":0},"AutoRemove":false,"VolumeDriver":"","VolumesFrom":[],"CapAdd":null,"CapDrop":null,"CgroupnsMode":"host","Dns":null,"DnsOptions":null,"DnsSearch":null,"ExtraHosts":[],"GroupAdd":null,"IpcMode":"shareable","Cgroup":"","Links":null,"OomScoreAdj":0,"PidMode":"","Privileged":false,"PublishAllPorts":false,"ReadonlyRootfs":false,"SecurityOpt":null,"UTSMode":"","UsernsMode":"","ShmSize":67108864,"Runtime":"runc","ConsoleSize":[0,0],"Isolation":"","CpuShares":0,"Memory":0,"NanoCpus":0,"CgroupParent":"","BlkioWeight":0,"BlkioWeightDevice":null,"BlkioDeviceReadBps":null,"BlkioDeviceWriteBps":null,"BlkioDeviceReadIOps":null,"BlkioDeviceWriteIOps":null,"CpuPeriod":0,"CpuQuota":0,"CpuRealtimePeriod":0,"CpuRealtimeRuntime":0,"CpusetCpus":"","CpusetMems":"","Devices":null,"DeviceCgroupRules":null,"DeviceRequests":null,"KernelMemory":0,"KernelMemoryTCP":0,"MemoryReservation":0,"MemorySwap":0,"MemorySwappiness":null,"OomKillDisable":false,"PidsLimit":null,"Ulimits":null,"CpuCount":0,"CpuPercent":0,"IOMaximumIOps":0,"IOMaximumBandwidth":0,"MaskedPaths":["/proc/asound","/proc/acpi","/proc/kcore","/proc/keys","/proc/latency_stats","/proc/timer_list","/proc/timer_stats","/proc/sched_debug","/proc/scsi","/sys/firmware"],"ReadonlyPaths":["/proc/bus","/proc/fs","/proc/irq","/proc/sys","/proc/sysrq-trigger"]},"GraphDriver":{"Data":{"LowerDir":"/var/lib/docker/overlay2/5529564f52cf969e31e7a1482c27be7ffed19639b506ae2e15b7e7115f699a73-init/diff:/var/lib/docker/overlay2/833a665819b5d9728d3efa7c33135034345a24f83af53b1a1af33d9b64f5492a/diff:/var/lib/docker/overlay2/bd4a2a46c227c2f15475b08c398f37acaab93f4fdba31de015d730efae0a0cfc/diff:/var/lib/docker/overlay2/31ad437d7cba8e64428a2b62db1bbb2a2ec19ca4e439ec493ef4deb50dce2783/diff:/var/lib/docker/overlay2/35173cbd8ec5b88a8888e9abbe75f8694f5d3f96a9b781bb70dc1f0889685741/diff:/var/lib/docker/overlay2/24bf69ac4e8c81062fee44e7c9f746fffbb139c3f7f4b55b4fd1b23bb101b529/diff:/var/lib/docker/overlay2/2f27c96a7775dad186b6f0da325d5a251c80aa1b7f80cf8520f493c5154aee70/diff:/var/lib/docker/overlay2/463a60088c72ddbea82639ded15801e35a79c443f6a26bf1baf320c683cb06af/diff:/var/lib/docker/overlay2/80b8224b23a2ee4b5be635c58ae579fd1913aa95558cd66ab2f5e8430f00a5b8/diff:/var/lib/docker/overlay2/20451fa0b1a07b85d665bc3a0359d721ce4e4c28fa3bce7456ab25e0babae708/diff:/var/lib/docker/overlay2/f80d865cbc6c1c6f57d0963fa6234e7a6409e079eb17f4f13ca41d02731701ad/diff:/var/lib/docker/overlay2/5a3029e0b57c6ec9b985871ff6adf08356aaa0f2a15f1e34c1a7f116ecc4a61d/diff:/var/lib/docker/overlay2/4f3423103248d0b381a1bc6a7287e2b42313ff458cea602a02b7379014b03e0e/diff","MergedDir":"/var/lib/docker/overlay2/5529564f52cf969e31e7a1482c27be7ffed19639b506ae2e15b7e7115f699a73/merged","UpperDir":"/var/lib/docker/overlay2/5529564f52cf969e31e7a1482c27be7ffed19639b506ae2e15b7e7115f699a73/diff","WorkDir":"/var/lib/docker/overlay2/5529564f52cf969e31e7a1482c27be7ffed19639b506ae2e15b7e7115f699a73/work"},"Name":"overlay2"},"Mounts":[{"Type":"volume","Name":"fd1f613c7fe3ca3ae799982507ac3f565cc9f6a2dc99ceaed92389e2c43f47d1","Source":"/var/lib/docker/volumes/fd1f613c7fe3ca3ae799982507ac3f565cc9f6a2dc99ceaed92389e2c43f47d1/_data","Destination":"/var/lib/mysql","Driver":"local","Mode":"","RW":true,"Propagation":""}],"Config":{"Hostname":"9691e3189171","Domainname":"","User":"","AttachStdin":false,"AttachStdout":false,"AttachStderr":false,"ExposedPorts":{"3306/tcp":{},"33060/tcp":{}},"Tty":false,"OpenStdin":false,"StdinOnce":false,"Env":["MYSQL_DATABASE=test","MYSQL_PASSWORD=admin","MYSQL_USER=admin","MYSQL_ROOT_PASSWORD=admin","PATH=/usr/local/sbin:/usr/local/bin:/usr/sbin:/usr/bin:/sbin:/bin","GOSU_VERSION=1.14","MYSQL_MAJOR=8.0","MYSQL_VERSION=8.0.29-1debian10"],"Cmd":["mysqld"],"Image":"mysql:8.0","Volumes":{"/var/lib/mysql":{}},"WorkingDir":"","Entrypoint":["docker-entrypoint.sh"],"OnBuild":null,"Labels":{"org.testcontainers":"true","org.testcontainers.sessionId":"d48265e4-2b28-4f8c-aa67-76dd8289af84"}},"NetworkSettings":{"Bridge":"","SandboxID":"d9de8570fe3f0a4e9f3a1ff7101c963bbd2c6a0a9d8a867b96f17f4d5edca537","HairpinMode":false,"LinkLocalIPv6Address":"","LinkLocalIPv6PrefixLen":0,"Ports":{"3306/tcp":[{"HostIp":"0.0.0.0","HostPort":"49160"},{"HostIp":"::","HostPort":"49160"}],"33060/tcp":null},"SandboxKey":"/var/run/docker/netns/d9de8570fe3f","SecondaryIPAddresses":null,"SecondaryIPv6Addresses":null,"EndpointID":"93e8fe159f683a98670e8995677c2b130dbce857fc116679206e206bda319cbf","Gateway":"172.17.0.1","GlobalIPv6Address":"","GlobalIPv6PrefixLen":0,"IPAddress":"172.17.0.3","IPPrefixLen":16,"IPv6Gateway":"","MacAddress":"02:42:ac:11:00:03","Networks":{"bridge":{"IPAMConfig":null,"Links":null,"Aliases":null,"NetworkID":"1853cd2b9856825cc97ed9ef2b12efa82d95bf9cf60ad666c276eb35cc53539e","EndpointID":"93e8fe159f683a98670e8995677c2b130dbce857fc116679206e206bda319cbf","Gateway":"172.17.0.1","IPAddress":"172.17.0.3","IPPrefixLen":16,"IPv6Gateway":"","GlobalIPv6Address":"","GlobalIPv6PrefixLen":0,"MacAddress":"02:42:ac:11:00:03","DriverOpts":null}}}}[\n]"
03:32:58.175 [main] DEBUG com.github.dockerjava.zerodep.shaded.org.apache.hc.client5.http.wire - http-outgoing-2 << "[\r][\n]"
03:32:58.175 [main] DEBUG com.github.dockerjava.zerodep.shaded.org.apache.hc.client5.http.wire - http-outgoing-2 << "0[\r][\n]"
03:32:58.175 [main] DEBUG com.github.dockerjava.zerodep.shaded.org.apache.hc.client5.http.wire - http-outgoing-2 << "[\r][\n]"
03:32:58.175 [main] DEBUG com.github.dockerjava.zerodep.shaded.org.apache.hc.client5.http.headers - http-outgoing-2 << HTTP/1.1 200 OK
03:32:58.175 [main] DEBUG com.github.dockerjava.zerodep.shaded.org.apache.hc.client5.http.headers - http-outgoing-2 << Api-Version: 1.41
03:32:58.175 [main] DEBUG com.github.dockerjava.zerodep.shaded.org.apache.hc.client5.http.headers - http-outgoing-2 << Content-Type: application/json
03:32:58.175 [main] DEBUG com.github.dockerjava.zerodep.shaded.org.apache.hc.client5.http.headers - http-outgoing-2 << Docker-Experimental: false
03:32:58.175 [main] DEBUG com.github.dockerjava.zerodep.shaded.org.apache.hc.client5.http.headers - http-outgoing-2 << Ostype: linux
03:32:58.175 [main] DEBUG com.github.dockerjava.zerodep.shaded.org.apache.hc.client5.http.headers - http-outgoing-2 << Server: Docker/20.10.12 (linux)
03:32:58.175 [main] DEBUG com.github.dockerjava.zerodep.shaded.org.apache.hc.client5.http.headers - http-outgoing-2 << Date: Thu, 23 Jun 2022 02:32:58 GMT
03:32:58.175 [main] DEBUG com.github.dockerjava.zerodep.shaded.org.apache.hc.client5.http.headers - http-outgoing-2 << Transfer-Encoding: chunked
03:32:58.175 [main] DEBUG com.github.dockerjava.zerodep.shaded.org.apache.hc.client5.http.impl.classic.MainClientExec - ex-0000006C: connection can be kept alive for 3 MINUTES
03:32:58.176 [main] DEBUG com.github.dockerjava.zerodep.shaded.org.apache.hc.client5.http.impl.classic.InternalHttpClient - ep-0000006B: releasing valid endpoint
03:32:58.176 [main] DEBUG com.github.dockerjava.zerodep.shaded.org.apache.hc.client5.http.impl.io.PoolingHttpClientConnectionManager - ep-0000006B: releasing endpoint
03:32:58.176 [main] DEBUG com.github.dockerjava.zerodep.shaded.org.apache.hc.client5.http.impl.io.PoolingHttpClientConnectionManager - ep-0000006B: connection http-outgoing-2 can be kept alive for 3 MINUTES
03:32:58.176 [main] DEBUG com.github.dockerjava.zerodep.shaded.org.apache.hc.client5.http.impl.io.PoolingHttpClientConnectionManager - ep-0000006B: connection released [route: {}->unix://localhost:2375][total available: 1; route allocated: 1 of 2147483647; total allocated: 1 of 2147483647]
03:32:58.176 [main] DEBUG 🐳 [mysql:8.0] - Trying to create JDBC connection using com.mysql.cj.jdbc.Driver to jdbc:mysql://localhost:49160/test?useSSL=false&allowPublicKeyRetrieval=true with properties: {password=admin, user=admin}
03:32:58.278 [main] DEBUG org.testcontainers.shaded.com.github.dockerjava.core.command.AbstrDockerCmd - Cmd: 9691e31891711283f4d98263d11bc6156717d3e75a0b86a23f3b128a992c1f38,false
03:32:58.278 [main] DEBUG org.testcontainers.shaded.com.github.dockerjava.core.exec.InspectContainerCmdExec - GET: DefaultWebTarget{path=[/containers/9691e31891711283f4d98263d11bc6156717d3e75a0b86a23f3b128a992c1f38/json], queryParams={}}
03:32:58.278 [main] DEBUG com.github.dockerjava.zerodep.shaded.org.apache.hc.client5.http.impl.classic.InternalHttpClient - ex-0000006D: preparing request execution
03:32:58.279 [main] DEBUG com.github.dockerjava.zerodep.shaded.org.apache.hc.client5.http.protocol.RequestAddCookies - Cookie spec selected: strict
03:32:58.279 [main] DEBUG com.github.dockerjava.zerodep.shaded.org.apache.hc.client5.http.protocol.RequestAuthCache - Auth cache not set in the context
03:32:58.279 [main] DEBUG com.github.dockerjava.zerodep.shaded.org.apache.hc.client5.http.impl.classic.ProtocolExec - ex-0000006D: target auth state: UNCHALLENGED
03:32:58.279 [main] DEBUG com.github.dockerjava.zerodep.shaded.org.apache.hc.client5.http.impl.classic.ProtocolExec - ex-0000006D: proxy auth state: UNCHALLENGED
03:32:58.279 [main] DEBUG com.github.dockerjava.zerodep.shaded.org.apache.hc.client5.http.impl.classic.ConnectExec - ex-0000006D: acquiring connection with route {}->unix://localhost:2375
03:32:58.279 [main] DEBUG com.github.dockerjava.zerodep.shaded.org.apache.hc.client5.http.impl.classic.InternalHttpClient - ex-0000006D: acquiring endpoint (3 MINUTES)
03:32:58.279 [main] DEBUG com.github.dockerjava.zerodep.shaded.org.apache.hc.client5.http.impl.io.PoolingHttpClientConnectionManager - ex-0000006D: endpoint lease request (3 MINUTES) [route: {}->unix://localhost:2375][total available: 1; route allocated: 1 of 2147483647; total allocated: 1 of 2147483647]
03:32:58.279 [main] DEBUG com.github.dockerjava.zerodep.shaded.org.apache.hc.client5.http.impl.io.PoolingHttpClientConnectionManager - ex-0000006D: endpoint leased [route: {}->unix://localhost:2375][total available: 0; route allocated: 1 of 2147483647; total allocated: 1 of 2147483647]
03:32:58.279 [main] DEBUG com.github.dockerjava.zerodep.shaded.org.apache.hc.client5.http.impl.io.PoolingHttpClientConnectionManager - ex-0000006D: acquired ep-0000006C
03:32:58.279 [main] DEBUG com.github.dockerjava.zerodep.shaded.org.apache.hc.client5.http.impl.classic.InternalHttpClient - ex-0000006D: acquired endpoint ep-0000006C
03:32:58.279 [main] DEBUG com.github.dockerjava.zerodep.shaded.org.apache.hc.client5.http.impl.classic.MainClientExec - ex-0000006D: executing GET /v1.32/containers/9691e31891711283f4d98263d11bc6156717d3e75a0b86a23f3b128a992c1f38/json HTTP/1.1
03:32:58.279 [main] DEBUG com.github.dockerjava.zerodep.shaded.org.apache.hc.client5.http.impl.classic.InternalHttpClient - ep-0000006C: start execution ex-0000006D
03:32:58.279 [main] DEBUG com.github.dockerjava.zerodep.shaded.org.apache.hc.client5.http.impl.io.PoolingHttpClientConnectionManager - ep-0000006C: executing exchange ex-0000006D over http-outgoing-2
03:32:58.279 [main] DEBUG com.github.dockerjava.zerodep.shaded.org.apache.hc.client5.http.headers - http-outgoing-2 >> GET /v1.32/containers/9691e31891711283f4d98263d11bc6156717d3e75a0b86a23f3b128a992c1f38/json HTTP/1.1
03:32:58.279 [main] DEBUG com.github.dockerjava.zerodep.shaded.org.apache.hc.client5.http.headers - http-outgoing-2 >> accept: application/json
03:32:58.279 [main] DEBUG com.github.dockerjava.zerodep.shaded.org.apache.hc.client5.http.headers - http-outgoing-2 >> Accept-Encoding: gzip, x-gzip, deflate
03:32:58.279 [main] DEBUG com.github.dockerjava.zerodep.shaded.org.apache.hc.client5.http.headers - http-outgoing-2 >> Host: localhost:2375
03:32:58.279 [main] DEBUG com.github.dockerjava.zerodep.shaded.org.apache.hc.client5.http.headers - http-outgoing-2 >> Connection: keep-alive
03:32:58.279 [main] DEBUG com.github.dockerjava.zerodep.shaded.org.apache.hc.client5.http.headers - http-outgoing-2 >> User-Agent: Apache-HttpClient/5.0.3 (Java/11.0.15)
03:32:58.279 [main] DEBUG com.github.dockerjava.zerodep.shaded.org.apache.hc.client5.http.wire - http-outgoing-2 >> "GET /v1.32/containers/9691e31891711283f4d98263d11bc6156717d3e75a0b86a23f3b128a992c1f38/json HTTP/1.1[\r][\n]"
03:32:58.279 [main] DEBUG com.github.dockerjava.zerodep.shaded.org.apache.hc.client5.http.wire - http-outgoing-2 >> "accept: application/json[\r][\n]"
03:32:58.279 [main] DEBUG com.github.dockerjava.zerodep.shaded.org.apache.hc.client5.http.wire - http-outgoing-2 >> "Accept-Encoding: gzip, x-gzip, deflate[\r][\n]"
03:32:58.279 [main] DEBUG com.github.dockerjava.zerodep.shaded.org.apache.hc.client5.http.wire - http-outgoing-2 >> "Host: localhost:2375[\r][\n]"
03:32:58.279 [main] DEBUG com.github.dockerjava.zerodep.shaded.org.apache.hc.client5.http.wire - http-outgoing-2 >> "Connection: keep-alive[\r][\n]"
03:32:58.279 [main] DEBUG com.github.dockerjava.zerodep.shaded.org.apache.hc.client5.http.wire - http-outgoing-2 >> "User-Agent: Apache-HttpClient/5.0.3 (Java/11.0.15)[\r][\n]"
03:32:58.279 [main] DEBUG com.github.dockerjava.zerodep.shaded.org.apache.hc.client5.http.wire - http-outgoing-2 >> "[\r][\n]"
03:32:58.280 [main] DEBUG com.github.dockerjava.zerodep.shaded.org.apache.hc.client5.http.wire - http-outgoing-2 << "HTTP/1.1 200 OK[\r][\n]"
03:32:58.280 [main] DEBUG com.github.dockerjava.zerodep.shaded.org.apache.hc.client5.http.wire - http-outgoing-2 << "Api-Version: 1.41[\r][\n]"
03:32:58.280 [main] DEBUG com.github.dockerjava.zerodep.shaded.org.apache.hc.client5.http.wire - http-outgoing-2 << "Content-Type: application/json[\r][\n]"
03:32:58.280 [main] DEBUG com.github.dockerjava.zerodep.shaded.org.apache.hc.client5.http.wire - http-outgoing-2 << "Docker-Experimental: false[\r][\n]"
03:32:58.280 [main] DEBUG com.github.dockerjava.zerodep.shaded.org.apache.hc.client5.http.wire - http-outgoing-2 << "Ostype: linux[\r][\n]"
03:32:58.280 [main] DEBUG com.github.dockerjava.zerodep.shaded.org.apache.hc.client5.http.wire - http-outgoing-2 << "Server: Docker/20.10.12 (linux)[\r][\n]"
03:32:58.280 [main] DEBUG com.github.dockerjava.zerodep.shaded.org.apache.hc.client5.http.wire - http-outgoing-2 << "Date: Thu, 23 Jun 2022 02:32:58 GMT[\r][\n]"
03:32:58.280 [main] DEBUG com.github.dockerjava.zerodep.shaded.org.apache.hc.client5.http.wire - http-outgoing-2 << "Transfer-Encoding: chunked[\r][\n]"
03:32:58.280 [main] DEBUG com.github.dockerjava.zerodep.shaded.org.apache.hc.client5.http.wire - http-outgoing-2 << "[\r][\n]"
03:32:58.280 [main] DEBUG com.github.dockerjava.zerodep.shaded.org.apache.hc.client5.http.wire - http-outgoing-2 << "18ed[\r][\n]"
03:32:58.280 [main] DEBUG com.github.dockerjava.zerodep.shaded.org.apache.hc.client5.http.wire - http-outgoing-2 << "{"Id":"9691e31891711283f4d98263d11bc6156717d3e75a0b86a23f3b128a992c1f38","Created":"2022-06-23T02:32:47.03956921Z","Path":"docker-entrypoint.sh","Args":["mysqld"],"State":{"Status":"running","Running":true,"Paused":false,"Restarting":false,"OOMKilled":false,"Dead":false,"Pid":66188,"ExitCode":0,"Error":"","StartedAt":"2022-06-23T02:32:47.703880551Z","FinishedAt":"0001-01-01T00:00:00Z"},"Image":"sha256:65b636d5542b73254ce90cc4b895597dc1adc2c661ca553c38eda159979dded1","ResolvConfPath":"/var/lib/docker/containers/9691e31891711283f4d98263d11bc6156717d3e75a0b86a23f3b128a992c1f38/resolv.conf","HostnamePath":"/var/lib/docker/containers/9691e31891711283f4d98263d11bc6156717d3e75a0b86a23f3b128a992c1f38/hostname","HostsPath":"/var/lib/docker/containers/9691e31891711283f4d98263d11bc6156717d3e75a0b86a23f3b128a992c1f38/hosts","LogPath":"/var/lib/docker/containers/9691e31891711283f4d98263d11bc6156717d3e75a0b86a23f3b128a992c1f38/9691e31891711283f4d98263d11bc6156717d3e75a0b86a23f3b128a992c1f38-json.log","Name":"/xenodochial_satoshi","RestartCount":0,"Driver":"overlay2","Platform":"linux","MountLabel":"","ProcessLabel":"","AppArmorProfile":"docker-default","ExecIDs":null,"HostConfig":{"Binds":[],"ContainerIDFile":"","LogConfig":{"Type":"json-file","Config":{}},"NetworkMode":"default","PortBindings":{"3306/tcp":[{"HostIp":"","HostPort":""}]},"RestartPolicy":{"Name":"","MaximumRetryCount":0},"AutoRemove":false,"VolumeDriver":"","VolumesFrom":[],"CapAdd":null,"CapDrop":null,"CgroupnsMode":"host","Dns":null,"DnsOptions":null,"DnsSearch":null,"ExtraHosts":[],"GroupAdd":null,"IpcMode":"shareable","Cgroup":"","Links":null,"OomScoreAdj":0,"PidMode":"","Privileged":false,"PublishAllPorts":false,"ReadonlyRootfs":false,"SecurityOpt":null,"UTSMode":"","UsernsMode":"","ShmSize":67108864,"Runtime":"runc","ConsoleSize":[0,0],"Isolation":"","CpuShares":0,"Memory":0,"NanoCpus":0,"CgroupParent":"","BlkioWeight":0,"BlkioWeightDevice":null,"BlkioDeviceReadBps":null,"BlkioDeviceWriteBps":null,"BlkioDeviceReadIOps":null,"BlkioDeviceWriteIOps":null,"CpuPeriod":0,"CpuQuota":0,"CpuRealtimePeriod":0,"CpuRealtimeRuntime":0,"CpusetCpus":"","CpusetMems":"","Devices":null,"DeviceCgroupRules":null,"DeviceRequests":null,"KernelMemory":0,"KernelMemoryTCP":0,"MemoryReservation":0,"MemorySwap":0,"MemorySwappiness":null,"OomKillDisable":false,"PidsLimit":null,"Ulimits":null,"CpuCount":0,"CpuPercent":0,"IOMaximumIOps":0,"IOMaximumBandwidth":0,"MaskedPaths":["/proc/asound","/proc/acpi","/proc/kcore","/proc/keys","/proc/latency_stats","/proc/timer_list","/proc/timer_stats","/proc/sched_debug","/proc/scsi","/sys/firmware"],"ReadonlyPaths":["/proc/bus","/proc/fs","/proc/irq","/proc/sys","/proc/sysrq-trigger"]},"GraphDriver":{"Data":{"LowerDir":"/var/lib/docker/overlay2/5529564f52cf969e31e7a1482c27be7ffed19639b506ae2e15b7e7115f699a73-init/diff:/var/lib/docker/overlay2/833a665819b5d9728d3efa7c33135034345a24f83af53b1a1af33d9b64f5492a/diff:/var/lib/docker/overlay2/bd4a2a46c227c2f15475b08c398f37acaab93f4fdba31de015d730efae0a0cfc/diff:/var/lib/docker/overlay2/31ad437d7cba8e64428a2b62db1bbb2a2ec19ca4e439ec493ef4deb50dce2783/diff:/var/lib/docker/overlay2/35173cbd8ec5b88a8888e9abbe75f8694f5d3f96a9b781bb70dc1f0889685741/diff:/var/lib/docker/overlay2/24bf69ac4e8c81062fee44e7c9f746fffbb139c3f7f4b55b4fd1b23bb101b529/diff:/var/lib/docker/overlay2/2f27c96a7775dad186b6f0da325d5a251c80aa1b7f80cf8520f493c5154aee70/diff:/var/lib/docker/overlay2/463a60088c72ddbea82639ded15801e35a79c443f6a26bf1baf320c683cb06af/diff:/var/lib/docker/overlay2/80b8224b23a2ee4b5be635c58ae579fd1913aa95558cd66ab2f5e8430f00a5b8/diff:/var/lib/docker/overlay2/20451fa0b1a07b85d665bc3a0359d721ce4e4c28fa3bce7456ab25e0babae708/diff:/var/lib/docker/overlay2/f80d865cbc6c1c6f57d0963fa6234e7a6409e079eb17f4f13ca41d02731701ad/diff:/var/lib/docker/overlay2/5a3029e0b57c6ec9b985871ff6adf08356aaa0f2a15f1e34c1a7f116ecc4a61d/diff:/var/lib/docker/overlay2/4f3423103248d0b381a1bc6a7287e2b42313ff458cea602a02b7379014b03e0e/diff","MergedDir":"/var/lib/docker/overlay2/5529564f52cf969e31e7a1482c27be7ffed19639b506ae2e15b7e7115f699a73/merged","UpperDir":"/var/lib/docker/overlay2/5529564f52cf969e31e7a1482c27be7ffed19639b506ae2e15b7e7115f699a73/diff","WorkDir":"/var/lib/docker/overlay2/5529564f52cf969e31e7a1482c27be7ffed19639b506ae2e15b7e7115f699a73/work"},"Name":"overlay2"},"Mounts":[{"Type":"volume","Name":"fd1f613c7fe3ca3ae799982507ac3f565cc9f6a2dc99ceaed92389e2c43f47d1","Source":"/var/lib/docker/volumes/fd1f613c7fe3ca3ae799982507ac3f565cc9f6a2dc99ceaed92389e2c43f47d1/_data","Destination":"/var/lib/mysql","Driver":"local","Mode":"","RW":true,"Propagation":""}],"Config":{"Hostname":"9691e3189171","Domainname":"","User":"","AttachStdin":false,"AttachStdout":false,"AttachStderr":false,"ExposedPorts":{"3306/tcp":{},"33060/tcp":{}},"Tty":false,"OpenStdin":false,"StdinOnce":false,"Env":["MYSQL_DATABASE=test","MYSQL_PASSWORD=admin","MYSQL_USER=admin","MYSQL_ROOT_PASSWORD=admin","PATH=/usr/local/sbin:/usr/local/bin:/usr/sbin:/usr/bin:/sbin:/bin","GOSU_VERSION=1.14","MYSQL_MAJOR=8.0","MYSQL_VERSION=8.0.29-1debian10"],"Cmd":["mysqld"],"Image":"mysql:8.0","Volumes":{"/var/lib/mysql":{}},"WorkingDir":"","Entrypoint":["docker-entrypoint.sh"],"OnBuild":null,"Labels":{"org.testcontainers":"true","org.testcontainers.sessionId":"d48265e4-2b28-4f8c-aa67-76dd8289af84"}},"NetworkSettings":{"Bridge":"","SandboxID":"d9de8570fe3f0a4e9f3a1ff7101c963bbd2c6a0a9d8a867b96f17f4d5edca537","HairpinMode":false,"LinkLocalIPv6Address":"","LinkLocalIPv6PrefixLen":0,"Ports":{"3306/tcp":[{"HostIp":"0.0.0.0","HostPort":"49160"},{"HostIp":"::","HostPort":"49160"}],"33060/tcp":null},"SandboxKey":"/var/run/docker/netns/d9de8570fe3f","SecondaryIPAddresses":null,"SecondaryIPv6Addresses":null,"EndpointID":"93e8fe159f683a98670e8995677c2b130dbce857fc116679206e206bda319cbf","Gateway":"172.17.0.1","GlobalIPv6Address":"","GlobalIPv6PrefixLen":0,"IPAddress":"172.17.0.3","IPPrefixLen":16,"IPv6Gateway":"","MacAddress":"02:42:ac:11:00:03","Networks":{"bridge":{"IPAMConfig":null,"Links":null,"Aliases":null,"NetworkID":"1853cd2b9856825cc97ed9ef2b12efa82d95bf9cf60ad666c276eb35cc53539e","EndpointID":"93e8fe159f683a98670e8995677c2b130dbce857fc116679206e206bda319cbf","Gateway":"172.17.0.1","IPAddress":"172.17.0.3","IPPrefixLen":16,"IPv6Gateway":"","GlobalIPv6Address":"","GlobalIPv6PrefixLen":0,"MacAddress":"02:42:ac:11:00:03","DriverOpts":null}}}}[\n]"
03:32:58.280 [main] DEBUG com.github.dockerjava.zerodep.shaded.org.apache.hc.client5.http.wire - http-outgoing-2 << "[\r][\n]"
03:32:58.280 [main] DEBUG com.github.dockerjava.zerodep.shaded.org.apache.hc.client5.http.wire - http-outgoing-2 << "0[\r][\n]"
03:32:58.280 [main] DEBUG com.github.dockerjava.zerodep.shaded.org.apache.hc.client5.http.wire - http-outgoing-2 << "[\r][\n]"
03:32:58.280 [main] DEBUG com.github.dockerjava.zerodep.shaded.org.apache.hc.client5.http.headers - http-outgoing-2 << HTTP/1.1 200 OK
03:32:58.280 [main] DEBUG com.github.dockerjava.zerodep.shaded.org.apache.hc.client5.http.headers - http-outgoing-2 << Api-Version: 1.41
03:32:58.280 [main] DEBUG com.github.dockerjava.zerodep.shaded.org.apache.hc.client5.http.headers - http-outgoing-2 << Content-Type: application/json
03:32:58.280 [main] DEBUG com.github.dockerjava.zerodep.shaded.org.apache.hc.client5.http.headers - http-outgoing-2 << Docker-Experimental: false
03:32:58.280 [main] DEBUG com.github.dockerjava.zerodep.shaded.org.apache.hc.client5.http.headers - http-outgoing-2 << Ostype: linux
03:32:58.280 [main] DEBUG com.github.dockerjava.zerodep.shaded.org.apache.hc.client5.http.headers - http-outgoing-2 << Server: Docker/20.10.12 (linux)
03:32:58.280 [main] DEBUG com.github.dockerjava.zerodep.shaded.org.apache.hc.client5.http.headers - http-outgoing-2 << Date: Thu, 23 Jun 2022 02:32:58 GMT
03:32:58.280 [main] DEBUG com.github.dockerjava.zerodep.shaded.org.apache.hc.client5.http.headers - http-outgoing-2 << Transfer-Encoding: chunked
03:32:58.280 [main] DEBUG com.github.dockerjava.zerodep.shaded.org.apache.hc.client5.http.impl.classic.MainClientExec - ex-0000006D: connection can be kept alive for 3 MINUTES
03:32:58.281 [main] DEBUG com.github.dockerjava.zerodep.shaded.org.apache.hc.client5.http.impl.classic.InternalHttpClient - ep-0000006C: releasing valid endpoint
03:32:58.282 [main] DEBUG com.github.dockerjava.zerodep.shaded.org.apache.hc.client5.http.impl.io.PoolingHttpClientConnectionManager - ep-0000006C: releasing endpoint
03:32:58.282 [main] DEBUG com.github.dockerjava.zerodep.shaded.org.apache.hc.client5.http.impl.io.PoolingHttpClientConnectionManager - ep-0000006C: connection http-outgoing-2 can be kept alive for 3 MINUTES
03:32:58.282 [main] DEBUG com.github.dockerjava.zerodep.shaded.org.apache.hc.client5.http.impl.io.PoolingHttpClientConnectionManager - ep-0000006C: connection released [route: {}->unix://localhost:2375][total available: 1; route allocated: 1 of 2147483647; total allocated: 1 of 2147483647]
03:32:58.282 [main] DEBUG 🐳 [mysql:8.0] - Trying to create JDBC connection using com.mysql.cj.jdbc.Driver to jdbc:mysql://localhost:49160/test?useSSL=false&allowPublicKeyRetrieval=true with properties: {password=admin, user=admin}
03:32:58.384 [main] DEBUG org.testcontainers.shaded.com.github.dockerjava.core.command.AbstrDockerCmd - Cmd: 9691e31891711283f4d98263d11bc6156717d3e75a0b86a23f3b128a992c1f38,false
03:32:58.384 [main] DEBUG org.testcontainers.shaded.com.github.dockerjava.core.exec.InspectContainerCmdExec - GET: DefaultWebTarget{path=[/containers/9691e31891711283f4d98263d11bc6156717d3e75a0b86a23f3b128a992c1f38/json], queryParams={}}
03:32:58.384 [main] DEBUG com.github.dockerjava.zerodep.shaded.org.apache.hc.client5.http.impl.classic.InternalHttpClient - ex-0000006E: preparing request execution
03:32:58.384 [main] DEBUG com.github.dockerjava.zerodep.shaded.org.apache.hc.client5.http.protocol.RequestAddCookies - Cookie spec selected: strict
03:32:58.384 [main] DEBUG com.github.dockerjava.zerodep.shaded.org.apache.hc.client5.http.protocol.RequestAuthCache - Auth cache not set in the context
03:32:58.384 [main] DEBUG com.github.dockerjava.zerodep.shaded.org.apache.hc.client5.http.impl.classic.ProtocolExec - ex-0000006E: target auth state: UNCHALLENGED
03:32:58.384 [main] DEBUG com.github.dockerjava.zerodep.shaded.org.apache.hc.client5.http.impl.classic.ProtocolExec - ex-0000006E: proxy auth state: UNCHALLENGED
03:32:58.384 [main] DEBUG com.github.dockerjava.zerodep.shaded.org.apache.hc.client5.http.impl.classic.ConnectExec - ex-0000006E: acquiring connection with route {}->unix://localhost:2375
03:32:58.384 [main] DEBUG com.github.dockerjava.zerodep.shaded.org.apache.hc.client5.http.impl.classic.InternalHttpClient - ex-0000006E: acquiring endpoint (3 MINUTES)
03:32:58.384 [main] DEBUG com.github.dockerjava.zerodep.shaded.org.apache.hc.client5.http.impl.io.PoolingHttpClientConnectionManager - ex-0000006E: endpoint lease request (3 MINUTES) [route: {}->unix://localhost:2375][total available: 1; route allocated: 1 of 2147483647; total allocated: 1 of 2147483647]
03:32:58.384 [main] DEBUG com.github.dockerjava.zerodep.shaded.org.apache.hc.client5.http.impl.io.PoolingHttpClientConnectionManager - ex-0000006E: endpoint leased [route: {}->unix://localhost:2375][total available: 0; route allocated: 1 of 2147483647; total allocated: 1 of 2147483647]
03:32:58.385 [main] DEBUG com.github.dockerjava.zerodep.shaded.org.apache.hc.client5.http.impl.io.PoolingHttpClientConnectionManager - ex-0000006E: acquired ep-0000006D
03:32:58.385 [main] DEBUG com.github.dockerjava.zerodep.shaded.org.apache.hc.client5.http.impl.classic.InternalHttpClient - ex-0000006E: acquired endpoint ep-0000006D
03:32:58.385 [main] DEBUG com.github.dockerjava.zerodep.shaded.org.apache.hc.client5.http.impl.classic.MainClientExec - ex-0000006E: executing GET /v1.32/containers/9691e31891711283f4d98263d11bc6156717d3e75a0b86a23f3b128a992c1f38/json HTTP/1.1
03:32:58.385 [main] DEBUG com.github.dockerjava.zerodep.shaded.org.apache.hc.client5.http.impl.classic.InternalHttpClient - ep-0000006D: start execution ex-0000006E
03:32:58.385 [main] DEBUG com.github.dockerjava.zerodep.shaded.org.apache.hc.client5.http.impl.io.PoolingHttpClientConnectionManager - ep-0000006D: executing exchange ex-0000006E over http-outgoing-2
03:32:58.385 [main] DEBUG com.github.dockerjava.zerodep.shaded.org.apache.hc.client5.http.headers - http-outgoing-2 >> GET /v1.32/containers/9691e31891711283f4d98263d11bc6156717d3e75a0b86a23f3b128a992c1f38/json HTTP/1.1
03:32:58.385 [main] DEBUG com.github.dockerjava.zerodep.shaded.org.apache.hc.client5.http.headers - http-outgoing-2 >> accept: application/json
03:32:58.385 [main] DEBUG com.github.dockerjava.zerodep.shaded.org.apache.hc.client5.http.headers - http-outgoing-2 >> Accept-Encoding: gzip, x-gzip, deflate
03:32:58.385 [main] DEBUG com.github.dockerjava.zerodep.shaded.org.apache.hc.client5.http.headers - http-outgoing-2 >> Host: localhost:2375
03:32:58.385 [main] DEBUG com.github.dockerjava.zerodep.shaded.org.apache.hc.client5.http.headers - http-outgoing-2 >> Connection: keep-alive
03:32:58.385 [main] DEBUG com.github.dockerjava.zerodep.shaded.org.apache.hc.client5.http.headers - http-outgoing-2 >> User-Agent: Apache-HttpClient/5.0.3 (Java/11.0.15)
03:32:58.385 [main] DEBUG com.github.dockerjava.zerodep.shaded.org.apache.hc.client5.http.wire - http-outgoing-2 >> "GET /v1.32/containers/9691e31891711283f4d98263d11bc6156717d3e75a0b86a23f3b128a992c1f38/json HTTP/1.1[\r][\n]"
03:32:58.385 [main] DEBUG com.github.dockerjava.zerodep.shaded.org.apache.hc.client5.http.wire - http-outgoing-2 >> "accept: application/json[\r][\n]"
03:32:58.385 [main] DEBUG com.github.dockerjava.zerodep.shaded.org.apache.hc.client5.http.wire - http-outgoing-2 >> "Accept-Encoding: gzip, x-gzip, deflate[\r][\n]"
03:32:58.385 [main] DEBUG com.github.dockerjava.zerodep.shaded.org.apache.hc.client5.http.wire - http-outgoing-2 >> "Host: localhost:2375[\r][\n]"
03:32:58.385 [main] DEBUG com.github.dockerjava.zerodep.shaded.org.apache.hc.client5.http.wire - http-outgoing-2 >> "Connection: keep-alive[\r][\n]"
03:32:58.385 [main] DEBUG com.github.dockerjava.zerodep.shaded.org.apache.hc.client5.http.wire - http-outgoing-2 >> "User-Agent: Apache-HttpClient/5.0.3 (Java/11.0.15)[\r][\n]"
03:32:58.385 [main] DEBUG com.github.dockerjava.zerodep.shaded.org.apache.hc.client5.http.wire - http-outgoing-2 >> "[\r][\n]"
03:32:58.385 [main] DEBUG com.github.dockerjava.zerodep.shaded.org.apache.hc.client5.http.wire - http-outgoing-2 << "HTTP/1.1 200 OK[\r][\n]"
03:32:58.385 [main] DEBUG com.github.dockerjava.zerodep.shaded.org.apache.hc.client5.http.wire - http-outgoing-2 << "Api-Version: 1.41[\r][\n]"
03:32:58.385 [main] DEBUG com.github.dockerjava.zerodep.shaded.org.apache.hc.client5.http.wire - http-outgoing-2 << "Content-Type: application/json[\r][\n]"
03:32:58.385 [main] DEBUG com.github.dockerjava.zerodep.shaded.org.apache.hc.client5.http.wire - http-outgoing-2 << "Docker-Experimental: false[\r][\n]"
03:32:58.385 [main] DEBUG com.github.dockerjava.zerodep.shaded.org.apache.hc.client5.http.wire - http-outgoing-2 << "Ostype: linux[\r][\n]"
03:32:58.385 [main] DEBUG com.github.dockerjava.zerodep.shaded.org.apache.hc.client5.http.wire - http-outgoing-2 << "Server: Docker/20.10.12 (linux)[\r][\n]"
03:32:58.385 [main] DEBUG com.github.dockerjava.zerodep.shaded.org.apache.hc.client5.http.wire - http-outgoing-2 << "Date: Thu, 23 Jun 2022 02:32:58 GMT[\r][\n]"
03:32:58.385 [main] DEBUG com.github.dockerjava.zerodep.shaded.org.apache.hc.client5.http.wire - http-outgoing-2 << "Transfer-Encoding: chunked[\r][\n]"
03:32:58.385 [main] DEBUG com.github.dockerjava.zerodep.shaded.org.apache.hc.client5.http.wire - http-outgoing-2 << "[\r][\n]"
03:32:58.385 [main] DEBUG com.github.dockerjava.zerodep.shaded.org.apache.hc.client5.http.wire - http-outgoing-2 << "18ed[\r][\n]"
03:32:58.386 [main] DEBUG com.github.dockerjava.zerodep.shaded.org.apache.hc.client5.http.wire - http-outgoing-2 << "{"Id":"9691e31891711283f4d98263d11bc6156717d3e75a0b86a23f3b128a992c1f38","Created":"2022-06-23T02:32:47.03956921Z","Path":"docker-entrypoint.sh","Args":["mysqld"],"State":{"Status":"running","Running":true,"Paused":false,"Restarting":false,"OOMKilled":false,"Dead":false,"Pid":66188,"ExitCode":0,"Error":"","StartedAt":"2022-06-23T02:32:47.703880551Z","FinishedAt":"0001-01-01T00:00:00Z"},"Image":"sha256:65b636d5542b73254ce90cc4b895597dc1adc2c661ca553c38eda159979dded1","ResolvConfPath":"/var/lib/docker/containers/9691e31891711283f4d98263d11bc6156717d3e75a0b86a23f3b128a992c1f38/resolv.conf","HostnamePath":"/var/lib/docker/containers/9691e31891711283f4d98263d11bc6156717d3e75a0b86a23f3b128a992c1f38/hostname","HostsPath":"/var/lib/docker/containers/9691e31891711283f4d98263d11bc6156717d3e75a0b86a23f3b128a992c1f38/hosts","LogPath":"/var/lib/docker/containers/9691e31891711283f4d98263d11bc6156717d3e75a0b86a23f3b128a992c1f38/9691e31891711283f4d98263d11bc6156717d3e75a0b86a23f3b128a992c1f38-json.log","Name":"/xenodochial_satoshi","RestartCount":0,"Driver":"overlay2","Platform":"linux","MountLabel":"","ProcessLabel":"","AppArmorProfile":"docker-default","ExecIDs":null,"HostConfig":{"Binds":[],"ContainerIDFile":"","LogConfig":{"Type":"json-file","Config":{}},"NetworkMode":"default","PortBindings":{"3306/tcp":[{"HostIp":"","HostPort":""}]},"RestartPolicy":{"Name":"","MaximumRetryCount":0},"AutoRemove":false,"VolumeDriver":"","VolumesFrom":[],"CapAdd":null,"CapDrop":null,"CgroupnsMode":"host","Dns":null,"DnsOptions":null,"DnsSearch":null,"ExtraHosts":[],"GroupAdd":null,"IpcMode":"shareable","Cgroup":"","Links":null,"OomScoreAdj":0,"PidMode":"","Privileged":false,"PublishAllPorts":false,"ReadonlyRootfs":false,"SecurityOpt":null,"UTSMode":"","UsernsMode":"","ShmSize":67108864,"Runtime":"runc","ConsoleSize":[0,0],"Isolation":"","CpuShares":0,"Memory":0,"NanoCpus":0,"CgroupParent":"","BlkioWeight":0,"BlkioWeightDevice":null,"BlkioDeviceReadBps":null,"BlkioDeviceWriteBps":null,"BlkioDeviceReadIOps":null,"BlkioDeviceWriteIOps":null,"CpuPeriod":0,"CpuQuota":0,"CpuRealtimePeriod":0,"CpuRealtimeRuntime":0,"CpusetCpus":"","CpusetMems":"","Devices":null,"DeviceCgroupRules":null,"DeviceRequests":null,"KernelMemory":0,"KernelMemoryTCP":0,"MemoryReservation":0,"MemorySwap":0,"MemorySwappiness":null,"OomKillDisable":false,"PidsLimit":null,"Ulimits":null,"CpuCount":0,"CpuPercent":0,"IOMaximumIOps":0,"IOMaximumBandwidth":0,"MaskedPaths":["/proc/asound","/proc/acpi","/proc/kcore","/proc/keys","/proc/latency_stats","/proc/timer_list","/proc/timer_stats","/proc/sched_debug","/proc/scsi","/sys/firmware"],"ReadonlyPaths":["/proc/bus","/proc/fs","/proc/irq","/proc/sys","/proc/sysrq-trigger"]},"GraphDriver":{"Data":{"LowerDir":"/var/lib/docker/overlay2/5529564f52cf969e31e7a1482c27be7ffed19639b506ae2e15b7e7115f699a73-init/diff:/var/lib/docker/overlay2/833a665819b5d9728d3efa7c33135034345a24f83af53b1a1af33d9b64f5492a/diff:/var/lib/docker/overlay2/bd4a2a46c227c2f15475b08c398f37acaab93f4fdba31de015d730efae0a0cfc/diff:/var/lib/docker/overlay2/31ad437d7cba8e64428a2b62db1bbb2a2ec19ca4e439ec493ef4deb50dce2783/diff:/var/lib/docker/overlay2/35173cbd8ec5b88a8888e9abbe75f8694f5d3f96a9b781bb70dc1f0889685741/diff:/var/lib/docker/overlay2/24bf69ac4e8c81062fee44e7c9f746fffbb139c3f7f4b55b4fd1b23bb101b529/diff:/var/lib/docker/overlay2/2f27c96a7775dad186b6f0da325d5a251c80aa1b7f80cf8520f493c5154aee70/diff:/var/lib/docker/overlay2/463a60088c72ddbea82639ded15801e35a79c443f6a26bf1baf320c683cb06af/diff:/var/lib/docker/overlay2/80b8224b23a2ee4b5be635c58ae579fd1913aa95558cd66ab2f5e8430f00a5b8/diff:/var/lib/docker/overlay2/20451fa0b1a07b85d665bc3a0359d721ce4e4c28fa3bce7456ab25e0babae708/diff:/var/lib/docker/overlay2/f80d865cbc6c1c6f57d0963fa6234e7a6409e079eb17f4f13ca41d02731701ad/diff:/var/lib/docker/overlay2/5a3029e0b57c6ec9b985871ff6adf08356aaa0f2a15f1e34c1a7f116ecc4a61d/diff:/var/lib/docker/overlay2/4f3423103248d0b381a1bc6a7287e2b42313ff458cea602a02b7379014b03e0e/diff","MergedDir":"/var/lib/docker/overlay2/5529564f52cf969e31e7a1482c27be7ffed19639b506ae2e15b7e7115f699a73/merged","UpperDir":"/var/lib/docker/overlay2/5529564f52cf969e31e7a1482c27be7ffed19639b506ae2e15b7e7115f699a73/diff","WorkDir":"/var/lib/docker/overlay2/5529564f52cf969e31e7a1482c27be7ffed19639b506ae2e15b7e7115f699a73/work"},"Name":"overlay2"},"Mounts":[{"Type":"volume","Name":"fd1f613c7fe3ca3ae799982507ac3f565cc9f6a2dc99ceaed92389e2c43f47d1","Source":"/var/lib/docker/volumes/fd1f613c7fe3ca3ae799982507ac3f565cc9f6a2dc99ceaed92389e2c43f47d1/_data","Destination":"/var/lib/mysql","Driver":"local","Mode":"","RW":true,"Propagation":""}],"Config":{"Hostname":"9691e3189171","Domainname":"","User":"","AttachStdin":false,"AttachStdout":false,"AttachStderr":false,"ExposedPorts":{"3306/tcp":{},"33060/tcp":{}},"Tty":false,"OpenStdin":false,"StdinOnce":false,"Env":["MYSQL_DATABASE=test","MYSQL_PASSWORD=admin","MYSQL_USER=admin","MYSQL_ROOT_PASSWORD=admin","PATH=/usr/local/sbin:/usr/local/bin:/usr/sbin:/usr/bin:/sbin:/bin","GOSU_VERSION=1.14","MYSQL_MAJOR=8.0","MYSQL_VERSION=8.0.29-1debian10"],"Cmd":["mysqld"],"Image":"mysql:8.0","Volumes":{"/var/lib/mysql":{}},"WorkingDir":"","Entrypoint":["docker-entrypoint.sh"],"OnBuild":null,"Labels":{"org.testcontainers":"true","org.testcontainers.sessionId":"d48265e4-2b28-4f8c-aa67-76dd8289af84"}},"NetworkSettings":{"Bridge":"","SandboxID":"d9de8570fe3f0a4e9f3a1ff7101c963bbd2c6a0a9d8a867b96f17f4d5edca537","HairpinMode":false,"LinkLocalIPv6Address":"","LinkLocalIPv6PrefixLen":0,"Ports":{"3306/tcp":[{"HostIp":"0.0.0.0","HostPort":"49160"},{"HostIp":"::","HostPort":"49160"}],"33060/tcp":null},"SandboxKey":"/var/run/docker/netns/d9de8570fe3f","SecondaryIPAddresses":null,"SecondaryIPv6Addresses":null,"EndpointID":"93e8fe159f683a98670e8995677c2b130dbce857fc116679206e206bda319cbf","Gateway":"172.17.0.1","GlobalIPv6Address":"","GlobalIPv6PrefixLen":0,"IPAddress":"172.17.0.3","IPPrefixLen":16,"IPv6Gateway":"","MacAddress":"02:42:ac:11:00:03","Networks":{"bridge":{"IPAMConfig":null,"Links":null,"Aliases":null,"NetworkID":"1853cd2b9856825cc97ed9ef2b12efa82d95bf9cf60ad666c276eb35cc53539e","EndpointID":"93e8fe159f683a98670e8995677c2b130dbce857fc116679206e206bda319cbf","Gateway":"172.17.0.1","IPAddress":"172.17.0.3","IPPrefixLen":16,"IPv6Gateway":"","GlobalIPv6Address":"","GlobalIPv6PrefixLen":0,"MacAddress":"02:42:ac:11:00:03","DriverOpts":null}}}}[\n]"
03:32:58.386 [main] DEBUG com.github.dockerjava.zerodep.shaded.org.apache.hc.client5.http.wire - http-outgoing-2 << "[\r][\n]"
03:32:58.386 [main] DEBUG com.github.dockerjava.zerodep.shaded.org.apache.hc.client5.http.wire - http-outgoing-2 << "0[\r][\n]"
03:32:58.386 [main] DEBUG com.github.dockerjava.zerodep.shaded.org.apache.hc.client5.http.wire - http-outgoing-2 << "[\r][\n]"
03:32:58.386 [main] DEBUG com.github.dockerjava.zerodep.shaded.org.apache.hc.client5.http.headers - http-outgoing-2 << HTTP/1.1 200 OK
03:32:58.386 [main] DEBUG com.github.dockerjava.zerodep.shaded.org.apache.hc.client5.http.headers - http-outgoing-2 << Api-Version: 1.41
03:32:58.386 [main] DEBUG com.github.dockerjava.zerodep.shaded.org.apache.hc.client5.http.headers - http-outgoing-2 << Content-Type: application/json
03:32:58.386 [main] DEBUG com.github.dockerjava.zerodep.shaded.org.apache.hc.client5.http.headers - http-outgoing-2 << Docker-Experimental: false
03:32:58.386 [main] DEBUG com.github.dockerjava.zerodep.shaded.org.apache.hc.client5.http.headers - http-outgoing-2 << Ostype: linux
03:32:58.386 [main] DEBUG com.github.dockerjava.zerodep.shaded.org.apache.hc.client5.http.headers - http-outgoing-2 << Server: Docker/20.10.12 (linux)
03:32:58.386 [main] DEBUG com.github.dockerjava.zerodep.shaded.org.apache.hc.client5.http.headers - http-outgoing-2 << Date: Thu, 23 Jun 2022 02:32:58 GMT
03:32:58.386 [main] DEBUG com.github.dockerjava.zerodep.shaded.org.apache.hc.client5.http.headers - http-outgoing-2 << Transfer-Encoding: chunked
03:32:58.386 [main] DEBUG com.github.dockerjava.zerodep.shaded.org.apache.hc.client5.http.impl.classic.MainClientExec - ex-0000006E: connection can be kept alive for 3 MINUTES
03:32:58.387 [main] DEBUG com.github.dockerjava.zerodep.shaded.org.apache.hc.client5.http.impl.classic.InternalHttpClient - ep-0000006D: releasing valid endpoint
03:32:58.387 [main] DEBUG com.github.dockerjava.zerodep.shaded.org.apache.hc.client5.http.impl.io.PoolingHttpClientConnectionManager - ep-0000006D: releasing endpoint
03:32:58.387 [main] DEBUG com.github.dockerjava.zerodep.shaded.org.apache.hc.client5.http.impl.io.PoolingHttpClientConnectionManager - ep-0000006D: connection http-outgoing-2 can be kept alive for 3 MINUTES
03:32:58.387 [main] DEBUG com.github.dockerjava.zerodep.shaded.org.apache.hc.client5.http.impl.io.PoolingHttpClientConnectionManager - ep-0000006D: connection released [route: {}->unix://localhost:2375][total available: 1; route allocated: 1 of 2147483647; total allocated: 1 of 2147483647]
03:32:58.387 [main] DEBUG 🐳 [mysql:8.0] - Trying to create JDBC connection using com.mysql.cj.jdbc.Driver to jdbc:mysql://localhost:49160/test?useSSL=false&allowPublicKeyRetrieval=true with properties: {password=admin, user=admin}
03:32:58.489 [main] DEBUG org.testcontainers.shaded.com.github.dockerjava.core.command.AbstrDockerCmd - Cmd: 9691e31891711283f4d98263d11bc6156717d3e75a0b86a23f3b128a992c1f38,false
03:32:58.489 [main] DEBUG org.testcontainers.shaded.com.github.dockerjava.core.exec.InspectContainerCmdExec - GET: DefaultWebTarget{path=[/containers/9691e31891711283f4d98263d11bc6156717d3e75a0b86a23f3b128a992c1f38/json], queryParams={}}
03:32:58.489 [main] DEBUG com.github.dockerjava.zerodep.shaded.org.apache.hc.client5.http.impl.classic.InternalHttpClient - ex-0000006F: preparing request execution
03:32:58.490 [main] DEBUG com.github.dockerjava.zerodep.shaded.org.apache.hc.client5.http.protocol.RequestAddCookies - Cookie spec selected: strict
03:32:58.490 [main] DEBUG com.github.dockerjava.zerodep.shaded.org.apache.hc.client5.http.protocol.RequestAuthCache - Auth cache not set in the context
03:32:58.490 [main] DEBUG com.github.dockerjava.zerodep.shaded.org.apache.hc.client5.http.impl.classic.ProtocolExec - ex-0000006F: target auth state: UNCHALLENGED
03:32:58.490 [main] DEBUG com.github.dockerjava.zerodep.shaded.org.apache.hc.client5.http.impl.classic.ProtocolExec - ex-0000006F: proxy auth state: UNCHALLENGED
03:32:58.490 [main] DEBUG com.github.dockerjava.zerodep.shaded.org.apache.hc.client5.http.impl.classic.ConnectExec - ex-0000006F: acquiring connection with route {}->unix://localhost:2375
03:32:58.490 [main] DEBUG com.github.dockerjava.zerodep.shaded.org.apache.hc.client5.http.impl.classic.InternalHttpClient - ex-0000006F: acquiring endpoint (3 MINUTES)
03:32:58.490 [main] DEBUG com.github.dockerjava.zerodep.shaded.org.apache.hc.client5.http.impl.io.PoolingHttpClientConnectionManager - ex-0000006F: endpoint lease request (3 MINUTES) [route: {}->unix://localhost:2375][total available: 1; route allocated: 1 of 2147483647; total allocated: 1 of 2147483647]
03:32:58.490 [main] DEBUG com.github.dockerjava.zerodep.shaded.org.apache.hc.client5.http.impl.io.PoolingHttpClientConnectionManager - ex-0000006F: endpoint leased [route: {}->unix://localhost:2375][total available: 0; route allocated: 1 of 2147483647; total allocated: 1 of 2147483647]
03:32:58.490 [main] DEBUG com.github.dockerjava.zerodep.shaded.org.apache.hc.client5.http.impl.io.PoolingHttpClientConnectionManager - ex-0000006F: acquired ep-0000006E
03:32:58.490 [main] DEBUG com.github.dockerjava.zerodep.shaded.org.apache.hc.client5.http.impl.classic.InternalHttpClient - ex-0000006F: acquired endpoint ep-0000006E
03:32:58.490 [main] DEBUG com.github.dockerjava.zerodep.shaded.org.apache.hc.client5.http.impl.classic.MainClientExec - ex-0000006F: executing GET /v1.32/containers/9691e31891711283f4d98263d11bc6156717d3e75a0b86a23f3b128a992c1f38/json HTTP/1.1
03:32:58.490 [main] DEBUG com.github.dockerjava.zerodep.shaded.org.apache.hc.client5.http.impl.classic.InternalHttpClient - ep-0000006E: start execution ex-0000006F
03:32:58.490 [main] DEBUG com.github.dockerjava.zerodep.shaded.org.apache.hc.client5.http.impl.io.PoolingHttpClientConnectionManager - ep-0000006E: executing exchange ex-0000006F over http-outgoing-2
03:32:58.490 [main] DEBUG com.github.dockerjava.zerodep.shaded.org.apache.hc.client5.http.headers - http-outgoing-2 >> GET /v1.32/containers/9691e31891711283f4d98263d11bc6156717d3e75a0b86a23f3b128a992c1f38/json HTTP/1.1
03:32:58.490 [main] DEBUG com.github.dockerjava.zerodep.shaded.org.apache.hc.client5.http.headers - http-outgoing-2 >> accept: application/json
03:32:58.490 [main] DEBUG com.github.dockerjava.zerodep.shaded.org.apache.hc.client5.http.headers - http-outgoing-2 >> Accept-Encoding: gzip, x-gzip, deflate
03:32:58.490 [main] DEBUG com.github.dockerjava.zerodep.shaded.org.apache.hc.client5.http.headers - http-outgoing-2 >> Host: localhost:2375
03:32:58.490 [main] DEBUG com.github.dockerjava.zerodep.shaded.org.apache.hc.client5.http.headers - http-outgoing-2 >> Connection: keep-alive
03:32:58.490 [main] DEBUG com.github.dockerjava.zerodep.shaded.org.apache.hc.client5.http.headers - http-outgoing-2 >> User-Agent: Apache-HttpClient/5.0.3 (Java/11.0.15)
03:32:58.490 [main] DEBUG com.github.dockerjava.zerodep.shaded.org.apache.hc.client5.http.wire - http-outgoing-2 >> "GET /v1.32/containers/9691e31891711283f4d98263d11bc6156717d3e75a0b86a23f3b128a992c1f38/json HTTP/1.1[\r][\n]"
03:32:58.490 [main] DEBUG com.github.dockerjava.zerodep.shaded.org.apache.hc.client5.http.wire - http-outgoing-2 >> "accept: application/json[\r][\n]"
03:32:58.490 [main] DEBUG com.github.dockerjava.zerodep.shaded.org.apache.hc.client5.http.wire - http-outgoing-2 >> "Accept-Encoding: gzip, x-gzip, deflate[\r][\n]"
03:32:58.490 [main] DEBUG com.github.dockerjava.zerodep.shaded.org.apache.hc.client5.http.wire - http-outgoing-2 >> "Host: localhost:2375[\r][\n]"
03:32:58.490 [main] DEBUG com.github.dockerjava.zerodep.shaded.org.apache.hc.client5.http.wire - http-outgoing-2 >> "Connection: keep-alive[\r][\n]"
03:32:58.490 [main] DEBUG com.github.dockerjava.zerodep.shaded.org.apache.hc.client5.http.wire - http-outgoing-2 >> "User-Agent: Apache-HttpClient/5.0.3 (Java/11.0.15)[\r][\n]"
03:32:58.490 [main] DEBUG com.github.dockerjava.zerodep.shaded.org.apache.hc.client5.http.wire - http-outgoing-2 >> "[\r][\n]"
03:32:58.491 [main] DEBUG com.github.dockerjava.zerodep.shaded.org.apache.hc.client5.http.wire - http-outgoing-2 << "HTTP/1.1 200 OK[\r][\n]"
03:32:58.491 [main] DEBUG com.github.dockerjava.zerodep.shaded.org.apache.hc.client5.http.wire - http-outgoing-2 << "Api-Version: 1.41[\r][\n]"
03:32:58.491 [main] DEBUG com.github.dockerjava.zerodep.shaded.org.apache.hc.client5.http.wire - http-outgoing-2 << "Content-Type: application/json[\r][\n]"
03:32:58.491 [main] DEBUG com.github.dockerjava.zerodep.shaded.org.apache.hc.client5.http.wire - http-outgoing-2 << "Docker-Experimental: false[\r][\n]"
03:32:58.491 [main] DEBUG com.github.dockerjava.zerodep.shaded.org.apache.hc.client5.http.wire - http-outgoing-2 << "Ostype: linux[\r][\n]"
03:32:58.491 [main] DEBUG com.github.dockerjava.zerodep.shaded.org.apache.hc.client5.http.wire - http-outgoing-2 << "Server: Docker/20.10.12 (linux)[\r][\n]"
03:32:58.491 [main] DEBUG com.github.dockerjava.zerodep.shaded.org.apache.hc.client5.http.wire - http-outgoing-2 << "Date: Thu, 23 Jun 2022 02:32:58 GMT[\r][\n]"
03:32:58.491 [main] DEBUG com.github.dockerjava.zerodep.shaded.org.apache.hc.client5.http.wire - http-outgoing-2 << "Transfer-Encoding: chunked[\r][\n]"
03:32:58.491 [main] DEBUG com.github.dockerjava.zerodep.shaded.org.apache.hc.client5.http.wire - http-outgoing-2 << "[\r][\n]"
03:32:58.491 [main] DEBUG com.github.dockerjava.zerodep.shaded.org.apache.hc.client5.http.wire - http-outgoing-2 << "18ed[\r][\n]"
03:32:58.491 [main] DEBUG com.github.dockerjava.zerodep.shaded.org.apache.hc.client5.http.wire - http-outgoing-2 << "{"Id":"9691e31891711283f4d98263d11bc6156717d3e75a0b86a23f3b128a992c1f38","Created":"2022-06-23T02:32:47.03956921Z","Path":"docker-entrypoint.sh","Args":["mysqld"],"State":{"Status":"running","Running":true,"Paused":false,"Restarting":false,"OOMKilled":false,"Dead":false,"Pid":66188,"ExitCode":0,"Error":"","StartedAt":"2022-06-23T02:32:47.703880551Z","FinishedAt":"0001-01-01T00:00:00Z"},"Image":"sha256:65b636d5542b73254ce90cc4b895597dc1adc2c661ca553c38eda159979dded1","ResolvConfPath":"/var/lib/docker/containers/9691e31891711283f4d98263d11bc6156717d3e75a0b86a23f3b128a992c1f38/resolv.conf","HostnamePath":"/var/lib/docker/containers/9691e31891711283f4d98263d11bc6156717d3e75a0b86a23f3b128a992c1f38/hostname","HostsPath":"/var/lib/docker/containers/9691e31891711283f4d98263d11bc6156717d3e75a0b86a23f3b128a992c1f38/hosts","LogPath":"/var/lib/docker/containers/9691e31891711283f4d98263d11bc6156717d3e75a0b86a23f3b128a992c1f38/9691e31891711283f4d98263d11bc6156717d3e75a0b86a23f3b128a992c1f38-json.log","Name":"/xenodochial_satoshi","RestartCount":0,"Driver":"overlay2","Platform":"linux","MountLabel":"","ProcessLabel":"","AppArmorProfile":"docker-default","ExecIDs":null,"HostConfig":{"Binds":[],"ContainerIDFile":"","LogConfig":{"Type":"json-file","Config":{}},"NetworkMode":"default","PortBindings":{"3306/tcp":[{"HostIp":"","HostPort":""}]},"RestartPolicy":{"Name":"","MaximumRetryCount":0},"AutoRemove":false,"VolumeDriver":"","VolumesFrom":[],"CapAdd":null,"CapDrop":null,"CgroupnsMode":"host","Dns":null,"DnsOptions":null,"DnsSearch":null,"ExtraHosts":[],"GroupAdd":null,"IpcMode":"shareable","Cgroup":"","Links":null,"OomScoreAdj":0,"PidMode":"","Privileged":false,"PublishAllPorts":false,"ReadonlyRootfs":false,"SecurityOpt":null,"UTSMode":"","UsernsMode":"","ShmSize":67108864,"Runtime":"runc","ConsoleSize":[0,0],"Isolation":"","CpuShares":0,"Memory":0,"NanoCpus":0,"CgroupParent":"","BlkioWeight":0,"BlkioWeightDevice":null,"BlkioDeviceReadBps":null,"BlkioDeviceWriteBps":null,"BlkioDeviceReadIOps":null,"BlkioDeviceWriteIOps":null,"CpuPeriod":0,"CpuQuota":0,"CpuRealtimePeriod":0,"CpuRealtimeRuntime":0,"CpusetCpus":"","CpusetMems":"","Devices":null,"DeviceCgroupRules":null,"DeviceRequests":null,"KernelMemory":0,"KernelMemoryTCP":0,"MemoryReservation":0,"MemorySwap":0,"MemorySwappiness":null,"OomKillDisable":false,"PidsLimit":null,"Ulimits":null,"CpuCount":0,"CpuPercent":0,"IOMaximumIOps":0,"IOMaximumBandwidth":0,"MaskedPaths":["/proc/asound","/proc/acpi","/proc/kcore","/proc/keys","/proc/latency_stats","/proc/timer_list","/proc/timer_stats","/proc/sched_debug","/proc/scsi","/sys/firmware"],"ReadonlyPaths":["/proc/bus","/proc/fs","/proc/irq","/proc/sys","/proc/sysrq-trigger"]},"GraphDriver":{"Data":{"LowerDir":"/var/lib/docker/overlay2/5529564f52cf969e31e7a1482c27be7ffed19639b506ae2e15b7e7115f699a73-init/diff:/var/lib/docker/overlay2/833a665819b5d9728d3efa7c33135034345a24f83af53b1a1af33d9b64f5492a/diff:/var/lib/docker/overlay2/bd4a2a46c227c2f15475b08c398f37acaab93f4fdba31de015d730efae0a0cfc/diff:/var/lib/docker/overlay2/31ad437d7cba8e64428a2b62db1bbb2a2ec19ca4e439ec493ef4deb50dce2783/diff:/var/lib/docker/overlay2/35173cbd8ec5b88a8888e9abbe75f8694f5d3f96a9b781bb70dc1f0889685741/diff:/var/lib/docker/overlay2/24bf69ac4e8c81062fee44e7c9f746fffbb139c3f7f4b55b4fd1b23bb101b529/diff:/var/lib/docker/overlay2/2f27c96a7775dad186b6f0da325d5a251c80aa1b7f80cf8520f493c5154aee70/diff:/var/lib/docker/overlay2/463a60088c72ddbea82639ded15801e35a79c443f6a26bf1baf320c683cb06af/diff:/var/lib/docker/overlay2/80b8224b23a2ee4b5be635c58ae579fd1913aa95558cd66ab2f5e8430f00a5b8/diff:/var/lib/docker/overlay2/20451fa0b1a07b85d665bc3a0359d721ce4e4c28fa3bce7456ab25e0babae708/diff:/var/lib/docker/overlay2/f80d865cbc6c1c6f57d0963fa6234e7a6409e079eb17f4f13ca41d02731701ad/diff:/var/lib/docker/overlay2/5a3029e0b57c6ec9b985871ff6adf08356aaa0f2a15f1e34c1a7f116ecc4a61d/diff:/var/lib/docker/overlay2/4f3423103248d0b381a1bc6a7287e2b42313ff458cea602a02b7379014b03e0e/diff","MergedDir":"/var/lib/docker/overlay2/5529564f52cf969e31e7a1482c27be7ffed19639b506ae2e15b7e7115f699a73/merged","UpperDir":"/var/lib/docker/overlay2/5529564f52cf969e31e7a1482c27be7ffed19639b506ae2e15b7e7115f699a73/diff","WorkDir":"/var/lib/docker/overlay2/5529564f52cf969e31e7a1482c27be7ffed19639b506ae2e15b7e7115f699a73/work"},"Name":"overlay2"},"Mounts":[{"Type":"volume","Name":"fd1f613c7fe3ca3ae799982507ac3f565cc9f6a2dc99ceaed92389e2c43f47d1","Source":"/var/lib/docker/volumes/fd1f613c7fe3ca3ae799982507ac3f565cc9f6a2dc99ceaed92389e2c43f47d1/_data","Destination":"/var/lib/mysql","Driver":"local","Mode":"","RW":true,"Propagation":""}],"Config":{"Hostname":"9691e3189171","Domainname":"","User":"","AttachStdin":false,"AttachStdout":false,"AttachStderr":false,"ExposedPorts":{"3306/tcp":{},"33060/tcp":{}},"Tty":false,"OpenStdin":false,"StdinOnce":false,"Env":["MYSQL_DATABASE=test","MYSQL_PASSWORD=admin","MYSQL_USER=admin","MYSQL_ROOT_PASSWORD=admin","PATH=/usr/local/sbin:/usr/local/bin:/usr/sbin:/usr/bin:/sbin:/bin","GOSU_VERSION=1.14","MYSQL_MAJOR=8.0","MYSQL_VERSION=8.0.29-1debian10"],"Cmd":["mysqld"],"Image":"mysql:8.0","Volumes":{"/var/lib/mysql":{}},"WorkingDir":"","Entrypoint":["docker-entrypoint.sh"],"OnBuild":null,"Labels":{"org.testcontainers":"true","org.testcontainers.sessionId":"d48265e4-2b28-4f8c-aa67-76dd8289af84"}},"NetworkSettings":{"Bridge":"","SandboxID":"d9de8570fe3f0a4e9f3a1ff7101c963bbd2c6a0a9d8a867b96f17f4d5edca537","HairpinMode":false,"LinkLocalIPv6Address":"","LinkLocalIPv6PrefixLen":0,"Ports":{"3306/tcp":[{"HostIp":"0.0.0.0","HostPort":"49160"},{"HostIp":"::","HostPort":"49160"}],"33060/tcp":null},"SandboxKey":"/var/run/docker/netns/d9de8570fe3f","SecondaryIPAddresses":null,"SecondaryIPv6Addresses":null,"EndpointID":"93e8fe159f683a98670e8995677c2b130dbce857fc116679206e206bda319cbf","Gateway":"172.17.0.1","GlobalIPv6Address":"","GlobalIPv6PrefixLen":0,"IPAddress":"172.17.0.3","IPPrefixLen":16,"IPv6Gateway":"","MacAddress":"02:42:ac:11:00:03","Networks":{"bridge":{"IPAMConfig":null,"Links":null,"Aliases":null,"NetworkID":"1853cd2b9856825cc97ed9ef2b12efa82d95bf9cf60ad666c276eb35cc53539e","EndpointID":"93e8fe159f683a98670e8995677c2b130dbce857fc116679206e206bda319cbf","Gateway":"172.17.0.1","IPAddress":"172.17.0.3","IPPrefixLen":16,"IPv6Gateway":"","GlobalIPv6Address":"","GlobalIPv6PrefixLen":0,"MacAddress":"02:42:ac:11:00:03","DriverOpts":null}}}}[\n]"
03:32:58.491 [main] DEBUG com.github.dockerjava.zerodep.shaded.org.apache.hc.client5.http.wire - http-outgoing-2 << "[\r][\n]"
03:32:58.491 [main] DEBUG com.github.dockerjava.zerodep.shaded.org.apache.hc.client5.http.wire - http-outgoing-2 << "0[\r][\n]"
03:32:58.491 [main] DEBUG com.github.dockerjava.zerodep.shaded.org.apache.hc.client5.http.wire - http-outgoing-2 << "[\r][\n]"
03:32:58.491 [main] DEBUG com.github.dockerjava.zerodep.shaded.org.apache.hc.client5.http.headers - http-outgoing-2 << HTTP/1.1 200 OK
03:32:58.491 [main] DEBUG com.github.dockerjava.zerodep.shaded.org.apache.hc.client5.http.headers - http-outgoing-2 << Api-Version: 1.41
03:32:58.491 [main] DEBUG com.github.dockerjava.zerodep.shaded.org.apache.hc.client5.http.headers - http-outgoing-2 << Content-Type: application/json
03:32:58.491 [main] DEBUG com.github.dockerjava.zerodep.shaded.org.apache.hc.client5.http.headers - http-outgoing-2 << Docker-Experimental: false
03:32:58.491 [main] DEBUG com.github.dockerjava.zerodep.shaded.org.apache.hc.client5.http.headers - http-outgoing-2 << Ostype: linux
03:32:58.491 [main] DEBUG com.github.dockerjava.zerodep.shaded.org.apache.hc.client5.http.headers - http-outgoing-2 << Server: Docker/20.10.12 (linux)
03:32:58.491 [main] DEBUG com.github.dockerjava.zerodep.shaded.org.apache.hc.client5.http.headers - http-outgoing-2 << Date: Thu, 23 Jun 2022 02:32:58 GMT
03:32:58.491 [main] DEBUG com.github.dockerjava.zerodep.shaded.org.apache.hc.client5.http.headers - http-outgoing-2 << Transfer-Encoding: chunked
03:32:58.491 [main] DEBUG com.github.dockerjava.zerodep.shaded.org.apache.hc.client5.http.impl.classic.MainClientExec - ex-0000006F: connection can be kept alive for 3 MINUTES
03:32:58.493 [main] DEBUG com.github.dockerjava.zerodep.shaded.org.apache.hc.client5.http.impl.classic.InternalHttpClient - ep-0000006E: releasing valid endpoint
03:32:58.493 [main] DEBUG com.github.dockerjava.zerodep.shaded.org.apache.hc.client5.http.impl.io.PoolingHttpClientConnectionManager - ep-0000006E: releasing endpoint
03:32:58.493 [main] DEBUG com.github.dockerjava.zerodep.shaded.org.apache.hc.client5.http.impl.io.PoolingHttpClientConnectionManager - ep-0000006E: connection http-outgoing-2 can be kept alive for 3 MINUTES
03:32:58.493 [main] DEBUG com.github.dockerjava.zerodep.shaded.org.apache.hc.client5.http.impl.io.PoolingHttpClientConnectionManager - ep-0000006E: connection released [route: {}->unix://localhost:2375][total available: 1; route allocated: 1 of 2147483647; total allocated: 1 of 2147483647]
03:32:58.493 [main] DEBUG 🐳 [mysql:8.0] - Trying to create JDBC connection using com.mysql.cj.jdbc.Driver to jdbc:mysql://localhost:49160/test?useSSL=false&allowPublicKeyRetrieval=true with properties: {password=admin, user=admin}
03:32:58.595 [main] DEBUG org.testcontainers.shaded.com.github.dockerjava.core.command.AbstrDockerCmd - Cmd: 9691e31891711283f4d98263d11bc6156717d3e75a0b86a23f3b128a992c1f38,false
03:32:58.595 [main] DEBUG org.testcontainers.shaded.com.github.dockerjava.core.exec.InspectContainerCmdExec - GET: DefaultWebTarget{path=[/containers/9691e31891711283f4d98263d11bc6156717d3e75a0b86a23f3b128a992c1f38/json], queryParams={}}
03:32:58.595 [main] DEBUG com.github.dockerjava.zerodep.shaded.org.apache.hc.client5.http.impl.classic.InternalHttpClient - ex-00000070: preparing request execution
03:32:58.596 [main] DEBUG com.github.dockerjava.zerodep.shaded.org.apache.hc.client5.http.protocol.RequestAddCookies - Cookie spec selected: strict
03:32:58.596 [main] DEBUG com.github.dockerjava.zerodep.shaded.org.apache.hc.client5.http.protocol.RequestAuthCache - Auth cache not set in the context
03:32:58.596 [main] DEBUG com.github.dockerjava.zerodep.shaded.org.apache.hc.client5.http.impl.classic.ProtocolExec - ex-00000070: target auth state: UNCHALLENGED
03:32:58.596 [main] DEBUG com.github.dockerjava.zerodep.shaded.org.apache.hc.client5.http.impl.classic.ProtocolExec - ex-00000070: proxy auth state: UNCHALLENGED
03:32:58.596 [main] DEBUG com.github.dockerjava.zerodep.shaded.org.apache.hc.client5.http.impl.classic.ConnectExec - ex-00000070: acquiring connection with route {}->unix://localhost:2375
03:32:58.596 [main] DEBUG com.github.dockerjava.zerodep.shaded.org.apache.hc.client5.http.impl.classic.InternalHttpClient - ex-00000070: acquiring endpoint (3 MINUTES)
03:32:58.596 [main] DEBUG com.github.dockerjava.zerodep.shaded.org.apache.hc.client5.http.impl.io.PoolingHttpClientConnectionManager - ex-00000070: endpoint lease request (3 MINUTES) [route: {}->unix://localhost:2375][total available: 1; route allocated: 1 of 2147483647; total allocated: 1 of 2147483647]
03:32:58.596 [main] DEBUG com.github.dockerjava.zerodep.shaded.org.apache.hc.client5.http.impl.io.PoolingHttpClientConnectionManager - ex-00000070: endpoint leased [route: {}->unix://localhost:2375][total available: 0; route allocated: 1 of 2147483647; total allocated: 1 of 2147483647]
03:32:58.600 [main] DEBUG com.github.dockerjava.zerodep.shaded.org.apache.hc.client5.http.impl.io.PoolingHttpClientConnectionManager - ex-00000070: acquired ep-0000006F
03:32:58.600 [main] DEBUG com.github.dockerjava.zerodep.shaded.org.apache.hc.client5.http.impl.classic.InternalHttpClient - ex-00000070: acquired endpoint ep-0000006F
03:32:58.600 [main] DEBUG com.github.dockerjava.zerodep.shaded.org.apache.hc.client5.http.impl.classic.MainClientExec - ex-00000070: executing GET /v1.32/containers/9691e31891711283f4d98263d11bc6156717d3e75a0b86a23f3b128a992c1f38/json HTTP/1.1
03:32:58.600 [main] DEBUG com.github.dockerjava.zerodep.shaded.org.apache.hc.client5.http.impl.classic.InternalHttpClient - ep-0000006F: start execution ex-00000070
03:32:58.600 [main] DEBUG com.github.dockerjava.zerodep.shaded.org.apache.hc.client5.http.impl.io.PoolingHttpClientConnectionManager - ep-0000006F: executing exchange ex-00000070 over http-outgoing-2
03:32:58.600 [main] DEBUG com.github.dockerjava.zerodep.shaded.org.apache.hc.client5.http.headers - http-outgoing-2 >> GET /v1.32/containers/9691e31891711283f4d98263d11bc6156717d3e75a0b86a23f3b128a992c1f38/json HTTP/1.1
03:32:58.600 [main] DEBUG com.github.dockerjava.zerodep.shaded.org.apache.hc.client5.http.headers - http-outgoing-2 >> accept: application/json
03:32:58.600 [main] DEBUG com.github.dockerjava.zerodep.shaded.org.apache.hc.client5.http.headers - http-outgoing-2 >> Accept-Encoding: gzip, x-gzip, deflate
03:32:58.600 [main] DEBUG com.github.dockerjava.zerodep.shaded.org.apache.hc.client5.http.headers - http-outgoing-2 >> Host: localhost:2375
03:32:58.600 [main] DEBUG com.github.dockerjava.zerodep.shaded.org.apache.hc.client5.http.headers - http-outgoing-2 >> Connection: keep-alive
03:32:58.600 [main] DEBUG com.github.dockerjava.zerodep.shaded.org.apache.hc.client5.http.headers - http-outgoing-2 >> User-Agent: Apache-HttpClient/5.0.3 (Java/11.0.15)
03:32:58.600 [main] DEBUG com.github.dockerjava.zerodep.shaded.org.apache.hc.client5.http.wire - http-outgoing-2 >> "GET /v1.32/containers/9691e31891711283f4d98263d11bc6156717d3e75a0b86a23f3b128a992c1f38/json HTTP/1.1[\r][\n]"
03:32:58.600 [main] DEBUG com.github.dockerjava.zerodep.shaded.org.apache.hc.client5.http.wire - http-outgoing-2 >> "accept: application/json[\r][\n]"
03:32:58.600 [main] DEBUG com.github.dockerjava.zerodep.shaded.org.apache.hc.client5.http.wire - http-outgoing-2 >> "Accept-Encoding: gzip, x-gzip, deflate[\r][\n]"
03:32:58.600 [main] DEBUG com.github.dockerjava.zerodep.shaded.org.apache.hc.client5.http.wire - http-outgoing-2 >> "Host: localhost:2375[\r][\n]"
03:32:58.600 [main] DEBUG com.github.dockerjava.zerodep.shaded.org.apache.hc.client5.http.wire - http-outgoing-2 >> "Connection: keep-alive[\r][\n]"
03:32:58.600 [main] DEBUG com.github.dockerjava.zerodep.shaded.org.apache.hc.client5.http.wire - http-outgoing-2 >> "User-Agent: Apache-HttpClient/5.0.3 (Java/11.0.15)[\r][\n]"
03:32:58.600 [main] DEBUG com.github.dockerjava.zerodep.shaded.org.apache.hc.client5.http.wire - http-outgoing-2 >> "[\r][\n]"
03:32:58.601 [main] DEBUG com.github.dockerjava.zerodep.shaded.org.apache.hc.client5.http.wire - http-outgoing-2 << "HTTP/1.1 200 OK[\r][\n]"
03:32:58.601 [main] DEBUG com.github.dockerjava.zerodep.shaded.org.apache.hc.client5.http.wire - http-outgoing-2 << "Api-Version: 1.41[\r][\n]"
03:32:58.601 [main] DEBUG com.github.dockerjava.zerodep.shaded.org.apache.hc.client5.http.wire - http-outgoing-2 << "Content-Type: application/json[\r][\n]"
03:32:58.601 [main] DEBUG com.github.dockerjava.zerodep.shaded.org.apache.hc.client5.http.wire - http-outgoing-2 << "Docker-Experimental: false[\r][\n]"
03:32:58.601 [main] DEBUG com.github.dockerjava.zerodep.shaded.org.apache.hc.client5.http.wire - http-outgoing-2 << "Ostype: linux[\r][\n]"
03:32:58.601 [main] DEBUG com.github.dockerjava.zerodep.shaded.org.apache.hc.client5.http.wire - http-outgoing-2 << "Server: Docker/20.10.12 (linux)[\r][\n]"
03:32:58.601 [main] DEBUG com.github.dockerjava.zerodep.shaded.org.apache.hc.client5.http.wire - http-outgoing-2 << "Date: Thu, 23 Jun 2022 02:32:58 GMT[\r][\n]"
03:32:58.601 [main] DEBUG com.github.dockerjava.zerodep.shaded.org.apache.hc.client5.http.wire - http-outgoing-2 << "Transfer-Encoding: chunked[\r][\n]"
03:32:58.601 [main] DEBUG com.github.dockerjava.zerodep.shaded.org.apache.hc.client5.http.wire - http-outgoing-2 << "[\r][\n]"
03:32:58.601 [main] DEBUG com.github.dockerjava.zerodep.shaded.org.apache.hc.client5.http.wire - http-outgoing-2 << "18ed[\r][\n]"
03:32:58.601 [main] DEBUG com.github.dockerjava.zerodep.shaded.org.apache.hc.client5.http.wire - http-outgoing-2 << "{"Id":"9691e31891711283f4d98263d11bc6156717d3e75a0b86a23f3b128a992c1f38","Created":"2022-06-23T02:32:47.03956921Z","Path":"docker-entrypoint.sh","Args":["mysqld"],"State":{"Status":"running","Running":true,"Paused":false,"Restarting":false,"OOMKilled":false,"Dead":false,"Pid":66188,"ExitCode":0,"Error":"","StartedAt":"2022-06-23T02:32:47.703880551Z","FinishedAt":"0001-01-01T00:00:00Z"},"Image":"sha256:65b636d5542b73254ce90cc4b895597dc1adc2c661ca553c38eda159979dded1","ResolvConfPath":"/var/lib/docker/containers/9691e31891711283f4d98263d11bc6156717d3e75a0b86a23f3b128a992c1f38/resolv.conf","HostnamePath":"/var/lib/docker/containers/9691e31891711283f4d98263d11bc6156717d3e75a0b86a23f3b128a992c1f38/hostname","HostsPath":"/var/lib/docker/containers/9691e31891711283f4d98263d11bc6156717d3e75a0b86a23f3b128a992c1f38/hosts","LogPath":"/var/lib/docker/containers/9691e31891711283f4d98263d11bc6156717d3e75a0b86a23f3b128a992c1f38/9691e31891711283f4d98263d11bc6156717d3e75a0b86a23f3b128a992c1f38-json.log","Name":"/xenodochial_satoshi","RestartCount":0,"Driver":"overlay2","Platform":"linux","MountLabel":"","ProcessLabel":"","AppArmorProfile":"docker-default","ExecIDs":null,"HostConfig":{"Binds":[],"ContainerIDFile":"","LogConfig":{"Type":"json-file","Config":{}},"NetworkMode":"default","PortBindings":{"3306/tcp":[{"HostIp":"","HostPort":""}]},"RestartPolicy":{"Name":"","MaximumRetryCount":0},"AutoRemove":false,"VolumeDriver":"","VolumesFrom":[],"CapAdd":null,"CapDrop":null,"CgroupnsMode":"host","Dns":null,"DnsOptions":null,"DnsSearch":null,"ExtraHosts":[],"GroupAdd":null,"IpcMode":"shareable","Cgroup":"","Links":null,"OomScoreAdj":0,"PidMode":"","Privileged":false,"PublishAllPorts":false,"ReadonlyRootfs":false,"SecurityOpt":null,"UTSMode":"","UsernsMode":"","ShmSize":67108864,"Runtime":"runc","ConsoleSize":[0,0],"Isolation":"","CpuShares":0,"Memory":0,"NanoCpus":0,"CgroupParent":"","BlkioWeight":0,"BlkioWeightDevice":null,"BlkioDeviceReadBps":null,"BlkioDeviceWriteBps":null,"BlkioDeviceReadIOps":null,"BlkioDeviceWriteIOps":null,"CpuPeriod":0,"CpuQuota":0,"CpuRealtimePeriod":0,"CpuRealtimeRuntime":0,"CpusetCpus":"","CpusetMems":"","Devices":null,"DeviceCgroupRules":null,"DeviceRequests":null,"KernelMemory":0,"KernelMemoryTCP":0,"MemoryReservation":0,"MemorySwap":0,"MemorySwappiness":null,"OomKillDisable":false,"PidsLimit":null,"Ulimits":null,"CpuCount":0,"CpuPercent":0,"IOMaximumIOps":0,"IOMaximumBandwidth":0,"MaskedPaths":["/proc/asound","/proc/acpi","/proc/kcore","/proc/keys","/proc/latency_stats","/proc/timer_list","/proc/timer_stats","/proc/sched_debug","/proc/scsi","/sys/firmware"],"ReadonlyPaths":["/proc/bus","/proc/fs","/proc/irq","/proc/sys","/proc/sysrq-trigger"]},"GraphDriver":{"Data":{"LowerDir":"/var/lib/docker/overlay2/5529564f52cf969e31e7a1482c27be7ffed19639b506ae2e15b7e7115f699a73-init/diff:/var/lib/docker/overlay2/833a665819b5d9728d3efa7c33135034345a24f83af53b1a1af33d9b64f5492a/diff:/var/lib/docker/overlay2/bd4a2a46c227c2f15475b08c398f37acaab93f4fdba31de015d730efae0a0cfc/diff:/var/lib/docker/overlay2/31ad437d7cba8e64428a2b62db1bbb2a2ec19ca4e439ec493ef4deb50dce2783/diff:/var/lib/docker/overlay2/35173cbd8ec5b88a8888e9abbe75f8694f5d3f96a9b781bb70dc1f0889685741/diff:/var/lib/docker/overlay2/24bf69ac4e8c81062fee44e7c9f746fffbb139c3f7f4b55b4fd1b23bb101b529/diff:/var/lib/docker/overlay2/2f27c96a7775dad186b6f0da325d5a251c80aa1b7f80cf8520f493c5154aee70/diff:/var/lib/docker/overlay2/463a60088c72ddbea82639ded15801e35a79c443f6a26bf1baf320c683cb06af/diff:/var/lib/docker/overlay2/80b8224b23a2ee4b5be635c58ae579fd1913aa95558cd66ab2f5e8430f00a5b8/diff:/var/lib/docker/overlay2/20451fa0b1a07b85d665bc3a0359d721ce4e4c28fa3bce7456ab25e0babae708/diff:/var/lib/docker/overlay2/f80d865cbc6c1c6f57d0963fa6234e7a6409e079eb17f4f13ca41d02731701ad/diff:/var/lib/docker/overlay2/5a3029e0b57c6ec9b985871ff6adf08356aaa0f2a15f1e34c1a7f116ecc4a61d/diff:/var/lib/docker/overlay2/4f3423103248d0b381a1bc6a7287e2b42313ff458cea602a02b7379014b03e0e/diff","MergedDir":"/var/lib/docker/overlay2/5529564f52cf969e31e7a1482c27be7ffed19639b506ae2e15b7e7115f699a73/merged","UpperDir":"/var/lib/docker/overlay2/5529564f52cf969e31e7a1482c27be7ffed19639b506ae2e15b7e7115f699a73/diff","WorkDir":"/var/lib/docker/overlay2/5529564f52cf969e31e7a1482c27be7ffed19639b506ae2e15b7e7115f699a73/work"},"Name":"overlay2"},"Mounts":[{"Type":"volume","Name":"fd1f613c7fe3ca3ae799982507ac3f565cc9f6a2dc99ceaed92389e2c43f47d1","Source":"/var/lib/docker/volumes/fd1f613c7fe3ca3ae799982507ac3f565cc9f6a2dc99ceaed92389e2c43f47d1/_data","Destination":"/var/lib/mysql","Driver":"local","Mode":"","RW":true,"Propagation":""}],"Config":{"Hostname":"9691e3189171","Domainname":"","User":"","AttachStdin":false,"AttachStdout":false,"AttachStderr":false,"ExposedPorts":{"3306/tcp":{},"33060/tcp":{}},"Tty":false,"OpenStdin":false,"StdinOnce":false,"Env":["MYSQL_DATABASE=test","MYSQL_PASSWORD=admin","MYSQL_USER=admin","MYSQL_ROOT_PASSWORD=admin","PATH=/usr/local/sbin:/usr/local/bin:/usr/sbin:/usr/bin:/sbin:/bin","GOSU_VERSION=1.14","MYSQL_MAJOR=8.0","MYSQL_VERSION=8.0.29-1debian10"],"Cmd":["mysqld"],"Image":"mysql:8.0","Volumes":{"/var/lib/mysql":{}},"WorkingDir":"","Entrypoint":["docker-entrypoint.sh"],"OnBuild":null,"Labels":{"org.testcontainers":"true","org.testcontainers.sessionId":"d48265e4-2b28-4f8c-aa67-76dd8289af84"}},"NetworkSettings":{"Bridge":"","SandboxID":"d9de8570fe3f0a4e9f3a1ff7101c963bbd2c6a0a9d8a867b96f17f4d5edca537","HairpinMode":false,"LinkLocalIPv6Address":"","LinkLocalIPv6PrefixLen":0,"Ports":{"3306/tcp":[{"HostIp":"0.0.0.0","HostPort":"49160"},{"HostIp":"::","HostPort":"49160"}],"33060/tcp":null},"SandboxKey":"/var/run/docker/netns/d9de8570fe3f","SecondaryIPAddresses":null,"SecondaryIPv6Addresses":null,"EndpointID":"93e8fe159f683a98670e8995677c2b130dbce857fc116679206e206bda319cbf","Gateway":"172.17.0.1","GlobalIPv6Address":"","GlobalIPv6PrefixLen":0,"IPAddress":"172.17.0.3","IPPrefixLen":16,"IPv6Gateway":"","MacAddress":"02:42:ac:11:00:03","Networks":{"bridge":{"IPAMConfig":null,"Links":null,"Aliases":null,"NetworkID":"1853cd2b9856825cc97ed9ef2b12efa82d95bf9cf60ad666c276eb35cc53539e","EndpointID":"93e8fe159f683a98670e8995677c2b130dbce857fc116679206e206bda319cbf","Gateway":"172.17.0.1","IPAddress":"172.17.0.3","IPPrefixLen":16,"IPv6Gateway":"","GlobalIPv6Address":"","GlobalIPv6PrefixLen":0,"MacAddress":"02:42:ac:11:00:03","DriverOpts":null}}}}[\n]"
03:32:58.601 [main] DEBUG com.github.dockerjava.zerodep.shaded.org.apache.hc.client5.http.wire - http-outgoing-2 << "[\r][\n]"
03:32:58.601 [main] DEBUG com.github.dockerjava.zerodep.shaded.org.apache.hc.client5.http.wire - http-outgoing-2 << "0[\r][\n]"
03:32:58.601 [main] DEBUG com.github.dockerjava.zerodep.shaded.org.apache.hc.client5.http.wire - http-outgoing-2 << "[\r][\n]"
03:32:58.601 [main] DEBUG com.github.dockerjava.zerodep.shaded.org.apache.hc.client5.http.headers - http-outgoing-2 << HTTP/1.1 200 OK
03:32:58.601 [main] DEBUG com.github.dockerjava.zerodep.shaded.org.apache.hc.client5.http.headers - http-outgoing-2 << Api-Version: 1.41
03:32:58.601 [main] DEBUG com.github.dockerjava.zerodep.shaded.org.apache.hc.client5.http.headers - http-outgoing-2 << Content-Type: application/json
03:32:58.601 [main] DEBUG com.github.dockerjava.zerodep.shaded.org.apache.hc.client5.http.headers - http-outgoing-2 << Docker-Experimental: false
03:32:58.601 [main] DEBUG com.github.dockerjava.zerodep.shaded.org.apache.hc.client5.http.headers - http-outgoing-2 << Ostype: linux
03:32:58.601 [main] DEBUG com.github.dockerjava.zerodep.shaded.org.apache.hc.client5.http.headers - http-outgoing-2 << Server: Docker/20.10.12 (linux)
03:32:58.601 [main] DEBUG com.github.dockerjava.zerodep.shaded.org.apache.hc.client5.http.headers - http-outgoing-2 << Date: Thu, 23 Jun 2022 02:32:58 GMT
03:32:58.601 [main] DEBUG com.github.dockerjava.zerodep.shaded.org.apache.hc.client5.http.headers - http-outgoing-2 << Transfer-Encoding: chunked
03:32:58.602 [main] DEBUG com.github.dockerjava.zerodep.shaded.org.apache.hc.client5.http.impl.classic.MainClientExec - ex-00000070: connection can be kept alive for 3 MINUTES
03:32:58.602 [main] DEBUG com.github.dockerjava.zerodep.shaded.org.apache.hc.client5.http.impl.classic.InternalHttpClient - ep-0000006F: releasing valid endpoint
03:32:58.602 [main] DEBUG com.github.dockerjava.zerodep.shaded.org.apache.hc.client5.http.impl.io.PoolingHttpClientConnectionManager - ep-0000006F: releasing endpoint
03:32:58.603 [main] DEBUG com.github.dockerjava.zerodep.shaded.org.apache.hc.client5.http.impl.io.PoolingHttpClientConnectionManager - ep-0000006F: connection http-outgoing-2 can be kept alive for 3 MINUTES
03:32:58.603 [main] DEBUG com.github.dockerjava.zerodep.shaded.org.apache.hc.client5.http.impl.io.PoolingHttpClientConnectionManager - ep-0000006F: connection released [route: {}->unix://localhost:2375][total available: 1; route allocated: 1 of 2147483647; total allocated: 1 of 2147483647]
03:32:58.603 [main] DEBUG 🐳 [mysql:8.0] - Trying to create JDBC connection using com.mysql.cj.jdbc.Driver to jdbc:mysql://localhost:49160/test?useSSL=false&allowPublicKeyRetrieval=true with properties: {password=admin, user=admin}
03:32:58.704 [main] DEBUG org.testcontainers.shaded.com.github.dockerjava.core.command.AbstrDockerCmd - Cmd: 9691e31891711283f4d98263d11bc6156717d3e75a0b86a23f3b128a992c1f38,false
03:32:58.705 [main] DEBUG org.testcontainers.shaded.com.github.dockerjava.core.exec.InspectContainerCmdExec - GET: DefaultWebTarget{path=[/containers/9691e31891711283f4d98263d11bc6156717d3e75a0b86a23f3b128a992c1f38/json], queryParams={}}
03:32:58.705 [main] DEBUG com.github.dockerjava.zerodep.shaded.org.apache.hc.client5.http.impl.classic.InternalHttpClient - ex-00000071: preparing request execution
03:32:58.705 [main] DEBUG com.github.dockerjava.zerodep.shaded.org.apache.hc.client5.http.protocol.RequestAddCookies - Cookie spec selected: strict
03:32:58.705 [main] DEBUG com.github.dockerjava.zerodep.shaded.org.apache.hc.client5.http.protocol.RequestAuthCache - Auth cache not set in the context
03:32:58.705 [main] DEBUG com.github.dockerjava.zerodep.shaded.org.apache.hc.client5.http.impl.classic.ProtocolExec - ex-00000071: target auth state: UNCHALLENGED
03:32:58.705 [main] DEBUG com.github.dockerjava.zerodep.shaded.org.apache.hc.client5.http.impl.classic.ProtocolExec - ex-00000071: proxy auth state: UNCHALLENGED
03:32:58.705 [main] DEBUG com.github.dockerjava.zerodep.shaded.org.apache.hc.client5.http.impl.classic.ConnectExec - ex-00000071: acquiring connection with route {}->unix://localhost:2375
03:32:58.705 [main] DEBUG com.github.dockerjava.zerodep.shaded.org.apache.hc.client5.http.impl.classic.InternalHttpClient - ex-00000071: acquiring endpoint (3 MINUTES)
03:32:58.705 [main] DEBUG com.github.dockerjava.zerodep.shaded.org.apache.hc.client5.http.impl.io.PoolingHttpClientConnectionManager - ex-00000071: endpoint lease request (3 MINUTES) [route: {}->unix://localhost:2375][total available: 1; route allocated: 1 of 2147483647; total allocated: 1 of 2147483647]
03:32:58.706 [main] DEBUG com.github.dockerjava.zerodep.shaded.org.apache.hc.client5.http.impl.io.PoolingHttpClientConnectionManager - ex-00000071: endpoint leased [route: {}->unix://localhost:2375][total available: 0; route allocated: 1 of 2147483647; total allocated: 1 of 2147483647]
03:32:58.706 [main] DEBUG com.github.dockerjava.zerodep.shaded.org.apache.hc.client5.http.impl.io.PoolingHttpClientConnectionManager - ex-00000071: acquired ep-00000070
03:32:58.706 [main] DEBUG com.github.dockerjava.zerodep.shaded.org.apache.hc.client5.http.impl.classic.InternalHttpClient - ex-00000071: acquired endpoint ep-00000070
03:32:58.706 [main] DEBUG com.github.dockerjava.zerodep.shaded.org.apache.hc.client5.http.impl.classic.MainClientExec - ex-00000071: executing GET /v1.32/containers/9691e31891711283f4d98263d11bc6156717d3e75a0b86a23f3b128a992c1f38/json HTTP/1.1
03:32:58.706 [main] DEBUG com.github.dockerjava.zerodep.shaded.org.apache.hc.client5.http.impl.classic.InternalHttpClient - ep-00000070: start execution ex-00000071
03:32:58.706 [main] DEBUG com.github.dockerjava.zerodep.shaded.org.apache.hc.client5.http.impl.io.PoolingHttpClientConnectionManager - ep-00000070: executing exchange ex-00000071 over http-outgoing-2
03:32:58.706 [main] DEBUG com.github.dockerjava.zerodep.shaded.org.apache.hc.client5.http.headers - http-outgoing-2 >> GET /v1.32/containers/9691e31891711283f4d98263d11bc6156717d3e75a0b86a23f3b128a992c1f38/json HTTP/1.1
03:32:58.706 [main] DEBUG com.github.dockerjava.zerodep.shaded.org.apache.hc.client5.http.headers - http-outgoing-2 >> accept: application/json
03:32:58.706 [main] DEBUG com.github.dockerjava.zerodep.shaded.org.apache.hc.client5.http.headers - http-outgoing-2 >> Accept-Encoding: gzip, x-gzip, deflate
03:32:58.706 [main] DEBUG com.github.dockerjava.zerodep.shaded.org.apache.hc.client5.http.headers - http-outgoing-2 >> Host: localhost:2375
03:32:58.706 [main] DEBUG com.github.dockerjava.zerodep.shaded.org.apache.hc.client5.http.headers - http-outgoing-2 >> Connection: keep-alive
03:32:58.706 [main] DEBUG com.github.dockerjava.zerodep.shaded.org.apache.hc.client5.http.headers - http-outgoing-2 >> User-Agent: Apache-HttpClient/5.0.3 (Java/11.0.15)
03:32:58.706 [main] DEBUG com.github.dockerjava.zerodep.shaded.org.apache.hc.client5.http.wire - http-outgoing-2 >> "GET /v1.32/containers/9691e31891711283f4d98263d11bc6156717d3e75a0b86a23f3b128a992c1f38/json HTTP/1.1[\r][\n]"
03:32:58.706 [main] DEBUG com.github.dockerjava.zerodep.shaded.org.apache.hc.client5.http.wire - http-outgoing-2 >> "accept: application/json[\r][\n]"
03:32:58.706 [main] DEBUG com.github.dockerjava.zerodep.shaded.org.apache.hc.client5.http.wire - http-outgoing-2 >> "Accept-Encoding: gzip, x-gzip, deflate[\r][\n]"
03:32:58.706 [main] DEBUG com.github.dockerjava.zerodep.shaded.org.apache.hc.client5.http.wire - http-outgoing-2 >> "Host: localhost:2375[\r][\n]"
03:32:58.706 [main] DEBUG com.github.dockerjava.zerodep.shaded.org.apache.hc.client5.http.wire - http-outgoing-2 >> "Connection: keep-alive[\r][\n]"
03:32:58.706 [main] DEBUG com.github.dockerjava.zerodep.shaded.org.apache.hc.client5.http.wire - http-outgoing-2 >> "User-Agent: Apache-HttpClient/5.0.3 (Java/11.0.15)[\r][\n]"
03:32:58.706 [main] DEBUG com.github.dockerjava.zerodep.shaded.org.apache.hc.client5.http.wire - http-outgoing-2 >> "[\r][\n]"
03:32:58.707 [main] DEBUG com.github.dockerjava.zerodep.shaded.org.apache.hc.client5.http.wire - http-outgoing-2 << "HTTP/1.1 200 OK[\r][\n]"
03:32:58.707 [main] DEBUG com.github.dockerjava.zerodep.shaded.org.apache.hc.client5.http.wire - http-outgoing-2 << "Api-Version: 1.41[\r][\n]"
03:32:58.707 [main] DEBUG com.github.dockerjava.zerodep.shaded.org.apache.hc.client5.http.wire - http-outgoing-2 << "Content-Type: application/json[\r][\n]"
03:32:58.707 [main] DEBUG com.github.dockerjava.zerodep.shaded.org.apache.hc.client5.http.wire - http-outgoing-2 << "Docker-Experimental: false[\r][\n]"
03:32:58.707 [main] DEBUG com.github.dockerjava.zerodep.shaded.org.apache.hc.client5.http.wire - http-outgoing-2 << "Ostype: linux[\r][\n]"
03:32:58.707 [main] DEBUG com.github.dockerjava.zerodep.shaded.org.apache.hc.client5.http.wire - http-outgoing-2 << "Server: Docker/20.10.12 (linux)[\r][\n]"
03:32:58.707 [main] DEBUG com.github.dockerjava.zerodep.shaded.org.apache.hc.client5.http.wire - http-outgoing-2 << "Date: Thu, 23 Jun 2022 02:32:58 GMT[\r][\n]"
03:32:58.707 [main] DEBUG com.github.dockerjava.zerodep.shaded.org.apache.hc.client5.http.wire - http-outgoing-2 << "Transfer-Encoding: chunked[\r][\n]"
03:32:58.707 [main] DEBUG com.github.dockerjava.zerodep.shaded.org.apache.hc.client5.http.wire - http-outgoing-2 << "[\r][\n]"
03:32:58.707 [main] DEBUG com.github.dockerjava.zerodep.shaded.org.apache.hc.client5.http.wire - http-outgoing-2 << "18ed[\r][\n]"
03:32:58.707 [main] DEBUG com.github.dockerjava.zerodep.shaded.org.apache.hc.client5.http.wire - http-outgoing-2 << "{"Id":"9691e31891711283f4d98263d11bc6156717d3e75a0b86a23f3b128a992c1f38","Created":"2022-06-23T02:32:47.03956921Z","Path":"docker-entrypoint.sh","Args":["mysqld"],"State":{"Status":"running","Running":true,"Paused":false,"Restarting":false,"OOMKilled":false,"Dead":false,"Pid":66188,"ExitCode":0,"Error":"","StartedAt":"2022-06-23T02:32:47.703880551Z","FinishedAt":"0001-01-01T00:00:00Z"},"Image":"sha256:65b636d5542b73254ce90cc4b895597dc1adc2c661ca553c38eda159979dded1","ResolvConfPath":"/var/lib/docker/containers/9691e31891711283f4d98263d11bc6156717d3e75a0b86a23f3b128a992c1f38/resolv.conf","HostnamePath":"/var/lib/docker/containers/9691e31891711283f4d98263d11bc6156717d3e75a0b86a23f3b128a992c1f38/hostname","HostsPath":"/var/lib/docker/containers/9691e31891711283f4d98263d11bc6156717d3e75a0b86a23f3b128a992c1f38/hosts","LogPath":"/var/lib/docker/containers/9691e31891711283f4d98263d11bc6156717d3e75a0b86a23f3b128a992c1f38/9691e31891711283f4d98263d11bc6156717d3e75a0b86a23f3b128a992c1f38-json.log","Name":"/xenodochial_satoshi","RestartCount":0,"Driver":"overlay2","Platform":"linux","MountLabel":"","ProcessLabel":"","AppArmorProfile":"docker-default","ExecIDs":null,"HostConfig":{"Binds":[],"ContainerIDFile":"","LogConfig":{"Type":"json-file","Config":{}},"NetworkMode":"default","PortBindings":{"3306/tcp":[{"HostIp":"","HostPort":""}]},"RestartPolicy":{"Name":"","MaximumRetryCount":0},"AutoRemove":false,"VolumeDriver":"","VolumesFrom":[],"CapAdd":null,"CapDrop":null,"CgroupnsMode":"host","Dns":null,"DnsOptions":null,"DnsSearch":null,"ExtraHosts":[],"GroupAdd":null,"IpcMode":"shareable","Cgroup":"","Links":null,"OomScoreAdj":0,"PidMode":"","Privileged":false,"PublishAllPorts":false,"ReadonlyRootfs":false,"SecurityOpt":null,"UTSMode":"","UsernsMode":"","ShmSize":67108864,"Runtime":"runc","ConsoleSize":[0,0],"Isolation":"","CpuShares":0,"Memory":0,"NanoCpus":0,"CgroupParent":"","BlkioWeight":0,"BlkioWeightDevice":null,"BlkioDeviceReadBps":null,"BlkioDeviceWriteBps":null,"BlkioDeviceReadIOps":null,"BlkioDeviceWriteIOps":null,"CpuPeriod":0,"CpuQuota":0,"CpuRealtimePeriod":0,"CpuRealtimeRuntime":0,"CpusetCpus":"","CpusetMems":"","Devices":null,"DeviceCgroupRules":null,"DeviceRequests":null,"KernelMemory":0,"KernelMemoryTCP":0,"MemoryReservation":0,"MemorySwap":0,"MemorySwappiness":null,"OomKillDisable":false,"PidsLimit":null,"Ulimits":null,"CpuCount":0,"CpuPercent":0,"IOMaximumIOps":0,"IOMaximumBandwidth":0,"MaskedPaths":["/proc/asound","/proc/acpi","/proc/kcore","/proc/keys","/proc/latency_stats","/proc/timer_list","/proc/timer_stats","/proc/sched_debug","/proc/scsi","/sys/firmware"],"ReadonlyPaths":["/proc/bus","/proc/fs","/proc/irq","/proc/sys","/proc/sysrq-trigger"]},"GraphDriver":{"Data":{"LowerDir":"/var/lib/docker/overlay2/5529564f52cf969e31e7a1482c27be7ffed19639b506ae2e15b7e7115f699a73-init/diff:/var/lib/docker/overlay2/833a665819b5d9728d3efa7c33135034345a24f83af53b1a1af33d9b64f5492a/diff:/var/lib/docker/overlay2/bd4a2a46c227c2f15475b08c398f37acaab93f4fdba31de015d730efae0a0cfc/diff:/var/lib/docker/overlay2/31ad437d7cba8e64428a2b62db1bbb2a2ec19ca4e439ec493ef4deb50dce2783/diff:/var/lib/docker/overlay2/35173cbd8ec5b88a8888e9abbe75f8694f5d3f96a9b781bb70dc1f0889685741/diff:/var/lib/docker/overlay2/24bf69ac4e8c81062fee44e7c9f746fffbb139c3f7f4b55b4fd1b23bb101b529/diff:/var/lib/docker/overlay2/2f27c96a7775dad186b6f0da325d5a251c80aa1b7f80cf8520f493c5154aee70/diff:/var/lib/docker/overlay2/463a60088c72ddbea82639ded15801e35a79c443f6a26bf1baf320c683cb06af/diff:/var/lib/docker/overlay2/80b8224b23a2ee4b5be635c58ae579fd1913aa95558cd66ab2f5e8430f00a5b8/diff:/var/lib/docker/overlay2/20451fa0b1a07b85d665bc3a0359d721ce4e4c28fa3bce7456ab25e0babae708/diff:/var/lib/docker/overlay2/f80d865cbc6c1c6f57d0963fa6234e7a6409e079eb17f4f13ca41d02731701ad/diff:/var/lib/docker/overlay2/5a3029e0b57c6ec9b985871ff6adf08356aaa0f2a15f1e34c1a7f116ecc4a61d/diff:/var/lib/docker/overlay2/4f3423103248d0b381a1bc6a7287e2b42313ff458cea602a02b7379014b03e0e/diff","MergedDir":"/var/lib/docker/overlay2/5529564f52cf969e31e7a1482c27be7ffed19639b506ae2e15b7e7115f699a73/merged","UpperDir":"/var/lib/docker/overlay2/5529564f52cf969e31e7a1482c27be7ffed19639b506ae2e15b7e7115f699a73/diff","WorkDir":"/var/lib/docker/overlay2/5529564f52cf969e31e7a1482c27be7ffed19639b506ae2e15b7e7115f699a73/work"},"Name":"overlay2"},"Mounts":[{"Type":"volume","Name":"fd1f613c7fe3ca3ae799982507ac3f565cc9f6a2dc99ceaed92389e2c43f47d1","Source":"/var/lib/docker/volumes/fd1f613c7fe3ca3ae799982507ac3f565cc9f6a2dc99ceaed92389e2c43f47d1/_data","Destination":"/var/lib/mysql","Driver":"local","Mode":"","RW":true,"Propagation":""}],"Config":{"Hostname":"9691e3189171","Domainname":"","User":"","AttachStdin":false,"AttachStdout":false,"AttachStderr":false,"ExposedPorts":{"3306/tcp":{},"33060/tcp":{}},"Tty":false,"OpenStdin":false,"StdinOnce":false,"Env":["MYSQL_DATABASE=test","MYSQL_PASSWORD=admin","MYSQL_USER=admin","MYSQL_ROOT_PASSWORD=admin","PATH=/usr/local/sbin:/usr/local/bin:/usr/sbin:/usr/bin:/sbin:/bin","GOSU_VERSION=1.14","MYSQL_MAJOR=8.0","MYSQL_VERSION=8.0.29-1debian10"],"Cmd":["mysqld"],"Image":"mysql:8.0","Volumes":{"/var/lib/mysql":{}},"WorkingDir":"","Entrypoint":["docker-entrypoint.sh"],"OnBuild":null,"Labels":{"org.testcontainers":"true","org.testcontainers.sessionId":"d48265e4-2b28-4f8c-aa67-76dd8289af84"}},"NetworkSettings":{"Bridge":"","SandboxID":"d9de8570fe3f0a4e9f3a1ff7101c963bbd2c6a0a9d8a867b96f17f4d5edca537","HairpinMode":false,"LinkLocalIPv6Address":"","LinkLocalIPv6PrefixLen":0,"Ports":{"3306/tcp":[{"HostIp":"0.0.0.0","HostPort":"49160"},{"HostIp":"::","HostPort":"49160"}],"33060/tcp":null},"SandboxKey":"/var/run/docker/netns/d9de8570fe3f","SecondaryIPAddresses":null,"SecondaryIPv6Addresses":null,"EndpointID":"93e8fe159f683a98670e8995677c2b130dbce857fc116679206e206bda319cbf","Gateway":"172.17.0.1","GlobalIPv6Address":"","GlobalIPv6PrefixLen":0,"IPAddress":"172.17.0.3","IPPrefixLen":16,"IPv6Gateway":"","MacAddress":"02:42:ac:11:00:03","Networks":{"bridge":{"IPAMConfig":null,"Links":null,"Aliases":null,"NetworkID":"1853cd2b9856825cc97ed9ef2b12efa82d95bf9cf60ad666c276eb35cc53539e","EndpointID":"93e8fe159f683a98670e8995677c2b130dbce857fc116679206e206bda319cbf","Gateway":"172.17.0.1","IPAddress":"172.17.0.3","IPPrefixLen":16,"IPv6Gateway":"","GlobalIPv6Address":"","GlobalIPv6PrefixLen":0,"MacAddress":"02:42:ac:11:00:03","DriverOpts":null}}}}[\n]"
03:32:58.707 [main] DEBUG com.github.dockerjava.zerodep.shaded.org.apache.hc.client5.http.wire - http-outgoing-2 << "[\r][\n]"
03:32:58.707 [main] DEBUG com.github.dockerjava.zerodep.shaded.org.apache.hc.client5.http.wire - http-outgoing-2 << "0[\r][\n]"
03:32:58.707 [main] DEBUG com.github.dockerjava.zerodep.shaded.org.apache.hc.client5.http.wire - http-outgoing-2 << "[\r][\n]"
03:32:58.708 [main] DEBUG com.github.dockerjava.zerodep.shaded.org.apache.hc.client5.http.headers - http-outgoing-2 << HTTP/1.1 200 OK
03:32:58.708 [main] DEBUG com.github.dockerjava.zerodep.shaded.org.apache.hc.client5.http.headers - http-outgoing-2 << Api-Version: 1.41
03:32:58.708 [main] DEBUG com.github.dockerjava.zerodep.shaded.org.apache.hc.client5.http.headers - http-outgoing-2 << Content-Type: application/json
03:32:58.708 [main] DEBUG com.github.dockerjava.zerodep.shaded.org.apache.hc.client5.http.headers - http-outgoing-2 << Docker-Experimental: false
03:32:58.708 [main] DEBUG com.github.dockerjava.zerodep.shaded.org.apache.hc.client5.http.headers - http-outgoing-2 << Ostype: linux
03:32:58.708 [main] DEBUG com.github.dockerjava.zerodep.shaded.org.apache.hc.client5.http.headers - http-outgoing-2 << Server: Docker/20.10.12 (linux)
03:32:58.708 [main] DEBUG com.github.dockerjava.zerodep.shaded.org.apache.hc.client5.http.headers - http-outgoing-2 << Date: Thu, 23 Jun 2022 02:32:58 GMT
03:32:58.708 [main] DEBUG com.github.dockerjava.zerodep.shaded.org.apache.hc.client5.http.headers - http-outgoing-2 << Transfer-Encoding: chunked
03:32:58.708 [main] DEBUG com.github.dockerjava.zerodep.shaded.org.apache.hc.client5.http.impl.classic.MainClientExec - ex-00000071: connection can be kept alive for 3 MINUTES
03:32:58.709 [main] DEBUG com.github.dockerjava.zerodep.shaded.org.apache.hc.client5.http.impl.classic.InternalHttpClient - ep-00000070: releasing valid endpoint
03:32:58.709 [main] DEBUG com.github.dockerjava.zerodep.shaded.org.apache.hc.client5.http.impl.io.PoolingHttpClientConnectionManager - ep-00000070: releasing endpoint
03:32:58.709 [main] DEBUG com.github.dockerjava.zerodep.shaded.org.apache.hc.client5.http.impl.io.PoolingHttpClientConnectionManager - ep-00000070: connection http-outgoing-2 can be kept alive for 3 MINUTES
03:32:58.709 [main] DEBUG com.github.dockerjava.zerodep.shaded.org.apache.hc.client5.http.impl.io.PoolingHttpClientConnectionManager - ep-00000070: connection released [route: {}->unix://localhost:2375][total available: 1; route allocated: 1 of 2147483647; total allocated: 1 of 2147483647]
03:32:58.709 [main] DEBUG 🐳 [mysql:8.0] - Trying to create JDBC connection using com.mysql.cj.jdbc.Driver to jdbc:mysql://localhost:49160/test?useSSL=false&allowPublicKeyRetrieval=true with properties: {password=admin, user=admin}
03:32:58.812 [main] DEBUG org.testcontainers.shaded.com.github.dockerjava.core.command.AbstrDockerCmd - Cmd: 9691e31891711283f4d98263d11bc6156717d3e75a0b86a23f3b128a992c1f38,false
03:32:58.813 [main] DEBUG org.testcontainers.shaded.com.github.dockerjava.core.exec.InspectContainerCmdExec - GET: DefaultWebTarget{path=[/containers/9691e31891711283f4d98263d11bc6156717d3e75a0b86a23f3b128a992c1f38/json], queryParams={}}
03:32:58.813 [main] DEBUG com.github.dockerjava.zerodep.shaded.org.apache.hc.client5.http.impl.classic.InternalHttpClient - ex-00000072: preparing request execution
03:32:58.813 [main] DEBUG com.github.dockerjava.zerodep.shaded.org.apache.hc.client5.http.protocol.RequestAddCookies - Cookie spec selected: strict
03:32:58.813 [main] DEBUG com.github.dockerjava.zerodep.shaded.org.apache.hc.client5.http.protocol.RequestAuthCache - Auth cache not set in the context
03:32:58.813 [main] DEBUG com.github.dockerjava.zerodep.shaded.org.apache.hc.client5.http.impl.classic.ProtocolExec - ex-00000072: target auth state: UNCHALLENGED
03:32:58.813 [main] DEBUG com.github.dockerjava.zerodep.shaded.org.apache.hc.client5.http.impl.classic.ProtocolExec - ex-00000072: proxy auth state: UNCHALLENGED
03:32:58.813 [main] DEBUG com.github.dockerjava.zerodep.shaded.org.apache.hc.client5.http.impl.classic.ConnectExec - ex-00000072: acquiring connection with route {}->unix://localhost:2375
03:32:58.813 [main] DEBUG com.github.dockerjava.zerodep.shaded.org.apache.hc.client5.http.impl.classic.InternalHttpClient - ex-00000072: acquiring endpoint (3 MINUTES)
03:32:58.813 [main] DEBUG com.github.dockerjava.zerodep.shaded.org.apache.hc.client5.http.impl.io.PoolingHttpClientConnectionManager - ex-00000072: endpoint lease request (3 MINUTES) [route: {}->unix://localhost:2375][total available: 1; route allocated: 1 of 2147483647; total allocated: 1 of 2147483647]
03:32:58.813 [main] DEBUG com.github.dockerjava.zerodep.shaded.org.apache.hc.client5.http.impl.io.PoolingHttpClientConnectionManager - ex-00000072: endpoint leased [route: {}->unix://localhost:2375][total available: 0; route allocated: 1 of 2147483647; total allocated: 1 of 2147483647]
03:32:58.813 [main] DEBUG com.github.dockerjava.zerodep.shaded.org.apache.hc.client5.http.impl.io.PoolingHttpClientConnectionManager - ex-00000072: acquired ep-00000071
03:32:58.813 [main] DEBUG com.github.dockerjava.zerodep.shaded.org.apache.hc.client5.http.impl.classic.InternalHttpClient - ex-00000072: acquired endpoint ep-00000071
03:32:58.813 [main] DEBUG com.github.dockerjava.zerodep.shaded.org.apache.hc.client5.http.impl.classic.MainClientExec - ex-00000072: executing GET /v1.32/containers/9691e31891711283f4d98263d11bc6156717d3e75a0b86a23f3b128a992c1f38/json HTTP/1.1
03:32:58.813 [main] DEBUG com.github.dockerjava.zerodep.shaded.org.apache.hc.client5.http.impl.classic.InternalHttpClient - ep-00000071: start execution ex-00000072
03:32:58.813 [main] DEBUG com.github.dockerjava.zerodep.shaded.org.apache.hc.client5.http.impl.io.PoolingHttpClientConnectionManager - ep-00000071: executing exchange ex-00000072 over http-outgoing-2
03:32:58.814 [main] DEBUG com.github.dockerjava.zerodep.shaded.org.apache.hc.client5.http.headers - http-outgoing-2 >> GET /v1.32/containers/9691e31891711283f4d98263d11bc6156717d3e75a0b86a23f3b128a992c1f38/json HTTP/1.1
03:32:58.814 [main] DEBUG com.github.dockerjava.zerodep.shaded.org.apache.hc.client5.http.headers - http-outgoing-2 >> accept: application/json
03:32:58.814 [main] DEBUG com.github.dockerjava.zerodep.shaded.org.apache.hc.client5.http.headers - http-outgoing-2 >> Accept-Encoding: gzip, x-gzip, deflate
03:32:58.814 [main] DEBUG com.github.dockerjava.zerodep.shaded.org.apache.hc.client5.http.headers - http-outgoing-2 >> Host: localhost:2375
03:32:58.814 [main] DEBUG com.github.dockerjava.zerodep.shaded.org.apache.hc.client5.http.headers - http-outgoing-2 >> Connection: keep-alive
03:32:58.814 [main] DEBUG com.github.dockerjava.zerodep.shaded.org.apache.hc.client5.http.headers - http-outgoing-2 >> User-Agent: Apache-HttpClient/5.0.3 (Java/11.0.15)
03:32:58.814 [main] DEBUG com.github.dockerjava.zerodep.shaded.org.apache.hc.client5.http.wire - http-outgoing-2 >> "GET /v1.32/containers/9691e31891711283f4d98263d11bc6156717d3e75a0b86a23f3b128a992c1f38/json HTTP/1.1[\r][\n]"
03:32:58.814 [main] DEBUG com.github.dockerjava.zerodep.shaded.org.apache.hc.client5.http.wire - http-outgoing-2 >> "accept: application/json[\r][\n]"
03:32:58.814 [main] DEBUG com.github.dockerjava.zerodep.shaded.org.apache.hc.client5.http.wire - http-outgoing-2 >> "Accept-Encoding: gzip, x-gzip, deflate[\r][\n]"
03:32:58.814 [main] DEBUG com.github.dockerjava.zerodep.shaded.org.apache.hc.client5.http.wire - http-outgoing-2 >> "Host: localhost:2375[\r][\n]"
03:32:58.814 [main] DEBUG com.github.dockerjava.zerodep.shaded.org.apache.hc.client5.http.wire - http-outgoing-2 >> "Connection: keep-alive[\r][\n]"
03:32:58.814 [main] DEBUG com.github.dockerjava.zerodep.shaded.org.apache.hc.client5.http.wire - http-outgoing-2 >> "User-Agent: Apache-HttpClient/5.0.3 (Java/11.0.15)[\r][\n]"
03:32:58.814 [main] DEBUG com.github.dockerjava.zerodep.shaded.org.apache.hc.client5.http.wire - http-outgoing-2 >> "[\r][\n]"
03:32:58.814 [main] DEBUG com.github.dockerjava.zerodep.shaded.org.apache.hc.client5.http.wire - http-outgoing-2 << "HTTP/1.1 200 OK[\r][\n]"
03:32:58.814 [main] DEBUG com.github.dockerjava.zerodep.shaded.org.apache.hc.client5.http.wire - http-outgoing-2 << "Api-Version: 1.41[\r][\n]"
03:32:58.814 [main] DEBUG com.github.dockerjava.zerodep.shaded.org.apache.hc.client5.http.wire - http-outgoing-2 << "Content-Type: application/json[\r][\n]"
03:32:58.814 [main] DEBUG com.github.dockerjava.zerodep.shaded.org.apache.hc.client5.http.wire - http-outgoing-2 << "Docker-Experimental: false[\r][\n]"
03:32:58.814 [main] DEBUG com.github.dockerjava.zerodep.shaded.org.apache.hc.client5.http.wire - http-outgoing-2 << "Ostype: linux[\r][\n]"
03:32:58.814 [main] DEBUG com.github.dockerjava.zerodep.shaded.org.apache.hc.client5.http.wire - http-outgoing-2 << "Server: Docker/20.10.12 (linux)[\r][\n]"
03:32:58.814 [main] DEBUG com.github.dockerjava.zerodep.shaded.org.apache.hc.client5.http.wire - http-outgoing-2 << "Date: Thu, 23 Jun 2022 02:32:58 GMT[\r][\n]"
03:32:58.814 [main] DEBUG com.github.dockerjava.zerodep.shaded.org.apache.hc.client5.http.wire - http-outgoing-2 << "Transfer-Encoding: chunked[\r][\n]"
03:32:58.814 [main] DEBUG com.github.dockerjava.zerodep.shaded.org.apache.hc.client5.http.wire - http-outgoing-2 << "[\r][\n]"
03:32:58.814 [main] DEBUG com.github.dockerjava.zerodep.shaded.org.apache.hc.client5.http.wire - http-outgoing-2 << "18ed[\r][\n]"
03:32:58.814 [main] DEBUG com.github.dockerjava.zerodep.shaded.org.apache.hc.client5.http.wire - http-outgoing-2 << "{"Id":"9691e31891711283f4d98263d11bc6156717d3e75a0b86a23f3b128a992c1f38","Created":"2022-06-23T02:32:47.03956921Z","Path":"docker-entrypoint.sh","Args":["mysqld"],"State":{"Status":"running","Running":true,"Paused":false,"Restarting":false,"OOMKilled":false,"Dead":false,"Pid":66188,"ExitCode":0,"Error":"","StartedAt":"2022-06-23T02:32:47.703880551Z","FinishedAt":"0001-01-01T00:00:00Z"},"Image":"sha256:65b636d5542b73254ce90cc4b895597dc1adc2c661ca553c38eda159979dded1","ResolvConfPath":"/var/lib/docker/containers/9691e31891711283f4d98263d11bc6156717d3e75a0b86a23f3b128a992c1f38/resolv.conf","HostnamePath":"/var/lib/docker/containers/9691e31891711283f4d98263d11bc6156717d3e75a0b86a23f3b128a992c1f38/hostname","HostsPath":"/var/lib/docker/containers/9691e31891711283f4d98263d11bc6156717d3e75a0b86a23f3b128a992c1f38/hosts","LogPath":"/var/lib/docker/containers/9691e31891711283f4d98263d11bc6156717d3e75a0b86a23f3b128a992c1f38/9691e31891711283f4d98263d11bc6156717d3e75a0b86a23f3b128a992c1f38-json.log","Name":"/xenodochial_satoshi","RestartCount":0,"Driver":"overlay2","Platform":"linux","MountLabel":"","ProcessLabel":"","AppArmorProfile":"docker-default","ExecIDs":null,"HostConfig":{"Binds":[],"ContainerIDFile":"","LogConfig":{"Type":"json-file","Config":{}},"NetworkMode":"default","PortBindings":{"3306/tcp":[{"HostIp":"","HostPort":""}]},"RestartPolicy":{"Name":"","MaximumRetryCount":0},"AutoRemove":false,"VolumeDriver":"","VolumesFrom":[],"CapAdd":null,"CapDrop":null,"CgroupnsMode":"host","Dns":null,"DnsOptions":null,"DnsSearch":null,"ExtraHosts":[],"GroupAdd":null,"IpcMode":"shareable","Cgroup":"","Links":null,"OomScoreAdj":0,"PidMode":"","Privileged":false,"PublishAllPorts":false,"ReadonlyRootfs":false,"SecurityOpt":null,"UTSMode":"","UsernsMode":"","ShmSize":67108864,"Runtime":"runc","ConsoleSize":[0,0],"Isolation":"","CpuShares":0,"Memory":0,"NanoCpus":0,"CgroupParent":"","BlkioWeight":0,"BlkioWeightDevice":null,"BlkioDeviceReadBps":null,"BlkioDeviceWriteBps":null,"BlkioDeviceReadIOps":null,"BlkioDeviceWriteIOps":null,"CpuPeriod":0,"CpuQuota":0,"CpuRealtimePeriod":0,"CpuRealtimeRuntime":0,"CpusetCpus":"","CpusetMems":"","Devices":null,"DeviceCgroupRules":null,"DeviceRequests":null,"KernelMemory":0,"KernelMemoryTCP":0,"MemoryReservation":0,"MemorySwap":0,"MemorySwappiness":null,"OomKillDisable":false,"PidsLimit":null,"Ulimits":null,"CpuCount":0,"CpuPercent":0,"IOMaximumIOps":0,"IOMaximumBandwidth":0,"MaskedPaths":["/proc/asound","/proc/acpi","/proc/kcore","/proc/keys","/proc/latency_stats","/proc/timer_list","/proc/timer_stats","/proc/sched_debug","/proc/scsi","/sys/firmware"],"ReadonlyPaths":["/proc/bus","/proc/fs","/proc/irq","/proc/sys","/proc/sysrq-trigger"]},"GraphDriver":{"Data":{"LowerDir":"/var/lib/docker/overlay2/5529564f52cf969e31e7a1482c27be7ffed19639b506ae2e15b7e7115f699a73-init/diff:/var/lib/docker/overlay2/833a665819b5d9728d3efa7c33135034345a24f83af53b1a1af33d9b64f5492a/diff:/var/lib/docker/overlay2/bd4a2a46c227c2f15475b08c398f37acaab93f4fdba31de015d730efae0a0cfc/diff:/var/lib/docker/overlay2/31ad437d7cba8e64428a2b62db1bbb2a2ec19ca4e439ec493ef4deb50dce2783/diff:/var/lib/docker/overlay2/35173cbd8ec5b88a8888e9abbe75f8694f5d3f96a9b781bb70dc1f0889685741/diff:/var/lib/docker/overlay2/24bf69ac4e8c81062fee44e7c9f746fffbb139c3f7f4b55b4fd1b23bb101b529/diff:/var/lib/docker/overlay2/2f27c96a7775dad186b6f0da325d5a251c80aa1b7f80cf8520f493c5154aee70/diff:/var/lib/docker/overlay2/463a60088c72ddbea82639ded15801e35a79c443f6a26bf1baf320c683cb06af/diff:/var/lib/docker/overlay2/80b8224b23a2ee4b5be635c58ae579fd1913aa95558cd66ab2f5e8430f00a5b8/diff:/var/lib/docker/overlay2/20451fa0b1a07b85d665bc3a0359d721ce4e4c28fa3bce7456ab25e0babae708/diff:/var/lib/docker/overlay2/f80d865cbc6c1c6f57d0963fa6234e7a6409e079eb17f4f13ca41d02731701ad/diff:/var/lib/docker/overlay2/5a3029e0b57c6ec9b985871ff6adf08356aaa0f2a15f1e34c1a7f116ecc4a61d/diff:/var/lib/docker/overlay2/4f3423103248d0b381a1bc6a7287e2b42313ff458cea602a02b7379014b03e0e/diff","MergedDir":"/var/lib/docker/overlay2/5529564f52cf969e31e7a1482c27be7ffed19639b506ae2e15b7e7115f699a73/merged","UpperDir":"/var/lib/docker/overlay2/5529564f52cf969e31e7a1482c27be7ffed19639b506ae2e15b7e7115f699a73/diff","WorkDir":"/var/lib/docker/overlay2/5529564f52cf969e31e7a1482c27be7ffed19639b506ae2e15b7e7115f699a73/work"},"Name":"overlay2"},"Mounts":[{"Type":"volume","Name":"fd1f613c7fe3ca3ae799982507ac3f565cc9f6a2dc99ceaed92389e2c43f47d1","Source":"/var/lib/docker/volumes/fd1f613c7fe3ca3ae799982507ac3f565cc9f6a2dc99ceaed92389e2c43f47d1/_data","Destination":"/var/lib/mysql","Driver":"local","Mode":"","RW":true,"Propagation":""}],"Config":{"Hostname":"9691e3189171","Domainname":"","User":"","AttachStdin":false,"AttachStdout":false,"AttachStderr":false,"ExposedPorts":{"3306/tcp":{},"33060/tcp":{}},"Tty":false,"OpenStdin":false,"StdinOnce":false,"Env":["MYSQL_DATABASE=test","MYSQL_PASSWORD=admin","MYSQL_USER=admin","MYSQL_ROOT_PASSWORD=admin","PATH=/usr/local/sbin:/usr/local/bin:/usr/sbin:/usr/bin:/sbin:/bin","GOSU_VERSION=1.14","MYSQL_MAJOR=8.0","MYSQL_VERSION=8.0.29-1debian10"],"Cmd":["mysqld"],"Image":"mysql:8.0","Volumes":{"/var/lib/mysql":{}},"WorkingDir":"","Entrypoint":["docker-entrypoint.sh"],"OnBuild":null,"Labels":{"org.testcontainers":"true","org.testcontainers.sessionId":"d48265e4-2b28-4f8c-aa67-76dd8289af84"}},"NetworkSettings":{"Bridge":"","SandboxID":"d9de8570fe3f0a4e9f3a1ff7101c963bbd2c6a0a9d8a867b96f17f4d5edca537","HairpinMode":false,"LinkLocalIPv6Address":"","LinkLocalIPv6PrefixLen":0,"Ports":{"3306/tcp":[{"HostIp":"0.0.0.0","HostPort":"49160"},{"HostIp":"::","HostPort":"49160"}],"33060/tcp":null},"SandboxKey":"/var/run/docker/netns/d9de8570fe3f","SecondaryIPAddresses":null,"SecondaryIPv6Addresses":null,"EndpointID":"93e8fe159f683a98670e8995677c2b130dbce857fc116679206e206bda319cbf","Gateway":"172.17.0.1","GlobalIPv6Address":"","GlobalIPv6PrefixLen":0,"IPAddress":"172.17.0.3","IPPrefixLen":16,"IPv6Gateway":"","MacAddress":"02:42:ac:11:00:03","Networks":{"bridge":{"IPAMConfig":null,"Links":null,"Aliases":null,"NetworkID":"1853cd2b9856825cc97ed9ef2b12efa82d95bf9cf60ad666c276eb35cc53539e","EndpointID":"93e8fe159f683a98670e8995677c2b130dbce857fc116679206e206bda319cbf","Gateway":"172.17.0.1","IPAddress":"172.17.0.3","IPPrefixLen":16,"IPv6Gateway":"","GlobalIPv6Address":"","GlobalIPv6PrefixLen":0,"MacAddress":"02:42:ac:11:00:03","DriverOpts":null}}}}[\n]"
03:32:58.815 [main] DEBUG com.github.dockerjava.zerodep.shaded.org.apache.hc.client5.http.wire - http-outgoing-2 << "[\r][\n]"
03:32:58.815 [main] DEBUG com.github.dockerjava.zerodep.shaded.org.apache.hc.client5.http.wire - http-outgoing-2 << "0[\r][\n]"
03:32:58.815 [main] DEBUG com.github.dockerjava.zerodep.shaded.org.apache.hc.client5.http.wire - http-outgoing-2 << "[\r][\n]"
03:32:58.815 [main] DEBUG com.github.dockerjava.zerodep.shaded.org.apache.hc.client5.http.headers - http-outgoing-2 << HTTP/1.1 200 OK
03:32:58.815 [main] DEBUG com.github.dockerjava.zerodep.shaded.org.apache.hc.client5.http.headers - http-outgoing-2 << Api-Version: 1.41
03:32:58.815 [main] DEBUG com.github.dockerjava.zerodep.shaded.org.apache.hc.client5.http.headers - http-outgoing-2 << Content-Type: application/json
03:32:58.815 [main] DEBUG com.github.dockerjava.zerodep.shaded.org.apache.hc.client5.http.headers - http-outgoing-2 << Docker-Experimental: false
03:32:58.815 [main] DEBUG com.github.dockerjava.zerodep.shaded.org.apache.hc.client5.http.headers - http-outgoing-2 << Ostype: linux
03:32:58.815 [main] DEBUG com.github.dockerjava.zerodep.shaded.org.apache.hc.client5.http.headers - http-outgoing-2 << Server: Docker/20.10.12 (linux)
03:32:58.815 [main] DEBUG com.github.dockerjava.zerodep.shaded.org.apache.hc.client5.http.headers - http-outgoing-2 << Date: Thu, 23 Jun 2022 02:32:58 GMT
03:32:58.815 [main] DEBUG com.github.dockerjava.zerodep.shaded.org.apache.hc.client5.http.headers - http-outgoing-2 << Transfer-Encoding: chunked
03:32:58.815 [main] DEBUG com.github.dockerjava.zerodep.shaded.org.apache.hc.client5.http.impl.classic.MainClientExec - ex-00000072: connection can be kept alive for 3 MINUTES
03:32:58.816 [main] DEBUG com.github.dockerjava.zerodep.shaded.org.apache.hc.client5.http.impl.classic.InternalHttpClient - ep-00000071: releasing valid endpoint
03:32:58.816 [main] DEBUG com.github.dockerjava.zerodep.shaded.org.apache.hc.client5.http.impl.io.PoolingHttpClientConnectionManager - ep-00000071: releasing endpoint
03:32:58.816 [main] DEBUG com.github.dockerjava.zerodep.shaded.org.apache.hc.client5.http.impl.io.PoolingHttpClientConnectionManager - ep-00000071: connection http-outgoing-2 can be kept alive for 3 MINUTES
03:32:58.816 [main] DEBUG com.github.dockerjava.zerodep.shaded.org.apache.hc.client5.http.impl.io.PoolingHttpClientConnectionManager - ep-00000071: connection released [route: {}->unix://localhost:2375][total available: 1; route allocated: 1 of 2147483647; total allocated: 1 of 2147483647]
03:32:58.816 [main] DEBUG 🐳 [mysql:8.0] - Trying to create JDBC connection using com.mysql.cj.jdbc.Driver to jdbc:mysql://localhost:49160/test?useSSL=false&allowPublicKeyRetrieval=true with properties: {password=admin, user=admin}
03:32:58.919 [main] DEBUG org.testcontainers.shaded.com.github.dockerjava.core.command.AbstrDockerCmd - Cmd: 9691e31891711283f4d98263d11bc6156717d3e75a0b86a23f3b128a992c1f38,false
03:32:58.920 [main] DEBUG org.testcontainers.shaded.com.github.dockerjava.core.exec.InspectContainerCmdExec - GET: DefaultWebTarget{path=[/containers/9691e31891711283f4d98263d11bc6156717d3e75a0b86a23f3b128a992c1f38/json], queryParams={}}
03:32:58.920 [main] DEBUG com.github.dockerjava.zerodep.shaded.org.apache.hc.client5.http.impl.classic.InternalHttpClient - ex-00000073: preparing request execution
03:32:58.920 [main] DEBUG com.github.dockerjava.zerodep.shaded.org.apache.hc.client5.http.protocol.RequestAddCookies - Cookie spec selected: strict
03:32:58.920 [main] DEBUG com.github.dockerjava.zerodep.shaded.org.apache.hc.client5.http.protocol.RequestAuthCache - Auth cache not set in the context
03:32:58.920 [main] DEBUG com.github.dockerjava.zerodep.shaded.org.apache.hc.client5.http.impl.classic.ProtocolExec - ex-00000073: target auth state: UNCHALLENGED
03:32:58.920 [main] DEBUG com.github.dockerjava.zerodep.shaded.org.apache.hc.client5.http.impl.classic.ProtocolExec - ex-00000073: proxy auth state: UNCHALLENGED
03:32:58.920 [main] DEBUG com.github.dockerjava.zerodep.shaded.org.apache.hc.client5.http.impl.classic.ConnectExec - ex-00000073: acquiring connection with route {}->unix://localhost:2375
03:32:58.920 [main] DEBUG com.github.dockerjava.zerodep.shaded.org.apache.hc.client5.http.impl.classic.InternalHttpClient - ex-00000073: acquiring endpoint (3 MINUTES)
03:32:58.920 [main] DEBUG com.github.dockerjava.zerodep.shaded.org.apache.hc.client5.http.impl.io.PoolingHttpClientConnectionManager - ex-00000073: endpoint lease request (3 MINUTES) [route: {}->unix://localhost:2375][total available: 1; route allocated: 1 of 2147483647; total allocated: 1 of 2147483647]
03:32:58.920 [main] DEBUG com.github.dockerjava.zerodep.shaded.org.apache.hc.client5.http.impl.io.PoolingHttpClientConnectionManager - ex-00000073: endpoint leased [route: {}->unix://localhost:2375][total available: 0; route allocated: 1 of 2147483647; total allocated: 1 of 2147483647]
03:32:58.920 [main] DEBUG com.github.dockerjava.zerodep.shaded.org.apache.hc.client5.http.impl.io.PoolingHttpClientConnectionManager - ex-00000073: acquired ep-00000072
03:32:58.920 [main] DEBUG com.github.dockerjava.zerodep.shaded.org.apache.hc.client5.http.impl.classic.InternalHttpClient - ex-00000073: acquired endpoint ep-00000072
03:32:58.920 [main] DEBUG com.github.dockerjava.zerodep.shaded.org.apache.hc.client5.http.impl.classic.MainClientExec - ex-00000073: executing GET /v1.32/containers/9691e31891711283f4d98263d11bc6156717d3e75a0b86a23f3b128a992c1f38/json HTTP/1.1
03:32:58.920 [main] DEBUG com.github.dockerjava.zerodep.shaded.org.apache.hc.client5.http.impl.classic.InternalHttpClient - ep-00000072: start execution ex-00000073
03:32:58.920 [main] DEBUG com.github.dockerjava.zerodep.shaded.org.apache.hc.client5.http.impl.io.PoolingHttpClientConnectionManager - ep-00000072: executing exchange ex-00000073 over http-outgoing-2
03:32:58.920 [main] DEBUG com.github.dockerjava.zerodep.shaded.org.apache.hc.client5.http.headers - http-outgoing-2 >> GET /v1.32/containers/9691e31891711283f4d98263d11bc6156717d3e75a0b86a23f3b128a992c1f38/json HTTP/1.1
03:32:58.921 [main] DEBUG com.github.dockerjava.zerodep.shaded.org.apache.hc.client5.http.headers - http-outgoing-2 >> accept: application/json
03:32:58.921 [main] DEBUG com.github.dockerjava.zerodep.shaded.org.apache.hc.client5.http.headers - http-outgoing-2 >> Accept-Encoding: gzip, x-gzip, deflate
03:32:58.921 [main] DEBUG com.github.dockerjava.zerodep.shaded.org.apache.hc.client5.http.headers - http-outgoing-2 >> Host: localhost:2375
03:32:58.921 [main] DEBUG com.github.dockerjava.zerodep.shaded.org.apache.hc.client5.http.headers - http-outgoing-2 >> Connection: keep-alive
03:32:58.921 [main] DEBUG com.github.dockerjava.zerodep.shaded.org.apache.hc.client5.http.headers - http-outgoing-2 >> User-Agent: Apache-HttpClient/5.0.3 (Java/11.0.15)
03:32:58.921 [main] DEBUG com.github.dockerjava.zerodep.shaded.org.apache.hc.client5.http.wire - http-outgoing-2 >> "GET /v1.32/containers/9691e31891711283f4d98263d11bc6156717d3e75a0b86a23f3b128a992c1f38/json HTTP/1.1[\r][\n]"
03:32:58.921 [main] DEBUG com.github.dockerjava.zerodep.shaded.org.apache.hc.client5.http.wire - http-outgoing-2 >> "accept: application/json[\r][\n]"
03:32:58.921 [main] DEBUG com.github.dockerjava.zerodep.shaded.org.apache.hc.client5.http.wire - http-outgoing-2 >> "Accept-Encoding: gzip, x-gzip, deflate[\r][\n]"
03:32:58.921 [main] DEBUG com.github.dockerjava.zerodep.shaded.org.apache.hc.client5.http.wire - http-outgoing-2 >> "Host: localhost:2375[\r][\n]"
03:32:58.921 [main] DEBUG com.github.dockerjava.zerodep.shaded.org.apache.hc.client5.http.wire - http-outgoing-2 >> "Connection: keep-alive[\r][\n]"
03:32:58.921 [main] DEBUG com.github.dockerjava.zerodep.shaded.org.apache.hc.client5.http.wire - http-outgoing-2 >> "User-Agent: Apache-HttpClient/5.0.3 (Java/11.0.15)[\r][\n]"
03:32:58.921 [main] DEBUG com.github.dockerjava.zerodep.shaded.org.apache.hc.client5.http.wire - http-outgoing-2 >> "[\r][\n]"
03:32:58.921 [main] DEBUG com.github.dockerjava.zerodep.shaded.org.apache.hc.client5.http.wire - http-outgoing-2 << "HTTP/1.1 200 OK[\r][\n]"
03:32:58.921 [main] DEBUG com.github.dockerjava.zerodep.shaded.org.apache.hc.client5.http.wire - http-outgoing-2 << "Api-Version: 1.41[\r][\n]"
03:32:58.921 [main] DEBUG com.github.dockerjava.zerodep.shaded.org.apache.hc.client5.http.wire - http-outgoing-2 << "Content-Type: application/json[\r][\n]"
03:32:58.921 [main] DEBUG com.github.dockerjava.zerodep.shaded.org.apache.hc.client5.http.wire - http-outgoing-2 << "Docker-Experimental: false[\r][\n]"
03:32:58.921 [main] DEBUG com.github.dockerjava.zerodep.shaded.org.apache.hc.client5.http.wire - http-outgoing-2 << "Ostype: linux[\r][\n]"
03:32:58.921 [main] DEBUG com.github.dockerjava.zerodep.shaded.org.apache.hc.client5.http.wire - http-outgoing-2 << "Server: Docker/20.10.12 (linux)[\r][\n]"
03:32:58.921 [main] DEBUG com.github.dockerjava.zerodep.shaded.org.apache.hc.client5.http.wire - http-outgoing-2 << "Date: Thu, 23 Jun 2022 02:32:58 GMT[\r][\n]"
03:32:58.921 [main] DEBUG com.github.dockerjava.zerodep.shaded.org.apache.hc.client5.http.wire - http-outgoing-2 << "Transfer-Encoding: chunked[\r][\n]"
03:32:58.921 [main] DEBUG com.github.dockerjava.zerodep.shaded.org.apache.hc.client5.http.wire - http-outgoing-2 << "[\r][\n]"
03:32:58.921 [main] DEBUG com.github.dockerjava.zerodep.shaded.org.apache.hc.client5.http.wire - http-outgoing-2 << "18ed[\r][\n]"
03:32:58.921 [main] DEBUG com.github.dockerjava.zerodep.shaded.org.apache.hc.client5.http.wire - http-outgoing-2 << "{"Id":"9691e31891711283f4d98263d11bc6156717d3e75a0b86a23f3b128a992c1f38","Created":"2022-06-23T02:32:47.03956921Z","Path":"docker-entrypoint.sh","Args":["mysqld"],"State":{"Status":"running","Running":true,"Paused":false,"Restarting":false,"OOMKilled":false,"Dead":false,"Pid":66188,"ExitCode":0,"Error":"","StartedAt":"2022-06-23T02:32:47.703880551Z","FinishedAt":"0001-01-01T00:00:00Z"},"Image":"sha256:65b636d5542b73254ce90cc4b895597dc1adc2c661ca553c38eda159979dded1","ResolvConfPath":"/var/lib/docker/containers/9691e31891711283f4d98263d11bc6156717d3e75a0b86a23f3b128a992c1f38/resolv.conf","HostnamePath":"/var/lib/docker/containers/9691e31891711283f4d98263d11bc6156717d3e75a0b86a23f3b128a992c1f38/hostname","HostsPath":"/var/lib/docker/containers/9691e31891711283f4d98263d11bc6156717d3e75a0b86a23f3b128a992c1f38/hosts","LogPath":"/var/lib/docker/containers/9691e31891711283f4d98263d11bc6156717d3e75a0b86a23f3b128a992c1f38/9691e31891711283f4d98263d11bc6156717d3e75a0b86a23f3b128a992c1f38-json.log","Name":"/xenodochial_satoshi","RestartCount":0,"Driver":"overlay2","Platform":"linux","MountLabel":"","ProcessLabel":"","AppArmorProfile":"docker-default","ExecIDs":null,"HostConfig":{"Binds":[],"ContainerIDFile":"","LogConfig":{"Type":"json-file","Config":{}},"NetworkMode":"default","PortBindings":{"3306/tcp":[{"HostIp":"","HostPort":""}]},"RestartPolicy":{"Name":"","MaximumRetryCount":0},"AutoRemove":false,"VolumeDriver":"","VolumesFrom":[],"CapAdd":null,"CapDrop":null,"CgroupnsMode":"host","Dns":null,"DnsOptions":null,"DnsSearch":null,"ExtraHosts":[],"GroupAdd":null,"IpcMode":"shareable","Cgroup":"","Links":null,"OomScoreAdj":0,"PidMode":"","Privileged":false,"PublishAllPorts":false,"ReadonlyRootfs":false,"SecurityOpt":null,"UTSMode":"","UsernsMode":"","ShmSize":67108864,"Runtime":"runc","ConsoleSize":[0,0],"Isolation":"","CpuShares":0,"Memory":0,"NanoCpus":0,"CgroupParent":"","BlkioWeight":0,"BlkioWeightDevice":null,"BlkioDeviceReadBps":null,"BlkioDeviceWriteBps":null,"BlkioDeviceReadIOps":null,"BlkioDeviceWriteIOps":null,"CpuPeriod":0,"CpuQuota":0,"CpuRealtimePeriod":0,"CpuRealtimeRuntime":0,"CpusetCpus":"","CpusetMems":"","Devices":null,"DeviceCgroupRules":null,"DeviceRequests":null,"KernelMemory":0,"KernelMemoryTCP":0,"MemoryReservation":0,"MemorySwap":0,"MemorySwappiness":null,"OomKillDisable":false,"PidsLimit":null,"Ulimits":null,"CpuCount":0,"CpuPercent":0,"IOMaximumIOps":0,"IOMaximumBandwidth":0,"MaskedPaths":["/proc/asound","/proc/acpi","/proc/kcore","/proc/keys","/proc/latency_stats","/proc/timer_list","/proc/timer_stats","/proc/sched_debug","/proc/scsi","/sys/firmware"],"ReadonlyPaths":["/proc/bus","/proc/fs","/proc/irq","/proc/sys","/proc/sysrq-trigger"]},"GraphDriver":{"Data":{"LowerDir":"/var/lib/docker/overlay2/5529564f52cf969e31e7a1482c27be7ffed19639b506ae2e15b7e7115f699a73-init/diff:/var/lib/docker/overlay2/833a665819b5d9728d3efa7c33135034345a24f83af53b1a1af33d9b64f5492a/diff:/var/lib/docker/overlay2/bd4a2a46c227c2f15475b08c398f37acaab93f4fdba31de015d730efae0a0cfc/diff:/var/lib/docker/overlay2/31ad437d7cba8e64428a2b62db1bbb2a2ec19ca4e439ec493ef4deb50dce2783/diff:/var/lib/docker/overlay2/35173cbd8ec5b88a8888e9abbe75f8694f5d3f96a9b781bb70dc1f0889685741/diff:/var/lib/docker/overlay2/24bf69ac4e8c81062fee44e7c9f746fffbb139c3f7f4b55b4fd1b23bb101b529/diff:/var/lib/docker/overlay2/2f27c96a7775dad186b6f0da325d5a251c80aa1b7f80cf8520f493c5154aee70/diff:/var/lib/docker/overlay2/463a60088c72ddbea82639ded15801e35a79c443f6a26bf1baf320c683cb06af/diff:/var/lib/docker/overlay2/80b8224b23a2ee4b5be635c58ae579fd1913aa95558cd66ab2f5e8430f00a5b8/diff:/var/lib/docker/overlay2/20451fa0b1a07b85d665bc3a0359d721ce4e4c28fa3bce7456ab25e0babae708/diff:/var/lib/docker/overlay2/f80d865cbc6c1c6f57d0963fa6234e7a6409e079eb17f4f13ca41d02731701ad/diff:/var/lib/docker/overlay2/5a3029e0b57c6ec9b985871ff6adf08356aaa0f2a15f1e34c1a7f116ecc4a61d/diff:/var/lib/docker/overlay2/4f3423103248d0b381a1bc6a7287e2b42313ff458cea602a02b7379014b03e0e/diff","MergedDir":"/var/lib/docker/overlay2/5529564f52cf969e31e7a1482c27be7ffed19639b506ae2e15b7e7115f699a73/merged","UpperDir":"/var/lib/docker/overlay2/5529564f52cf969e31e7a1482c27be7ffed19639b506ae2e15b7e7115f699a73/diff","WorkDir":"/var/lib/docker/overlay2/5529564f52cf969e31e7a1482c27be7ffed19639b506ae2e15b7e7115f699a73/work"},"Name":"overlay2"},"Mounts":[{"Type":"volume","Name":"fd1f613c7fe3ca3ae799982507ac3f565cc9f6a2dc99ceaed92389e2c43f47d1","Source":"/var/lib/docker/volumes/fd1f613c7fe3ca3ae799982507ac3f565cc9f6a2dc99ceaed92389e2c43f47d1/_data","Destination":"/var/lib/mysql","Driver":"local","Mode":"","RW":true,"Propagation":""}],"Config":{"Hostname":"9691e3189171","Domainname":"","User":"","AttachStdin":false,"AttachStdout":false,"AttachStderr":false,"ExposedPorts":{"3306/tcp":{},"33060/tcp":{}},"Tty":false,"OpenStdin":false,"StdinOnce":false,"Env":["MYSQL_DATABASE=test","MYSQL_PASSWORD=admin","MYSQL_USER=admin","MYSQL_ROOT_PASSWORD=admin","PATH=/usr/local/sbin:/usr/local/bin:/usr/sbin:/usr/bin:/sbin:/bin","GOSU_VERSION=1.14","MYSQL_MAJOR=8.0","MYSQL_VERSION=8.0.29-1debian10"],"Cmd":["mysqld"],"Image":"mysql:8.0","Volumes":{"/var/lib/mysql":{}},"WorkingDir":"","Entrypoint":["docker-entrypoint.sh"],"OnBuild":null,"Labels":{"org.testcontainers":"true","org.testcontainers.sessionId":"d48265e4-2b28-4f8c-aa67-76dd8289af84"}},"NetworkSettings":{"Bridge":"","SandboxID":"d9de8570fe3f0a4e9f3a1ff7101c963bbd2c6a0a9d8a867b96f17f4d5edca537","HairpinMode":false,"LinkLocalIPv6Address":"","LinkLocalIPv6PrefixLen":0,"Ports":{"3306/tcp":[{"HostIp":"0.0.0.0","HostPort":"49160"},{"HostIp":"::","HostPort":"49160"}],"33060/tcp":null},"SandboxKey":"/var/run/docker/netns/d9de8570fe3f","SecondaryIPAddresses":null,"SecondaryIPv6Addresses":null,"EndpointID":"93e8fe159f683a98670e8995677c2b130dbce857fc116679206e206bda319cbf","Gateway":"172.17.0.1","GlobalIPv6Address":"","GlobalIPv6PrefixLen":0,"IPAddress":"172.17.0.3","IPPrefixLen":16,"IPv6Gateway":"","MacAddress":"02:42:ac:11:00:03","Networks":{"bridge":{"IPAMConfig":null,"Links":null,"Aliases":null,"NetworkID":"1853cd2b9856825cc97ed9ef2b12efa82d95bf9cf60ad666c276eb35cc53539e","EndpointID":"93e8fe159f683a98670e8995677c2b130dbce857fc116679206e206bda319cbf","Gateway":"172.17.0.1","IPAddress":"172.17.0.3","IPPrefixLen":16,"IPv6Gateway":"","GlobalIPv6Address":"","GlobalIPv6PrefixLen":0,"MacAddress":"02:42:ac:11:00:03","DriverOpts":null}}}}[\n]"
03:32:58.921 [main] DEBUG com.github.dockerjava.zerodep.shaded.org.apache.hc.client5.http.wire - http-outgoing-2 << "[\r][\n]"
03:32:58.921 [main] DEBUG com.github.dockerjava.zerodep.shaded.org.apache.hc.client5.http.wire - http-outgoing-2 << "0[\r][\n]"
03:32:58.921 [main] DEBUG com.github.dockerjava.zerodep.shaded.org.apache.hc.client5.http.wire - http-outgoing-2 << "[\r][\n]"
03:32:58.922 [main] DEBUG com.github.dockerjava.zerodep.shaded.org.apache.hc.client5.http.headers - http-outgoing-2 << HTTP/1.1 200 OK
03:32:58.922 [main] DEBUG com.github.dockerjava.zerodep.shaded.org.apache.hc.client5.http.headers - http-outgoing-2 << Api-Version: 1.41
03:32:58.922 [main] DEBUG com.github.dockerjava.zerodep.shaded.org.apache.hc.client5.http.headers - http-outgoing-2 << Content-Type: application/json
03:32:58.922 [main] DEBUG com.github.dockerjava.zerodep.shaded.org.apache.hc.client5.http.headers - http-outgoing-2 << Docker-Experimental: false
03:32:58.922 [main] DEBUG com.github.dockerjava.zerodep.shaded.org.apache.hc.client5.http.headers - http-outgoing-2 << Ostype: linux
03:32:58.922 [main] DEBUG com.github.dockerjava.zerodep.shaded.org.apache.hc.client5.http.headers - http-outgoing-2 << Server: Docker/20.10.12 (linux)
03:32:58.922 [main] DEBUG com.github.dockerjava.zerodep.shaded.org.apache.hc.client5.http.headers - http-outgoing-2 << Date: Thu, 23 Jun 2022 02:32:58 GMT
03:32:58.922 [main] DEBUG com.github.dockerjava.zerodep.shaded.org.apache.hc.client5.http.headers - http-outgoing-2 << Transfer-Encoding: chunked
03:32:58.922 [main] DEBUG com.github.dockerjava.zerodep.shaded.org.apache.hc.client5.http.impl.classic.MainClientExec - ex-00000073: connection can be kept alive for 3 MINUTES
03:32:58.924 [main] DEBUG com.github.dockerjava.zerodep.shaded.org.apache.hc.client5.http.impl.classic.InternalHttpClient - ep-00000072: releasing valid endpoint
03:32:58.924 [main] DEBUG com.github.dockerjava.zerodep.shaded.org.apache.hc.client5.http.impl.io.PoolingHttpClientConnectionManager - ep-00000072: releasing endpoint
03:32:58.924 [main] DEBUG com.github.dockerjava.zerodep.shaded.org.apache.hc.client5.http.impl.io.PoolingHttpClientConnectionManager - ep-00000072: connection http-outgoing-2 can be kept alive for 3 MINUTES
03:32:58.925 [main] DEBUG com.github.dockerjava.zerodep.shaded.org.apache.hc.client5.http.impl.io.PoolingHttpClientConnectionManager - ep-00000072: connection released [route: {}->unix://localhost:2375][total available: 1; route allocated: 1 of 2147483647; total allocated: 1 of 2147483647]
03:32:58.925 [main] DEBUG 🐳 [mysql:8.0] - Trying to create JDBC connection using com.mysql.cj.jdbc.Driver to jdbc:mysql://localhost:49160/test?useSSL=false&allowPublicKeyRetrieval=true with properties: {password=admin, user=admin}
03:32:59.027 [main] DEBUG org.testcontainers.shaded.com.github.dockerjava.core.command.AbstrDockerCmd - Cmd: 9691e31891711283f4d98263d11bc6156717d3e75a0b86a23f3b128a992c1f38,false
03:32:59.027 [main] DEBUG org.testcontainers.shaded.com.github.dockerjava.core.exec.InspectContainerCmdExec - GET: DefaultWebTarget{path=[/containers/9691e31891711283f4d98263d11bc6156717d3e75a0b86a23f3b128a992c1f38/json], queryParams={}}
03:32:59.028 [main] DEBUG com.github.dockerjava.zerodep.shaded.org.apache.hc.client5.http.impl.classic.InternalHttpClient - ex-00000074: preparing request execution
03:32:59.028 [main] DEBUG com.github.dockerjava.zerodep.shaded.org.apache.hc.client5.http.protocol.RequestAddCookies - Cookie spec selected: strict
03:32:59.028 [main] DEBUG com.github.dockerjava.zerodep.shaded.org.apache.hc.client5.http.protocol.RequestAuthCache - Auth cache not set in the context
03:32:59.028 [main] DEBUG com.github.dockerjava.zerodep.shaded.org.apache.hc.client5.http.impl.classic.ProtocolExec - ex-00000074: target auth state: UNCHALLENGED
03:32:59.028 [main] DEBUG com.github.dockerjava.zerodep.shaded.org.apache.hc.client5.http.impl.classic.ProtocolExec - ex-00000074: proxy auth state: UNCHALLENGED
03:32:59.028 [main] DEBUG com.github.dockerjava.zerodep.shaded.org.apache.hc.client5.http.impl.classic.ConnectExec - ex-00000074: acquiring connection with route {}->unix://localhost:2375
03:32:59.028 [main] DEBUG com.github.dockerjava.zerodep.shaded.org.apache.hc.client5.http.impl.classic.InternalHttpClient - ex-00000074: acquiring endpoint (3 MINUTES)
03:32:59.028 [main] DEBUG com.github.dockerjava.zerodep.shaded.org.apache.hc.client5.http.impl.io.PoolingHttpClientConnectionManager - ex-00000074: endpoint lease request (3 MINUTES) [route: {}->unix://localhost:2375][total available: 1; route allocated: 1 of 2147483647; total allocated: 1 of 2147483647]
03:32:59.028 [main] DEBUG com.github.dockerjava.zerodep.shaded.org.apache.hc.client5.http.impl.io.PoolingHttpClientConnectionManager - ex-00000074: endpoint leased [route: {}->unix://localhost:2375][total available: 0; route allocated: 1 of 2147483647; total allocated: 1 of 2147483647]
03:32:59.029 [main] DEBUG com.github.dockerjava.zerodep.shaded.org.apache.hc.client5.http.impl.io.PoolingHttpClientConnectionManager - ex-00000074: acquired ep-00000073
03:32:59.029 [main] DEBUG com.github.dockerjava.zerodep.shaded.org.apache.hc.client5.http.impl.classic.InternalHttpClient - ex-00000074: acquired endpoint ep-00000073
03:32:59.029 [main] DEBUG com.github.dockerjava.zerodep.shaded.org.apache.hc.client5.http.impl.classic.MainClientExec - ex-00000074: executing GET /v1.32/containers/9691e31891711283f4d98263d11bc6156717d3e75a0b86a23f3b128a992c1f38/json HTTP/1.1
03:32:59.029 [main] DEBUG com.github.dockerjava.zerodep.shaded.org.apache.hc.client5.http.impl.classic.InternalHttpClient - ep-00000073: start execution ex-00000074
03:32:59.029 [main] DEBUG com.github.dockerjava.zerodep.shaded.org.apache.hc.client5.http.impl.io.PoolingHttpClientConnectionManager - ep-00000073: executing exchange ex-00000074 over http-outgoing-2
03:32:59.029 [main] DEBUG com.github.dockerjava.zerodep.shaded.org.apache.hc.client5.http.headers - http-outgoing-2 >> GET /v1.32/containers/9691e31891711283f4d98263d11bc6156717d3e75a0b86a23f3b128a992c1f38/json HTTP/1.1
03:32:59.029 [main] DEBUG com.github.dockerjava.zerodep.shaded.org.apache.hc.client5.http.headers - http-outgoing-2 >> accept: application/json
03:32:59.029 [main] DEBUG com.github.dockerjava.zerodep.shaded.org.apache.hc.client5.http.headers - http-outgoing-2 >> Accept-Encoding: gzip, x-gzip, deflate
03:32:59.029 [main] DEBUG com.github.dockerjava.zerodep.shaded.org.apache.hc.client5.http.headers - http-outgoing-2 >> Host: localhost:2375
03:32:59.029 [main] DEBUG com.github.dockerjava.zerodep.shaded.org.apache.hc.client5.http.headers - http-outgoing-2 >> Connection: keep-alive
03:32:59.029 [main] DEBUG com.github.dockerjava.zerodep.shaded.org.apache.hc.client5.http.headers - http-outgoing-2 >> User-Agent: Apache-HttpClient/5.0.3 (Java/11.0.15)
03:32:59.029 [main] DEBUG com.github.dockerjava.zerodep.shaded.org.apache.hc.client5.http.wire - http-outgoing-2 >> "GET /v1.32/containers/9691e31891711283f4d98263d11bc6156717d3e75a0b86a23f3b128a992c1f38/json HTTP/1.1[\r][\n]"
03:32:59.029 [main] DEBUG com.github.dockerjava.zerodep.shaded.org.apache.hc.client5.http.wire - http-outgoing-2 >> "accept: application/json[\r][\n]"
03:32:59.029 [main] DEBUG com.github.dockerjava.zerodep.shaded.org.apache.hc.client5.http.wire - http-outgoing-2 >> "Accept-Encoding: gzip, x-gzip, deflate[\r][\n]"
03:32:59.029 [main] DEBUG com.github.dockerjava.zerodep.shaded.org.apache.hc.client5.http.wire - http-outgoing-2 >> "Host: localhost:2375[\r][\n]"
03:32:59.029 [main] DEBUG com.github.dockerjava.zerodep.shaded.org.apache.hc.client5.http.wire - http-outgoing-2 >> "Connection: keep-alive[\r][\n]"
03:32:59.029 [main] DEBUG com.github.dockerjava.zerodep.shaded.org.apache.hc.client5.http.wire - http-outgoing-2 >> "User-Agent: Apache-HttpClient/5.0.3 (Java/11.0.15)[\r][\n]"
03:32:59.029 [main] DEBUG com.github.dockerjava.zerodep.shaded.org.apache.hc.client5.http.wire - http-outgoing-2 >> "[\r][\n]"
03:32:59.029 [main] DEBUG com.github.dockerjava.zerodep.shaded.org.apache.hc.client5.http.wire - http-outgoing-2 << "HTTP/1.1 200 OK[\r][\n]"
03:32:59.029 [main] DEBUG com.github.dockerjava.zerodep.shaded.org.apache.hc.client5.http.wire - http-outgoing-2 << "Api-Version: 1.41[\r][\n]"
03:32:59.029 [main] DEBUG com.github.dockerjava.zerodep.shaded.org.apache.hc.client5.http.wire - http-outgoing-2 << "Content-Type: application/json[\r][\n]"
03:32:59.029 [main] DEBUG com.github.dockerjava.zerodep.shaded.org.apache.hc.client5.http.wire - http-outgoing-2 << "Docker-Experimental: false[\r][\n]"
03:32:59.030 [main] DEBUG com.github.dockerjava.zerodep.shaded.org.apache.hc.client5.http.wire - http-outgoing-2 << "Ostype: linux[\r][\n]"
03:32:59.030 [main] DEBUG com.github.dockerjava.zerodep.shaded.org.apache.hc.client5.http.wire - http-outgoing-2 << "Server: Docker/20.10.12 (linux)[\r][\n]"
03:32:59.030 [main] DEBUG com.github.dockerjava.zerodep.shaded.org.apache.hc.client5.http.wire - http-outgoing-2 << "Date: Thu, 23 Jun 2022 02:32:59 GMT[\r][\n]"
03:32:59.030 [main] DEBUG com.github.dockerjava.zerodep.shaded.org.apache.hc.client5.http.wire - http-outgoing-2 << "Transfer-Encoding: chunked[\r][\n]"
03:32:59.030 [main] DEBUG com.github.dockerjava.zerodep.shaded.org.apache.hc.client5.http.wire - http-outgoing-2 << "[\r][\n]"
03:32:59.030 [main] DEBUG com.github.dockerjava.zerodep.shaded.org.apache.hc.client5.http.wire - http-outgoing-2 << "18ed[\r][\n]"
03:32:59.030 [main] DEBUG com.github.dockerjava.zerodep.shaded.org.apache.hc.client5.http.wire - http-outgoing-2 << "{"Id":"9691e31891711283f4d98263d11bc6156717d3e75a0b86a23f3b128a992c1f38","Created":"2022-06-23T02:32:47.03956921Z","Path":"docker-entrypoint.sh","Args":["mysqld"],"State":{"Status":"running","Running":true,"Paused":false,"Restarting":false,"OOMKilled":false,"Dead":false,"Pid":66188,"ExitCode":0,"Error":"","StartedAt":"2022-06-23T02:32:47.703880551Z","FinishedAt":"0001-01-01T00:00:00Z"},"Image":"sha256:65b636d5542b73254ce90cc4b895597dc1adc2c661ca553c38eda159979dded1","ResolvConfPath":"/var/lib/docker/containers/9691e31891711283f4d98263d11bc6156717d3e75a0b86a23f3b128a992c1f38/resolv.conf","HostnamePath":"/var/lib/docker/containers/9691e31891711283f4d98263d11bc6156717d3e75a0b86a23f3b128a992c1f38/hostname","HostsPath":"/var/lib/docker/containers/9691e31891711283f4d98263d11bc6156717d3e75a0b86a23f3b128a992c1f38/hosts","LogPath":"/var/lib/docker/containers/9691e31891711283f4d98263d11bc6156717d3e75a0b86a23f3b128a992c1f38/9691e31891711283f4d98263d11bc6156717d3e75a0b86a23f3b128a992c1f38-json.log","Name":"/xenodochial_satoshi","RestartCount":0,"Driver":"overlay2","Platform":"linux","MountLabel":"","ProcessLabel":"","AppArmorProfile":"docker-default","ExecIDs":null,"HostConfig":{"Binds":[],"ContainerIDFile":"","LogConfig":{"Type":"json-file","Config":{}},"NetworkMode":"default","PortBindings":{"3306/tcp":[{"HostIp":"","HostPort":""}]},"RestartPolicy":{"Name":"","MaximumRetryCount":0},"AutoRemove":false,"VolumeDriver":"","VolumesFrom":[],"CapAdd":null,"CapDrop":null,"CgroupnsMode":"host","Dns":null,"DnsOptions":null,"DnsSearch":null,"ExtraHosts":[],"GroupAdd":null,"IpcMode":"shareable","Cgroup":"","Links":null,"OomScoreAdj":0,"PidMode":"","Privileged":false,"PublishAllPorts":false,"ReadonlyRootfs":false,"SecurityOpt":null,"UTSMode":"","UsernsMode":"","ShmSize":67108864,"Runtime":"runc","ConsoleSize":[0,0],"Isolation":"","CpuShares":0,"Memory":0,"NanoCpus":0,"CgroupParent":"","BlkioWeight":0,"BlkioWeightDevice":null,"BlkioDeviceReadBps":null,"BlkioDeviceWriteBps":null,"BlkioDeviceReadIOps":null,"BlkioDeviceWriteIOps":null,"CpuPeriod":0,"CpuQuota":0,"CpuRealtimePeriod":0,"CpuRealtimeRuntime":0,"CpusetCpus":"","CpusetMems":"","Devices":null,"DeviceCgroupRules":null,"DeviceRequests":null,"KernelMemory":0,"KernelMemoryTCP":0,"MemoryReservation":0,"MemorySwap":0,"MemorySwappiness":null,"OomKillDisable":false,"PidsLimit":null,"Ulimits":null,"CpuCount":0,"CpuPercent":0,"IOMaximumIOps":0,"IOMaximumBandwidth":0,"MaskedPaths":["/proc/asound","/proc/acpi","/proc/kcore","/proc/keys","/proc/latency_stats","/proc/timer_list","/proc/timer_stats","/proc/sched_debug","/proc/scsi","/sys/firmware"],"ReadonlyPaths":["/proc/bus","/proc/fs","/proc/irq","/proc/sys","/proc/sysrq-trigger"]},"GraphDriver":{"Data":{"LowerDir":"/var/lib/docker/overlay2/5529564f52cf969e31e7a1482c27be7ffed19639b506ae2e15b7e7115f699a73-init/diff:/var/lib/docker/overlay2/833a665819b5d9728d3efa7c33135034345a24f83af53b1a1af33d9b64f5492a/diff:/var/lib/docker/overlay2/bd4a2a46c227c2f15475b08c398f37acaab93f4fdba31de015d730efae0a0cfc/diff:/var/lib/docker/overlay2/31ad437d7cba8e64428a2b62db1bbb2a2ec19ca4e439ec493ef4deb50dce2783/diff:/var/lib/docker/overlay2/35173cbd8ec5b88a8888e9abbe75f8694f5d3f96a9b781bb70dc1f0889685741/diff:/var/lib/docker/overlay2/24bf69ac4e8c81062fee44e7c9f746fffbb139c3f7f4b55b4fd1b23bb101b529/diff:/var/lib/docker/overlay2/2f27c96a7775dad186b6f0da325d5a251c80aa1b7f80cf8520f493c5154aee70/diff:/var/lib/docker/overlay2/463a60088c72ddbea82639ded15801e35a79c443f6a26bf1baf320c683cb06af/diff:/var/lib/docker/overlay2/80b8224b23a2ee4b5be635c58ae579fd1913aa95558cd66ab2f5e8430f00a5b8/diff:/var/lib/docker/overlay2/20451fa0b1a07b85d665bc3a0359d721ce4e4c28fa3bce7456ab25e0babae708/diff:/var/lib/docker/overlay2/f80d865cbc6c1c6f57d0963fa6234e7a6409e079eb17f4f13ca41d02731701ad/diff:/var/lib/docker/overlay2/5a3029e0b57c6ec9b985871ff6adf08356aaa0f2a15f1e34c1a7f116ecc4a61d/diff:/var/lib/docker/overlay2/4f3423103248d0b381a1bc6a7287e2b42313ff458cea602a02b7379014b03e0e/diff","MergedDir":"/var/lib/docker/overlay2/5529564f52cf969e31e7a1482c27be7ffed19639b506ae2e15b7e7115f699a73/merged","UpperDir":"/var/lib/docker/overlay2/5529564f52cf969e31e7a1482c27be7ffed19639b506ae2e15b7e7115f699a73/diff","WorkDir":"/var/lib/docker/overlay2/5529564f52cf969e31e7a1482c27be7ffed19639b506ae2e15b7e7115f699a73/work"},"Name":"overlay2"},"Mounts":[{"Type":"volume","Name":"fd1f613c7fe3ca3ae799982507ac3f565cc9f6a2dc99ceaed92389e2c43f47d1","Source":"/var/lib/docker/volumes/fd1f613c7fe3ca3ae799982507ac3f565cc9f6a2dc99ceaed92389e2c43f47d1/_data","Destination":"/var/lib/mysql","Driver":"local","Mode":"","RW":true,"Propagation":""}],"Config":{"Hostname":"9691e3189171","Domainname":"","User":"","AttachStdin":false,"AttachStdout":false,"AttachStderr":false,"ExposedPorts":{"3306/tcp":{},"33060/tcp":{}},"Tty":false,"OpenStdin":false,"StdinOnce":false,"Env":["MYSQL_DATABASE=test","MYSQL_PASSWORD=admin","MYSQL_USER=admin","MYSQL_ROOT_PASSWORD=admin","PATH=/usr/local/sbin:/usr/local/bin:/usr/sbin:/usr/bin:/sbin:/bin","GOSU_VERSION=1.14","MYSQL_MAJOR=8.0","MYSQL_VERSION=8.0.29-1debian10"],"Cmd":["mysqld"],"Image":"mysql:8.0","Volumes":{"/var/lib/mysql":{}},"WorkingDir":"","Entrypoint":["docker-entrypoint.sh"],"OnBuild":null,"Labels":{"org.testcontainers":"true","org.testcontainers.sessionId":"d48265e4-2b28-4f8c-aa67-76dd8289af84"}},"NetworkSettings":{"Bridge":"","SandboxID":"d9de8570fe3f0a4e9f3a1ff7101c963bbd2c6a0a9d8a867b96f17f4d5edca537","HairpinMode":false,"LinkLocalIPv6Address":"","LinkLocalIPv6PrefixLen":0,"Ports":{"3306/tcp":[{"HostIp":"0.0.0.0","HostPort":"49160"},{"HostIp":"::","HostPort":"49160"}],"33060/tcp":null},"SandboxKey":"/var/run/docker/netns/d9de8570fe3f","SecondaryIPAddresses":null,"SecondaryIPv6Addresses":null,"EndpointID":"93e8fe159f683a98670e8995677c2b130dbce857fc116679206e206bda319cbf","Gateway":"172.17.0.1","GlobalIPv6Address":"","GlobalIPv6PrefixLen":0,"IPAddress":"172.17.0.3","IPPrefixLen":16,"IPv6Gateway":"","MacAddress":"02:42:ac:11:00:03","Networks":{"bridge":{"IPAMConfig":null,"Links":null,"Aliases":null,"NetworkID":"1853cd2b9856825cc97ed9ef2b12efa82d95bf9cf60ad666c276eb35cc53539e","EndpointID":"93e8fe159f683a98670e8995677c2b130dbce857fc116679206e206bda319cbf","Gateway":"172.17.0.1","IPAddress":"172.17.0.3","IPPrefixLen":16,"IPv6Gateway":"","GlobalIPv6Address":"","GlobalIPv6PrefixLen":0,"MacAddress":"02:42:ac:11:00:03","DriverOpts":null}}}}[\n]"
03:32:59.030 [main] DEBUG com.github.dockerjava.zerodep.shaded.org.apache.hc.client5.http.wire - http-outgoing-2 << "[\r][\n]"
03:32:59.030 [main] DEBUG com.github.dockerjava.zerodep.shaded.org.apache.hc.client5.http.wire - http-outgoing-2 << "0[\r][\n]"
03:32:59.030 [main] DEBUG com.github.dockerjava.zerodep.shaded.org.apache.hc.client5.http.wire - http-outgoing-2 << "[\r][\n]"
03:32:59.030 [main] DEBUG com.github.dockerjava.zerodep.shaded.org.apache.hc.client5.http.headers - http-outgoing-2 << HTTP/1.1 200 OK
03:32:59.030 [main] DEBUG com.github.dockerjava.zerodep.shaded.org.apache.hc.client5.http.headers - http-outgoing-2 << Api-Version: 1.41
03:32:59.030 [main] DEBUG com.github.dockerjava.zerodep.shaded.org.apache.hc.client5.http.headers - http-outgoing-2 << Content-Type: application/json
03:32:59.030 [main] DEBUG com.github.dockerjava.zerodep.shaded.org.apache.hc.client5.http.headers - http-outgoing-2 << Docker-Experimental: false
03:32:59.030 [main] DEBUG com.github.dockerjava.zerodep.shaded.org.apache.hc.client5.http.headers - http-outgoing-2 << Ostype: linux
03:32:59.030 [main] DEBUG com.github.dockerjava.zerodep.shaded.org.apache.hc.client5.http.headers - http-outgoing-2 << Server: Docker/20.10.12 (linux)
03:32:59.030 [main] DEBUG com.github.dockerjava.zerodep.shaded.org.apache.hc.client5.http.headers - http-outgoing-2 << Date: Thu, 23 Jun 2022 02:32:59 GMT
03:32:59.030 [main] DEBUG com.github.dockerjava.zerodep.shaded.org.apache.hc.client5.http.headers - http-outgoing-2 << Transfer-Encoding: chunked
03:32:59.030 [main] DEBUG com.github.dockerjava.zerodep.shaded.org.apache.hc.client5.http.impl.classic.MainClientExec - ex-00000074: connection can be kept alive for 3 MINUTES
03:32:59.031 [main] DEBUG com.github.dockerjava.zerodep.shaded.org.apache.hc.client5.http.impl.classic.InternalHttpClient - ep-00000073: releasing valid endpoint
03:32:59.031 [main] DEBUG com.github.dockerjava.zerodep.shaded.org.apache.hc.client5.http.impl.io.PoolingHttpClientConnectionManager - ep-00000073: releasing endpoint
03:32:59.031 [main] DEBUG com.github.dockerjava.zerodep.shaded.org.apache.hc.client5.http.impl.io.PoolingHttpClientConnectionManager - ep-00000073: connection http-outgoing-2 can be kept alive for 3 MINUTES
03:32:59.031 [main] DEBUG com.github.dockerjava.zerodep.shaded.org.apache.hc.client5.http.impl.io.PoolingHttpClientConnectionManager - ep-00000073: connection released [route: {}->unix://localhost:2375][total available: 1; route allocated: 1 of 2147483647; total allocated: 1 of 2147483647]
03:32:59.031 [main] DEBUG 🐳 [mysql:8.0] - Trying to create JDBC connection using com.mysql.cj.jdbc.Driver to jdbc:mysql://localhost:49160/test?useSSL=false&allowPublicKeyRetrieval=true with properties: {password=admin, user=admin}
03:32:59.134 [main] DEBUG org.testcontainers.shaded.com.github.dockerjava.core.command.AbstrDockerCmd - Cmd: 9691e31891711283f4d98263d11bc6156717d3e75a0b86a23f3b128a992c1f38,false
03:32:59.134 [main] DEBUG org.testcontainers.shaded.com.github.dockerjava.core.exec.InspectContainerCmdExec - GET: DefaultWebTarget{path=[/containers/9691e31891711283f4d98263d11bc6156717d3e75a0b86a23f3b128a992c1f38/json], queryParams={}}
03:32:59.134 [main] DEBUG com.github.dockerjava.zerodep.shaded.org.apache.hc.client5.http.impl.classic.InternalHttpClient - ex-00000075: preparing request execution
03:32:59.135 [main] DEBUG com.github.dockerjava.zerodep.shaded.org.apache.hc.client5.http.protocol.RequestAddCookies - Cookie spec selected: strict
03:32:59.135 [main] DEBUG com.github.dockerjava.zerodep.shaded.org.apache.hc.client5.http.protocol.RequestAuthCache - Auth cache not set in the context
03:32:59.135 [main] DEBUG com.github.dockerjava.zerodep.shaded.org.apache.hc.client5.http.impl.classic.ProtocolExec - ex-00000075: target auth state: UNCHALLENGED
03:32:59.135 [main] DEBUG com.github.dockerjava.zerodep.shaded.org.apache.hc.client5.http.impl.classic.ProtocolExec - ex-00000075: proxy auth state: UNCHALLENGED
03:32:59.135 [main] DEBUG com.github.dockerjava.zerodep.shaded.org.apache.hc.client5.http.impl.classic.ConnectExec - ex-00000075: acquiring connection with route {}->unix://localhost:2375
03:32:59.135 [main] DEBUG com.github.dockerjava.zerodep.shaded.org.apache.hc.client5.http.impl.classic.InternalHttpClient - ex-00000075: acquiring endpoint (3 MINUTES)
03:32:59.135 [main] DEBUG com.github.dockerjava.zerodep.shaded.org.apache.hc.client5.http.impl.io.PoolingHttpClientConnectionManager - ex-00000075: endpoint lease request (3 MINUTES) [route: {}->unix://localhost:2375][total available: 1; route allocated: 1 of 2147483647; total allocated: 1 of 2147483647]
03:32:59.135 [main] DEBUG com.github.dockerjava.zerodep.shaded.org.apache.hc.client5.http.impl.io.PoolingHttpClientConnectionManager - ex-00000075: endpoint leased [route: {}->unix://localhost:2375][total available: 0; route allocated: 1 of 2147483647; total allocated: 1 of 2147483647]
03:32:59.135 [main] DEBUG com.github.dockerjava.zerodep.shaded.org.apache.hc.client5.http.impl.io.PoolingHttpClientConnectionManager - ex-00000075: acquired ep-00000074
03:32:59.135 [main] DEBUG com.github.dockerjava.zerodep.shaded.org.apache.hc.client5.http.impl.classic.InternalHttpClient - ex-00000075: acquired endpoint ep-00000074
03:32:59.135 [main] DEBUG com.github.dockerjava.zerodep.shaded.org.apache.hc.client5.http.impl.classic.MainClientExec - ex-00000075: executing GET /v1.32/containers/9691e31891711283f4d98263d11bc6156717d3e75a0b86a23f3b128a992c1f38/json HTTP/1.1
03:32:59.135 [main] DEBUG com.github.dockerjava.zerodep.shaded.org.apache.hc.client5.http.impl.classic.InternalHttpClient - ep-00000074: start execution ex-00000075
03:32:59.135 [main] DEBUG com.github.dockerjava.zerodep.shaded.org.apache.hc.client5.http.impl.io.PoolingHttpClientConnectionManager - ep-00000074: executing exchange ex-00000075 over http-outgoing-2
03:32:59.135 [main] DEBUG com.github.dockerjava.zerodep.shaded.org.apache.hc.client5.http.headers - http-outgoing-2 >> GET /v1.32/containers/9691e31891711283f4d98263d11bc6156717d3e75a0b86a23f3b128a992c1f38/json HTTP/1.1
03:32:59.135 [main] DEBUG com.github.dockerjava.zerodep.shaded.org.apache.hc.client5.http.headers - http-outgoing-2 >> accept: application/json
03:32:59.135 [main] DEBUG com.github.dockerjava.zerodep.shaded.org.apache.hc.client5.http.headers - http-outgoing-2 >> Accept-Encoding: gzip, x-gzip, deflate
03:32:59.135 [main] DEBUG com.github.dockerjava.zerodep.shaded.org.apache.hc.client5.http.headers - http-outgoing-2 >> Host: localhost:2375
03:32:59.135 [main] DEBUG com.github.dockerjava.zerodep.shaded.org.apache.hc.client5.http.headers - http-outgoing-2 >> Connection: keep-alive
03:32:59.135 [main] DEBUG com.github.dockerjava.zerodep.shaded.org.apache.hc.client5.http.headers - http-outgoing-2 >> User-Agent: Apache-HttpClient/5.0.3 (Java/11.0.15)
03:32:59.135 [main] DEBUG com.github.dockerjava.zerodep.shaded.org.apache.hc.client5.http.wire - http-outgoing-2 >> "GET /v1.32/containers/9691e31891711283f4d98263d11bc6156717d3e75a0b86a23f3b128a992c1f38/json HTTP/1.1[\r][\n]"
03:32:59.135 [main] DEBUG com.github.dockerjava.zerodep.shaded.org.apache.hc.client5.http.wire - http-outgoing-2 >> "accept: application/json[\r][\n]"
03:32:59.135 [main] DEBUG com.github.dockerjava.zerodep.shaded.org.apache.hc.client5.http.wire - http-outgoing-2 >> "Accept-Encoding: gzip, x-gzip, deflate[\r][\n]"
03:32:59.135 [main] DEBUG com.github.dockerjava.zerodep.shaded.org.apache.hc.client5.http.wire - http-outgoing-2 >> "Host: localhost:2375[\r][\n]"
03:32:59.135 [main] DEBUG com.github.dockerjava.zerodep.shaded.org.apache.hc.client5.http.wire - http-outgoing-2 >> "Connection: keep-alive[\r][\n]"
03:32:59.135 [main] DEBUG com.github.dockerjava.zerodep.shaded.org.apache.hc.client5.http.wire - http-outgoing-2 >> "User-Agent: Apache-HttpClient/5.0.3 (Java/11.0.15)[\r][\n]"
03:32:59.135 [main] DEBUG com.github.dockerjava.zerodep.shaded.org.apache.hc.client5.http.wire - http-outgoing-2 >> "[\r][\n]"
03:32:59.136 [main] DEBUG com.github.dockerjava.zerodep.shaded.org.apache.hc.client5.http.wire - http-outgoing-2 << "HTTP/1.1 200 OK[\r][\n]"
03:32:59.136 [main] DEBUG com.github.dockerjava.zerodep.shaded.org.apache.hc.client5.http.wire - http-outgoing-2 << "Api-Version: 1.41[\r][\n]"
03:32:59.136 [main] DEBUG com.github.dockerjava.zerodep.shaded.org.apache.hc.client5.http.wire - http-outgoing-2 << "Content-Type: application/json[\r][\n]"
03:32:59.136 [main] DEBUG com.github.dockerjava.zerodep.shaded.org.apache.hc.client5.http.wire - http-outgoing-2 << "Docker-Experimental: false[\r][\n]"
03:32:59.136 [main] DEBUG com.github.dockerjava.zerodep.shaded.org.apache.hc.client5.http.wire - http-outgoing-2 << "Ostype: linux[\r][\n]"
03:32:59.136 [main] DEBUG com.github.dockerjava.zerodep.shaded.org.apache.hc.client5.http.wire - http-outgoing-2 << "Server: Docker/20.10.12 (linux)[\r][\n]"
03:32:59.136 [main] DEBUG com.github.dockerjava.zerodep.shaded.org.apache.hc.client5.http.wire - http-outgoing-2 << "Date: Thu, 23 Jun 2022 02:32:59 GMT[\r][\n]"
03:32:59.136 [main] DEBUG com.github.dockerjava.zerodep.shaded.org.apache.hc.client5.http.wire - http-outgoing-2 << "Transfer-Encoding: chunked[\r][\n]"
03:32:59.136 [main] DEBUG com.github.dockerjava.zerodep.shaded.org.apache.hc.client5.http.wire - http-outgoing-2 << "[\r][\n]"
03:32:59.136 [main] DEBUG com.github.dockerjava.zerodep.shaded.org.apache.hc.client5.http.wire - http-outgoing-2 << "18ed[\r][\n]"
03:32:59.136 [main] DEBUG com.github.dockerjava.zerodep.shaded.org.apache.hc.client5.http.wire - http-outgoing-2 << "{"Id":"9691e31891711283f4d98263d11bc6156717d3e75a0b86a23f3b128a992c1f38","Created":"2022-06-23T02:32:47.03956921Z","Path":"docker-entrypoint.sh","Args":["mysqld"],"State":{"Status":"running","Running":true,"Paused":false,"Restarting":false,"OOMKilled":false,"Dead":false,"Pid":66188,"ExitCode":0,"Error":"","StartedAt":"2022-06-23T02:32:47.703880551Z","FinishedAt":"0001-01-01T00:00:00Z"},"Image":"sha256:65b636d5542b73254ce90cc4b895597dc1adc2c661ca553c38eda159979dded1","ResolvConfPath":"/var/lib/docker/containers/9691e31891711283f4d98263d11bc6156717d3e75a0b86a23f3b128a992c1f38/resolv.conf","HostnamePath":"/var/lib/docker/containers/9691e31891711283f4d98263d11bc6156717d3e75a0b86a23f3b128a992c1f38/hostname","HostsPath":"/var/lib/docker/containers/9691e31891711283f4d98263d11bc6156717d3e75a0b86a23f3b128a992c1f38/hosts","LogPath":"/var/lib/docker/containers/9691e31891711283f4d98263d11bc6156717d3e75a0b86a23f3b128a992c1f38/9691e31891711283f4d98263d11bc6156717d3e75a0b86a23f3b128a992c1f38-json.log","Name":"/xenodochial_satoshi","RestartCount":0,"Driver":"overlay2","Platform":"linux","MountLabel":"","ProcessLabel":"","AppArmorProfile":"docker-default","ExecIDs":null,"HostConfig":{"Binds":[],"ContainerIDFile":"","LogConfig":{"Type":"json-file","Config":{}},"NetworkMode":"default","PortBindings":{"3306/tcp":[{"HostIp":"","HostPort":""}]},"RestartPolicy":{"Name":"","MaximumRetryCount":0},"AutoRemove":false,"VolumeDriver":"","VolumesFrom":[],"CapAdd":null,"CapDrop":null,"CgroupnsMode":"host","Dns":null,"DnsOptions":null,"DnsSearch":null,"ExtraHosts":[],"GroupAdd":null,"IpcMode":"shareable","Cgroup":"","Links":null,"OomScoreAdj":0,"PidMode":"","Privileged":false,"PublishAllPorts":false,"ReadonlyRootfs":false,"SecurityOpt":null,"UTSMode":"","UsernsMode":"","ShmSize":67108864,"Runtime":"runc","ConsoleSize":[0,0],"Isolation":"","CpuShares":0,"Memory":0,"NanoCpus":0,"CgroupParent":"","BlkioWeight":0,"BlkioWeightDevice":null,"BlkioDeviceReadBps":null,"BlkioDeviceWriteBps":null,"BlkioDeviceReadIOps":null,"BlkioDeviceWriteIOps":null,"CpuPeriod":0,"CpuQuota":0,"CpuRealtimePeriod":0,"CpuRealtimeRuntime":0,"CpusetCpus":"","CpusetMems":"","Devices":null,"DeviceCgroupRules":null,"DeviceRequests":null,"KernelMemory":0,"KernelMemoryTCP":0,"MemoryReservation":0,"MemorySwap":0,"MemorySwappiness":null,"OomKillDisable":false,"PidsLimit":null,"Ulimits":null,"CpuCount":0,"CpuPercent":0,"IOMaximumIOps":0,"IOMaximumBandwidth":0,"MaskedPaths":["/proc/asound","/proc/acpi","/proc/kcore","/proc/keys","/proc/latency_stats","/proc/timer_list","/proc/timer_stats","/proc/sched_debug","/proc/scsi","/sys/firmware"],"ReadonlyPaths":["/proc/bus","/proc/fs","/proc/irq","/proc/sys","/proc/sysrq-trigger"]},"GraphDriver":{"Data":{"LowerDir":"/var/lib/docker/overlay2/5529564f52cf969e31e7a1482c27be7ffed19639b506ae2e15b7e7115f699a73-init/diff:/var/lib/docker/overlay2/833a665819b5d9728d3efa7c33135034345a24f83af53b1a1af33d9b64f5492a/diff:/var/lib/docker/overlay2/bd4a2a46c227c2f15475b08c398f37acaab93f4fdba31de015d730efae0a0cfc/diff:/var/lib/docker/overlay2/31ad437d7cba8e64428a2b62db1bbb2a2ec19ca4e439ec493ef4deb50dce2783/diff:/var/lib/docker/overlay2/35173cbd8ec5b88a8888e9abbe75f8694f5d3f96a9b781bb70dc1f0889685741/diff:/var/lib/docker/overlay2/24bf69ac4e8c81062fee44e7c9f746fffbb139c3f7f4b55b4fd1b23bb101b529/diff:/var/lib/docker/overlay2/2f27c96a7775dad186b6f0da325d5a251c80aa1b7f80cf8520f493c5154aee70/diff:/var/lib/docker/overlay2/463a60088c72ddbea82639ded15801e35a79c443f6a26bf1baf320c683cb06af/diff:/var/lib/docker/overlay2/80b8224b23a2ee4b5be635c58ae579fd1913aa95558cd66ab2f5e8430f00a5b8/diff:/var/lib/docker/overlay2/20451fa0b1a07b85d665bc3a0359d721ce4e4c28fa3bce7456ab25e0babae708/diff:/var/lib/docker/overlay2/f80d865cbc6c1c6f57d0963fa6234e7a6409e079eb17f4f13ca41d02731701ad/diff:/var/lib/docker/overlay2/5a3029e0b57c6ec9b985871ff6adf08356aaa0f2a15f1e34c1a7f116ecc4a61d/diff:/var/lib/docker/overlay2/4f3423103248d0b381a1bc6a7287e2b42313ff458cea602a02b7379014b03e0e/diff","MergedDir":"/var/lib/docker/overlay2/5529564f52cf969e31e7a1482c27be7ffed19639b506ae2e15b7e7115f699a73/merged","UpperDir":"/var/lib/docker/overlay2/5529564f52cf969e31e7a1482c27be7ffed19639b506ae2e15b7e7115f699a73/diff","WorkDir":"/var/lib/docker/overlay2/5529564f52cf969e31e7a1482c27be7ffed19639b506ae2e15b7e7115f699a73/work"},"Name":"overlay2"},"Mounts":[{"Type":"volume","Name":"fd1f613c7fe3ca3ae799982507ac3f565cc9f6a2dc99ceaed92389e2c43f47d1","Source":"/var/lib/docker/volumes/fd1f613c7fe3ca3ae799982507ac3f565cc9f6a2dc99ceaed92389e2c43f47d1/_data","Destination":"/var/lib/mysql","Driver":"local","Mode":"","RW":true,"Propagation":""}],"Config":{"Hostname":"9691e3189171","Domainname":"","User":"","AttachStdin":false,"AttachStdout":false,"AttachStderr":false,"ExposedPorts":{"3306/tcp":{},"33060/tcp":{}},"Tty":false,"OpenStdin":false,"StdinOnce":false,"Env":["MYSQL_DATABASE=test","MYSQL_PASSWORD=admin","MYSQL_USER=admin","MYSQL_ROOT_PASSWORD=admin","PATH=/usr/local/sbin:/usr/local/bin:/usr/sbin:/usr/bin:/sbin:/bin","GOSU_VERSION=1.14","MYSQL_MAJOR=8.0","MYSQL_VERSION=8.0.29-1debian10"],"Cmd":["mysqld"],"Image":"mysql:8.0","Volumes":{"/var/lib/mysql":{}},"WorkingDir":"","Entrypoint":["docker-entrypoint.sh"],"OnBuild":null,"Labels":{"org.testcontainers":"true","org.testcontainers.sessionId":"d48265e4-2b28-4f8c-aa67-76dd8289af84"}},"NetworkSettings":{"Bridge":"","SandboxID":"d9de8570fe3f0a4e9f3a1ff7101c963bbd2c6a0a9d8a867b96f17f4d5edca537","HairpinMode":false,"LinkLocalIPv6Address":"","LinkLocalIPv6PrefixLen":0,"Ports":{"3306/tcp":[{"HostIp":"0.0.0.0","HostPort":"49160"},{"HostIp":"::","HostPort":"49160"}],"33060/tcp":null},"SandboxKey":"/var/run/docker/netns/d9de8570fe3f","SecondaryIPAddresses":null,"SecondaryIPv6Addresses":null,"EndpointID":"93e8fe159f683a98670e8995677c2b130dbce857fc116679206e206bda319cbf","Gateway":"172.17.0.1","GlobalIPv6Address":"","GlobalIPv6PrefixLen":0,"IPAddress":"172.17.0.3","IPPrefixLen":16,"IPv6Gateway":"","MacAddress":"02:42:ac:11:00:03","Networks":{"bridge":{"IPAMConfig":null,"Links":null,"Aliases":null,"NetworkID":"1853cd2b9856825cc97ed9ef2b12efa82d95bf9cf60ad666c276eb35cc53539e","EndpointID":"93e8fe159f683a98670e8995677c2b130dbce857fc116679206e206bda319cbf","Gateway":"172.17.0.1","IPAddress":"172.17.0.3","IPPrefixLen":16,"IPv6Gateway":"","GlobalIPv6Address":"","GlobalIPv6PrefixLen":0,"MacAddress":"02:42:ac:11:00:03","DriverOpts":null}}}}[\n]"
03:32:59.136 [main] DEBUG com.github.dockerjava.zerodep.shaded.org.apache.hc.client5.http.wire - http-outgoing-2 << "[\r][\n]"
03:32:59.136 [main] DEBUG com.github.dockerjava.zerodep.shaded.org.apache.hc.client5.http.wire - http-outgoing-2 << "0[\r][\n]"
03:32:59.136 [main] DEBUG com.github.dockerjava.zerodep.shaded.org.apache.hc.client5.http.wire - http-outgoing-2 << "[\r][\n]"
03:32:59.136 [main] DEBUG com.github.dockerjava.zerodep.shaded.org.apache.hc.client5.http.headers - http-outgoing-2 << HTTP/1.1 200 OK
03:32:59.136 [main] DEBUG com.github.dockerjava.zerodep.shaded.org.apache.hc.client5.http.headers - http-outgoing-2 << Api-Version: 1.41
03:32:59.136 [main] DEBUG com.github.dockerjava.zerodep.shaded.org.apache.hc.client5.http.headers - http-outgoing-2 << Content-Type: application/json
03:32:59.136 [main] DEBUG com.github.dockerjava.zerodep.shaded.org.apache.hc.client5.http.headers - http-outgoing-2 << Docker-Experimental: false
03:32:59.136 [main] DEBUG com.github.dockerjava.zerodep.shaded.org.apache.hc.client5.http.headers - http-outgoing-2 << Ostype: linux
03:32:59.136 [main] DEBUG com.github.dockerjava.zerodep.shaded.org.apache.hc.client5.http.headers - http-outgoing-2 << Server: Docker/20.10.12 (linux)
03:32:59.136 [main] DEBUG com.github.dockerjava.zerodep.shaded.org.apache.hc.client5.http.headers - http-outgoing-2 << Date: Thu, 23 Jun 2022 02:32:59 GMT
03:32:59.136 [main] DEBUG com.github.dockerjava.zerodep.shaded.org.apache.hc.client5.http.headers - http-outgoing-2 << Transfer-Encoding: chunked
03:32:59.136 [main] DEBUG com.github.dockerjava.zerodep.shaded.org.apache.hc.client5.http.impl.classic.MainClientExec - ex-00000075: connection can be kept alive for 3 MINUTES
03:32:59.138 [main] DEBUG com.github.dockerjava.zerodep.shaded.org.apache.hc.client5.http.impl.classic.InternalHttpClient - ep-00000074: releasing valid endpoint
03:32:59.138 [main] DEBUG com.github.dockerjava.zerodep.shaded.org.apache.hc.client5.http.impl.io.PoolingHttpClientConnectionManager - ep-00000074: releasing endpoint
03:32:59.138 [main] DEBUG com.github.dockerjava.zerodep.shaded.org.apache.hc.client5.http.impl.io.PoolingHttpClientConnectionManager - ep-00000074: connection http-outgoing-2 can be kept alive for 3 MINUTES
03:32:59.138 [main] DEBUG com.github.dockerjava.zerodep.shaded.org.apache.hc.client5.http.impl.io.PoolingHttpClientConnectionManager - ep-00000074: connection released [route: {}->unix://localhost:2375][total available: 1; route allocated: 1 of 2147483647; total allocated: 1 of 2147483647]
03:32:59.139 [main] DEBUG 🐳 [mysql:8.0] - Trying to create JDBC connection using com.mysql.cj.jdbc.Driver to jdbc:mysql://localhost:49160/test?useSSL=false&allowPublicKeyRetrieval=true with properties: {password=admin, user=admin}
03:32:59.241 [main] DEBUG org.testcontainers.shaded.com.github.dockerjava.core.command.AbstrDockerCmd - Cmd: 9691e31891711283f4d98263d11bc6156717d3e75a0b86a23f3b128a992c1f38,false
03:32:59.241 [main] DEBUG org.testcontainers.shaded.com.github.dockerjava.core.exec.InspectContainerCmdExec - GET: DefaultWebTarget{path=[/containers/9691e31891711283f4d98263d11bc6156717d3e75a0b86a23f3b128a992c1f38/json], queryParams={}}
03:32:59.241 [main] DEBUG com.github.dockerjava.zerodep.shaded.org.apache.hc.client5.http.impl.classic.InternalHttpClient - ex-00000076: preparing request execution
03:32:59.242 [main] DEBUG com.github.dockerjava.zerodep.shaded.org.apache.hc.client5.http.protocol.RequestAddCookies - Cookie spec selected: strict
03:32:59.242 [main] DEBUG com.github.dockerjava.zerodep.shaded.org.apache.hc.client5.http.protocol.RequestAuthCache - Auth cache not set in the context
03:32:59.242 [main] DEBUG com.github.dockerjava.zerodep.shaded.org.apache.hc.client5.http.impl.classic.ProtocolExec - ex-00000076: target auth state: UNCHALLENGED
03:32:59.242 [main] DEBUG com.github.dockerjava.zerodep.shaded.org.apache.hc.client5.http.impl.classic.ProtocolExec - ex-00000076: proxy auth state: UNCHALLENGED
03:32:59.242 [main] DEBUG com.github.dockerjava.zerodep.shaded.org.apache.hc.client5.http.impl.classic.ConnectExec - ex-00000076: acquiring connection with route {}->unix://localhost:2375
03:32:59.242 [main] DEBUG com.github.dockerjava.zerodep.shaded.org.apache.hc.client5.http.impl.classic.InternalHttpClient - ex-00000076: acquiring endpoint (3 MINUTES)
03:32:59.242 [main] DEBUG com.github.dockerjava.zerodep.shaded.org.apache.hc.client5.http.impl.io.PoolingHttpClientConnectionManager - ex-00000076: endpoint lease request (3 MINUTES) [route: {}->unix://localhost:2375][total available: 1; route allocated: 1 of 2147483647; total allocated: 1 of 2147483647]
03:32:59.242 [main] DEBUG com.github.dockerjava.zerodep.shaded.org.apache.hc.client5.http.impl.io.PoolingHttpClientConnectionManager - ex-00000076: endpoint leased [route: {}->unix://localhost:2375][total available: 0; route allocated: 1 of 2147483647; total allocated: 1 of 2147483647]
03:32:59.242 [main] DEBUG com.github.dockerjava.zerodep.shaded.org.apache.hc.client5.http.impl.io.PoolingHttpClientConnectionManager - ex-00000076: acquired ep-00000075
03:32:59.242 [main] DEBUG com.github.dockerjava.zerodep.shaded.org.apache.hc.client5.http.impl.classic.InternalHttpClient - ex-00000076: acquired endpoint ep-00000075
03:32:59.242 [main] DEBUG com.github.dockerjava.zerodep.shaded.org.apache.hc.client5.http.impl.classic.MainClientExec - ex-00000076: executing GET /v1.32/containers/9691e31891711283f4d98263d11bc6156717d3e75a0b86a23f3b128a992c1f38/json HTTP/1.1
03:32:59.242 [main] DEBUG com.github.dockerjava.zerodep.shaded.org.apache.hc.client5.http.impl.classic.InternalHttpClient - ep-00000075: start execution ex-00000076
03:32:59.242 [main] DEBUG com.github.dockerjava.zerodep.shaded.org.apache.hc.client5.http.impl.io.PoolingHttpClientConnectionManager - ep-00000075: executing exchange ex-00000076 over http-outgoing-2
03:32:59.242 [main] DEBUG com.github.dockerjava.zerodep.shaded.org.apache.hc.client5.http.headers - http-outgoing-2 >> GET /v1.32/containers/9691e31891711283f4d98263d11bc6156717d3e75a0b86a23f3b128a992c1f38/json HTTP/1.1
03:32:59.242 [main] DEBUG com.github.dockerjava.zerodep.shaded.org.apache.hc.client5.http.headers - http-outgoing-2 >> accept: application/json
03:32:59.242 [main] DEBUG com.github.dockerjava.zerodep.shaded.org.apache.hc.client5.http.headers - http-outgoing-2 >> Accept-Encoding: gzip, x-gzip, deflate
03:32:59.242 [main] DEBUG com.github.dockerjava.zerodep.shaded.org.apache.hc.client5.http.headers - http-outgoing-2 >> Host: localhost:2375
03:32:59.242 [main] DEBUG com.github.dockerjava.zerodep.shaded.org.apache.hc.client5.http.headers - http-outgoing-2 >> Connection: keep-alive
03:32:59.242 [main] DEBUG com.github.dockerjava.zerodep.shaded.org.apache.hc.client5.http.headers - http-outgoing-2 >> User-Agent: Apache-HttpClient/5.0.3 (Java/11.0.15)
03:32:59.242 [main] DEBUG com.github.dockerjava.zerodep.shaded.org.apache.hc.client5.http.wire - http-outgoing-2 >> "GET /v1.32/containers/9691e31891711283f4d98263d11bc6156717d3e75a0b86a23f3b128a992c1f38/json HTTP/1.1[\r][\n]"
03:32:59.242 [main] DEBUG com.github.dockerjava.zerodep.shaded.org.apache.hc.client5.http.wire - http-outgoing-2 >> "accept: application/json[\r][\n]"
03:32:59.242 [main] DEBUG com.github.dockerjava.zerodep.shaded.org.apache.hc.client5.http.wire - http-outgoing-2 >> "Accept-Encoding: gzip, x-gzip, deflate[\r][\n]"
03:32:59.242 [main] DEBUG com.github.dockerjava.zerodep.shaded.org.apache.hc.client5.http.wire - http-outgoing-2 >> "Host: localhost:2375[\r][\n]"
03:32:59.242 [main] DEBUG com.github.dockerjava.zerodep.shaded.org.apache.hc.client5.http.wire - http-outgoing-2 >> "Connection: keep-alive[\r][\n]"
03:32:59.242 [main] DEBUG com.github.dockerjava.zerodep.shaded.org.apache.hc.client5.http.wire - http-outgoing-2 >> "User-Agent: Apache-HttpClient/5.0.3 (Java/11.0.15)[\r][\n]"
03:32:59.242 [main] DEBUG com.github.dockerjava.zerodep.shaded.org.apache.hc.client5.http.wire - http-outgoing-2 >> "[\r][\n]"
03:32:59.243 [main] DEBUG com.github.dockerjava.zerodep.shaded.org.apache.hc.client5.http.wire - http-outgoing-2 << "HTTP/1.1 200 OK[\r][\n]"
03:32:59.243 [main] DEBUG com.github.dockerjava.zerodep.shaded.org.apache.hc.client5.http.wire - http-outgoing-2 << "Api-Version: 1.41[\r][\n]"
03:32:59.243 [main] DEBUG com.github.dockerjava.zerodep.shaded.org.apache.hc.client5.http.wire - http-outgoing-2 << "Content-Type: application/json[\r][\n]"
03:32:59.243 [main] DEBUG com.github.dockerjava.zerodep.shaded.org.apache.hc.client5.http.wire - http-outgoing-2 << "Docker-Experimental: false[\r][\n]"
03:32:59.243 [main] DEBUG com.github.dockerjava.zerodep.shaded.org.apache.hc.client5.http.wire - http-outgoing-2 << "Ostype: linux[\r][\n]"
03:32:59.243 [main] DEBUG com.github.dockerjava.zerodep.shaded.org.apache.hc.client5.http.wire - http-outgoing-2 << "Server: Docker/20.10.12 (linux)[\r][\n]"
03:32:59.243 [main] DEBUG com.github.dockerjava.zerodep.shaded.org.apache.hc.client5.http.wire - http-outgoing-2 << "Date: Thu, 23 Jun 2022 02:32:59 GMT[\r][\n]"
03:32:59.243 [main] DEBUG com.github.dockerjava.zerodep.shaded.org.apache.hc.client5.http.wire - http-outgoing-2 << "Transfer-Encoding: chunked[\r][\n]"
03:32:59.243 [main] DEBUG com.github.dockerjava.zerodep.shaded.org.apache.hc.client5.http.wire - http-outgoing-2 << "[\r][\n]"
03:32:59.243 [main] DEBUG com.github.dockerjava.zerodep.shaded.org.apache.hc.client5.http.wire - http-outgoing-2 << "18ed[\r][\n]"
03:32:59.243 [main] DEBUG com.github.dockerjava.zerodep.shaded.org.apache.hc.client5.http.wire - http-outgoing-2 << "{"Id":"9691e31891711283f4d98263d11bc6156717d3e75a0b86a23f3b128a992c1f38","Created":"2022-06-23T02:32:47.03956921Z","Path":"docker-entrypoint.sh","Args":["mysqld"],"State":{"Status":"running","Running":true,"Paused":false,"Restarting":false,"OOMKilled":false,"Dead":false,"Pid":66188,"ExitCode":0,"Error":"","StartedAt":"2022-06-23T02:32:47.703880551Z","FinishedAt":"0001-01-01T00:00:00Z"},"Image":"sha256:65b636d5542b73254ce90cc4b895597dc1adc2c661ca553c38eda159979dded1","ResolvConfPath":"/var/lib/docker/containers/9691e31891711283f4d98263d11bc6156717d3e75a0b86a23f3b128a992c1f38/resolv.conf","HostnamePath":"/var/lib/docker/containers/9691e31891711283f4d98263d11bc6156717d3e75a0b86a23f3b128a992c1f38/hostname","HostsPath":"/var/lib/docker/containers/9691e31891711283f4d98263d11bc6156717d3e75a0b86a23f3b128a992c1f38/hosts","LogPath":"/var/lib/docker/containers/9691e31891711283f4d98263d11bc6156717d3e75a0b86a23f3b128a992c1f38/9691e31891711283f4d98263d11bc6156717d3e75a0b86a23f3b128a992c1f38-json.log","Name":"/xenodochial_satoshi","RestartCount":0,"Driver":"overlay2","Platform":"linux","MountLabel":"","ProcessLabel":"","AppArmorProfile":"docker-default","ExecIDs":null,"HostConfig":{"Binds":[],"ContainerIDFile":"","LogConfig":{"Type":"json-file","Config":{}},"NetworkMode":"default","PortBindings":{"3306/tcp":[{"HostIp":"","HostPort":""}]},"RestartPolicy":{"Name":"","MaximumRetryCount":0},"AutoRemove":false,"VolumeDriver":"","VolumesFrom":[],"CapAdd":null,"CapDrop":null,"CgroupnsMode":"host","Dns":null,"DnsOptions":null,"DnsSearch":null,"ExtraHosts":[],"GroupAdd":null,"IpcMode":"shareable","Cgroup":"","Links":null,"OomScoreAdj":0,"PidMode":"","Privileged":false,"PublishAllPorts":false,"ReadonlyRootfs":false,"SecurityOpt":null,"UTSMode":"","UsernsMode":"","ShmSize":67108864,"Runtime":"runc","ConsoleSize":[0,0],"Isolation":"","CpuShares":0,"Memory":0,"NanoCpus":0,"CgroupParent":"","BlkioWeight":0,"BlkioWeightDevice":null,"BlkioDeviceReadBps":null,"BlkioDeviceWriteBps":null,"BlkioDeviceReadIOps":null,"BlkioDeviceWriteIOps":null,"CpuPeriod":0,"CpuQuota":0,"CpuRealtimePeriod":0,"CpuRealtimeRuntime":0,"CpusetCpus":"","CpusetMems":"","Devices":null,"DeviceCgroupRules":null,"DeviceRequests":null,"KernelMemory":0,"KernelMemoryTCP":0,"MemoryReservation":0,"MemorySwap":0,"MemorySwappiness":null,"OomKillDisable":false,"PidsLimit":null,"Ulimits":null,"CpuCount":0,"CpuPercent":0,"IOMaximumIOps":0,"IOMaximumBandwidth":0,"MaskedPaths":["/proc/asound","/proc/acpi","/proc/kcore","/proc/keys","/proc/latency_stats","/proc/timer_list","/proc/timer_stats","/proc/sched_debug","/proc/scsi","/sys/firmware"],"ReadonlyPaths":["/proc/bus","/proc/fs","/proc/irq","/proc/sys","/proc/sysrq-trigger"]},"GraphDriver":{"Data":{"LowerDir":"/var/lib/docker/overlay2/5529564f52cf969e31e7a1482c27be7ffed19639b506ae2e15b7e7115f699a73-init/diff:/var/lib/docker/overlay2/833a665819b5d9728d3efa7c33135034345a24f83af53b1a1af33d9b64f5492a/diff:/var/lib/docker/overlay2/bd4a2a46c227c2f15475b08c398f37acaab93f4fdba31de015d730efae0a0cfc/diff:/var/lib/docker/overlay2/31ad437d7cba8e64428a2b62db1bbb2a2ec19ca4e439ec493ef4deb50dce2783/diff:/var/lib/docker/overlay2/35173cbd8ec5b88a8888e9abbe75f8694f5d3f96a9b781bb70dc1f0889685741/diff:/var/lib/docker/overlay2/24bf69ac4e8c81062fee44e7c9f746fffbb139c3f7f4b55b4fd1b23bb101b529/diff:/var/lib/docker/overlay2/2f27c96a7775dad186b6f0da325d5a251c80aa1b7f80cf8520f493c5154aee70/diff:/var/lib/docker/overlay2/463a60088c72ddbea82639ded15801e35a79c443f6a26bf1baf320c683cb06af/diff:/var/lib/docker/overlay2/80b8224b23a2ee4b5be635c58ae579fd1913aa95558cd66ab2f5e8430f00a5b8/diff:/var/lib/docker/overlay2/20451fa0b1a07b85d665bc3a0359d721ce4e4c28fa3bce7456ab25e0babae708/diff:/var/lib/docker/overlay2/f80d865cbc6c1c6f57d0963fa6234e7a6409e079eb17f4f13ca41d02731701ad/diff:/var/lib/docker/overlay2/5a3029e0b57c6ec9b985871ff6adf08356aaa0f2a15f1e34c1a7f116ecc4a61d/diff:/var/lib/docker/overlay2/4f3423103248d0b381a1bc6a7287e2b42313ff458cea602a02b7379014b03e0e/diff","MergedDir":"/var/lib/docker/overlay2/5529564f52cf969e31e7a1482c27be7ffed19639b506ae2e15b7e7115f699a73/merged","UpperDir":"/var/lib/docker/overlay2/5529564f52cf969e31e7a1482c27be7ffed19639b506ae2e15b7e7115f699a73/diff","WorkDir":"/var/lib/docker/overlay2/5529564f52cf969e31e7a1482c27be7ffed19639b506ae2e15b7e7115f699a73/work"},"Name":"overlay2"},"Mounts":[{"Type":"volume","Name":"fd1f613c7fe3ca3ae799982507ac3f565cc9f6a2dc99ceaed92389e2c43f47d1","Source":"/var/lib/docker/volumes/fd1f613c7fe3ca3ae799982507ac3f565cc9f6a2dc99ceaed92389e2c43f47d1/_data","Destination":"/var/lib/mysql","Driver":"local","Mode":"","RW":true,"Propagation":""}],"Config":{"Hostname":"9691e3189171","Domainname":"","User":"","AttachStdin":false,"AttachStdout":false,"AttachStderr":false,"ExposedPorts":{"3306/tcp":{},"33060/tcp":{}},"Tty":false,"OpenStdin":false,"StdinOnce":false,"Env":["MYSQL_DATABASE=test","MYSQL_PASSWORD=admin","MYSQL_USER=admin","MYSQL_ROOT_PASSWORD=admin","PATH=/usr/local/sbin:/usr/local/bin:/usr/sbin:/usr/bin:/sbin:/bin","GOSU_VERSION=1.14","MYSQL_MAJOR=8.0","MYSQL_VERSION=8.0.29-1debian10"],"Cmd":["mysqld"],"Image":"mysql:8.0","Volumes":{"/var/lib/mysql":{}},"WorkingDir":"","Entrypoint":["docker-entrypoint.sh"],"OnBuild":null,"Labels":{"org.testcontainers":"true","org.testcontainers.sessionId":"d48265e4-2b28-4f8c-aa67-76dd8289af84"}},"NetworkSettings":{"Bridge":"","SandboxID":"d9de8570fe3f0a4e9f3a1ff7101c963bbd2c6a0a9d8a867b96f17f4d5edca537","HairpinMode":false,"LinkLocalIPv6Address":"","LinkLocalIPv6PrefixLen":0,"Ports":{"3306/tcp":[{"HostIp":"0.0.0.0","HostPort":"49160"},{"HostIp":"::","HostPort":"49160"}],"33060/tcp":null},"SandboxKey":"/var/run/docker/netns/d9de8570fe3f","SecondaryIPAddresses":null,"SecondaryIPv6Addresses":null,"EndpointID":"93e8fe159f683a98670e8995677c2b130dbce857fc116679206e206bda319cbf","Gateway":"172.17.0.1","GlobalIPv6Address":"","GlobalIPv6PrefixLen":0,"IPAddress":"172.17.0.3","IPPrefixLen":16,"IPv6Gateway":"","MacAddress":"02:42:ac:11:00:03","Networks":{"bridge":{"IPAMConfig":null,"Links":null,"Aliases":null,"NetworkID":"1853cd2b9856825cc97ed9ef2b12efa82d95bf9cf60ad666c276eb35cc53539e","EndpointID":"93e8fe159f683a98670e8995677c2b130dbce857fc116679206e206bda319cbf","Gateway":"172.17.0.1","IPAddress":"172.17.0.3","IPPrefixLen":16,"IPv6Gateway":"","GlobalIPv6Address":"","GlobalIPv6PrefixLen":0,"MacAddress":"02:42:ac:11:00:03","DriverOpts":null}}}}[\n]"
03:32:59.243 [main] DEBUG com.github.dockerjava.zerodep.shaded.org.apache.hc.client5.http.wire - http-outgoing-2 << "[\r][\n]"
03:32:59.243 [main] DEBUG com.github.dockerjava.zerodep.shaded.org.apache.hc.client5.http.wire - http-outgoing-2 << "0[\r][\n]"
03:32:59.243 [main] DEBUG com.github.dockerjava.zerodep.shaded.org.apache.hc.client5.http.wire - http-outgoing-2 << "[\r][\n]"
03:32:59.243 [main] DEBUG com.github.dockerjava.zerodep.shaded.org.apache.hc.client5.http.headers - http-outgoing-2 << HTTP/1.1 200 OK
03:32:59.243 [main] DEBUG com.github.dockerjava.zerodep.shaded.org.apache.hc.client5.http.headers - http-outgoing-2 << Api-Version: 1.41
03:32:59.243 [main] DEBUG com.github.dockerjava.zerodep.shaded.org.apache.hc.client5.http.headers - http-outgoing-2 << Content-Type: application/json
03:32:59.243 [main] DEBUG com.github.dockerjava.zerodep.shaded.org.apache.hc.client5.http.headers - http-outgoing-2 << Docker-Experimental: false
03:32:59.243 [main] DEBUG com.github.dockerjava.zerodep.shaded.org.apache.hc.client5.http.headers - http-outgoing-2 << Ostype: linux
03:32:59.243 [main] DEBUG com.github.dockerjava.zerodep.shaded.org.apache.hc.client5.http.headers - http-outgoing-2 << Server: Docker/20.10.12 (linux)
03:32:59.243 [main] DEBUG com.github.dockerjava.zerodep.shaded.org.apache.hc.client5.http.headers - http-outgoing-2 << Date: Thu, 23 Jun 2022 02:32:59 GMT
03:32:59.243 [main] DEBUG com.github.dockerjava.zerodep.shaded.org.apache.hc.client5.http.headers - http-outgoing-2 << Transfer-Encoding: chunked
03:32:59.243 [main] DEBUG com.github.dockerjava.zerodep.shaded.org.apache.hc.client5.http.impl.classic.MainClientExec - ex-00000076: connection can be kept alive for 3 MINUTES
03:32:59.244 [main] DEBUG com.github.dockerjava.zerodep.shaded.org.apache.hc.client5.http.impl.classic.InternalHttpClient - ep-00000075: releasing valid endpoint
03:32:59.244 [main] DEBUG com.github.dockerjava.zerodep.shaded.org.apache.hc.client5.http.impl.io.PoolingHttpClientConnectionManager - ep-00000075: releasing endpoint
03:32:59.244 [main] DEBUG com.github.dockerjava.zerodep.shaded.org.apache.hc.client5.http.impl.io.PoolingHttpClientConnectionManager - ep-00000075: connection http-outgoing-2 can be kept alive for 3 MINUTES
03:32:59.244 [main] DEBUG com.github.dockerjava.zerodep.shaded.org.apache.hc.client5.http.impl.io.PoolingHttpClientConnectionManager - ep-00000075: connection released [route: {}->unix://localhost:2375][total available: 1; route allocated: 1 of 2147483647; total allocated: 1 of 2147483647]
03:32:59.245 [main] DEBUG 🐳 [mysql:8.0] - Trying to create JDBC connection using com.mysql.cj.jdbc.Driver to jdbc:mysql://localhost:49160/test?useSSL=false&allowPublicKeyRetrieval=true with properties: {password=admin, user=admin}
03:32:59.349 [main] DEBUG org.testcontainers.shaded.com.github.dockerjava.core.command.AbstrDockerCmd - Cmd: 9691e31891711283f4d98263d11bc6156717d3e75a0b86a23f3b128a992c1f38,false
03:32:59.349 [main] DEBUG org.testcontainers.shaded.com.github.dockerjava.core.exec.InspectContainerCmdExec - GET: DefaultWebTarget{path=[/containers/9691e31891711283f4d98263d11bc6156717d3e75a0b86a23f3b128a992c1f38/json], queryParams={}}
03:32:59.350 [main] DEBUG com.github.dockerjava.zerodep.shaded.org.apache.hc.client5.http.impl.classic.InternalHttpClient - ex-00000077: preparing request execution
03:32:59.350 [main] DEBUG com.github.dockerjava.zerodep.shaded.org.apache.hc.client5.http.protocol.RequestAddCookies - Cookie spec selected: strict
03:32:59.350 [main] DEBUG com.github.dockerjava.zerodep.shaded.org.apache.hc.client5.http.protocol.RequestAuthCache - Auth cache not set in the context
03:32:59.350 [main] DEBUG com.github.dockerjava.zerodep.shaded.org.apache.hc.client5.http.impl.classic.ProtocolExec - ex-00000077: target auth state: UNCHALLENGED
03:32:59.350 [main] DEBUG com.github.dockerjava.zerodep.shaded.org.apache.hc.client5.http.impl.classic.ProtocolExec - ex-00000077: proxy auth state: UNCHALLENGED
03:32:59.350 [main] DEBUG com.github.dockerjava.zerodep.shaded.org.apache.hc.client5.http.impl.classic.ConnectExec - ex-00000077: acquiring connection with route {}->unix://localhost:2375
03:32:59.350 [main] DEBUG com.github.dockerjava.zerodep.shaded.org.apache.hc.client5.http.impl.classic.InternalHttpClient - ex-00000077: acquiring endpoint (3 MINUTES)
03:32:59.350 [main] DEBUG com.github.dockerjava.zerodep.shaded.org.apache.hc.client5.http.impl.io.PoolingHttpClientConnectionManager - ex-00000077: endpoint lease request (3 MINUTES) [route: {}->unix://localhost:2375][total available: 1; route allocated: 1 of 2147483647; total allocated: 1 of 2147483647]
03:32:59.350 [main] DEBUG com.github.dockerjava.zerodep.shaded.org.apache.hc.client5.http.impl.io.PoolingHttpClientConnectionManager - ex-00000077: endpoint leased [route: {}->unix://localhost:2375][total available: 0; route allocated: 1 of 2147483647; total allocated: 1 of 2147483647]
03:32:59.350 [main] DEBUG com.github.dockerjava.zerodep.shaded.org.apache.hc.client5.http.impl.io.PoolingHttpClientConnectionManager - ex-00000077: acquired ep-00000076
03:32:59.350 [main] DEBUG com.github.dockerjava.zerodep.shaded.org.apache.hc.client5.http.impl.classic.InternalHttpClient - ex-00000077: acquired endpoint ep-00000076
03:32:59.350 [main] DEBUG com.github.dockerjava.zerodep.shaded.org.apache.hc.client5.http.impl.classic.MainClientExec - ex-00000077: executing GET /v1.32/containers/9691e31891711283f4d98263d11bc6156717d3e75a0b86a23f3b128a992c1f38/json HTTP/1.1
03:32:59.350 [main] DEBUG com.github.dockerjava.zerodep.shaded.org.apache.hc.client5.http.impl.classic.InternalHttpClient - ep-00000076: start execution ex-00000077
03:32:59.350 [main] DEBUG com.github.dockerjava.zerodep.shaded.org.apache.hc.client5.http.impl.io.PoolingHttpClientConnectionManager - ep-00000076: executing exchange ex-00000077 over http-outgoing-2
03:32:59.350 [main] DEBUG com.github.dockerjava.zerodep.shaded.org.apache.hc.client5.http.headers - http-outgoing-2 >> GET /v1.32/containers/9691e31891711283f4d98263d11bc6156717d3e75a0b86a23f3b128a992c1f38/json HTTP/1.1
03:32:59.350 [main] DEBUG com.github.dockerjava.zerodep.shaded.org.apache.hc.client5.http.headers - http-outgoing-2 >> accept: application/json
03:32:59.350 [main] DEBUG com.github.dockerjava.zerodep.shaded.org.apache.hc.client5.http.headers - http-outgoing-2 >> Accept-Encoding: gzip, x-gzip, deflate
03:32:59.350 [main] DEBUG com.github.dockerjava.zerodep.shaded.org.apache.hc.client5.http.headers - http-outgoing-2 >> Host: localhost:2375
03:32:59.350 [main] DEBUG com.github.dockerjava.zerodep.shaded.org.apache.hc.client5.http.headers - http-outgoing-2 >> Connection: keep-alive
03:32:59.350 [main] DEBUG com.github.dockerjava.zerodep.shaded.org.apache.hc.client5.http.headers - http-outgoing-2 >> User-Agent: Apache-HttpClient/5.0.3 (Java/11.0.15)
03:32:59.350 [main] DEBUG com.github.dockerjava.zerodep.shaded.org.apache.hc.client5.http.wire - http-outgoing-2 >> "GET /v1.32/containers/9691e31891711283f4d98263d11bc6156717d3e75a0b86a23f3b128a992c1f38/json HTTP/1.1[\r][\n]"
03:32:59.350 [main] DEBUG com.github.dockerjava.zerodep.shaded.org.apache.hc.client5.http.wire - http-outgoing-2 >> "accept: application/json[\r][\n]"
03:32:59.350 [main] DEBUG com.github.dockerjava.zerodep.shaded.org.apache.hc.client5.http.wire - http-outgoing-2 >> "Accept-Encoding: gzip, x-gzip, deflate[\r][\n]"
03:32:59.350 [main] DEBUG com.github.dockerjava.zerodep.shaded.org.apache.hc.client5.http.wire - http-outgoing-2 >> "Host: localhost:2375[\r][\n]"
03:32:59.350 [main] DEBUG com.github.dockerjava.zerodep.shaded.org.apache.hc.client5.http.wire - http-outgoing-2 >> "Connection: keep-alive[\r][\n]"
03:32:59.350 [main] DEBUG com.github.dockerjava.zerodep.shaded.org.apache.hc.client5.http.wire - http-outgoing-2 >> "User-Agent: Apache-HttpClient/5.0.3 (Java/11.0.15)[\r][\n]"
03:32:59.350 [main] DEBUG com.github.dockerjava.zerodep.shaded.org.apache.hc.client5.http.wire - http-outgoing-2 >> "[\r][\n]"
03:32:59.351 [main] DEBUG com.github.dockerjava.zerodep.shaded.org.apache.hc.client5.http.wire - http-outgoing-2 << "HTTP/1.1 200 OK[\r][\n]"
03:32:59.351 [main] DEBUG com.github.dockerjava.zerodep.shaded.org.apache.hc.client5.http.wire - http-outgoing-2 << "Api-Version: 1.41[\r][\n]"
03:32:59.351 [main] DEBUG com.github.dockerjava.zerodep.shaded.org.apache.hc.client5.http.wire - http-outgoing-2 << "Content-Type: application/json[\r][\n]"
03:32:59.351 [main] DEBUG com.github.dockerjava.zerodep.shaded.org.apache.hc.client5.http.wire - http-outgoing-2 << "Docker-Experimental: false[\r][\n]"
03:32:59.351 [main] DEBUG com.github.dockerjava.zerodep.shaded.org.apache.hc.client5.http.wire - http-outgoing-2 << "Ostype: linux[\r][\n]"
03:32:59.351 [main] DEBUG com.github.dockerjava.zerodep.shaded.org.apache.hc.client5.http.wire - http-outgoing-2 << "Server: Docker/20.10.12 (linux)[\r][\n]"
03:32:59.351 [main] DEBUG com.github.dockerjava.zerodep.shaded.org.apache.hc.client5.http.wire - http-outgoing-2 << "Date: Thu, 23 Jun 2022 02:32:59 GMT[\r][\n]"
03:32:59.351 [main] DEBUG com.github.dockerjava.zerodep.shaded.org.apache.hc.client5.http.wire - http-outgoing-2 << "Transfer-Encoding: chunked[\r][\n]"
03:32:59.351 [main] DEBUG com.github.dockerjava.zerodep.shaded.org.apache.hc.client5.http.wire - http-outgoing-2 << "[\r][\n]"
03:32:59.351 [main] DEBUG com.github.dockerjava.zerodep.shaded.org.apache.hc.client5.http.wire - http-outgoing-2 << "18ed[\r][\n]"
03:32:59.351 [main] DEBUG com.github.dockerjava.zerodep.shaded.org.apache.hc.client5.http.wire - http-outgoing-2 << "{"Id":"9691e31891711283f4d98263d11bc6156717d3e75a0b86a23f3b128a992c1f38","Created":"2022-06-23T02:32:47.03956921Z","Path":"docker-entrypoint.sh","Args":["mysqld"],"State":{"Status":"running","Running":true,"Paused":false,"Restarting":false,"OOMKilled":false,"Dead":false,"Pid":66188,"ExitCode":0,"Error":"","StartedAt":"2022-06-23T02:32:47.703880551Z","FinishedAt":"0001-01-01T00:00:00Z"},"Image":"sha256:65b636d5542b73254ce90cc4b895597dc1adc2c661ca553c38eda159979dded1","ResolvConfPath":"/var/lib/docker/containers/9691e31891711283f4d98263d11bc6156717d3e75a0b86a23f3b128a992c1f38/resolv.conf","HostnamePath":"/var/lib/docker/containers/9691e31891711283f4d98263d11bc6156717d3e75a0b86a23f3b128a992c1f38/hostname","HostsPath":"/var/lib/docker/containers/9691e31891711283f4d98263d11bc6156717d3e75a0b86a23f3b128a992c1f38/hosts","LogPath":"/var/lib/docker/containers/9691e31891711283f4d98263d11bc6156717d3e75a0b86a23f3b128a992c1f38/9691e31891711283f4d98263d11bc6156717d3e75a0b86a23f3b128a992c1f38-json.log","Name":"/xenodochial_satoshi","RestartCount":0,"Driver":"overlay2","Platform":"linux","MountLabel":"","ProcessLabel":"","AppArmorProfile":"docker-default","ExecIDs":null,"HostConfig":{"Binds":[],"ContainerIDFile":"","LogConfig":{"Type":"json-file","Config":{}},"NetworkMode":"default","PortBindings":{"3306/tcp":[{"HostIp":"","HostPort":""}]},"RestartPolicy":{"Name":"","MaximumRetryCount":0},"AutoRemove":false,"VolumeDriver":"","VolumesFrom":[],"CapAdd":null,"CapDrop":null,"CgroupnsMode":"host","Dns":null,"DnsOptions":null,"DnsSearch":null,"ExtraHosts":[],"GroupAdd":null,"IpcMode":"shareable","Cgroup":"","Links":null,"OomScoreAdj":0,"PidMode":"","Privileged":false,"PublishAllPorts":false,"ReadonlyRootfs":false,"SecurityOpt":null,"UTSMode":"","UsernsMode":"","ShmSize":67108864,"Runtime":"runc","ConsoleSize":[0,0],"Isolation":"","CpuShares":0,"Memory":0,"NanoCpus":0,"CgroupParent":"","BlkioWeight":0,"BlkioWeightDevice":null,"BlkioDeviceReadBps":null,"BlkioDeviceWriteBps":null,"BlkioDeviceReadIOps":null,"BlkioDeviceWriteIOps":null,"CpuPeriod":0,"CpuQuota":0,"CpuRealtimePeriod":0,"CpuRealtimeRuntime":0,"CpusetCpus":"","CpusetMems":"","Devices":null,"DeviceCgroupRules":null,"DeviceRequests":null,"KernelMemory":0,"KernelMemoryTCP":0,"MemoryReservation":0,"MemorySwap":0,"MemorySwappiness":null,"OomKillDisable":false,"PidsLimit":null,"Ulimits":null,"CpuCount":0,"CpuPercent":0,"IOMaximumIOps":0,"IOMaximumBandwidth":0,"MaskedPaths":["/proc/asound","/proc/acpi","/proc/kcore","/proc/keys","/proc/latency_stats","/proc/timer_list","/proc/timer_stats","/proc/sched_debug","/proc/scsi","/sys/firmware"],"ReadonlyPaths":["/proc/bus","/proc/fs","/proc/irq","/proc/sys","/proc/sysrq-trigger"]},"GraphDriver":{"Data":{"LowerDir":"/var/lib/docker/overlay2/5529564f52cf969e31e7a1482c27be7ffed19639b506ae2e15b7e7115f699a73-init/diff:/var/lib/docker/overlay2/833a665819b5d9728d3efa7c33135034345a24f83af53b1a1af33d9b64f5492a/diff:/var/lib/docker/overlay2/bd4a2a46c227c2f15475b08c398f37acaab93f4fdba31de015d730efae0a0cfc/diff:/var/lib/docker/overlay2/31ad437d7cba8e64428a2b62db1bbb2a2ec19ca4e439ec493ef4deb50dce2783/diff:/var/lib/docker/overlay2/35173cbd8ec5b88a8888e9abbe75f8694f5d3f96a9b781bb70dc1f0889685741/diff:/var/lib/docker/overlay2/24bf69ac4e8c81062fee44e7c9f746fffbb139c3f7f4b55b4fd1b23bb101b529/diff:/var/lib/docker/overlay2/2f27c96a7775dad186b6f0da325d5a251c80aa1b7f80cf8520f493c5154aee70/diff:/var/lib/docker/overlay2/463a60088c72ddbea82639ded15801e35a79c443f6a26bf1baf320c683cb06af/diff:/var/lib/docker/overlay2/80b8224b23a2ee4b5be635c58ae579fd1913aa95558cd66ab2f5e8430f00a5b8/diff:/var/lib/docker/overlay2/20451fa0b1a07b85d665bc3a0359d721ce4e4c28fa3bce7456ab25e0babae708/diff:/var/lib/docker/overlay2/f80d865cbc6c1c6f57d0963fa6234e7a6409e079eb17f4f13ca41d02731701ad/diff:/var/lib/docker/overlay2/5a3029e0b57c6ec9b985871ff6adf08356aaa0f2a15f1e34c1a7f116ecc4a61d/diff:/var/lib/docker/overlay2/4f3423103248d0b381a1bc6a7287e2b42313ff458cea602a02b7379014b03e0e/diff","MergedDir":"/var/lib/docker/overlay2/5529564f52cf969e31e7a1482c27be7ffed19639b506ae2e15b7e7115f699a73/merged","UpperDir":"/var/lib/docker/overlay2/5529564f52cf969e31e7a1482c27be7ffed19639b506ae2e15b7e7115f699a73/diff","WorkDir":"/var/lib/docker/overlay2/5529564f52cf969e31e7a1482c27be7ffed19639b506ae2e15b7e7115f699a73/work"},"Name":"overlay2"},"Mounts":[{"Type":"volume","Name":"fd1f613c7fe3ca3ae799982507ac3f565cc9f6a2dc99ceaed92389e2c43f47d1","Source":"/var/lib/docker/volumes/fd1f613c7fe3ca3ae799982507ac3f565cc9f6a2dc99ceaed92389e2c43f47d1/_data","Destination":"/var/lib/mysql","Driver":"local","Mode":"","RW":true,"Propagation":""}],"Config":{"Hostname":"9691e3189171","Domainname":"","User":"","AttachStdin":false,"AttachStdout":false,"AttachStderr":false,"ExposedPorts":{"3306/tcp":{},"33060/tcp":{}},"Tty":false,"OpenStdin":false,"StdinOnce":false,"Env":["MYSQL_DATABASE=test","MYSQL_PASSWORD=admin","MYSQL_USER=admin","MYSQL_ROOT_PASSWORD=admin","PATH=/usr/local/sbin:/usr/local/bin:/usr/sbin:/usr/bin:/sbin:/bin","GOSU_VERSION=1.14","MYSQL_MAJOR=8.0","MYSQL_VERSION=8.0.29-1debian10"],"Cmd":["mysqld"],"Image":"mysql:8.0","Volumes":{"/var/lib/mysql":{}},"WorkingDir":"","Entrypoint":["docker-entrypoint.sh"],"OnBuild":null,"Labels":{"org.testcontainers":"true","org.testcontainers.sessionId":"d48265e4-2b28-4f8c-aa67-76dd8289af84"}},"NetworkSettings":{"Bridge":"","SandboxID":"d9de8570fe3f0a4e9f3a1ff7101c963bbd2c6a0a9d8a867b96f17f4d5edca537","HairpinMode":false,"LinkLocalIPv6Address":"","LinkLocalIPv6PrefixLen":0,"Ports":{"3306/tcp":[{"HostIp":"0.0.0.0","HostPort":"49160"},{"HostIp":"::","HostPort":"49160"}],"33060/tcp":null},"SandboxKey":"/var/run/docker/netns/d9de8570fe3f","SecondaryIPAddresses":null,"SecondaryIPv6Addresses":null,"EndpointID":"93e8fe159f683a98670e8995677c2b130dbce857fc116679206e206bda319cbf","Gateway":"172.17.0.1","GlobalIPv6Address":"","GlobalIPv6PrefixLen":0,"IPAddress":"172.17.0.3","IPPrefixLen":16,"IPv6Gateway":"","MacAddress":"02:42:ac:11:00:03","Networks":{"bridge":{"IPAMConfig":null,"Links":null,"Aliases":null,"NetworkID":"1853cd2b9856825cc97ed9ef2b12efa82d95bf9cf60ad666c276eb35cc53539e","EndpointID":"93e8fe159f683a98670e8995677c2b130dbce857fc116679206e206bda319cbf","Gateway":"172.17.0.1","IPAddress":"172.17.0.3","IPPrefixLen":16,"IPv6Gateway":"","GlobalIPv6Address":"","GlobalIPv6PrefixLen":0,"MacAddress":"02:42:ac:11:00:03","DriverOpts":null}}}}[\n]"
03:32:59.351 [main] DEBUG com.github.dockerjava.zerodep.shaded.org.apache.hc.client5.http.wire - http-outgoing-2 << "[\r][\n]"
03:32:59.351 [main] DEBUG com.github.dockerjava.zerodep.shaded.org.apache.hc.client5.http.wire - http-outgoing-2 << "0[\r][\n]"
03:32:59.351 [main] DEBUG com.github.dockerjava.zerodep.shaded.org.apache.hc.client5.http.wire - http-outgoing-2 << "[\r][\n]"
03:32:59.351 [main] DEBUG com.github.dockerjava.zerodep.shaded.org.apache.hc.client5.http.headers - http-outgoing-2 << HTTP/1.1 200 OK
03:32:59.351 [main] DEBUG com.github.dockerjava.zerodep.shaded.org.apache.hc.client5.http.headers - http-outgoing-2 << Api-Version: 1.41
03:32:59.351 [main] DEBUG com.github.dockerjava.zerodep.shaded.org.apache.hc.client5.http.headers - http-outgoing-2 << Content-Type: application/json
03:32:59.351 [main] DEBUG com.github.dockerjava.zerodep.shaded.org.apache.hc.client5.http.headers - http-outgoing-2 << Docker-Experimental: false
03:32:59.351 [main] DEBUG com.github.dockerjava.zerodep.shaded.org.apache.hc.client5.http.headers - http-outgoing-2 << Ostype: linux
03:32:59.351 [main] DEBUG com.github.dockerjava.zerodep.shaded.org.apache.hc.client5.http.headers - http-outgoing-2 << Server: Docker/20.10.12 (linux)
03:32:59.351 [main] DEBUG com.github.dockerjava.zerodep.shaded.org.apache.hc.client5.http.headers - http-outgoing-2 << Date: Thu, 23 Jun 2022 02:32:59 GMT
03:32:59.351 [main] DEBUG com.github.dockerjava.zerodep.shaded.org.apache.hc.client5.http.headers - http-outgoing-2 << Transfer-Encoding: chunked
03:32:59.351 [main] DEBUG com.github.dockerjava.zerodep.shaded.org.apache.hc.client5.http.impl.classic.MainClientExec - ex-00000077: connection can be kept alive for 3 MINUTES
03:32:59.352 [main] DEBUG com.github.dockerjava.zerodep.shaded.org.apache.hc.client5.http.impl.classic.InternalHttpClient - ep-00000076: releasing valid endpoint
03:32:59.352 [main] DEBUG com.github.dockerjava.zerodep.shaded.org.apache.hc.client5.http.impl.io.PoolingHttpClientConnectionManager - ep-00000076: releasing endpoint
03:32:59.352 [main] DEBUG com.github.dockerjava.zerodep.shaded.org.apache.hc.client5.http.impl.io.PoolingHttpClientConnectionManager - ep-00000076: connection http-outgoing-2 can be kept alive for 3 MINUTES
03:32:59.352 [main] DEBUG com.github.dockerjava.zerodep.shaded.org.apache.hc.client5.http.impl.io.PoolingHttpClientConnectionManager - ep-00000076: connection released [route: {}->unix://localhost:2375][total available: 1; route allocated: 1 of 2147483647; total allocated: 1 of 2147483647]
03:32:59.352 [main] DEBUG 🐳 [mysql:8.0] - Trying to create JDBC connection using com.mysql.cj.jdbc.Driver to jdbc:mysql://localhost:49160/test?useSSL=false&allowPublicKeyRetrieval=true with properties: {password=admin, user=admin}
03:32:59.454 [main] DEBUG org.testcontainers.shaded.com.github.dockerjava.core.command.AbstrDockerCmd - Cmd: 9691e31891711283f4d98263d11bc6156717d3e75a0b86a23f3b128a992c1f38,false
03:32:59.454 [main] DEBUG org.testcontainers.shaded.com.github.dockerjava.core.exec.InspectContainerCmdExec - GET: DefaultWebTarget{path=[/containers/9691e31891711283f4d98263d11bc6156717d3e75a0b86a23f3b128a992c1f38/json], queryParams={}}
03:32:59.454 [main] DEBUG com.github.dockerjava.zerodep.shaded.org.apache.hc.client5.http.impl.classic.InternalHttpClient - ex-00000078: preparing request execution
03:32:59.454 [main] DEBUG com.github.dockerjava.zerodep.shaded.org.apache.hc.client5.http.protocol.RequestAddCookies - Cookie spec selected: strict
03:32:59.454 [main] DEBUG com.github.dockerjava.zerodep.shaded.org.apache.hc.client5.http.protocol.RequestAuthCache - Auth cache not set in the context
03:32:59.454 [main] DEBUG com.github.dockerjava.zerodep.shaded.org.apache.hc.client5.http.impl.classic.ProtocolExec - ex-00000078: target auth state: UNCHALLENGED
03:32:59.454 [main] DEBUG com.github.dockerjava.zerodep.shaded.org.apache.hc.client5.http.impl.classic.ProtocolExec - ex-00000078: proxy auth state: UNCHALLENGED
03:32:59.454 [main] DEBUG com.github.dockerjava.zerodep.shaded.org.apache.hc.client5.http.impl.classic.ConnectExec - ex-00000078: acquiring connection with route {}->unix://localhost:2375
03:32:59.454 [main] DEBUG com.github.dockerjava.zerodep.shaded.org.apache.hc.client5.http.impl.classic.InternalHttpClient - ex-00000078: acquiring endpoint (3 MINUTES)
03:32:59.455 [main] DEBUG com.github.dockerjava.zerodep.shaded.org.apache.hc.client5.http.impl.io.PoolingHttpClientConnectionManager - ex-00000078: endpoint lease request (3 MINUTES) [route: {}->unix://localhost:2375][total available: 1; route allocated: 1 of 2147483647; total allocated: 1 of 2147483647]
03:32:59.455 [main] DEBUG com.github.dockerjava.zerodep.shaded.org.apache.hc.client5.http.impl.io.PoolingHttpClientConnectionManager - ex-00000078: endpoint leased [route: {}->unix://localhost:2375][total available: 0; route allocated: 1 of 2147483647; total allocated: 1 of 2147483647]
03:32:59.455 [main] DEBUG com.github.dockerjava.zerodep.shaded.org.apache.hc.client5.http.impl.io.PoolingHttpClientConnectionManager - ex-00000078: acquired ep-00000077
03:32:59.455 [main] DEBUG com.github.dockerjava.zerodep.shaded.org.apache.hc.client5.http.impl.classic.InternalHttpClient - ex-00000078: acquired endpoint ep-00000077
03:32:59.455 [main] DEBUG com.github.dockerjava.zerodep.shaded.org.apache.hc.client5.http.impl.classic.MainClientExec - ex-00000078: executing GET /v1.32/containers/9691e31891711283f4d98263d11bc6156717d3e75a0b86a23f3b128a992c1f38/json HTTP/1.1
03:32:59.455 [main] DEBUG com.github.dockerjava.zerodep.shaded.org.apache.hc.client5.http.impl.classic.InternalHttpClient - ep-00000077: start execution ex-00000078
03:32:59.455 [main] DEBUG com.github.dockerjava.zerodep.shaded.org.apache.hc.client5.http.impl.io.PoolingHttpClientConnectionManager - ep-00000077: executing exchange ex-00000078 over http-outgoing-2
03:32:59.455 [main] DEBUG com.github.dockerjava.zerodep.shaded.org.apache.hc.client5.http.headers - http-outgoing-2 >> GET /v1.32/containers/9691e31891711283f4d98263d11bc6156717d3e75a0b86a23f3b128a992c1f38/json HTTP/1.1
03:32:59.455 [main] DEBUG com.github.dockerjava.zerodep.shaded.org.apache.hc.client5.http.headers - http-outgoing-2 >> accept: application/json
03:32:59.455 [main] DEBUG com.github.dockerjava.zerodep.shaded.org.apache.hc.client5.http.headers - http-outgoing-2 >> Accept-Encoding: gzip, x-gzip, deflate
03:32:59.455 [main] DEBUG com.github.dockerjava.zerodep.shaded.org.apache.hc.client5.http.headers - http-outgoing-2 >> Host: localhost:2375
03:32:59.455 [main] DEBUG com.github.dockerjava.zerodep.shaded.org.apache.hc.client5.http.headers - http-outgoing-2 >> Connection: keep-alive
03:32:59.455 [main] DEBUG com.github.dockerjava.zerodep.shaded.org.apache.hc.client5.http.headers - http-outgoing-2 >> User-Agent: Apache-HttpClient/5.0.3 (Java/11.0.15)
03:32:59.455 [main] DEBUG com.github.dockerjava.zerodep.shaded.org.apache.hc.client5.http.wire - http-outgoing-2 >> "GET /v1.32/containers/9691e31891711283f4d98263d11bc6156717d3e75a0b86a23f3b128a992c1f38/json HTTP/1.1[\r][\n]"
03:32:59.455 [main] DEBUG com.github.dockerjava.zerodep.shaded.org.apache.hc.client5.http.wire - http-outgoing-2 >> "accept: application/json[\r][\n]"
03:32:59.455 [main] DEBUG com.github.dockerjava.zerodep.shaded.org.apache.hc.client5.http.wire - http-outgoing-2 >> "Accept-Encoding: gzip, x-gzip, deflate[\r][\n]"
03:32:59.455 [main] DEBUG com.github.dockerjava.zerodep.shaded.org.apache.hc.client5.http.wire - http-outgoing-2 >> "Host: localhost:2375[\r][\n]"
03:32:59.455 [main] DEBUG com.github.dockerjava.zerodep.shaded.org.apache.hc.client5.http.wire - http-outgoing-2 >> "Connection: keep-alive[\r][\n]"
03:32:59.455 [main] DEBUG com.github.dockerjava.zerodep.shaded.org.apache.hc.client5.http.wire - http-outgoing-2 >> "User-Agent: Apache-HttpClient/5.0.3 (Java/11.0.15)[\r][\n]"
03:32:59.455 [main] DEBUG com.github.dockerjava.zerodep.shaded.org.apache.hc.client5.http.wire - http-outgoing-2 >> "[\r][\n]"
03:32:59.455 [main] DEBUG com.github.dockerjava.zerodep.shaded.org.apache.hc.client5.http.wire - http-outgoing-2 << "HTTP/1.1 200 OK[\r][\n]"
03:32:59.456 [main] DEBUG com.github.dockerjava.zerodep.shaded.org.apache.hc.client5.http.wire - http-outgoing-2 << "Api-Version: 1.41[\r][\n]"
03:32:59.456 [main] DEBUG com.github.dockerjava.zerodep.shaded.org.apache.hc.client5.http.wire - http-outgoing-2 << "Content-Type: application/json[\r][\n]"
03:32:59.456 [main] DEBUG com.github.dockerjava.zerodep.shaded.org.apache.hc.client5.http.wire - http-outgoing-2 << "Docker-Experimental: false[\r][\n]"
03:32:59.456 [main] DEBUG com.github.dockerjava.zerodep.shaded.org.apache.hc.client5.http.wire - http-outgoing-2 << "Ostype: linux[\r][\n]"
03:32:59.456 [main] DEBUG com.github.dockerjava.zerodep.shaded.org.apache.hc.client5.http.wire - http-outgoing-2 << "Server: Docker/20.10.12 (linux)[\r][\n]"
03:32:59.456 [main] DEBUG com.github.dockerjava.zerodep.shaded.org.apache.hc.client5.http.wire - http-outgoing-2 << "Date: Thu, 23 Jun 2022 02:32:59 GMT[\r][\n]"
03:32:59.456 [main] DEBUG com.github.dockerjava.zerodep.shaded.org.apache.hc.client5.http.wire - http-outgoing-2 << "Transfer-Encoding: chunked[\r][\n]"
03:32:59.456 [main] DEBUG com.github.dockerjava.zerodep.shaded.org.apache.hc.client5.http.wire - http-outgoing-2 << "[\r][\n]"
03:32:59.456 [main] DEBUG com.github.dockerjava.zerodep.shaded.org.apache.hc.client5.http.wire - http-outgoing-2 << "18ed[\r][\n]"
03:32:59.456 [main] DEBUG com.github.dockerjava.zerodep.shaded.org.apache.hc.client5.http.wire - http-outgoing-2 << "{"Id":"9691e31891711283f4d98263d11bc6156717d3e75a0b86a23f3b128a992c1f38","Created":"2022-06-23T02:32:47.03956921Z","Path":"docker-entrypoint.sh","Args":["mysqld"],"State":{"Status":"running","Running":true,"Paused":false,"Restarting":false,"OOMKilled":false,"Dead":false,"Pid":66188,"ExitCode":0,"Error":"","StartedAt":"2022-06-23T02:32:47.703880551Z","FinishedAt":"0001-01-01T00:00:00Z"},"Image":"sha256:65b636d5542b73254ce90cc4b895597dc1adc2c661ca553c38eda159979dded1","ResolvConfPath":"/var/lib/docker/containers/9691e31891711283f4d98263d11bc6156717d3e75a0b86a23f3b128a992c1f38/resolv.conf","HostnamePath":"/var/lib/docker/containers/9691e31891711283f4d98263d11bc6156717d3e75a0b86a23f3b128a992c1f38/hostname","HostsPath":"/var/lib/docker/containers/9691e31891711283f4d98263d11bc6156717d3e75a0b86a23f3b128a992c1f38/hosts","LogPath":"/var/lib/docker/containers/9691e31891711283f4d98263d11bc6156717d3e75a0b86a23f3b128a992c1f38/9691e31891711283f4d98263d11bc6156717d3e75a0b86a23f3b128a992c1f38-json.log","Name":"/xenodochial_satoshi","RestartCount":0,"Driver":"overlay2","Platform":"linux","MountLabel":"","ProcessLabel":"","AppArmorProfile":"docker-default","ExecIDs":null,"HostConfig":{"Binds":[],"ContainerIDFile":"","LogConfig":{"Type":"json-file","Config":{}},"NetworkMode":"default","PortBindings":{"3306/tcp":[{"HostIp":"","HostPort":""}]},"RestartPolicy":{"Name":"","MaximumRetryCount":0},"AutoRemove":false,"VolumeDriver":"","VolumesFrom":[],"CapAdd":null,"CapDrop":null,"CgroupnsMode":"host","Dns":null,"DnsOptions":null,"DnsSearch":null,"ExtraHosts":[],"GroupAdd":null,"IpcMode":"shareable","Cgroup":"","Links":null,"OomScoreAdj":0,"PidMode":"","Privileged":false,"PublishAllPorts":false,"ReadonlyRootfs":false,"SecurityOpt":null,"UTSMode":"","UsernsMode":"","ShmSize":67108864,"Runtime":"runc","ConsoleSize":[0,0],"Isolation":"","CpuShares":0,"Memory":0,"NanoCpus":0,"CgroupParent":"","BlkioWeight":0,"BlkioWeightDevice":null,"BlkioDeviceReadBps":null,"BlkioDeviceWriteBps":null,"BlkioDeviceReadIOps":null,"BlkioDeviceWriteIOps":null,"CpuPeriod":0,"CpuQuota":0,"CpuRealtimePeriod":0,"CpuRealtimeRuntime":0,"CpusetCpus":"","CpusetMems":"","Devices":null,"DeviceCgroupRules":null,"DeviceRequests":null,"KernelMemory":0,"KernelMemoryTCP":0,"MemoryReservation":0,"MemorySwap":0,"MemorySwappiness":null,"OomKillDisable":false,"PidsLimit":null,"Ulimits":null,"CpuCount":0,"CpuPercent":0,"IOMaximumIOps":0,"IOMaximumBandwidth":0,"MaskedPaths":["/proc/asound","/proc/acpi","/proc/kcore","/proc/keys","/proc/latency_stats","/proc/timer_list","/proc/timer_stats","/proc/sched_debug","/proc/scsi","/sys/firmware"],"ReadonlyPaths":["/proc/bus","/proc/fs","/proc/irq","/proc/sys","/proc/sysrq-trigger"]},"GraphDriver":{"Data":{"LowerDir":"/var/lib/docker/overlay2/5529564f52cf969e31e7a1482c27be7ffed19639b506ae2e15b7e7115f699a73-init/diff:/var/lib/docker/overlay2/833a665819b5d9728d3efa7c33135034345a24f83af53b1a1af33d9b64f5492a/diff:/var/lib/docker/overlay2/bd4a2a46c227c2f15475b08c398f37acaab93f4fdba31de015d730efae0a0cfc/diff:/var/lib/docker/overlay2/31ad437d7cba8e64428a2b62db1bbb2a2ec19ca4e439ec493ef4deb50dce2783/diff:/var/lib/docker/overlay2/35173cbd8ec5b88a8888e9abbe75f8694f5d3f96a9b781bb70dc1f0889685741/diff:/var/lib/docker/overlay2/24bf69ac4e8c81062fee44e7c9f746fffbb139c3f7f4b55b4fd1b23bb101b529/diff:/var/lib/docker/overlay2/2f27c96a7775dad186b6f0da325d5a251c80aa1b7f80cf8520f493c5154aee70/diff:/var/lib/docker/overlay2/463a60088c72ddbea82639ded15801e35a79c443f6a26bf1baf320c683cb06af/diff:/var/lib/docker/overlay2/80b8224b23a2ee4b5be635c58ae579fd1913aa95558cd66ab2f5e8430f00a5b8/diff:/var/lib/docker/overlay2/20451fa0b1a07b85d665bc3a0359d721ce4e4c28fa3bce7456ab25e0babae708/diff:/var/lib/docker/overlay2/f80d865cbc6c1c6f57d0963fa6234e7a6409e079eb17f4f13ca41d02731701ad/diff:/var/lib/docker/overlay2/5a3029e0b57c6ec9b985871ff6adf08356aaa0f2a15f1e34c1a7f116ecc4a61d/diff:/var/lib/docker/overlay2/4f3423103248d0b381a1bc6a7287e2b42313ff458cea602a02b7379014b03e0e/diff","MergedDir":"/var/lib/docker/overlay2/5529564f52cf969e31e7a1482c27be7ffed19639b506ae2e15b7e7115f699a73/merged","UpperDir":"/var/lib/docker/overlay2/5529564f52cf969e31e7a1482c27be7ffed19639b506ae2e15b7e7115f699a73/diff","WorkDir":"/var/lib/docker/overlay2/5529564f52cf969e31e7a1482c27be7ffed19639b506ae2e15b7e7115f699a73/work"},"Name":"overlay2"},"Mounts":[{"Type":"volume","Name":"fd1f613c7fe3ca3ae799982507ac3f565cc9f6a2dc99ceaed92389e2c43f47d1","Source":"/var/lib/docker/volumes/fd1f613c7fe3ca3ae799982507ac3f565cc9f6a2dc99ceaed92389e2c43f47d1/_data","Destination":"/var/lib/mysql","Driver":"local","Mode":"","RW":true,"Propagation":""}],"Config":{"Hostname":"9691e3189171","Domainname":"","User":"","AttachStdin":false,"AttachStdout":false,"AttachStderr":false,"ExposedPorts":{"3306/tcp":{},"33060/tcp":{}},"Tty":false,"OpenStdin":false,"StdinOnce":false,"Env":["MYSQL_DATABASE=test","MYSQL_PASSWORD=admin","MYSQL_USER=admin","MYSQL_ROOT_PASSWORD=admin","PATH=/usr/local/sbin:/usr/local/bin:/usr/sbin:/usr/bin:/sbin:/bin","GOSU_VERSION=1.14","MYSQL_MAJOR=8.0","MYSQL_VERSION=8.0.29-1debian10"],"Cmd":["mysqld"],"Image":"mysql:8.0","Volumes":{"/var/lib/mysql":{}},"WorkingDir":"","Entrypoint":["docker-entrypoint.sh"],"OnBuild":null,"Labels":{"org.testcontainers":"true","org.testcontainers.sessionId":"d48265e4-2b28-4f8c-aa67-76dd8289af84"}},"NetworkSettings":{"Bridge":"","SandboxID":"d9de8570fe3f0a4e9f3a1ff7101c963bbd2c6a0a9d8a867b96f17f4d5edca537","HairpinMode":false,"LinkLocalIPv6Address":"","LinkLocalIPv6PrefixLen":0,"Ports":{"3306/tcp":[{"HostIp":"0.0.0.0","HostPort":"49160"},{"HostIp":"::","HostPort":"49160"}],"33060/tcp":null},"SandboxKey":"/var/run/docker/netns/d9de8570fe3f","SecondaryIPAddresses":null,"SecondaryIPv6Addresses":null,"EndpointID":"93e8fe159f683a98670e8995677c2b130dbce857fc116679206e206bda319cbf","Gateway":"172.17.0.1","GlobalIPv6Address":"","GlobalIPv6PrefixLen":0,"IPAddress":"172.17.0.3","IPPrefixLen":16,"IPv6Gateway":"","MacAddress":"02:42:ac:11:00:03","Networks":{"bridge":{"IPAMConfig":null,"Links":null,"Aliases":null,"NetworkID":"1853cd2b9856825cc97ed9ef2b12efa82d95bf9cf60ad666c276eb35cc53539e","EndpointID":"93e8fe159f683a98670e8995677c2b130dbce857fc116679206e206bda319cbf","Gateway":"172.17.0.1","IPAddress":"172.17.0.3","IPPrefixLen":16,"IPv6Gateway":"","GlobalIPv6Address":"","GlobalIPv6PrefixLen":0,"MacAddress":"02:42:ac:11:00:03","DriverOpts":null}}}}[\n]"
03:32:59.456 [main] DEBUG com.github.dockerjava.zerodep.shaded.org.apache.hc.client5.http.wire - http-outgoing-2 << "[\r][\n]"
03:32:59.456 [main] DEBUG com.github.dockerjava.zerodep.shaded.org.apache.hc.client5.http.wire - http-outgoing-2 << "0[\r][\n]"
03:32:59.456 [main] DEBUG com.github.dockerjava.zerodep.shaded.org.apache.hc.client5.http.wire - http-outgoing-2 << "[\r][\n]"
03:32:59.456 [main] DEBUG com.github.dockerjava.zerodep.shaded.org.apache.hc.client5.http.headers - http-outgoing-2 << HTTP/1.1 200 OK
03:32:59.456 [main] DEBUG com.github.dockerjava.zerodep.shaded.org.apache.hc.client5.http.headers - http-outgoing-2 << Api-Version: 1.41
03:32:59.456 [main] DEBUG com.github.dockerjava.zerodep.shaded.org.apache.hc.client5.http.headers - http-outgoing-2 << Content-Type: application/json
03:32:59.456 [main] DEBUG com.github.dockerjava.zerodep.shaded.org.apache.hc.client5.http.headers - http-outgoing-2 << Docker-Experimental: false
03:32:59.456 [main] DEBUG com.github.dockerjava.zerodep.shaded.org.apache.hc.client5.http.headers - http-outgoing-2 << Ostype: linux
03:32:59.456 [main] DEBUG com.github.dockerjava.zerodep.shaded.org.apache.hc.client5.http.headers - http-outgoing-2 << Server: Docker/20.10.12 (linux)
03:32:59.456 [main] DEBUG com.github.dockerjava.zerodep.shaded.org.apache.hc.client5.http.headers - http-outgoing-2 << Date: Thu, 23 Jun 2022 02:32:59 GMT
03:32:59.456 [main] DEBUG com.github.dockerjava.zerodep.shaded.org.apache.hc.client5.http.headers - http-outgoing-2 << Transfer-Encoding: chunked
03:32:59.456 [main] DEBUG com.github.dockerjava.zerodep.shaded.org.apache.hc.client5.http.impl.classic.MainClientExec - ex-00000078: connection can be kept alive for 3 MINUTES
03:32:59.457 [main] DEBUG com.github.dockerjava.zerodep.shaded.org.apache.hc.client5.http.impl.classic.InternalHttpClient - ep-00000077: releasing valid endpoint
03:32:59.457 [main] DEBUG com.github.dockerjava.zerodep.shaded.org.apache.hc.client5.http.impl.io.PoolingHttpClientConnectionManager - ep-00000077: releasing endpoint
03:32:59.457 [main] DEBUG com.github.dockerjava.zerodep.shaded.org.apache.hc.client5.http.impl.io.PoolingHttpClientConnectionManager - ep-00000077: connection http-outgoing-2 can be kept alive for 3 MINUTES
03:32:59.457 [main] DEBUG com.github.dockerjava.zerodep.shaded.org.apache.hc.client5.http.impl.io.PoolingHttpClientConnectionManager - ep-00000077: connection released [route: {}->unix://localhost:2375][total available: 1; route allocated: 1 of 2147483647; total allocated: 1 of 2147483647]
03:32:59.457 [main] DEBUG 🐳 [mysql:8.0] - Trying to create JDBC connection using com.mysql.cj.jdbc.Driver to jdbc:mysql://localhost:49160/test?useSSL=false&allowPublicKeyRetrieval=true with properties: {password=admin, user=admin}
03:32:59.559 [main] DEBUG org.testcontainers.shaded.com.github.dockerjava.core.command.AbstrDockerCmd - Cmd: 9691e31891711283f4d98263d11bc6156717d3e75a0b86a23f3b128a992c1f38,false
03:32:59.559 [main] DEBUG org.testcontainers.shaded.com.github.dockerjava.core.exec.InspectContainerCmdExec - GET: DefaultWebTarget{path=[/containers/9691e31891711283f4d98263d11bc6156717d3e75a0b86a23f3b128a992c1f38/json], queryParams={}}
03:32:59.559 [main] DEBUG com.github.dockerjava.zerodep.shaded.org.apache.hc.client5.http.impl.classic.InternalHttpClient - ex-00000079: preparing request execution
03:32:59.559 [main] DEBUG com.github.dockerjava.zerodep.shaded.org.apache.hc.client5.http.protocol.RequestAddCookies - Cookie spec selected: strict
03:32:59.559 [main] DEBUG com.github.dockerjava.zerodep.shaded.org.apache.hc.client5.http.protocol.RequestAuthCache - Auth cache not set in the context
03:32:59.559 [main] DEBUG com.github.dockerjava.zerodep.shaded.org.apache.hc.client5.http.impl.classic.ProtocolExec - ex-00000079: target auth state: UNCHALLENGED
03:32:59.559 [main] DEBUG com.github.dockerjava.zerodep.shaded.org.apache.hc.client5.http.impl.classic.ProtocolExec - ex-00000079: proxy auth state: UNCHALLENGED
03:32:59.559 [main] DEBUG com.github.dockerjava.zerodep.shaded.org.apache.hc.client5.http.impl.classic.ConnectExec - ex-00000079: acquiring connection with route {}->unix://localhost:2375
03:32:59.559 [main] DEBUG com.github.dockerjava.zerodep.shaded.org.apache.hc.client5.http.impl.classic.InternalHttpClient - ex-00000079: acquiring endpoint (3 MINUTES)
03:32:59.559 [main] DEBUG com.github.dockerjava.zerodep.shaded.org.apache.hc.client5.http.impl.io.PoolingHttpClientConnectionManager - ex-00000079: endpoint lease request (3 MINUTES) [route: {}->unix://localhost:2375][total available: 1; route allocated: 1 of 2147483647; total allocated: 1 of 2147483647]
03:32:59.559 [main] DEBUG com.github.dockerjava.zerodep.shaded.org.apache.hc.client5.http.impl.io.PoolingHttpClientConnectionManager - ex-00000079: endpoint leased [route: {}->unix://localhost:2375][total available: 0; route allocated: 1 of 2147483647; total allocated: 1 of 2147483647]
03:32:59.560 [main] DEBUG com.github.dockerjava.zerodep.shaded.org.apache.hc.client5.http.impl.io.PoolingHttpClientConnectionManager - ex-00000079: acquired ep-00000078
03:32:59.560 [main] DEBUG com.github.dockerjava.zerodep.shaded.org.apache.hc.client5.http.impl.classic.InternalHttpClient - ex-00000079: acquired endpoint ep-00000078
03:32:59.560 [main] DEBUG com.github.dockerjava.zerodep.shaded.org.apache.hc.client5.http.impl.classic.MainClientExec - ex-00000079: executing GET /v1.32/containers/9691e31891711283f4d98263d11bc6156717d3e75a0b86a23f3b128a992c1f38/json HTTP/1.1
03:32:59.560 [main] DEBUG com.github.dockerjava.zerodep.shaded.org.apache.hc.client5.http.impl.classic.InternalHttpClient - ep-00000078: start execution ex-00000079
03:32:59.560 [main] DEBUG com.github.dockerjava.zerodep.shaded.org.apache.hc.client5.http.impl.io.PoolingHttpClientConnectionManager - ep-00000078: executing exchange ex-00000079 over http-outgoing-2
03:32:59.560 [main] DEBUG com.github.dockerjava.zerodep.shaded.org.apache.hc.client5.http.headers - http-outgoing-2 >> GET /v1.32/containers/9691e31891711283f4d98263d11bc6156717d3e75a0b86a23f3b128a992c1f38/json HTTP/1.1
03:32:59.560 [main] DEBUG com.github.dockerjava.zerodep.shaded.org.apache.hc.client5.http.headers - http-outgoing-2 >> accept: application/json
03:32:59.560 [main] DEBUG com.github.dockerjava.zerodep.shaded.org.apache.hc.client5.http.headers - http-outgoing-2 >> Accept-Encoding: gzip, x-gzip, deflate
03:32:59.560 [main] DEBUG com.github.dockerjava.zerodep.shaded.org.apache.hc.client5.http.headers - http-outgoing-2 >> Host: localhost:2375
03:32:59.560 [main] DEBUG com.github.dockerjava.zerodep.shaded.org.apache.hc.client5.http.headers - http-outgoing-2 >> Connection: keep-alive
03:32:59.560 [main] DEBUG com.github.dockerjava.zerodep.shaded.org.apache.hc.client5.http.headers - http-outgoing-2 >> User-Agent: Apache-HttpClient/5.0.3 (Java/11.0.15)
03:32:59.560 [main] DEBUG com.github.dockerjava.zerodep.shaded.org.apache.hc.client5.http.wire - http-outgoing-2 >> "GET /v1.32/containers/9691e31891711283f4d98263d11bc6156717d3e75a0b86a23f3b128a992c1f38/json HTTP/1.1[\r][\n]"
03:32:59.560 [main] DEBUG com.github.dockerjava.zerodep.shaded.org.apache.hc.client5.http.wire - http-outgoing-2 >> "accept: application/json[\r][\n]"
03:32:59.560 [main] DEBUG com.github.dockerjava.zerodep.shaded.org.apache.hc.client5.http.wire - http-outgoing-2 >> "Accept-Encoding: gzip, x-gzip, deflate[\r][\n]"
03:32:59.560 [main] DEBUG com.github.dockerjava.zerodep.shaded.org.apache.hc.client5.http.wire - http-outgoing-2 >> "Host: localhost:2375[\r][\n]"
03:32:59.560 [main] DEBUG com.github.dockerjava.zerodep.shaded.org.apache.hc.client5.http.wire - http-outgoing-2 >> "Connection: keep-alive[\r][\n]"
03:32:59.560 [main] DEBUG com.github.dockerjava.zerodep.shaded.org.apache.hc.client5.http.wire - http-outgoing-2 >> "User-Agent: Apache-HttpClient/5.0.3 (Java/11.0.15)[\r][\n]"
03:32:59.560 [main] DEBUG com.github.dockerjava.zerodep.shaded.org.apache.hc.client5.http.wire - http-outgoing-2 >> "[\r][\n]"
03:32:59.560 [main] DEBUG com.github.dockerjava.zerodep.shaded.org.apache.hc.client5.http.wire - http-outgoing-2 << "HTTP/1.1 200 OK[\r][\n]"
03:32:59.560 [main] DEBUG com.github.dockerjava.zerodep.shaded.org.apache.hc.client5.http.wire - http-outgoing-2 << "Api-Version: 1.41[\r][\n]"
03:32:59.560 [main] DEBUG com.github.dockerjava.zerodep.shaded.org.apache.hc.client5.http.wire - http-outgoing-2 << "Content-Type: application/json[\r][\n]"
03:32:59.560 [main] DEBUG com.github.dockerjava.zerodep.shaded.org.apache.hc.client5.http.wire - http-outgoing-2 << "Docker-Experimental: false[\r][\n]"
03:32:59.560 [main] DEBUG com.github.dockerjava.zerodep.shaded.org.apache.hc.client5.http.wire - http-outgoing-2 << "Ostype: linux[\r][\n]"
03:32:59.560 [main] DEBUG com.github.dockerjava.zerodep.shaded.org.apache.hc.client5.http.wire - http-outgoing-2 << "Server: Docker/20.10.12 (linux)[\r][\n]"
03:32:59.560 [main] DEBUG com.github.dockerjava.zerodep.shaded.org.apache.hc.client5.http.wire - http-outgoing-2 << "Date: Thu, 23 Jun 2022 02:32:59 GMT[\r][\n]"
03:32:59.560 [main] DEBUG com.github.dockerjava.zerodep.shaded.org.apache.hc.client5.http.wire - http-outgoing-2 << "Transfer-Encoding: chunked[\r][\n]"
03:32:59.560 [main] DEBUG com.github.dockerjava.zerodep.shaded.org.apache.hc.client5.http.wire - http-outgoing-2 << "[\r][\n]"
03:32:59.561 [main] DEBUG com.github.dockerjava.zerodep.shaded.org.apache.hc.client5.http.wire - http-outgoing-2 << "18ed[\r][\n]"
03:32:59.561 [main] DEBUG com.github.dockerjava.zerodep.shaded.org.apache.hc.client5.http.wire - http-outgoing-2 << "{"Id":"9691e31891711283f4d98263d11bc6156717d3e75a0b86a23f3b128a992c1f38","Created":"2022-06-23T02:32:47.03956921Z","Path":"docker-entrypoint.sh","Args":["mysqld"],"State":{"Status":"running","Running":true,"Paused":false,"Restarting":false,"OOMKilled":false,"Dead":false,"Pid":66188,"ExitCode":0,"Error":"","StartedAt":"2022-06-23T02:32:47.703880551Z","FinishedAt":"0001-01-01T00:00:00Z"},"Image":"sha256:65b636d5542b73254ce90cc4b895597dc1adc2c661ca553c38eda159979dded1","ResolvConfPath":"/var/lib/docker/containers/9691e31891711283f4d98263d11bc6156717d3e75a0b86a23f3b128a992c1f38/resolv.conf","HostnamePath":"/var/lib/docker/containers/9691e31891711283f4d98263d11bc6156717d3e75a0b86a23f3b128a992c1f38/hostname","HostsPath":"/var/lib/docker/containers/9691e31891711283f4d98263d11bc6156717d3e75a0b86a23f3b128a992c1f38/hosts","LogPath":"/var/lib/docker/containers/9691e31891711283f4d98263d11bc6156717d3e75a0b86a23f3b128a992c1f38/9691e31891711283f4d98263d11bc6156717d3e75a0b86a23f3b128a992c1f38-json.log","Name":"/xenodochial_satoshi","RestartCount":0,"Driver":"overlay2","Platform":"linux","MountLabel":"","ProcessLabel":"","AppArmorProfile":"docker-default","ExecIDs":null,"HostConfig":{"Binds":[],"ContainerIDFile":"","LogConfig":{"Type":"json-file","Config":{}},"NetworkMode":"default","PortBindings":{"3306/tcp":[{"HostIp":"","HostPort":""}]},"RestartPolicy":{"Name":"","MaximumRetryCount":0},"AutoRemove":false,"VolumeDriver":"","VolumesFrom":[],"CapAdd":null,"CapDrop":null,"CgroupnsMode":"host","Dns":null,"DnsOptions":null,"DnsSearch":null,"ExtraHosts":[],"GroupAdd":null,"IpcMode":"shareable","Cgroup":"","Links":null,"OomScoreAdj":0,"PidMode":"","Privileged":false,"PublishAllPorts":false,"ReadonlyRootfs":false,"SecurityOpt":null,"UTSMode":"","UsernsMode":"","ShmSize":67108864,"Runtime":"runc","ConsoleSize":[0,0],"Isolation":"","CpuShares":0,"Memory":0,"NanoCpus":0,"CgroupParent":"","BlkioWeight":0,"BlkioWeightDevice":null,"BlkioDeviceReadBps":null,"BlkioDeviceWriteBps":null,"BlkioDeviceReadIOps":null,"BlkioDeviceWriteIOps":null,"CpuPeriod":0,"CpuQuota":0,"CpuRealtimePeriod":0,"CpuRealtimeRuntime":0,"CpusetCpus":"","CpusetMems":"","Devices":null,"DeviceCgroupRules":null,"DeviceRequests":null,"KernelMemory":0,"KernelMemoryTCP":0,"MemoryReservation":0,"MemorySwap":0,"MemorySwappiness":null,"OomKillDisable":false,"PidsLimit":null,"Ulimits":null,"CpuCount":0,"CpuPercent":0,"IOMaximumIOps":0,"IOMaximumBandwidth":0,"MaskedPaths":["/proc/asound","/proc/acpi","/proc/kcore","/proc/keys","/proc/latency_stats","/proc/timer_list","/proc/timer_stats","/proc/sched_debug","/proc/scsi","/sys/firmware"],"ReadonlyPaths":["/proc/bus","/proc/fs","/proc/irq","/proc/sys","/proc/sysrq-trigger"]},"GraphDriver":{"Data":{"LowerDir":"/var/lib/docker/overlay2/5529564f52cf969e31e7a1482c27be7ffed19639b506ae2e15b7e7115f699a73-init/diff:/var/lib/docker/overlay2/833a665819b5d9728d3efa7c33135034345a24f83af53b1a1af33d9b64f5492a/diff:/var/lib/docker/overlay2/bd4a2a46c227c2f15475b08c398f37acaab93f4fdba31de015d730efae0a0cfc/diff:/var/lib/docker/overlay2/31ad437d7cba8e64428a2b62db1bbb2a2ec19ca4e439ec493ef4deb50dce2783/diff:/var/lib/docker/overlay2/35173cbd8ec5b88a8888e9abbe75f8694f5d3f96a9b781bb70dc1f0889685741/diff:/var/lib/docker/overlay2/24bf69ac4e8c81062fee44e7c9f746fffbb139c3f7f4b55b4fd1b23bb101b529/diff:/var/lib/docker/overlay2/2f27c96a7775dad186b6f0da325d5a251c80aa1b7f80cf8520f493c5154aee70/diff:/var/lib/docker/overlay2/463a60088c72ddbea82639ded15801e35a79c443f6a26bf1baf320c683cb06af/diff:/var/lib/docker/overlay2/80b8224b23a2ee4b5be635c58ae579fd1913aa95558cd66ab2f5e8430f00a5b8/diff:/var/lib/docker/overlay2/20451fa0b1a07b85d665bc3a0359d721ce4e4c28fa3bce7456ab25e0babae708/diff:/var/lib/docker/overlay2/f80d865cbc6c1c6f57d0963fa6234e7a6409e079eb17f4f13ca41d02731701ad/diff:/var/lib/docker/overlay2/5a3029e0b57c6ec9b985871ff6adf08356aaa0f2a15f1e34c1a7f116ecc4a61d/dif"
03:32:59.561 [main] DEBUG com.github.dockerjava.zerodep.shaded.org.apache.hc.client5.http.headers - http-outgoing-2 << HTTP/1.1 200 OK
03:32:59.561 [main] DEBUG com.github.dockerjava.zerodep.shaded.org.apache.hc.client5.http.headers - http-outgoing-2 << Api-Version: 1.41
03:32:59.561 [main] DEBUG com.github.dockerjava.zerodep.shaded.org.apache.hc.client5.http.headers - http-outgoing-2 << Content-Type: application/json
03:32:59.561 [main] DEBUG com.github.dockerjava.zerodep.shaded.org.apache.hc.client5.http.headers - http-outgoing-2 << Docker-Experimental: false
03:32:59.561 [main] DEBUG com.github.dockerjava.zerodep.shaded.org.apache.hc.client5.http.headers - http-outgoing-2 << Ostype: linux
03:32:59.561 [main] DEBUG com.github.dockerjava.zerodep.shaded.org.apache.hc.client5.http.headers - http-outgoing-2 << Server: Docker/20.10.12 (linux)
03:32:59.561 [main] DEBUG com.github.dockerjava.zerodep.shaded.org.apache.hc.client5.http.headers - http-outgoing-2 << Date: Thu, 23 Jun 2022 02:32:59 GMT
03:32:59.561 [main] DEBUG com.github.dockerjava.zerodep.shaded.org.apache.hc.client5.http.headers - http-outgoing-2 << Transfer-Encoding: chunked
03:32:59.561 [main] DEBUG com.github.dockerjava.zerodep.shaded.org.apache.hc.client5.http.impl.classic.MainClientExec - ex-00000079: connection can be kept alive for 3 MINUTES
03:32:59.562 [main] DEBUG com.github.dockerjava.zerodep.shaded.org.apache.hc.client5.http.wire - http-outgoing-2 << "f:/var/lib/docker/overlay2/4f3423103248d0b381a1bc6a7287e2b42313ff458cea602a02b7379014b03e0e/diff","MergedDir":"/var/lib/docker/overlay2/5529564f52cf969e31e7a1482c27be7ffed19639b506ae2e15b7e7115f699a73/merged","UpperDir":"/var/lib/docker/overlay2/5529564f52cf969e31e7a1482c27be7ffed19639b506ae2e15b7e7115f699a73/diff","WorkDir":"/var/lib/docker/overlay2/5529564f52cf969e31e7a1482c27be7ffed19639b506ae2e15b7e7115f699a73/work"},"Name":"overlay2"},"Mounts":[{"Type":"volume","Name":"fd1f613c7fe3ca3ae799982507ac3f565cc9f6a2dc99ceaed92389e2c43f47d1","Source":"/var/lib/docker/volumes/fd1f613c7fe3ca3ae799982507ac3f565cc9f6a2dc99ceaed92389e2c43f47d1/_data","Destination":"/var/lib/mysql","Driver":"local","Mode":"","RW":true,"Propagation":""}],"Config":{"Hostname":"9691e3189171","Domainname":"","User":"","AttachStdin":false,"AttachStdout":false,"AttachStderr":false,"ExposedPorts":{"3306/tcp":{},"33060/tcp":{}},"Tty":false,"OpenStdin":false,"StdinOnce":false,"Env":["MYSQL_DATABASE=test","MYSQL_PASSWORD=admin","MYSQL_USER=admin","MYSQL_ROOT_PASSWORD=admin","PATH=/usr/local/sbin:/usr/local/bin:/usr/sbin:/usr/bin:/sbin:/bin","GOSU_VERSION=1.14","MYSQL_MAJOR=8.0","MYSQL_VERSION=8.0.29-1debian10"],"Cmd":["mysqld"],"Image":"mysql:8.0","Volumes":{"/var/lib/mysql":{}},"WorkingDir":"","Entrypoint":["docker-entrypoint.sh"],"OnBuild":null,"Labels":{"org.testcontainers":"true","org.testcontainers.sessionId":"d48265e4-2b28-4f8c-aa67-76dd8289af84"}},"NetworkSettings":{"Bridge":"","SandboxID":"d9de8570fe3f0a4e9f3a1ff7101c963bbd2c6a0a9d8a867b96f17f4d5edca537","HairpinMode":false,"LinkLocalIPv6Address":"","LinkLocalIPv6PrefixLen":0,"Ports":{"3306/tcp":[{"HostIp":"0.0.0.0","HostPort":"49160"},{"HostIp":"::","HostPort":"49160"}],"33060/tcp":null},"SandboxKey":"/var/run/docker/netns/d9de8570fe3f","SecondaryIPAddresses":null,"SecondaryIPv6Addresses":null,"EndpointID":"93e8fe159f683a98670e8995677c2b130dbce857fc116679206e206bda319cbf","Gateway":"172.17.0.1","GlobalIPv6Address":"","GlobalIPv6PrefixLen":0,"IPAddress":"172.17.0.3","IPPrefixLen":16,"IPv6Gateway":"","MacAddress":"02:42:ac:11:00:03","Networks":{"bridge":{"IPAMConfig":null,"Links":null,"Aliases":null,"NetworkID":"1853cd2b9856825cc97ed9ef2b12efa82d95bf9cf60ad666c276eb35cc53539e","EndpointID":"93e8fe159f683a98670e8995677c2b130dbce857fc116679206e206bda319cbf","Gateway":"172.17.0.1","IPAddress":"172.17.0.3","IPPrefixLen":16,"IPv6Gateway":"","GlobalIPv6Address":"","GlobalIPv6PrefixLen":0,"MacAddress":"02:42:ac:11:00:03","DriverOpts":null}}}}[\n]"
03:32:59.562 [main] DEBUG com.github.dockerjava.zerodep.shaded.org.apache.hc.client5.http.wire - http-outgoing-2 << "[\r][\n]"
03:32:59.562 [main] DEBUG com.github.dockerjava.zerodep.shaded.org.apache.hc.client5.http.wire - http-outgoing-2 << "0[\r][\n]"
03:32:59.562 [main] DEBUG com.github.dockerjava.zerodep.shaded.org.apache.hc.client5.http.wire - http-outgoing-2 << "[\r][\n]"
03:32:59.562 [main] DEBUG com.github.dockerjava.zerodep.shaded.org.apache.hc.client5.http.impl.classic.InternalHttpClient - ep-00000078: releasing valid endpoint
03:32:59.562 [main] DEBUG com.github.dockerjava.zerodep.shaded.org.apache.hc.client5.http.impl.io.PoolingHttpClientConnectionManager - ep-00000078: releasing endpoint
03:32:59.562 [main] DEBUG com.github.dockerjava.zerodep.shaded.org.apache.hc.client5.http.impl.io.PoolingHttpClientConnectionManager - ep-00000078: connection http-outgoing-2 can be kept alive for 3 MINUTES
03:32:59.562 [main] DEBUG com.github.dockerjava.zerodep.shaded.org.apache.hc.client5.http.impl.io.PoolingHttpClientConnectionManager - ep-00000078: connection released [route: {}->unix://localhost:2375][total available: 1; route allocated: 1 of 2147483647; total allocated: 1 of 2147483647]
03:32:59.563 [main] DEBUG 🐳 [mysql:8.0] - Trying to create JDBC connection using com.mysql.cj.jdbc.Driver to jdbc:mysql://localhost:49160/test?useSSL=false&allowPublicKeyRetrieval=true with properties: {password=admin, user=admin}
03:32:59.664 [main] DEBUG org.testcontainers.shaded.com.github.dockerjava.core.command.AbstrDockerCmd - Cmd: 9691e31891711283f4d98263d11bc6156717d3e75a0b86a23f3b128a992c1f38,false
03:32:59.664 [main] DEBUG org.testcontainers.shaded.com.github.dockerjava.core.exec.InspectContainerCmdExec - GET: DefaultWebTarget{path=[/containers/9691e31891711283f4d98263d11bc6156717d3e75a0b86a23f3b128a992c1f38/json], queryParams={}}
03:32:59.664 [main] DEBUG com.github.dockerjava.zerodep.shaded.org.apache.hc.client5.http.impl.classic.InternalHttpClient - ex-0000007A: preparing request execution
03:32:59.665 [main] DEBUG com.github.dockerjava.zerodep.shaded.org.apache.hc.client5.http.protocol.RequestAddCookies - Cookie spec selected: strict
03:32:59.665 [main] DEBUG com.github.dockerjava.zerodep.shaded.org.apache.hc.client5.http.protocol.RequestAuthCache - Auth cache not set in the context
03:32:59.665 [main] DEBUG com.github.dockerjava.zerodep.shaded.org.apache.hc.client5.http.impl.classic.ProtocolExec - ex-0000007A: target auth state: UNCHALLENGED
03:32:59.665 [main] DEBUG com.github.dockerjava.zerodep.shaded.org.apache.hc.client5.http.impl.classic.ProtocolExec - ex-0000007A: proxy auth state: UNCHALLENGED
03:32:59.665 [main] DEBUG com.github.dockerjava.zerodep.shaded.org.apache.hc.client5.http.impl.classic.ConnectExec - ex-0000007A: acquiring connection with route {}->unix://localhost:2375
03:32:59.665 [main] DEBUG com.github.dockerjava.zerodep.shaded.org.apache.hc.client5.http.impl.classic.InternalHttpClient - ex-0000007A: acquiring endpoint (3 MINUTES)
03:32:59.665 [main] DEBUG com.github.dockerjava.zerodep.shaded.org.apache.hc.client5.http.impl.io.PoolingHttpClientConnectionManager - ex-0000007A: endpoint lease request (3 MINUTES) [route: {}->unix://localhost:2375][total available: 1; route allocated: 1 of 2147483647; total allocated: 1 of 2147483647]
03:32:59.665 [main] DEBUG com.github.dockerjava.zerodep.shaded.org.apache.hc.client5.http.impl.io.PoolingHttpClientConnectionManager - ex-0000007A: endpoint leased [route: {}->unix://localhost:2375][total available: 0; route allocated: 1 of 2147483647; total allocated: 1 of 2147483647]
03:32:59.665 [main] DEBUG com.github.dockerjava.zerodep.shaded.org.apache.hc.client5.http.impl.io.PoolingHttpClientConnectionManager - ex-0000007A: acquired ep-00000079
03:32:59.665 [main] DEBUG com.github.dockerjava.zerodep.shaded.org.apache.hc.client5.http.impl.classic.InternalHttpClient - ex-0000007A: acquired endpoint ep-00000079
03:32:59.665 [main] DEBUG com.github.dockerjava.zerodep.shaded.org.apache.hc.client5.http.impl.classic.MainClientExec - ex-0000007A: executing GET /v1.32/containers/9691e31891711283f4d98263d11bc6156717d3e75a0b86a23f3b128a992c1f38/json HTTP/1.1
03:32:59.665 [main] DEBUG com.github.dockerjava.zerodep.shaded.org.apache.hc.client5.http.impl.classic.InternalHttpClient - ep-00000079: start execution ex-0000007A
03:32:59.665 [main] DEBUG com.github.dockerjava.zerodep.shaded.org.apache.hc.client5.http.impl.io.PoolingHttpClientConnectionManager - ep-00000079: executing exchange ex-0000007A over http-outgoing-2
03:32:59.665 [main] DEBUG com.github.dockerjava.zerodep.shaded.org.apache.hc.client5.http.headers - http-outgoing-2 >> GET /v1.32/containers/9691e31891711283f4d98263d11bc6156717d3e75a0b86a23f3b128a992c1f38/json HTTP/1.1
03:32:59.665 [main] DEBUG com.github.dockerjava.zerodep.shaded.org.apache.hc.client5.http.headers - http-outgoing-2 >> accept: application/json
03:32:59.665 [main] DEBUG com.github.dockerjava.zerodep.shaded.org.apache.hc.client5.http.headers - http-outgoing-2 >> Accept-Encoding: gzip, x-gzip, deflate
03:32:59.665 [main] DEBUG com.github.dockerjava.zerodep.shaded.org.apache.hc.client5.http.headers - http-outgoing-2 >> Host: localhost:2375
03:32:59.665 [main] DEBUG com.github.dockerjava.zerodep.shaded.org.apache.hc.client5.http.headers - http-outgoing-2 >> Connection: keep-alive
03:32:59.665 [main] DEBUG com.github.dockerjava.zerodep.shaded.org.apache.hc.client5.http.headers - http-outgoing-2 >> User-Agent: Apache-HttpClient/5.0.3 (Java/11.0.15)
03:32:59.665 [main] DEBUG com.github.dockerjava.zerodep.shaded.org.apache.hc.client5.http.wire - http-outgoing-2 >> "GET /v1.32/containers/9691e31891711283f4d98263d11bc6156717d3e75a0b86a23f3b128a992c1f38/json HTTP/1.1[\r][\n]"
03:32:59.665 [main] DEBUG com.github.dockerjava.zerodep.shaded.org.apache.hc.client5.http.wire - http-outgoing-2 >> "accept: application/json[\r][\n]"
03:32:59.665 [main] DEBUG com.github.dockerjava.zerodep.shaded.org.apache.hc.client5.http.wire - http-outgoing-2 >> "Accept-Encoding: gzip, x-gzip, deflate[\r][\n]"
03:32:59.665 [main] DEBUG com.github.dockerjava.zerodep.shaded.org.apache.hc.client5.http.wire - http-outgoing-2 >> "Host: localhost:2375[\r][\n]"
03:32:59.665 [main] DEBUG com.github.dockerjava.zerodep.shaded.org.apache.hc.client5.http.wire - http-outgoing-2 >> "Connection: keep-alive[\r][\n]"
03:32:59.665 [main] DEBUG com.github.dockerjava.zerodep.shaded.org.apache.hc.client5.http.wire - http-outgoing-2 >> "User-Agent: Apache-HttpClient/5.0.3 (Java/11.0.15)[\r][\n]"
03:32:59.665 [main] DEBUG com.github.dockerjava.zerodep.shaded.org.apache.hc.client5.http.wire - http-outgoing-2 >> "[\r][\n]"
03:32:59.666 [main] DEBUG com.github.dockerjava.zerodep.shaded.org.apache.hc.client5.http.wire - http-outgoing-2 << "HTTP/1.1 200 OK[\r][\n]"
03:32:59.666 [main] DEBUG com.github.dockerjava.zerodep.shaded.org.apache.hc.client5.http.wire - http-outgoing-2 << "Api-Version: 1.41[\r][\n]"
03:32:59.666 [main] DEBUG com.github.dockerjava.zerodep.shaded.org.apache.hc.client5.http.wire - http-outgoing-2 << "Content-Type: application/json[\r][\n]"
03:32:59.666 [main] DEBUG com.github.dockerjava.zerodep.shaded.org.apache.hc.client5.http.wire - http-outgoing-2 << "Docker-Experimental: false[\r][\n]"
03:32:59.666 [main] DEBUG com.github.dockerjava.zerodep.shaded.org.apache.hc.client5.http.wire - http-outgoing-2 << "Ostype: linux[\r][\n]"
03:32:59.666 [main] DEBUG com.github.dockerjava.zerodep.shaded.org.apache.hc.client5.http.wire - http-outgoing-2 << "Server: Docker/20.10.12 (linux)[\r][\n]"
03:32:59.666 [main] DEBUG com.github.dockerjava.zerodep.shaded.org.apache.hc.client5.http.wire - http-outgoing-2 << "Date: Thu, 23 Jun 2022 02:32:59 GMT[\r][\n]"
03:32:59.666 [main] DEBUG com.github.dockerjava.zerodep.shaded.org.apache.hc.client5.http.wire - http-outgoing-2 << "Transfer-Encoding: chunked[\r][\n]"
03:32:59.666 [main] DEBUG com.github.dockerjava.zerodep.shaded.org.apache.hc.client5.http.wire - http-outgoing-2 << "[\r][\n]"
03:32:59.666 [main] DEBUG com.github.dockerjava.zerodep.shaded.org.apache.hc.client5.http.wire - http-outgoing-2 << "18ed[\r][\n]"
03:32:59.666 [main] DEBUG com.github.dockerjava.zerodep.shaded.org.apache.hc.client5.http.wire - http-outgoing-2 << "{"Id":"9691e31891711283f4d98263d11bc6156717d3e75a0b86a23f3b128a992c1f38","Created":"2022-06-23T02:32:47.03956921Z","Path":"docker-entrypoint.sh","Args":["mysqld"],"State":{"Status":"running","Running":true,"Paused":false,"Restarting":false,"OOMKilled":false,"Dead":false,"Pid":66188,"ExitCode":0,"Error":"","StartedAt":"2022-06-23T02:32:47.703880551Z","FinishedAt":"0001-01-01T00:00:00Z"},"Image":"sha256:65b636d5542b73254ce90cc4b895597dc1adc2c661ca553c38eda159979dded1","ResolvConfPath":"/var/lib/docker/containers/9691e31891711283f4d98263d11bc6156717d3e75a0b86a23f3b128a992c1f38/resolv.conf","HostnamePath":"/var/lib/docker/containers/9691e31891711283f4d98263d11bc6156717d3e75a0b86a23f3b128a992c1f38/hostname","HostsPath":"/var/lib/docker/containers/9691e31891711283f4d98263d11bc6156717d3e75a0b86a23f3b128a992c1f38/hosts","LogPath":"/var/lib/docker/containers/9691e31891711283f4d98263d11bc6156717d3e75a0b86a23f3b128a992c1f38/9691e31891711283f4d98263d11bc6156717d3e75a0b86a23f3b128a992c1f38-json.log","Name":"/xenodochial_satoshi","RestartCount":0,"Driver":"overlay2","Platform":"linux","MountLabel":"","ProcessLabel":"","AppArmorProfile":"docker-default","ExecIDs":null,"HostConfig":{"Binds":[],"ContainerIDFile":"","LogConfig":{"Type":"json-file","Config":{}},"NetworkMode":"default","PortBindings":{"3306/tcp":[{"HostIp":"","HostPort":""}]},"RestartPolicy":{"Name":"","MaximumRetryCount":0},"AutoRemove":false,"VolumeDriver":"","VolumesFrom":[],"CapAdd":null,"CapDrop":null,"CgroupnsMode":"host","Dns":null,"DnsOptions":null,"DnsSearch":null,"ExtraHosts":[],"GroupAdd":null,"IpcMode":"shareable","Cgroup":"","Links":null,"OomScoreAdj":0,"PidMode":"","Privileged":false,"PublishAllPorts":false,"ReadonlyRootfs":false,"SecurityOpt":null,"UTSMode":"","UsernsMode":"","ShmSize":67108864,"Runtime":"runc","ConsoleSize":[0,0],"Isolation":"","CpuShares":0,"Memory":0,"NanoCpus":0,"CgroupParent":"","BlkioWeight":0,"BlkioWeightDevice":null,"BlkioDeviceReadBps":null,"BlkioDeviceWriteBps":null,"BlkioDeviceReadIOps":null,"BlkioDeviceWriteIOps":null,"CpuPeriod":0,"CpuQuota":0,"CpuRealtimePeriod":0,"CpuRealtimeRuntime":0,"CpusetCpus":"","CpusetMems":"","Devices":null,"DeviceCgroupRules":null,"DeviceRequests":null,"KernelMemory":0,"KernelMemoryTCP":0,"MemoryReservation":0,"MemorySwap":0,"MemorySwappiness":null,"OomKillDisable":false,"PidsLimit":null,"Ulimits":null,"CpuCount":0,"CpuPercent":0,"IOMaximumIOps":0,"IOMaximumBandwidth":0,"MaskedPaths":["/proc/asound","/proc/acpi","/proc/kcore","/proc/keys","/proc/latency_stats","/proc/timer_list","/proc/timer_stats","/proc/sched_debug","/proc/scsi","/sys/firmware"],"ReadonlyPaths":["/proc/bus","/proc/fs","/proc/irq","/proc/sys","/proc/sysrq-trigger"]},"GraphDriver":{"Data":{"LowerDir":"/var/lib/docker/overlay2/5529564f52cf969e31e7a1482c27be7ffed19639b506ae2e15b7e7115f699a73-init/diff:/var/lib/docker/overlay2/833a665819b5d9728d3efa7c33135034345a24f83af53b1a1af33d9b64f5492a/diff:/var/lib/docker/overlay2/bd4a2a46c227c2f15475b08c398f37acaab93f4fdba31de015d730efae0a0cfc/diff:/var/lib/docker/overlay2/31ad437d7cba8e64428a2b62db1bbb2a2ec19ca4e439ec493ef4deb50dce2783/diff:/var/lib/docker/overlay2/35173cbd8ec5b88a8888e9abbe75f8694f5d3f96a9b781bb70dc1f0889685741/diff:/var/lib/docker/overlay2/24bf69ac4e8c81062fee44e7c9f746fffbb139c3f7f4b55b4fd1b23bb101b529/diff:/var/lib/docker/overlay2/2f27c96a7775dad186b6f0da325d5a251c80aa1b7f80cf8520f493c5154aee70/diff:/var/lib/docker/overlay2/463a60088c72ddbea82639ded15801e35a79c443f6a26bf1baf320c683cb06af/diff:/var/lib/docker/overlay2/80b8224b23a2ee4b5be635c58ae579fd1913aa95558cd66ab2f5e8430f00a5b8/diff:/var/lib/docker/overlay2/20451fa0b1a07b85d665bc3a0359d721ce4e4c28fa3bce7456ab25e0babae708/diff:/var/lib/docker/overlay2/f80d865cbc6c1c6f57d0963fa6234e7a6409e079eb17f4f13ca41d02731701ad/diff:/var/lib/docker/overlay2/5a3029e0b57c6ec9b985871ff6adf08356aaa0f2a15f1e34c1a7f116ecc4a61d/diff:/var/lib/docker/overlay2/4f3423103248d0b381a1bc6a7287e2b42313ff458cea602a02b7379014b03e0e/diff","MergedDir":"/var/lib/docker/overlay2/5529564f52cf969e31e7a1482c27be7ffed19639b506ae2e15b7e7115f699a73/merged","UpperDir":"/var/lib/docker/overlay2/5529564f52cf969e31e7a1482c27be7ffed19639b506ae2e15b7e7115f699a73/diff","WorkDir":"/var/lib/docker/overlay2/5529564f52cf969e31e7a1482c27be7ffed19639b506ae2e15b7e7115f699a73/work"},"Name":"overlay2"},"Mounts":[{"Type":"volume","Name":"fd1f613c7fe3ca3ae799982507ac3f565cc9f6a2dc99ceaed92389e2c43f47d1","Source":"/var/lib/docker/volumes/fd1f613c7fe3ca3ae799982507ac3f565cc9f6a2dc99ceaed92389e2c43f47d1/_data","Destination":"/var/lib/mysql","Driver":"local","Mode":"","RW":true,"Propagation":""}],"Config":{"Hostname":"9691e3189171","Domainname":"","User":"","AttachStdin":false,"AttachStdout":false,"AttachStderr":false,"ExposedPorts":{"3306/tcp":{},"33060/tcp":{}},"Tty":false,"OpenStdin":false,"StdinOnce":false,"Env":["MYSQL_DATABASE=test","MYSQL_PASSWORD=admin","MYSQL_USER=admin","MYSQL_ROOT_PASSWORD=admin","PATH=/usr/local/sbin:/usr/local/bin:/usr/sbin:/usr/bin:/sbin:/bin","GOSU_VERSION=1.14","MYSQL_MAJOR=8.0","MYSQL_VERSION=8.0.29-1debian10"],"Cmd":["mysqld"],"Image":"mysql:8.0","Volumes":{"/var/lib/mysql":{}},"WorkingDir":"","Entrypoint":["docker-entrypoint.sh"],"OnBuild":null,"Labels":{"org.testcontainers":"true","org.testcontainers.sessionId":"d48265e4-2b28-4f8c-aa67-76dd8289af84"}},"NetworkSettings":{"Bridge":"","SandboxID":"d9de8570fe3f0a4e9f3a1ff7101c963bbd2c6a0a9d8a867b96f17f4d5edca537","HairpinMode":false,"LinkLocalIPv6Address":"","LinkLocalIPv6PrefixLen":0,"Ports":{"3306/tcp":[{"HostIp":"0.0.0.0","HostPort":"49160"},{"HostIp":"::","HostPort":"49160"}],"33060/tcp":null},"SandboxKey":"/var/run/docker/netns/d9de8570fe3f","SecondaryIPAddresses":null,"SecondaryIPv6Addresses":null,"EndpointID":"93e8fe159f683a98670e8995677c2b130dbce857fc116679206e206bda319cbf","Gateway":"172.17.0.1","GlobalIPv6Address":"","GlobalIPv6PrefixLen":0,"IPAddress":"172.17.0.3","IPPrefixLen":16,"IPv6Gateway":"","MacAddress":"02:42:ac:11:00:03","Networks":{"bridge":{"IPAMConfig":null,"Links":null,"Aliases":null,"NetworkID":"1853cd2b9856825cc97ed9ef2b12efa82d95bf9cf60ad666c276eb35cc53539e","EndpointID":"93e8fe159f683a98670e8995677c2b130dbce857fc116679206e206bda319cbf","Gateway":"172.17.0.1","IPAddress":"172.17.0.3","IPPrefixLen":16,"IPv6Gateway":"","GlobalIPv6Address":"","GlobalIPv6PrefixLen":0,"MacAddress":"02:42:ac:11:00:03","DriverOpts":null}}}}[\n]"
03:32:59.666 [main] DEBUG com.github.dockerjava.zerodep.shaded.org.apache.hc.client5.http.wire - http-outgoing-2 << "[\r][\n]"
03:32:59.666 [main] DEBUG com.github.dockerjava.zerodep.shaded.org.apache.hc.client5.http.wire - http-outgoing-2 << "0[\r][\n]"
03:32:59.666 [main] DEBUG com.github.dockerjava.zerodep.shaded.org.apache.hc.client5.http.wire - http-outgoing-2 << "[\r][\n]"
03:32:59.666 [main] DEBUG com.github.dockerjava.zerodep.shaded.org.apache.hc.client5.http.headers - http-outgoing-2 << HTTP/1.1 200 OK
03:32:59.666 [main] DEBUG com.github.dockerjava.zerodep.shaded.org.apache.hc.client5.http.headers - http-outgoing-2 << Api-Version: 1.41
03:32:59.666 [main] DEBUG com.github.dockerjava.zerodep.shaded.org.apache.hc.client5.http.headers - http-outgoing-2 << Content-Type: application/json
03:32:59.666 [main] DEBUG com.github.dockerjava.zerodep.shaded.org.apache.hc.client5.http.headers - http-outgoing-2 << Docker-Experimental: false
03:32:59.666 [main] DEBUG com.github.dockerjava.zerodep.shaded.org.apache.hc.client5.http.headers - http-outgoing-2 << Ostype: linux
03:32:59.666 [main] DEBUG com.github.dockerjava.zerodep.shaded.org.apache.hc.client5.http.headers - http-outgoing-2 << Server: Docker/20.10.12 (linux)
03:32:59.666 [main] DEBUG com.github.dockerjava.zerodep.shaded.org.apache.hc.client5.http.headers - http-outgoing-2 << Date: Thu, 23 Jun 2022 02:32:59 GMT
03:32:59.666 [main] DEBUG com.github.dockerjava.zerodep.shaded.org.apache.hc.client5.http.headers - http-outgoing-2 << Transfer-Encoding: chunked
03:32:59.666 [main] DEBUG com.github.dockerjava.zerodep.shaded.org.apache.hc.client5.http.impl.classic.MainClientExec - ex-0000007A: connection can be kept alive for 3 MINUTES
03:32:59.668 [main] DEBUG com.github.dockerjava.zerodep.shaded.org.apache.hc.client5.http.impl.classic.InternalHttpClient - ep-00000079: releasing valid endpoint
03:32:59.668 [main] DEBUG com.github.dockerjava.zerodep.shaded.org.apache.hc.client5.http.impl.io.PoolingHttpClientConnectionManager - ep-00000079: releasing endpoint
03:32:59.668 [main] DEBUG com.github.dockerjava.zerodep.shaded.org.apache.hc.client5.http.impl.io.PoolingHttpClientConnectionManager - ep-00000079: connection http-outgoing-2 can be kept alive for 3 MINUTES
03:32:59.668 [main] DEBUG com.github.dockerjava.zerodep.shaded.org.apache.hc.client5.http.impl.io.PoolingHttpClientConnectionManager - ep-00000079: connection released [route: {}->unix://localhost:2375][total available: 1; route allocated: 1 of 2147483647; total allocated: 1 of 2147483647]
03:32:59.668 [main] DEBUG 🐳 [mysql:8.0] - Trying to create JDBC connection using com.mysql.cj.jdbc.Driver to jdbc:mysql://localhost:49160/test?useSSL=false&allowPublicKeyRetrieval=true with properties: {password=admin, user=admin}
03:32:59.770 [main] DEBUG org.testcontainers.shaded.com.github.dockerjava.core.command.AbstrDockerCmd - Cmd: 9691e31891711283f4d98263d11bc6156717d3e75a0b86a23f3b128a992c1f38,false
03:32:59.770 [main] DEBUG org.testcontainers.shaded.com.github.dockerjava.core.exec.InspectContainerCmdExec - GET: DefaultWebTarget{path=[/containers/9691e31891711283f4d98263d11bc6156717d3e75a0b86a23f3b128a992c1f38/json], queryParams={}}
03:32:59.771 [main] DEBUG com.github.dockerjava.zerodep.shaded.org.apache.hc.client5.http.impl.classic.InternalHttpClient - ex-0000007B: preparing request execution
03:32:59.771 [main] DEBUG com.github.dockerjava.zerodep.shaded.org.apache.hc.client5.http.protocol.RequestAddCookies - Cookie spec selected: strict
03:32:59.771 [main] DEBUG com.github.dockerjava.zerodep.shaded.org.apache.hc.client5.http.protocol.RequestAuthCache - Auth cache not set in the context
03:32:59.771 [main] DEBUG com.github.dockerjava.zerodep.shaded.org.apache.hc.client5.http.impl.classic.ProtocolExec - ex-0000007B: target auth state: UNCHALLENGED
03:32:59.771 [main] DEBUG com.github.dockerjava.zerodep.shaded.org.apache.hc.client5.http.impl.classic.ProtocolExec - ex-0000007B: proxy auth state: UNCHALLENGED
03:32:59.771 [main] DEBUG com.github.dockerjava.zerodep.shaded.org.apache.hc.client5.http.impl.classic.ConnectExec - ex-0000007B: acquiring connection with route {}->unix://localhost:2375
03:32:59.771 [main] DEBUG com.github.dockerjava.zerodep.shaded.org.apache.hc.client5.http.impl.classic.InternalHttpClient - ex-0000007B: acquiring endpoint (3 MINUTES)
03:32:59.771 [main] DEBUG com.github.dockerjava.zerodep.shaded.org.apache.hc.client5.http.impl.io.PoolingHttpClientConnectionManager - ex-0000007B: endpoint lease request (3 MINUTES) [route: {}->unix://localhost:2375][total available: 1; route allocated: 1 of 2147483647; total allocated: 1 of 2147483647]
03:32:59.771 [main] DEBUG com.github.dockerjava.zerodep.shaded.org.apache.hc.client5.http.impl.io.PoolingHttpClientConnectionManager - ex-0000007B: endpoint leased [route: {}->unix://localhost:2375][total available: 0; route allocated: 1 of 2147483647; total allocated: 1 of 2147483647]
03:32:59.771 [main] DEBUG com.github.dockerjava.zerodep.shaded.org.apache.hc.client5.http.impl.io.PoolingHttpClientConnectionManager - ex-0000007B: acquired ep-0000007A
03:32:59.771 [main] DEBUG com.github.dockerjava.zerodep.shaded.org.apache.hc.client5.http.impl.classic.InternalHttpClient - ex-0000007B: acquired endpoint ep-0000007A
03:32:59.771 [main] DEBUG com.github.dockerjava.zerodep.shaded.org.apache.hc.client5.http.impl.classic.MainClientExec - ex-0000007B: executing GET /v1.32/containers/9691e31891711283f4d98263d11bc6156717d3e75a0b86a23f3b128a992c1f38/json HTTP/1.1
03:32:59.771 [main] DEBUG com.github.dockerjava.zerodep.shaded.org.apache.hc.client5.http.impl.classic.InternalHttpClient - ep-0000007A: start execution ex-0000007B
03:32:59.771 [main] DEBUG com.github.dockerjava.zerodep.shaded.org.apache.hc.client5.http.impl.io.PoolingHttpClientConnectionManager - ep-0000007A: executing exchange ex-0000007B over http-outgoing-2
03:32:59.771 [main] DEBUG com.github.dockerjava.zerodep.shaded.org.apache.hc.client5.http.headers - http-outgoing-2 >> GET /v1.32/containers/9691e31891711283f4d98263d11bc6156717d3e75a0b86a23f3b128a992c1f38/json HTTP/1.1
03:32:59.771 [main] DEBUG com.github.dockerjava.zerodep.shaded.org.apache.hc.client5.http.headers - http-outgoing-2 >> accept: application/json
03:32:59.771 [main] DEBUG com.github.dockerjava.zerodep.shaded.org.apache.hc.client5.http.headers - http-outgoing-2 >> Accept-Encoding: gzip, x-gzip, deflate
03:32:59.771 [main] DEBUG com.github.dockerjava.zerodep.shaded.org.apache.hc.client5.http.headers - http-outgoing-2 >> Host: localhost:2375
03:32:59.771 [main] DEBUG com.github.dockerjava.zerodep.shaded.org.apache.hc.client5.http.headers - http-outgoing-2 >> Connection: keep-alive
03:32:59.771 [main] DEBUG com.github.dockerjava.zerodep.shaded.org.apache.hc.client5.http.headers - http-outgoing-2 >> User-Agent: Apache-HttpClient/5.0.3 (Java/11.0.15)
03:32:59.771 [main] DEBUG com.github.dockerjava.zerodep.shaded.org.apache.hc.client5.http.wire - http-outgoing-2 >> "GET /v1.32/containers/9691e31891711283f4d98263d11bc6156717d3e75a0b86a23f3b128a992c1f38/json HTTP/1.1[\r][\n]"
03:32:59.771 [main] DEBUG com.github.dockerjava.zerodep.shaded.org.apache.hc.client5.http.wire - http-outgoing-2 >> "accept: application/json[\r][\n]"
03:32:59.771 [main] DEBUG com.github.dockerjava.zerodep.shaded.org.apache.hc.client5.http.wire - http-outgoing-2 >> "Accept-Encoding: gzip, x-gzip, deflate[\r][\n]"
03:32:59.771 [main] DEBUG com.github.dockerjava.zerodep.shaded.org.apache.hc.client5.http.wire - http-outgoing-2 >> "Host: localhost:2375[\r][\n]"
03:32:59.771 [main] DEBUG com.github.dockerjava.zerodep.shaded.org.apache.hc.client5.http.wire - http-outgoing-2 >> "Connection: keep-alive[\r][\n]"
03:32:59.771 [main] DEBUG com.github.dockerjava.zerodep.shaded.org.apache.hc.client5.http.wire - http-outgoing-2 >> "User-Agent: Apache-HttpClient/5.0.3 (Java/11.0.15)[\r][\n]"
03:32:59.772 [main] DEBUG com.github.dockerjava.zerodep.shaded.org.apache.hc.client5.http.wire - http-outgoing-2 >> "[\r][\n]"
03:32:59.772 [main] DEBUG com.github.dockerjava.zerodep.shaded.org.apache.hc.client5.http.wire - http-outgoing-2 << "HTTP/1.1 200 OK[\r][\n]"
03:32:59.772 [main] DEBUG com.github.dockerjava.zerodep.shaded.org.apache.hc.client5.http.wire - http-outgoing-2 << "Api-Version: 1.41[\r][\n]"
03:32:59.772 [main] DEBUG com.github.dockerjava.zerodep.shaded.org.apache.hc.client5.http.wire - http-outgoing-2 << "Content-Type: application/json[\r][\n]"
03:32:59.772 [main] DEBUG com.github.dockerjava.zerodep.shaded.org.apache.hc.client5.http.wire - http-outgoing-2 << "Docker-Experimental: false[\r][\n]"
03:32:59.772 [main] DEBUG com.github.dockerjava.zerodep.shaded.org.apache.hc.client5.http.wire - http-outgoing-2 << "Ostype: linux[\r][\n]"
03:32:59.772 [main] DEBUG com.github.dockerjava.zerodep.shaded.org.apache.hc.client5.http.wire - http-outgoing-2 << "Server: Docker/20.10.12 (linux)[\r][\n]"
03:32:59.772 [main] DEBUG com.github.dockerjava.zerodep.shaded.org.apache.hc.client5.http.wire - http-outgoing-2 << "Date: Thu, 23 Jun 2022 02:32:59 GMT[\r][\n]"
03:32:59.772 [main] DEBUG com.github.dockerjava.zerodep.shaded.org.apache.hc.client5.http.wire - http-outgoing-2 << "Transfer-Encoding: chunked[\r][\n]"
03:32:59.772 [main] DEBUG com.github.dockerjava.zerodep.shaded.org.apache.hc.client5.http.wire - http-outgoing-2 << "[\r][\n]"
03:32:59.772 [main] DEBUG com.github.dockerjava.zerodep.shaded.org.apache.hc.client5.http.wire - http-outgoing-2 << "18ed[\r][\n]"
03:32:59.772 [main] DEBUG com.github.dockerjava.zerodep.shaded.org.apache.hc.client5.http.wire - http-outgoing-2 << "{"Id":"9691e31891711283f4d98263d11bc6156717d3e75a0b86a23f3b128a992c1f38","Created":"2022-06-23T02:32:47.03956921Z","Path":"docker-entrypoint.sh","Args":["mysqld"],"State":{"Status":"running","Running":true,"Paused":false,"Restarting":false,"OOMKilled":false,"Dead":false,"Pid":66188,"ExitCode":0,"Error":"","StartedAt":"2022-06-23T02:32:47.703880551Z","FinishedAt":"0001-01-01T00:00:00Z"},"Image":"sha256:65b636d5542b73254ce90cc4b895597dc1adc2c661ca553c38eda159979dded1","ResolvConfPath":"/var/lib/docker/containers/9691e31891711283f4d98263d11bc6156717d3e75a0b86a23f3b128a992c1f38/resolv.conf","HostnamePath":"/var/lib/docker/containers/9691e31891711283f4d98263d11bc6156717d3e75a0b86a23f3b128a992c1f38/hostname","HostsPath":"/var/lib/docker/containers/9691e31891711283f4d98263d11bc6156717d3e75a0b86a23f3b128a992c1f38/hosts","LogPath":"/var/lib/docker/containers/9691e31891711283f4d98263d11bc6156717d3e75a0b86a23f3b128a992c1f38/9691e31891711283f4d98263d11bc6156717d3e75a0b86a23f3b128a992c1f38-json.log","Name":"/xenodochial_satoshi","RestartCount":0,"Driver":"overlay2","Platform":"linux","MountLabel":"","ProcessLabel":"","AppArmorProfile":"docker-default","ExecIDs":null,"HostConfig":{"Binds":[],"ContainerIDFile":"","LogConfig":{"Type":"json-file","Config":{}},"NetworkMode":"default","PortBindings":{"3306/tcp":[{"HostIp":"","HostPort":""}]},"RestartPolicy":{"Name":"","MaximumRetryCount":0},"AutoRemove":false,"VolumeDriver":"","VolumesFrom":[],"CapAdd":null,"CapDrop":null,"CgroupnsMode":"host","Dns":null,"DnsOptions":null,"DnsSearch":null,"ExtraHosts":[],"GroupAdd":null,"IpcMode":"shareable","Cgroup":"","Links":null,"OomScoreAdj":0,"PidMode":"","Privileged":false,"PublishAllPorts":false,"ReadonlyRootfs":false,"SecurityOpt":null,"UTSMode":"","UsernsMode":"","ShmSize":67108864,"Runtime":"runc","ConsoleSize":[0,0],"Isolation":"","CpuShares":0,"Memory":0,"NanoCpus":0,"CgroupParent":"","BlkioWeight":0,"BlkioWeightDevice":null,"BlkioDeviceReadBps":null,"BlkioDeviceWriteBps":null,"BlkioDeviceReadIOps":null,"BlkioDeviceWriteIOps":null,"CpuPeriod":0,"CpuQuota":0,"CpuRealtimePeriod":0,"CpuRealtimeRuntime":0,"CpusetCpus":"","CpusetMems":"","Devices":null,"DeviceCgroupRules":null,"DeviceRequests":null,"KernelMemory":0,"KernelMemoryTCP":0,"MemoryReservation":0,"MemorySwap":0,"MemorySwappiness":null,"OomKillDisable":false,"PidsLimit":null,"Ulimits":null,"CpuCount":0,"CpuPercent":0,"IOMaximumIOps":0,"IOMaximumBandwidth":0,"MaskedPaths":["/proc/asound","/proc/acpi","/proc/kcore","/proc/keys","/proc/latency_stats","/proc/timer_list","/proc/timer_stats","/proc/sched_debug","/proc/scsi","/sys/firmware"],"ReadonlyPaths":["/proc/bus","/proc/fs","/proc/irq","/proc/sys","/proc/sysrq-trigger"]},"GraphDriver":{"Data":{"LowerDir":"/var/lib/docker/overlay2/5529564f52cf969e31e7a1482c27be7ffed19639b506ae2e15b7e7115f699a73-init/diff:/var/lib/docker/overlay2/833a665819b5d9728d3efa7c33135034345a24f83af53b1a1af33d9b64f5492a/diff:/var/lib/docker/overlay2/bd4a2a46c227c2f15475b08c398f37acaab93f4fdba31de015d730efae0a0cfc/diff:/var/lib/docker/overlay2/31ad437d7cba8e64428a2b62db1bbb2a2ec19ca4e439ec493ef4deb50dce2783/diff:/var/lib/docker/overlay2/35173cbd8ec5b88a8888e9abbe75f8694f5d3f96a9b781bb70dc1f0889685741/diff:/var/lib/docker/overlay2/24bf69ac4e8c81062fee44e7c9f746fffbb139c3f7f4b55b4fd1b23bb101b529/diff:/var/lib/docker/overlay2/2f27c96a7775dad186b6f0da325d5a251c80aa1b7f80cf8520f493c5154aee70/diff:/var/lib/docker/overlay2/463a60088c72ddbea82639ded15801e35a79c443f6a26bf1baf320c683cb06af/diff:/var/lib/docker/overlay2/80b8224b23a2ee4b5be635c58ae579fd1913aa95558cd66ab2f5e8430f00a5b8/diff:/var/lib/docker/overlay2/20451fa0b1a07b85d665bc3a0359d721ce4e4c28fa3bce7456ab25e0babae708/diff:/var/lib/docker/overlay2/f80d865cbc6c1c6f57d0963fa6234e7a6409e079eb17f4f13ca41d02731701ad/diff:/var/lib/docker/overlay2/5a3029e0b57c6ec9b985871ff6adf08356aaa0f2a15f1e34c1a7f116ecc4a61d/diff:/var/lib/docker/overlay2/4f3423103248d0b381a1bc6a7287e2b42313ff458cea602a02b7379014b03e0e/diff","MergedDir":"/var/lib/docker/overlay2/5529564f52cf969e31e7a1482c27be7ffed19639b506ae2e15b7e7115f699a73/merged","UpperDir":"/var/lib/docker/overlay2/5529564f52cf969e31e7a1482c27be7ffed19639b506ae2e15b7e7115f699a73/diff","WorkDir":"/var/lib/docker/overlay2/5529564f52cf969e31e7a1482c27be7ffed19639b506ae2e15b7e7115f699a73/work"},"Name":"overlay2"},"Mounts":[{"Type":"volume","Name":"fd1f613c7fe3ca3ae799982507ac3f565cc9f6a2dc99ceaed92389e2c43f47d1","Source":"/var/lib/docker/volumes/fd1f613c7fe3ca3ae799982507ac3f565cc9f6a2dc99ceaed92389e2c43f47d1/_data","Destination":"/var/lib/mysql","Driver":"local","Mode":"","RW":true,"Propagation":""}],"Config":{"Hostname":"9691e3189171","Domainname":"","User":"","AttachStdin":false,"AttachStdout":false,"AttachStderr":false,"ExposedPorts":{"3306/tcp":{},"33060/tcp":{}},"Tty":false,"OpenStdin":false,"StdinOnce":false,"Env":["MYSQL_DATABASE=test","MYSQL_PASSWORD=admin","MYSQL_USER=admin","MYSQL_ROOT_PASSWORD=admin","PATH=/usr/local/sbin:/usr/local/bin:/usr/sbin:/usr/bin:/sbin:/bin","GOSU_VERSION=1.14","MYSQL_MAJOR=8.0","MYSQL_VERSION=8.0.29-1debian10"],"Cmd":["mysqld"],"Image":"mysql:8.0","Volumes":{"/var/lib/mysql":{}},"WorkingDir":"","Entrypoint":["docker-entrypoint.sh"],"OnBuild":null,"Labels":{"org.testcontainers":"true","org.testcontainers.sessionId":"d48265e4-2b28-4f8c-aa67-76dd8289af84"}},"NetworkSettings":{"Bridge":"","SandboxID":"d9de8570fe3f0a4e9f3a1ff7101c963bbd2c6a0a9d8a867b96f17f4d5edca537","HairpinMode":false,"LinkLocalIPv6Address":"","LinkLocalIPv6PrefixLen":0,"Ports":{"3306/tcp":[{"HostIp":"0.0.0.0","HostPort":"49160"},{"HostIp":"::","HostPort":"49160"}],"33060/tcp":null},"SandboxKey":"/var/run/docker/netns/d9de8570fe3f","SecondaryIPAddresses":null,"SecondaryIPv6Addresses":null,"EndpointID":"93e8fe159f683a98670e8995677c2b130dbce857fc116679206e206bda319cbf","Gateway":"172.17.0.1","GlobalIPv6Address":"","GlobalIPv6PrefixLen":0,"IPAddress":"172.17.0.3","IPPrefixLen":16,"IPv6Gateway":"","MacAddress":"02:42:ac:11:00:03","Networks":{"bridge":{"IPAMConfig":null,"Links":null,"Aliases":null,"NetworkID":"1853cd2b9856825cc97ed9ef2b12efa82d95bf9cf60ad666c276eb35cc53539e","EndpointID":"93e8fe159f683a98670e8995677c2b130dbce857fc116679206e206bda319cbf","Gateway":"172.17.0.1","IPAddress":"172.17.0.3","IPPrefixLen":16,"IPv6Gateway":"","GlobalIPv6Address":"","GlobalIPv6PrefixLen":0,"MacAddress":"02:42:ac:11:00:03","DriverOpts":null}}}}[\n]"
03:32:59.772 [main] DEBUG com.github.dockerjava.zerodep.shaded.org.apache.hc.client5.http.wire - http-outgoing-2 << "[\r][\n]"
03:32:59.772 [main] DEBUG com.github.dockerjava.zerodep.shaded.org.apache.hc.client5.http.wire - http-outgoing-2 << "0[\r][\n]"
03:32:59.772 [main] DEBUG com.github.dockerjava.zerodep.shaded.org.apache.hc.client5.http.wire - http-outgoing-2 << "[\r][\n]"
03:32:59.772 [main] DEBUG com.github.dockerjava.zerodep.shaded.org.apache.hc.client5.http.headers - http-outgoing-2 << HTTP/1.1 200 OK
03:32:59.772 [main] DEBUG com.github.dockerjava.zerodep.shaded.org.apache.hc.client5.http.headers - http-outgoing-2 << Api-Version: 1.41
03:32:59.772 [main] DEBUG com.github.dockerjava.zerodep.shaded.org.apache.hc.client5.http.headers - http-outgoing-2 << Content-Type: application/json
03:32:59.772 [main] DEBUG com.github.dockerjava.zerodep.shaded.org.apache.hc.client5.http.headers - http-outgoing-2 << Docker-Experimental: false
03:32:59.772 [main] DEBUG com.github.dockerjava.zerodep.shaded.org.apache.hc.client5.http.headers - http-outgoing-2 << Ostype: linux
03:32:59.772 [main] DEBUG com.github.dockerjava.zerodep.shaded.org.apache.hc.client5.http.headers - http-outgoing-2 << Server: Docker/20.10.12 (linux)
03:32:59.772 [main] DEBUG com.github.dockerjava.zerodep.shaded.org.apache.hc.client5.http.headers - http-outgoing-2 << Date: Thu, 23 Jun 2022 02:32:59 GMT
03:32:59.773 [main] DEBUG com.github.dockerjava.zerodep.shaded.org.apache.hc.client5.http.headers - http-outgoing-2 << Transfer-Encoding: chunked
03:32:59.773 [main] DEBUG com.github.dockerjava.zerodep.shaded.org.apache.hc.client5.http.impl.classic.MainClientExec - ex-0000007B: connection can be kept alive for 3 MINUTES
03:32:59.774 [main] DEBUG com.github.dockerjava.zerodep.shaded.org.apache.hc.client5.http.impl.classic.InternalHttpClient - ep-0000007A: releasing valid endpoint
03:32:59.774 [main] DEBUG com.github.dockerjava.zerodep.shaded.org.apache.hc.client5.http.impl.io.PoolingHttpClientConnectionManager - ep-0000007A: releasing endpoint
03:32:59.774 [main] DEBUG com.github.dockerjava.zerodep.shaded.org.apache.hc.client5.http.impl.io.PoolingHttpClientConnectionManager - ep-0000007A: connection http-outgoing-2 can be kept alive for 3 MINUTES
03:32:59.774 [main] DEBUG com.github.dockerjava.zerodep.shaded.org.apache.hc.client5.http.impl.io.PoolingHttpClientConnectionManager - ep-0000007A: connection released [route: {}->unix://localhost:2375][total available: 1; route allocated: 1 of 2147483647; total allocated: 1 of 2147483647]
03:32:59.774 [main] DEBUG 🐳 [mysql:8.0] - Trying to create JDBC connection using com.mysql.cj.jdbc.Driver to jdbc:mysql://localhost:49160/test?useSSL=false&allowPublicKeyRetrieval=true with properties: {password=admin, user=admin}
03:32:59.876 [main] DEBUG org.testcontainers.shaded.com.github.dockerjava.core.command.AbstrDockerCmd - Cmd: 9691e31891711283f4d98263d11bc6156717d3e75a0b86a23f3b128a992c1f38,false
03:32:59.876 [main] DEBUG org.testcontainers.shaded.com.github.dockerjava.core.exec.InspectContainerCmdExec - GET: DefaultWebTarget{path=[/containers/9691e31891711283f4d98263d11bc6156717d3e75a0b86a23f3b128a992c1f38/json], queryParams={}}
03:32:59.876 [main] DEBUG com.github.dockerjava.zerodep.shaded.org.apache.hc.client5.http.impl.classic.InternalHttpClient - ex-0000007C: preparing request execution
03:32:59.876 [main] DEBUG com.github.dockerjava.zerodep.shaded.org.apache.hc.client5.http.protocol.RequestAddCookies - Cookie spec selected: strict
03:32:59.877 [main] DEBUG com.github.dockerjava.zerodep.shaded.org.apache.hc.client5.http.protocol.RequestAuthCache - Auth cache not set in the context
03:32:59.877 [main] DEBUG com.github.dockerjava.zerodep.shaded.org.apache.hc.client5.http.impl.classic.ProtocolExec - ex-0000007C: target auth state: UNCHALLENGED
03:32:59.877 [main] DEBUG com.github.dockerjava.zerodep.shaded.org.apache.hc.client5.http.impl.classic.ProtocolExec - ex-0000007C: proxy auth state: UNCHALLENGED
03:32:59.877 [main] DEBUG com.github.dockerjava.zerodep.shaded.org.apache.hc.client5.http.impl.classic.ConnectExec - ex-0000007C: acquiring connection with route {}->unix://localhost:2375
03:32:59.877 [main] DEBUG com.github.dockerjava.zerodep.shaded.org.apache.hc.client5.http.impl.classic.InternalHttpClient - ex-0000007C: acquiring endpoint (3 MINUTES)
03:32:59.877 [main] DEBUG com.github.dockerjava.zerodep.shaded.org.apache.hc.client5.http.impl.io.PoolingHttpClientConnectionManager - ex-0000007C: endpoint lease request (3 MINUTES) [route: {}->unix://localhost:2375][total available: 1; route allocated: 1 of 2147483647; total allocated: 1 of 2147483647]
03:32:59.877 [main] DEBUG com.github.dockerjava.zerodep.shaded.org.apache.hc.client5.http.impl.io.PoolingHttpClientConnectionManager - ex-0000007C: endpoint leased [route: {}->unix://localhost:2375][total available: 0; route allocated: 1 of 2147483647; total allocated: 1 of 2147483647]
03:32:59.877 [main] DEBUG com.github.dockerjava.zerodep.shaded.org.apache.hc.client5.http.impl.io.PoolingHttpClientConnectionManager - ex-0000007C: acquired ep-0000007B
03:32:59.877 [main] DEBUG com.github.dockerjava.zerodep.shaded.org.apache.hc.client5.http.impl.classic.InternalHttpClient - ex-0000007C: acquired endpoint ep-0000007B
03:32:59.877 [main] DEBUG com.github.dockerjava.zerodep.shaded.org.apache.hc.client5.http.impl.classic.MainClientExec - ex-0000007C: executing GET /v1.32/containers/9691e31891711283f4d98263d11bc6156717d3e75a0b86a23f3b128a992c1f38/json HTTP/1.1
03:32:59.877 [main] DEBUG com.github.dockerjava.zerodep.shaded.org.apache.hc.client5.http.impl.classic.InternalHttpClient - ep-0000007B: start execution ex-0000007C
03:32:59.877 [main] DEBUG com.github.dockerjava.zerodep.shaded.org.apache.hc.client5.http.impl.io.PoolingHttpClientConnectionManager - ep-0000007B: executing exchange ex-0000007C over http-outgoing-2
03:32:59.877 [main] DEBUG com.github.dockerjava.zerodep.shaded.org.apache.hc.client5.http.headers - http-outgoing-2 >> GET /v1.32/containers/9691e31891711283f4d98263d11bc6156717d3e75a0b86a23f3b128a992c1f38/json HTTP/1.1
03:32:59.877 [main] DEBUG com.github.dockerjava.zerodep.shaded.org.apache.hc.client5.http.headers - http-outgoing-2 >> accept: application/json
03:32:59.877 [main] DEBUG com.github.dockerjava.zerodep.shaded.org.apache.hc.client5.http.headers - http-outgoing-2 >> Accept-Encoding: gzip, x-gzip, deflate
03:32:59.877 [main] DEBUG com.github.dockerjava.zerodep.shaded.org.apache.hc.client5.http.headers - http-outgoing-2 >> Host: localhost:2375
03:32:59.877 [main] DEBUG com.github.dockerjava.zerodep.shaded.org.apache.hc.client5.http.headers - http-outgoing-2 >> Connection: keep-alive
03:32:59.877 [main] DEBUG com.github.dockerjava.zerodep.shaded.org.apache.hc.client5.http.headers - http-outgoing-2 >> User-Agent: Apache-HttpClient/5.0.3 (Java/11.0.15)
03:32:59.877 [main] DEBUG com.github.dockerjava.zerodep.shaded.org.apache.hc.client5.http.wire - http-outgoing-2 >> "GET /v1.32/containers/9691e31891711283f4d98263d11bc6156717d3e75a0b86a23f3b128a992c1f38/json HTTP/1.1[\r][\n]"
03:32:59.877 [main] DEBUG com.github.dockerjava.zerodep.shaded.org.apache.hc.client5.http.wire - http-outgoing-2 >> "accept: application/json[\r][\n]"
03:32:59.877 [main] DEBUG com.github.dockerjava.zerodep.shaded.org.apache.hc.client5.http.wire - http-outgoing-2 >> "Accept-Encoding: gzip, x-gzip, deflate[\r][\n]"
03:32:59.877 [main] DEBUG com.github.dockerjava.zerodep.shaded.org.apache.hc.client5.http.wire - http-outgoing-2 >> "Host: localhost:2375[\r][\n]"
03:32:59.877 [main] DEBUG com.github.dockerjava.zerodep.shaded.org.apache.hc.client5.http.wire - http-outgoing-2 >> "Connection: keep-alive[\r][\n]"
03:32:59.877 [main] DEBUG com.github.dockerjava.zerodep.shaded.org.apache.hc.client5.http.wire - http-outgoing-2 >> "User-Agent: Apache-HttpClient/5.0.3 (Java/11.0.15)[\r][\n]"
03:32:59.877 [main] DEBUG com.github.dockerjava.zerodep.shaded.org.apache.hc.client5.http.wire - http-outgoing-2 >> "[\r][\n]"
03:32:59.877 [main] DEBUG com.github.dockerjava.zerodep.shaded.org.apache.hc.client5.http.wire - http-outgoing-2 << "HTTP/1.1 200 OK[\r][\n]"
03:32:59.877 [main] DEBUG com.github.dockerjava.zerodep.shaded.org.apache.hc.client5.http.wire - http-outgoing-2 << "Api-Version: 1.41[\r][\n]"
03:32:59.877 [main] DEBUG com.github.dockerjava.zerodep.shaded.org.apache.hc.client5.http.wire - http-outgoing-2 << "Content-Type: application/json[\r][\n]"
03:32:59.877 [main] DEBUG com.github.dockerjava.zerodep.shaded.org.apache.hc.client5.http.wire - http-outgoing-2 << "Docker-Experimental: false[\r][\n]"
03:32:59.877 [main] DEBUG com.github.dockerjava.zerodep.shaded.org.apache.hc.client5.http.wire - http-outgoing-2 << "Ostype: linux[\r][\n]"
03:32:59.877 [main] DEBUG com.github.dockerjava.zerodep.shaded.org.apache.hc.client5.http.wire - http-outgoing-2 << "Server: Docker/20.10.12 (linux)[\r][\n]"
03:32:59.877 [main] DEBUG com.github.dockerjava.zerodep.shaded.org.apache.hc.client5.http.wire - http-outgoing-2 << "Date: Thu, 23 Jun 2022 02:32:59 GMT[\r][\n]"
03:32:59.877 [main] DEBUG com.github.dockerjava.zerodep.shaded.org.apache.hc.client5.http.wire - http-outgoing-2 << "Transfer-Encoding: chunked[\r][\n]"
03:32:59.877 [main] DEBUG com.github.dockerjava.zerodep.shaded.org.apache.hc.client5.http.wire - http-outgoing-2 << "[\r][\n]"
03:32:59.877 [main] DEBUG com.github.dockerjava.zerodep.shaded.org.apache.hc.client5.http.wire - http-outgoing-2 << "18ed[\r][\n]"
03:32:59.878 [main] DEBUG com.github.dockerjava.zerodep.shaded.org.apache.hc.client5.http.wire - http-outgoing-2 << "{"Id":"9691e31891711283f4d98263d11bc6156717d3e75a0b86a23f3b128a992c1f38","Created":"2022-06-23T02:32:47.03956921Z","Path":"docker-entrypoint.sh","Args":["mysqld"],"State":{"Status":"running","Running":true,"Paused":false,"Restarting":false,"OOMKilled":false,"Dead":false,"Pid":66188,"ExitCode":0,"Error":"","StartedAt":"2022-06-23T02:32:47.703880551Z","FinishedAt":"0001-01-01T00:00:00Z"},"Image":"sha256:65b636d5542b73254ce90cc4b895597dc1adc2c661ca553c38eda159979dded1","ResolvConfPath":"/var/lib/docker/containers/9691e31891711283f4d98263d11bc6156717d3e75a0b86a23f3b128a992c1f38/resolv.conf","HostnamePath":"/var/lib/docker/containers/9691e31891711283f4d98263d11bc6156717d3e75a0b86a23f3b128a992c1f38/hostname","HostsPath":"/var/lib/docker/containers/9691e31891711283f4d98263d11bc6156717d3e75a0b86a23f3b128a992c1f38/hosts","LogPath":"/var/lib/docker/containers/9691e31891711283f4d98263d11bc6156717d3e75a0b86a23f3b128a992c1f38/9691e31891711283f4d98263d11bc6156717d3e75a0b86a23f3b128a992c1f38-json.log","Name":"/xenodochial_satoshi","RestartCount":0,"Driver":"overlay2","Platform":"linux","MountLabel":"","ProcessLabel":"","AppArmorProfile":"docker-default","ExecIDs":null,"HostConfig":{"Binds":[],"ContainerIDFile":"","LogConfig":{"Type":"json-file","Config":{}},"NetworkMode":"default","PortBindings":{"3306/tcp":[{"HostIp":"","HostPort":""}]},"RestartPolicy":{"Name":"","MaximumRetryCount":0},"AutoRemove":false,"VolumeDriver":"","VolumesFrom":[],"CapAdd":null,"CapDrop":null,"CgroupnsMode":"host","Dns":null,"DnsOptions":null,"DnsSearch":null,"ExtraHosts":[],"GroupAdd":null,"IpcMode":"shareable","Cgroup":"","Links":null,"OomScoreAdj":0,"PidMode":"","Privileged":false,"PublishAllPorts":false,"ReadonlyRootfs":false,"SecurityOpt":null,"UTSMode":"","UsernsMode":"","ShmSize":67108864,"Runtime":"runc","ConsoleSize":[0,0],"Isolation":"","CpuShares":0,"Memory":0,"NanoCpus":0,"CgroupParent":"","BlkioWeight":0,"BlkioWeightDevice":null,"BlkioDeviceReadBps":null,"BlkioDeviceWriteBps":null,"BlkioDeviceReadIOps":null,"BlkioDeviceWriteIOps":null,"CpuPeriod":0,"CpuQuota":0,"CpuRealtimePeriod":0,"CpuRealtimeRuntime":0,"CpusetCpus":"","CpusetMems":"","Devices":null,"DeviceCgroupRules":null,"DeviceRequests":null,"KernelMemory":0,"KernelMemoryTCP":0,"MemoryReservation":0,"MemorySwap":0,"MemorySwappiness":null,"OomKillDisable":false,"PidsLimit":null,"Ulimits":null,"CpuCount":0,"CpuPercent":0,"IOMaximumIOps":0,"IOMaximumBandwidth":0,"MaskedPaths":["/proc/asound","/proc/acpi","/proc/kcore","/proc/keys","/proc/latency_stats","/proc/timer_list","/proc/timer_stats","/proc/sched_debug","/proc/scsi","/sys/firmware"],"ReadonlyPaths":["/proc/bus","/proc/fs","/proc/irq","/proc/sys","/proc/sysrq-trigger"]},"GraphDriver":{"Data":{"LowerDir":"/var/lib/docker/overlay2/5529564f52cf969e31e7a1482c27be7ffed19639b506ae2e15b7e7115f699a73-init/diff:/var/lib/docker/overlay2/833a665819b5d9728d3efa7c33135034345a24f83af53b1a1af33d9b64f5492a/diff:/var/lib/docker/overlay2/bd4a2a46c227c2f15475b08c398f37acaab93f4fdba31de015d730efae0a0cfc/diff:/var/lib/docker/overlay2/31ad437d7cba8e64428a2b62db1bbb2a2ec19ca4e439ec493ef4deb50dce2783/diff:/var/lib/docker/overlay2/35173cbd8ec5b88a8888e9abbe75f8694f5d3f96a9b781bb70dc1f0889685741/diff:/var/lib/docker/overlay2/24bf69ac4e8c81062fee44e7c9f746fffbb139c3f7f4b55b4fd1b23bb101b529/diff:/var/lib/docker/overlay2/2f27c96a7775dad186b6f0da325d5a251c80aa1b7f80cf8520f493c5154aee70/diff:/var/lib/docker/overlay2/463a60088c72ddbea82639ded15801e35a79c443f6a26bf1baf320c683cb06af/diff:/var/lib/docker/overlay2/80b8224b23a2ee4b5be635c58ae579fd1913aa95558cd66ab2f5e8430f00a5b8/diff:/var/lib/docker/overlay2/20451fa0b1a07b85d665bc3a0359d721ce4e4c28fa3bce7456ab25e0babae708/diff:/var/lib/docker/overlay2/f80d865cbc6c1c6f57d0963fa6234e7a6409e079eb17f4f13ca41d02731701ad/diff:/var/lib/docker/overlay2/5a3029e0b57c6ec9b985871ff6adf08356aaa0f2a15f1e34c1a7f116ecc4a61d/diff:/var/lib/docker/overlay2/4f3423103248d0b381a1bc6a7287e2b42313ff458cea602a02b7379014b03e0e/diff","MergedDir":"/var/lib/docker/overlay2/5529564f52cf969e31e7a1482c27be7ffed19639b506ae2e15b7e7115f699a73/merged","UpperDir":"/var/lib/docker/overlay2/5529564f52cf969e31e7a1482c27be7ffed19639b506ae2e15b7e7115f699a73/diff","WorkDir":"/var/lib/docker/overlay2/5529564f52cf969e31e7a1482c27be7ffed19639b506ae2e15b7e7115f699a73/work"},"Name":"overlay2"},"Mounts":[{"Type":"volume","Name":"fd1f613c7fe3ca3ae799982507ac3f565cc9f6a2dc99ceaed92389e2c43f47d1","Source":"/var/lib/docker/volumes/fd1f613c7fe3ca3ae799982507ac3f565cc9f6a2dc99ceaed92389e2c43f47d1/_data","Destination":"/var/lib/mysql","Driver":"local","Mode":"","RW":true,"Propagation":""}],"Config":{"Hostname":"9691e3189171","Domainname":"","User":"","AttachStdin":false,"AttachStdout":false,"AttachStderr":false,"ExposedPorts":{"3306/tcp":{},"33060/tcp":{}},"Tty":false,"OpenStdin":false,"StdinOnce":false,"Env":["MYSQL_DATABASE=test","MYSQL_PASSWORD=admin","MYSQL_USER=admin","MYSQL_ROOT_PASSWORD=admin","PATH=/usr/local/sbin:/usr/local/bin:/usr/sbin:/usr/bin:/sbin:/bin","GOSU_VERSION=1.14","MYSQL_MAJOR=8.0","MYSQL_VERSION=8.0.29-1debian10"],"Cmd":["mysqld"],"Image":"mysql:8.0","Volumes":{"/var/lib/mysql":{}},"WorkingDir":"","Entrypoint":["docker-entrypoint.sh"],"OnBuild":null,"Labels":{"org.testcontainers":"true","org.testcontainers.sessionId":"d48265e4-2b28-4f8c-aa67-76dd8289af84"}},"NetworkSettings":{"Bridge":"","SandboxID":"d9de8570fe3f0a4e9f3a1ff7101c963bbd2c6a0a9d8a867b96f17f4d5edca537","HairpinMode":false,"LinkLocalIPv6Address":"","LinkLocalIPv6PrefixLen":0,"Ports":{"3306/tcp":[{"HostIp":"0.0.0.0","HostPort":"49160"},{"HostIp":"::","HostPort":"49160"}],"33060/tcp":null},"SandboxKey":"/var/run/docker/netns/d9de8570fe3f","SecondaryIPAddresses":null,"SecondaryIPv6Addresses":null,"EndpointID":"93e8fe159f683a98670e8995677c2b130dbce857fc116679206e206bda319cbf","Gateway":"172.17.0.1","GlobalIPv6Address":"","GlobalIPv6PrefixLen":0,"IPAddress":"172.17.0.3","IPPrefixLen":16,"IPv6Gateway":"","MacAddress":"02:42:ac:11:00:03","Networks":{"bridge":{"IPAMConfig":null,"Links":null,"Aliases":null,"NetworkID":"1853cd2b9856825cc97ed9ef2b12efa82d95bf9cf60ad666c276eb35cc53539e","EndpointID":"93e8fe159f683a98670e8995677c2b130dbce857fc116679206e206bda319cbf","Gateway":"172.17.0.1","IPAddress":"172.17.0.3","IPPrefixLen":16,"IPv6Gateway":"","GlobalIPv6Address":"","GlobalIPv6PrefixLen":0,"MacAddress":"02:42:ac:11:00:03","DriverOpts":null}}}}[\n]"
03:32:59.878 [main] DEBUG com.github.dockerjava.zerodep.shaded.org.apache.hc.client5.http.wire - http-outgoing-2 << "[\r][\n]"
03:32:59.878 [main] DEBUG com.github.dockerjava.zerodep.shaded.org.apache.hc.client5.http.wire - http-outgoing-2 << "0[\r][\n]"
03:32:59.878 [main] DEBUG com.github.dockerjava.zerodep.shaded.org.apache.hc.client5.http.wire - http-outgoing-2 << "[\r][\n]"
03:32:59.878 [main] DEBUG com.github.dockerjava.zerodep.shaded.org.apache.hc.client5.http.headers - http-outgoing-2 << HTTP/1.1 200 OK
03:32:59.878 [main] DEBUG com.github.dockerjava.zerodep.shaded.org.apache.hc.client5.http.headers - http-outgoing-2 << Api-Version: 1.41
03:32:59.878 [main] DEBUG com.github.dockerjava.zerodep.shaded.org.apache.hc.client5.http.headers - http-outgoing-2 << Content-Type: application/json
03:32:59.878 [main] DEBUG com.github.dockerjava.zerodep.shaded.org.apache.hc.client5.http.headers - http-outgoing-2 << Docker-Experimental: false
03:32:59.878 [main] DEBUG com.github.dockerjava.zerodep.shaded.org.apache.hc.client5.http.headers - http-outgoing-2 << Ostype: linux
03:32:59.878 [main] DEBUG com.github.dockerjava.zerodep.shaded.org.apache.hc.client5.http.headers - http-outgoing-2 << Server: Docker/20.10.12 (linux)
03:32:59.878 [main] DEBUG com.github.dockerjava.zerodep.shaded.org.apache.hc.client5.http.headers - http-outgoing-2 << Date: Thu, 23 Jun 2022 02:32:59 GMT
03:32:59.878 [main] DEBUG com.github.dockerjava.zerodep.shaded.org.apache.hc.client5.http.headers - http-outgoing-2 << Transfer-Encoding: chunked
03:32:59.878 [main] DEBUG com.github.dockerjava.zerodep.shaded.org.apache.hc.client5.http.impl.classic.MainClientExec - ex-0000007C: connection can be kept alive for 3 MINUTES
03:32:59.879 [main] DEBUG com.github.dockerjava.zerodep.shaded.org.apache.hc.client5.http.impl.classic.InternalHttpClient - ep-0000007B: releasing valid endpoint
03:32:59.879 [main] DEBUG com.github.dockerjava.zerodep.shaded.org.apache.hc.client5.http.impl.io.PoolingHttpClientConnectionManager - ep-0000007B: releasing endpoint
03:32:59.879 [main] DEBUG com.github.dockerjava.zerodep.shaded.org.apache.hc.client5.http.impl.io.PoolingHttpClientConnectionManager - ep-0000007B: connection http-outgoing-2 can be kept alive for 3 MINUTES
03:32:59.879 [main] DEBUG com.github.dockerjava.zerodep.shaded.org.apache.hc.client5.http.impl.io.PoolingHttpClientConnectionManager - ep-0000007B: connection released [route: {}->unix://localhost:2375][total available: 1; route allocated: 1 of 2147483647; total allocated: 1 of 2147483647]
03:32:59.879 [main] DEBUG 🐳 [mysql:8.0] - Trying to create JDBC connection using com.mysql.cj.jdbc.Driver to jdbc:mysql://localhost:49160/test?useSSL=false&allowPublicKeyRetrieval=true with properties: {password=admin, user=admin}
03:32:59.981 [main] DEBUG org.testcontainers.shaded.com.github.dockerjava.core.command.AbstrDockerCmd - Cmd: 9691e31891711283f4d98263d11bc6156717d3e75a0b86a23f3b128a992c1f38,false
03:32:59.981 [main] DEBUG org.testcontainers.shaded.com.github.dockerjava.core.exec.InspectContainerCmdExec - GET: DefaultWebTarget{path=[/containers/9691e31891711283f4d98263d11bc6156717d3e75a0b86a23f3b128a992c1f38/json], queryParams={}}
03:32:59.981 [main] DEBUG com.github.dockerjava.zerodep.shaded.org.apache.hc.client5.http.impl.classic.InternalHttpClient - ex-0000007D: preparing request execution
03:32:59.981 [main] DEBUG com.github.dockerjava.zerodep.shaded.org.apache.hc.client5.http.protocol.RequestAddCookies - Cookie spec selected: strict
03:32:59.981 [main] DEBUG com.github.dockerjava.zerodep.shaded.org.apache.hc.client5.http.protocol.RequestAuthCache - Auth cache not set in the context
03:32:59.981 [main] DEBUG com.github.dockerjava.zerodep.shaded.org.apache.hc.client5.http.impl.classic.ProtocolExec - ex-0000007D: target auth state: UNCHALLENGED
03:32:59.981 [main] DEBUG com.github.dockerjava.zerodep.shaded.org.apache.hc.client5.http.impl.classic.ProtocolExec - ex-0000007D: proxy auth state: UNCHALLENGED
03:32:59.981 [main] DEBUG com.github.dockerjava.zerodep.shaded.org.apache.hc.client5.http.impl.classic.ConnectExec - ex-0000007D: acquiring connection with route {}->unix://localhost:2375
03:32:59.981 [main] DEBUG com.github.dockerjava.zerodep.shaded.org.apache.hc.client5.http.impl.classic.InternalHttpClient - ex-0000007D: acquiring endpoint (3 MINUTES)
03:32:59.981 [main] DEBUG com.github.dockerjava.zerodep.shaded.org.apache.hc.client5.http.impl.io.PoolingHttpClientConnectionManager - ex-0000007D: endpoint lease request (3 MINUTES) [route: {}->unix://localhost:2375][total available: 1; route allocated: 1 of 2147483647; total allocated: 1 of 2147483647]
03:32:59.981 [main] DEBUG com.github.dockerjava.zerodep.shaded.org.apache.hc.client5.http.impl.io.PoolingHttpClientConnectionManager - ex-0000007D: endpoint leased [route: {}->unix://localhost:2375][total available: 0; route allocated: 1 of 2147483647; total allocated: 1 of 2147483647]
03:32:59.981 [main] DEBUG com.github.dockerjava.zerodep.shaded.org.apache.hc.client5.http.impl.io.PoolingHttpClientConnectionManager - ex-0000007D: acquired ep-0000007C
03:32:59.981 [main] DEBUG com.github.dockerjava.zerodep.shaded.org.apache.hc.client5.http.impl.classic.InternalHttpClient - ex-0000007D: acquired endpoint ep-0000007C
03:32:59.982 [main] DEBUG com.github.dockerjava.zerodep.shaded.org.apache.hc.client5.http.impl.classic.MainClientExec - ex-0000007D: executing GET /v1.32/containers/9691e31891711283f4d98263d11bc6156717d3e75a0b86a23f3b128a992c1f38/json HTTP/1.1
03:32:59.982 [main] DEBUG com.github.dockerjava.zerodep.shaded.org.apache.hc.client5.http.impl.classic.InternalHttpClient - ep-0000007C: start execution ex-0000007D
03:32:59.982 [main] DEBUG com.github.dockerjava.zerodep.shaded.org.apache.hc.client5.http.impl.io.PoolingHttpClientConnectionManager - ep-0000007C: executing exchange ex-0000007D over http-outgoing-2
03:32:59.982 [main] DEBUG com.github.dockerjava.zerodep.shaded.org.apache.hc.client5.http.headers - http-outgoing-2 >> GET /v1.32/containers/9691e31891711283f4d98263d11bc6156717d3e75a0b86a23f3b128a992c1f38/json HTTP/1.1
03:32:59.982 [main] DEBUG com.github.dockerjava.zerodep.shaded.org.apache.hc.client5.http.headers - http-outgoing-2 >> accept: application/json
03:32:59.982 [main] DEBUG com.github.dockerjava.zerodep.shaded.org.apache.hc.client5.http.headers - http-outgoing-2 >> Accept-Encoding: gzip, x-gzip, deflate
03:32:59.982 [main] DEBUG com.github.dockerjava.zerodep.shaded.org.apache.hc.client5.http.headers - http-outgoing-2 >> Host: localhost:2375
03:32:59.982 [main] DEBUG com.github.dockerjava.zerodep.shaded.org.apache.hc.client5.http.headers - http-outgoing-2 >> Connection: keep-alive
03:32:59.982 [main] DEBUG com.github.dockerjava.zerodep.shaded.org.apache.hc.client5.http.headers - http-outgoing-2 >> User-Agent: Apache-HttpClient/5.0.3 (Java/11.0.15)
03:32:59.982 [main] DEBUG com.github.dockerjava.zerodep.shaded.org.apache.hc.client5.http.wire - http-outgoing-2 >> "GET /v1.32/containers/9691e31891711283f4d98263d11bc6156717d3e75a0b86a23f3b128a992c1f38/json HTTP/1.1[\r][\n]"
03:32:59.982 [main] DEBUG com.github.dockerjava.zerodep.shaded.org.apache.hc.client5.http.wire - http-outgoing-2 >> "accept: application/json[\r][\n]"
03:32:59.982 [main] DEBUG com.github.dockerjava.zerodep.shaded.org.apache.hc.client5.http.wire - http-outgoing-2 >> "Accept-Encoding: gzip, x-gzip, deflate[\r][\n]"
03:32:59.982 [main] DEBUG com.github.dockerjava.zerodep.shaded.org.apache.hc.client5.http.wire - http-outgoing-2 >> "Host: localhost:2375[\r][\n]"
03:32:59.982 [main] DEBUG com.github.dockerjava.zerodep.shaded.org.apache.hc.client5.http.wire - http-outgoing-2 >> "Connection: keep-alive[\r][\n]"
03:32:59.982 [main] DEBUG com.github.dockerjava.zerodep.shaded.org.apache.hc.client5.http.wire - http-outgoing-2 >> "User-Agent: Apache-HttpClient/5.0.3 (Java/11.0.15)[\r][\n]"
03:32:59.982 [main] DEBUG com.github.dockerjava.zerodep.shaded.org.apache.hc.client5.http.wire - http-outgoing-2 >> "[\r][\n]"
03:32:59.982 [main] DEBUG com.github.dockerjava.zerodep.shaded.org.apache.hc.client5.http.wire - http-outgoing-2 << "HTTP/1.1 200 OK[\r][\n]"
03:32:59.982 [main] DEBUG com.github.dockerjava.zerodep.shaded.org.apache.hc.client5.http.wire - http-outgoing-2 << "Api-Version: 1.41[\r][\n]"
03:32:59.982 [main] DEBUG com.github.dockerjava.zerodep.shaded.org.apache.hc.client5.http.wire - http-outgoing-2 << "Content-Type: application/json[\r][\n]"
03:32:59.982 [main] DEBUG com.github.dockerjava.zerodep.shaded.org.apache.hc.client5.http.wire - http-outgoing-2 << "Docker-Experimental: false[\r][\n]"
03:32:59.982 [main] DEBUG com.github.dockerjava.zerodep.shaded.org.apache.hc.client5.http.wire - http-outgoing-2 << "Ostype: linux[\r][\n]"
03:32:59.982 [main] DEBUG com.github.dockerjava.zerodep.shaded.org.apache.hc.client5.http.wire - http-outgoing-2 << "Server: Docker/20.10.12 (linux)[\r][\n]"
03:32:59.982 [main] DEBUG com.github.dockerjava.zerodep.shaded.org.apache.hc.client5.http.wire - http-outgoing-2 << "Date: Thu, 23 Jun 2022 02:32:59 GMT[\r][\n]"
03:32:59.982 [main] DEBUG com.github.dockerjava.zerodep.shaded.org.apache.hc.client5.http.wire - http-outgoing-2 << "Transfer-Encoding: chunked[\r][\n]"
03:32:59.982 [main] DEBUG com.github.dockerjava.zerodep.shaded.org.apache.hc.client5.http.wire - http-outgoing-2 << "[\r][\n]"
03:32:59.982 [main] DEBUG com.github.dockerjava.zerodep.shaded.org.apache.hc.client5.http.wire - http-outgoing-2 << "18ed[\r][\n]"
03:32:59.982 [main] DEBUG com.github.dockerjava.zerodep.shaded.org.apache.hc.client5.http.wire - http-outgoing-2 << "{"Id":"9691e31891711283f4d98263d11bc6156717d3e75a0b86a23f3b128a992c1f38","Created":"2022-06-23T02:32:47.03956921Z","Path":"docker-entrypoint.sh","Args":["mysqld"],"State":{"Status":"running","Running":true,"Paused":false,"Restarting":false,"OOMKilled":false,"Dead":false,"Pid":66188,"ExitCode":0,"Error":"","StartedAt":"2022-06-23T02:32:47.703880551Z","FinishedAt":"0001-01-01T00:00:00Z"},"Image":"sha256:65b636d5542b73254ce90cc4b895597dc1adc2c661ca553c38eda159979dded1","ResolvConfPath":"/var/lib/docker/containers/9691e31891711283f4d98263d11bc6156717d3e75a0b86a23f3b128a992c1f38/resolv.conf","HostnamePath":"/var/lib/docker/containers/9691e31891711283f4d98263d11bc6156717d3e75a0b86a23f3b128a992c1f38/hostname","HostsPath":"/var/lib/docker/containers/9691e31891711283f4d98263d11bc6156717d3e75a0b86a23f3b128a992c1f38/hosts","LogPath":"/var/lib/docker/containers/9691e31891711283f4d98263d11bc6156717d3e75a0b86a23f3b128a992c1f38/9691e31891711283f4d98263d11bc6156717d3e75a0b86a23f3b128a992c1f38-json.log","Name":"/xenodochial_satoshi","RestartCount":0,"Driver":"overlay2","Platform":"linux","MountLabel":"","ProcessLabel":"","AppArmorProfile":"docker-default","ExecIDs":null,"HostConfig":{"Binds":[],"ContainerIDFile":"","LogConfig":{"Type":"json-file","Config":{}},"NetworkMode":"default","PortBindings":{"3306/tcp":[{"HostIp":"","HostPort":""}]},"RestartPolicy":{"Name":"","MaximumRetryCount":0},"AutoRemove":false,"VolumeDriver":"","VolumesFrom":[],"CapAdd":null,"CapDrop":null,"CgroupnsMode":"host","Dns":null,"DnsOptions":null,"DnsSearch":null,"ExtraHosts":[],"GroupAdd":null,"IpcMode":"shareable","Cgroup":"","Links":null,"OomScoreAdj":0,"PidMode":"","Privileged":false,"PublishAllPorts":false,"ReadonlyRootfs":false,"SecurityOpt":null,"UTSMode":"","UsernsMode":"","ShmSize":67108864,"Runtime":"runc","ConsoleSize":[0,0],"Isolation":"","CpuShares":0,"Memory":0,"NanoCpus":0,"CgroupParent":"","BlkioWeight":0,"BlkioWeightDevice":null,"BlkioDeviceReadBps":null,"BlkioDeviceWriteBps":null,"BlkioDeviceReadIOps":null,"BlkioDeviceWriteIOps":null,"CpuPeriod":0,"CpuQuota":0,"CpuRealtimePeriod":0,"CpuRealtimeRuntime":0,"CpusetCpus":"","CpusetMems":"","Devices":null,"DeviceCgroupRules":null,"DeviceRequests":null,"KernelMemory":0,"KernelMemoryTCP":0,"MemoryReservation":0,"MemorySwap":0,"MemorySwappiness":null,"OomKillDisable":false,"PidsLimit":null,"Ulimits":null,"CpuCount":0,"CpuPercent":0,"IOMaximumIOps":0,"IOMaximumBandwidth":0,"MaskedPaths":["/proc/asound","/proc/acpi","/proc/kcore","/proc/keys","/proc/latency_stats","/proc/timer_list","/proc/timer_stats","/proc/sched_debug","/proc/scsi","/sys/firmware"],"ReadonlyPaths":["/proc/bus","/proc/fs","/proc/irq","/proc/sys","/proc/sysrq-trigger"]},"GraphDriver":{"Data":{"LowerDir":"/var/lib/docker/overlay2/5529564f52cf969e31e7a1482c27be7ffed19639b506ae2e15b7e7115f699a73-init/diff:/var/lib/docker/overlay2/833a665819b5d9728d3efa7c33135034345a24f83af53b1a1af33d9b64f5492a/diff:/var/lib/docker/overlay2/bd4a2a46c227c2f15475b08c398f37acaab93f4fdba31de015d730efae0a0cfc/diff:/var/lib/docker/overlay2/31ad437d7cba8e64428a2b62db1bbb2a2ec19ca4e439ec493ef4deb50dce2783/diff:/var/lib/docker/overlay2/35173cbd8ec5b88a8888e9abbe75f8694f5d3f96a9b781bb70dc1f0889685741/diff:/var/lib/docker/overlay2/24bf69ac4e8c81062fee44e7c9f746fffbb139c3f7f4b55b4fd1b23bb101b529/diff:/var/lib/docker/overlay2/2f27c96a7775dad186b6f0da325d5a251c80aa1b7f80cf8520f493c5154aee70/diff:/var/lib/docker/overlay2/463a60088c72ddbea82639ded15801e35a79c443f6a26bf1baf320c683cb06af/diff:/var/lib/docker/overlay2/80b8224b23a2ee4b5be635c58ae579fd1913aa95558cd66ab2f5e8430f00a5b8/diff:/var/lib/docker/overlay2/20451fa0b1a07b85d665bc3a0359d721ce4e4c28fa3bce7456ab25e0babae708/diff:/var/lib/docker/overlay2/f80d865cbc6c1c6f57d0963fa6234e7a6409e079eb17f4f13ca41d02731701ad/diff:/var/lib/docker/overlay2/5a3029e0b57c6ec9b985871ff6adf08356aaa0f2a15f1e34c1a7f116ecc4a61d/diff:/var/lib/docker/overlay2/4f3423103248d0b381a1bc6a7287e2b42313ff458cea602a02b7379014b03e0e/diff","MergedDir":"/var/lib/docker/overlay2/5529564f52cf969e31e7a1482c27be7ffed19639b506ae2e15b7e7115f699a73/merged","UpperDir":"/var/lib/docker/overlay2/5529564f52cf969e31e7a1482c27be7ffed19639b506ae2e15b7e7115f699a73/diff","WorkDir":"/var/lib/docker/overlay2/5529564f52cf969e31e7a1482c27be7ffed19639b506ae2e15b7e7115f699a73/work"},"Name":"overlay2"},"Mounts":[{"Type":"volume","Name":"fd1f613c7fe3ca3ae799982507ac3f565cc9f6a2dc99ceaed92389e2c43f47d1","Source":"/var/lib/docker/volumes/fd1f613c7fe3ca3ae799982507ac3f565cc9f6a2dc99ceaed92389e2c43f47d1/_data","Destination":"/var/lib/mysql","Driver":"local","Mode":"","RW":true,"Propagation":""}],"Config":{"Hostname":"9691e3189171","Domainname":"","User":"","AttachStdin":false,"AttachStdout":false,"AttachStderr":false,"ExposedPorts":{"3306/tcp":{},"33060/tcp":{}},"Tty":false,"OpenStdin":false,"StdinOnce":false,"Env":["MYSQL_DATABASE=test","MYSQL_PASSWORD=admin","MYSQL_USER=admin","MYSQL_ROOT_PASSWORD=admin","PATH=/usr/local/sbin:/usr/local/bin:/usr/sbin:/usr/bin:/sbin:/bin","GOSU_VERSION=1.14","MYSQL_MAJOR=8.0","MYSQL_VERSION=8.0.29-1debian10"],"Cmd":["mysqld"],"Image":"mysql:8.0","Volumes":{"/var/lib/mysql":{}},"WorkingDir":"","Entrypoint":["docker-entrypoint.sh"],"OnBuild":null,"Labels":{"org.testcontainers":"true","org.testcontainers.sessionId":"d48265e4-2b28-4f8c-aa67-76dd8289af84"}},"NetworkSettings":{"Bridge":"","SandboxID":"d9de8570fe3f0a4e9f3a1ff7101c963bbd2c6a0a9d8a867b96f17f4d5edca537","HairpinMode":false,"LinkLocalIPv6Address":"","LinkLocalIPv6PrefixLen":0,"Ports":{"3306/tcp":[{"HostIp":"0.0.0.0","HostPort":"49160"},{"HostIp":"::","HostPort":"49160"}],"33060/tcp":null},"SandboxKey":"/var/run/docker/netns/d9de8570fe3f","SecondaryIPAddresses":null,"SecondaryIPv6Addresses":null,"EndpointID":"93e8fe159f683a98670e8995677c2b130dbce857fc116679206e206bda319cbf","Gateway":"172.17.0.1","GlobalIPv6Address":"","GlobalIPv6PrefixLen":0,"IPAddress":"172.17.0.3","IPPrefixLen":16,"IPv6Gateway":"","MacAddress":"02:42:ac:11:00:03","Networks":{"bridge":{"IPAMConfig":null,"Links":null,"Aliases":null,"NetworkID":"1853cd2b9856825cc97ed9ef2b12efa82d95bf9cf60ad666c276eb35cc53539e","EndpointID":"93e8fe159f683a98670e8995677c2b130dbce857fc116679206e206bda319cbf","Gateway":"172.17.0.1","IPAddress":"172.17.0.3","IPPrefixLen":16,"IPv6Gateway":"","GlobalIPv6Address":"","GlobalIPv6PrefixLen":0,"MacAddress":"02:42:ac:11:00:03","DriverOpts":null}}}}[\n]"
03:32:59.982 [main] DEBUG com.github.dockerjava.zerodep.shaded.org.apache.hc.client5.http.wire - http-outgoing-2 << "[\r][\n]"
03:32:59.982 [main] DEBUG com.github.dockerjava.zerodep.shaded.org.apache.hc.client5.http.wire - http-outgoing-2 << "0[\r][\n]"
03:32:59.982 [main] DEBUG com.github.dockerjava.zerodep.shaded.org.apache.hc.client5.http.wire - http-outgoing-2 << "[\r][\n]"
03:32:59.983 [main] DEBUG com.github.dockerjava.zerodep.shaded.org.apache.hc.client5.http.headers - http-outgoing-2 << HTTP/1.1 200 OK
03:32:59.983 [main] DEBUG com.github.dockerjava.zerodep.shaded.org.apache.hc.client5.http.headers - http-outgoing-2 << Api-Version: 1.41
03:32:59.983 [main] DEBUG com.github.dockerjava.zerodep.shaded.org.apache.hc.client5.http.headers - http-outgoing-2 << Content-Type: application/json
03:32:59.983 [main] DEBUG com.github.dockerjava.zerodep.shaded.org.apache.hc.client5.http.headers - http-outgoing-2 << Docker-Experimental: false
03:32:59.983 [main] DEBUG com.github.dockerjava.zerodep.shaded.org.apache.hc.client5.http.headers - http-outgoing-2 << Ostype: linux
03:32:59.983 [main] DEBUG com.github.dockerjava.zerodep.shaded.org.apache.hc.client5.http.headers - http-outgoing-2 << Server: Docker/20.10.12 (linux)
03:32:59.983 [main] DEBUG com.github.dockerjava.zerodep.shaded.org.apache.hc.client5.http.headers - http-outgoing-2 << Date: Thu, 23 Jun 2022 02:32:59 GMT
03:32:59.983 [main] DEBUG com.github.dockerjava.zerodep.shaded.org.apache.hc.client5.http.headers - http-outgoing-2 << Transfer-Encoding: chunked
03:32:59.983 [main] DEBUG com.github.dockerjava.zerodep.shaded.org.apache.hc.client5.http.impl.classic.MainClientExec - ex-0000007D: connection can be kept alive for 3 MINUTES
03:32:59.984 [main] DEBUG com.github.dockerjava.zerodep.shaded.org.apache.hc.client5.http.impl.classic.InternalHttpClient - ep-0000007C: releasing valid endpoint
03:32:59.984 [main] DEBUG com.github.dockerjava.zerodep.shaded.org.apache.hc.client5.http.impl.io.PoolingHttpClientConnectionManager - ep-0000007C: releasing endpoint
03:32:59.984 [main] DEBUG com.github.dockerjava.zerodep.shaded.org.apache.hc.client5.http.impl.io.PoolingHttpClientConnectionManager - ep-0000007C: connection http-outgoing-2 can be kept alive for 3 MINUTES
03:32:59.984 [main] DEBUG com.github.dockerjava.zerodep.shaded.org.apache.hc.client5.http.impl.io.PoolingHttpClientConnectionManager - ep-0000007C: connection released [route: {}->unix://localhost:2375][total available: 1; route allocated: 1 of 2147483647; total allocated: 1 of 2147483647]
03:32:59.984 [main] DEBUG 🐳 [mysql:8.0] - Trying to create JDBC connection using com.mysql.cj.jdbc.Driver to jdbc:mysql://localhost:49160/test?useSSL=false&allowPublicKeyRetrieval=true with properties: {password=admin, user=admin}
03:33:00.085 [main] DEBUG org.testcontainers.shaded.com.github.dockerjava.core.command.AbstrDockerCmd - Cmd: 9691e31891711283f4d98263d11bc6156717d3e75a0b86a23f3b128a992c1f38,false
03:33:00.085 [main] DEBUG org.testcontainers.shaded.com.github.dockerjava.core.exec.InspectContainerCmdExec - GET: DefaultWebTarget{path=[/containers/9691e31891711283f4d98263d11bc6156717d3e75a0b86a23f3b128a992c1f38/json], queryParams={}}
03:33:00.086 [main] DEBUG com.github.dockerjava.zerodep.shaded.org.apache.hc.client5.http.impl.classic.InternalHttpClient - ex-0000007E: preparing request execution
03:33:00.086 [main] DEBUG com.github.dockerjava.zerodep.shaded.org.apache.hc.client5.http.protocol.RequestAddCookies - Cookie spec selected: strict
03:33:00.086 [main] DEBUG com.github.dockerjava.zerodep.shaded.org.apache.hc.client5.http.protocol.RequestAuthCache - Auth cache not set in the context
03:33:00.086 [main] DEBUG com.github.dockerjava.zerodep.shaded.org.apache.hc.client5.http.impl.classic.ProtocolExec - ex-0000007E: target auth state: UNCHALLENGED
03:33:00.086 [main] DEBUG com.github.dockerjava.zerodep.shaded.org.apache.hc.client5.http.impl.classic.ProtocolExec - ex-0000007E: proxy auth state: UNCHALLENGED
03:33:00.086 [main] DEBUG com.github.dockerjava.zerodep.shaded.org.apache.hc.client5.http.impl.classic.ConnectExec - ex-0000007E: acquiring connection with route {}->unix://localhost:2375
03:33:00.086 [main] DEBUG com.github.dockerjava.zerodep.shaded.org.apache.hc.client5.http.impl.classic.InternalHttpClient - ex-0000007E: acquiring endpoint (3 MINUTES)
03:33:00.086 [main] DEBUG com.github.dockerjava.zerodep.shaded.org.apache.hc.client5.http.impl.io.PoolingHttpClientConnectionManager - ex-0000007E: endpoint lease request (3 MINUTES) [route: {}->unix://localhost:2375][total available: 1; route allocated: 1 of 2147483647; total allocated: 1 of 2147483647]
03:33:00.086 [main] DEBUG com.github.dockerjava.zerodep.shaded.org.apache.hc.client5.http.impl.io.PoolingHttpClientConnectionManager - ex-0000007E: endpoint leased [route: {}->unix://localhost:2375][total available: 0; route allocated: 1 of 2147483647; total allocated: 1 of 2147483647]
03:33:00.086 [main] DEBUG com.github.dockerjava.zerodep.shaded.org.apache.hc.client5.http.impl.io.PoolingHttpClientConnectionManager - ex-0000007E: acquired ep-0000007D
03:33:00.086 [main] DEBUG com.github.dockerjava.zerodep.shaded.org.apache.hc.client5.http.impl.classic.InternalHttpClient - ex-0000007E: acquired endpoint ep-0000007D
03:33:00.086 [main] DEBUG com.github.dockerjava.zerodep.shaded.org.apache.hc.client5.http.impl.classic.MainClientExec - ex-0000007E: executing GET /v1.32/containers/9691e31891711283f4d98263d11bc6156717d3e75a0b86a23f3b128a992c1f38/json HTTP/1.1
03:33:00.086 [main] DEBUG com.github.dockerjava.zerodep.shaded.org.apache.hc.client5.http.impl.classic.InternalHttpClient - ep-0000007D: start execution ex-0000007E
03:33:00.086 [main] DEBUG com.github.dockerjava.zerodep.shaded.org.apache.hc.client5.http.impl.io.PoolingHttpClientConnectionManager - ep-0000007D: executing exchange ex-0000007E over http-outgoing-2
03:33:00.086 [main] DEBUG com.github.dockerjava.zerodep.shaded.org.apache.hc.client5.http.headers - http-outgoing-2 >> GET /v1.32/containers/9691e31891711283f4d98263d11bc6156717d3e75a0b86a23f3b128a992c1f38/json HTTP/1.1
03:33:00.086 [main] DEBUG com.github.dockerjava.zerodep.shaded.org.apache.hc.client5.http.headers - http-outgoing-2 >> accept: application/json
03:33:00.086 [main] DEBUG com.github.dockerjava.zerodep.shaded.org.apache.hc.client5.http.headers - http-outgoing-2 >> Accept-Encoding: gzip, x-gzip, deflate
03:33:00.086 [main] DEBUG com.github.dockerjava.zerodep.shaded.org.apache.hc.client5.http.headers - http-outgoing-2 >> Host: localhost:2375
03:33:00.086 [main] DEBUG com.github.dockerjava.zerodep.shaded.org.apache.hc.client5.http.headers - http-outgoing-2 >> Connection: keep-alive
03:33:00.086 [main] DEBUG com.github.dockerjava.zerodep.shaded.org.apache.hc.client5.http.headers - http-outgoing-2 >> User-Agent: Apache-HttpClient/5.0.3 (Java/11.0.15)
03:33:00.086 [main] DEBUG com.github.dockerjava.zerodep.shaded.org.apache.hc.client5.http.wire - http-outgoing-2 >> "GET /v1.32/containers/9691e31891711283f4d98263d11bc6156717d3e75a0b86a23f3b128a992c1f38/json HTTP/1.1[\r][\n]"
03:33:00.086 [main] DEBUG com.github.dockerjava.zerodep.shaded.org.apache.hc.client5.http.wire - http-outgoing-2 >> "accept: application/json[\r][\n]"
03:33:00.086 [main] DEBUG com.github.dockerjava.zerodep.shaded.org.apache.hc.client5.http.wire - http-outgoing-2 >> "Accept-Encoding: gzip, x-gzip, deflate[\r][\n]"
03:33:00.086 [main] DEBUG com.github.dockerjava.zerodep.shaded.org.apache.hc.client5.http.wire - http-outgoing-2 >> "Host: localhost:2375[\r][\n]"
03:33:00.086 [main] DEBUG com.github.dockerjava.zerodep.shaded.org.apache.hc.client5.http.wire - http-outgoing-2 >> "Connection: keep-alive[\r][\n]"
03:33:00.086 [main] DEBUG com.github.dockerjava.zerodep.shaded.org.apache.hc.client5.http.wire - http-outgoing-2 >> "User-Agent: Apache-HttpClient/5.0.3 (Java/11.0.15)[\r][\n]"
03:33:00.086 [main] DEBUG com.github.dockerjava.zerodep.shaded.org.apache.hc.client5.http.wire - http-outgoing-2 >> "[\r][\n]"
03:33:00.087 [main] DEBUG com.github.dockerjava.zerodep.shaded.org.apache.hc.client5.http.wire - http-outgoing-2 << "HTTP/1.1 200 OK[\r][\n]"
03:33:00.087 [main] DEBUG com.github.dockerjava.zerodep.shaded.org.apache.hc.client5.http.wire - http-outgoing-2 << "Api-Version: 1.41[\r][\n]"
03:33:00.087 [main] DEBUG com.github.dockerjava.zerodep.shaded.org.apache.hc.client5.http.wire - http-outgoing-2 << "Content-Type: application/json[\r][\n]"
03:33:00.087 [main] DEBUG com.github.dockerjava.zerodep.shaded.org.apache.hc.client5.http.wire - http-outgoing-2 << "Docker-Experimental: false[\r][\n]"
03:33:00.087 [main] DEBUG com.github.dockerjava.zerodep.shaded.org.apache.hc.client5.http.wire - http-outgoing-2 << "Ostype: linux[\r][\n]"
03:33:00.087 [main] DEBUG com.github.dockerjava.zerodep.shaded.org.apache.hc.client5.http.wire - http-outgoing-2 << "Server: Docker/20.10.12 (linux)[\r][\n]"
03:33:00.087 [main] DEBUG com.github.dockerjava.zerodep.shaded.org.apache.hc.client5.http.wire - http-outgoing-2 << "Date: Thu, 23 Jun 2022 02:33:00 GMT[\r][\n]"
03:33:00.087 [main] DEBUG com.github.dockerjava.zerodep.shaded.org.apache.hc.client5.http.wire - http-outgoing-2 << "Transfer-Encoding: chunked[\r][\n]"
03:33:00.087 [main] DEBUG com.github.dockerjava.zerodep.shaded.org.apache.hc.client5.http.wire - http-outgoing-2 << "[\r][\n]"
03:33:00.087 [main] DEBUG com.github.dockerjava.zerodep.shaded.org.apache.hc.client5.http.wire - http-outgoing-2 << "18ed[\r][\n]"
03:33:00.087 [main] DEBUG com.github.dockerjava.zerodep.shaded.org.apache.hc.client5.http.wire - http-outgoing-2 << "{"Id":"9691e31891711283f4d98263d11bc6156717d3e75a0b86a23f3b128a992c1f38","Created":"2022-06-23T02:32:47.03956921Z","Path":"docker-entrypoint.sh","Args":["mysqld"],"State":{"Status":"running","Running":true,"Paused":false,"Restarting":false,"OOMKilled":false,"Dead":false,"Pid":66188,"ExitCode":0,"Error":"","StartedAt":"2022-06-23T02:32:47.703880551Z","FinishedAt":"0001-01-01T00:00:00Z"},"Image":"sha256:65b636d5542b73254ce90cc4b895597dc1adc2c661ca553c38eda159979dded1","ResolvConfPath":"/var/lib/docker/containers/9691e31891711283f4d98263d11bc6156717d3e75a0b86a23f3b128a992c1f38/resolv.conf","HostnamePath":"/var/lib/docker/containers/9691e31891711283f4d98263d11bc6156717d3e75a0b86a23f3b128a992c1f38/hostname","HostsPath":"/var/lib/docker/containers/9691e31891711283f4d98263d11bc6156717d3e75a0b86a23f3b128a992c1f38/hosts","LogPath":"/var/lib/docker/containers/9691e31891711283f4d98263d11bc6156717d3e75a0b86a23f3b128a992c1f38/9691e31891711283f4d98263d11bc6156717d3e75a0b86a23f3b128a992c1f38-json.log","Name":"/xenodochial_satoshi","RestartCount":0,"Driver":"overlay2","Platform":"linux","MountLabel":"","ProcessLabel":"","AppArmorProfile":"docker-default","ExecIDs":null,"HostConfig":{"Binds":[],"ContainerIDFile":"","LogConfig":{"Type":"json-file","Config":{}},"NetworkMode":"default","PortBindings":{"3306/tcp":[{"HostIp":"","HostPort":""}]},"RestartPolicy":{"Name":"","MaximumRetryCount":0},"AutoRemove":false,"VolumeDriver":"","VolumesFrom":[],"CapAdd":null,"CapDrop":null,"CgroupnsMode":"host","Dns":null,"DnsOptions":null,"DnsSearch":null,"ExtraHosts":[],"GroupAdd":null,"IpcMode":"shareable","Cgroup":"","Links":null,"OomScoreAdj":0,"PidMode":"","Privileged":false,"PublishAllPorts":false,"ReadonlyRootfs":false,"SecurityOpt":null,"UTSMode":"","UsernsMode":"","ShmSize":67108864,"Runtime":"runc","ConsoleSize":[0,0],"Isolation":"","CpuShares":0,"Memory":0,"NanoCpus":0,"CgroupParent":"","BlkioWeight":0,"BlkioWeightDevice":null,"BlkioDeviceReadBps":null,"BlkioDeviceWriteBps":null,"BlkioDeviceReadIOps":null,"BlkioDeviceWriteIOps":null,"CpuPeriod":0,"CpuQuota":0,"CpuRealtimePeriod":0,"CpuRealtimeRuntime":0,"CpusetCpus":"","CpusetMems":"","Devices":null,"DeviceCgroupRules":null,"DeviceRequests":null,"KernelMemory":0,"KernelMemoryTCP":0,"MemoryReservation":0,"MemorySwap":0,"MemorySwappiness":null,"OomKillDisable":false,"PidsLimit":null,"Ulimits":null,"CpuCount":0,"CpuPercent":0,"IOMaximumIOps":0,"IOMaximumBandwidth":0,"MaskedPaths":["/proc/asound","/proc/acpi","/proc/kcore","/proc/keys","/proc/latency_stats","/proc/timer_list","/proc/timer_stats","/proc/sched_debug","/proc/scsi","/sys/firmware"],"ReadonlyPaths":["/proc/bus","/proc/fs","/proc/irq","/proc/sys","/proc/sysrq-trigger"]},"GraphDriver":{"Data":{"LowerDir":"/var/lib/docker/overlay2/5529564f52cf969e31e7a1482c27be7ffed19639b506ae2e15b7e7115f699a73-init/diff:/var/lib/docker/overlay2/833a665819b5d9728d3efa7c33135034345a24f83af53b1a1af33d9b64f5492a/diff:/var/lib/docker/overlay2/bd4a2a46c227c2f15475b08c398f37acaab93f4fdba31de015d730efae0a0cfc/diff:/var/lib/docker/overlay2/31ad437d7cba8e64428a2b62db1bbb2a2ec19ca4e439ec493ef4deb50dce2783/diff:/var/lib/docker/overlay2/35173cbd8ec5b88a8888e9abbe75f8694f5d3f96a9b781bb70dc1f0889685741/diff:/var/lib/docker/overlay2/24bf69ac4e8c81062fee44e7c9f746fffbb139c3f7f4b55b4fd1b23bb101b529/diff:/var/lib/docker/overlay2/2f27c96a7775dad186b6f0da325d5a251c80aa1b7f80cf8520f493c5154aee70/diff:/var/lib/docker/overlay2/463a60088c72ddbea82639ded15801e35a79c443f6a26bf1baf320c683cb06af/diff:/var/lib/docker/overlay2/80b8224b23a2ee4b5be635c58ae579fd1913aa95558cd66ab2f5e8430f00a5b8/diff:/var/lib/docker/overlay2/20451fa0b1a07b85d665bc3a0359d721ce4e4c28fa3bce7456ab25e0babae708/diff:/var/lib/docker/overlay2/f80d865cbc6c1c6f57d0963fa6234e7a6409e079eb17f4f13ca41d02731701ad/diff:/var/lib/docker/overlay2/5a3029e0b57c6ec9b985871ff6adf08356aaa0f2a15f1e34c1a7f116ecc4a61d/diff:/var/lib/docker/overlay2/4f3423103248d0b381a1bc6a7287e2b42313ff458cea602a02b7379014b03e0e/diff","MergedDir":"/var/lib/docker/overlay2/5529564f52cf969e31e7a1482c27be7ffed19639b506ae2e15b7e7115f699a73/merged","UpperDir":"/var/lib/docker/overlay2/5529564f52cf969e31e7a1482c27be7ffed19639b506ae2e15b7e7115f699a73/diff","WorkDir":"/var/lib/docker/overlay2/5529564f52cf969e31e7a1482c27be7ffed19639b506ae2e15b7e7115f699a73/work"},"Name":"overlay2"},"Mounts":[{"Type":"volume","Name":"fd1f613c7fe3ca3ae799982507ac3f565cc9f6a2dc99ceaed92389e2c43f47d1","Source":"/var/lib/docker/volumes/fd1f613c7fe3ca3ae799982507ac3f565cc9f6a2dc99ceaed92389e2c43f47d1/_data","Destination":"/var/lib/mysql","Driver":"local","Mode":"","RW":true,"Propagation":""}],"Config":{"Hostname":"9691e3189171","Domainname":"","User":"","AttachStdin":false,"AttachStdout":false,"AttachStderr":false,"ExposedPorts":{"3306/tcp":{},"33060/tcp":{}},"Tty":false,"OpenStdin":false,"StdinOnce":false,"Env":["MYSQL_DATABASE=test","MYSQL_PASSWORD=admin","MYSQL_USER=admin","MYSQL_ROOT_PASSWORD=admin","PATH=/usr/local/sbin:/usr/local/bin:/usr/sbin:/usr/bin:/sbin:/bin","GOSU_VERSION=1.14","MYSQL_MAJOR=8.0","MYSQL_VERSION=8.0.29-1debian10"],"Cmd":["mysqld"],"Image":"mysql:8.0","Volumes":{"/var/lib/mysql":{}},"WorkingDir":"","Entrypoint":["docker-entrypoint.sh"],"OnBuild":null,"Labels":{"org.testcontainers":"true","org.testcontainers.sessionId":"d48265e4-2b28-4f8c-aa67-76dd8289af84"}},"NetworkSettings":{"Bridge":"","SandboxID":"d9de8570fe3f0a4e9f3a1ff7101c963bbd2c6a0a9d8a867b96f17f4d5edca537","HairpinMode":false,"LinkLocalIPv6Address":"","LinkLocalIPv6PrefixLen":0,"Ports":{"3306/tcp":[{"HostIp":"0.0.0.0","HostPort":"49160"},{"HostIp":"::","HostPort":"49160"}],"33060/tcp":null},"SandboxKey":"/var/run/docker/netns/d9de8570fe3f","SecondaryIPAddresses":null,"SecondaryIPv6Addresses":null,"EndpointID":"93e8fe159f683a98670e8995677c2b130dbce857fc116679206e206bda319cbf","Gateway":"172.17.0.1","GlobalIPv6Address":"","GlobalIPv6PrefixLen":0,"IPAddress":"172.17.0.3","IPPrefixLen":16,"IPv6Gateway":"","MacAddress":"02:42:ac:11:00:03","Networks":{"bridge":{"IPAMConfig":null,"Links":null,"Aliases":null,"NetworkID":"1853cd2b9856825cc97ed9ef2b12efa82d95bf9cf60ad666c276eb35cc53539e","EndpointID":"93e8fe159f683a98670e8995677c2b130dbce857fc116679206e206bda319cbf","Gateway":"172.17.0.1","IPAddress":"172.17.0.3","IPPrefixLen":16,"IPv6Gateway":"","GlobalIPv6Address":"","GlobalIPv6PrefixLen":0,"MacAddress":"02:42:ac:11:00:03","DriverOpts":null}}}}[\n]"
03:33:00.087 [main] DEBUG com.github.dockerjava.zerodep.shaded.org.apache.hc.client5.http.wire - http-outgoing-2 << "[\r][\n]"
03:33:00.087 [main] DEBUG com.github.dockerjava.zerodep.shaded.org.apache.hc.client5.http.wire - http-outgoing-2 << "0[\r][\n]"
03:33:00.087 [main] DEBUG com.github.dockerjava.zerodep.shaded.org.apache.hc.client5.http.wire - http-outgoing-2 << "[\r][\n]"
03:33:00.087 [main] DEBUG com.github.dockerjava.zerodep.shaded.org.apache.hc.client5.http.headers - http-outgoing-2 << HTTP/1.1 200 OK
03:33:00.087 [main] DEBUG com.github.dockerjava.zerodep.shaded.org.apache.hc.client5.http.headers - http-outgoing-2 << Api-Version: 1.41
03:33:00.087 [main] DEBUG com.github.dockerjava.zerodep.shaded.org.apache.hc.client5.http.headers - http-outgoing-2 << Content-Type: application/json
03:33:00.087 [main] DEBUG com.github.dockerjava.zerodep.shaded.org.apache.hc.client5.http.headers - http-outgoing-2 << Docker-Experimental: false
03:33:00.087 [main] DEBUG com.github.dockerjava.zerodep.shaded.org.apache.hc.client5.http.headers - http-outgoing-2 << Ostype: linux
03:33:00.087 [main] DEBUG com.github.dockerjava.zerodep.shaded.org.apache.hc.client5.http.headers - http-outgoing-2 << Server: Docker/20.10.12 (linux)
03:33:00.087 [main] DEBUG com.github.dockerjava.zerodep.shaded.org.apache.hc.client5.http.headers - http-outgoing-2 << Date: Thu, 23 Jun 2022 02:33:00 GMT
03:33:00.087 [main] DEBUG com.github.dockerjava.zerodep.shaded.org.apache.hc.client5.http.headers - http-outgoing-2 << Transfer-Encoding: chunked
03:33:00.088 [main] DEBUG com.github.dockerjava.zerodep.shaded.org.apache.hc.client5.http.impl.classic.MainClientExec - ex-0000007E: connection can be kept alive for 3 MINUTES
03:33:00.088 [main] DEBUG com.github.dockerjava.zerodep.shaded.org.apache.hc.client5.http.impl.classic.InternalHttpClient - ep-0000007D: releasing valid endpoint
03:33:00.088 [main] DEBUG com.github.dockerjava.zerodep.shaded.org.apache.hc.client5.http.impl.io.PoolingHttpClientConnectionManager - ep-0000007D: releasing endpoint
03:33:00.089 [main] DEBUG com.github.dockerjava.zerodep.shaded.org.apache.hc.client5.http.impl.io.PoolingHttpClientConnectionManager - ep-0000007D: connection http-outgoing-2 can be kept alive for 3 MINUTES
03:33:00.089 [main] DEBUG com.github.dockerjava.zerodep.shaded.org.apache.hc.client5.http.impl.io.PoolingHttpClientConnectionManager - ep-0000007D: connection released [route: {}->unix://localhost:2375][total available: 1; route allocated: 1 of 2147483647; total allocated: 1 of 2147483647]
03:33:00.089 [main] DEBUG 🐳 [mysql:8.0] - Trying to create JDBC connection using com.mysql.cj.jdbc.Driver to jdbc:mysql://localhost:49160/test?useSSL=false&allowPublicKeyRetrieval=true with properties: {password=admin, user=admin}
03:33:00.190 [main] DEBUG org.testcontainers.shaded.com.github.dockerjava.core.command.AbstrDockerCmd - Cmd: 9691e31891711283f4d98263d11bc6156717d3e75a0b86a23f3b128a992c1f38,false
03:33:00.190 [main] DEBUG org.testcontainers.shaded.com.github.dockerjava.core.exec.InspectContainerCmdExec - GET: DefaultWebTarget{path=[/containers/9691e31891711283f4d98263d11bc6156717d3e75a0b86a23f3b128a992c1f38/json], queryParams={}}
03:33:00.191 [main] DEBUG com.github.dockerjava.zerodep.shaded.org.apache.hc.client5.http.impl.classic.InternalHttpClient - ex-0000007F: preparing request execution
03:33:00.191 [main] DEBUG com.github.dockerjava.zerodep.shaded.org.apache.hc.client5.http.protocol.RequestAddCookies - Cookie spec selected: strict
03:33:00.191 [main] DEBUG com.github.dockerjava.zerodep.shaded.org.apache.hc.client5.http.protocol.RequestAuthCache - Auth cache not set in the context
03:33:00.191 [main] DEBUG com.github.dockerjava.zerodep.shaded.org.apache.hc.client5.http.impl.classic.ProtocolExec - ex-0000007F: target auth state: UNCHALLENGED
03:33:00.191 [main] DEBUG com.github.dockerjava.zerodep.shaded.org.apache.hc.client5.http.impl.classic.ProtocolExec - ex-0000007F: proxy auth state: UNCHALLENGED
03:33:00.191 [main] DEBUG com.github.dockerjava.zerodep.shaded.org.apache.hc.client5.http.impl.classic.ConnectExec - ex-0000007F: acquiring connection with route {}->unix://localhost:2375
03:33:00.191 [main] DEBUG com.github.dockerjava.zerodep.shaded.org.apache.hc.client5.http.impl.classic.InternalHttpClient - ex-0000007F: acquiring endpoint (3 MINUTES)
03:33:00.191 [main] DEBUG com.github.dockerjava.zerodep.shaded.org.apache.hc.client5.http.impl.io.PoolingHttpClientConnectionManager - ex-0000007F: endpoint lease request (3 MINUTES) [route: {}->unix://localhost:2375][total available: 1; route allocated: 1 of 2147483647; total allocated: 1 of 2147483647]
03:33:00.191 [main] DEBUG com.github.dockerjava.zerodep.shaded.org.apache.hc.client5.http.impl.io.PoolingHttpClientConnectionManager - ex-0000007F: endpoint leased [route: {}->unix://localhost:2375][total available: 0; route allocated: 1 of 2147483647; total allocated: 1 of 2147483647]
03:33:00.191 [main] DEBUG com.github.dockerjava.zerodep.shaded.org.apache.hc.client5.http.impl.io.PoolingHttpClientConnectionManager - ex-0000007F: acquired ep-0000007E
03:33:00.191 [main] DEBUG com.github.dockerjava.zerodep.shaded.org.apache.hc.client5.http.impl.classic.InternalHttpClient - ex-0000007F: acquired endpoint ep-0000007E
03:33:00.191 [main] DEBUG com.github.dockerjava.zerodep.shaded.org.apache.hc.client5.http.impl.classic.MainClientExec - ex-0000007F: executing GET /v1.32/containers/9691e31891711283f4d98263d11bc6156717d3e75a0b86a23f3b128a992c1f38/json HTTP/1.1
03:33:00.191 [main] DEBUG com.github.dockerjava.zerodep.shaded.org.apache.hc.client5.http.impl.classic.InternalHttpClient - ep-0000007E: start execution ex-0000007F
03:33:00.191 [main] DEBUG com.github.dockerjava.zerodep.shaded.org.apache.hc.client5.http.impl.io.PoolingHttpClientConnectionManager - ep-0000007E: executing exchange ex-0000007F over http-outgoing-2
03:33:00.191 [main] DEBUG com.github.dockerjava.zerodep.shaded.org.apache.hc.client5.http.headers - http-outgoing-2 >> GET /v1.32/containers/9691e31891711283f4d98263d11bc6156717d3e75a0b86a23f3b128a992c1f38/json HTTP/1.1
03:33:00.191 [main] DEBUG com.github.dockerjava.zerodep.shaded.org.apache.hc.client5.http.headers - http-outgoing-2 >> accept: application/json
03:33:00.191 [main] DEBUG com.github.dockerjava.zerodep.shaded.org.apache.hc.client5.http.headers - http-outgoing-2 >> Accept-Encoding: gzip, x-gzip, deflate
03:33:00.191 [main] DEBUG com.github.dockerjava.zerodep.shaded.org.apache.hc.client5.http.headers - http-outgoing-2 >> Host: localhost:2375
03:33:00.191 [main] DEBUG com.github.dockerjava.zerodep.shaded.org.apache.hc.client5.http.headers - http-outgoing-2 >> Connection: keep-alive
03:33:00.191 [main] DEBUG com.github.dockerjava.zerodep.shaded.org.apache.hc.client5.http.headers - http-outgoing-2 >> User-Agent: Apache-HttpClient/5.0.3 (Java/11.0.15)
03:33:00.191 [main] DEBUG com.github.dockerjava.zerodep.shaded.org.apache.hc.client5.http.wire - http-outgoing-2 >> "GET /v1.32/containers/9691e31891711283f4d98263d11bc6156717d3e75a0b86a23f3b128a992c1f38/json HTTP/1.1[\r][\n]"
03:33:00.191 [main] DEBUG com.github.dockerjava.zerodep.shaded.org.apache.hc.client5.http.wire - http-outgoing-2 >> "accept: application/json[\r][\n]"
03:33:00.191 [main] DEBUG com.github.dockerjava.zerodep.shaded.org.apache.hc.client5.http.wire - http-outgoing-2 >> "Accept-Encoding: gzip, x-gzip, deflate[\r][\n]"
03:33:00.191 [main] DEBUG com.github.dockerjava.zerodep.shaded.org.apache.hc.client5.http.wire - http-outgoing-2 >> "Host: localhost:2375[\r][\n]"
03:33:00.191 [main] DEBUG com.github.dockerjava.zerodep.shaded.org.apache.hc.client5.http.wire - http-outgoing-2 >> "Connection: keep-alive[\r][\n]"
03:33:00.191 [main] DEBUG com.github.dockerjava.zerodep.shaded.org.apache.hc.client5.http.wire - http-outgoing-2 >> "User-Agent: Apache-HttpClient/5.0.3 (Java/11.0.15)[\r][\n]"
03:33:00.191 [main] DEBUG com.github.dockerjava.zerodep.shaded.org.apache.hc.client5.http.wire - http-outgoing-2 >> "[\r][\n]"
03:33:00.192 [main] DEBUG com.github.dockerjava.zerodep.shaded.org.apache.hc.client5.http.wire - http-outgoing-2 << "HTTP/1.1 200 OK[\r][\n]"
03:33:00.192 [main] DEBUG com.github.dockerjava.zerodep.shaded.org.apache.hc.client5.http.wire - http-outgoing-2 << "Api-Version: 1.41[\r][\n]"
03:33:00.192 [main] DEBUG com.github.dockerjava.zerodep.shaded.org.apache.hc.client5.http.wire - http-outgoing-2 << "Content-Type: application/json[\r][\n]"
03:33:00.192 [main] DEBUG com.github.dockerjava.zerodep.shaded.org.apache.hc.client5.http.wire - http-outgoing-2 << "Docker-Experimental: false[\r][\n]"
03:33:00.192 [main] DEBUG com.github.dockerjava.zerodep.shaded.org.apache.hc.client5.http.wire - http-outgoing-2 << "Ostype: linux[\r][\n]"
03:33:00.192 [main] DEBUG com.github.dockerjava.zerodep.shaded.org.apache.hc.client5.http.wire - http-outgoing-2 << "Server: Docker/20.10.12 (linux)[\r][\n]"
03:33:00.192 [main] DEBUG com.github.dockerjava.zerodep.shaded.org.apache.hc.client5.http.wire - http-outgoing-2 << "Date: Thu, 23 Jun 2022 02:33:00 GMT[\r][\n]"
03:33:00.192 [main] DEBUG com.github.dockerjava.zerodep.shaded.org.apache.hc.client5.http.wire - http-outgoing-2 << "Transfer-Encoding: chunked[\r][\n]"
03:33:00.192 [main] DEBUG com.github.dockerjava.zerodep.shaded.org.apache.hc.client5.http.wire - http-outgoing-2 << "[\r][\n]"
03:33:00.192 [main] DEBUG com.github.dockerjava.zerodep.shaded.org.apache.hc.client5.http.wire - http-outgoing-2 << "18ed[\r][\n]"
03:33:00.192 [main] DEBUG com.github.dockerjava.zerodep.shaded.org.apache.hc.client5.http.wire - http-outgoing-2 << "{"Id":"9691e31891711283f4d98263d11bc6156717d3e75a0b86a23f3b128a992c1f38","Created":"2022-06-23T02:32:47.03956921Z","Path":"docker-entrypoint.sh","Args":["mysqld"],"State":{"Status":"running","Running":true,"Paused":false,"Restarting":false,"OOMKilled":false,"Dead":false,"Pid":66188,"ExitCode":0,"Error":"","StartedAt":"2022-06-23T02:32:47.703880551Z","FinishedAt":"0001-01-01T00:00:00Z"},"Image":"sha256:65b636d5542b73254ce90cc4b895597dc1adc2c661ca553c38eda159979dded1","ResolvConfPath":"/var/lib/docker/containers/9691e31891711283f4d98263d11bc6156717d3e75a0b86a23f3b128a992c1f38/resolv.conf","HostnamePath":"/var/lib/docker/containers/9691e31891711283f4d98263d11bc6156717d3e75a0b86a23f3b128a992c1f38/hostname","HostsPath":"/var/lib/docker/containers/9691e31891711283f4d98263d11bc6156717d3e75a0b86a23f3b128a992c1f38/hosts","LogPath":"/var/lib/docker/containers/9691e31891711283f4d98263d11bc6156717d3e75a0b86a23f3b128a992c1f38/9691e31891711283f4d98263d11bc6156717d3e75a0b86a23f3b128a992c1f38-json.log","Name":"/xenodochial_satoshi","RestartCount":0,"Driver":"overlay2","Platform":"linux","MountLabel":"","ProcessLabel":"","AppArmorProfile":"docker-default","ExecIDs":null,"HostConfig":{"Binds":[],"ContainerIDFile":"","LogConfig":{"Type":"json-file","Config":{}},"NetworkMode":"default","PortBindings":{"3306/tcp":[{"HostIp":"","HostPort":""}]},"RestartPolicy":{"Name":"","MaximumRetryCount":0},"AutoRemove":false,"VolumeDriver":"","VolumesFrom":[],"CapAdd":null,"CapDrop":null,"CgroupnsMode":"host","Dns":null,"DnsOptions":null,"DnsSearch":null,"ExtraHosts":[],"GroupAdd":null,"IpcMode":"shareable","Cgroup":"","Links":null,"OomScoreAdj":0,"PidMode":"","Privileged":false,"PublishAllPorts":false,"ReadonlyRootfs":false,"SecurityOpt":null,"UTSMode":"","UsernsMode":"","ShmSize":67108864,"Runtime":"runc","ConsoleSize":[0,0],"Isolation":"","CpuShares":0,"Memory":0,"NanoCpus":0,"CgroupParent":"","BlkioWeight":0,"BlkioWeightDevice":null,"BlkioDeviceReadBps":null,"BlkioDeviceWriteBps":null,"BlkioDeviceReadIOps":null,"BlkioDeviceWriteIOps":null,"CpuPeriod":0,"CpuQuota":0,"CpuRealtimePeriod":0,"CpuRealtimeRuntime":0,"CpusetCpus":"","CpusetMems":"","Devices":null,"DeviceCgroupRules":null,"DeviceRequests":null,"KernelMemory":0,"KernelMemoryTCP":0,"MemoryReservation":0,"MemorySwap":0,"MemorySwappiness":null,"OomKillDisable":false,"PidsLimit":null,"Ulimits":null,"CpuCount":0,"CpuPercent":0,"IOMaximumIOps":0,"IOMaximumBandwidth":0,"MaskedPaths":["/proc/asound","/proc/acpi","/proc/kcore","/proc/keys","/proc/latency_stats","/proc/timer_list","/proc/timer_stats","/proc/sched_debug","/proc/scsi","/sys/firmware"],"ReadonlyPaths":["/proc/bus","/proc/fs","/proc/irq","/proc/sys","/proc/sysrq-trigger"]},"GraphDriver":{"Data":{"LowerDir":"/var/lib/docker/overlay2/5529564f52cf969e31e7a1482c27be7ffed19639b506ae2e15b7e7115f699a73-init/diff:/var/lib/docker/overlay2/833a665819b5d9728d3efa7c33135034345a24f83af53b1a1af33d9b64f5492a/diff:/var/lib/docker/overlay2/bd4a2a46c227c2f15475b08c398f37acaab93f4fdba31de015d730efae0a0cfc/diff:/var/lib/docker/overlay2/31ad437d7cba8e64428a2b62db1bbb2a2ec19ca4e439ec493ef4deb50dce2783/diff:/var/lib/docker/overlay2/35173cbd8ec5b88a8888e9abbe75f8694f5d3f96a9b781bb70dc1f0889685741/diff:/var/lib/docker/overlay2/24bf69ac4e8c81062fee44e7c9f746fffbb139c3f7f4b55b4fd1b23bb101b529/diff:/var/lib/docker/overlay2/2f27c96a7775dad186b6f0da325d5a251c80aa1b7f80cf8520f493c5154aee70/diff:/var/lib/docker/overlay2/463a60088c72ddbea82639ded15801e35a79c443f6a26bf1baf320c683cb06af/diff:/var/lib/docker/overlay2/80b8224b23a2ee4b5be635c58ae579fd1913aa95558cd66ab2f5e8430f00a5b8/diff:/var/lib/docker/overlay2/20451fa0b1a07b85d665bc3a0359d721ce4e4c28fa3bce7456ab25e0babae708/diff:/var/lib/docker/overlay2/f80d865cbc6c1c6f57d0963fa6234e7a6409e079eb17f4f13ca41d02731701ad/diff:/var/lib/docker/overlay2/5a3029e0b57c6ec9b985871ff6adf08356aaa0f2a15f1e34c1a7f116ecc4a61d/diff:/var/lib/docker/overlay2/4f3423103248d0b381a1bc6a7287e2b42313ff458cea602a02b7379014b03e0e/diff","MergedDir":"/var/lib/docker/overlay2/5529564f52cf969e31e7a1482c27be7ffed19639b506ae2e15b7e7115f699a73/merged","UpperDir":"/var/lib/docker/overlay2/5529564f52cf969e31e7a1482c27be7ffed19639b506ae2e15b7e7115f699a73/diff","WorkDir":"/var/lib/docker/overlay2/5529564f52cf969e31e7a1482c27be7ffed19639b506ae2e15b7e7115f699a73/work"},"Name":"overlay2"},"Mounts":[{"Type":"volume","Name":"fd1f613c7fe3ca3ae799982507ac3f565cc9f6a2dc99ceaed92389e2c43f47d1","Source":"/var/lib/docker/volumes/fd1f613c7fe3ca3ae799982507ac3f565cc9f6a2dc99ceaed92389e2c43f47d1/_data","Destination":"/var/lib/mysql","Driver":"local","Mode":"","RW":true,"Propagation":""}],"Config":{"Hostname":"9691e3189171","Domainname":"","User":"","AttachStdin":false,"AttachStdout":false,"AttachStderr":false,"ExposedPorts":{"3306/tcp":{},"33060/tcp":{}},"Tty":false,"OpenStdin":false,"StdinOnce":false,"Env":["MYSQL_DATABASE=test","MYSQL_PASSWORD=admin","MYSQL_USER=admin","MYSQL_ROOT_PASSWORD=admin","PATH=/usr/local/sbin:/usr/local/bin:/usr/sbin:/usr/bin:/sbin:/bin","GOSU_VERSION=1.14","MYSQL_MAJOR=8.0","MYSQL_VERSION=8.0.29-1debian10"],"Cmd":["mysqld"],"Image":"mysql:8.0","Volumes":{"/var/lib/mysql":{}},"WorkingDir":"","Entrypoint":["docker-entrypoint.sh"],"OnBuild":null,"Labels":{"org.testcontainers":"true","org.testcontainers.sessionId":"d48265e4-2b28-4f8c-aa67-76dd8289af84"}},"NetworkSettings":{"Bridge":"","SandboxID":"d9de8570fe3f0a4e9f3a1ff7101c963bbd2c6a0a9d8a867b96f17f4d5edca537","HairpinMode":false,"LinkLocalIPv6Address":"","LinkLocalIPv6PrefixLen":0,"Ports":{"3306/tcp":[{"HostIp":"0.0.0.0","HostPort":"49160"},{"HostIp":"::","HostPort":"49160"}],"33060/tcp":null},"SandboxKey":"/var/run/docker/netns/d9de8570fe3f","SecondaryIPAddresses":null,"SecondaryIPv6Addresses":null,"EndpointID":"93e8fe159f683a98670e8995677c2b130dbce857fc116679206e206bda319cbf","Gateway":"172.17.0.1","GlobalIPv6Address":"","GlobalIPv6PrefixLen":0,"IPAddress":"172.17.0.3","IPPrefixLen":16,"IPv6Gateway":"","MacAddress":"02:42:ac:11:00:03","Networks":{"bridge":{"IPAMConfig":null,"Links":null,"Aliases":null,"NetworkID":"1853cd2b9856825cc97ed9ef2b12efa82d95bf9cf60ad666c276eb35cc53539e","EndpointID":"93e8fe159f683a98670e8995677c2b130dbce857fc116679206e206bda319cbf","Gateway":"172.17.0.1","IPAddress":"172.17.0.3","IPPrefixLen":16,"IPv6Gateway":"","GlobalIPv6Address":"","GlobalIPv6PrefixLen":0,"MacAddress":"02:42:ac:11:00:03","DriverOpts":null}}}}[\n]"
03:33:00.192 [main] DEBUG com.github.dockerjava.zerodep.shaded.org.apache.hc.client5.http.wire - http-outgoing-2 << "[\r][\n]"
03:33:00.192 [main] DEBUG com.github.dockerjava.zerodep.shaded.org.apache.hc.client5.http.wire - http-outgoing-2 << "0[\r][\n]"
03:33:00.192 [main] DEBUG com.github.dockerjava.zerodep.shaded.org.apache.hc.client5.http.wire - http-outgoing-2 << "[\r][\n]"
03:33:00.193 [main] DEBUG com.github.dockerjava.zerodep.shaded.org.apache.hc.client5.http.headers - http-outgoing-2 << HTTP/1.1 200 OK
03:33:00.193 [main] DEBUG com.github.dockerjava.zerodep.shaded.org.apache.hc.client5.http.headers - http-outgoing-2 << Api-Version: 1.41
03:33:00.193 [main] DEBUG com.github.dockerjava.zerodep.shaded.org.apache.hc.client5.http.headers - http-outgoing-2 << Content-Type: application/json
03:33:00.193 [main] DEBUG com.github.dockerjava.zerodep.shaded.org.apache.hc.client5.http.headers - http-outgoing-2 << Docker-Experimental: false
03:33:00.193 [main] DEBUG com.github.dockerjava.zerodep.shaded.org.apache.hc.client5.http.headers - http-outgoing-2 << Ostype: linux
03:33:00.193 [main] DEBUG com.github.dockerjava.zerodep.shaded.org.apache.hc.client5.http.headers - http-outgoing-2 << Server: Docker/20.10.12 (linux)
03:33:00.193 [main] DEBUG com.github.dockerjava.zerodep.shaded.org.apache.hc.client5.http.headers - http-outgoing-2 << Date: Thu, 23 Jun 2022 02:33:00 GMT
03:33:00.193 [main] DEBUG com.github.dockerjava.zerodep.shaded.org.apache.hc.client5.http.headers - http-outgoing-2 << Transfer-Encoding: chunked
03:33:00.193 [main] DEBUG com.github.dockerjava.zerodep.shaded.org.apache.hc.client5.http.impl.classic.MainClientExec - ex-0000007F: connection can be kept alive for 3 MINUTES
03:33:00.194 [main] DEBUG com.github.dockerjava.zerodep.shaded.org.apache.hc.client5.http.impl.classic.InternalHttpClient - ep-0000007E: releasing valid endpoint
03:33:00.194 [main] DEBUG com.github.dockerjava.zerodep.shaded.org.apache.hc.client5.http.impl.io.PoolingHttpClientConnectionManager - ep-0000007E: releasing endpoint
03:33:00.194 [main] DEBUG com.github.dockerjava.zerodep.shaded.org.apache.hc.client5.http.impl.io.PoolingHttpClientConnectionManager - ep-0000007E: connection http-outgoing-2 can be kept alive for 3 MINUTES
03:33:00.194 [main] DEBUG com.github.dockerjava.zerodep.shaded.org.apache.hc.client5.http.impl.io.PoolingHttpClientConnectionManager - ep-0000007E: connection released [route: {}->unix://localhost:2375][total available: 1; route allocated: 1 of 2147483647; total allocated: 1 of 2147483647]
03:33:00.194 [main] DEBUG 🐳 [mysql:8.0] - Trying to create JDBC connection using com.mysql.cj.jdbc.Driver to jdbc:mysql://localhost:49160/test?useSSL=false&allowPublicKeyRetrieval=true with properties: {password=admin, user=admin}
03:33:00.296 [main] DEBUG org.testcontainers.shaded.com.github.dockerjava.core.command.AbstrDockerCmd - Cmd: 9691e31891711283f4d98263d11bc6156717d3e75a0b86a23f3b128a992c1f38,false
03:33:00.296 [main] DEBUG org.testcontainers.shaded.com.github.dockerjava.core.exec.InspectContainerCmdExec - GET: DefaultWebTarget{path=[/containers/9691e31891711283f4d98263d11bc6156717d3e75a0b86a23f3b128a992c1f38/json], queryParams={}}
03:33:00.296 [main] DEBUG com.github.dockerjava.zerodep.shaded.org.apache.hc.client5.http.impl.classic.InternalHttpClient - ex-00000080: preparing request execution
03:33:00.296 [main] DEBUG com.github.dockerjava.zerodep.shaded.org.apache.hc.client5.http.protocol.RequestAddCookies - Cookie spec selected: strict
03:33:00.297 [main] DEBUG com.github.dockerjava.zerodep.shaded.org.apache.hc.client5.http.protocol.RequestAuthCache - Auth cache not set in the context
03:33:00.297 [main] DEBUG com.github.dockerjava.zerodep.shaded.org.apache.hc.client5.http.impl.classic.ProtocolExec - ex-00000080: target auth state: UNCHALLENGED
03:33:00.297 [main] DEBUG com.github.dockerjava.zerodep.shaded.org.apache.hc.client5.http.impl.classic.ProtocolExec - ex-00000080: proxy auth state: UNCHALLENGED
03:33:00.297 [main] DEBUG com.github.dockerjava.zerodep.shaded.org.apache.hc.client5.http.impl.classic.ConnectExec - ex-00000080: acquiring connection with route {}->unix://localhost:2375
03:33:00.297 [main] DEBUG com.github.dockerjava.zerodep.shaded.org.apache.hc.client5.http.impl.classic.InternalHttpClient - ex-00000080: acquiring endpoint (3 MINUTES)
03:33:00.297 [main] DEBUG com.github.dockerjava.zerodep.shaded.org.apache.hc.client5.http.impl.io.PoolingHttpClientConnectionManager - ex-00000080: endpoint lease request (3 MINUTES) [route: {}->unix://localhost:2375][total available: 1; route allocated: 1 of 2147483647; total allocated: 1 of 2147483647]
03:33:00.297 [main] DEBUG com.github.dockerjava.zerodep.shaded.org.apache.hc.client5.http.impl.io.PoolingHttpClientConnectionManager - ex-00000080: endpoint leased [route: {}->unix://localhost:2375][total available: 0; route allocated: 1 of 2147483647; total allocated: 1 of 2147483647]
03:33:00.297 [main] DEBUG com.github.dockerjava.zerodep.shaded.org.apache.hc.client5.http.impl.io.PoolingHttpClientConnectionManager - ex-00000080: acquired ep-0000007F
03:33:00.297 [main] DEBUG com.github.dockerjava.zerodep.shaded.org.apache.hc.client5.http.impl.classic.InternalHttpClient - ex-00000080: acquired endpoint ep-0000007F
03:33:00.297 [main] DEBUG com.github.dockerjava.zerodep.shaded.org.apache.hc.client5.http.impl.classic.MainClientExec - ex-00000080: executing GET /v1.32/containers/9691e31891711283f4d98263d11bc6156717d3e75a0b86a23f3b128a992c1f38/json HTTP/1.1
03:33:00.297 [main] DEBUG com.github.dockerjava.zerodep.shaded.org.apache.hc.client5.http.impl.classic.InternalHttpClient - ep-0000007F: start execution ex-00000080
03:33:00.297 [main] DEBUG com.github.dockerjava.zerodep.shaded.org.apache.hc.client5.http.impl.io.PoolingHttpClientConnectionManager - ep-0000007F: executing exchange ex-00000080 over http-outgoing-2
03:33:00.297 [main] DEBUG com.github.dockerjava.zerodep.shaded.org.apache.hc.client5.http.headers - http-outgoing-2 >> GET /v1.32/containers/9691e31891711283f4d98263d11bc6156717d3e75a0b86a23f3b128a992c1f38/json HTTP/1.1
03:33:00.297 [main] DEBUG com.github.dockerjava.zerodep.shaded.org.apache.hc.client5.http.headers - http-outgoing-2 >> accept: application/json
03:33:00.297 [main] DEBUG com.github.dockerjava.zerodep.shaded.org.apache.hc.client5.http.headers - http-outgoing-2 >> Accept-Encoding: gzip, x-gzip, deflate
03:33:00.297 [main] DEBUG com.github.dockerjava.zerodep.shaded.org.apache.hc.client5.http.headers - http-outgoing-2 >> Host: localhost:2375
03:33:00.297 [main] DEBUG com.github.dockerjava.zerodep.shaded.org.apache.hc.client5.http.headers - http-outgoing-2 >> Connection: keep-alive
03:33:00.297 [main] DEBUG com.github.dockerjava.zerodep.shaded.org.apache.hc.client5.http.headers - http-outgoing-2 >> User-Agent: Apache-HttpClient/5.0.3 (Java/11.0.15)
03:33:00.297 [main] DEBUG com.github.dockerjava.zerodep.shaded.org.apache.hc.client5.http.wire - http-outgoing-2 >> "GET /v1.32/containers/9691e31891711283f4d98263d11bc6156717d3e75a0b86a23f3b128a992c1f38/json HTTP/1.1[\r][\n]"
03:33:00.297 [main] DEBUG com.github.dockerjava.zerodep.shaded.org.apache.hc.client5.http.wire - http-outgoing-2 >> "accept: application/json[\r][\n]"
03:33:00.297 [main] DEBUG com.github.dockerjava.zerodep.shaded.org.apache.hc.client5.http.wire - http-outgoing-2 >> "Accept-Encoding: gzip, x-gzip, deflate[\r][\n]"
03:33:00.297 [main] DEBUG com.github.dockerjava.zerodep.shaded.org.apache.hc.client5.http.wire - http-outgoing-2 >> "Host: localhost:2375[\r][\n]"
03:33:00.297 [main] DEBUG com.github.dockerjava.zerodep.shaded.org.apache.hc.client5.http.wire - http-outgoing-2 >> "Connection: keep-alive[\r][\n]"
03:33:00.297 [main] DEBUG com.github.dockerjava.zerodep.shaded.org.apache.hc.client5.http.wire - http-outgoing-2 >> "User-Agent: Apache-HttpClient/5.0.3 (Java/11.0.15)[\r][\n]"
03:33:00.297 [main] DEBUG com.github.dockerjava.zerodep.shaded.org.apache.hc.client5.http.wire - http-outgoing-2 >> "[\r][\n]"
03:33:00.298 [main] DEBUG com.github.dockerjava.zerodep.shaded.org.apache.hc.client5.http.wire - http-outgoing-2 << "HTTP/1.1 200 OK[\r][\n]"
03:33:00.298 [main] DEBUG com.github.dockerjava.zerodep.shaded.org.apache.hc.client5.http.wire - http-outgoing-2 << "Api-Version: 1.41[\r][\n]"
03:33:00.298 [main] DEBUG com.github.dockerjava.zerodep.shaded.org.apache.hc.client5.http.wire - http-outgoing-2 << "Content-Type: application/json[\r][\n]"
03:33:00.298 [main] DEBUG com.github.dockerjava.zerodep.shaded.org.apache.hc.client5.http.wire - http-outgoing-2 << "Docker-Experimental: false[\r][\n]"
03:33:00.298 [main] DEBUG com.github.dockerjava.zerodep.shaded.org.apache.hc.client5.http.wire - http-outgoing-2 << "Ostype: linux[\r][\n]"
03:33:00.298 [main] DEBUG com.github.dockerjava.zerodep.shaded.org.apache.hc.client5.http.wire - http-outgoing-2 << "Server: Docker/20.10.12 (linux)[\r][\n]"
03:33:00.298 [main] DEBUG com.github.dockerjava.zerodep.shaded.org.apache.hc.client5.http.wire - http-outgoing-2 << "Date: Thu, 23 Jun 2022 02:33:00 GMT[\r][\n]"
03:33:00.298 [main] DEBUG com.github.dockerjava.zerodep.shaded.org.apache.hc.client5.http.wire - http-outgoing-2 << "Transfer-Encoding: chunked[\r][\n]"
03:33:00.298 [main] DEBUG com.github.dockerjava.zerodep.shaded.org.apache.hc.client5.http.wire - http-outgoing-2 << "[\r][\n]"
03:33:00.298 [main] DEBUG com.github.dockerjava.zerodep.shaded.org.apache.hc.client5.http.wire - http-outgoing-2 << "18ed[\r][\n]"
03:33:00.298 [main] DEBUG com.github.dockerjava.zerodep.shaded.org.apache.hc.client5.http.wire - http-outgoing-2 << "{"Id":"9691e31891711283f4d98263d11bc6156717d3e75a0b86a23f3b128a992c1f38","Created":"2022-06-23T02:32:47.03956921Z","Path":"docker-entrypoint.sh","Args":["mysqld"],"State":{"Status":"running","Running":true,"Paused":false,"Restarting":false,"OOMKilled":false,"Dead":false,"Pid":66188,"ExitCode":0,"Error":"","StartedAt":"2022-06-23T02:32:47.703880551Z","FinishedAt":"0001-01-01T00:00:00Z"},"Image":"sha256:65b636d5542b73254ce90cc4b895597dc1adc2c661ca553c38eda159979dded1","ResolvConfPath":"/var/lib/docker/containers/9691e31891711283f4d98263d11bc6156717d3e75a0b86a23f3b128a992c1f38/resolv.conf","HostnamePath":"/var/lib/docker/containers/9691e31891711283f4d98263d11bc6156717d3e75a0b86a23f3b128a992c1f38/hostname","HostsPath":"/var/lib/docker/containers/9691e31891711283f4d98263d11bc6156717d3e75a0b86a23f3b128a992c1f38/hosts","LogPath":"/var/lib/docker/containers/9691e31891711283f4d98263d11bc6156717d3e75a0b86a23f3b128a992c1f38/9691e31891711283f4d98263d11bc6156717d3e75a0b86a23f3b128a992c1f38-json.log","Name":"/xenodochial_satoshi","RestartCount":0,"Driver":"overlay2","Platform":"linux","MountLabel":"","ProcessLabel":"","AppArmorProfile":"docker-default","ExecIDs":null,"HostConfig":{"Binds":[],"ContainerIDFile":"","LogConfig":{"Type":"json-file","Config":{}},"NetworkMode":"default","PortBindings":{"3306/tcp":[{"HostIp":"","HostPort":""}]},"RestartPolicy":{"Name":"","MaximumRetryCount":0},"AutoRemove":false,"VolumeDriver":"","VolumesFrom":[],"CapAdd":null,"CapDrop":null,"CgroupnsMode":"host","Dns":null,"DnsOptions":null,"DnsSearch":null,"ExtraHosts":[],"GroupAdd":null,"IpcMode":"shareable","Cgroup":"","Links":null,"OomScoreAdj":0,"PidMode":"","Privileged":false,"PublishAllPorts":false,"ReadonlyRootfs":false,"SecurityOpt":null,"UTSMode":"","UsernsMode":"","ShmSize":67108864,"Runtime":"runc","ConsoleSize":[0,0],"Isolation":"","CpuShares":0,"Memory":0,"NanoCpus":0,"CgroupParent":"","BlkioWeight":0,"BlkioWeightDevice":null,"BlkioDeviceReadBps":null,"BlkioDeviceWriteBps":null,"BlkioDeviceReadIOps":null,"BlkioDeviceWriteIOps":null,"CpuPeriod":0,"CpuQuota":0,"CpuRealtimePeriod":0,"CpuRealtimeRuntime":0,"CpusetCpus":"","CpusetMems":"","Devices":null,"DeviceCgroupRules":null,"DeviceRequests":null,"KernelMemory":0,"KernelMemoryTCP":0,"MemoryReservation":0,"MemorySwap":0,"MemorySwappiness":null,"OomKillDisable":false,"PidsLimit":null,"Ulimits":null,"CpuCount":0,"CpuPercent":0,"IOMaximumIOps":0,"IOMaximumBandwidth":0,"MaskedPaths":["/proc/asound","/proc/acpi","/proc/kcore","/proc/keys","/proc/latency_stats","/proc/timer_list","/proc/timer_stats","/proc/sched_debug","/proc/scsi","/sys/firmware"],"ReadonlyPaths":["/proc/bus","/proc/fs","/proc/irq","/proc/sys","/proc/sysrq-trigger"]},"GraphDriver":{"Data":{"LowerDir":"/var/lib/docker/overlay2/5529564f52cf969e31e7a1482c27be7ffed19639b506ae2e15b7e7115f699a73-init/diff:/var/lib/docker/overlay2/833a665819b5d9728d3efa7c33135034345a24f83af53b1a1af33d9b64f5492a/diff:/var/lib/docker/overlay2/bd4a2a46c227c2f15475b08c398f37acaab93f4fdba31de015d730efae0a0cfc/diff:/var/lib/docker/overlay2/31ad437d7cba8e64428a2b62db1bbb2a2ec19ca4e439ec493ef4deb50dce2783/diff:/var/lib/docker/overlay2/35173cbd8ec5b88a8888e9abbe75f8694f5d3f96a9b781bb70dc1f0889685741/diff:/var/lib/docker/overlay2/24bf69ac4e8c81062fee44e7c9f746fffbb139c3f7f4b55b4fd1b23bb101b529/diff:/var/lib/docker/overlay2/2f27c96a7775dad186b6f0da325d5a251c80aa1b7f80cf8520f493c5154aee70/diff:/var/lib/docker/overlay2/463a60088c72ddbea82639ded15801e35a79c443f6a26bf1baf320c683cb06af/diff:/var/lib/docker/overlay2/80b8224b23a2ee4b5be635c58ae579fd1913aa95558cd66ab2f5e8430f00a5b8/diff:/var/lib/docker/overlay2/20451fa0b1a07b85d665bc3a0359d721ce4e4c28fa3bce7456ab25e0babae708/diff:/var/lib/docker/overlay2/f80d865cbc6c1c6f57d0963fa6234e7a6409e079eb17f4f13ca41d02731701ad/diff:/var/lib/docker/overlay2/5a3029e0b57c6ec9b985871ff6adf08356aaa0f2a15f1e34c1a7f116ecc4a61d/dif"
03:33:00.298 [main] DEBUG com.github.dockerjava.zerodep.shaded.org.apache.hc.client5.http.headers - http-outgoing-2 << HTTP/1.1 200 OK
03:33:00.298 [main] DEBUG com.github.dockerjava.zerodep.shaded.org.apache.hc.client5.http.headers - http-outgoing-2 << Api-Version: 1.41
03:33:00.298 [main] DEBUG com.github.dockerjava.zerodep.shaded.org.apache.hc.client5.http.headers - http-outgoing-2 << Content-Type: application/json
03:33:00.298 [main] DEBUG com.github.dockerjava.zerodep.shaded.org.apache.hc.client5.http.headers - http-outgoing-2 << Docker-Experimental: false
03:33:00.298 [main] DEBUG com.github.dockerjava.zerodep.shaded.org.apache.hc.client5.http.headers - http-outgoing-2 << Ostype: linux
03:33:00.298 [main] DEBUG com.github.dockerjava.zerodep.shaded.org.apache.hc.client5.http.headers - http-outgoing-2 << Server: Docker/20.10.12 (linux)
03:33:00.298 [main] DEBUG com.github.dockerjava.zerodep.shaded.org.apache.hc.client5.http.headers - http-outgoing-2 << Date: Thu, 23 Jun 2022 02:33:00 GMT
03:33:00.298 [main] DEBUG com.github.dockerjava.zerodep.shaded.org.apache.hc.client5.http.headers - http-outgoing-2 << Transfer-Encoding: chunked
03:33:00.298 [main] DEBUG com.github.dockerjava.zerodep.shaded.org.apache.hc.client5.http.impl.classic.MainClientExec - ex-00000080: connection can be kept alive for 3 MINUTES
03:33:00.298 [main] DEBUG com.github.dockerjava.zerodep.shaded.org.apache.hc.client5.http.wire - http-outgoing-2 << "f:/var/lib/docker/overlay2/4f3423103248d0b381a1bc6a7287e2b42313ff458cea602a02b7379014b03e0e/diff","MergedDir":"/var/lib/docker/overlay2/5529564f52cf969e31e7a1482c27be7ffed19639b506ae2e15b7e7115f699a73/merged","UpperDir":"/var/lib/docker/overlay2/5529564f52cf969e31e7a1482c27be7ffed19639b506ae2e15b7e7115f699a73/diff","WorkDir":"/var/lib/docker/overlay2/5529564f52cf969e31e7a1482c27be7ffed19639b506ae2e15b7e7115f699a73/work"},"Name":"overlay2"},"Mounts":[{"Type":"volume","Name":"fd1f613c7fe3ca3ae799982507ac3f565cc9f6a2dc99ceaed92389e2c43f47d1","Source":"/var/lib/docker/volumes/fd1f613c7fe3ca3ae799982507ac3f565cc9f6a2dc99ceaed92389e2c43f47d1/_data","Destination":"/var/lib/mysql","Driver":"local","Mode":"","RW":true,"Propagation":""}],"Config":{"Hostname":"9691e3189171","Domainname":"","User":"","AttachStdin":false,"AttachStdout":false,"AttachStderr":false,"ExposedPorts":{"3306/tcp":{},"33060/tcp":{}},"Tty":false,"OpenStdin":false,"StdinOnce":false,"Env":["MYSQL_DATABASE=test","MYSQL_PASSWORD=admin","MYSQL_USER=admin","MYSQL_ROOT_PASSWORD=admin","PATH=/usr/local/sbin:/usr/local/bin:/usr/sbin:/usr/bin:/sbin:/bin","GOSU_VERSION=1.14","MYSQL_MAJOR=8.0","MYSQL_VERSION=8.0.29-1debian10"],"Cmd":["mysqld"],"Image":"mysql:8.0","Volumes":{"/var/lib/mysql":{}},"WorkingDir":"","Entrypoint":["docker-entrypoint.sh"],"OnBuild":null,"Labels":{"org.testcontainers":"true","org.testcontainers.sessionId":"d48265e4-2b28-4f8c-aa67-76dd8289af84"}},"NetworkSettings":{"Bridge":"","SandboxID":"d9de8570fe3f0a4e9f3a1ff7101c963bbd2c6a0a9d8a867b96f17f4d5edca537","HairpinMode":false,"LinkLocalIPv6Address":"","LinkLocalIPv6PrefixLen":0,"Ports":{"3306/tcp":[{"HostIp":"0.0.0.0","HostPort":"49160"},{"HostIp":"::","HostPort":"49160"}],"33060/tcp":null},"SandboxKey":"/var/run/docker/netns/d9de8570fe3f","SecondaryIPAddresses":null,"SecondaryIPv6Addresses":null,"EndpointID":"93e8fe159f683a98670e8995677c2b130dbce857fc116679206e206bda319cbf","Gateway":"172.17.0.1","GlobalIPv6Address":"","GlobalIPv6PrefixLen":0,"IPAddress":"172.17.0.3","IPPrefixLen":16,"IPv6Gateway":"","MacAddress":"02:42:ac:11:00:03","Networks":{"bridge":{"IPAMConfig":null,"Links":null,"Aliases":null,"NetworkID":"1853cd2b9856825cc97ed9ef2b12efa82d95bf9cf60ad666c276eb35cc53539e","EndpointID":"93e8fe159f683a98670e8995677c2b130dbce857fc116679206e206bda319cbf","Gateway":"172.17.0.1","IPAddress":"172.17.0.3","IPPrefixLen":16,"IPv6Gateway":"","GlobalIPv6Address":"","GlobalIPv6PrefixLen":0,"MacAddress":"02:42:ac:11:00:03","DriverOpts":null}}}}[\n]"
03:33:00.299 [main] DEBUG com.github.dockerjava.zerodep.shaded.org.apache.hc.client5.http.wire - http-outgoing-2 << "[\r][\n]"
03:33:00.299 [main] DEBUG com.github.dockerjava.zerodep.shaded.org.apache.hc.client5.http.wire - http-outgoing-2 << "0[\r][\n]"
03:33:00.299 [main] DEBUG com.github.dockerjava.zerodep.shaded.org.apache.hc.client5.http.wire - http-outgoing-2 << "[\r][\n]"
03:33:00.299 [main] DEBUG com.github.dockerjava.zerodep.shaded.org.apache.hc.client5.http.impl.classic.InternalHttpClient - ep-0000007F: releasing valid endpoint
03:33:00.299 [main] DEBUG com.github.dockerjava.zerodep.shaded.org.apache.hc.client5.http.impl.io.PoolingHttpClientConnectionManager - ep-0000007F: releasing endpoint
03:33:00.299 [main] DEBUG com.github.dockerjava.zerodep.shaded.org.apache.hc.client5.http.impl.io.PoolingHttpClientConnectionManager - ep-0000007F: connection http-outgoing-2 can be kept alive for 3 MINUTES
03:33:00.299 [main] DEBUG com.github.dockerjava.zerodep.shaded.org.apache.hc.client5.http.impl.io.PoolingHttpClientConnectionManager - ep-0000007F: connection released [route: {}->unix://localhost:2375][total available: 1; route allocated: 1 of 2147483647; total allocated: 1 of 2147483647]
03:33:00.299 [main] DEBUG 🐳 [mysql:8.0] - Trying to create JDBC connection using com.mysql.cj.jdbc.Driver to jdbc:mysql://localhost:49160/test?useSSL=false&allowPublicKeyRetrieval=true with properties: {password=admin, user=admin}
03:33:00.400 [main] DEBUG org.testcontainers.shaded.com.github.dockerjava.core.command.AbstrDockerCmd - Cmd: 9691e31891711283f4d98263d11bc6156717d3e75a0b86a23f3b128a992c1f38,false
03:33:00.401 [main] DEBUG org.testcontainers.shaded.com.github.dockerjava.core.exec.InspectContainerCmdExec - GET: DefaultWebTarget{path=[/containers/9691e31891711283f4d98263d11bc6156717d3e75a0b86a23f3b128a992c1f38/json], queryParams={}}
03:33:00.401 [main] DEBUG com.github.dockerjava.zerodep.shaded.org.apache.hc.client5.http.impl.classic.InternalHttpClient - ex-00000081: preparing request execution
03:33:00.401 [main] DEBUG com.github.dockerjava.zerodep.shaded.org.apache.hc.client5.http.protocol.RequestAddCookies - Cookie spec selected: strict
03:33:00.401 [main] DEBUG com.github.dockerjava.zerodep.shaded.org.apache.hc.client5.http.protocol.RequestAuthCache - Auth cache not set in the context
03:33:00.401 [main] DEBUG com.github.dockerjava.zerodep.shaded.org.apache.hc.client5.http.impl.classic.ProtocolExec - ex-00000081: target auth state: UNCHALLENGED
03:33:00.401 [main] DEBUG com.github.dockerjava.zerodep.shaded.org.apache.hc.client5.http.impl.classic.ProtocolExec - ex-00000081: proxy auth state: UNCHALLENGED
03:33:00.401 [main] DEBUG com.github.dockerjava.zerodep.shaded.org.apache.hc.client5.http.impl.classic.ConnectExec - ex-00000081: acquiring connection with route {}->unix://localhost:2375
03:33:00.401 [main] DEBUG com.github.dockerjava.zerodep.shaded.org.apache.hc.client5.http.impl.classic.InternalHttpClient - ex-00000081: acquiring endpoint (3 MINUTES)
03:33:00.401 [main] DEBUG com.github.dockerjava.zerodep.shaded.org.apache.hc.client5.http.impl.io.PoolingHttpClientConnectionManager - ex-00000081: endpoint lease request (3 MINUTES) [route: {}->unix://localhost:2375][total available: 1; route allocated: 1 of 2147483647; total allocated: 1 of 2147483647]
03:33:00.404 [main] DEBUG com.github.dockerjava.zerodep.shaded.org.apache.hc.client5.http.impl.io.PoolingHttpClientConnectionManager - ex-00000081: endpoint leased [route: {}->unix://localhost:2375][total available: 0; route allocated: 1 of 2147483647; total allocated: 1 of 2147483647]
03:33:00.404 [main] DEBUG com.github.dockerjava.zerodep.shaded.org.apache.hc.client5.http.impl.io.PoolingHttpClientConnectionManager - ex-00000081: acquired ep-00000080
03:33:00.404 [main] DEBUG com.github.dockerjava.zerodep.shaded.org.apache.hc.client5.http.impl.classic.InternalHttpClient - ex-00000081: acquired endpoint ep-00000080
03:33:00.404 [main] DEBUG com.github.dockerjava.zerodep.shaded.org.apache.hc.client5.http.impl.classic.MainClientExec - ex-00000081: executing GET /v1.32/containers/9691e31891711283f4d98263d11bc6156717d3e75a0b86a23f3b128a992c1f38/json HTTP/1.1
03:33:00.404 [main] DEBUG com.github.dockerjava.zerodep.shaded.org.apache.hc.client5.http.impl.classic.InternalHttpClient - ep-00000080: start execution ex-00000081
03:33:00.404 [main] DEBUG com.github.dockerjava.zerodep.shaded.org.apache.hc.client5.http.impl.io.PoolingHttpClientConnectionManager - ep-00000080: executing exchange ex-00000081 over http-outgoing-2
03:33:00.404 [main] DEBUG com.github.dockerjava.zerodep.shaded.org.apache.hc.client5.http.headers - http-outgoing-2 >> GET /v1.32/containers/9691e31891711283f4d98263d11bc6156717d3e75a0b86a23f3b128a992c1f38/json HTTP/1.1
03:33:00.404 [main] DEBUG com.github.dockerjava.zerodep.shaded.org.apache.hc.client5.http.headers - http-outgoing-2 >> accept: application/json
03:33:00.404 [main] DEBUG com.github.dockerjava.zerodep.shaded.org.apache.hc.client5.http.headers - http-outgoing-2 >> Accept-Encoding: gzip, x-gzip, deflate
03:33:00.404 [main] DEBUG com.github.dockerjava.zerodep.shaded.org.apache.hc.client5.http.headers - http-outgoing-2 >> Host: localhost:2375
03:33:00.404 [main] DEBUG com.github.dockerjava.zerodep.shaded.org.apache.hc.client5.http.headers - http-outgoing-2 >> Connection: keep-alive
03:33:00.404 [main] DEBUG com.github.dockerjava.zerodep.shaded.org.apache.hc.client5.http.headers - http-outgoing-2 >> User-Agent: Apache-HttpClient/5.0.3 (Java/11.0.15)
03:33:00.404 [main] DEBUG com.github.dockerjava.zerodep.shaded.org.apache.hc.client5.http.wire - http-outgoing-2 >> "GET /v1.32/containers/9691e31891711283f4d98263d11bc6156717d3e75a0b86a23f3b128a992c1f38/json HTTP/1.1[\r][\n]"
03:33:00.404 [main] DEBUG com.github.dockerjava.zerodep.shaded.org.apache.hc.client5.http.wire - http-outgoing-2 >> "accept: application/json[\r][\n]"
03:33:00.404 [main] DEBUG com.github.dockerjava.zerodep.shaded.org.apache.hc.client5.http.wire - http-outgoing-2 >> "Accept-Encoding: gzip, x-gzip, deflate[\r][\n]"
03:33:00.404 [main] DEBUG com.github.dockerjava.zerodep.shaded.org.apache.hc.client5.http.wire - http-outgoing-2 >> "Host: localhost:2375[\r][\n]"
03:33:00.404 [main] DEBUG com.github.dockerjava.zerodep.shaded.org.apache.hc.client5.http.wire - http-outgoing-2 >> "Connection: keep-alive[\r][\n]"
03:33:00.404 [main] DEBUG com.github.dockerjava.zerodep.shaded.org.apache.hc.client5.http.wire - http-outgoing-2 >> "User-Agent: Apache-HttpClient/5.0.3 (Java/11.0.15)[\r][\n]"
03:33:00.404 [main] DEBUG com.github.dockerjava.zerodep.shaded.org.apache.hc.client5.http.wire - http-outgoing-2 >> "[\r][\n]"
03:33:00.415 [main] DEBUG com.github.dockerjava.zerodep.shaded.org.apache.hc.client5.http.wire - http-outgoing-2 << "HTTP/1.1 200 OK[\r][\n]"
03:33:00.415 [main] DEBUG com.github.dockerjava.zerodep.shaded.org.apache.hc.client5.http.wire - http-outgoing-2 << "Api-Version: 1.41[\r][\n]"
03:33:00.415 [main] DEBUG com.github.dockerjava.zerodep.shaded.org.apache.hc.client5.http.wire - http-outgoing-2 << "Content-Type: application/json[\r][\n]"
03:33:00.415 [main] DEBUG com.github.dockerjava.zerodep.shaded.org.apache.hc.client5.http.wire - http-outgoing-2 << "Docker-Experimental: false[\r][\n]"
03:33:00.415 [main] DEBUG com.github.dockerjava.zerodep.shaded.org.apache.hc.client5.http.wire - http-outgoing-2 << "Ostype: linux[\r][\n]"
03:33:00.415 [main] DEBUG com.github.dockerjava.zerodep.shaded.org.apache.hc.client5.http.wire - http-outgoing-2 << "Server: Docker/20.10.12 (linux)[\r][\n]"
03:33:00.415 [main] DEBUG com.github.dockerjava.zerodep.shaded.org.apache.hc.client5.http.wire - http-outgoing-2 << "Date: Thu, 23 Jun 2022 02:33:00 GMT[\r][\n]"
03:33:00.415 [main] DEBUG com.github.dockerjava.zerodep.shaded.org.apache.hc.client5.http.wire - http-outgoing-2 << "Transfer-Encoding: chunked[\r][\n]"
03:33:00.415 [main] DEBUG com.github.dockerjava.zerodep.shaded.org.apache.hc.client5.http.wire - http-outgoing-2 << "[\r][\n]"
03:33:00.415 [main] DEBUG com.github.dockerjava.zerodep.shaded.org.apache.hc.client5.http.wire - http-outgoing-2 << "18ed[\r][\n]"
03:33:00.416 [main] DEBUG com.github.dockerjava.zerodep.shaded.org.apache.hc.client5.http.wire - http-outgoing-2 << "{"Id":"9691e31891711283f4d98263d11bc6156717d3e75a0b86a23f3b128a992c1f38","Created":"2022-06-23T02:32:47.03956921Z","Path":"docker-entrypoint.sh","Args":["mysqld"],"State":{"Status":"running","Running":true,"Paused":false,"Restarting":false,"OOMKilled":false,"Dead":false,"Pid":66188,"ExitCode":0,"Error":"","StartedAt":"2022-06-23T02:32:47.703880551Z","FinishedAt":"0001-01-01T00:00:00Z"},"Image":"sha256:65b636d5542b73254ce90cc4b895597dc1adc2c661ca553c38eda159979dded1","ResolvConfPath":"/var/lib/docker/containers/9691e31891711283f4d98263d11bc6156717d3e75a0b86a23f3b128a992c1f38/resolv.conf","HostnamePath":"/var/lib/docker/containers/9691e31891711283f4d98263d11bc6156717d3e75a0b86a23f3b128a992c1f38/hostname","HostsPath":"/var/lib/docker/containers/9691e31891711283f4d98263d11bc6156717d3e75a0b86a23f3b128a992c1f38/hosts","LogPath":"/var/lib/docker/containers/9691e31891711283f4d98263d11bc6156717d3e75a0b86a23f3b128a992c1f38/9691e31891711283f4d98263d11bc6156717d3e75a0b86a23f3b128a992c1f38-json.log","Name":"/xenodochial_satoshi","RestartCount":0,"Driver":"overlay2","Platform":"linux","MountLabel":"","ProcessLabel":"","AppArmorProfile":"docker-default","ExecIDs":null,"HostConfig":{"Binds":[],"ContainerIDFile":"","LogConfig":{"Type":"json-file","Config":{}},"NetworkMode":"default","PortBindings":{"3306/tcp":[{"HostIp":"","HostPort":""}]},"RestartPolicy":{"Name":"","MaximumRetryCount":0},"AutoRemove":false,"VolumeDriver":"","VolumesFrom":[],"CapAdd":null,"CapDrop":null,"CgroupnsMode":"host","Dns":null,"DnsOptions":null,"DnsSearch":null,"ExtraHosts":[],"GroupAdd":null,"IpcMode":"shareable","Cgroup":"","Links":null,"OomScoreAdj":0,"PidMode":"","Privileged":false,"PublishAllPorts":false,"ReadonlyRootfs":false,"SecurityOpt":null,"UTSMode":"","UsernsMode":"","ShmSize":67108864,"Runtime":"runc","ConsoleSize":[0,0],"Isolation":"","CpuShares":0,"Memory":0,"NanoCpus":0,"CgroupParent":"","BlkioWeight":0,"BlkioWeightDevice":null,"BlkioDeviceReadBps":null,"BlkioDeviceWriteBps":null,"BlkioDeviceReadIOps":null,"BlkioDeviceWriteIOps":null,"CpuPeriod":0,"CpuQuota":0,"CpuRealtimePeriod":0,"CpuRealtimeRuntime":0,"CpusetCpus":"","CpusetMems":"","Devices":null,"DeviceCgroupRules":null,"DeviceRequests":null,"KernelMemory":0,"KernelMemoryTCP":0,"MemoryReservation":0,"MemorySwap":0,"MemorySwappiness":null,"OomKillDisable":false,"PidsLimit":null,"Ulimits":null,"CpuCount":0,"CpuPercent":0,"IOMaximumIOps":0,"IOMaximumBandwidth":0,"MaskedPaths":["/proc/asound","/proc/acpi","/proc/kcore","/proc/keys","/proc/latency_stats","/proc/timer_list","/proc/timer_stats","/proc/sched_debug","/proc/scsi","/sys/firmware"],"ReadonlyPaths":["/proc/bus","/proc/fs","/proc/irq","/proc/sys","/proc/sysrq-trigger"]},"GraphDriver":{"Data":{"LowerDir":"/var/lib/docker/overlay2/5529564f52cf969e31e7a1482c27be7ffed19639b506ae2e15b7e7115f699a73-init/diff:/var/lib/docker/overlay2/833a665819b5d9728d3efa7c33135034345a24f83af53b1a1af33d9b64f5492a/diff:/var/lib/docker/overlay2/bd4a2a46c227c2f15475b08c398f37acaab93f4fdba31de015d730efae0a0cfc/diff:/var/lib/docker/overlay2/31ad437d7cba8e64428a2b62db1bbb2a2ec19ca4e439ec493ef4deb50dce2783/diff:/var/lib/docker/overlay2/35173cbd8ec5b88a8888e9abbe75f8694f5d3f96a9b781bb70dc1f0889685741/diff:/var/lib/docker/overlay2/24bf69ac4e8c81062fee44e7c9f746fffbb139c3f7f4b55b4fd1b23bb101b529/diff:/var/lib/docker/overlay2/2f27c96a7775dad186b6f0da325d5a251c80aa1b7f80cf8520f493c5154aee70/diff:/var/lib/docker/overlay2/463a60088c72ddbea82639ded15801e35a79c443f6a26bf1baf320c683cb06af/diff:/var/lib/docker/overlay2/80b8224b23a2ee4b5be635c58ae579fd1913aa95558cd66ab2f5e8430f00a5b8/diff:/var/lib/docker/overlay2/20451fa0b1a07b85d665bc3a0359d721ce4e4c28fa3bce7456ab25e0babae708/diff:/var/lib/docker/overlay2/f80d865cbc6c1c6f57d0963fa6234e7a6409e079eb17f4f13ca41d02731701ad/diff:/var/lib/docker/overlay2/5a3029e0b57c6ec9b985871ff6adf08356aaa0f2a15f1e34c1a7f116ecc4a61d/diff:/var/lib/docker/overlay2/4f3423103248d0b381a1bc6a7287e2b42313ff458cea602a02b7379014b03e0e/diff","MergedDir":"/var/lib/docker/overlay2/5529564f52cf969e31e7a1482c27be7ffed19639b506ae2e15b7e7115f699a73/merged","UpperDir":"/var/lib/docker/overlay2/5529564f52cf969e31e7a1482c27be7ffed19639b506ae2e15b7e7115f699a73/diff","WorkDir":"/var/lib/docker/overlay2/5529564f52cf969e31e7a1482c27be7ffed19639b506ae2e15b7e7115f699a73/work"},"Name":"overlay2"},"Mounts":[{"Type":"volume","Name":"fd1f613c7fe3ca3ae799982507ac3f565cc9f6a2dc99ceaed92389e2c43f47d1","Source":"/var/lib/docker/volumes/fd1f613c7fe3ca3ae799982507ac3f565cc9f6a2dc99ceaed92389e2c43f47d1/_data","Destination":"/var/lib/mysql","Driver":"local","Mode":"","RW":true,"Propagation":""}],"Config":{"Hostname":"9691e3189171","Domainname":"","User":"","AttachStdin":false,"AttachStdout":false,"AttachStderr":false,"ExposedPorts":{"3306/tcp":{},"33060/tcp":{}},"Tty":false,"OpenStdin":false,"StdinOnce":false,"Env":["MYSQL_DATABASE=test","MYSQL_PASSWORD=admin","MYSQL_USER=admin","MYSQL_ROOT_PASSWORD=admin","PATH=/usr/local/sbin:/usr/local/bin:/usr/sbin:/usr/bin:/sbin:/bin","GOSU_VERSION=1.14","MYSQL_MAJOR=8.0","MYSQL_VERSION=8.0.29-1debian10"],"Cmd":["mysqld"],"Image":"mysql:8.0","Volumes":{"/var/lib/mysql":{}},"WorkingDir":"","Entrypoint":["docker-entrypoint.sh"],"OnBuild":null,"Labels":{"org.testcontainers":"true","org.testcontainers.sessionId":"d48265e4-2b28-4f8c-aa67-76dd8289af84"}},"NetworkSettings":{"Bridge":"","SandboxID":"d9de8570fe3f0a4e9f3a1ff7101c963bbd2c6a0a9d8a867b96f17f4d5edca537","HairpinMode":false,"LinkLocalIPv6Address":"","LinkLocalIPv6PrefixLen":0,"Ports":{"3306/tcp":[{"HostIp":"0.0.0.0","HostPort":"49160"},{"HostIp":"::","HostPort":"49160"}],"33060/tcp":null},"SandboxKey":"/var/run/docker/netns/d9de8570fe3f","SecondaryIPAddresses":null,"SecondaryIPv6Addresses":null,"EndpointID":"93e8fe159f683a98670e8995677c2b130dbce857fc116679206e206bda319cbf","Gateway":"172.17.0.1","GlobalIPv6Address":"","GlobalIPv6PrefixLen":0,"IPAddress":"172.17.0.3","IPPrefixLen":16,"IPv6Gateway":"","MacAddress":"02:42:ac:11:00:03","Networks":{"bridge":{"IPAMConfig":null,"Links":null,"Aliases":null,"NetworkID":"1853cd2b9856825cc97ed9ef2b12efa82d95bf9cf60ad666c276eb35cc53539e","EndpointID":"93e8fe159f683a98670e8995677c2b130dbce857fc116679206e206bda319cbf","Gateway":"172.17.0.1","IPAddress":"172.17.0.3","IPPrefixLen":16,"IPv6Gateway":"","GlobalIPv6Address":"","GlobalIPv6PrefixLen":0,"MacAddress":"02:42:ac:11:00:03","DriverOpts":null}}}}[\n]"
03:33:00.416 [main] DEBUG com.github.dockerjava.zerodep.shaded.org.apache.hc.client5.http.wire - http-outgoing-2 << "[\r][\n]"
03:33:00.416 [main] DEBUG com.github.dockerjava.zerodep.shaded.org.apache.hc.client5.http.wire - http-outgoing-2 << "0[\r][\n]"
03:33:00.416 [main] DEBUG com.github.dockerjava.zerodep.shaded.org.apache.hc.client5.http.wire - http-outgoing-2 << "[\r][\n]"
03:33:00.416 [main] DEBUG com.github.dockerjava.zerodep.shaded.org.apache.hc.client5.http.headers - http-outgoing-2 << HTTP/1.1 200 OK
03:33:00.416 [main] DEBUG com.github.dockerjava.zerodep.shaded.org.apache.hc.client5.http.headers - http-outgoing-2 << Api-Version: 1.41
03:33:00.416 [main] DEBUG com.github.dockerjava.zerodep.shaded.org.apache.hc.client5.http.headers - http-outgoing-2 << Content-Type: application/json
03:33:00.416 [main] DEBUG com.github.dockerjava.zerodep.shaded.org.apache.hc.client5.http.headers - http-outgoing-2 << Docker-Experimental: false
03:33:00.416 [main] DEBUG com.github.dockerjava.zerodep.shaded.org.apache.hc.client5.http.headers - http-outgoing-2 << Ostype: linux
03:33:00.416 [main] DEBUG com.github.dockerjava.zerodep.shaded.org.apache.hc.client5.http.headers - http-outgoing-2 << Server: Docker/20.10.12 (linux)
03:33:00.416 [main] DEBUG com.github.dockerjava.zerodep.shaded.org.apache.hc.client5.http.headers - http-outgoing-2 << Date: Thu, 23 Jun 2022 02:33:00 GMT
03:33:00.416 [main] DEBUG com.github.dockerjava.zerodep.shaded.org.apache.hc.client5.http.headers - http-outgoing-2 << Transfer-Encoding: chunked
03:33:00.416 [main] DEBUG com.github.dockerjava.zerodep.shaded.org.apache.hc.client5.http.impl.classic.MainClientExec - ex-00000081: connection can be kept alive for 3 MINUTES
03:33:00.417 [main] DEBUG com.github.dockerjava.zerodep.shaded.org.apache.hc.client5.http.impl.classic.InternalHttpClient - ep-00000080: releasing valid endpoint
03:33:00.417 [main] DEBUG com.github.dockerjava.zerodep.shaded.org.apache.hc.client5.http.impl.io.PoolingHttpClientConnectionManager - ep-00000080: releasing endpoint
03:33:00.417 [main] DEBUG com.github.dockerjava.zerodep.shaded.org.apache.hc.client5.http.impl.io.PoolingHttpClientConnectionManager - ep-00000080: connection http-outgoing-2 can be kept alive for 3 MINUTES
03:33:00.417 [main] DEBUG com.github.dockerjava.zerodep.shaded.org.apache.hc.client5.http.impl.io.PoolingHttpClientConnectionManager - ep-00000080: connection released [route: {}->unix://localhost:2375][total available: 1; route allocated: 1 of 2147483647; total allocated: 1 of 2147483647]
03:33:00.417 [main] DEBUG 🐳 [mysql:8.0] - Trying to create JDBC connection using com.mysql.cj.jdbc.Driver to jdbc:mysql://localhost:49160/test?useSSL=false&allowPublicKeyRetrieval=true with properties: {password=admin, user=admin}
03:33:00.522 [main] DEBUG org.testcontainers.shaded.com.github.dockerjava.core.command.AbstrDockerCmd - Cmd: 9691e31891711283f4d98263d11bc6156717d3e75a0b86a23f3b128a992c1f38,false
03:33:00.522 [main] DEBUG org.testcontainers.shaded.com.github.dockerjava.core.exec.InspectContainerCmdExec - GET: DefaultWebTarget{path=[/containers/9691e31891711283f4d98263d11bc6156717d3e75a0b86a23f3b128a992c1f38/json], queryParams={}}
03:33:00.522 [main] DEBUG com.github.dockerjava.zerodep.shaded.org.apache.hc.client5.http.impl.classic.InternalHttpClient - ex-00000082: preparing request execution
03:33:00.522 [main] DEBUG com.github.dockerjava.zerodep.shaded.org.apache.hc.client5.http.protocol.RequestAddCookies - Cookie spec selected: strict
03:33:00.522 [main] DEBUG com.github.dockerjava.zerodep.shaded.org.apache.hc.client5.http.protocol.RequestAuthCache - Auth cache not set in the context
03:33:00.522 [main] DEBUG com.github.dockerjava.zerodep.shaded.org.apache.hc.client5.http.impl.classic.ProtocolExec - ex-00000082: target auth state: UNCHALLENGED
03:33:00.522 [main] DEBUG com.github.dockerjava.zerodep.shaded.org.apache.hc.client5.http.impl.classic.ProtocolExec - ex-00000082: proxy auth state: UNCHALLENGED
03:33:00.522 [main] DEBUG com.github.dockerjava.zerodep.shaded.org.apache.hc.client5.http.impl.classic.ConnectExec - ex-00000082: acquiring connection with route {}->unix://localhost:2375
03:33:00.522 [main] DEBUG com.github.dockerjava.zerodep.shaded.org.apache.hc.client5.http.impl.classic.InternalHttpClient - ex-00000082: acquiring endpoint (3 MINUTES)
03:33:00.523 [main] DEBUG com.github.dockerjava.zerodep.shaded.org.apache.hc.client5.http.impl.io.PoolingHttpClientConnectionManager - ex-00000082: endpoint lease request (3 MINUTES) [route: {}->unix://localhost:2375][total available: 1; route allocated: 1 of 2147483647; total allocated: 1 of 2147483647]
03:33:00.523 [main] DEBUG com.github.dockerjava.zerodep.shaded.org.apache.hc.client5.http.impl.io.PoolingHttpClientConnectionManager - ex-00000082: endpoint leased [route: {}->unix://localhost:2375][total available: 0; route allocated: 1 of 2147483647; total allocated: 1 of 2147483647]
03:33:00.523 [main] DEBUG com.github.dockerjava.zerodep.shaded.org.apache.hc.client5.http.impl.io.PoolingHttpClientConnectionManager - ex-00000082: acquired ep-00000081
03:33:00.523 [main] DEBUG com.github.dockerjava.zerodep.shaded.org.apache.hc.client5.http.impl.classic.InternalHttpClient - ex-00000082: acquired endpoint ep-00000081
03:33:00.523 [main] DEBUG com.github.dockerjava.zerodep.shaded.org.apache.hc.client5.http.impl.classic.MainClientExec - ex-00000082: executing GET /v1.32/containers/9691e31891711283f4d98263d11bc6156717d3e75a0b86a23f3b128a992c1f38/json HTTP/1.1
03:33:00.523 [main] DEBUG com.github.dockerjava.zerodep.shaded.org.apache.hc.client5.http.impl.classic.InternalHttpClient - ep-00000081: start execution ex-00000082
03:33:00.523 [main] DEBUG com.github.dockerjava.zerodep.shaded.org.apache.hc.client5.http.impl.io.PoolingHttpClientConnectionManager - ep-00000081: executing exchange ex-00000082 over http-outgoing-2
03:33:00.523 [main] DEBUG com.github.dockerjava.zerodep.shaded.org.apache.hc.client5.http.headers - http-outgoing-2 >> GET /v1.32/containers/9691e31891711283f4d98263d11bc6156717d3e75a0b86a23f3b128a992c1f38/json HTTP/1.1
03:33:00.523 [main] DEBUG com.github.dockerjava.zerodep.shaded.org.apache.hc.client5.http.headers - http-outgoing-2 >> accept: application/json
03:33:00.523 [main] DEBUG com.github.dockerjava.zerodep.shaded.org.apache.hc.client5.http.headers - http-outgoing-2 >> Accept-Encoding: gzip, x-gzip, deflate
03:33:00.523 [main] DEBUG com.github.dockerjava.zerodep.shaded.org.apache.hc.client5.http.headers - http-outgoing-2 >> Host: localhost:2375
03:33:00.523 [main] DEBUG com.github.dockerjava.zerodep.shaded.org.apache.hc.client5.http.headers - http-outgoing-2 >> Connection: keep-alive
03:33:00.523 [main] DEBUG com.github.dockerjava.zerodep.shaded.org.apache.hc.client5.http.headers - http-outgoing-2 >> User-Agent: Apache-HttpClient/5.0.3 (Java/11.0.15)
03:33:00.523 [main] DEBUG com.github.dockerjava.zerodep.shaded.org.apache.hc.client5.http.wire - http-outgoing-2 >> "GET /v1.32/containers/9691e31891711283f4d98263d11bc6156717d3e75a0b86a23f3b128a992c1f38/json HTTP/1.1[\r][\n]"
03:33:00.523 [main] DEBUG com.github.dockerjava.zerodep.shaded.org.apache.hc.client5.http.wire - http-outgoing-2 >> "accept: application/json[\r][\n]"
03:33:00.523 [main] DEBUG com.github.dockerjava.zerodep.shaded.org.apache.hc.client5.http.wire - http-outgoing-2 >> "Accept-Encoding: gzip, x-gzip, deflate[\r][\n]"
03:33:00.523 [main] DEBUG com.github.dockerjava.zerodep.shaded.org.apache.hc.client5.http.wire - http-outgoing-2 >> "Host: localhost:2375[\r][\n]"
03:33:00.523 [main] DEBUG com.github.dockerjava.zerodep.shaded.org.apache.hc.client5.http.wire - http-outgoing-2 >> "Connection: keep-alive[\r][\n]"
03:33:00.523 [main] DEBUG com.github.dockerjava.zerodep.shaded.org.apache.hc.client5.http.wire - http-outgoing-2 >> "User-Agent: Apache-HttpClient/5.0.3 (Java/11.0.15)[\r][\n]"
03:33:00.523 [main] DEBUG com.github.dockerjava.zerodep.shaded.org.apache.hc.client5.http.wire - http-outgoing-2 >> "[\r][\n]"
03:33:00.524 [main] DEBUG com.github.dockerjava.zerodep.shaded.org.apache.hc.client5.http.wire - http-outgoing-2 << "HTTP/1.1 200 OK[\r][\n]"
03:33:00.524 [main] DEBUG com.github.dockerjava.zerodep.shaded.org.apache.hc.client5.http.wire - http-outgoing-2 << "Api-Version: 1.41[\r][\n]"
03:33:00.524 [main] DEBUG com.github.dockerjava.zerodep.shaded.org.apache.hc.client5.http.wire - http-outgoing-2 << "Content-Type: application/json[\r][\n]"
03:33:00.524 [main] DEBUG com.github.dockerjava.zerodep.shaded.org.apache.hc.client5.http.wire - http-outgoing-2 << "Docker-Experimental: false[\r][\n]"
03:33:00.524 [main] DEBUG com.github.dockerjava.zerodep.shaded.org.apache.hc.client5.http.wire - http-outgoing-2 << "Ostype: linux[\r][\n]"
03:33:00.524 [main] DEBUG com.github.dockerjava.zerodep.shaded.org.apache.hc.client5.http.wire - http-outgoing-2 << "Server: Docker/20.10.12 (linux)[\r][\n]"
03:33:00.524 [main] DEBUG com.github.dockerjava.zerodep.shaded.org.apache.hc.client5.http.wire - http-outgoing-2 << "Date: Thu, 23 Jun 2022 02:33:00 GMT[\r][\n]"
03:33:00.524 [main] DEBUG com.github.dockerjava.zerodep.shaded.org.apache.hc.client5.http.wire - http-outgoing-2 << "Transfer-Encoding: chunked[\r][\n]"
03:33:00.524 [main] DEBUG com.github.dockerjava.zerodep.shaded.org.apache.hc.client5.http.wire - http-outgoing-2 << "[\r][\n]"
03:33:00.524 [main] DEBUG com.github.dockerjava.zerodep.shaded.org.apache.hc.client5.http.wire - http-outgoing-2 << "18ed[\r][\n]"
03:33:00.524 [main] DEBUG com.github.dockerjava.zerodep.shaded.org.apache.hc.client5.http.wire - http-outgoing-2 << "{"Id":"9691e31891711283f4d98263d11bc6156717d3e75a0b86a23f3b128a992c1f38","Created":"2022-06-23T02:32:47.03956921Z","Path":"docker-entrypoint.sh","Args":["mysqld"],"State":{"Status":"running","Running":true,"Paused":false,"Restarting":false,"OOMKilled":false,"Dead":false,"Pid":66188,"ExitCode":0,"Error":"","StartedAt":"2022-06-23T02:32:47.703880551Z","FinishedAt":"0001-01-01T00:00:00Z"},"Image":"sha256:65b636d5542b73254ce90cc4b895597dc1adc2c661ca553c38eda159979dded1","ResolvConfPath":"/var/lib/docker/containers/9691e31891711283f4d98263d11bc6156717d3e75a0b86a23f3b128a992c1f38/resolv.conf","HostnamePath":"/var/lib/docker/containers/9691e31891711283f4d98263d11bc6156717d3e75a0b86a23f3b128a992c1f38/hostname","HostsPath":"/var/lib/docker/containers/9691e31891711283f4d98263d11bc6156717d3e75a0b86a23f3b128a992c1f38/hosts","LogPath":"/var/lib/docker/containers/9691e31891711283f4d98263d11bc6156717d3e75a0b86a23f3b128a992c1f38/9691e31891711283f4d98263d11bc6156717d3e75a0b86a23f3b128a992c1f38-json.log","Name":"/xenodochial_satoshi","RestartCount":0,"Driver":"overlay2","Platform":"linux","MountLabel":"","ProcessLabel":"","AppArmorProfile":"docker-default","ExecIDs":null,"HostConfig":{"Binds":[],"ContainerIDFile":"","LogConfig":{"Type":"json-file","Config":{}},"NetworkMode":"default","PortBindings":{"3306/tcp":[{"HostIp":"","HostPort":""}]},"RestartPolicy":{"Name":"","MaximumRetryCount":0},"AutoRemove":false,"VolumeDriver":"","VolumesFrom":[],"CapAdd":null,"CapDrop":null,"CgroupnsMode":"host","Dns":null,"DnsOptions":null,"DnsSearch":null,"ExtraHosts":[],"GroupAdd":null,"IpcMode":"shareable","Cgroup":"","Links":null,"OomScoreAdj":0,"PidMode":"","Privileged":false,"PublishAllPorts":false,"ReadonlyRootfs":false,"SecurityOpt":null,"UTSMode":"","UsernsMode":"","ShmSize":67108864,"Runtime":"runc","ConsoleSize":[0,0],"Isolation":"","CpuShares":0,"Memory":0,"NanoCpus":0,"CgroupParent":"","BlkioWeight":0,"BlkioWeightDevice":null,"BlkioDeviceReadBps":null,"BlkioDeviceWriteBps":null,"BlkioDeviceReadIOps":null,"BlkioDeviceWriteIOps":null,"CpuPeriod":0,"CpuQuota":0,"CpuRealtimePeriod":0,"CpuRealtimeRuntime":0,"CpusetCpus":"","CpusetMems":"","Devices":null,"DeviceCgroupRules":null,"DeviceRequests":null,"KernelMemory":0,"KernelMemoryTCP":0,"MemoryReservation":0,"MemorySwap":0,"MemorySwappiness":null,"OomKillDisable":false,"PidsLimit":null,"Ulimits":null,"CpuCount":0,"CpuPercent":0,"IOMaximumIOps":0,"IOMaximumBandwidth":0,"MaskedPaths":["/proc/asound","/proc/acpi","/proc/kcore","/proc/keys","/proc/latency_stats","/proc/timer_list","/proc/timer_stats","/proc/sched_debug","/proc/scsi","/sys/firmware"],"ReadonlyPaths":["/proc/bus","/proc/fs","/proc/irq","/proc/sys","/proc/sysrq-trigger"]},"GraphDriver":{"Data":{"LowerDir":"/var/lib/docker/overlay2/5529564f52cf969e31e7a1482c27be7ffed19639b506ae2e15b7e7115f699a73-init/diff:/var/lib/docker/overlay2/833a665819b5d9728d3efa7c33135034345a24f83af53b1a1af33d9b64f5492a/diff:/var/lib/docker/overlay2/bd4a2a46c227c2f15475b08c398f37acaab93f4fdba31de015d730efae0a0cfc/diff:/var/lib/docker/overlay2/31ad437d7cba8e64428a2b62db1bbb2a2ec19ca4e439ec493ef4deb50dce2783/diff:/var/lib/docker/overlay2/35173cbd8ec5b88a8888e9abbe75f8694f5d3f96a9b781bb70dc1f0889685741/diff:/var/lib/docker/overlay2/24bf69ac4e8c81062fee44e7c9f746fffbb139c3f7f4b55b4fd1b23bb101b529/diff:/var/lib/docker/overlay2/2f27c96a7775dad186b6f0da325d5a251c80aa1b7f80cf8520f493c5154aee70/diff:/var/lib/docker/overlay2/463a60088c72ddbea82639ded15801e35a79c443f6a26bf1baf320c683cb06af/diff:/var/lib/docker/overlay2/80b8224b23a2ee4b5be635c58ae579fd1913aa95558cd66ab2f5e8430f00a5b8/diff:/var/lib/docker/overlay2/20451fa0b1a07b85d665bc3a0359d721ce4e4c28fa3bce7456ab25e0babae708/diff:/var/lib/docker/overlay2/f80d865cbc6c1c6f57d0963fa6234e7a6409e079eb17f4f13ca41d02731701ad/diff:/var/lib/docker/overlay2/5a3029e0b57c6ec9b985871ff6adf08356aaa0f2a15f1e34c1a7f116ecc4a61d/diff:/var/lib/docker/overlay2/4f3423103248d0b381a1bc6a7287e2b42313ff458cea602a02b7379014b03e0e/diff","MergedDir":"/var/lib/docker/overlay2/5529564f52cf969e31e7a1482c27be7ffed19639b506ae2e15b7e7115f699a73/merged","UpperDir":"/var/lib/docker/overlay2/5529564f52cf969e31e7a1482c27be7ffed19639b506ae2e15b7e7115f699a73/diff","WorkDir":"/var/lib/docker/overlay2/5529564f52cf969e31e7a1482c27be7ffed19639b506ae2e15b7e7115f699a73/work"},"Name":"overlay2"},"Mounts":[{"Type":"volume","Name":"fd1f613c7fe3ca3ae799982507ac3f565cc9f6a2dc99ceaed92389e2c43f47d1","Source":"/var/lib/docker/volumes/fd1f613c7fe3ca3ae799982507ac3f565cc9f6a2dc99ceaed92389e2c43f47d1/_data","Destination":"/var/lib/mysql","Driver":"local","Mode":"","RW":true,"Propagation":""}],"Config":{"Hostname":"9691e3189171","Domainname":"","User":"","AttachStdin":false,"AttachStdout":false,"AttachStderr":false,"ExposedPorts":{"3306/tcp":{},"33060/tcp":{}},"Tty":false,"OpenStdin":false,"StdinOnce":false,"Env":["MYSQL_DATABASE=test","MYSQL_PASSWORD=admin","MYSQL_USER=admin","MYSQL_ROOT_PASSWORD=admin","PATH=/usr/local/sbin:/usr/local/bin:/usr/sbin:/usr/bin:/sbin:/bin","GOSU_VERSION=1.14","MYSQL_MAJOR=8.0","MYSQL_VERSION=8.0.29-1debian10"],"Cmd":["mysqld"],"Image":"mysql:8.0","Volumes":{"/var/lib/mysql":{}},"WorkingDir":"","Entrypoint":["docker-entrypoint.sh"],"OnBuild":null,"Labels":{"org.testcontainers":"true","org.testcontainers.sessionId":"d48265e4-2b28-4f8c-aa67-76dd8289af84"}},"NetworkSettings":{"Bridge":"","SandboxID":"d9de8570fe3f0a4e9f3a1ff7101c963bbd2c6a0a9d8a867b96f17f4d5edca537","HairpinMode":false,"LinkLocalIPv6Address":"","LinkLocalIPv6PrefixLen":0,"Ports":{"3306/tcp":[{"HostIp":"0.0.0.0","HostPort":"49160"},{"HostIp":"::","HostPort":"49160"}],"33060/tcp":null},"SandboxKey":"/var/run/docker/netns/d9de8570fe3f","SecondaryIPAddresses":null,"SecondaryIPv6Addresses":null,"EndpointID":"93e8fe159f683a98670e8995677c2b130dbce857fc116679206e206bda319cbf","Gateway":"172.17.0.1","GlobalIPv6Address":"","GlobalIPv6PrefixLen":0,"IPAddress":"172.17.0.3","IPPrefixLen":16,"IPv6Gateway":"","MacAddress":"02:42:ac:11:00:03","Networks":{"bridge":{"IPAMConfig":null,"Links":null,"Aliases":null,"NetworkID":"1853cd2b9856825cc97ed9ef2b12efa82d95bf9cf60ad666c276eb35cc53539e","EndpointID":"93e8fe159f683a98670e8995677c2b130dbce857fc116679206e206bda319cbf","Gateway":"172.17.0.1","IPAddress":"172.17.0.3","IPPrefixLen":16,"IPv6Gateway":"","GlobalIPv6Address":"","GlobalIPv6PrefixLen":0,"MacAddress":"02:42:ac:11:00:03","DriverOpts":null}}}}[\n]"
03:33:00.524 [main] DEBUG com.github.dockerjava.zerodep.shaded.org.apache.hc.client5.http.wire - http-outgoing-2 << "[\r][\n]"
03:33:00.524 [main] DEBUG com.github.dockerjava.zerodep.shaded.org.apache.hc.client5.http.wire - http-outgoing-2 << "0[\r][\n]"
03:33:00.524 [main] DEBUG com.github.dockerjava.zerodep.shaded.org.apache.hc.client5.http.wire - http-outgoing-2 << "[\r][\n]"
03:33:00.524 [main] DEBUG com.github.dockerjava.zerodep.shaded.org.apache.hc.client5.http.headers - http-outgoing-2 << HTTP/1.1 200 OK
03:33:00.524 [main] DEBUG com.github.dockerjava.zerodep.shaded.org.apache.hc.client5.http.headers - http-outgoing-2 << Api-Version: 1.41
03:33:00.524 [main] DEBUG com.github.dockerjava.zerodep.shaded.org.apache.hc.client5.http.headers - http-outgoing-2 << Content-Type: application/json
03:33:00.524 [main] DEBUG com.github.dockerjava.zerodep.shaded.org.apache.hc.client5.http.headers - http-outgoing-2 << Docker-Experimental: false
03:33:00.524 [main] DEBUG com.github.dockerjava.zerodep.shaded.org.apache.hc.client5.http.headers - http-outgoing-2 << Ostype: linux
03:33:00.524 [main] DEBUG com.github.dockerjava.zerodep.shaded.org.apache.hc.client5.http.headers - http-outgoing-2 << Server: Docker/20.10.12 (linux)
03:33:00.524 [main] DEBUG com.github.dockerjava.zerodep.shaded.org.apache.hc.client5.http.headers - http-outgoing-2 << Date: Thu, 23 Jun 2022 02:33:00 GMT
03:33:00.524 [main] DEBUG com.github.dockerjava.zerodep.shaded.org.apache.hc.client5.http.headers - http-outgoing-2 << Transfer-Encoding: chunked
03:33:00.524 [main] DEBUG com.github.dockerjava.zerodep.shaded.org.apache.hc.client5.http.impl.classic.MainClientExec - ex-00000082: connection can be kept alive for 3 MINUTES
03:33:00.525 [main] DEBUG com.github.dockerjava.zerodep.shaded.org.apache.hc.client5.http.impl.classic.InternalHttpClient - ep-00000081: releasing valid endpoint
03:33:00.525 [main] DEBUG com.github.dockerjava.zerodep.shaded.org.apache.hc.client5.http.impl.io.PoolingHttpClientConnectionManager - ep-00000081: releasing endpoint
03:33:00.525 [main] DEBUG com.github.dockerjava.zerodep.shaded.org.apache.hc.client5.http.impl.io.PoolingHttpClientConnectionManager - ep-00000081: connection http-outgoing-2 can be kept alive for 3 MINUTES
03:33:00.525 [main] DEBUG com.github.dockerjava.zerodep.shaded.org.apache.hc.client5.http.impl.io.PoolingHttpClientConnectionManager - ep-00000081: connection released [route: {}->unix://localhost:2375][total available: 1; route allocated: 1 of 2147483647; total allocated: 1 of 2147483647]
03:33:00.525 [main] DEBUG 🐳 [mysql:8.0] - Trying to create JDBC connection using com.mysql.cj.jdbc.Driver to jdbc:mysql://localhost:49160/test?useSSL=false&allowPublicKeyRetrieval=true with properties: {password=admin, user=admin}
03:33:00.627 [main] DEBUG org.testcontainers.shaded.com.github.dockerjava.core.command.AbstrDockerCmd - Cmd: 9691e31891711283f4d98263d11bc6156717d3e75a0b86a23f3b128a992c1f38,false
03:33:00.628 [main] DEBUG org.testcontainers.shaded.com.github.dockerjava.core.exec.InspectContainerCmdExec - GET: DefaultWebTarget{path=[/containers/9691e31891711283f4d98263d11bc6156717d3e75a0b86a23f3b128a992c1f38/json], queryParams={}}
03:33:00.628 [main] DEBUG com.github.dockerjava.zerodep.shaded.org.apache.hc.client5.http.impl.classic.InternalHttpClient - ex-00000083: preparing request execution
03:33:00.628 [main] DEBUG com.github.dockerjava.zerodep.shaded.org.apache.hc.client5.http.protocol.RequestAddCookies - Cookie spec selected: strict
03:33:00.628 [main] DEBUG com.github.dockerjava.zerodep.shaded.org.apache.hc.client5.http.protocol.RequestAuthCache - Auth cache not set in the context
03:33:00.628 [main] DEBUG com.github.dockerjava.zerodep.shaded.org.apache.hc.client5.http.impl.classic.ProtocolExec - ex-00000083: target auth state: UNCHALLENGED
03:33:00.628 [main] DEBUG com.github.dockerjava.zerodep.shaded.org.apache.hc.client5.http.impl.classic.ProtocolExec - ex-00000083: proxy auth state: UNCHALLENGED
03:33:00.628 [main] DEBUG com.github.dockerjava.zerodep.shaded.org.apache.hc.client5.http.impl.classic.ConnectExec - ex-00000083: acquiring connection with route {}->unix://localhost:2375
03:33:00.628 [main] DEBUG com.github.dockerjava.zerodep.shaded.org.apache.hc.client5.http.impl.classic.InternalHttpClient - ex-00000083: acquiring endpoint (3 MINUTES)
03:33:00.628 [main] DEBUG com.github.dockerjava.zerodep.shaded.org.apache.hc.client5.http.impl.io.PoolingHttpClientConnectionManager - ex-00000083: endpoint lease request (3 MINUTES) [route: {}->unix://localhost:2375][total available: 1; route allocated: 1 of 2147483647; total allocated: 1 of 2147483647]
03:33:00.628 [main] DEBUG com.github.dockerjava.zerodep.shaded.org.apache.hc.client5.http.impl.io.PoolingHttpClientConnectionManager - ex-00000083: endpoint leased [route: {}->unix://localhost:2375][total available: 0; route allocated: 1 of 2147483647; total allocated: 1 of 2147483647]
03:33:00.628 [main] DEBUG com.github.dockerjava.zerodep.shaded.org.apache.hc.client5.http.impl.io.PoolingHttpClientConnectionManager - ex-00000083: acquired ep-00000082
03:33:00.628 [main] DEBUG com.github.dockerjava.zerodep.shaded.org.apache.hc.client5.http.impl.classic.InternalHttpClient - ex-00000083: acquired endpoint ep-00000082
03:33:00.628 [main] DEBUG com.github.dockerjava.zerodep.shaded.org.apache.hc.client5.http.impl.classic.MainClientExec - ex-00000083: executing GET /v1.32/containers/9691e31891711283f4d98263d11bc6156717d3e75a0b86a23f3b128a992c1f38/json HTTP/1.1
03:33:00.628 [main] DEBUG com.github.dockerjava.zerodep.shaded.org.apache.hc.client5.http.impl.classic.InternalHttpClient - ep-00000082: start execution ex-00000083
03:33:00.628 [main] DEBUG com.github.dockerjava.zerodep.shaded.org.apache.hc.client5.http.impl.io.PoolingHttpClientConnectionManager - ep-00000082: executing exchange ex-00000083 over http-outgoing-2
03:33:00.628 [main] DEBUG com.github.dockerjava.zerodep.shaded.org.apache.hc.client5.http.headers - http-outgoing-2 >> GET /v1.32/containers/9691e31891711283f4d98263d11bc6156717d3e75a0b86a23f3b128a992c1f38/json HTTP/1.1
03:33:00.628 [main] DEBUG com.github.dockerjava.zerodep.shaded.org.apache.hc.client5.http.headers - http-outgoing-2 >> accept: application/json
03:33:00.628 [main] DEBUG com.github.dockerjava.zerodep.shaded.org.apache.hc.client5.http.headers - http-outgoing-2 >> Accept-Encoding: gzip, x-gzip, deflate
03:33:00.628 [main] DEBUG com.github.dockerjava.zerodep.shaded.org.apache.hc.client5.http.headers - http-outgoing-2 >> Host: localhost:2375
03:33:00.628 [main] DEBUG com.github.dockerjava.zerodep.shaded.org.apache.hc.client5.http.headers - http-outgoing-2 >> Connection: keep-alive
03:33:00.628 [main] DEBUG com.github.dockerjava.zerodep.shaded.org.apache.hc.client5.http.headers - http-outgoing-2 >> User-Agent: Apache-HttpClient/5.0.3 (Java/11.0.15)
03:33:00.629 [main] DEBUG com.github.dockerjava.zerodep.shaded.org.apache.hc.client5.http.wire - http-outgoing-2 >> "GET /v1.32/containers/9691e31891711283f4d98263d11bc6156717d3e75a0b86a23f3b128a992c1f38/json HTTP/1.1[\r][\n]"
03:33:00.629 [main] DEBUG com.github.dockerjava.zerodep.shaded.org.apache.hc.client5.http.wire - http-outgoing-2 >> "accept: application/json[\r][\n]"
03:33:00.629 [main] DEBUG com.github.dockerjava.zerodep.shaded.org.apache.hc.client5.http.wire - http-outgoing-2 >> "Accept-Encoding: gzip, x-gzip, deflate[\r][\n]"
03:33:00.629 [main] DEBUG com.github.dockerjava.zerodep.shaded.org.apache.hc.client5.http.wire - http-outgoing-2 >> "Host: localhost:2375[\r][\n]"
03:33:00.629 [main] DEBUG com.github.dockerjava.zerodep.shaded.org.apache.hc.client5.http.wire - http-outgoing-2 >> "Connection: keep-alive[\r][\n]"
03:33:00.629 [main] DEBUG com.github.dockerjava.zerodep.shaded.org.apache.hc.client5.http.wire - http-outgoing-2 >> "User-Agent: Apache-HttpClient/5.0.3 (Java/11.0.15)[\r][\n]"
03:33:00.629 [main] DEBUG com.github.dockerjava.zerodep.shaded.org.apache.hc.client5.http.wire - http-outgoing-2 >> "[\r][\n]"
03:33:00.632 [main] DEBUG com.github.dockerjava.zerodep.shaded.org.apache.hc.client5.http.wire - http-outgoing-2 << "HTTP/1.1 200 OK[\r][\n]"
03:33:00.632 [main] DEBUG com.github.dockerjava.zerodep.shaded.org.apache.hc.client5.http.wire - http-outgoing-2 << "Api-Version: 1.41[\r][\n]"
03:33:00.632 [main] DEBUG com.github.dockerjava.zerodep.shaded.org.apache.hc.client5.http.wire - http-outgoing-2 << "Content-Type: application/json[\r][\n]"
03:33:00.632 [main] DEBUG com.github.dockerjava.zerodep.shaded.org.apache.hc.client5.http.wire - http-outgoing-2 << "Docker-Experimental: false[\r][\n]"
03:33:00.632 [main] DEBUG com.github.dockerjava.zerodep.shaded.org.apache.hc.client5.http.wire - http-outgoing-2 << "Ostype: linux[\r][\n]"
03:33:00.632 [main] DEBUG com.github.dockerjava.zerodep.shaded.org.apache.hc.client5.http.wire - http-outgoing-2 << "Server: Docker/20.10.12 (linux)[\r][\n]"
03:33:00.632 [main] DEBUG com.github.dockerjava.zerodep.shaded.org.apache.hc.client5.http.wire - http-outgoing-2 << "Date: Thu, 23 Jun 2022 02:33:00 GMT[\r][\n]"
03:33:00.632 [main] DEBUG com.github.dockerjava.zerodep.shaded.org.apache.hc.client5.http.wire - http-outgoing-2 << "Transfer-Encoding: chunked[\r][\n]"
03:33:00.632 [main] DEBUG com.github.dockerjava.zerodep.shaded.org.apache.hc.client5.http.wire - http-outgoing-2 << "[\r][\n]"
03:33:00.632 [main] DEBUG com.github.dockerjava.zerodep.shaded.org.apache.hc.client5.http.wire - http-outgoing-2 << "18ed[\r][\n]"
03:33:00.632 [main] DEBUG com.github.dockerjava.zerodep.shaded.org.apache.hc.client5.http.wire - http-outgoing-2 << "{"Id":"9691e31891711283f4d98263d11bc6156717d3e75a0b86a23f3b128a992c1f38","Created":"2022-06-23T02:32:47.03956921Z","Path":"docker-entrypoint.sh","Args":["mysqld"],"State":{"Status":"running","Running":true,"Paused":false,"Restarting":false,"OOMKilled":false,"Dead":false,"Pid":66188,"ExitCode":0,"Error":"","StartedAt":"2022-06-23T02:32:47.703880551Z","FinishedAt":"0001-01-01T00:00:00Z"},"Image":"sha256:65b636d5542b73254ce90cc4b895597dc1adc2c661ca553c38eda159979dded1","ResolvConfPath":"/var/lib/docker/containers/9691e31891711283f4d98263d11bc6156717d3e75a0b86a23f3b128a992c1f38/resolv.conf","HostnamePath":"/var/lib/docker/containers/9691e31891711283f4d98263d11bc6156717d3e75a0b86a23f3b128a992c1f38/hostname","HostsPath":"/var/lib/docker/containers/9691e31891711283f4d98263d11bc6156717d3e75a0b86a23f3b128a992c1f38/hosts","LogPath":"/var/lib/docker/containers/9691e31891711283f4d98263d11bc6156717d3e75a0b86a23f3b128a992c1f38/9691e31891711283f4d98263d11bc6156717d3e75a0b86a23f3b128a992c1f38-json.log","Name":"/xenodochial_satoshi","RestartCount":0,"Driver":"overlay2","Platform":"linux","MountLabel":"","ProcessLabel":"","AppArmorProfile":"docker-default","ExecIDs":null,"HostConfig":{"Binds":[],"ContainerIDFile":"","LogConfig":{"Type":"json-file","Config":{}},"NetworkMode":"default","PortBindings":{"3306/tcp":[{"HostIp":"","HostPort":""}]},"RestartPolicy":{"Name":"","MaximumRetryCount":0},"AutoRemove":false,"VolumeDriver":"","VolumesFrom":[],"CapAdd":null,"CapDrop":null,"CgroupnsMode":"host","Dns":null,"DnsOptions":null,"DnsSearch":null,"ExtraHosts":[],"GroupAdd":null,"IpcMode":"shareable","Cgroup":"","Links":null,"OomScoreAdj":0,"PidMode":"","Privileged":false,"PublishAllPorts":false,"ReadonlyRootfs":false,"SecurityOpt":null,"UTSMode":"","UsernsMode":"","ShmSize":67108864,"Runtime":"runc","ConsoleSize":[0,0],"Isolation":"","CpuShares":0,"Memory":0,"NanoCpus":0,"CgroupParent":"","BlkioWeight":0,"BlkioWeightDevice":null,"BlkioDeviceReadBps":null,"BlkioDeviceWriteBps":null,"BlkioDeviceReadIOps":null,"BlkioDeviceWriteIOps":null,"CpuPeriod":0,"CpuQuota":0,"CpuRealtimePeriod":0,"CpuRealtimeRuntime":0,"CpusetCpus":"","CpusetMems":"","Devices":null,"DeviceCgroupRules":null,"DeviceRequests":null,"KernelMemory":0,"KernelMemoryTCP":0,"MemoryReservation":0,"MemorySwap":0,"MemorySwappiness":null,"OomKillDisable":false,"PidsLimit":null,"Ulimits":null,"CpuCount":0,"CpuPercent":0,"IOMaximumIOps":0,"IOMaximumBandwidth":0,"MaskedPaths":["/proc/asound","/proc/acpi","/proc/kcore","/proc/keys","/proc/latency_stats","/proc/timer_list","/proc/timer_stats","/proc/sched_debug","/proc/scsi","/sys/firmware"],"ReadonlyPaths":["/proc/bus","/proc/fs","/proc/irq","/proc/sys","/proc/sysrq-trigger"]},"GraphDriver":{"Data":{"LowerDir":"/var/lib/docker/overlay2/5529564f52cf969e31e7a1482c27be7ffed19639b506ae2e15b7e7115f699a73-init/diff:/var/lib/docker/overlay2/833a665819b5d9728d3efa7c33135034345a24f83af53b1a1af33d9b64f5492a/diff:/var/lib/docker/overlay2/bd4a2a46c227c2f15475b08c398f37acaab93f4fdba31de015d730efae0a0cfc/diff:/var/lib/docker/overlay2/31ad437d7cba8e64428a2b62db1bbb2a2ec19ca4e439ec493ef4deb50dce2783/diff:/var/lib/docker/overlay2/35173cbd8ec5b88a8888e9abbe75f8694f5d3f96a9b781bb70dc1f0889685741/diff:/var/lib/docker/overlay2/24bf69ac4e8c81062fee44e7c9f746fffbb139c3f7f4b55b4fd1b23bb101b529/diff:/var/lib/docker/overlay2/2f27c96a7775dad186b6f0da325d5a251c80aa1b7f80cf8520f493c5154aee70/diff:/var/lib/docker/overlay2/463a60088c72ddbea82639ded15801e35a79c443f6a26bf1baf320c683cb06af/diff:/var/lib/docker/overlay2/80b8224b23a2ee4b5be635c58ae579fd1913aa95558cd66ab2f5e8430f00a5b8/diff:/var/lib/docker/overlay2/20451fa0b1a07b85d665bc3a0359d721ce4e4c28fa3bce7456ab25e0babae708/diff:/var/lib/docker/overlay2/f80d865cbc6c1c6f57d0963fa6234e7a6409e079eb17f4f13ca41d02731701ad/diff:/var/lib/docker/overlay2/5a3029e0b57c6ec9b985871ff6adf08356aaa0f2a15f1e34c1a7f116ecc4a61d/diff:/var/lib/docker/overlay2/4f3423103248d0b381a1bc6a7287e2b42313ff458cea602a02b7379014b03e0e/diff","MergedDir":"/var/lib/docker/overlay2/5529564f52cf969e31e7a1482c27be7ffed19639b506ae2e15b7e7115f699a73/merged","UpperDir":"/var/lib/docker/overlay2/5529564f52cf969e31e7a1482c27be7ffed19639b506ae2e15b7e7115f699a73/diff","WorkDir":"/var/lib/docker/overlay2/5529564f52cf969e31e7a1482c27be7ffed19639b506ae2e15b7e7115f699a73/work"},"Name":"overlay2"},"Mounts":[{"Type":"volume","Name":"fd1f613c7fe3ca3ae799982507ac3f565cc9f6a2dc99ceaed92389e2c43f47d1","Source":"/var/lib/docker/volumes/fd1f613c7fe3ca3ae799982507ac3f565cc9f6a2dc99ceaed92389e2c43f47d1/_data","Destination":"/var/lib/mysql","Driver":"local","Mode":"","RW":true,"Propagation":""}],"Config":{"Hostname":"9691e3189171","Domainname":"","User":"","AttachStdin":false,"AttachStdout":false,"AttachStderr":false,"ExposedPorts":{"3306/tcp":{},"33060/tcp":{}},"Tty":false,"OpenStdin":false,"StdinOnce":false,"Env":["MYSQL_DATABASE=test","MYSQL_PASSWORD=admin","MYSQL_USER=admin","MYSQL_ROOT_PASSWORD=admin","PATH=/usr/local/sbin:/usr/local/bin:/usr/sbin:/usr/bin:/sbin:/bin","GOSU_VERSION=1.14","MYSQL_MAJOR=8.0","MYSQL_VERSION=8.0.29-1debian10"],"Cmd":["mysqld"],"Image":"mysql:8.0","Volumes":{"/var/lib/mysql":{}},"WorkingDir":"","Entrypoint":["docker-entrypoint.sh"],"OnBuild":null,"Labels":{"org.testcontainers":"true","org.testcontainers.sessionId":"d48265e4-2b28-4f8c-aa67-76dd8289af84"}},"NetworkSettings":{"Bridge":"","SandboxID":"d9de8570fe3f0a4e9f3a1ff7101c963bbd2c6a0a9d8a867b96f17f4d5edca537","HairpinMode":false,"LinkLocalIPv6Address":"","LinkLocalIPv6PrefixLen":0,"Ports":{"3306/tcp":[{"HostIp":"0.0.0.0","HostPort":"49160"},{"HostIp":"::","HostPort":"49160"}],"33060/tcp":null},"SandboxKey":"/var/run/docker/netns/d9de8570fe3f","SecondaryIPAddresses":null,"SecondaryIPv6Addresses":null,"EndpointID":"93e8fe159f683a98670e8995677c2b130dbce857fc116679206e206bda319cbf","Gateway":"172.17.0.1","GlobalIPv6Address":"","GlobalIPv6PrefixLen":0,"IPAddress":"172.17.0.3","IPPrefixLen":16,"IPv6Gateway":"","MacAddress":"02:42:ac:11:00:03","Networks":{"bridge":{"IPAMConfig":null,"Links":null,"Aliases":null,"NetworkID":"1853cd2b9856825cc97ed9ef2b12efa82d95bf9cf60ad666c276eb35cc53539e","EndpointID":"93e8fe159f683a98670e8995677c2b130dbce857fc116679206e206bda319cbf","Gateway":"172.17.0.1","IPAddress":"172.17.0.3","IPPrefixLen":16,"IPv6Gateway":"","GlobalIPv6Address":"","GlobalIPv6PrefixLen":0,"MacAddress":"02:42:ac:11:00:03","DriverOpts":null}}}}[\n]"
03:33:00.632 [main] DEBUG com.github.dockerjava.zerodep.shaded.org.apache.hc.client5.http.wire - http-outgoing-2 << "[\r][\n]"
03:33:00.632 [main] DEBUG com.github.dockerjava.zerodep.shaded.org.apache.hc.client5.http.wire - http-outgoing-2 << "0[\r][\n]"
03:33:00.632 [main] DEBUG com.github.dockerjava.zerodep.shaded.org.apache.hc.client5.http.wire - http-outgoing-2 << "[\r][\n]"
03:33:00.632 [main] DEBUG com.github.dockerjava.zerodep.shaded.org.apache.hc.client5.http.headers - http-outgoing-2 << HTTP/1.1 200 OK
03:33:00.632 [main] DEBUG com.github.dockerjava.zerodep.shaded.org.apache.hc.client5.http.headers - http-outgoing-2 << Api-Version: 1.41
03:33:00.632 [main] DEBUG com.github.dockerjava.zerodep.shaded.org.apache.hc.client5.http.headers - http-outgoing-2 << Content-Type: application/json
03:33:00.632 [main] DEBUG com.github.dockerjava.zerodep.shaded.org.apache.hc.client5.http.headers - http-outgoing-2 << Docker-Experimental: false
03:33:00.632 [main] DEBUG com.github.dockerjava.zerodep.shaded.org.apache.hc.client5.http.headers - http-outgoing-2 << Ostype: linux
03:33:00.632 [main] DEBUG com.github.dockerjava.zerodep.shaded.org.apache.hc.client5.http.headers - http-outgoing-2 << Server: Docker/20.10.12 (linux)
03:33:00.632 [main] DEBUG com.github.dockerjava.zerodep.shaded.org.apache.hc.client5.http.headers - http-outgoing-2 << Date: Thu, 23 Jun 2022 02:33:00 GMT
03:33:00.632 [main] DEBUG com.github.dockerjava.zerodep.shaded.org.apache.hc.client5.http.headers - http-outgoing-2 << Transfer-Encoding: chunked
03:33:00.632 [main] DEBUG com.github.dockerjava.zerodep.shaded.org.apache.hc.client5.http.impl.classic.MainClientExec - ex-00000083: connection can be kept alive for 3 MINUTES
03:33:00.633 [main] DEBUG com.github.dockerjava.zerodep.shaded.org.apache.hc.client5.http.impl.classic.InternalHttpClient - ep-00000082: releasing valid endpoint
03:33:00.633 [main] DEBUG com.github.dockerjava.zerodep.shaded.org.apache.hc.client5.http.impl.io.PoolingHttpClientConnectionManager - ep-00000082: releasing endpoint
03:33:00.633 [main] DEBUG com.github.dockerjava.zerodep.shaded.org.apache.hc.client5.http.impl.io.PoolingHttpClientConnectionManager - ep-00000082: connection http-outgoing-2 can be kept alive for 3 MINUTES
03:33:00.633 [main] DEBUG com.github.dockerjava.zerodep.shaded.org.apache.hc.client5.http.impl.io.PoolingHttpClientConnectionManager - ep-00000082: connection released [route: {}->unix://localhost:2375][total available: 1; route allocated: 1 of 2147483647; total allocated: 1 of 2147483647]
03:33:00.633 [main] DEBUG 🐳 [mysql:8.0] - Trying to create JDBC connection using com.mysql.cj.jdbc.Driver to jdbc:mysql://localhost:49160/test?useSSL=false&allowPublicKeyRetrieval=true with properties: {password=admin, user=admin}
03:33:00.751 [main] DEBUG org.testcontainers.shaded.com.github.dockerjava.core.command.AbstrDockerCmd - Cmd: 9691e31891711283f4d98263d11bc6156717d3e75a0b86a23f3b128a992c1f38,false
03:33:00.751 [main] DEBUG org.testcontainers.shaded.com.github.dockerjava.core.exec.InspectContainerCmdExec - GET: DefaultWebTarget{path=[/containers/9691e31891711283f4d98263d11bc6156717d3e75a0b86a23f3b128a992c1f38/json], queryParams={}}
03:33:00.751 [main] DEBUG com.github.dockerjava.zerodep.shaded.org.apache.hc.client5.http.impl.classic.InternalHttpClient - ex-00000084: preparing request execution
03:33:00.751 [main] DEBUG com.github.dockerjava.zerodep.shaded.org.apache.hc.client5.http.protocol.RequestAddCookies - Cookie spec selected: strict
03:33:00.751 [main] DEBUG com.github.dockerjava.zerodep.shaded.org.apache.hc.client5.http.protocol.RequestAuthCache - Auth cache not set in the context
03:33:00.751 [main] DEBUG com.github.dockerjava.zerodep.shaded.org.apache.hc.client5.http.impl.classic.ProtocolExec - ex-00000084: target auth state: UNCHALLENGED
03:33:00.751 [main] DEBUG com.github.dockerjava.zerodep.shaded.org.apache.hc.client5.http.impl.classic.ProtocolExec - ex-00000084: proxy auth state: UNCHALLENGED
03:33:00.751 [main] DEBUG com.github.dockerjava.zerodep.shaded.org.apache.hc.client5.http.impl.classic.ConnectExec - ex-00000084: acquiring connection with route {}->unix://localhost:2375
03:33:00.751 [main] DEBUG com.github.dockerjava.zerodep.shaded.org.apache.hc.client5.http.impl.classic.InternalHttpClient - ex-00000084: acquiring endpoint (3 MINUTES)
03:33:00.751 [main] DEBUG com.github.dockerjava.zerodep.shaded.org.apache.hc.client5.http.impl.io.PoolingHttpClientConnectionManager - ex-00000084: endpoint lease request (3 MINUTES) [route: {}->unix://localhost:2375][total available: 1; route allocated: 1 of 2147483647; total allocated: 1 of 2147483647]
03:33:00.751 [main] DEBUG com.github.dockerjava.zerodep.shaded.org.apache.hc.client5.http.impl.io.PoolingHttpClientConnectionManager - ex-00000084: endpoint leased [route: {}->unix://localhost:2375][total available: 0; route allocated: 1 of 2147483647; total allocated: 1 of 2147483647]
03:33:00.751 [main] DEBUG com.github.dockerjava.zerodep.shaded.org.apache.hc.client5.http.impl.io.PoolingHttpClientConnectionManager - ex-00000084: acquired ep-00000083
03:33:00.751 [main] DEBUG com.github.dockerjava.zerodep.shaded.org.apache.hc.client5.http.impl.classic.InternalHttpClient - ex-00000084: acquired endpoint ep-00000083
03:33:00.751 [main] DEBUG com.github.dockerjava.zerodep.shaded.org.apache.hc.client5.http.impl.classic.MainClientExec - ex-00000084: executing GET /v1.32/containers/9691e31891711283f4d98263d11bc6156717d3e75a0b86a23f3b128a992c1f38/json HTTP/1.1
03:33:00.751 [main] DEBUG com.github.dockerjava.zerodep.shaded.org.apache.hc.client5.http.impl.classic.InternalHttpClient - ep-00000083: start execution ex-00000084
03:33:00.751 [main] DEBUG com.github.dockerjava.zerodep.shaded.org.apache.hc.client5.http.impl.io.PoolingHttpClientConnectionManager - ep-00000083: executing exchange ex-00000084 over http-outgoing-2
03:33:00.751 [main] DEBUG com.github.dockerjava.zerodep.shaded.org.apache.hc.client5.http.headers - http-outgoing-2 >> GET /v1.32/containers/9691e31891711283f4d98263d11bc6156717d3e75a0b86a23f3b128a992c1f38/json HTTP/1.1
03:33:00.751 [main] DEBUG com.github.dockerjava.zerodep.shaded.org.apache.hc.client5.http.headers - http-outgoing-2 >> accept: application/json
03:33:00.751 [main] DEBUG com.github.dockerjava.zerodep.shaded.org.apache.hc.client5.http.headers - http-outgoing-2 >> Accept-Encoding: gzip, x-gzip, deflate
03:33:00.751 [main] DEBUG com.github.dockerjava.zerodep.shaded.org.apache.hc.client5.http.headers - http-outgoing-2 >> Host: localhost:2375
03:33:00.751 [main] DEBUG com.github.dockerjava.zerodep.shaded.org.apache.hc.client5.http.headers - http-outgoing-2 >> Connection: keep-alive
03:33:00.751 [main] DEBUG com.github.dockerjava.zerodep.shaded.org.apache.hc.client5.http.headers - http-outgoing-2 >> User-Agent: Apache-HttpClient/5.0.3 (Java/11.0.15)
03:33:00.752 [main] DEBUG com.github.dockerjava.zerodep.shaded.org.apache.hc.client5.http.wire - http-outgoing-2 >> "GET /v1.32/containers/9691e31891711283f4d98263d11bc6156717d3e75a0b86a23f3b128a992c1f38/json HTTP/1.1[\r][\n]"
03:33:00.752 [main] DEBUG com.github.dockerjava.zerodep.shaded.org.apache.hc.client5.http.wire - http-outgoing-2 >> "accept: application/json[\r][\n]"
03:33:00.752 [main] DEBUG com.github.dockerjava.zerodep.shaded.org.apache.hc.client5.http.wire - http-outgoing-2 >> "Accept-Encoding: gzip, x-gzip, deflate[\r][\n]"
03:33:00.752 [main] DEBUG com.github.dockerjava.zerodep.shaded.org.apache.hc.client5.http.wire - http-outgoing-2 >> "Host: localhost:2375[\r][\n]"
03:33:00.752 [main] DEBUG com.github.dockerjava.zerodep.shaded.org.apache.hc.client5.http.wire - http-outgoing-2 >> "Connection: keep-alive[\r][\n]"
03:33:00.752 [main] DEBUG com.github.dockerjava.zerodep.shaded.org.apache.hc.client5.http.wire - http-outgoing-2 >> "User-Agent: Apache-HttpClient/5.0.3 (Java/11.0.15)[\r][\n]"
03:33:00.752 [main] DEBUG com.github.dockerjava.zerodep.shaded.org.apache.hc.client5.http.wire - http-outgoing-2 >> "[\r][\n]"
03:33:00.752 [main] DEBUG com.github.dockerjava.zerodep.shaded.org.apache.hc.client5.http.wire - http-outgoing-2 << "HTTP/1.1 200 OK[\r][\n]"
03:33:00.752 [main] DEBUG com.github.dockerjava.zerodep.shaded.org.apache.hc.client5.http.wire - http-outgoing-2 << "Api-Version: 1.41[\r][\n]"
03:33:00.752 [main] DEBUG com.github.dockerjava.zerodep.shaded.org.apache.hc.client5.http.wire - http-outgoing-2 << "Content-Type: application/json[\r][\n]"
03:33:00.752 [main] DEBUG com.github.dockerjava.zerodep.shaded.org.apache.hc.client5.http.wire - http-outgoing-2 << "Docker-Experimental: false[\r][\n]"
03:33:00.752 [main] DEBUG com.github.dockerjava.zerodep.shaded.org.apache.hc.client5.http.wire - http-outgoing-2 << "Ostype: linux[\r][\n]"
03:33:00.752 [main] DEBUG com.github.dockerjava.zerodep.shaded.org.apache.hc.client5.http.wire - http-outgoing-2 << "Server: Docker/20.10.12 (linux)[\r][\n]"
03:33:00.752 [main] DEBUG com.github.dockerjava.zerodep.shaded.org.apache.hc.client5.http.wire - http-outgoing-2 << "Date: Thu, 23 Jun 2022 02:33:00 GMT[\r][\n]"
03:33:00.752 [main] DEBUG com.github.dockerjava.zerodep.shaded.org.apache.hc.client5.http.wire - http-outgoing-2 << "Transfer-Encoding: chunked[\r][\n]"
03:33:00.752 [main] DEBUG com.github.dockerjava.zerodep.shaded.org.apache.hc.client5.http.wire - http-outgoing-2 << "[\r][\n]"
03:33:00.752 [main] DEBUG com.github.dockerjava.zerodep.shaded.org.apache.hc.client5.http.wire - http-outgoing-2 << "18ed[\r][\n]"
03:33:00.752 [main] DEBUG com.github.dockerjava.zerodep.shaded.org.apache.hc.client5.http.wire - http-outgoing-2 << "{"Id":"9691e31891711283f4d98263d11bc6156717d3e75a0b86a23f3b128a992c1f38","Created":"2022-06-23T02:32:47.03956921Z","Path":"docker-entrypoint.sh","Args":["mysqld"],"State":{"Status":"running","Running":true,"Paused":false,"Restarting":false,"OOMKilled":false,"Dead":false,"Pid":66188,"ExitCode":0,"Error":"","StartedAt":"2022-06-23T02:32:47.703880551Z","FinishedAt":"0001-01-01T00:00:00Z"},"Image":"sha256:65b636d5542b73254ce90cc4b895597dc1adc2c661ca553c38eda159979dded1","ResolvConfPath":"/var/lib/docker/containers/9691e31891711283f4d98263d11bc6156717d3e75a0b86a23f3b128a992c1f38/resolv.conf","HostnamePath":"/var/lib/docker/containers/9691e31891711283f4d98263d11bc6156717d3e75a0b86a23f3b128a992c1f38/hostname","HostsPath":"/var/lib/docker/containers/9691e31891711283f4d98263d11bc6156717d3e75a0b86a23f3b128a992c1f38/hosts","LogPath":"/var/lib/docker/containers/9691e31891711283f4d98263d11bc6156717d3e75a0b86a23f3b128a992c1f38/9691e31891711283f4d98263d11bc6156717d3e75a0b86a23f3b128a992c1f38-json.log","Name":"/xenodochial_satoshi","RestartCount":0,"Driver":"overlay2","Platform":"linux","MountLabel":"","ProcessLabel":"","AppArmorProfile":"docker-default","ExecIDs":null,"HostConfig":{"Binds":[],"ContainerIDFile":"","LogConfig":{"Type":"json-file","Config":{}},"NetworkMode":"default","PortBindings":{"3306/tcp":[{"HostIp":"","HostPort":""}]},"RestartPolicy":{"Name":"","MaximumRetryCount":0},"AutoRemove":false,"VolumeDriver":"","VolumesFrom":[],"CapAdd":null,"CapDrop":null,"CgroupnsMode":"host","Dns":null,"DnsOptions":null,"DnsSearch":null,"ExtraHosts":[],"GroupAdd":null,"IpcMode":"shareable","Cgroup":"","Links":null,"OomScoreAdj":0,"PidMode":"","Privileged":false,"PublishAllPorts":false,"ReadonlyRootfs":false,"SecurityOpt":null,"UTSMode":"","UsernsMode":"","ShmSize":67108864,"Runtime":"runc","ConsoleSize":[0,0],"Isolation":"","CpuShares":0,"Memory":0,"NanoCpus":0,"CgroupParent":"","BlkioWeight":0,"BlkioWeightDevice":null,"BlkioDeviceReadBps":null,"BlkioDeviceWriteBps":null,"BlkioDeviceReadIOps":null,"BlkioDeviceWriteIOps":null,"CpuPeriod":0,"CpuQuota":0,"CpuRealtimePeriod":0,"CpuRealtimeRuntime":0,"CpusetCpus":"","CpusetMems":"","Devices":null,"DeviceCgroupRules":null,"DeviceRequests":null,"KernelMemory":0,"KernelMemoryTCP":0,"MemoryReservation":0,"MemorySwap":0,"MemorySwappiness":null,"OomKillDisable":false,"PidsLimit":null,"Ulimits":null,"CpuCount":0,"CpuPercent":0,"IOMaximumIOps":0,"IOMaximumBandwidth":0,"MaskedPaths":["/proc/asound","/proc/acpi","/proc/kcore","/proc/keys","/proc/latency_stats","/proc/timer_list","/proc/timer_stats","/proc/sched_debug","/proc/scsi","/sys/firmware"],"ReadonlyPaths":["/proc/bus","/proc/fs","/proc/irq","/proc/sys","/proc/sysrq-trigger"]},"GraphDriver":{"Data":{"LowerDir":"/var/lib/docker/overlay2/5529564f52cf969e31e7a1482c27be7ffed19639b506ae2e15b7e7115f699a73-init/diff:/var/lib/docker/overlay2/833a665819b5d9728d3efa7c33135034345a24f83af53b1a1af33d9b64f5492a/diff:/var/lib/docker/overlay2/bd4a2a46c227c2f15475b08c398f37acaab93f4fdba31de015d730efae0a0cfc/diff:/var/lib/docker/overlay2/31ad437d7cba8e64428a2b62db1bbb2a2ec19ca4e439ec493ef4deb50dce2783/diff:/var/lib/docker/overlay2/35173cbd8ec5b88a8888e9abbe75f8694f5d3f96a9b781bb70dc1f0889685741/diff:/var/lib/docker/overlay2/24bf69ac4e8c81062fee44e7c9f746fffbb139c3f7f4b55b4fd1b23bb101b529/diff:/var/lib/docker/overlay2/2f27c96a7775dad186b6f0da325d5a251c80aa1b7f80cf8520f493c5154aee70/diff:/var/lib/docker/overlay2/463a60088c72ddbea82639ded15801e35a79c443f6a26bf1baf320c683cb06af/diff:/var/lib/docker/overlay2/80b8224b23a2ee4b5be635c58ae579fd1913aa95558cd66ab2f5e8430f00a5b8/diff:/var/lib/docker/overlay2/20451fa0b1a07b85d665bc3a0359d721ce4e4c28fa3bce7456ab25e0babae708/diff:/var/lib/docker/overlay2/f80d865cbc6c1c6f57d0963fa6234e7a6409e079eb17f4f13ca41d02731701ad/diff:/var/lib/docker/overlay2/5a3029e0b57c6ec9b985871ff6adf08356aaa0f2a15f1e34c1a7f116ecc4a61d/dif"
03:33:00.752 [main] DEBUG com.github.dockerjava.zerodep.shaded.org.apache.hc.client5.http.headers - http-outgoing-2 << HTTP/1.1 200 OK
03:33:00.752 [main] DEBUG com.github.dockerjava.zerodep.shaded.org.apache.hc.client5.http.headers - http-outgoing-2 << Api-Version: 1.41
03:33:00.752 [main] DEBUG com.github.dockerjava.zerodep.shaded.org.apache.hc.client5.http.headers - http-outgoing-2 << Content-Type: application/json
03:33:00.752 [main] DEBUG com.github.dockerjava.zerodep.shaded.org.apache.hc.client5.http.headers - http-outgoing-2 << Docker-Experimental: false
03:33:00.752 [main] DEBUG com.github.dockerjava.zerodep.shaded.org.apache.hc.client5.http.headers - http-outgoing-2 << Ostype: linux
03:33:00.752 [main] DEBUG com.github.dockerjava.zerodep.shaded.org.apache.hc.client5.http.headers - http-outgoing-2 << Server: Docker/20.10.12 (linux)
03:33:00.752 [main] DEBUG com.github.dockerjava.zerodep.shaded.org.apache.hc.client5.http.headers - http-outgoing-2 << Date: Thu, 23 Jun 2022 02:33:00 GMT
03:33:00.752 [main] DEBUG com.github.dockerjava.zerodep.shaded.org.apache.hc.client5.http.headers - http-outgoing-2 << Transfer-Encoding: chunked
03:33:00.752 [main] DEBUG com.github.dockerjava.zerodep.shaded.org.apache.hc.client5.http.impl.classic.MainClientExec - ex-00000084: connection can be kept alive for 3 MINUTES
03:33:00.752 [main] DEBUG com.github.dockerjava.zerodep.shaded.org.apache.hc.client5.http.wire - http-outgoing-2 << "f:/var/lib/docker/overlay2/4f3423103248d0b381a1bc6a7287e2b42313ff458cea602a02b7379014b03e0e/diff","MergedDir":"/var/lib/docker/overlay2/5529564f52cf969e31e7a1482c27be7ffed19639b506ae2e15b7e7115f699a73/merged","UpperDir":"/var/lib/docker/overlay2/5529564f52cf969e31e7a1482c27be7ffed19639b506ae2e15b7e7115f699a73/diff","WorkDir":"/var/lib/docker/overlay2/5529564f52cf969e31e7a1482c27be7ffed19639b506ae2e15b7e7115f699a73/work"},"Name":"overlay2"},"Mounts":[{"Type":"volume","Name":"fd1f613c7fe3ca3ae799982507ac3f565cc9f6a2dc99ceaed92389e2c43f47d1","Source":"/var/lib/docker/volumes/fd1f613c7fe3ca3ae799982507ac3f565cc9f6a2dc99ceaed92389e2c43f47d1/_data","Destination":"/var/lib/mysql","Driver":"local","Mode":"","RW":true,"Propagation":""}],"Config":{"Hostname":"9691e3189171","Domainname":"","User":"","AttachStdin":false,"AttachStdout":false,"AttachStderr":false,"ExposedPorts":{"3306/tcp":{},"33060/tcp":{}},"Tty":false,"OpenStdin":false,"StdinOnce":false,"Env":["MYSQL_DATABASE=test","MYSQL_PASSWORD=admin","MYSQL_USER=admin","MYSQL_ROOT_PASSWORD=admin","PATH=/usr/local/sbin:/usr/local/bin:/usr/sbin:/usr/bin:/sbin:/bin","GOSU_VERSION=1.14","MYSQL_MAJOR=8.0","MYSQL_VERSION=8.0.29-1debian10"],"Cmd":["mysqld"],"Image":"mysql:8.0","Volumes":{"/var/lib/mysql":{}},"WorkingDir":"","Entrypoint":["docker-entrypoint.sh"],"OnBuild":null,"Labels":{"org.testcontainers":"true","org.testcontainers.sessionId":"d48265e4-2b28-4f8c-aa67-76dd8289af84"}},"NetworkSettings":{"Bridge":"","SandboxID":"d9de8570fe3f0a4e9f3a1ff7101c963bbd2c6a0a9d8a867b96f17f4d5edca537","HairpinMode":false,"LinkLocalIPv6Address":"","LinkLocalIPv6PrefixLen":0,"Ports":{"3306/tcp":[{"HostIp":"0.0.0.0","HostPort":"49160"},{"HostIp":"::","HostPort":"49160"}],"33060/tcp":null},"SandboxKey":"/var/run/docker/netns/d9de8570fe3f","SecondaryIPAddresses":null,"SecondaryIPv6Addresses":null,"EndpointID":"93e8fe159f683a98670e8995677c2b130dbce857fc116679206e206bda319cbf","Gateway":"172.17.0.1","GlobalIPv6Address":"","GlobalIPv6PrefixLen":0,"IPAddress":"172.17.0.3","IPPrefixLen":16,"IPv6Gateway":"","MacAddress":"02:42:ac:11:00:03","Networks":{"bridge":{"IPAMConfig":null,"Links":null,"Aliases":null,"NetworkID":"1853cd2b9856825cc97ed9ef2b12efa82d95bf9cf60ad666c276eb35cc53539e","EndpointID":"93e8fe159f683a98670e8995677c2b130dbce857fc116679206e206bda319cbf","Gateway":"172.17.0.1","IPAddress":"172.17.0.3","IPPrefixLen":16,"IPv6Gateway":"","GlobalIPv6Address":"","GlobalIPv6PrefixLen":0,"MacAddress":"02:42:ac:11:00:03","DriverOpts":null}}}}[\n]"
03:33:00.753 [main] DEBUG com.github.dockerjava.zerodep.shaded.org.apache.hc.client5.http.wire - http-outgoing-2 << "[\r][\n]"
03:33:00.753 [main] DEBUG com.github.dockerjava.zerodep.shaded.org.apache.hc.client5.http.wire - http-outgoing-2 << "0[\r][\n]"
03:33:00.753 [main] DEBUG com.github.dockerjava.zerodep.shaded.org.apache.hc.client5.http.wire - http-outgoing-2 << "[\r][\n]"
03:33:00.753 [main] DEBUG com.github.dockerjava.zerodep.shaded.org.apache.hc.client5.http.impl.classic.InternalHttpClient - ep-00000083: releasing valid endpoint
03:33:00.753 [main] DEBUG com.github.dockerjava.zerodep.shaded.org.apache.hc.client5.http.impl.io.PoolingHttpClientConnectionManager - ep-00000083: releasing endpoint
03:33:00.753 [main] DEBUG com.github.dockerjava.zerodep.shaded.org.apache.hc.client5.http.impl.io.PoolingHttpClientConnectionManager - ep-00000083: connection http-outgoing-2 can be kept alive for 3 MINUTES
03:33:00.753 [main] DEBUG com.github.dockerjava.zerodep.shaded.org.apache.hc.client5.http.impl.io.PoolingHttpClientConnectionManager - ep-00000083: connection released [route: {}->unix://localhost:2375][total available: 1; route allocated: 1 of 2147483647; total allocated: 1 of 2147483647]
03:33:00.753 [main] DEBUG 🐳 [mysql:8.0] - Trying to create JDBC connection using com.mysql.cj.jdbc.Driver to jdbc:mysql://localhost:49160/test?useSSL=false&allowPublicKeyRetrieval=true with properties: {password=admin, user=admin}
03:33:00.855 [main] DEBUG org.testcontainers.shaded.com.github.dockerjava.core.command.AbstrDockerCmd - Cmd: 9691e31891711283f4d98263d11bc6156717d3e75a0b86a23f3b128a992c1f38,false
03:33:00.856 [main] DEBUG org.testcontainers.shaded.com.github.dockerjava.core.exec.InspectContainerCmdExec - GET: DefaultWebTarget{path=[/containers/9691e31891711283f4d98263d11bc6156717d3e75a0b86a23f3b128a992c1f38/json], queryParams={}}
03:33:00.856 [main] DEBUG com.github.dockerjava.zerodep.shaded.org.apache.hc.client5.http.impl.classic.InternalHttpClient - ex-00000085: preparing request execution
03:33:00.856 [main] DEBUG com.github.dockerjava.zerodep.shaded.org.apache.hc.client5.http.protocol.RequestAddCookies - Cookie spec selected: strict
03:33:00.856 [main] DEBUG com.github.dockerjava.zerodep.shaded.org.apache.hc.client5.http.protocol.RequestAuthCache - Auth cache not set in the context
03:33:00.856 [main] DEBUG com.github.dockerjava.zerodep.shaded.org.apache.hc.client5.http.impl.classic.ProtocolExec - ex-00000085: target auth state: UNCHALLENGED
03:33:00.856 [main] DEBUG com.github.dockerjava.zerodep.shaded.org.apache.hc.client5.http.impl.classic.ProtocolExec - ex-00000085: proxy auth state: UNCHALLENGED
03:33:00.856 [main] DEBUG com.github.dockerjava.zerodep.shaded.org.apache.hc.client5.http.impl.classic.ConnectExec - ex-00000085: acquiring connection with route {}->unix://localhost:2375
03:33:00.856 [main] DEBUG com.github.dockerjava.zerodep.shaded.org.apache.hc.client5.http.impl.classic.InternalHttpClient - ex-00000085: acquiring endpoint (3 MINUTES)
03:33:00.856 [main] DEBUG com.github.dockerjava.zerodep.shaded.org.apache.hc.client5.http.impl.io.PoolingHttpClientConnectionManager - ex-00000085: endpoint lease request (3 MINUTES) [route: {}->unix://localhost:2375][total available: 1; route allocated: 1 of 2147483647; total allocated: 1 of 2147483647]
03:33:00.856 [main] DEBUG com.github.dockerjava.zerodep.shaded.org.apache.hc.client5.http.impl.io.PoolingHttpClientConnectionManager - ex-00000085: endpoint leased [route: {}->unix://localhost:2375][total available: 0; route allocated: 1 of 2147483647; total allocated: 1 of 2147483647]
03:33:00.856 [main] DEBUG com.github.dockerjava.zerodep.shaded.org.apache.hc.client5.http.impl.io.PoolingHttpClientConnectionManager - ex-00000085: acquired ep-00000084
03:33:00.856 [main] DEBUG com.github.dockerjava.zerodep.shaded.org.apache.hc.client5.http.impl.classic.InternalHttpClient - ex-00000085: acquired endpoint ep-00000084
03:33:00.856 [main] DEBUG com.github.dockerjava.zerodep.shaded.org.apache.hc.client5.http.impl.classic.MainClientExec - ex-00000085: executing GET /v1.32/containers/9691e31891711283f4d98263d11bc6156717d3e75a0b86a23f3b128a992c1f38/json HTTP/1.1
03:33:00.856 [main] DEBUG com.github.dockerjava.zerodep.shaded.org.apache.hc.client5.http.impl.classic.InternalHttpClient - ep-00000084: start execution ex-00000085
03:33:00.856 [main] DEBUG com.github.dockerjava.zerodep.shaded.org.apache.hc.client5.http.impl.io.PoolingHttpClientConnectionManager - ep-00000084: executing exchange ex-00000085 over http-outgoing-2
03:33:00.856 [main] DEBUG com.github.dockerjava.zerodep.shaded.org.apache.hc.client5.http.headers - http-outgoing-2 >> GET /v1.32/containers/9691e31891711283f4d98263d11bc6156717d3e75a0b86a23f3b128a992c1f38/json HTTP/1.1
03:33:00.856 [main] DEBUG com.github.dockerjava.zerodep.shaded.org.apache.hc.client5.http.headers - http-outgoing-2 >> accept: application/json
03:33:00.856 [main] DEBUG com.github.dockerjava.zerodep.shaded.org.apache.hc.client5.http.headers - http-outgoing-2 >> Accept-Encoding: gzip, x-gzip, deflate
03:33:00.856 [main] DEBUG com.github.dockerjava.zerodep.shaded.org.apache.hc.client5.http.headers - http-outgoing-2 >> Host: localhost:2375
03:33:00.856 [main] DEBUG com.github.dockerjava.zerodep.shaded.org.apache.hc.client5.http.headers - http-outgoing-2 >> Connection: keep-alive
03:33:00.856 [main] DEBUG com.github.dockerjava.zerodep.shaded.org.apache.hc.client5.http.headers - http-outgoing-2 >> User-Agent: Apache-HttpClient/5.0.3 (Java/11.0.15)
03:33:00.857 [main] DEBUG com.github.dockerjava.zerodep.shaded.org.apache.hc.client5.http.wire - http-outgoing-2 >> "GET /v1.32/containers/9691e31891711283f4d98263d11bc6156717d3e75a0b86a23f3b128a992c1f38/json HTTP/1.1[\r][\n]"
03:33:00.857 [main] DEBUG com.github.dockerjava.zerodep.shaded.org.apache.hc.client5.http.wire - http-outgoing-2 >> "accept: application/json[\r][\n]"
03:33:00.857 [main] DEBUG com.github.dockerjava.zerodep.shaded.org.apache.hc.client5.http.wire - http-outgoing-2 >> "Accept-Encoding: gzip, x-gzip, deflate[\r][\n]"
03:33:00.857 [main] DEBUG com.github.dockerjava.zerodep.shaded.org.apache.hc.client5.http.wire - http-outgoing-2 >> "Host: localhost:2375[\r][\n]"
03:33:00.857 [main] DEBUG com.github.dockerjava.zerodep.shaded.org.apache.hc.client5.http.wire - http-outgoing-2 >> "Connection: keep-alive[\r][\n]"
03:33:00.857 [main] DEBUG com.github.dockerjava.zerodep.shaded.org.apache.hc.client5.http.wire - http-outgoing-2 >> "User-Agent: Apache-HttpClient/5.0.3 (Java/11.0.15)[\r][\n]"
03:33:00.857 [main] DEBUG com.github.dockerjava.zerodep.shaded.org.apache.hc.client5.http.wire - http-outgoing-2 >> "[\r][\n]"
03:33:00.857 [main] DEBUG com.github.dockerjava.zerodep.shaded.org.apache.hc.client5.http.wire - http-outgoing-2 << "HTTP/1.1 200 OK[\r][\n]"
03:33:00.857 [main] DEBUG com.github.dockerjava.zerodep.shaded.org.apache.hc.client5.http.wire - http-outgoing-2 << "Api-Version: 1.41[\r][\n]"
03:33:00.857 [main] DEBUG com.github.dockerjava.zerodep.shaded.org.apache.hc.client5.http.wire - http-outgoing-2 << "Content-Type: application/json[\r][\n]"
03:33:00.857 [main] DEBUG com.github.dockerjava.zerodep.shaded.org.apache.hc.client5.http.wire - http-outgoing-2 << "Docker-Experimental: false[\r][\n]"
03:33:00.857 [main] DEBUG com.github.dockerjava.zerodep.shaded.org.apache.hc.client5.http.wire - http-outgoing-2 << "Ostype: linux[\r][\n]"
03:33:00.857 [main] DEBUG com.github.dockerjava.zerodep.shaded.org.apache.hc.client5.http.wire - http-outgoing-2 << "Server: Docker/20.10.12 (linux)[\r][\n]"
03:33:00.857 [main] DEBUG com.github.dockerjava.zerodep.shaded.org.apache.hc.client5.http.wire - http-outgoing-2 << "Date: Thu, 23 Jun 2022 02:33:00 GMT[\r][\n]"
03:33:00.857 [main] DEBUG com.github.dockerjava.zerodep.shaded.org.apache.hc.client5.http.wire - http-outgoing-2 << "Transfer-Encoding: chunked[\r][\n]"
03:33:00.857 [main] DEBUG com.github.dockerjava.zerodep.shaded.org.apache.hc.client5.http.wire - http-outgoing-2 << "[\r][\n]"
03:33:00.857 [main] DEBUG com.github.dockerjava.zerodep.shaded.org.apache.hc.client5.http.wire - http-outgoing-2 << "18ed[\r][\n]"
03:33:00.858 [main] DEBUG com.github.dockerjava.zerodep.shaded.org.apache.hc.client5.http.wire - http-outgoing-2 << "{"Id":"9691e31891711283f4d98263d11bc6156717d3e75a0b86a23f3b128a992c1f38","Created":"2022-06-23T02:32:47.03956921Z","Path":"docker-entrypoint.sh","Args":["mysqld"],"State":{"Status":"running","Running":true,"Paused":false,"Restarting":false,"OOMKilled":false,"Dead":false,"Pid":66188,"ExitCode":0,"Error":"","StartedAt":"2022-06-23T02:32:47.703880551Z","FinishedAt":"0001-01-01T00:00:00Z"},"Image":"sha256:65b636d5542b73254ce90cc4b895597dc1adc2c661ca553c38eda159979dded1","ResolvConfPath":"/var/lib/docker/containers/9691e31891711283f4d98263d11bc6156717d3e75a0b86a23f3b128a992c1f38/resolv.conf","HostnamePath":"/var/lib/docker/containers/9691e31891711283f4d98263d11bc6156717d3e75a0b86a23f3b128a992c1f38/hostname","HostsPath":"/var/lib/docker/containers/9691e31891711283f4d98263d11bc6156717d3e75a0b86a23f3b128a992c1f38/hosts","LogPath":"/var/lib/docker/containers/9691e31891711283f4d98263d11bc6156717d3e75a0b86a23f3b128a992c1f38/9691e31891711283f4d98263d11bc6156717d3e75a0b86a23f3b128a992c1f38-json.log","Name":"/xenodochial_satoshi","RestartCount":0,"Driver":"overlay2","Platform":"linux","MountLabel":"","ProcessLabel":"","AppArmorProfile":"docker-default","ExecIDs":null,"HostConfig":{"Binds":[],"ContainerIDFile":"","LogConfig":{"Type":"json-file","Config":{}},"NetworkMode":"default","PortBindings":{"3306/tcp":[{"HostIp":"","HostPort":""}]},"RestartPolicy":{"Name":"","MaximumRetryCount":0},"AutoRemove":false,"VolumeDriver":"","VolumesFrom":[],"CapAdd":null,"CapDrop":null,"CgroupnsMode":"host","Dns":null,"DnsOptions":null,"DnsSearch":null,"ExtraHosts":[],"GroupAdd":null,"IpcMode":"shareable","Cgroup":"","Links":null,"OomScoreAdj":0,"PidMode":"","Privileged":false,"PublishAllPorts":false,"ReadonlyRootfs":false,"SecurityOpt":null,"UTSMode":"","UsernsMode":"","ShmSize":67108864,"Runtime":"runc","ConsoleSize":[0,0],"Isolation":"","CpuShares":0,"Memory":0,"NanoCpus":0,"CgroupParent":"","BlkioWeight":0,"BlkioWeightDevice":null,"BlkioDeviceReadBps":null,"BlkioDeviceWriteBps":null,"BlkioDeviceReadIOps":null,"BlkioDeviceWriteIOps":null,"CpuPeriod":0,"CpuQuota":0,"CpuRealtimePeriod":0,"CpuRealtimeRuntime":0,"CpusetCpus":"","CpusetMems":"","Devices":null,"DeviceCgroupRules":null,"DeviceRequests":null,"KernelMemory":0,"KernelMemoryTCP":0,"MemoryReservation":0,"MemorySwap":0,"MemorySwappiness":null,"OomKillDisable":false,"PidsLimit":null,"Ulimits":null,"CpuCount":0,"CpuPercent":0,"IOMaximumIOps":0,"IOMaximumBandwidth":0,"MaskedPaths":["/proc/asound","/proc/acpi","/proc/kcore","/proc/keys","/proc/latency_stats","/proc/timer_list","/proc/timer_stats","/proc/sched_debug","/proc/scsi","/sys/firmware"],"ReadonlyPaths":["/proc/bus","/proc/fs","/proc/irq","/proc/sys","/proc/sysrq-trigger"]},"GraphDriver":{"Data":{"LowerDir":"/var/lib/docker/overlay2/5529564f52cf969e31e7a1482c27be7ffed19639b506ae2e15b7e7115f699a73-init/diff:/var/lib/docker/overlay2/833a665819b5d9728d3efa7c33135034345a24f83af53b1a1af33d9b64f5492a/diff:/var/lib/docker/overlay2/bd4a2a46c227c2f15475b08c398f37acaab93f4fdba31de015d730efae0a0cfc/diff:/var/lib/docker/overlay2/31ad437d7cba8e64428a2b62db1bbb2a2ec19ca4e439ec493ef4deb50dce2783/diff:/var/lib/docker/overlay2/35173cbd8ec5b88a8888e9abbe75f8694f5d3f96a9b781bb70dc1f0889685741/diff:/var/lib/docker/overlay2/24bf69ac4e8c81062fee44e7c9f746fffbb139c3f7f4b55b4fd1b23bb101b529/diff:/var/lib/docker/overlay2/2f27c96a7775dad186b6f0da325d5a251c80aa1b7f80cf8520f493c5154aee70/diff:/var/lib/docker/overlay2/463a60088c72ddbea82639ded15801e35a79c443f6a26bf1baf320c683cb06af/diff:/var/lib/docker/overlay2/80b8224b23a2ee4b5be635c58ae579fd1913aa95558cd66ab2f5e8430f00a5b8/diff:/var/lib/docker/overlay2/20451fa0b1a07b85d665bc3a0359d721ce4e4c28fa3bce7456ab25e0babae708/diff:/var/lib/docker/overlay2/f80d865cbc6c1c6f57d0963fa6234e7a6409e079eb17f4f13ca41d02731701ad/diff:/var/lib/docker/overlay2/5a3029e0b57c6ec9b985871ff6adf08356aaa0f2a15f1e34c1a7f116ecc4a61d/diff:/var/lib/docker/overlay2/4f3423103248d0b381a1bc6a7287e2b42313ff458cea602a02b7379014b03e0e/diff","MergedDir":"/var/lib/docker/overlay2/5529564f52cf969e31e7a1482c27be7ffed19639b506ae2e15b7e7115f699a73/merged","UpperDir":"/var/lib/docker/overlay2/5529564f52cf969e31e7a1482c27be7ffed19639b506ae2e15b7e7115f699a73/diff","WorkDir":"/var/lib/docker/overlay2/5529564f52cf969e31e7a1482c27be7ffed19639b506ae2e15b7e7115f699a73/work"},"Name":"overlay2"},"Mounts":[{"Type":"volume","Name":"fd1f613c7fe3ca3ae799982507ac3f565cc9f6a2dc99ceaed92389e2c43f47d1","Source":"/var/lib/docker/volumes/fd1f613c7fe3ca3ae799982507ac3f565cc9f6a2dc99ceaed92389e2c43f47d1/_data","Destination":"/var/lib/mysql","Driver":"local","Mode":"","RW":true,"Propagation":""}],"Config":{"Hostname":"9691e3189171","Domainname":"","User":"","AttachStdin":false,"AttachStdout":false,"AttachStderr":false,"ExposedPorts":{"3306/tcp":{},"33060/tcp":{}},"Tty":false,"OpenStdin":false,"StdinOnce":false,"Env":["MYSQL_DATABASE=test","MYSQL_PASSWORD=admin","MYSQL_USER=admin","MYSQL_ROOT_PASSWORD=admin","PATH=/usr/local/sbin:/usr/local/bin:/usr/sbin:/usr/bin:/sbin:/bin","GOSU_VERSION=1.14","MYSQL_MAJOR=8.0","MYSQL_VERSION=8.0.29-1debian10"],"Cmd":["mysqld"],"Image":"mysql:8.0","Volumes":{"/var/lib/mysql":{}},"WorkingDir":"","Entrypoint":["docker-entrypoint.sh"],"OnBuild":null,"Labels":{"org.testcontainers":"true","org.testcontainers.sessionId":"d48265e4-2b28-4f8c-aa67-76dd8289af84"}},"NetworkSettings":{"Bridge":"","SandboxID":"d9de8570fe3f0a4e9f3a1ff7101c963bbd2c6a0a9d8a867b96f17f4d5edca537","HairpinMode":false,"LinkLocalIPv6Address":"","LinkLocalIPv6PrefixLen":0,"Ports":{"3306/tcp":[{"HostIp":"0.0.0.0","HostPort":"49160"},{"HostIp":"::","HostPort":"49160"}],"33060/tcp":null},"SandboxKey":"/var/run/docker/netns/d9de8570fe3f","SecondaryIPAddresses":null,"SecondaryIPv6Addresses":null,"EndpointID":"93e8fe159f683a98670e8995677c2b130dbce857fc116679206e206bda319cbf","Gateway":"172.17.0.1","GlobalIPv6Address":"","GlobalIPv6PrefixLen":0,"IPAddress":"172.17.0.3","IPPrefixLen":16,"IPv6Gateway":"","MacAddress":"02:42:ac:11:00:03","Networks":{"bridge":{"IPAMConfig":null,"Links":null,"Aliases":null,"NetworkID":"1853cd2b9856825cc97ed9ef2b12efa82d95bf9cf60ad666c276eb35cc53539e","EndpointID":"93e8fe159f683a98670e8995677c2b130dbce857fc116679206e206bda319cbf","Gateway":"172.17.0.1","IPAddress":"172.17.0.3","IPPrefixLen":16,"IPv6Gateway":"","GlobalIPv6Address":"","GlobalIPv6PrefixLen":0,"MacAddress":"02:42:ac:11:00:03","DriverOpts":null}}}}[\n]"
03:33:00.858 [main] DEBUG com.github.dockerjava.zerodep.shaded.org.apache.hc.client5.http.wire - http-outgoing-2 << "[\r][\n]"
03:33:00.858 [main] DEBUG com.github.dockerjava.zerodep.shaded.org.apache.hc.client5.http.wire - http-outgoing-2 << "0[\r][\n]"
03:33:00.858 [main] DEBUG com.github.dockerjava.zerodep.shaded.org.apache.hc.client5.http.wire - http-outgoing-2 << "[\r][\n]"
03:33:00.858 [main] DEBUG com.github.dockerjava.zerodep.shaded.org.apache.hc.client5.http.headers - http-outgoing-2 << HTTP/1.1 200 OK
03:33:00.858 [main] DEBUG com.github.dockerjava.zerodep.shaded.org.apache.hc.client5.http.headers - http-outgoing-2 << Api-Version: 1.41
03:33:00.858 [main] DEBUG com.github.dockerjava.zerodep.shaded.org.apache.hc.client5.http.headers - http-outgoing-2 << Content-Type: application/json
03:33:00.858 [main] DEBUG com.github.dockerjava.zerodep.shaded.org.apache.hc.client5.http.headers - http-outgoing-2 << Docker-Experimental: false
03:33:00.858 [main] DEBUG com.github.dockerjava.zerodep.shaded.org.apache.hc.client5.http.headers - http-outgoing-2 << Ostype: linux
03:33:00.858 [main] DEBUG com.github.dockerjava.zerodep.shaded.org.apache.hc.client5.http.headers - http-outgoing-2 << Server: Docker/20.10.12 (linux)
03:33:00.858 [main] DEBUG com.github.dockerjava.zerodep.shaded.org.apache.hc.client5.http.headers - http-outgoing-2 << Date: Thu, 23 Jun 2022 02:33:00 GMT
03:33:00.858 [main] DEBUG com.github.dockerjava.zerodep.shaded.org.apache.hc.client5.http.headers - http-outgoing-2 << Transfer-Encoding: chunked
03:33:00.858 [main] DEBUG com.github.dockerjava.zerodep.shaded.org.apache.hc.client5.http.impl.classic.MainClientExec - ex-00000085: connection can be kept alive for 3 MINUTES
03:33:00.861 [main] DEBUG com.github.dockerjava.zerodep.shaded.org.apache.hc.client5.http.impl.classic.InternalHttpClient - ep-00000084: releasing valid endpoint
03:33:00.861 [main] DEBUG com.github.dockerjava.zerodep.shaded.org.apache.hc.client5.http.impl.io.PoolingHttpClientConnectionManager - ep-00000084: releasing endpoint
03:33:00.861 [main] DEBUG com.github.dockerjava.zerodep.shaded.org.apache.hc.client5.http.impl.io.PoolingHttpClientConnectionManager - ep-00000084: connection http-outgoing-2 can be kept alive for 3 MINUTES
03:33:00.861 [main] DEBUG com.github.dockerjava.zerodep.shaded.org.apache.hc.client5.http.impl.io.PoolingHttpClientConnectionManager - ep-00000084: connection released [route: {}->unix://localhost:2375][total available: 1; route allocated: 1 of 2147483647; total allocated: 1 of 2147483647]
03:33:00.861 [main] DEBUG 🐳 [mysql:8.0] - Trying to create JDBC connection using com.mysql.cj.jdbc.Driver to jdbc:mysql://localhost:49160/test?useSSL=false&allowPublicKeyRetrieval=true with properties: {password=admin, user=admin}
03:33:00.963 [main] DEBUG org.testcontainers.shaded.com.github.dockerjava.core.command.AbstrDockerCmd - Cmd: 9691e31891711283f4d98263d11bc6156717d3e75a0b86a23f3b128a992c1f38,false
03:33:00.963 [main] DEBUG org.testcontainers.shaded.com.github.dockerjava.core.exec.InspectContainerCmdExec - GET: DefaultWebTarget{path=[/containers/9691e31891711283f4d98263d11bc6156717d3e75a0b86a23f3b128a992c1f38/json], queryParams={}}
03:33:00.963 [main] DEBUG com.github.dockerjava.zerodep.shaded.org.apache.hc.client5.http.impl.classic.InternalHttpClient - ex-00000086: preparing request execution
03:33:00.964 [main] DEBUG com.github.dockerjava.zerodep.shaded.org.apache.hc.client5.http.protocol.RequestAddCookies - Cookie spec selected: strict
03:33:00.964 [main] DEBUG com.github.dockerjava.zerodep.shaded.org.apache.hc.client5.http.protocol.RequestAuthCache - Auth cache not set in the context
03:33:00.964 [main] DEBUG com.github.dockerjava.zerodep.shaded.org.apache.hc.client5.http.impl.classic.ProtocolExec - ex-00000086: target auth state: UNCHALLENGED
03:33:00.964 [main] DEBUG com.github.dockerjava.zerodep.shaded.org.apache.hc.client5.http.impl.classic.ProtocolExec - ex-00000086: proxy auth state: UNCHALLENGED
03:33:00.964 [main] DEBUG com.github.dockerjava.zerodep.shaded.org.apache.hc.client5.http.impl.classic.ConnectExec - ex-00000086: acquiring connection with route {}->unix://localhost:2375
03:33:00.964 [main] DEBUG com.github.dockerjava.zerodep.shaded.org.apache.hc.client5.http.impl.classic.InternalHttpClient - ex-00000086: acquiring endpoint (3 MINUTES)
03:33:00.964 [main] DEBUG com.github.dockerjava.zerodep.shaded.org.apache.hc.client5.http.impl.io.PoolingHttpClientConnectionManager - ex-00000086: endpoint lease request (3 MINUTES) [route: {}->unix://localhost:2375][total available: 1; route allocated: 1 of 2147483647; total allocated: 1 of 2147483647]
03:33:00.964 [main] DEBUG com.github.dockerjava.zerodep.shaded.org.apache.hc.client5.http.impl.io.PoolingHttpClientConnectionManager - ex-00000086: endpoint leased [route: {}->unix://localhost:2375][total available: 0; route allocated: 1 of 2147483647; total allocated: 1 of 2147483647]
03:33:00.964 [main] DEBUG com.github.dockerjava.zerodep.shaded.org.apache.hc.client5.http.impl.io.PoolingHttpClientConnectionManager - ex-00000086: acquired ep-00000085
03:33:00.964 [main] DEBUG com.github.dockerjava.zerodep.shaded.org.apache.hc.client5.http.impl.classic.InternalHttpClient - ex-00000086: acquired endpoint ep-00000085
03:33:00.964 [main] DEBUG com.github.dockerjava.zerodep.shaded.org.apache.hc.client5.http.impl.classic.MainClientExec - ex-00000086: executing GET /v1.32/containers/9691e31891711283f4d98263d11bc6156717d3e75a0b86a23f3b128a992c1f38/json HTTP/1.1
03:33:00.964 [main] DEBUG com.github.dockerjava.zerodep.shaded.org.apache.hc.client5.http.impl.classic.InternalHttpClient - ep-00000085: start execution ex-00000086
03:33:00.964 [main] DEBUG com.github.dockerjava.zerodep.shaded.org.apache.hc.client5.http.impl.io.PoolingHttpClientConnectionManager - ep-00000085: executing exchange ex-00000086 over http-outgoing-2
03:33:00.964 [main] DEBUG com.github.dockerjava.zerodep.shaded.org.apache.hc.client5.http.headers - http-outgoing-2 >> GET /v1.32/containers/9691e31891711283f4d98263d11bc6156717d3e75a0b86a23f3b128a992c1f38/json HTTP/1.1
03:33:00.964 [main] DEBUG com.github.dockerjava.zerodep.shaded.org.apache.hc.client5.http.headers - http-outgoing-2 >> accept: application/json
03:33:00.964 [main] DEBUG com.github.dockerjava.zerodep.shaded.org.apache.hc.client5.http.headers - http-outgoing-2 >> Accept-Encoding: gzip, x-gzip, deflate
03:33:00.964 [main] DEBUG com.github.dockerjava.zerodep.shaded.org.apache.hc.client5.http.headers - http-outgoing-2 >> Host: localhost:2375
03:33:00.964 [main] DEBUG com.github.dockerjava.zerodep.shaded.org.apache.hc.client5.http.headers - http-outgoing-2 >> Connection: keep-alive
03:33:00.964 [main] DEBUG com.github.dockerjava.zerodep.shaded.org.apache.hc.client5.http.headers - http-outgoing-2 >> User-Agent: Apache-HttpClient/5.0.3 (Java/11.0.15)
03:33:00.964 [main] DEBUG com.github.dockerjava.zerodep.shaded.org.apache.hc.client5.http.wire - http-outgoing-2 >> "GET /v1.32/containers/9691e31891711283f4d98263d11bc6156717d3e75a0b86a23f3b128a992c1f38/json HTTP/1.1[\r][\n]"
03:33:00.964 [main] DEBUG com.github.dockerjava.zerodep.shaded.org.apache.hc.client5.http.wire - http-outgoing-2 >> "accept: application/json[\r][\n]"
03:33:00.964 [main] DEBUG com.github.dockerjava.zerodep.shaded.org.apache.hc.client5.http.wire - http-outgoing-2 >> "Accept-Encoding: gzip, x-gzip, deflate[\r][\n]"
03:33:00.964 [main] DEBUG com.github.dockerjava.zerodep.shaded.org.apache.hc.client5.http.wire - http-outgoing-2 >> "Host: localhost:2375[\r][\n]"
03:33:00.964 [main] DEBUG com.github.dockerjava.zerodep.shaded.org.apache.hc.client5.http.wire - http-outgoing-2 >> "Connection: keep-alive[\r][\n]"
03:33:00.964 [main] DEBUG com.github.dockerjava.zerodep.shaded.org.apache.hc.client5.http.wire - http-outgoing-2 >> "User-Agent: Apache-HttpClient/5.0.3 (Java/11.0.15)[\r][\n]"
03:33:00.964 [main] DEBUG com.github.dockerjava.zerodep.shaded.org.apache.hc.client5.http.wire - http-outgoing-2 >> "[\r][\n]"
03:33:00.965 [main] DEBUG com.github.dockerjava.zerodep.shaded.org.apache.hc.client5.http.wire - http-outgoing-2 << "HTTP/1.1 200 OK[\r][\n]"
03:33:00.965 [main] DEBUG com.github.dockerjava.zerodep.shaded.org.apache.hc.client5.http.wire - http-outgoing-2 << "Api-Version: 1.41[\r][\n]"
03:33:00.965 [main] DEBUG com.github.dockerjava.zerodep.shaded.org.apache.hc.client5.http.wire - http-outgoing-2 << "Content-Type: application/json[\r][\n]"
03:33:00.965 [main] DEBUG com.github.dockerjava.zerodep.shaded.org.apache.hc.client5.http.wire - http-outgoing-2 << "Docker-Experimental: false[\r][\n]"
03:33:00.965 [main] DEBUG com.github.dockerjava.zerodep.shaded.org.apache.hc.client5.http.wire - http-outgoing-2 << "Ostype: linux[\r][\n]"
03:33:00.965 [main] DEBUG com.github.dockerjava.zerodep.shaded.org.apache.hc.client5.http.wire - http-outgoing-2 << "Server: Docker/20.10.12 (linux)[\r][\n]"
03:33:00.965 [main] DEBUG com.github.dockerjava.zerodep.shaded.org.apache.hc.client5.http.wire - http-outgoing-2 << "Date: Thu, 23 Jun 2022 02:33:00 GMT[\r][\n]"
03:33:00.965 [main] DEBUG com.github.dockerjava.zerodep.shaded.org.apache.hc.client5.http.wire - http-outgoing-2 << "Transfer-Encoding: chunked[\r][\n]"
03:33:00.965 [main] DEBUG com.github.dockerjava.zerodep.shaded.org.apache.hc.client5.http.wire - http-outgoing-2 << "[\r][\n]"
03:33:00.965 [main] DEBUG com.github.dockerjava.zerodep.shaded.org.apache.hc.client5.http.wire - http-outgoing-2 << "18ed[\r][\n]"
03:33:00.965 [main] DEBUG com.github.dockerjava.zerodep.shaded.org.apache.hc.client5.http.wire - http-outgoing-2 << "{"Id":"9691e31891711283f4d98263d11bc6156717d3e75a0b86a23f3b128a992c1f38","Created":"2022-06-23T02:32:47.03956921Z","Path":"docker-entrypoint.sh","Args":["mysqld"],"State":{"Status":"running","Running":true,"Paused":false,"Restarting":false,"OOMKilled":false,"Dead":false,"Pid":66188,"ExitCode":0,"Error":"","StartedAt":"2022-06-23T02:32:47.703880551Z","FinishedAt":"0001-01-01T00:00:00Z"},"Image":"sha256:65b636d5542b73254ce90cc4b895597dc1adc2c661ca553c38eda159979dded1","ResolvConfPath":"/var/lib/docker/containers/9691e31891711283f4d98263d11bc6156717d3e75a0b86a23f3b128a992c1f38/resolv.conf","HostnamePath":"/var/lib/docker/containers/9691e31891711283f4d98263d11bc6156717d3e75a0b86a23f3b128a992c1f38/hostname","HostsPath":"/var/lib/docker/containers/9691e31891711283f4d98263d11bc6156717d3e75a0b86a23f3b128a992c1f38/hosts","LogPath":"/var/lib/docker/containers/9691e31891711283f4d98263d11bc6156717d3e75a0b86a23f3b128a992c1f38/9691e31891711283f4d98263d11bc6156717d3e75a0b86a23f3b128a992c1f38-json.log","Name":"/xenodochial_satoshi","RestartCount":0,"Driver":"overlay2","Platform":"linux","MountLabel":"","ProcessLabel":"","AppArmorProfile":"docker-default","ExecIDs":null,"HostConfig":{"Binds":[],"ContainerIDFile":"","LogConfig":{"Type":"json-file","Config":{}},"NetworkMode":"default","PortBindings":{"3306/tcp":[{"HostIp":"","HostPort":""}]},"RestartPolicy":{"Name":"","MaximumRetryCount":0},"AutoRemove":false,"VolumeDriver":"","VolumesFrom":[],"CapAdd":null,"CapDrop":null,"CgroupnsMode":"host","Dns":null,"DnsOptions":null,"DnsSearch":null,"ExtraHosts":[],"GroupAdd":null,"IpcMode":"shareable","Cgroup":"","Links":null,"OomScoreAdj":0,"PidMode":"","Privileged":false,"PublishAllPorts":false,"ReadonlyRootfs":false,"SecurityOpt":null,"UTSMode":"","UsernsMode":"","ShmSize":67108864,"Runtime":"runc","ConsoleSize":[0,0],"Isolation":"","CpuShares":0,"Memory":0,"NanoCpus":0,"CgroupParent":"","BlkioWeight":0,"BlkioWeightDevice":null,"BlkioDeviceReadBps":null,"BlkioDeviceWriteBps":null,"BlkioDeviceReadIOps":null,"BlkioDeviceWriteIOps":null,"CpuPeriod":0,"CpuQuota":0,"CpuRealtimePeriod":0,"CpuRealtimeRuntime":0,"CpusetCpus":"","CpusetMems":"","Devices":null,"DeviceCgroupRules":null,"DeviceRequests":null,"KernelMemory":0,"KernelMemoryTCP":0,"MemoryReservation":0,"MemorySwap":0,"MemorySwappiness":null,"OomKillDisable":false,"PidsLimit":null,"Ulimits":null,"CpuCount":0,"CpuPercent":0,"IOMaximumIOps":0,"IOMaximumBandwidth":0,"MaskedPaths":["/proc/asound","/proc/acpi","/proc/kcore","/proc/keys","/proc/latency_stats","/proc/timer_list","/proc/timer_stats","/proc/sched_debug","/proc/scsi","/sys/firmware"],"ReadonlyPaths":["/proc/bus","/proc/fs","/proc/irq","/proc/sys","/proc/sysrq-trigger"]},"GraphDriver":{"Data":{"LowerDir":"/var/lib/docker/overlay2/5529564f52cf969e31e7a1482c27be7ffed19639b506ae2e15b7e7115f699a73-init/diff:/var/lib/docker/overlay2/833a665819b5d9728d3efa7c33135034345a24f83af53b1a1af33d9b64f5492a/diff:/var/lib/docker/overlay2/bd4a2a46c227c2f15475b08c398f37acaab93f4fdba31de015d730efae0a0cfc/diff:/var/lib/docker/overlay2/31ad437d7cba8e64428a2b62db1bbb2a2ec19ca4e439ec493ef4deb50dce2783/diff:/var/lib/docker/overlay2/35173cbd8ec5b88a8888e9abbe75f8694f5d3f96a9b781bb70dc1f0889685741/diff:/var/lib/docker/overlay2/24bf69ac4e8c81062fee44e7c9f746fffbb139c3f7f4b55b4fd1b23bb101b529/diff:/var/lib/docker/overlay2/2f27c96a7775dad186b6f0da325d5a251c80aa1b7f80cf8520f493c5154aee70/diff:/var/lib/docker/overlay2/463a60088c72ddbea82639ded15801e35a79c443f6a26bf1baf320c683cb06af/diff:/var/lib/docker/overlay2/80b8224b23a2ee4b5be635c58ae579fd1913aa95558cd66ab2f5e8430f00a5b8/diff:/var/lib/docker/overlay2/20451fa0b1a07b85d665bc3a0359d721ce4e4c28fa3bce7456ab25e0babae708/diff:/var/lib/docker/overlay2/f80d865cbc6c1c6f57d0963fa6234e7a6409e079eb17f4f13ca41d02731701ad/diff:/var/lib/docker/overlay2/5a3029e0b57c6ec9b985871ff6adf08356aaa0f2a15f1e34c1a7f116ecc4a61d/diff:/var/lib/docker/overlay2/4f3423103248d0b381a1bc6a7287e2b42313ff458cea602a02b7379014b03e0e/diff","MergedDir":"/var/lib/docker/overlay2/5529564f52cf969e31e7a1482c27be7ffed19639b506ae2e15b7e7115f699a73/merged","UpperDir":"/var/lib/docker/overlay2/5529564f52cf969e31e7a1482c27be7ffed19639b506ae2e15b7e7115f699a73/diff","WorkDir":"/var/lib/docker/overlay2/5529564f52cf969e31e7a1482c27be7ffed19639b506ae2e15b7e7115f699a73/work"},"Name":"overlay2"},"Mounts":[{"Type":"volume","Name":"fd1f613c7fe3ca3ae799982507ac3f565cc9f6a2dc99ceaed92389e2c43f47d1","Source":"/var/lib/docker/volumes/fd1f613c7fe3ca3ae799982507ac3f565cc9f6a2dc99ceaed92389e2c43f47d1/_data","Destination":"/var/lib/mysql","Driver":"local","Mode":"","RW":true,"Propagation":""}],"Config":{"Hostname":"9691e3189171","Domainname":"","User":"","AttachStdin":false,"AttachStdout":false,"AttachStderr":false,"ExposedPorts":{"3306/tcp":{},"33060/tcp":{}},"Tty":false,"OpenStdin":false,"StdinOnce":false,"Env":["MYSQL_DATABASE=test","MYSQL_PASSWORD=admin","MYSQL_USER=admin","MYSQL_ROOT_PASSWORD=admin","PATH=/usr/local/sbin:/usr/local/bin:/usr/sbin:/usr/bin:/sbin:/bin","GOSU_VERSION=1.14","MYSQL_MAJOR=8.0","MYSQL_VERSION=8.0.29-1debian10"],"Cmd":["mysqld"],"Image":"mysql:8.0","Volumes":{"/var/lib/mysql":{}},"WorkingDir":"","Entrypoint":["docker-entrypoint.sh"],"OnBuild":null,"Labels":{"org.testcontainers":"true","org.testcontainers.sessionId":"d48265e4-2b28-4f8c-aa67-76dd8289af84"}},"NetworkSettings":{"Bridge":"","SandboxID":"d9de8570fe3f0a4e9f3a1ff7101c963bbd2c6a0a9d8a867b96f17f4d5edca537","HairpinMode":false,"LinkLocalIPv6Address":"","LinkLocalIPv6PrefixLen":0,"Ports":{"3306/tcp":[{"HostIp":"0.0.0.0","HostPort":"49160"},{"HostIp":"::","HostPort":"49160"}],"33060/tcp":null},"SandboxKey":"/var/run/docker/netns/d9de8570fe3f","SecondaryIPAddresses":null,"SecondaryIPv6Addresses":null,"EndpointID":"93e8fe159f683a98670e8995677c2b130dbce857fc116679206e206bda319cbf","Gateway":"172.17.0.1","GlobalIPv6Address":"","GlobalIPv6PrefixLen":0,"IPAddress":"172.17.0.3","IPPrefixLen":16,"IPv6Gateway":"","MacAddress":"02:42:ac:11:00:03","Networks":{"bridge":{"IPAMConfig":null,"Links":null,"Aliases":null,"NetworkID":"1853cd2b9856825cc97ed9ef2b12efa82d95bf9cf60ad666c276eb35cc53539e","EndpointID":"93e8fe159f683a98670e8995677c2b130dbce857fc116679206e206bda319cbf","Gateway":"172.17.0.1","IPAddress":"172.17.0.3","IPPrefixLen":16,"IPv6Gateway":"","GlobalIPv6Address":"","GlobalIPv6PrefixLen":0,"MacAddress":"02:42:ac:11:00:03","DriverOpts":null}}}}[\n]"
03:33:00.965 [main] DEBUG com.github.dockerjava.zerodep.shaded.org.apache.hc.client5.http.wire - http-outgoing-2 << "[\r][\n]"
03:33:00.965 [main] DEBUG com.github.dockerjava.zerodep.shaded.org.apache.hc.client5.http.wire - http-outgoing-2 << "0[\r][\n]"
03:33:00.965 [main] DEBUG com.github.dockerjava.zerodep.shaded.org.apache.hc.client5.http.wire - http-outgoing-2 << "[\r][\n]"
03:33:00.965 [main] DEBUG com.github.dockerjava.zerodep.shaded.org.apache.hc.client5.http.headers - http-outgoing-2 << HTTP/1.1 200 OK
03:33:00.965 [main] DEBUG com.github.dockerjava.zerodep.shaded.org.apache.hc.client5.http.headers - http-outgoing-2 << Api-Version: 1.41
03:33:00.965 [main] DEBUG com.github.dockerjava.zerodep.shaded.org.apache.hc.client5.http.headers - http-outgoing-2 << Content-Type: application/json
03:33:00.965 [main] DEBUG com.github.dockerjava.zerodep.shaded.org.apache.hc.client5.http.headers - http-outgoing-2 << Docker-Experimental: false
03:33:00.965 [main] DEBUG com.github.dockerjava.zerodep.shaded.org.apache.hc.client5.http.headers - http-outgoing-2 << Ostype: linux
03:33:00.965 [main] DEBUG com.github.dockerjava.zerodep.shaded.org.apache.hc.client5.http.headers - http-outgoing-2 << Server: Docker/20.10.12 (linux)
03:33:00.965 [main] DEBUG com.github.dockerjava.zerodep.shaded.org.apache.hc.client5.http.headers - http-outgoing-2 << Date: Thu, 23 Jun 2022 02:33:00 GMT
03:33:00.965 [main] DEBUG com.github.dockerjava.zerodep.shaded.org.apache.hc.client5.http.headers - http-outgoing-2 << Transfer-Encoding: chunked
03:33:00.965 [main] DEBUG com.github.dockerjava.zerodep.shaded.org.apache.hc.client5.http.impl.classic.MainClientExec - ex-00000086: connection can be kept alive for 3 MINUTES
03:33:00.966 [main] DEBUG com.github.dockerjava.zerodep.shaded.org.apache.hc.client5.http.impl.classic.InternalHttpClient - ep-00000085: releasing valid endpoint
03:33:00.966 [main] DEBUG com.github.dockerjava.zerodep.shaded.org.apache.hc.client5.http.impl.io.PoolingHttpClientConnectionManager - ep-00000085: releasing endpoint
03:33:00.966 [main] DEBUG com.github.dockerjava.zerodep.shaded.org.apache.hc.client5.http.impl.io.PoolingHttpClientConnectionManager - ep-00000085: connection http-outgoing-2 can be kept alive for 3 MINUTES
03:33:00.966 [main] DEBUG com.github.dockerjava.zerodep.shaded.org.apache.hc.client5.http.impl.io.PoolingHttpClientConnectionManager - ep-00000085: connection released [route: {}->unix://localhost:2375][total available: 1; route allocated: 1 of 2147483647; total allocated: 1 of 2147483647]
03:33:00.966 [main] DEBUG 🐳 [mysql:8.0] - Trying to create JDBC connection using com.mysql.cj.jdbc.Driver to jdbc:mysql://localhost:49160/test?useSSL=false&allowPublicKeyRetrieval=true with properties: {password=admin, user=admin}
03:33:01.068 [main] DEBUG org.testcontainers.shaded.com.github.dockerjava.core.command.AbstrDockerCmd - Cmd: 9691e31891711283f4d98263d11bc6156717d3e75a0b86a23f3b128a992c1f38,false
03:33:01.068 [main] DEBUG org.testcontainers.shaded.com.github.dockerjava.core.exec.InspectContainerCmdExec - GET: DefaultWebTarget{path=[/containers/9691e31891711283f4d98263d11bc6156717d3e75a0b86a23f3b128a992c1f38/json], queryParams={}}
03:33:01.068 [main] DEBUG com.github.dockerjava.zerodep.shaded.org.apache.hc.client5.http.impl.classic.InternalHttpClient - ex-00000087: preparing request execution
03:33:01.068 [main] DEBUG com.github.dockerjava.zerodep.shaded.org.apache.hc.client5.http.protocol.RequestAddCookies - Cookie spec selected: strict
03:33:01.068 [main] DEBUG com.github.dockerjava.zerodep.shaded.org.apache.hc.client5.http.protocol.RequestAuthCache - Auth cache not set in the context
03:33:01.068 [main] DEBUG com.github.dockerjava.zerodep.shaded.org.apache.hc.client5.http.impl.classic.ProtocolExec - ex-00000087: target auth state: UNCHALLENGED
03:33:01.068 [main] DEBUG com.github.dockerjava.zerodep.shaded.org.apache.hc.client5.http.impl.classic.ProtocolExec - ex-00000087: proxy auth state: UNCHALLENGED
03:33:01.068 [main] DEBUG com.github.dockerjava.zerodep.shaded.org.apache.hc.client5.http.impl.classic.ConnectExec - ex-00000087: acquiring connection with route {}->unix://localhost:2375
03:33:01.068 [main] DEBUG com.github.dockerjava.zerodep.shaded.org.apache.hc.client5.http.impl.classic.InternalHttpClient - ex-00000087: acquiring endpoint (3 MINUTES)
03:33:01.068 [main] DEBUG com.github.dockerjava.zerodep.shaded.org.apache.hc.client5.http.impl.io.PoolingHttpClientConnectionManager - ex-00000087: endpoint lease request (3 MINUTES) [route: {}->unix://localhost:2375][total available: 1; route allocated: 1 of 2147483647; total allocated: 1 of 2147483647]
03:33:01.069 [main] DEBUG com.github.dockerjava.zerodep.shaded.org.apache.hc.client5.http.impl.io.PoolingHttpClientConnectionManager - ex-00000087: endpoint leased [route: {}->unix://localhost:2375][total available: 0; route allocated: 1 of 2147483647; total allocated: 1 of 2147483647]
03:33:01.069 [main] DEBUG com.github.dockerjava.zerodep.shaded.org.apache.hc.client5.http.impl.io.PoolingHttpClientConnectionManager - ex-00000087: acquired ep-00000086
03:33:01.069 [main] DEBUG com.github.dockerjava.zerodep.shaded.org.apache.hc.client5.http.impl.classic.InternalHttpClient - ex-00000087: acquired endpoint ep-00000086
03:33:01.069 [main] DEBUG com.github.dockerjava.zerodep.shaded.org.apache.hc.client5.http.impl.classic.MainClientExec - ex-00000087: executing GET /v1.32/containers/9691e31891711283f4d98263d11bc6156717d3e75a0b86a23f3b128a992c1f38/json HTTP/1.1
03:33:01.069 [main] DEBUG com.github.dockerjava.zerodep.shaded.org.apache.hc.client5.http.impl.classic.InternalHttpClient - ep-00000086: start execution ex-00000087
03:33:01.069 [main] DEBUG com.github.dockerjava.zerodep.shaded.org.apache.hc.client5.http.impl.io.PoolingHttpClientConnectionManager - ep-00000086: executing exchange ex-00000087 over http-outgoing-2
03:33:01.069 [main] DEBUG com.github.dockerjava.zerodep.shaded.org.apache.hc.client5.http.headers - http-outgoing-2 >> GET /v1.32/containers/9691e31891711283f4d98263d11bc6156717d3e75a0b86a23f3b128a992c1f38/json HTTP/1.1
03:33:01.069 [main] DEBUG com.github.dockerjava.zerodep.shaded.org.apache.hc.client5.http.headers - http-outgoing-2 >> accept: application/json
03:33:01.069 [main] DEBUG com.github.dockerjava.zerodep.shaded.org.apache.hc.client5.http.headers - http-outgoing-2 >> Accept-Encoding: gzip, x-gzip, deflate
03:33:01.069 [main] DEBUG com.github.dockerjava.zerodep.shaded.org.apache.hc.client5.http.headers - http-outgoing-2 >> Host: localhost:2375
03:33:01.069 [main] DEBUG com.github.dockerjava.zerodep.shaded.org.apache.hc.client5.http.headers - http-outgoing-2 >> Connection: keep-alive
03:33:01.069 [main] DEBUG com.github.dockerjava.zerodep.shaded.org.apache.hc.client5.http.headers - http-outgoing-2 >> User-Agent: Apache-HttpClient/5.0.3 (Java/11.0.15)
03:33:01.069 [main] DEBUG com.github.dockerjava.zerodep.shaded.org.apache.hc.client5.http.wire - http-outgoing-2 >> "GET /v1.32/containers/9691e31891711283f4d98263d11bc6156717d3e75a0b86a23f3b128a992c1f38/json HTTP/1.1[\r][\n]"
03:33:01.069 [main] DEBUG com.github.dockerjava.zerodep.shaded.org.apache.hc.client5.http.wire - http-outgoing-2 >> "accept: application/json[\r][\n]"
03:33:01.069 [main] DEBUG com.github.dockerjava.zerodep.shaded.org.apache.hc.client5.http.wire - http-outgoing-2 >> "Accept-Encoding: gzip, x-gzip, deflate[\r][\n]"
03:33:01.069 [main] DEBUG com.github.dockerjava.zerodep.shaded.org.apache.hc.client5.http.wire - http-outgoing-2 >> "Host: localhost:2375[\r][\n]"
03:33:01.069 [main] DEBUG com.github.dockerjava.zerodep.shaded.org.apache.hc.client5.http.wire - http-outgoing-2 >> "Connection: keep-alive[\r][\n]"
03:33:01.069 [main] DEBUG com.github.dockerjava.zerodep.shaded.org.apache.hc.client5.http.wire - http-outgoing-2 >> "User-Agent: Apache-HttpClient/5.0.3 (Java/11.0.15)[\r][\n]"
03:33:01.069 [main] DEBUG com.github.dockerjava.zerodep.shaded.org.apache.hc.client5.http.wire - http-outgoing-2 >> "[\r][\n]"
03:33:01.069 [main] DEBUG com.github.dockerjava.zerodep.shaded.org.apache.hc.client5.http.wire - http-outgoing-2 << "HTTP/1.1 200 OK[\r][\n]"
03:33:01.069 [main] DEBUG com.github.dockerjava.zerodep.shaded.org.apache.hc.client5.http.wire - http-outgoing-2 << "Api-Version: 1.41[\r][\n]"
03:33:01.069 [main] DEBUG com.github.dockerjava.zerodep.shaded.org.apache.hc.client5.http.wire - http-outgoing-2 << "Content-Type: application/json[\r][\n]"
03:33:01.069 [main] DEBUG com.github.dockerjava.zerodep.shaded.org.apache.hc.client5.http.wire - http-outgoing-2 << "Docker-Experimental: false[\r][\n]"
03:33:01.069 [main] DEBUG com.github.dockerjava.zerodep.shaded.org.apache.hc.client5.http.wire - http-outgoing-2 << "Ostype: linux[\r][\n]"
03:33:01.069 [main] DEBUG com.github.dockerjava.zerodep.shaded.org.apache.hc.client5.http.wire - http-outgoing-2 << "Server: Docker/20.10.12 (linux)[\r][\n]"
03:33:01.069 [main] DEBUG com.github.dockerjava.zerodep.shaded.org.apache.hc.client5.http.wire - http-outgoing-2 << "Date: Thu, 23 Jun 2022 02:33:01 GMT[\r][\n]"
03:33:01.069 [main] DEBUG com.github.dockerjava.zerodep.shaded.org.apache.hc.client5.http.wire - http-outgoing-2 << "Transfer-Encoding: chunked[\r][\n]"
03:33:01.069 [main] DEBUG com.github.dockerjava.zerodep.shaded.org.apache.hc.client5.http.wire - http-outgoing-2 << "[\r][\n]"
03:33:01.069 [main] DEBUG com.github.dockerjava.zerodep.shaded.org.apache.hc.client5.http.wire - http-outgoing-2 << "18ed[\r][\n]"
03:33:01.069 [main] DEBUG com.github.dockerjava.zerodep.shaded.org.apache.hc.client5.http.wire - http-outgoing-2 << "{"Id":"9691e31891711283f4d98263d11bc6156717d3e75a0b86a23f3b128a992c1f38","Created":"2022-06-23T02:32:47.03956921Z","Path":"docker-entrypoint.sh","Args":["mysqld"],"State":{"Status":"running","Running":true,"Paused":false,"Restarting":false,"OOMKilled":false,"Dead":false,"Pid":66188,"ExitCode":0,"Error":"","StartedAt":"2022-06-23T02:32:47.703880551Z","FinishedAt":"0001-01-01T00:00:00Z"},"Image":"sha256:65b636d5542b73254ce90cc4b895597dc1adc2c661ca553c38eda159979dded1","ResolvConfPath":"/var/lib/docker/containers/9691e31891711283f4d98263d11bc6156717d3e75a0b86a23f3b128a992c1f38/resolv.conf","HostnamePath":"/var/lib/docker/containers/9691e31891711283f4d98263d11bc6156717d3e75a0b86a23f3b128a992c1f38/hostname","HostsPath":"/var/lib/docker/containers/9691e31891711283f4d98263d11bc6156717d3e75a0b86a23f3b128a992c1f38/hosts","LogPath":"/var/lib/docker/containers/9691e31891711283f4d98263d11bc6156717d3e75a0b86a23f3b128a992c1f38/9691e31891711283f4d98263d11bc6156717d3e75a0b86a23f3b128a992c1f38-json.log","Name":"/xenodochial_satoshi","RestartCount":0,"Driver":"overlay2","Platform":"linux","MountLabel":"","ProcessLabel":"","AppArmorProfile":"docker-default","ExecIDs":null,"HostConfig":{"Binds":[],"ContainerIDFile":"","LogConfig":{"Type":"json-file","Config":{}},"NetworkMode":"default","PortBindings":{"3306/tcp":[{"HostIp":"","HostPort":""}]},"RestartPolicy":{"Name":"","MaximumRetryCount":0},"AutoRemove":false,"VolumeDriver":"","VolumesFrom":[],"CapAdd":null,"CapDrop":null,"CgroupnsMode":"host","Dns":null,"DnsOptions":null,"DnsSearch":null,"ExtraHosts":[],"GroupAdd":null,"IpcMode":"shareable","Cgroup":"","Links":null,"OomScoreAdj":0,"PidMode":"","Privileged":false,"PublishAllPorts":false,"ReadonlyRootfs":false,"SecurityOpt":null,"UTSMode":"","UsernsMode":"","ShmSize":67108864,"Runtime":"runc","ConsoleSize":[0,0],"Isolation":"","CpuShares":0,"Memory":0,"NanoCpus":0,"CgroupParent":"","BlkioWeight":0,"BlkioWeightDevice":null,"BlkioDeviceReadBps":null,"BlkioDeviceWriteBps":null,"BlkioDeviceReadIOps":null,"BlkioDeviceWriteIOps":null,"CpuPeriod":0,"CpuQuota":0,"CpuRealtimePeriod":0,"CpuRealtimeRuntime":0,"CpusetCpus":"","CpusetMems":"","Devices":null,"DeviceCgroupRules":null,"DeviceRequests":null,"KernelMemory":0,"KernelMemoryTCP":0,"MemoryReservation":0,"MemorySwap":0,"MemorySwappiness":null,"OomKillDisable":false,"PidsLimit":null,"Ulimits":null,"CpuCount":0,"CpuPercent":0,"IOMaximumIOps":0,"IOMaximumBandwidth":0,"MaskedPaths":["/proc/asound","/proc/acpi","/proc/kcore","/proc/keys","/proc/latency_stats","/proc/timer_list","/proc/timer_stats","/proc/sched_debug","/proc/scsi","/sys/firmware"],"ReadonlyPaths":["/proc/bus","/proc/fs","/proc/irq","/proc/sys","/proc/sysrq-trigger"]},"GraphDriver":{"Data":{"LowerDir":"/var/lib/docker/overlay2/5529564f52cf969e31e7a1482c27be7ffed19639b506ae2e15b7e7115f699a73-init/diff:/var/lib/docker/overlay2/833a665819b5d9728d3efa7c33135034345a24f83af53b1a1af33d9b64f5492a/diff:/var/lib/docker/overlay2/bd4a2a46c227c2f15475b08c398f37acaab93f4fdba31de015d730efae0a0cfc/diff:/var/lib/docker/overlay2/31ad437d7cba8e64428a2b62db1bbb2a2ec19ca4e439ec493ef4deb50dce2783/diff:/var/lib/docker/overlay2/35173cbd8ec5b88a8888e9abbe75f8694f5d3f96a9b781bb70dc1f0889685741/diff:/var/lib/docker/overlay2/24bf69ac4e8c81062fee44e7c9f746fffbb139c3f7f4b55b4fd1b23bb101b529/diff:/var/lib/docker/overlay2/2f27c96a7775dad186b6f0da325d5a251c80aa1b7f80cf8520f493c5154aee70/diff:/var/lib/docker/overlay2/463a60088c72ddbea82639ded15801e35a79c443f6a26bf1baf320c683cb06af/diff:/var/lib/docker/overlay2/80b8224b23a2ee4b5be635c58ae579fd1913aa95558cd66ab2f5e8430f00a5b8/diff:/var/lib/docker/overlay2/20451fa0b1a07b85d665bc3a0359d721ce4e4c28fa3bce7456ab25e0babae708/diff:/var/lib/docker/overlay2/f80d865cbc6c1c6f57d0963fa6234e7a6409e079eb17f4f13ca41d02731701ad/diff:/var/lib/docker/overlay2/5a3029e0b57c6ec9b985871ff6adf08356aaa0f2a15f1e34c1a7f116ecc4a61d/diff:/var/lib/docker/overlay2/4f3423103248d0b381a1bc6a7287e2b42313ff458cea602a02b7379014b03e0e/diff","MergedDir":"/var/lib/docker/overlay2/5529564f52cf969e31e7a1482c27be7ffed19639b506ae2e15b7e7115f699a73/merged","UpperDir":"/var/lib/docker/overlay2/5529564f52cf969e31e7a1482c27be7ffed19639b506ae2e15b7e7115f699a73/diff","WorkDir":"/var/lib/docker/overlay2/5529564f52cf969e31e7a1482c27be7ffed19639b506ae2e15b7e7115f699a73/work"},"Name":"overlay2"},"Mounts":[{"Type":"volume","Name":"fd1f613c7fe3ca3ae799982507ac3f565cc9f6a2dc99ceaed92389e2c43f47d1","Source":"/var/lib/docker/volumes/fd1f613c7fe3ca3ae799982507ac3f565cc9f6a2dc99ceaed92389e2c43f47d1/_data","Destination":"/var/lib/mysql","Driver":"local","Mode":"","RW":true,"Propagation":""}],"Config":{"Hostname":"9691e3189171","Domainname":"","User":"","AttachStdin":false,"AttachStdout":false,"AttachStderr":false,"ExposedPorts":{"3306/tcp":{},"33060/tcp":{}},"Tty":false,"OpenStdin":false,"StdinOnce":false,"Env":["MYSQL_DATABASE=test","MYSQL_PASSWORD=admin","MYSQL_USER=admin","MYSQL_ROOT_PASSWORD=admin","PATH=/usr/local/sbin:/usr/local/bin:/usr/sbin:/usr/bin:/sbin:/bin","GOSU_VERSION=1.14","MYSQL_MAJOR=8.0","MYSQL_VERSION=8.0.29-1debian10"],"Cmd":["mysqld"],"Image":"mysql:8.0","Volumes":{"/var/lib/mysql":{}},"WorkingDir":"","Entrypoint":["docker-entrypoint.sh"],"OnBuild":null,"Labels":{"org.testcontainers":"true","org.testcontainers.sessionId":"d48265e4-2b28-4f8c-aa67-76dd8289af84"}},"NetworkSettings":{"Bridge":"","SandboxID":"d9de8570fe3f0a4e9f3a1ff7101c963bbd2c6a0a9d8a867b96f17f4d5edca537","HairpinMode":false,"LinkLocalIPv6Address":"","LinkLocalIPv6PrefixLen":0,"Ports":{"3306/tcp":[{"HostIp":"0.0.0.0","HostPort":"49160"},{"HostIp":"::","HostPort":"49160"}],"33060/tcp":null},"SandboxKey":"/var/run/docker/netns/d9de8570fe3f","SecondaryIPAddresses":null,"SecondaryIPv6Addresses":null,"EndpointID":"93e8fe159f683a98670e8995677c2b130dbce857fc116679206e206bda319cbf","Gateway":"172.17.0.1","GlobalIPv6Address":"","GlobalIPv6PrefixLen":0,"IPAddress":"172.17.0.3","IPPrefixLen":16,"IPv6Gateway":"","MacAddress":"02:42:ac:11:00:03","Networks":{"bridge":{"IPAMConfig":null,"Links":null,"Aliases":null,"NetworkID":"1853cd2b9856825cc97ed9ef2b12efa82d95bf9cf60ad666c276eb35cc53539e","EndpointID":"93e8fe159f683a98670e8995677c2b130dbce857fc116679206e206bda319cbf","Gateway":"172.17.0.1","IPAddress":"172.17.0.3","IPPrefixLen":16,"IPv6Gateway":"","GlobalIPv6Address":"","GlobalIPv6PrefixLen":0,"MacAddress":"02:42:ac:11:00:03","DriverOpts":null}}}}[\n]"
03:33:01.069 [main] DEBUG com.github.dockerjava.zerodep.shaded.org.apache.hc.client5.http.wire - http-outgoing-2 << "[\r][\n]"
03:33:01.069 [main] DEBUG com.github.dockerjava.zerodep.shaded.org.apache.hc.client5.http.wire - http-outgoing-2 << "0[\r][\n]"
03:33:01.069 [main] DEBUG com.github.dockerjava.zerodep.shaded.org.apache.hc.client5.http.wire - http-outgoing-2 << "[\r][\n]"
03:33:01.070 [main] DEBUG com.github.dockerjava.zerodep.shaded.org.apache.hc.client5.http.headers - http-outgoing-2 << HTTP/1.1 200 OK
03:33:01.070 [main] DEBUG com.github.dockerjava.zerodep.shaded.org.apache.hc.client5.http.headers - http-outgoing-2 << Api-Version: 1.41
03:33:01.070 [main] DEBUG com.github.dockerjava.zerodep.shaded.org.apache.hc.client5.http.headers - http-outgoing-2 << Content-Type: application/json
03:33:01.070 [main] DEBUG com.github.dockerjava.zerodep.shaded.org.apache.hc.client5.http.headers - http-outgoing-2 << Docker-Experimental: false
03:33:01.070 [main] DEBUG com.github.dockerjava.zerodep.shaded.org.apache.hc.client5.http.headers - http-outgoing-2 << Ostype: linux
03:33:01.070 [main] DEBUG com.github.dockerjava.zerodep.shaded.org.apache.hc.client5.http.headers - http-outgoing-2 << Server: Docker/20.10.12 (linux)
03:33:01.070 [main] DEBUG com.github.dockerjava.zerodep.shaded.org.apache.hc.client5.http.headers - http-outgoing-2 << Date: Thu, 23 Jun 2022 02:33:01 GMT
03:33:01.070 [main] DEBUG com.github.dockerjava.zerodep.shaded.org.apache.hc.client5.http.headers - http-outgoing-2 << Transfer-Encoding: chunked
03:33:01.070 [main] DEBUG com.github.dockerjava.zerodep.shaded.org.apache.hc.client5.http.impl.classic.MainClientExec - ex-00000087: connection can be kept alive for 3 MINUTES
03:33:01.071 [main] DEBUG com.github.dockerjava.zerodep.shaded.org.apache.hc.client5.http.impl.classic.InternalHttpClient - ep-00000086: releasing valid endpoint
03:33:01.071 [main] DEBUG com.github.dockerjava.zerodep.shaded.org.apache.hc.client5.http.impl.io.PoolingHttpClientConnectionManager - ep-00000086: releasing endpoint
03:33:01.071 [main] DEBUG com.github.dockerjava.zerodep.shaded.org.apache.hc.client5.http.impl.io.PoolingHttpClientConnectionManager - ep-00000086: connection http-outgoing-2 can be kept alive for 3 MINUTES
03:33:01.071 [main] DEBUG com.github.dockerjava.zerodep.shaded.org.apache.hc.client5.http.impl.io.PoolingHttpClientConnectionManager - ep-00000086: connection released [route: {}->unix://localhost:2375][total available: 1; route allocated: 1 of 2147483647; total allocated: 1 of 2147483647]
03:33:01.072 [main] DEBUG 🐳 [mysql:8.0] - Trying to create JDBC connection using com.mysql.cj.jdbc.Driver to jdbc:mysql://localhost:49160/test?useSSL=false&allowPublicKeyRetrieval=true with properties: {password=admin, user=admin}
03:33:01.174 [main] DEBUG org.testcontainers.shaded.com.github.dockerjava.core.command.AbstrDockerCmd - Cmd: 9691e31891711283f4d98263d11bc6156717d3e75a0b86a23f3b128a992c1f38,false
03:33:01.174 [main] DEBUG org.testcontainers.shaded.com.github.dockerjava.core.exec.InspectContainerCmdExec - GET: DefaultWebTarget{path=[/containers/9691e31891711283f4d98263d11bc6156717d3e75a0b86a23f3b128a992c1f38/json], queryParams={}}
03:33:01.174 [main] DEBUG com.github.dockerjava.zerodep.shaded.org.apache.hc.client5.http.impl.classic.InternalHttpClient - ex-00000088: preparing request execution
03:33:01.175 [main] DEBUG com.github.dockerjava.zerodep.shaded.org.apache.hc.client5.http.protocol.RequestAddCookies - Cookie spec selected: strict
03:33:01.175 [main] DEBUG com.github.dockerjava.zerodep.shaded.org.apache.hc.client5.http.protocol.RequestAuthCache - Auth cache not set in the context
03:33:01.175 [main] DEBUG com.github.dockerjava.zerodep.shaded.org.apache.hc.client5.http.impl.classic.ProtocolExec - ex-00000088: target auth state: UNCHALLENGED
03:33:01.175 [main] DEBUG com.github.dockerjava.zerodep.shaded.org.apache.hc.client5.http.impl.classic.ProtocolExec - ex-00000088: proxy auth state: UNCHALLENGED
03:33:01.175 [main] DEBUG com.github.dockerjava.zerodep.shaded.org.apache.hc.client5.http.impl.classic.ConnectExec - ex-00000088: acquiring connection with route {}->unix://localhost:2375
03:33:01.175 [main] DEBUG com.github.dockerjava.zerodep.shaded.org.apache.hc.client5.http.impl.classic.InternalHttpClient - ex-00000088: acquiring endpoint (3 MINUTES)
03:33:01.175 [main] DEBUG com.github.dockerjava.zerodep.shaded.org.apache.hc.client5.http.impl.io.PoolingHttpClientConnectionManager - ex-00000088: endpoint lease request (3 MINUTES) [route: {}->unix://localhost:2375][total available: 1; route allocated: 1 of 2147483647; total allocated: 1 of 2147483647]
03:33:01.175 [main] DEBUG com.github.dockerjava.zerodep.shaded.org.apache.hc.client5.http.impl.io.PoolingHttpClientConnectionManager - ex-00000088: endpoint leased [route: {}->unix://localhost:2375][total available: 0; route allocated: 1 of 2147483647; total allocated: 1 of 2147483647]
03:33:01.175 [main] DEBUG com.github.dockerjava.zerodep.shaded.org.apache.hc.client5.http.impl.io.PoolingHttpClientConnectionManager - ex-00000088: acquired ep-00000087
03:33:01.175 [main] DEBUG com.github.dockerjava.zerodep.shaded.org.apache.hc.client5.http.impl.classic.InternalHttpClient - ex-00000088: acquired endpoint ep-00000087
03:33:01.175 [main] DEBUG com.github.dockerjava.zerodep.shaded.org.apache.hc.client5.http.impl.classic.MainClientExec - ex-00000088: executing GET /v1.32/containers/9691e31891711283f4d98263d11bc6156717d3e75a0b86a23f3b128a992c1f38/json HTTP/1.1
03:33:01.175 [main] DEBUG com.github.dockerjava.zerodep.shaded.org.apache.hc.client5.http.impl.classic.InternalHttpClient - ep-00000087: start execution ex-00000088
03:33:01.175 [main] DEBUG com.github.dockerjava.zerodep.shaded.org.apache.hc.client5.http.impl.io.PoolingHttpClientConnectionManager - ep-00000087: executing exchange ex-00000088 over http-outgoing-2
03:33:01.175 [main] DEBUG com.github.dockerjava.zerodep.shaded.org.apache.hc.client5.http.headers - http-outgoing-2 >> GET /v1.32/containers/9691e31891711283f4d98263d11bc6156717d3e75a0b86a23f3b128a992c1f38/json HTTP/1.1
03:33:01.175 [main] DEBUG com.github.dockerjava.zerodep.shaded.org.apache.hc.client5.http.headers - http-outgoing-2 >> accept: application/json
03:33:01.175 [main] DEBUG com.github.dockerjava.zerodep.shaded.org.apache.hc.client5.http.headers - http-outgoing-2 >> Accept-Encoding: gzip, x-gzip, deflate
03:33:01.175 [main] DEBUG com.github.dockerjava.zerodep.shaded.org.apache.hc.client5.http.headers - http-outgoing-2 >> Host: localhost:2375
03:33:01.175 [main] DEBUG com.github.dockerjava.zerodep.shaded.org.apache.hc.client5.http.headers - http-outgoing-2 >> Connection: keep-alive
03:33:01.175 [main] DEBUG com.github.dockerjava.zerodep.shaded.org.apache.hc.client5.http.headers - http-outgoing-2 >> User-Agent: Apache-HttpClient/5.0.3 (Java/11.0.15)
03:33:01.175 [main] DEBUG com.github.dockerjava.zerodep.shaded.org.apache.hc.client5.http.wire - http-outgoing-2 >> "GET /v1.32/containers/9691e31891711283f4d98263d11bc6156717d3e75a0b86a23f3b128a992c1f38/json HTTP/1.1[\r][\n]"
03:33:01.175 [main] DEBUG com.github.dockerjava.zerodep.shaded.org.apache.hc.client5.http.wire - http-outgoing-2 >> "accept: application/json[\r][\n]"
03:33:01.175 [main] DEBUG com.github.dockerjava.zerodep.shaded.org.apache.hc.client5.http.wire - http-outgoing-2 >> "Accept-Encoding: gzip, x-gzip, deflate[\r][\n]"
03:33:01.175 [main] DEBUG com.github.dockerjava.zerodep.shaded.org.apache.hc.client5.http.wire - http-outgoing-2 >> "Host: localhost:2375[\r][\n]"
03:33:01.175 [main] DEBUG com.github.dockerjava.zerodep.shaded.org.apache.hc.client5.http.wire - http-outgoing-2 >> "Connection: keep-alive[\r][\n]"
03:33:01.175 [main] DEBUG com.github.dockerjava.zerodep.shaded.org.apache.hc.client5.http.wire - http-outgoing-2 >> "User-Agent: Apache-HttpClient/5.0.3 (Java/11.0.15)[\r][\n]"
03:33:01.175 [main] DEBUG com.github.dockerjava.zerodep.shaded.org.apache.hc.client5.http.wire - http-outgoing-2 >> "[\r][\n]"
03:33:01.176 [main] DEBUG com.github.dockerjava.zerodep.shaded.org.apache.hc.client5.http.wire - http-outgoing-2 << "HTTP/1.1 200 OK[\r][\n]"
03:33:01.176 [main] DEBUG com.github.dockerjava.zerodep.shaded.org.apache.hc.client5.http.wire - http-outgoing-2 << "Api-Version: 1.41[\r][\n]"
03:33:01.176 [main] DEBUG com.github.dockerjava.zerodep.shaded.org.apache.hc.client5.http.wire - http-outgoing-2 << "Content-Type: application/json[\r][\n]"
03:33:01.176 [main] DEBUG com.github.dockerjava.zerodep.shaded.org.apache.hc.client5.http.wire - http-outgoing-2 << "Docker-Experimental: false[\r][\n]"
03:33:01.176 [main] DEBUG com.github.dockerjava.zerodep.shaded.org.apache.hc.client5.http.wire - http-outgoing-2 << "Ostype: linux[\r][\n]"
03:33:01.176 [main] DEBUG com.github.dockerjava.zerodep.shaded.org.apache.hc.client5.http.wire - http-outgoing-2 << "Server: Docker/20.10.12 (linux)[\r][\n]"
03:33:01.176 [main] DEBUG com.github.dockerjava.zerodep.shaded.org.apache.hc.client5.http.wire - http-outgoing-2 << "Date: Thu, 23 Jun 2022 02:33:01 GMT[\r][\n]"
03:33:01.176 [main] DEBUG com.github.dockerjava.zerodep.shaded.org.apache.hc.client5.http.wire - http-outgoing-2 << "Transfer-Encoding: chunked[\r][\n]"
03:33:01.176 [main] DEBUG com.github.dockerjava.zerodep.shaded.org.apache.hc.client5.http.wire - http-outgoing-2 << "[\r][\n]"
03:33:01.176 [main] DEBUG com.github.dockerjava.zerodep.shaded.org.apache.hc.client5.http.wire - http-outgoing-2 << "18ed[\r][\n]"
03:33:01.177 [main] DEBUG com.github.dockerjava.zerodep.shaded.org.apache.hc.client5.http.wire - http-outgoing-2 << "{"Id":"9691e31891711283f4d98263d11bc6156717d3e75a0b86a23f3b128a992c1f38","Created":"2022-06-23T02:32:47.03956921Z","Path":"docker-entrypoint.sh","Args":["mysqld"],"State":{"Status":"running","Running":true,"Paused":false,"Restarting":false,"OOMKilled":false,"Dead":false,"Pid":66188,"ExitCode":0,"Error":"","StartedAt":"2022-06-23T02:32:47.703880551Z","FinishedAt":"0001-01-01T00:00:00Z"},"Image":"sha256:65b636d5542b73254ce90cc4b895597dc1adc2c661ca553c38eda159979dded1","ResolvConfPath":"/var/lib/docker/containers/9691e31891711283f4d98263d11bc6156717d3e75a0b86a23f3b128a992c1f38/resolv.conf","HostnamePath":"/var/lib/docker/containers/9691e31891711283f4d98263d11bc6156717d3e75a0b86a23f3b128a992c1f38/hostname","HostsPath":"/var/lib/docker/containers/9691e31891711283f4d98263d11bc6156717d3e75a0b86a23f3b128a992c1f38/hosts","LogPath":"/var/lib/docker/containers/9691e31891711283f4d98263d11bc6156717d3e75a0b86a23f3b128a992c1f38/9691e31891711283f4d98263d11bc6156717d3e75a0b86a23f3b128a992c1f38-json.log","Name":"/xenodochial_satoshi","RestartCount":0,"Driver":"overlay2","Platform":"linux","MountLabel":"","ProcessLabel":"","AppArmorProfile":"docker-default","ExecIDs":null,"HostConfig":{"Binds":[],"ContainerIDFile":"","LogConfig":{"Type":"json-file","Config":{}},"NetworkMode":"default","PortBindings":{"3306/tcp":[{"HostIp":"","HostPort":""}]},"RestartPolicy":{"Name":"","MaximumRetryCount":0},"AutoRemove":false,"VolumeDriver":"","VolumesFrom":[],"CapAdd":null,"CapDrop":null,"CgroupnsMode":"host","Dns":null,"DnsOptions":null,"DnsSearch":null,"ExtraHosts":[],"GroupAdd":null,"IpcMode":"shareable","Cgroup":"","Links":null,"OomScoreAdj":0,"PidMode":"","Privileged":false,"PublishAllPorts":false,"ReadonlyRootfs":false,"SecurityOpt":null,"UTSMode":"","UsernsMode":"","ShmSize":67108864,"Runtime":"runc","ConsoleSize":[0,0],"Isolation":"","CpuShares":0,"Memory":0,"NanoCpus":0,"CgroupParent":"","BlkioWeight":0,"BlkioWeightDevice":null,"BlkioDeviceReadBps":null,"BlkioDeviceWriteBps":null,"BlkioDeviceReadIOps":null,"BlkioDeviceWriteIOps":null,"CpuPeriod":0,"CpuQuota":0,"CpuRealtimePeriod":0,"CpuRealtimeRuntime":0,"CpusetCpus":"","CpusetMems":"","Devices":null,"DeviceCgroupRules":null,"DeviceRequests":null,"KernelMemory":0,"KernelMemoryTCP":0,"MemoryReservation":0,"MemorySwap":0,"MemorySwappiness":null,"OomKillDisable":false,"PidsLimit":null,"Ulimits":null,"CpuCount":0,"CpuPercent":0,"IOMaximumIOps":0,"IOMaximumBandwidth":0,"MaskedPaths":["/proc/asound","/proc/acpi","/proc/kcore","/proc/keys","/proc/latency_stats","/proc/timer_list","/proc/timer_stats","/proc/sched_debug","/proc/scsi","/sys/firmware"],"ReadonlyPaths":["/proc/bus","/proc/fs","/proc/irq","/proc/sys","/proc/sysrq-trigger"]},"GraphDriver":{"Data":{"LowerDir":"/var/lib/docker/overlay2/5529564f52cf969e31e7a1482c27be7ffed19639b506ae2e15b7e7115f699a73-init/diff:/var/lib/docker/overlay2/833a665819b5d9728d3efa7c33135034345a24f83af53b1a1af33d9b64f5492a/diff:/var/lib/docker/overlay2/bd4a2a46c227c2f15475b08c398f37acaab93f4fdba31de015d730efae0a0cfc/diff:/var/lib/docker/overlay2/31ad437d7cba8e64428a2b62db1bbb2a2ec19ca4e439ec493ef4deb50dce2783/diff:/var/lib/docker/overlay2/35173cbd8ec5b88a8888e9abbe75f8694f5d3f96a9b781bb70dc1f0889685741/diff:/var/lib/docker/overlay2/24bf69ac4e8c81062fee44e7c9f746fffbb139c3f7f4b55b4fd1b23bb101b529/diff:/var/lib/docker/overlay2/2f27c96a7775dad186b6f0da325d5a251c80aa1b7f80cf8520f493c5154aee70/diff:/var/lib/docker/overlay2/463a60088c72ddbea82639ded15801e35a79c443f6a26bf1baf320c683cb06af/diff:/var/lib/docker/overlay2/80b8224b23a2ee4b5be635c58ae579fd1913aa95558cd66ab2f5e8430f00a5b8/diff:/var/lib/docker/overlay2/20451fa0b1a07b85d665bc3a0359d721ce4e4c28fa3bce7456ab25e0babae708/diff:/var/lib/docker/overlay2/f80d865cbc6c1c6f57d0963fa6234e7a6409e079eb17f4f13ca41d02731701ad/diff:/var/lib/docker/overlay2/5a3029e0b57c6ec9b985871ff6adf08356aaa0f2a15f1e34c1a7f116ecc4a61d/diff:/var/lib/docker/overlay2/4f3423103248d0b381a1bc6a7287e2b42313ff458cea602a02b7379014b03e0e/diff","MergedDir":"/var/lib/docker/overlay2/5529564f52cf969e31e7a1482c27be7ffed19639b506ae2e15b7e7115f699a73/merged","UpperDir":"/var/lib/docker/overlay2/5529564f52cf969e31e7a1482c27be7ffed19639b506ae2e15b7e7115f699a73/diff","WorkDir":"/var/lib/docker/overlay2/5529564f52cf969e31e7a1482c27be7ffed19639b506ae2e15b7e7115f699a73/work"},"Name":"overlay2"},"Mounts":[{"Type":"volume","Name":"fd1f613c7fe3ca3ae799982507ac3f565cc9f6a2dc99ceaed92389e2c43f47d1","Source":"/var/lib/docker/volumes/fd1f613c7fe3ca3ae799982507ac3f565cc9f6a2dc99ceaed92389e2c43f47d1/_data","Destination":"/var/lib/mysql","Driver":"local","Mode":"","RW":true,"Propagation":""}],"Config":{"Hostname":"9691e3189171","Domainname":"","User":"","AttachStdin":false,"AttachStdout":false,"AttachStderr":false,"ExposedPorts":{"3306/tcp":{},"33060/tcp":{}},"Tty":false,"OpenStdin":false,"StdinOnce":false,"Env":["MYSQL_DATABASE=test","MYSQL_PASSWORD=admin","MYSQL_USER=admin","MYSQL_ROOT_PASSWORD=admin","PATH=/usr/local/sbin:/usr/local/bin:/usr/sbin:/usr/bin:/sbin:/bin","GOSU_VERSION=1.14","MYSQL_MAJOR=8.0","MYSQL_VERSION=8.0.29-1debian10"],"Cmd":["mysqld"],"Image":"mysql:8.0","Volumes":{"/var/lib/mysql":{}},"WorkingDir":"","Entrypoint":["docker-entrypoint.sh"],"OnBuild":null,"Labels":{"org.testcontainers":"true","org.testcontainers.sessionId":"d48265e4-2b28-4f8c-aa67-76dd8289af84"}},"NetworkSettings":{"Bridge":"","SandboxID":"d9de8570fe3f0a4e9f3a1ff7101c963bbd2c6a0a9d8a867b96f17f4d5edca537","HairpinMode":false,"LinkLocalIPv6Address":"","LinkLocalIPv6PrefixLen":0,"Ports":{"3306/tcp":[{"HostIp":"0.0.0.0","HostPort":"49160"},{"HostIp":"::","HostPort":"49160"}],"33060/tcp":null},"SandboxKey":"/var/run/docker/netns/d9de8570fe3f","SecondaryIPAddresses":null,"SecondaryIPv6Addresses":null,"EndpointID":"93e8fe159f683a98670e8995677c2b130dbce857fc116679206e206bda319cbf","Gateway":"172.17.0.1","GlobalIPv6Address":"","GlobalIPv6PrefixLen":0,"IPAddress":"172.17.0.3","IPPrefixLen":16,"IPv6Gateway":"","MacAddress":"02:42:ac:11:00:03","Networks":{"bridge":{"IPAMConfig":null,"Links":null,"Aliases":null,"NetworkID":"1853cd2b9856825cc97ed9ef2b12efa82d95bf9cf60ad666c276eb35cc53539e","EndpointID":"93e8fe159f683a98670e8995677c2b130dbce857fc116679206e206bda319cbf","Gateway":"172.17.0.1","IPAddress":"172.17.0.3","IPPrefixLen":16,"IPv6Gateway":"","GlobalIPv6Address":"","GlobalIPv6PrefixLen":0,"MacAddress":"02:42:ac:11:00:03","DriverOpts":null}}}}[\n]"
03:33:01.177 [main] DEBUG com.github.dockerjava.zerodep.shaded.org.apache.hc.client5.http.wire - http-outgoing-2 << "[\r][\n]"
03:33:01.177 [main] DEBUG com.github.dockerjava.zerodep.shaded.org.apache.hc.client5.http.wire - http-outgoing-2 << "0[\r][\n]"
03:33:01.177 [main] DEBUG com.github.dockerjava.zerodep.shaded.org.apache.hc.client5.http.wire - http-outgoing-2 << "[\r][\n]"
03:33:01.177 [main] DEBUG com.github.dockerjava.zerodep.shaded.org.apache.hc.client5.http.headers - http-outgoing-2 << HTTP/1.1 200 OK
03:33:01.177 [main] DEBUG com.github.dockerjava.zerodep.shaded.org.apache.hc.client5.http.headers - http-outgoing-2 << Api-Version: 1.41
03:33:01.177 [main] DEBUG com.github.dockerjava.zerodep.shaded.org.apache.hc.client5.http.headers - http-outgoing-2 << Content-Type: application/json
03:33:01.177 [main] DEBUG com.github.dockerjava.zerodep.shaded.org.apache.hc.client5.http.headers - http-outgoing-2 << Docker-Experimental: false
03:33:01.177 [main] DEBUG com.github.dockerjava.zerodep.shaded.org.apache.hc.client5.http.headers - http-outgoing-2 << Ostype: linux
03:33:01.177 [main] DEBUG com.github.dockerjava.zerodep.shaded.org.apache.hc.client5.http.headers - http-outgoing-2 << Server: Docker/20.10.12 (linux)
03:33:01.177 [main] DEBUG com.github.dockerjava.zerodep.shaded.org.apache.hc.client5.http.headers - http-outgoing-2 << Date: Thu, 23 Jun 2022 02:33:01 GMT
03:33:01.177 [main] DEBUG com.github.dockerjava.zerodep.shaded.org.apache.hc.client5.http.headers - http-outgoing-2 << Transfer-Encoding: chunked
03:33:01.177 [main] DEBUG com.github.dockerjava.zerodep.shaded.org.apache.hc.client5.http.impl.classic.MainClientExec - ex-00000088: connection can be kept alive for 3 MINUTES
03:33:01.178 [main] DEBUG com.github.dockerjava.zerodep.shaded.org.apache.hc.client5.http.impl.classic.InternalHttpClient - ep-00000087: releasing valid endpoint
03:33:01.178 [main] DEBUG com.github.dockerjava.zerodep.shaded.org.apache.hc.client5.http.impl.io.PoolingHttpClientConnectionManager - ep-00000087: releasing endpoint
03:33:01.178 [main] DEBUG com.github.dockerjava.zerodep.shaded.org.apache.hc.client5.http.impl.io.PoolingHttpClientConnectionManager - ep-00000087: connection http-outgoing-2 can be kept alive for 3 MINUTES
03:33:01.178 [main] DEBUG com.github.dockerjava.zerodep.shaded.org.apache.hc.client5.http.impl.io.PoolingHttpClientConnectionManager - ep-00000087: connection released [route: {}->unix://localhost:2375][total available: 1; route allocated: 1 of 2147483647; total allocated: 1 of 2147483647]
03:33:01.178 [main] DEBUG 🐳 [mysql:8.0] - Trying to create JDBC connection using com.mysql.cj.jdbc.Driver to jdbc:mysql://localhost:49160/test?useSSL=false&allowPublicKeyRetrieval=true with properties: {password=admin, user=admin}
03:33:01.281 [main] DEBUG org.testcontainers.shaded.com.github.dockerjava.core.command.AbstrDockerCmd - Cmd: 9691e31891711283f4d98263d11bc6156717d3e75a0b86a23f3b128a992c1f38,false
03:33:01.281 [main] DEBUG org.testcontainers.shaded.com.github.dockerjava.core.exec.InspectContainerCmdExec - GET: DefaultWebTarget{path=[/containers/9691e31891711283f4d98263d11bc6156717d3e75a0b86a23f3b128a992c1f38/json], queryParams={}}
03:33:01.281 [main] DEBUG com.github.dockerjava.zerodep.shaded.org.apache.hc.client5.http.impl.classic.InternalHttpClient - ex-00000089: preparing request execution
03:33:01.281 [main] DEBUG com.github.dockerjava.zerodep.shaded.org.apache.hc.client5.http.protocol.RequestAddCookies - Cookie spec selected: strict
03:33:01.281 [main] DEBUG com.github.dockerjava.zerodep.shaded.org.apache.hc.client5.http.protocol.RequestAuthCache - Auth cache not set in the context
03:33:01.281 [main] DEBUG com.github.dockerjava.zerodep.shaded.org.apache.hc.client5.http.impl.classic.ProtocolExec - ex-00000089: target auth state: UNCHALLENGED
03:33:01.281 [main] DEBUG com.github.dockerjava.zerodep.shaded.org.apache.hc.client5.http.impl.classic.ProtocolExec - ex-00000089: proxy auth state: UNCHALLENGED
03:33:01.281 [main] DEBUG com.github.dockerjava.zerodep.shaded.org.apache.hc.client5.http.impl.classic.ConnectExec - ex-00000089: acquiring connection with route {}->unix://localhost:2375
03:33:01.281 [main] DEBUG com.github.dockerjava.zerodep.shaded.org.apache.hc.client5.http.impl.classic.InternalHttpClient - ex-00000089: acquiring endpoint (3 MINUTES)
03:33:01.282 [main] DEBUG com.github.dockerjava.zerodep.shaded.org.apache.hc.client5.http.impl.io.PoolingHttpClientConnectionManager - ex-00000089: endpoint lease request (3 MINUTES) [route: {}->unix://localhost:2375][total available: 1; route allocated: 1 of 2147483647; total allocated: 1 of 2147483647]
03:33:01.282 [main] DEBUG com.github.dockerjava.zerodep.shaded.org.apache.hc.client5.http.impl.io.PoolingHttpClientConnectionManager - ex-00000089: endpoint leased [route: {}->unix://localhost:2375][total available: 0; route allocated: 1 of 2147483647; total allocated: 1 of 2147483647]
03:33:01.282 [main] DEBUG com.github.dockerjava.zerodep.shaded.org.apache.hc.client5.http.impl.io.PoolingHttpClientConnectionManager - ex-00000089: acquired ep-00000088
03:33:01.282 [main] DEBUG com.github.dockerjava.zerodep.shaded.org.apache.hc.client5.http.impl.classic.InternalHttpClient - ex-00000089: acquired endpoint ep-00000088
03:33:01.282 [main] DEBUG com.github.dockerjava.zerodep.shaded.org.apache.hc.client5.http.impl.classic.MainClientExec - ex-00000089: executing GET /v1.32/containers/9691e31891711283f4d98263d11bc6156717d3e75a0b86a23f3b128a992c1f38/json HTTP/1.1
03:33:01.282 [main] DEBUG com.github.dockerjava.zerodep.shaded.org.apache.hc.client5.http.impl.classic.InternalHttpClient - ep-00000088: start execution ex-00000089
03:33:01.282 [main] DEBUG com.github.dockerjava.zerodep.shaded.org.apache.hc.client5.http.impl.io.PoolingHttpClientConnectionManager - ep-00000088: executing exchange ex-00000089 over http-outgoing-2
03:33:01.282 [main] DEBUG com.github.dockerjava.zerodep.shaded.org.apache.hc.client5.http.headers - http-outgoing-2 >> GET /v1.32/containers/9691e31891711283f4d98263d11bc6156717d3e75a0b86a23f3b128a992c1f38/json HTTP/1.1
03:33:01.282 [main] DEBUG com.github.dockerjava.zerodep.shaded.org.apache.hc.client5.http.headers - http-outgoing-2 >> accept: application/json
03:33:01.282 [main] DEBUG com.github.dockerjava.zerodep.shaded.org.apache.hc.client5.http.headers - http-outgoing-2 >> Accept-Encoding: gzip, x-gzip, deflate
03:33:01.282 [main] DEBUG com.github.dockerjava.zerodep.shaded.org.apache.hc.client5.http.headers - http-outgoing-2 >> Host: localhost:2375
03:33:01.282 [main] DEBUG com.github.dockerjava.zerodep.shaded.org.apache.hc.client5.http.headers - http-outgoing-2 >> Connection: keep-alive
03:33:01.282 [main] DEBUG com.github.dockerjava.zerodep.shaded.org.apache.hc.client5.http.headers - http-outgoing-2 >> User-Agent: Apache-HttpClient/5.0.3 (Java/11.0.15)
03:33:01.282 [main] DEBUG com.github.dockerjava.zerodep.shaded.org.apache.hc.client5.http.wire - http-outgoing-2 >> "GET /v1.32/containers/9691e31891711283f4d98263d11bc6156717d3e75a0b86a23f3b128a992c1f38/json HTTP/1.1[\r][\n]"
03:33:01.282 [main] DEBUG com.github.dockerjava.zerodep.shaded.org.apache.hc.client5.http.wire - http-outgoing-2 >> "accept: application/json[\r][\n]"
03:33:01.282 [main] DEBUG com.github.dockerjava.zerodep.shaded.org.apache.hc.client5.http.wire - http-outgoing-2 >> "Accept-Encoding: gzip, x-gzip, deflate[\r][\n]"
03:33:01.282 [main] DEBUG com.github.dockerjava.zerodep.shaded.org.apache.hc.client5.http.wire - http-outgoing-2 >> "Host: localhost:2375[\r][\n]"
03:33:01.282 [main] DEBUG com.github.dockerjava.zerodep.shaded.org.apache.hc.client5.http.wire - http-outgoing-2 >> "Connection: keep-alive[\r][\n]"
03:33:01.282 [main] DEBUG com.github.dockerjava.zerodep.shaded.org.apache.hc.client5.http.wire - http-outgoing-2 >> "User-Agent: Apache-HttpClient/5.0.3 (Java/11.0.15)[\r][\n]"
03:33:01.282 [main] DEBUG com.github.dockerjava.zerodep.shaded.org.apache.hc.client5.http.wire - http-outgoing-2 >> "[\r][\n]"
03:33:01.282 [main] DEBUG com.github.dockerjava.zerodep.shaded.org.apache.hc.client5.http.wire - http-outgoing-2 << "HTTP/1.1 200 OK[\r][\n]"
03:33:01.282 [main] DEBUG com.github.dockerjava.zerodep.shaded.org.apache.hc.client5.http.wire - http-outgoing-2 << "Api-Version: 1.41[\r][\n]"
03:33:01.282 [main] DEBUG com.github.dockerjava.zerodep.shaded.org.apache.hc.client5.http.wire - http-outgoing-2 << "Content-Type: application/json[\r][\n]"
03:33:01.282 [main] DEBUG com.github.dockerjava.zerodep.shaded.org.apache.hc.client5.http.wire - http-outgoing-2 << "Docker-Experimental: false[\r][\n]"
03:33:01.282 [main] DEBUG com.github.dockerjava.zerodep.shaded.org.apache.hc.client5.http.wire - http-outgoing-2 << "Ostype: linux[\r][\n]"
03:33:01.282 [main] DEBUG com.github.dockerjava.zerodep.shaded.org.apache.hc.client5.http.wire - http-outgoing-2 << "Server: Docker/20.10.12 (linux)[\r][\n]"
03:33:01.282 [main] DEBUG com.github.dockerjava.zerodep.shaded.org.apache.hc.client5.http.wire - http-outgoing-2 << "Date: Thu, 23 Jun 2022 02:33:01 GMT[\r][\n]"
03:33:01.282 [main] DEBUG com.github.dockerjava.zerodep.shaded.org.apache.hc.client5.http.wire - http-outgoing-2 << "Transfer-Encoding: chunked[\r][\n]"
03:33:01.282 [main] DEBUG com.github.dockerjava.zerodep.shaded.org.apache.hc.client5.http.wire - http-outgoing-2 << "[\r][\n]"
03:33:01.282 [main] DEBUG com.github.dockerjava.zerodep.shaded.org.apache.hc.client5.http.wire - http-outgoing-2 << "18ed[\r][\n]"
03:33:01.282 [main] DEBUG com.github.dockerjava.zerodep.shaded.org.apache.hc.client5.http.wire - http-outgoing-2 << "{"Id":"9691e31891711283f4d98263d11bc6156717d3e75a0b86a23f3b128a992c1f38","Created":"2022-06-23T02:32:47.03956921Z","Path":"docker-entrypoint.sh","Args":["mysqld"],"State":{"Status":"running","Running":true,"Paused":false,"Restarting":false,"OOMKilled":false,"Dead":false,"Pid":66188,"ExitCode":0,"Error":"","StartedAt":"2022-06-23T02:32:47.703880551Z","FinishedAt":"0001-01-01T00:00:00Z"},"Image":"sha256:65b636d5542b73254ce90cc4b895597dc1adc2c661ca553c38eda159979dded1","ResolvConfPath":"/var/lib/docker/containers/9691e31891711283f4d98263d11bc6156717d3e75a0b86a23f3b128a992c1f38/resolv.conf","HostnamePath":"/var/lib/docker/containers/9691e31891711283f4d98263d11bc6156717d3e75a0b86a23f3b128a992c1f38/hostname","HostsPath":"/var/lib/docker/containers/9691e31891711283f4d98263d11bc6156717d3e75a0b86a23f3b128a992c1f38/hosts","LogPath":"/var/lib/docker/containers/9691e31891711283f4d98263d11bc6156717d3e75a0b86a23f3b128a992c1f38/9691e31891711283f4d98263d11bc6156717d3e75a0b86a23f3b128a992c1f38-json.log","Name":"/xenodochial_satoshi","RestartCount":0,"Driver":"overlay2","Platform":"linux","MountLabel":"","ProcessLabel":"","AppArmorProfile":"docker-default","ExecIDs":null,"HostConfig":{"Binds":[],"ContainerIDFile":"","LogConfig":{"Type":"json-file","Config":{}},"NetworkMode":"default","PortBindings":{"3306/tcp":[{"HostIp":"","HostPort":""}]},"RestartPolicy":{"Name":"","MaximumRetryCount":0},"AutoRemove":false,"VolumeDriver":"","VolumesFrom":[],"CapAdd":null,"CapDrop":null,"CgroupnsMode":"host","Dns":null,"DnsOptions":null,"DnsSearch":null,"ExtraHosts":[],"GroupAdd":null,"IpcMode":"shareable","Cgroup":"","Links":null,"OomScoreAdj":0,"PidMode":"","Privileged":false,"PublishAllPorts":false,"ReadonlyRootfs":false,"SecurityOpt":null,"UTSMode":"","UsernsMode":"","ShmSize":67108864,"Runtime":"runc","ConsoleSize":[0,0],"Isolation":"","CpuShares":0,"Memory":0,"NanoCpus":0,"CgroupParent":"","BlkioWeight":0,"BlkioWeightDevice":null,"BlkioDeviceReadBps":null,"BlkioDeviceWriteBps":null,"BlkioDeviceReadIOps":null,"BlkioDeviceWriteIOps":null,"CpuPeriod":0,"CpuQuota":0,"CpuRealtimePeriod":0,"CpuRealtimeRuntime":0,"CpusetCpus":"","CpusetMems":"","Devices":null,"DeviceCgroupRules":null,"DeviceRequests":null,"KernelMemory":0,"KernelMemoryTCP":0,"MemoryReservation":0,"MemorySwap":0,"MemorySwappiness":null,"OomKillDisable":false,"PidsLimit":null,"Ulimits":null,"CpuCount":0,"CpuPercent":0,"IOMaximumIOps":0,"IOMaximumBandwidth":0,"MaskedPaths":["/proc/asound","/proc/acpi","/proc/kcore","/proc/keys","/proc/latency_stats","/proc/timer_list","/proc/timer_stats","/proc/sched_debug","/proc/scsi","/sys/firmware"],"ReadonlyPaths":["/proc/bus","/proc/fs","/proc/irq","/proc/sys","/proc/sysrq-trigger"]},"GraphDriver":{"Data":{"LowerDir":"/var/lib/docker/overlay2/5529564f52cf969e31e7a1482c27be7ffed19639b506ae2e15b7e7115f699a73-init/diff:/var/lib/docker/overlay2/833a665819b5d9728d3efa7c33135034345a24f83af53b1a1af33d9b64f5492a/diff:/var/lib/docker/overlay2/bd4a2a46c227c2f15475b08c398f37acaab93f4fdba31de015d730efae0a0cfc/diff:/var/lib/docker/overlay2/31ad437d7cba8e64428a2b62db1bbb2a2ec19ca4e439ec493ef4deb50dce2783/diff:/var/lib/docker/overlay2/35173cbd8ec5b88a8888e9abbe75f8694f5d3f96a9b781bb70dc1f0889685741/diff:/var/lib/docker/overlay2/24bf69ac4e8c81062fee44e7c9f746fffbb139c3f7f4b55b4fd1b23bb101b529/diff:/var/lib/docker/overlay2/2f27c96a7775dad186b6f0da325d5a251c80aa1b7f80cf8520f493c5154aee70/diff:/var/lib/docker/overlay2/463a60088c72ddbea82639ded15801e35a79c443f6a26bf1baf320c683cb06af/diff:/var/lib/docker/overlay2/80b8224b23a2ee4b5be635c58ae579fd1913aa95558cd66ab2f5e8430f00a5b8/diff:/var/lib/docker/overlay2/20451fa0b1a07b85d665bc3a0359d721ce4e4c28fa3bce7456ab25e0babae708/diff:/var/lib/docker/overlay2/f80d865cbc6c1c6f57d0963fa6234e7a6409e079eb17f4f13ca41d02731701ad/diff:/var/lib/docker/overlay2/5a3029e0b57c6ec9b985871ff6adf08356aaa0f2a15f1e34c1a7f116ecc4a61d/diff:/var/lib/docker/overlay2/4f3423103248d0b381a1bc6a7287e2b42313ff458cea602a02b7379014b03e0e/diff","MergedDir":"/var/lib/docker/overlay2/5529564f52cf969e31e7a1482c27be7ffed19639b506ae2e15b7e7115f699a73/merged","UpperDir":"/var/lib/docker/overlay2/5529564f52cf969e31e7a1482c27be7ffed19639b506ae2e15b7e7115f699a73/diff","WorkDir":"/var/lib/docker/overlay2/5529564f52cf969e31e7a1482c27be7ffed19639b506ae2e15b7e7115f699a73/work"},"Name":"overlay2"},"Mounts":[{"Type":"volume","Name":"fd1f613c7fe3ca3ae799982507ac3f565cc9f6a2dc99ceaed92389e2c43f47d1","Source":"/var/lib/docker/volumes/fd1f613c7fe3ca3ae799982507ac3f565cc9f6a2dc99ceaed92389e2c43f47d1/_data","Destination":"/var/lib/mysql","Driver":"local","Mode":"","RW":true,"Propagation":""}],"Config":{"Hostname":"9691e3189171","Domainname":"","User":"","AttachStdin":false,"AttachStdout":false,"AttachStderr":false,"ExposedPorts":{"3306/tcp":{},"33060/tcp":{}},"Tty":false,"OpenStdin":false,"StdinOnce":false,"Env":["MYSQL_DATABASE=test","MYSQL_PASSWORD=admin","MYSQL_USER=admin","MYSQL_ROOT_PASSWORD=admin","PATH=/usr/local/sbin:/usr/local/bin:/usr/sbin:/usr/bin:/sbin:/bin","GOSU_VERSION=1.14","MYSQL_MAJOR=8.0","MYSQL_VERSION=8.0.29-1debian10"],"Cmd":["mysqld"],"Image":"mysql:8.0","Volumes":{"/var/lib/mysql":{}},"WorkingDir":"","Entrypoint":["docker-entrypoint.sh"],"OnBuild":null,"Labels":{"org.testcontainers":"true","org.testcontainers.sessionId":"d48265e4-2b28-4f8c-aa67-76dd8289af84"}},"NetworkSettings":{"Bridge":"","SandboxID":"d9de8570fe3f0a4e9f3a1ff7101c963bbd2c6a0a9d8a867b96f17f4d5edca537","HairpinMode":false,"LinkLocalIPv6Address":"","LinkLocalIPv6PrefixLen":0,"Ports":{"3306/tcp":[{"HostIp":"0.0.0.0","HostPort":"49160"},{"HostIp":"::","HostPort":"49160"}],"33060/tcp":null},"SandboxKey":"/var/run/docker/netns/d9de8570fe3f","SecondaryIPAddresses":null,"SecondaryIPv6Addresses":null,"EndpointID":"93e8fe159f683a98670e8995677c2b130dbce857fc116679206e206bda319cbf","Gateway":"172.17.0.1","GlobalIPv6Address":"","GlobalIPv6PrefixLen":0,"IPAddress":"172.17.0.3","IPPrefixLen":16,"IPv6Gateway":"","MacAddress":"02:42:ac:11:00:03","Networks":{"bridge":{"IPAMConfig":null,"Links":null,"Aliases":null,"NetworkID":"1853cd2b9856825cc97ed9ef2b12efa82d95bf9cf60ad666c276eb35cc53539e","EndpointID":"93e8fe159f683a98670e8995677c2b130dbce857fc116679206e206bda319cbf","Gateway":"172.17.0.1","IPAddress":"172.17.0.3","IPPrefixLen":16,"IPv6Gateway":"","GlobalIPv6Address":"","GlobalIPv6PrefixLen":0,"MacAddress":"02:42:ac:11:00:03","DriverOpts":null}}}}[\n]"
03:33:01.282 [main] DEBUG com.github.dockerjava.zerodep.shaded.org.apache.hc.client5.http.wire - http-outgoing-2 << "[\r][\n]"
03:33:01.282 [main] DEBUG com.github.dockerjava.zerodep.shaded.org.apache.hc.client5.http.wire - http-outgoing-2 << "0[\r][\n]"
03:33:01.282 [main] DEBUG com.github.dockerjava.zerodep.shaded.org.apache.hc.client5.http.wire - http-outgoing-2 << "[\r][\n]"
03:33:01.283 [main] DEBUG com.github.dockerjava.zerodep.shaded.org.apache.hc.client5.http.headers - http-outgoing-2 << HTTP/1.1 200 OK
03:33:01.283 [main] DEBUG com.github.dockerjava.zerodep.shaded.org.apache.hc.client5.http.headers - http-outgoing-2 << Api-Version: 1.41
03:33:01.283 [main] DEBUG com.github.dockerjava.zerodep.shaded.org.apache.hc.client5.http.headers - http-outgoing-2 << Content-Type: application/json
03:33:01.283 [main] DEBUG com.github.dockerjava.zerodep.shaded.org.apache.hc.client5.http.headers - http-outgoing-2 << Docker-Experimental: false
03:33:01.283 [main] DEBUG com.github.dockerjava.zerodep.shaded.org.apache.hc.client5.http.headers - http-outgoing-2 << Ostype: linux
03:33:01.283 [main] DEBUG com.github.dockerjava.zerodep.shaded.org.apache.hc.client5.http.headers - http-outgoing-2 << Server: Docker/20.10.12 (linux)
03:33:01.283 [main] DEBUG com.github.dockerjava.zerodep.shaded.org.apache.hc.client5.http.headers - http-outgoing-2 << Date: Thu, 23 Jun 2022 02:33:01 GMT
03:33:01.283 [main] DEBUG com.github.dockerjava.zerodep.shaded.org.apache.hc.client5.http.headers - http-outgoing-2 << Transfer-Encoding: chunked
03:33:01.283 [main] DEBUG com.github.dockerjava.zerodep.shaded.org.apache.hc.client5.http.impl.classic.MainClientExec - ex-00000089: connection can be kept alive for 3 MINUTES
03:33:01.284 [main] DEBUG com.github.dockerjava.zerodep.shaded.org.apache.hc.client5.http.impl.classic.InternalHttpClient - ep-00000088: releasing valid endpoint
03:33:01.284 [main] DEBUG com.github.dockerjava.zerodep.shaded.org.apache.hc.client5.http.impl.io.PoolingHttpClientConnectionManager - ep-00000088: releasing endpoint
03:33:01.284 [main] DEBUG com.github.dockerjava.zerodep.shaded.org.apache.hc.client5.http.impl.io.PoolingHttpClientConnectionManager - ep-00000088: connection http-outgoing-2 can be kept alive for 3 MINUTES
03:33:01.284 [main] DEBUG com.github.dockerjava.zerodep.shaded.org.apache.hc.client5.http.impl.io.PoolingHttpClientConnectionManager - ep-00000088: connection released [route: {}->unix://localhost:2375][total available: 1; route allocated: 1 of 2147483647; total allocated: 1 of 2147483647]
03:33:01.284 [main] DEBUG 🐳 [mysql:8.0] - Trying to create JDBC connection using com.mysql.cj.jdbc.Driver to jdbc:mysql://localhost:49160/test?useSSL=false&allowPublicKeyRetrieval=true with properties: {password=admin, user=admin}
03:33:01.385 [main] DEBUG org.testcontainers.shaded.com.github.dockerjava.core.command.AbstrDockerCmd - Cmd: 9691e31891711283f4d98263d11bc6156717d3e75a0b86a23f3b128a992c1f38,false
03:33:01.385 [main] DEBUG org.testcontainers.shaded.com.github.dockerjava.core.exec.InspectContainerCmdExec - GET: DefaultWebTarget{path=[/containers/9691e31891711283f4d98263d11bc6156717d3e75a0b86a23f3b128a992c1f38/json], queryParams={}}
03:33:01.386 [main] DEBUG com.github.dockerjava.zerodep.shaded.org.apache.hc.client5.http.impl.classic.InternalHttpClient - ex-0000008A: preparing request execution
03:33:01.386 [main] DEBUG com.github.dockerjava.zerodep.shaded.org.apache.hc.client5.http.protocol.RequestAddCookies - Cookie spec selected: strict
03:33:01.386 [main] DEBUG com.github.dockerjava.zerodep.shaded.org.apache.hc.client5.http.protocol.RequestAuthCache - Auth cache not set in the context
03:33:01.386 [main] DEBUG com.github.dockerjava.zerodep.shaded.org.apache.hc.client5.http.impl.classic.ProtocolExec - ex-0000008A: target auth state: UNCHALLENGED
03:33:01.386 [main] DEBUG com.github.dockerjava.zerodep.shaded.org.apache.hc.client5.http.impl.classic.ProtocolExec - ex-0000008A: proxy auth state: UNCHALLENGED
03:33:01.386 [main] DEBUG com.github.dockerjava.zerodep.shaded.org.apache.hc.client5.http.impl.classic.ConnectExec - ex-0000008A: acquiring connection with route {}->unix://localhost:2375
03:33:01.386 [main] DEBUG com.github.dockerjava.zerodep.shaded.org.apache.hc.client5.http.impl.classic.InternalHttpClient - ex-0000008A: acquiring endpoint (3 MINUTES)
03:33:01.386 [main] DEBUG com.github.dockerjava.zerodep.shaded.org.apache.hc.client5.http.impl.io.PoolingHttpClientConnectionManager - ex-0000008A: endpoint lease request (3 MINUTES) [route: {}->unix://localhost:2375][total available: 1; route allocated: 1 of 2147483647; total allocated: 1 of 2147483647]
03:33:01.386 [main] DEBUG com.github.dockerjava.zerodep.shaded.org.apache.hc.client5.http.impl.io.PoolingHttpClientConnectionManager - ex-0000008A: endpoint leased [route: {}->unix://localhost:2375][total available: 0; route allocated: 1 of 2147483647; total allocated: 1 of 2147483647]
03:33:01.386 [main] DEBUG com.github.dockerjava.zerodep.shaded.org.apache.hc.client5.http.impl.io.PoolingHttpClientConnectionManager - ex-0000008A: acquired ep-00000089
03:33:01.386 [main] DEBUG com.github.dockerjava.zerodep.shaded.org.apache.hc.client5.http.impl.classic.InternalHttpClient - ex-0000008A: acquired endpoint ep-00000089
03:33:01.386 [main] DEBUG com.github.dockerjava.zerodep.shaded.org.apache.hc.client5.http.impl.classic.MainClientExec - ex-0000008A: executing GET /v1.32/containers/9691e31891711283f4d98263d11bc6156717d3e75a0b86a23f3b128a992c1f38/json HTTP/1.1
03:33:01.386 [main] DEBUG com.github.dockerjava.zerodep.shaded.org.apache.hc.client5.http.impl.classic.InternalHttpClient - ep-00000089: start execution ex-0000008A
03:33:01.386 [main] DEBUG com.github.dockerjava.zerodep.shaded.org.apache.hc.client5.http.impl.io.PoolingHttpClientConnectionManager - ep-00000089: executing exchange ex-0000008A over http-outgoing-2
03:33:01.386 [main] DEBUG com.github.dockerjava.zerodep.shaded.org.apache.hc.client5.http.headers - http-outgoing-2 >> GET /v1.32/containers/9691e31891711283f4d98263d11bc6156717d3e75a0b86a23f3b128a992c1f38/json HTTP/1.1
03:33:01.386 [main] DEBUG com.github.dockerjava.zerodep.shaded.org.apache.hc.client5.http.headers - http-outgoing-2 >> accept: application/json
03:33:01.386 [main] DEBUG com.github.dockerjava.zerodep.shaded.org.apache.hc.client5.http.headers - http-outgoing-2 >> Accept-Encoding: gzip, x-gzip, deflate
03:33:01.386 [main] DEBUG com.github.dockerjava.zerodep.shaded.org.apache.hc.client5.http.headers - http-outgoing-2 >> Host: localhost:2375
03:33:01.386 [main] DEBUG com.github.dockerjava.zerodep.shaded.org.apache.hc.client5.http.headers - http-outgoing-2 >> Connection: keep-alive
03:33:01.386 [main] DEBUG com.github.dockerjava.zerodep.shaded.org.apache.hc.client5.http.headers - http-outgoing-2 >> User-Agent: Apache-HttpClient/5.0.3 (Java/11.0.15)
03:33:01.386 [main] DEBUG com.github.dockerjava.zerodep.shaded.org.apache.hc.client5.http.wire - http-outgoing-2 >> "GET /v1.32/containers/9691e31891711283f4d98263d11bc6156717d3e75a0b86a23f3b128a992c1f38/json HTTP/1.1[\r][\n]"
03:33:01.386 [main] DEBUG com.github.dockerjava.zerodep.shaded.org.apache.hc.client5.http.wire - http-outgoing-2 >> "accept: application/json[\r][\n]"
03:33:01.386 [main] DEBUG com.github.dockerjava.zerodep.shaded.org.apache.hc.client5.http.wire - http-outgoing-2 >> "Accept-Encoding: gzip, x-gzip, deflate[\r][\n]"
03:33:01.386 [main] DEBUG com.github.dockerjava.zerodep.shaded.org.apache.hc.client5.http.wire - http-outgoing-2 >> "Host: localhost:2375[\r][\n]"
03:33:01.386 [main] DEBUG com.github.dockerjava.zerodep.shaded.org.apache.hc.client5.http.wire - http-outgoing-2 >> "Connection: keep-alive[\r][\n]"
03:33:01.386 [main] DEBUG com.github.dockerjava.zerodep.shaded.org.apache.hc.client5.http.wire - http-outgoing-2 >> "User-Agent: Apache-HttpClient/5.0.3 (Java/11.0.15)[\r][\n]"
03:33:01.386 [main] DEBUG com.github.dockerjava.zerodep.shaded.org.apache.hc.client5.http.wire - http-outgoing-2 >> "[\r][\n]"
03:33:01.387 [main] DEBUG com.github.dockerjava.zerodep.shaded.org.apache.hc.client5.http.wire - http-outgoing-2 << "HTTP/1.1 200 OK[\r][\n]"
03:33:01.387 [main] DEBUG com.github.dockerjava.zerodep.shaded.org.apache.hc.client5.http.wire - http-outgoing-2 << "Api-Version: 1.41[\r][\n]"
03:33:01.387 [main] DEBUG com.github.dockerjava.zerodep.shaded.org.apache.hc.client5.http.wire - http-outgoing-2 << "Content-Type: application/json[\r][\n]"
03:33:01.387 [main] DEBUG com.github.dockerjava.zerodep.shaded.org.apache.hc.client5.http.wire - http-outgoing-2 << "Docker-Experimental: false[\r][\n]"
03:33:01.387 [main] DEBUG com.github.dockerjava.zerodep.shaded.org.apache.hc.client5.http.wire - http-outgoing-2 << "Ostype: linux[\r][\n]"
03:33:01.387 [main] DEBUG com.github.dockerjava.zerodep.shaded.org.apache.hc.client5.http.wire - http-outgoing-2 << "Server: Docker/20.10.12 (linux)[\r][\n]"
03:33:01.387 [main] DEBUG com.github.dockerjava.zerodep.shaded.org.apache.hc.client5.http.wire - http-outgoing-2 << "Date: Thu, 23 Jun 2022 02:33:01 GMT[\r][\n]"
03:33:01.387 [main] DEBUG com.github.dockerjava.zerodep.shaded.org.apache.hc.client5.http.wire - http-outgoing-2 << "Transfer-Encoding: chunked[\r][\n]"
03:33:01.387 [main] DEBUG com.github.dockerjava.zerodep.shaded.org.apache.hc.client5.http.wire - http-outgoing-2 << "[\r][\n]"
03:33:01.387 [main] DEBUG com.github.dockerjava.zerodep.shaded.org.apache.hc.client5.http.wire - http-outgoing-2 << "18ed[\r][\n]"
03:33:01.387 [main] DEBUG com.github.dockerjava.zerodep.shaded.org.apache.hc.client5.http.wire - http-outgoing-2 << "{"Id":"9691e31891711283f4d98263d11bc6156717d3e75a0b86a23f3b128a992c1f38","Created":"2022-06-23T02:32:47.03956921Z","Path":"docker-entrypoint.sh","Args":["mysqld"],"State":{"Status":"running","Running":true,"Paused":false,"Restarting":false,"OOMKilled":false,"Dead":false,"Pid":66188,"ExitCode":0,"Error":"","StartedAt":"2022-06-23T02:32:47.703880551Z","FinishedAt":"0001-01-01T00:00:00Z"},"Image":"sha256:65b636d5542b73254ce90cc4b895597dc1adc2c661ca553c38eda159979dded1","ResolvConfPath":"/var/lib/docker/containers/9691e31891711283f4d98263d11bc6156717d3e75a0b86a23f3b128a992c1f38/resolv.conf","HostnamePath":"/var/lib/docker/containers/9691e31891711283f4d98263d11bc6156717d3e75a0b86a23f3b128a992c1f38/hostname","HostsPath":"/var/lib/docker/containers/9691e31891711283f4d98263d11bc6156717d3e75a0b86a23f3b128a992c1f38/hosts","LogPath":"/var/lib/docker/containers/9691e31891711283f4d98263d11bc6156717d3e75a0b86a23f3b128a992c1f38/9691e31891711283f4d98263d11bc6156717d3e75a0b86a23f3b128a992c1f38-json.log","Name":"/xenodochial_satoshi","RestartCount":0,"Driver":"overlay2","Platform":"linux","MountLabel":"","ProcessLabel":"","AppArmorProfile":"docker-default","ExecIDs":null,"HostConfig":{"Binds":[],"ContainerIDFile":"","LogConfig":{"Type":"json-file","Config":{}},"NetworkMode":"default","PortBindings":{"3306/tcp":[{"HostIp":"","HostPort":""}]},"RestartPolicy":{"Name":"","MaximumRetryCount":0},"AutoRemove":false,"VolumeDriver":"","VolumesFrom":[],"CapAdd":null,"CapDrop":null,"CgroupnsMode":"host","Dns":null,"DnsOptions":null,"DnsSearch":null,"ExtraHosts":[],"GroupAdd":null,"IpcMode":"shareable","Cgroup":"","Links":null,"OomScoreAdj":0,"PidMode":"","Privileged":false,"PublishAllPorts":false,"ReadonlyRootfs":false,"SecurityOpt":null,"UTSMode":"","UsernsMode":"","ShmSize":67108864,"Runtime":"runc","ConsoleSize":[0,0],"Isolation":"","CpuShares":0,"Memory":0,"NanoCpus":0,"CgroupParent":"","BlkioWeight":0,"BlkioWeightDevice":null,"BlkioDeviceReadBps":null,"BlkioDeviceWriteBps":null,"BlkioDeviceReadIOps":null,"BlkioDeviceWriteIOps":null,"CpuPeriod":0,"CpuQuota":0,"CpuRealtimePeriod":0,"CpuRealtimeRuntime":0,"CpusetCpus":"","CpusetMems":"","Devices":null,"DeviceCgroupRules":null,"DeviceRequests":null,"KernelMemory":0,"KernelMemoryTCP":0,"MemoryReservation":0,"MemorySwap":0,"MemorySwappiness":null,"OomKillDisable":false,"PidsLimit":null,"Ulimits":null,"CpuCount":0,"CpuPercent":0,"IOMaximumIOps":0,"IOMaximumBandwidth":0,"MaskedPaths":["/proc/asound","/proc/acpi","/proc/kcore","/proc/keys","/proc/latency_stats","/proc/timer_list","/proc/timer_stats","/proc/sched_debug","/proc/scsi","/sys/firmware"],"ReadonlyPaths":["/proc/bus","/proc/fs","/proc/irq","/proc/sys","/proc/sysrq-trigger"]},"GraphDriver":{"Data":{"LowerDir":"/var/lib/docker/overlay2/5529564f52cf969e31e7a1482c27be7ffed19639b506ae2e15b7e7115f699a73-init/diff:/var/lib/docker/overlay2/833a665819b5d9728d3efa7c33135034345a24f83af53b1a1af33d9b64f5492a/diff:/var/lib/docker/overlay2/bd4a2a46c227c2f15475b08c398f37acaab93f4fdba31de015d730efae0a0cfc/diff:/var/lib/docker/overlay2/31ad437d7cba8e64428a2b62db1bbb2a2ec19ca4e439ec493ef4deb50dce2783/diff:/var/lib/docker/overlay2/35173cbd8ec5b88a8888e9abbe75f8694f5d3f96a9b781bb70dc1f0889685741/diff:/var/lib/docker/overlay2/24bf69ac4e8c81062fee44e7c9f746fffbb139c3f7f4b55b4fd1b23bb101b529/diff:/var/lib/docker/overlay2/2f27c96a7775dad186b6f0da325d5a251c80aa1b7f80cf8520f493c5154aee70/diff:/var/lib/docker/overlay2/463a60088c72ddbea82639ded15801e35a79c443f6a26bf1baf320c683cb06af/diff:/var/lib/docker/overlay2/80b8224b23a2ee4b5be635c58ae579fd1913aa95558cd66ab2f5e8430f00a5b8/diff:/var/lib/docker/overlay2/20451fa0b1a07b85d665bc3a0359d721ce4e4c28fa3bce7456ab25e0babae708/diff:/var/lib/docker/overlay2/f80d865cbc6c1c6f57d0963fa6234e7a6409e079eb17f4f13ca41d02731701ad/diff:/var/lib/docker/overlay2/5a3029e0b57c6ec9b985871ff6adf08356aaa0f2a15f1e34c1a7f116ecc4a61d/diff:/var/lib/docker/overlay2/4f3423103248d0b381a1bc6a7287e2b42313ff458cea602a02b7379014b03e0e/diff","MergedDir":"/var/lib/docker/overlay2/5529564f52cf969e31e7a1482c27be7ffed19639b506ae2e15b7e7115f699a73/merged","UpperDir":"/var/lib/docker/overlay2/5529564f52cf969e31e7a1482c27be7ffed19639b506ae2e15b7e7115f699a73/diff","WorkDir":"/var/lib/docker/overlay2/5529564f52cf969e31e7a1482c27be7ffed19639b506ae2e15b7e7115f699a73/work"},"Name":"overlay2"},"Mounts":[{"Type":"volume","Name":"fd1f613c7fe3ca3ae799982507ac3f565cc9f6a2dc99ceaed92389e2c43f47d1","Source":"/var/lib/docker/volumes/fd1f613c7fe3ca3ae799982507ac3f565cc9f6a2dc99ceaed92389e2c43f47d1/_data","Destination":"/var/lib/mysql","Driver":"local","Mode":"","RW":true,"Propagation":""}],"Config":{"Hostname":"9691e3189171","Domainname":"","User":"","AttachStdin":false,"AttachStdout":false,"AttachStderr":false,"ExposedPorts":{"3306/tcp":{},"33060/tcp":{}},"Tty":false,"OpenStdin":false,"StdinOnce":false,"Env":["MYSQL_DATABASE=test","MYSQL_PASSWORD=admin","MYSQL_USER=admin","MYSQL_ROOT_PASSWORD=admin","PATH=/usr/local/sbin:/usr/local/bin:/usr/sbin:/usr/bin:/sbin:/bin","GOSU_VERSION=1.14","MYSQL_MAJOR=8.0","MYSQL_VERSION=8.0.29-1debian10"],"Cmd":["mysqld"],"Image":"mysql:8.0","Volumes":{"/var/lib/mysql":{}},"WorkingDir":"","Entrypoint":["docker-entrypoint.sh"],"OnBuild":null,"Labels":{"org.testcontainers":"true","org.testcontainers.sessionId":"d48265e4-2b28-4f8c-aa67-76dd8289af84"}},"NetworkSettings":{"Bridge":"","SandboxID":"d9de8570fe3f0a4e9f3a1ff7101c963bbd2c6a0a9d8a867b96f17f4d5edca537","HairpinMode":false,"LinkLocalIPv6Address":"","LinkLocalIPv6PrefixLen":0,"Ports":{"3306/tcp":[{"HostIp":"0.0.0.0","HostPort":"49160"},{"HostIp":"::","HostPort":"49160"}],"33060/tcp":null},"SandboxKey":"/var/run/docker/netns/d9de8570fe3f","SecondaryIPAddresses":null,"SecondaryIPv6Addresses":null,"EndpointID":"93e8fe159f683a98670e8995677c2b130dbce857fc116679206e206bda319cbf","Gateway":"172.17.0.1","GlobalIPv6Address":"","GlobalIPv6PrefixLen":0,"IPAddress":"172.17.0.3","IPPrefixLen":16,"IPv6Gateway":"","MacAddress":"02:42:ac:11:00:03","Networks":{"bridge":{"IPAMConfig":null,"Links":null,"Aliases":null,"NetworkID":"1853cd2b9856825cc97ed9ef2b12efa82d95bf9cf60ad666c276eb35cc53539e","EndpointID":"93e8fe159f683a98670e8995677c2b130dbce857fc116679206e206bda319cbf","Gateway":"172.17.0.1","IPAddress":"172.17.0.3","IPPrefixLen":16,"IPv6Gateway":"","GlobalIPv6Address":"","GlobalIPv6PrefixLen":0,"MacAddress":"02:42:ac:11:00:03","DriverOpts":null}}}}[\n]"
03:33:01.387 [main] DEBUG com.github.dockerjava.zerodep.shaded.org.apache.hc.client5.http.wire - http-outgoing-2 << "[\r][\n]"
03:33:01.387 [main] DEBUG com.github.dockerjava.zerodep.shaded.org.apache.hc.client5.http.wire - http-outgoing-2 << "0[\r][\n]"
03:33:01.387 [main] DEBUG com.github.dockerjava.zerodep.shaded.org.apache.hc.client5.http.wire - http-outgoing-2 << "[\r][\n]"
03:33:01.387 [main] DEBUG com.github.dockerjava.zerodep.shaded.org.apache.hc.client5.http.headers - http-outgoing-2 << HTTP/1.1 200 OK
03:33:01.387 [main] DEBUG com.github.dockerjava.zerodep.shaded.org.apache.hc.client5.http.headers - http-outgoing-2 << Api-Version: 1.41
03:33:01.387 [main] DEBUG com.github.dockerjava.zerodep.shaded.org.apache.hc.client5.http.headers - http-outgoing-2 << Content-Type: application/json
03:33:01.387 [main] DEBUG com.github.dockerjava.zerodep.shaded.org.apache.hc.client5.http.headers - http-outgoing-2 << Docker-Experimental: false
03:33:01.387 [main] DEBUG com.github.dockerjava.zerodep.shaded.org.apache.hc.client5.http.headers - http-outgoing-2 << Ostype: linux
03:33:01.387 [main] DEBUG com.github.dockerjava.zerodep.shaded.org.apache.hc.client5.http.headers - http-outgoing-2 << Server: Docker/20.10.12 (linux)
03:33:01.387 [main] DEBUG com.github.dockerjava.zerodep.shaded.org.apache.hc.client5.http.headers - http-outgoing-2 << Date: Thu, 23 Jun 2022 02:33:01 GMT
03:33:01.387 [main] DEBUG com.github.dockerjava.zerodep.shaded.org.apache.hc.client5.http.headers - http-outgoing-2 << Transfer-Encoding: chunked
03:33:01.387 [main] DEBUG com.github.dockerjava.zerodep.shaded.org.apache.hc.client5.http.impl.classic.MainClientExec - ex-0000008A: connection can be kept alive for 3 MINUTES
03:33:01.388 [main] DEBUG com.github.dockerjava.zerodep.shaded.org.apache.hc.client5.http.impl.classic.InternalHttpClient - ep-00000089: releasing valid endpoint
03:33:01.388 [main] DEBUG com.github.dockerjava.zerodep.shaded.org.apache.hc.client5.http.impl.io.PoolingHttpClientConnectionManager - ep-00000089: releasing endpoint
03:33:01.388 [main] DEBUG com.github.dockerjava.zerodep.shaded.org.apache.hc.client5.http.impl.io.PoolingHttpClientConnectionManager - ep-00000089: connection http-outgoing-2 can be kept alive for 3 MINUTES
03:33:01.388 [main] DEBUG com.github.dockerjava.zerodep.shaded.org.apache.hc.client5.http.impl.io.PoolingHttpClientConnectionManager - ep-00000089: connection released [route: {}->unix://localhost:2375][total available: 1; route allocated: 1 of 2147483647; total allocated: 1 of 2147483647]
03:33:01.388 [main] DEBUG 🐳 [mysql:8.0] - Trying to create JDBC connection using com.mysql.cj.jdbc.Driver to jdbc:mysql://localhost:49160/test?useSSL=false&allowPublicKeyRetrieval=true with properties: {password=admin, user=admin}
03:33:01.490 [main] DEBUG org.testcontainers.shaded.com.github.dockerjava.core.command.AbstrDockerCmd - Cmd: 9691e31891711283f4d98263d11bc6156717d3e75a0b86a23f3b128a992c1f38,false
03:33:01.490 [main] DEBUG org.testcontainers.shaded.com.github.dockerjava.core.exec.InspectContainerCmdExec - GET: DefaultWebTarget{path=[/containers/9691e31891711283f4d98263d11bc6156717d3e75a0b86a23f3b128a992c1f38/json], queryParams={}}
03:33:01.490 [main] DEBUG com.github.dockerjava.zerodep.shaded.org.apache.hc.client5.http.impl.classic.InternalHttpClient - ex-0000008B: preparing request execution
03:33:01.490 [main] DEBUG com.github.dockerjava.zerodep.shaded.org.apache.hc.client5.http.protocol.RequestAddCookies - Cookie spec selected: strict
03:33:01.490 [main] DEBUG com.github.dockerjava.zerodep.shaded.org.apache.hc.client5.http.protocol.RequestAuthCache - Auth cache not set in the context
03:33:01.490 [main] DEBUG com.github.dockerjava.zerodep.shaded.org.apache.hc.client5.http.impl.classic.ProtocolExec - ex-0000008B: target auth state: UNCHALLENGED
03:33:01.490 [main] DEBUG com.github.dockerjava.zerodep.shaded.org.apache.hc.client5.http.impl.classic.ProtocolExec - ex-0000008B: proxy auth state: UNCHALLENGED
03:33:01.490 [main] DEBUG com.github.dockerjava.zerodep.shaded.org.apache.hc.client5.http.impl.classic.ConnectExec - ex-0000008B: acquiring connection with route {}->unix://localhost:2375
03:33:01.490 [main] DEBUG com.github.dockerjava.zerodep.shaded.org.apache.hc.client5.http.impl.classic.InternalHttpClient - ex-0000008B: acquiring endpoint (3 MINUTES)
03:33:01.490 [main] DEBUG com.github.dockerjava.zerodep.shaded.org.apache.hc.client5.http.impl.io.PoolingHttpClientConnectionManager - ex-0000008B: endpoint lease request (3 MINUTES) [route: {}->unix://localhost:2375][total available: 1; route allocated: 1 of 2147483647; total allocated: 1 of 2147483647]
03:33:01.490 [main] DEBUG com.github.dockerjava.zerodep.shaded.org.apache.hc.client5.http.impl.io.PoolingHttpClientConnectionManager - ex-0000008B: endpoint leased [route: {}->unix://localhost:2375][total available: 0; route allocated: 1 of 2147483647; total allocated: 1 of 2147483647]
03:33:01.490 [main] DEBUG com.github.dockerjava.zerodep.shaded.org.apache.hc.client5.http.impl.io.PoolingHttpClientConnectionManager - ex-0000008B: acquired ep-0000008A
03:33:01.490 [main] DEBUG com.github.dockerjava.zerodep.shaded.org.apache.hc.client5.http.impl.classic.InternalHttpClient - ex-0000008B: acquired endpoint ep-0000008A
03:33:01.490 [main] DEBUG com.github.dockerjava.zerodep.shaded.org.apache.hc.client5.http.impl.classic.MainClientExec - ex-0000008B: executing GET /v1.32/containers/9691e31891711283f4d98263d11bc6156717d3e75a0b86a23f3b128a992c1f38/json HTTP/1.1
03:33:01.491 [main] DEBUG com.github.dockerjava.zerodep.shaded.org.apache.hc.client5.http.impl.classic.InternalHttpClient - ep-0000008A: start execution ex-0000008B
03:33:01.491 [main] DEBUG com.github.dockerjava.zerodep.shaded.org.apache.hc.client5.http.impl.io.PoolingHttpClientConnectionManager - ep-0000008A: executing exchange ex-0000008B over http-outgoing-2
03:33:01.491 [main] DEBUG com.github.dockerjava.zerodep.shaded.org.apache.hc.client5.http.headers - http-outgoing-2 >> GET /v1.32/containers/9691e31891711283f4d98263d11bc6156717d3e75a0b86a23f3b128a992c1f38/json HTTP/1.1
03:33:01.491 [main] DEBUG com.github.dockerjava.zerodep.shaded.org.apache.hc.client5.http.headers - http-outgoing-2 >> accept: application/json
03:33:01.491 [main] DEBUG com.github.dockerjava.zerodep.shaded.org.apache.hc.client5.http.headers - http-outgoing-2 >> Accept-Encoding: gzip, x-gzip, deflate
03:33:01.491 [main] DEBUG com.github.dockerjava.zerodep.shaded.org.apache.hc.client5.http.headers - http-outgoing-2 >> Host: localhost:2375
03:33:01.491 [main] DEBUG com.github.dockerjava.zerodep.shaded.org.apache.hc.client5.http.headers - http-outgoing-2 >> Connection: keep-alive
03:33:01.491 [main] DEBUG com.github.dockerjava.zerodep.shaded.org.apache.hc.client5.http.headers - http-outgoing-2 >> User-Agent: Apache-HttpClient/5.0.3 (Java/11.0.15)
03:33:01.491 [main] DEBUG com.github.dockerjava.zerodep.shaded.org.apache.hc.client5.http.wire - http-outgoing-2 >> "GET /v1.32/containers/9691e31891711283f4d98263d11bc6156717d3e75a0b86a23f3b128a992c1f38/json HTTP/1.1[\r][\n]"
03:33:01.491 [main] DEBUG com.github.dockerjava.zerodep.shaded.org.apache.hc.client5.http.wire - http-outgoing-2 >> "accept: application/json[\r][\n]"
03:33:01.491 [main] DEBUG com.github.dockerjava.zerodep.shaded.org.apache.hc.client5.http.wire - http-outgoing-2 >> "Accept-Encoding: gzip, x-gzip, deflate[\r][\n]"
03:33:01.491 [main] DEBUG com.github.dockerjava.zerodep.shaded.org.apache.hc.client5.http.wire - http-outgoing-2 >> "Host: localhost:2375[\r][\n]"
03:33:01.491 [main] DEBUG com.github.dockerjava.zerodep.shaded.org.apache.hc.client5.http.wire - http-outgoing-2 >> "Connection: keep-alive[\r][\n]"
03:33:01.491 [main] DEBUG com.github.dockerjava.zerodep.shaded.org.apache.hc.client5.http.wire - http-outgoing-2 >> "User-Agent: Apache-HttpClient/5.0.3 (Java/11.0.15)[\r][\n]"
03:33:01.491 [main] DEBUG com.github.dockerjava.zerodep.shaded.org.apache.hc.client5.http.wire - http-outgoing-2 >> "[\r][\n]"
03:33:01.491 [main] DEBUG com.github.dockerjava.zerodep.shaded.org.apache.hc.client5.http.wire - http-outgoing-2 << "HTTP/1.1 200 OK[\r][\n]"
03:33:01.491 [main] DEBUG com.github.dockerjava.zerodep.shaded.org.apache.hc.client5.http.wire - http-outgoing-2 << "Api-Version: 1.41[\r][\n]"
03:33:01.492 [main] DEBUG com.github.dockerjava.zerodep.shaded.org.apache.hc.client5.http.wire - http-outgoing-2 << "Content-Type: application/json[\r][\n]"
03:33:01.492 [main] DEBUG com.github.dockerjava.zerodep.shaded.org.apache.hc.client5.http.wire - http-outgoing-2 << "Docker-Experimental: false[\r][\n]"
03:33:01.492 [main] DEBUG com.github.dockerjava.zerodep.shaded.org.apache.hc.client5.http.wire - http-outgoing-2 << "Ostype: linux[\r][\n]"
03:33:01.492 [main] DEBUG com.github.dockerjava.zerodep.shaded.org.apache.hc.client5.http.wire - http-outgoing-2 << "Server: Docker/20.10.12 (linux)[\r][\n]"
03:33:01.492 [main] DEBUG com.github.dockerjava.zerodep.shaded.org.apache.hc.client5.http.wire - http-outgoing-2 << "Date: Thu, 23 Jun 2022 02:33:01 GMT[\r][\n]"
03:33:01.492 [main] DEBUG com.github.dockerjava.zerodep.shaded.org.apache.hc.client5.http.wire - http-outgoing-2 << "Transfer-Encoding: chunked[\r][\n]"
03:33:01.492 [main] DEBUG com.github.dockerjava.zerodep.shaded.org.apache.hc.client5.http.wire - http-outgoing-2 << "[\r][\n]"
03:33:01.492 [main] DEBUG com.github.dockerjava.zerodep.shaded.org.apache.hc.client5.http.wire - http-outgoing-2 << "18ed[\r][\n]"
03:33:01.492 [main] DEBUG com.github.dockerjava.zerodep.shaded.org.apache.hc.client5.http.wire - http-outgoing-2 << "{"Id":"9691e31891711283f4d98263d11bc6156717d3e75a0b86a23f3b128a992c1f38","Created":"2022-06-23T02:32:47.03956921Z","Path":"docker-entrypoint.sh","Args":["mysqld"],"State":{"Status":"running","Running":true,"Paused":false,"Restarting":false,"OOMKilled":false,"Dead":false,"Pid":66188,"ExitCode":0,"Error":"","StartedAt":"2022-06-23T02:32:47.703880551Z","FinishedAt":"0001-01-01T00:00:00Z"},"Image":"sha256:65b636d5542b73254ce90cc4b895597dc1adc2c661ca553c38eda159979dded1","ResolvConfPath":"/var/lib/docker/containers/9691e31891711283f4d98263d11bc6156717d3e75a0b86a23f3b128a992c1f38/resolv.conf","HostnamePath":"/var/lib/docker/containers/9691e31891711283f4d98263d11bc6156717d3e75a0b86a23f3b128a992c1f38/hostname","HostsPath":"/var/lib/docker/containers/9691e31891711283f4d98263d11bc6156717d3e75a0b86a23f3b128a992c1f38/hosts","LogPath":"/var/lib/docker/containers/9691e31891711283f4d98263d11bc6156717d3e75a0b86a23f3b128a992c1f38/9691e31891711283f4d98263d11bc6156717d3e75a0b86a23f3b128a992c1f38-json.log","Name":"/xenodochial_satoshi","RestartCount":0,"Driver":"overlay2","Platform":"linux","MountLabel":"","ProcessLabel":"","AppArmorProfile":"docker-default","ExecIDs":null,"HostConfig":{"Binds":[],"ContainerIDFile":"","LogConfig":{"Type":"json-file","Config":{}},"NetworkMode":"default","PortBindings":{"3306/tcp":[{"HostIp":"","HostPort":""}]},"RestartPolicy":{"Name":"","MaximumRetryCount":0},"AutoRemove":false,"VolumeDriver":"","VolumesFrom":[],"CapAdd":null,"CapDrop":null,"CgroupnsMode":"host","Dns":null,"DnsOptions":null,"DnsSearch":null,"ExtraHosts":[],"GroupAdd":null,"IpcMode":"shareable","Cgroup":"","Links":null,"OomScoreAdj":0,"PidMode":"","Privileged":false,"PublishAllPorts":false,"ReadonlyRootfs":false,"SecurityOpt":null,"UTSMode":"","UsernsMode":"","ShmSize":67108864,"Runtime":"runc","ConsoleSize":[0,0],"Isolation":"","CpuShares":0,"Memory":0,"NanoCpus":0,"CgroupParent":"","BlkioWeight":0,"BlkioWeightDevice":null,"BlkioDeviceReadBps":null,"BlkioDeviceWriteBps":null,"BlkioDeviceReadIOps":null,"BlkioDeviceWriteIOps":null,"CpuPeriod":0,"CpuQuota":0,"CpuRealtimePeriod":0,"CpuRealtimeRuntime":0,"CpusetCpus":"","CpusetMems":"","Devices":null,"DeviceCgroupRules":null,"DeviceRequests":null,"KernelMemory":0,"KernelMemoryTCP":0,"MemoryReservation":0,"MemorySwap":0,"MemorySwappiness":null,"OomKillDisable":false,"PidsLimit":null,"Ulimits":null,"CpuCount":0,"CpuPercent":0,"IOMaximumIOps":0,"IOMaximumBandwidth":0,"MaskedPaths":["/proc/asound","/proc/acpi","/proc/kcore","/proc/keys","/proc/latency_stats","/proc/timer_list","/proc/timer_stats","/proc/sched_debug","/proc/scsi","/sys/firmware"],"ReadonlyPaths":["/proc/bus","/proc/fs","/proc/irq","/proc/sys","/proc/sysrq-trigger"]},"GraphDriver":{"Data":{"LowerDir":"/var/lib/docker/overlay2/5529564f52cf969e31e7a1482c27be7ffed19639b506ae2e15b7e7115f699a73-init/diff:/var/lib/docker/overlay2/833a665819b5d9728d3efa7c33135034345a24f83af53b1a1af33d9b64f5492a/diff:/var/lib/docker/overlay2/bd4a2a46c227c2f15475b08c398f37acaab93f4fdba31de015d730efae0a0cfc/diff:/var/lib/docker/overlay2/31ad437d7cba8e64428a2b62db1bbb2a2ec19ca4e439ec493ef4deb50dce2783/diff:/var/lib/docker/overlay2/35173cbd8ec5b88a8888e9abbe75f8694f5d3f96a9b781bb70dc1f0889685741/diff:/var/lib/docker/overlay2/24bf69ac4e8c81062fee44e7c9f746fffbb139c3f7f4b55b4fd1b23bb101b529/diff:/var/lib/docker/overlay2/2f27c96a7775dad186b6f0da325d5a251c80aa1b7f80cf8520f493c5154aee70/diff:/var/lib/docker/overlay2/463a60088c72ddbea82639ded15801e35a79c443f6a26bf1baf320c683cb06af/diff:/var/lib/docker/overlay2/80b8224b23a2ee4b5be635c58ae579fd1913aa95558cd66ab2f5e8430f00a5b8/diff:/var/lib/docker/overlay2/20451fa0b1a07b85d665bc3a0359d721ce4e4c28fa3bce7456ab25e0babae708/diff:/var/lib/docker/overlay2/f80d865cbc6c1c6f57d0963fa6234e7a6409e079eb17f4f13ca41d02731701ad/diff:/var/lib/docker/overlay2/5a3029e0b57c6ec9b985871ff6adf08356aaa0f2a15f1e34c1a7f116ecc4a61d/dif"
03:33:01.492 [main] DEBUG com.github.dockerjava.zerodep.shaded.org.apache.hc.client5.http.headers - http-outgoing-2 << HTTP/1.1 200 OK
03:33:01.492 [main] DEBUG com.github.dockerjava.zerodep.shaded.org.apache.hc.client5.http.headers - http-outgoing-2 << Api-Version: 1.41
03:33:01.492 [main] DEBUG com.github.dockerjava.zerodep.shaded.org.apache.hc.client5.http.headers - http-outgoing-2 << Content-Type: application/json
03:33:01.492 [main] DEBUG com.github.dockerjava.zerodep.shaded.org.apache.hc.client5.http.headers - http-outgoing-2 << Docker-Experimental: false
03:33:01.492 [main] DEBUG com.github.dockerjava.zerodep.shaded.org.apache.hc.client5.http.headers - http-outgoing-2 << Ostype: linux
03:33:01.492 [main] DEBUG com.github.dockerjava.zerodep.shaded.org.apache.hc.client5.http.headers - http-outgoing-2 << Server: Docker/20.10.12 (linux)
03:33:01.492 [main] DEBUG com.github.dockerjava.zerodep.shaded.org.apache.hc.client5.http.headers - http-outgoing-2 << Date: Thu, 23 Jun 2022 02:33:01 GMT
03:33:01.492 [main] DEBUG com.github.dockerjava.zerodep.shaded.org.apache.hc.client5.http.headers - http-outgoing-2 << Transfer-Encoding: chunked
03:33:01.492 [main] DEBUG com.github.dockerjava.zerodep.shaded.org.apache.hc.client5.http.impl.classic.MainClientExec - ex-0000008B: connection can be kept alive for 3 MINUTES
03:33:01.492 [main] DEBUG com.github.dockerjava.zerodep.shaded.org.apache.hc.client5.http.wire - http-outgoing-2 << "f:/var/lib/docker/overlay2/4f3423103248d0b381a1bc6a7287e2b42313ff458cea602a02b7379014b03e0e/diff","MergedDir":"/var/lib/docker/overlay2/5529564f52cf969e31e7a1482c27be7ffed19639b506ae2e15b7e7115f699a73/merged","UpperDir":"/var/lib/docker/overlay2/5529564f52cf969e31e7a1482c27be7ffed19639b506ae2e15b7e7115f699a73/diff","WorkDir":"/var/lib/docker/overlay2/5529564f52cf969e31e7a1482c27be7ffed19639b506ae2e15b7e7115f699a73/work"},"Name":"overlay2"},"Mounts":[{"Type":"volume","Name":"fd1f613c7fe3ca3ae799982507ac3f565cc9f6a2dc99ceaed92389e2c43f47d1","Source":"/var/lib/docker/volumes/fd1f613c7fe3ca3ae799982507ac3f565cc9f6a2dc99ceaed92389e2c43f47d1/_data","Destination":"/var/lib/mysql","Driver":"local","Mode":"","RW":true,"Propagation":""}],"Config":{"Hostname":"9691e3189171","Domainname":"","User":"","AttachStdin":false,"AttachStdout":false,"AttachStderr":false,"ExposedPorts":{"3306/tcp":{},"33060/tcp":{}},"Tty":false,"OpenStdin":false,"StdinOnce":false,"Env":["MYSQL_DATABASE=test","MYSQL_PASSWORD=admin","MYSQL_USER=admin","MYSQL_ROOT_PASSWORD=admin","PATH=/usr/local/sbin:/usr/local/bin:/usr/sbin:/usr/bin:/sbin:/bin","GOSU_VERSION=1.14","MYSQL_MAJOR=8.0","MYSQL_VERSION=8.0.29-1debian10"],"Cmd":["mysqld"],"Image":"mysql:8.0","Volumes":{"/var/lib/mysql":{}},"WorkingDir":"","Entrypoint":["docker-entrypoint.sh"],"OnBuild":null,"Labels":{"org.testcontainers":"true","org.testcontainers.sessionId":"d48265e4-2b28-4f8c-aa67-76dd8289af84"}},"NetworkSettings":{"Bridge":"","SandboxID":"d9de8570fe3f0a4e9f3a1ff7101c963bbd2c6a0a9d8a867b96f17f4d5edca537","HairpinMode":false,"LinkLocalIPv6Address":"","LinkLocalIPv6PrefixLen":0,"Ports":{"3306/tcp":[{"HostIp":"0.0.0.0","HostPort":"49160"},{"HostIp":"::","HostPort":"49160"}],"33060/tcp":null},"SandboxKey":"/var/run/docker/netns/d9de8570fe3f","SecondaryIPAddresses":null,"SecondaryIPv6Addresses":null,"EndpointID":"93e8fe159f683a98670e8995677c2b130dbce857fc116679206e206bda319cbf","Gateway":"172.17.0.1","GlobalIPv6Address":"","GlobalIPv6PrefixLen":0,"IPAddress":"172.17.0.3","IPPrefixLen":16,"IPv6Gateway":"","MacAddress":"02:42:ac:11:00:03","Networks":{"bridge":{"IPAMConfig":null,"Links":null,"Aliases":null,"NetworkID":"1853cd2b9856825cc97ed9ef2b12efa82d95bf9cf60ad666c276eb35cc53539e","EndpointID":"93e8fe159f683a98670e8995677c2b130dbce857fc116679206e206bda319cbf","Gateway":"172.17.0.1","IPAddress":"172.17.0.3","IPPrefixLen":16,"IPv6Gateway":"","GlobalIPv6Address":"","GlobalIPv6PrefixLen":0,"MacAddress":"02:42:ac:11:00:03","DriverOpts":null}}}}[\n]"
03:33:01.493 [main] DEBUG com.github.dockerjava.zerodep.shaded.org.apache.hc.client5.http.wire - http-outgoing-2 << "[\r][\n]"
03:33:01.493 [main] DEBUG com.github.dockerjava.zerodep.shaded.org.apache.hc.client5.http.wire - http-outgoing-2 << "0[\r][\n]"
03:33:01.493 [main] DEBUG com.github.dockerjava.zerodep.shaded.org.apache.hc.client5.http.wire - http-outgoing-2 << "[\r][\n]"
03:33:01.493 [main] DEBUG com.github.dockerjava.zerodep.shaded.org.apache.hc.client5.http.impl.classic.InternalHttpClient - ep-0000008A: releasing valid endpoint
03:33:01.493 [main] DEBUG com.github.dockerjava.zerodep.shaded.org.apache.hc.client5.http.impl.io.PoolingHttpClientConnectionManager - ep-0000008A: releasing endpoint
03:33:01.493 [main] DEBUG com.github.dockerjava.zerodep.shaded.org.apache.hc.client5.http.impl.io.PoolingHttpClientConnectionManager - ep-0000008A: connection http-outgoing-2 can be kept alive for 3 MINUTES
03:33:01.493 [main] DEBUG com.github.dockerjava.zerodep.shaded.org.apache.hc.client5.http.impl.io.PoolingHttpClientConnectionManager - ep-0000008A: connection released [route: {}->unix://localhost:2375][total available: 1; route allocated: 1 of 2147483647; total allocated: 1 of 2147483647]
03:33:01.493 [main] DEBUG 🐳 [mysql:8.0] - Trying to create JDBC connection using com.mysql.cj.jdbc.Driver to jdbc:mysql://localhost:49160/test?useSSL=false&allowPublicKeyRetrieval=true with properties: {password=admin, user=admin}
03:33:01.596 [main] DEBUG org.testcontainers.shaded.com.github.dockerjava.core.command.AbstrDockerCmd - Cmd: 9691e31891711283f4d98263d11bc6156717d3e75a0b86a23f3b128a992c1f38,false
03:33:01.596 [main] DEBUG org.testcontainers.shaded.com.github.dockerjava.core.exec.InspectContainerCmdExec - GET: DefaultWebTarget{path=[/containers/9691e31891711283f4d98263d11bc6156717d3e75a0b86a23f3b128a992c1f38/json], queryParams={}}
03:33:01.596 [main] DEBUG com.github.dockerjava.zerodep.shaded.org.apache.hc.client5.http.impl.classic.InternalHttpClient - ex-0000008C: preparing request execution
03:33:01.596 [main] DEBUG com.github.dockerjava.zerodep.shaded.org.apache.hc.client5.http.protocol.RequestAddCookies - Cookie spec selected: strict
03:33:01.596 [main] DEBUG com.github.dockerjava.zerodep.shaded.org.apache.hc.client5.http.protocol.RequestAuthCache - Auth cache not set in the context
03:33:01.596 [main] DEBUG com.github.dockerjava.zerodep.shaded.org.apache.hc.client5.http.impl.classic.ProtocolExec - ex-0000008C: target auth state: UNCHALLENGED
03:33:01.596 [main] DEBUG com.github.dockerjava.zerodep.shaded.org.apache.hc.client5.http.impl.classic.ProtocolExec - ex-0000008C: proxy auth state: UNCHALLENGED
03:33:01.596 [main] DEBUG com.github.dockerjava.zerodep.shaded.org.apache.hc.client5.http.impl.classic.ConnectExec - ex-0000008C: acquiring connection with route {}->unix://localhost:2375
03:33:01.596 [main] DEBUG com.github.dockerjava.zerodep.shaded.org.apache.hc.client5.http.impl.classic.InternalHttpClient - ex-0000008C: acquiring endpoint (3 MINUTES)
03:33:01.596 [main] DEBUG com.github.dockerjava.zerodep.shaded.org.apache.hc.client5.http.impl.io.PoolingHttpClientConnectionManager - ex-0000008C: endpoint lease request (3 MINUTES) [route: {}->unix://localhost:2375][total available: 1; route allocated: 1 of 2147483647; total allocated: 1 of 2147483647]
03:33:01.596 [main] DEBUG com.github.dockerjava.zerodep.shaded.org.apache.hc.client5.http.impl.io.PoolingHttpClientConnectionManager - ex-0000008C: endpoint leased [route: {}->unix://localhost:2375][total available: 0; route allocated: 1 of 2147483647; total allocated: 1 of 2147483647]
03:33:01.596 [main] DEBUG com.github.dockerjava.zerodep.shaded.org.apache.hc.client5.http.impl.io.PoolingHttpClientConnectionManager - ex-0000008C: acquired ep-0000008B
03:33:01.596 [main] DEBUG com.github.dockerjava.zerodep.shaded.org.apache.hc.client5.http.impl.classic.InternalHttpClient - ex-0000008C: acquired endpoint ep-0000008B
03:33:01.596 [main] DEBUG com.github.dockerjava.zerodep.shaded.org.apache.hc.client5.http.impl.classic.MainClientExec - ex-0000008C: executing GET /v1.32/containers/9691e31891711283f4d98263d11bc6156717d3e75a0b86a23f3b128a992c1f38/json HTTP/1.1
03:33:01.596 [main] DEBUG com.github.dockerjava.zerodep.shaded.org.apache.hc.client5.http.impl.classic.InternalHttpClient - ep-0000008B: start execution ex-0000008C
03:33:01.596 [main] DEBUG com.github.dockerjava.zerodep.shaded.org.apache.hc.client5.http.impl.io.PoolingHttpClientConnectionManager - ep-0000008B: executing exchange ex-0000008C over http-outgoing-2
03:33:01.597 [main] DEBUG com.github.dockerjava.zerodep.shaded.org.apache.hc.client5.http.headers - http-outgoing-2 >> GET /v1.32/containers/9691e31891711283f4d98263d11bc6156717d3e75a0b86a23f3b128a992c1f38/json HTTP/1.1
03:33:01.597 [main] DEBUG com.github.dockerjava.zerodep.shaded.org.apache.hc.client5.http.headers - http-outgoing-2 >> accept: application/json
03:33:01.597 [main] DEBUG com.github.dockerjava.zerodep.shaded.org.apache.hc.client5.http.headers - http-outgoing-2 >> Accept-Encoding: gzip, x-gzip, deflate
03:33:01.597 [main] DEBUG com.github.dockerjava.zerodep.shaded.org.apache.hc.client5.http.headers - http-outgoing-2 >> Host: localhost:2375
03:33:01.597 [main] DEBUG com.github.dockerjava.zerodep.shaded.org.apache.hc.client5.http.headers - http-outgoing-2 >> Connection: keep-alive
03:33:01.597 [main] DEBUG com.github.dockerjava.zerodep.shaded.org.apache.hc.client5.http.headers - http-outgoing-2 >> User-Agent: Apache-HttpClient/5.0.3 (Java/11.0.15)
03:33:01.597 [main] DEBUG com.github.dockerjava.zerodep.shaded.org.apache.hc.client5.http.wire - http-outgoing-2 >> "GET /v1.32/containers/9691e31891711283f4d98263d11bc6156717d3e75a0b86a23f3b128a992c1f38/json HTTP/1.1[\r][\n]"
03:33:01.597 [main] DEBUG com.github.dockerjava.zerodep.shaded.org.apache.hc.client5.http.wire - http-outgoing-2 >> "accept: application/json[\r][\n]"
03:33:01.597 [main] DEBUG com.github.dockerjava.zerodep.shaded.org.apache.hc.client5.http.wire - http-outgoing-2 >> "Accept-Encoding: gzip, x-gzip, deflate[\r][\n]"
03:33:01.597 [main] DEBUG com.github.dockerjava.zerodep.shaded.org.apache.hc.client5.http.wire - http-outgoing-2 >> "Host: localhost:2375[\r][\n]"
03:33:01.597 [main] DEBUG com.github.dockerjava.zerodep.shaded.org.apache.hc.client5.http.wire - http-outgoing-2 >> "Connection: keep-alive[\r][\n]"
03:33:01.597 [main] DEBUG com.github.dockerjava.zerodep.shaded.org.apache.hc.client5.http.wire - http-outgoing-2 >> "User-Agent: Apache-HttpClient/5.0.3 (Java/11.0.15)[\r][\n]"
03:33:01.597 [main] DEBUG com.github.dockerjava.zerodep.shaded.org.apache.hc.client5.http.wire - http-outgoing-2 >> "[\r][\n]"
03:33:01.597 [main] DEBUG com.github.dockerjava.zerodep.shaded.org.apache.hc.client5.http.wire - http-outgoing-2 << "HTTP/1.1 200 OK[\r][\n]"
03:33:01.597 [main] DEBUG com.github.dockerjava.zerodep.shaded.org.apache.hc.client5.http.wire - http-outgoing-2 << "Api-Version: 1.41[\r][\n]"
03:33:01.597 [main] DEBUG com.github.dockerjava.zerodep.shaded.org.apache.hc.client5.http.wire - http-outgoing-2 << "Content-Type: application/json[\r][\n]"
03:33:01.597 [main] DEBUG com.github.dockerjava.zerodep.shaded.org.apache.hc.client5.http.wire - http-outgoing-2 << "Docker-Experimental: false[\r][\n]"
03:33:01.597 [main] DEBUG com.github.dockerjava.zerodep.shaded.org.apache.hc.client5.http.wire - http-outgoing-2 << "Ostype: linux[\r][\n]"
03:33:01.597 [main] DEBUG com.github.dockerjava.zerodep.shaded.org.apache.hc.client5.http.wire - http-outgoing-2 << "Server: Docker/20.10.12 (linux)[\r][\n]"
03:33:01.597 [main] DEBUG com.github.dockerjava.zerodep.shaded.org.apache.hc.client5.http.wire - http-outgoing-2 << "Date: Thu, 23 Jun 2022 02:33:01 GMT[\r][\n]"
03:33:01.597 [main] DEBUG com.github.dockerjava.zerodep.shaded.org.apache.hc.client5.http.wire - http-outgoing-2 << "Transfer-Encoding: chunked[\r][\n]"
03:33:01.597 [main] DEBUG com.github.dockerjava.zerodep.shaded.org.apache.hc.client5.http.wire - http-outgoing-2 << "[\r][\n]"
03:33:01.597 [main] DEBUG com.github.dockerjava.zerodep.shaded.org.apache.hc.client5.http.wire - http-outgoing-2 << "18ed[\r][\n]"
03:33:01.597 [main] DEBUG com.github.dockerjava.zerodep.shaded.org.apache.hc.client5.http.wire - http-outgoing-2 << "{"Id":"9691e31891711283f4d98263d11bc6156717d3e75a0b86a23f3b128a992c1f38","Created":"2022-06-23T02:32:47.03956921Z","Path":"docker-entrypoint.sh","Args":["mysqld"],"State":{"Status":"running","Running":true,"Paused":false,"Restarting":false,"OOMKilled":false,"Dead":false,"Pid":66188,"ExitCode":0,"Error":"","StartedAt":"2022-06-23T02:32:47.703880551Z","FinishedAt":"0001-01-01T00:00:00Z"},"Image":"sha256:65b636d5542b73254ce90cc4b895597dc1adc2c661ca553c38eda159979dded1","ResolvConfPath":"/var/lib/docker/containers/9691e31891711283f4d98263d11bc6156717d3e75a0b86a23f3b128a992c1f38/resolv.conf","HostnamePath":"/var/lib/docker/containers/9691e31891711283f4d98263d11bc6156717d3e75a0b86a23f3b128a992c1f38/hostname","HostsPath":"/var/lib/docker/containers/9691e31891711283f4d98263d11bc6156717d3e75a0b86a23f3b128a992c1f38/hosts","LogPath":"/var/lib/docker/containers/9691e31891711283f4d98263d11bc6156717d3e75a0b86a23f3b128a992c1f38/9691e31891711283f4d98263d11bc6156717d3e75a0b86a23f3b128a992c1f38-json.log","Name":"/xenodochial_satoshi","RestartCount":0,"Driver":"overlay2","Platform":"linux","MountLabel":"","ProcessLabel":"","AppArmorProfile":"docker-default","ExecIDs":null,"HostConfig":{"Binds":[],"ContainerIDFile":"","LogConfig":{"Type":"json-file","Config":{}},"NetworkMode":"default","PortBindings":{"3306/tcp":[{"HostIp":"","HostPort":""}]},"RestartPolicy":{"Name":"","MaximumRetryCount":0},"AutoRemove":false,"VolumeDriver":"","VolumesFrom":[],"CapAdd":null,"CapDrop":null,"CgroupnsMode":"host","Dns":null,"DnsOptions":null,"DnsSearch":null,"ExtraHosts":[],"GroupAdd":null,"IpcMode":"shareable","Cgroup":"","Links":null,"OomScoreAdj":0,"PidMode":"","Privileged":false,"PublishAllPorts":false,"ReadonlyRootfs":false,"SecurityOpt":null,"UTSMode":"","UsernsMode":"","ShmSize":67108864,"Runtime":"runc","ConsoleSize":[0,0],"Isolation":"","CpuShares":0,"Memory":0,"NanoCpus":0,"CgroupParent":"","BlkioWeight":0,"BlkioWeightDevice":null,"BlkioDeviceReadBps":null,"BlkioDeviceWriteBps":null,"BlkioDeviceReadIOps":null,"BlkioDeviceWriteIOps":null,"CpuPeriod":0,"CpuQuota":0,"CpuRealtimePeriod":0,"CpuRealtimeRuntime":0,"CpusetCpus":"","CpusetMems":"","Devices":null,"DeviceCgroupRules":null,"DeviceRequests":null,"KernelMemory":0,"KernelMemoryTCP":0,"MemoryReservation":0,"MemorySwap":0,"MemorySwappiness":null,"OomKillDisable":false,"PidsLimit":null,"Ulimits":null,"CpuCount":0,"CpuPercent":0,"IOMaximumIOps":0,"IOMaximumBandwidth":0,"MaskedPaths":["/proc/asound","/proc/acpi","/proc/kcore","/proc/keys","/proc/latency_stats","/proc/timer_list","/proc/timer_stats","/proc/sched_debug","/proc/scsi","/sys/firmware"],"ReadonlyPaths":["/proc/bus","/proc/fs","/proc/irq","/proc/sys","/proc/sysrq-trigger"]},"GraphDriver":{"Data":{"LowerDir":"/var/lib/docker/overlay2/5529564f52cf969e31e7a1482c27be7ffed19639b506ae2e15b7e7115f699a73-init/diff:/var/lib/docker/overlay2/833a665819b5d9728d3efa7c33135034345a24f83af53b1a1af33d9b64f5492a/diff:/var/lib/docker/overlay2/bd4a2a46c227c2f15475b08c398f37acaab93f4fdba31de015d730efae0a0cfc/diff:/var/lib/docker/overlay2/31ad437d7cba8e64428a2b62db1bbb2a2ec19ca4e439ec493ef4deb50dce2783/diff:/var/lib/docker/overlay2/35173cbd8ec5b88a8888e9abbe75f8694f5d3f96a9b781bb70dc1f0889685741/diff:/var/lib/docker/overlay2/24bf69ac4e8c81062fee44e7c9f746fffbb139c3f7f4b55b4fd1b23bb101b529/diff:/var/lib/docker/overlay2/2f27c96a7775dad186b6f0da325d5a251c80aa1b7f80cf8520f493c5154aee70/diff:/var/lib/docker/overlay2/463a60088c72ddbea82639ded15801e35a79c443f6a26bf1baf320c683cb06af/diff:/var/lib/docker/overlay2/80b8224b23a2ee4b5be635c58ae579fd1913aa95558cd66ab2f5e8430f00a5b8/diff:/var/lib/docker/overlay2/20451fa0b1a07b85d665bc3a0359d721ce4e4c28fa3bce7456ab25e0babae708/diff:/var/lib/docker/overlay2/f80d865cbc6c1c6f57d0963fa6234e7a6409e079eb17f4f13ca41d02731701ad/diff:/var/lib/docker/overlay2/5a3029e0b57c6ec9b985871ff6adf08356aaa0f2a15f1e34c1a7f116ecc4a61d/diff:/var/lib/docker/overlay2/4f3423103248d0b381a1bc6a7287e2b42313ff458cea602a02b7379014b03e0e/diff","MergedDir":"/var/lib/docker/overlay2/5529564f52cf969e31e7a1482c27be7ffed19639b506ae2e15b7e7115f699a73/merged","UpperDir":"/var/lib/docker/overlay2/5529564f52cf969e31e7a1482c27be7ffed19639b506ae2e15b7e7115f699a73/diff","WorkDir":"/var/lib/docker/overlay2/5529564f52cf969e31e7a1482c27be7ffed19639b506ae2e15b7e7115f699a73/work"},"Name":"overlay2"},"Mounts":[{"Type":"volume","Name":"fd1f613c7fe3ca3ae799982507ac3f565cc9f6a2dc99ceaed92389e2c43f47d1","Source":"/var/lib/docker/volumes/fd1f613c7fe3ca3ae799982507ac3f565cc9f6a2dc99ceaed92389e2c43f47d1/_data","Destination":"/var/lib/mysql","Driver":"local","Mode":"","RW":true,"Propagation":""}],"Config":{"Hostname":"9691e3189171","Domainname":"","User":"","AttachStdin":false,"AttachStdout":false,"AttachStderr":false,"ExposedPorts":{"3306/tcp":{},"33060/tcp":{}},"Tty":false,"OpenStdin":false,"StdinOnce":false,"Env":["MYSQL_DATABASE=test","MYSQL_PASSWORD=admin","MYSQL_USER=admin","MYSQL_ROOT_PASSWORD=admin","PATH=/usr/local/sbin:/usr/local/bin:/usr/sbin:/usr/bin:/sbin:/bin","GOSU_VERSION=1.14","MYSQL_MAJOR=8.0","MYSQL_VERSION=8.0.29-1debian10"],"Cmd":["mysqld"],"Image":"mysql:8.0","Volumes":{"/var/lib/mysql":{}},"WorkingDir":"","Entrypoint":["docker-entrypoint.sh"],"OnBuild":null,"Labels":{"org.testcontainers":"true","org.testcontainers.sessionId":"d48265e4-2b28-4f8c-aa67-76dd8289af84"}},"NetworkSettings":{"Bridge":"","SandboxID":"d9de8570fe3f0a4e9f3a1ff7101c963bbd2c6a0a9d8a867b96f17f4d5edca537","HairpinMode":false,"LinkLocalIPv6Address":"","LinkLocalIPv6PrefixLen":0,"Ports":{"3306/tcp":[{"HostIp":"0.0.0.0","HostPort":"49160"},{"HostIp":"::","HostPort":"49160"}],"33060/tcp":null},"SandboxKey":"/var/run/docker/netns/d9de8570fe3f","SecondaryIPAddresses":null,"SecondaryIPv6Addresses":null,"EndpointID":"93e8fe159f683a98670e8995677c2b130dbce857fc116679206e206bda319cbf","Gateway":"172.17.0.1","GlobalIPv6Address":"","GlobalIPv6PrefixLen":0,"IPAddress":"172.17.0.3","IPPrefixLen":16,"IPv6Gateway":"","MacAddress":"02:42:ac:11:00:03","Networks":{"bridge":{"IPAMConfig":null,"Links":null,"Aliases":null,"NetworkID":"1853cd2b9856825cc97ed9ef2b12efa82d95bf9cf60ad666c276eb35cc53539e","EndpointID":"93e8fe159f683a98670e8995677c2b130dbce857fc116679206e206bda319cbf","Gateway":"172.17.0.1","IPAddress":"172.17.0.3","IPPrefixLen":16,"IPv6Gateway":"","GlobalIPv6Address":"","GlobalIPv6PrefixLen":0,"MacAddress":"02:42:ac:11:00:03","DriverOpts":null}}}}[\n]"
03:33:01.597 [main] DEBUG com.github.dockerjava.zerodep.shaded.org.apache.hc.client5.http.wire - http-outgoing-2 << "[\r][\n]"
03:33:01.597 [main] DEBUG com.github.dockerjava.zerodep.shaded.org.apache.hc.client5.http.wire - http-outgoing-2 << "0[\r][\n]"
03:33:01.597 [main] DEBUG com.github.dockerjava.zerodep.shaded.org.apache.hc.client5.http.wire - http-outgoing-2 << "[\r][\n]"
03:33:01.597 [main] DEBUG com.github.dockerjava.zerodep.shaded.org.apache.hc.client5.http.headers - http-outgoing-2 << HTTP/1.1 200 OK
03:33:01.597 [main] DEBUG com.github.dockerjava.zerodep.shaded.org.apache.hc.client5.http.headers - http-outgoing-2 << Api-Version: 1.41
03:33:01.597 [main] DEBUG com.github.dockerjava.zerodep.shaded.org.apache.hc.client5.http.headers - http-outgoing-2 << Content-Type: application/json
03:33:01.597 [main] DEBUG com.github.dockerjava.zerodep.shaded.org.apache.hc.client5.http.headers - http-outgoing-2 << Docker-Experimental: false
03:33:01.597 [main] DEBUG com.github.dockerjava.zerodep.shaded.org.apache.hc.client5.http.headers - http-outgoing-2 << Ostype: linux
03:33:01.597 [main] DEBUG com.github.dockerjava.zerodep.shaded.org.apache.hc.client5.http.headers - http-outgoing-2 << Server: Docker/20.10.12 (linux)
03:33:01.597 [main] DEBUG com.github.dockerjava.zerodep.shaded.org.apache.hc.client5.http.headers - http-outgoing-2 << Date: Thu, 23 Jun 2022 02:33:01 GMT
03:33:01.597 [main] DEBUG com.github.dockerjava.zerodep.shaded.org.apache.hc.client5.http.headers - http-outgoing-2 << Transfer-Encoding: chunked
03:33:01.597 [main] DEBUG com.github.dockerjava.zerodep.shaded.org.apache.hc.client5.http.impl.classic.MainClientExec - ex-0000008C: connection can be kept alive for 3 MINUTES
03:33:01.598 [main] DEBUG com.github.dockerjava.zerodep.shaded.org.apache.hc.client5.http.impl.classic.InternalHttpClient - ep-0000008B: releasing valid endpoint
03:33:01.598 [main] DEBUG com.github.dockerjava.zerodep.shaded.org.apache.hc.client5.http.impl.io.PoolingHttpClientConnectionManager - ep-0000008B: releasing endpoint
03:33:01.598 [main] DEBUG com.github.dockerjava.zerodep.shaded.org.apache.hc.client5.http.impl.io.PoolingHttpClientConnectionManager - ep-0000008B: connection http-outgoing-2 can be kept alive for 3 MINUTES
03:33:01.598 [main] DEBUG com.github.dockerjava.zerodep.shaded.org.apache.hc.client5.http.impl.io.PoolingHttpClientConnectionManager - ep-0000008B: connection released [route: {}->unix://localhost:2375][total available: 1; route allocated: 1 of 2147483647; total allocated: 1 of 2147483647]
03:33:01.598 [main] DEBUG 🐳 [mysql:8.0] - Trying to create JDBC connection using com.mysql.cj.jdbc.Driver to jdbc:mysql://localhost:49160/test?useSSL=false&allowPublicKeyRetrieval=true with properties: {password=admin, user=admin}
03:33:01.700 [main] DEBUG org.testcontainers.shaded.com.github.dockerjava.core.command.AbstrDockerCmd - Cmd: 9691e31891711283f4d98263d11bc6156717d3e75a0b86a23f3b128a992c1f38,false
03:33:01.700 [main] DEBUG org.testcontainers.shaded.com.github.dockerjava.core.exec.InspectContainerCmdExec - GET: DefaultWebTarget{path=[/containers/9691e31891711283f4d98263d11bc6156717d3e75a0b86a23f3b128a992c1f38/json], queryParams={}}
03:33:01.700 [main] DEBUG com.github.dockerjava.zerodep.shaded.org.apache.hc.client5.http.impl.classic.InternalHttpClient - ex-0000008D: preparing request execution
03:33:01.700 [main] DEBUG com.github.dockerjava.zerodep.shaded.org.apache.hc.client5.http.protocol.RequestAddCookies - Cookie spec selected: strict
03:33:01.700 [main] DEBUG com.github.dockerjava.zerodep.shaded.org.apache.hc.client5.http.protocol.RequestAuthCache - Auth cache not set in the context
03:33:01.700 [main] DEBUG com.github.dockerjava.zerodep.shaded.org.apache.hc.client5.http.impl.classic.ProtocolExec - ex-0000008D: target auth state: UNCHALLENGED
03:33:01.700 [main] DEBUG com.github.dockerjava.zerodep.shaded.org.apache.hc.client5.http.impl.classic.ProtocolExec - ex-0000008D: proxy auth state: UNCHALLENGED
03:33:01.700 [main] DEBUG com.github.dockerjava.zerodep.shaded.org.apache.hc.client5.http.impl.classic.ConnectExec - ex-0000008D: acquiring connection with route {}->unix://localhost:2375
03:33:01.700 [main] DEBUG com.github.dockerjava.zerodep.shaded.org.apache.hc.client5.http.impl.classic.InternalHttpClient - ex-0000008D: acquiring endpoint (3 MINUTES)
03:33:01.700 [main] DEBUG com.github.dockerjava.zerodep.shaded.org.apache.hc.client5.http.impl.io.PoolingHttpClientConnectionManager - ex-0000008D: endpoint lease request (3 MINUTES) [route: {}->unix://localhost:2375][total available: 1; route allocated: 1 of 2147483647; total allocated: 1 of 2147483647]
03:33:01.700 [main] DEBUG com.github.dockerjava.zerodep.shaded.org.apache.hc.client5.http.impl.io.PoolingHttpClientConnectionManager - ex-0000008D: endpoint leased [route: {}->unix://localhost:2375][total available: 0; route allocated: 1 of 2147483647; total allocated: 1 of 2147483647]
03:33:01.700 [main] DEBUG com.github.dockerjava.zerodep.shaded.org.apache.hc.client5.http.impl.io.PoolingHttpClientConnectionManager - ex-0000008D: acquired ep-0000008C
03:33:01.700 [main] DEBUG com.github.dockerjava.zerodep.shaded.org.apache.hc.client5.http.impl.classic.InternalHttpClient - ex-0000008D: acquired endpoint ep-0000008C
03:33:01.700 [main] DEBUG com.github.dockerjava.zerodep.shaded.org.apache.hc.client5.http.impl.classic.MainClientExec - ex-0000008D: executing GET /v1.32/containers/9691e31891711283f4d98263d11bc6156717d3e75a0b86a23f3b128a992c1f38/json HTTP/1.1
03:33:01.700 [main] DEBUG com.github.dockerjava.zerodep.shaded.org.apache.hc.client5.http.impl.classic.InternalHttpClient - ep-0000008C: start execution ex-0000008D
03:33:01.700 [main] DEBUG com.github.dockerjava.zerodep.shaded.org.apache.hc.client5.http.impl.io.PoolingHttpClientConnectionManager - ep-0000008C: executing exchange ex-0000008D over http-outgoing-2
03:33:01.700 [main] DEBUG com.github.dockerjava.zerodep.shaded.org.apache.hc.client5.http.headers - http-outgoing-2 >> GET /v1.32/containers/9691e31891711283f4d98263d11bc6156717d3e75a0b86a23f3b128a992c1f38/json HTTP/1.1
03:33:01.700 [main] DEBUG com.github.dockerjava.zerodep.shaded.org.apache.hc.client5.http.headers - http-outgoing-2 >> accept: application/json
03:33:01.701 [main] DEBUG com.github.dockerjava.zerodep.shaded.org.apache.hc.client5.http.headers - http-outgoing-2 >> Accept-Encoding: gzip, x-gzip, deflate
03:33:01.701 [main] DEBUG com.github.dockerjava.zerodep.shaded.org.apache.hc.client5.http.headers - http-outgoing-2 >> Host: localhost:2375
03:33:01.701 [main] DEBUG com.github.dockerjava.zerodep.shaded.org.apache.hc.client5.http.headers - http-outgoing-2 >> Connection: keep-alive
03:33:01.701 [main] DEBUG com.github.dockerjava.zerodep.shaded.org.apache.hc.client5.http.headers - http-outgoing-2 >> User-Agent: Apache-HttpClient/5.0.3 (Java/11.0.15)
03:33:01.701 [main] DEBUG com.github.dockerjava.zerodep.shaded.org.apache.hc.client5.http.wire - http-outgoing-2 >> "GET /v1.32/containers/9691e31891711283f4d98263d11bc6156717d3e75a0b86a23f3b128a992c1f38/json HTTP/1.1[\r][\n]"
03:33:01.701 [main] DEBUG com.github.dockerjava.zerodep.shaded.org.apache.hc.client5.http.wire - http-outgoing-2 >> "accept: application/json[\r][\n]"
03:33:01.701 [main] DEBUG com.github.dockerjava.zerodep.shaded.org.apache.hc.client5.http.wire - http-outgoing-2 >> "Accept-Encoding: gzip, x-gzip, deflate[\r][\n]"
03:33:01.701 [main] DEBUG com.github.dockerjava.zerodep.shaded.org.apache.hc.client5.http.wire - http-outgoing-2 >> "Host: localhost:2375[\r][\n]"
03:33:01.701 [main] DEBUG com.github.dockerjava.zerodep.shaded.org.apache.hc.client5.http.wire - http-outgoing-2 >> "Connection: keep-alive[\r][\n]"
03:33:01.701 [main] DEBUG com.github.dockerjava.zerodep.shaded.org.apache.hc.client5.http.wire - http-outgoing-2 >> "User-Agent: Apache-HttpClient/5.0.3 (Java/11.0.15)[\r][\n]"
03:33:01.701 [main] DEBUG com.github.dockerjava.zerodep.shaded.org.apache.hc.client5.http.wire - http-outgoing-2 >> "[\r][\n]"
03:33:01.701 [main] DEBUG com.github.dockerjava.zerodep.shaded.org.apache.hc.client5.http.wire - http-outgoing-2 << "HTTP/1.1 200 OK[\r][\n]"
03:33:01.701 [main] DEBUG com.github.dockerjava.zerodep.shaded.org.apache.hc.client5.http.wire - http-outgoing-2 << "Api-Version: 1.41[\r][\n]"
03:33:01.701 [main] DEBUG com.github.dockerjava.zerodep.shaded.org.apache.hc.client5.http.wire - http-outgoing-2 << "Content-Type: application/json[\r][\n]"
03:33:01.701 [main] DEBUG com.github.dockerjava.zerodep.shaded.org.apache.hc.client5.http.wire - http-outgoing-2 << "Docker-Experimental: false[\r][\n]"
03:33:01.701 [main] DEBUG com.github.dockerjava.zerodep.shaded.org.apache.hc.client5.http.wire - http-outgoing-2 << "Ostype: linux[\r][\n]"
03:33:01.701 [main] DEBUG com.github.dockerjava.zerodep.shaded.org.apache.hc.client5.http.wire - http-outgoing-2 << "Server: Docker/20.10.12 (linux)[\r][\n]"
03:33:01.701 [main] DEBUG com.github.dockerjava.zerodep.shaded.org.apache.hc.client5.http.wire - http-outgoing-2 << "Date: Thu, 23 Jun 2022 02:33:01 GMT[\r][\n]"
03:33:01.701 [main] DEBUG com.github.dockerjava.zerodep.shaded.org.apache.hc.client5.http.wire - http-outgoing-2 << "Transfer-Encoding: chunked[\r][\n]"
03:33:01.701 [main] DEBUG com.github.dockerjava.zerodep.shaded.org.apache.hc.client5.http.wire - http-outgoing-2 << "[\r][\n]"
03:33:01.701 [main] DEBUG com.github.dockerjava.zerodep.shaded.org.apache.hc.client5.http.wire - http-outgoing-2 << "18ed[\r][\n]"
03:33:01.701 [main] DEBUG com.github.dockerjava.zerodep.shaded.org.apache.hc.client5.http.wire - http-outgoing-2 << "{"Id":"9691e31891711283f4d98263d11bc6156717d3e75a0b86a23f3b128a992c1f38","Created":"2022-06-23T02:32:47.03956921Z","Path":"docker-entrypoint.sh","Args":["mysqld"],"State":{"Status":"running","Running":true,"Paused":false,"Restarting":false,"OOMKilled":false,"Dead":false,"Pid":66188,"ExitCode":0,"Error":"","StartedAt":"2022-06-23T02:32:47.703880551Z","FinishedAt":"0001-01-01T00:00:00Z"},"Image":"sha256:65b636d5542b73254ce90cc4b895597dc1adc2c661ca553c38eda159979dded1","ResolvConfPath":"/var/lib/docker/containers/9691e31891711283f4d98263d11bc6156717d3e75a0b86a23f3b128a992c1f38/resolv.conf","HostnamePath":"/var/lib/docker/containers/9691e31891711283f4d98263d11bc6156717d3e75a0b86a23f3b128a992c1f38/hostname","HostsPath":"/var/lib/docker/containers/9691e31891711283f4d98263d11bc6156717d3e75a0b86a23f3b128a992c1f38/hosts","LogPath":"/var/lib/docker/containers/9691e31891711283f4d98263d11bc6156717d3e75a0b86a23f3b128a992c1f38/9691e31891711283f4d98263d11bc6156717d3e75a0b86a23f3b128a992c1f38-json.log","Name":"/xenodochial_satoshi","RestartCount":0,"Driver":"overlay2","Platform":"linux","MountLabel":"","ProcessLabel":"","AppArmorProfile":"docker-default","ExecIDs":null,"HostConfig":{"Binds":[],"ContainerIDFile":"","LogConfig":{"Type":"json-file","Config":{}},"NetworkMode":"default","PortBindings":{"3306/tcp":[{"HostIp":"","HostPort":""}]},"RestartPolicy":{"Name":"","MaximumRetryCount":0},"AutoRemove":false,"VolumeDriver":"","VolumesFrom":[],"CapAdd":null,"CapDrop":null,"CgroupnsMode":"host","Dns":null,"DnsOptions":null,"DnsSearch":null,"ExtraHosts":[],"GroupAdd":null,"IpcMode":"shareable","Cgroup":"","Links":null,"OomScoreAdj":0,"PidMode":"","Privileged":false,"PublishAllPorts":false,"ReadonlyRootfs":false,"SecurityOpt":null,"UTSMode":"","UsernsMode":"","ShmSize":67108864,"Runtime":"runc","ConsoleSize":[0,0],"Isolation":"","CpuShares":0,"Memory":0,"NanoCpus":0,"CgroupParent":"","BlkioWeight":0,"BlkioWeightDevice":null,"BlkioDeviceReadBps":null,"BlkioDeviceWriteBps":null,"BlkioDeviceReadIOps":null,"BlkioDeviceWriteIOps":null,"CpuPeriod":0,"CpuQuota":0,"CpuRealtimePeriod":0,"CpuRealtimeRuntime":0,"CpusetCpus":"","CpusetMems":"","Devices":null,"DeviceCgroupRules":null,"DeviceRequests":null,"KernelMemory":0,"KernelMemoryTCP":0,"MemoryReservation":0,"MemorySwap":0,"MemorySwappiness":null,"OomKillDisable":false,"PidsLimit":null,"Ulimits":null,"CpuCount":0,"CpuPercent":0,"IOMaximumIOps":0,"IOMaximumBandwidth":0,"MaskedPaths":["/proc/asound","/proc/acpi","/proc/kcore","/proc/keys","/proc/latency_stats","/proc/timer_list","/proc/timer_stats","/proc/sched_debug","/proc/scsi","/sys/firmware"],"ReadonlyPaths":["/proc/bus","/proc/fs","/proc/irq","/proc/sys","/proc/sysrq-trigger"]},"GraphDriver":{"Data":{"LowerDir":"/var/lib/docker/overlay2/5529564f52cf969e31e7a1482c27be7ffed19639b506ae2e15b7e7115f699a73-init/diff:/var/lib/docker/overlay2/833a665819b5d9728d3efa7c33135034345a24f83af53b1a1af33d9b64f5492a/diff:/var/lib/docker/overlay2/bd4a2a46c227c2f15475b08c398f37acaab93f4fdba31de015d730efae0a0cfc/diff:/var/lib/docker/overlay2/31ad437d7cba8e64428a2b62db1bbb2a2ec19ca4e439ec493ef4deb50dce2783/diff:/var/lib/docker/overlay2/35173cbd8ec5b88a8888e9abbe75f8694f5d3f96a9b781bb70dc1f0889685741/diff:/var/lib/docker/overlay2/24bf69ac4e8c81062fee44e7c9f746fffbb139c3f7f4b55b4fd1b23bb101b529/diff:/var/lib/docker/overlay2/2f27c96a7775dad186b6f0da325d5a251c80aa1b7f80cf8520f493c5154aee70/diff:/var/lib/docker/overlay2/463a60088c72ddbea82639ded15801e35a79c443f6a26bf1baf320c683cb06af/diff:/var/lib/docker/overlay2/80b8224b23a2ee4b5be635c58ae579fd1913aa95558cd66ab2f5e8430f00a5b8/diff:/var/lib/docker/overlay2/20451fa0b1a07b85d665bc3a0359d721ce4e4c28fa3bce7456ab25e0babae708/diff:/var/lib/docker/overlay2/f80d865cbc6c1c6f57d0963fa6234e7a6409e079eb17f4f13ca41d02731701ad/diff:/var/lib/docker/overlay2/5a3029e0b57c6ec9b985871ff6adf08356aaa0f2a15f1e34c1a7f116ecc4a61d/diff:/var/lib/docker/overlay2/4f3423103248d0b381a1bc6a7287e2b42313ff458cea602a02b7379014b03e0e/diff","MergedDir":"/var/lib/docker/overlay2/5529564f52cf969e31e7a1482c27be7ffed19639b506ae2e15b7e7115f699a73/merged","UpperDir":"/var/lib/docker/overlay2/5529564f52cf969e31e7a1482c27be7ffed19639b506ae2e15b7e7115f699a73/diff","WorkDir":"/var/lib/docker/overlay2/5529564f52cf969e31e7a1482c27be7ffed19639b506ae2e15b7e7115f699a73/work"},"Name":"overlay2"},"Mounts":[{"Type":"volume","Name":"fd1f613c7fe3ca3ae799982507ac3f565cc9f6a2dc99ceaed92389e2c43f47d1","Source":"/var/lib/docker/volumes/fd1f613c7fe3ca3ae799982507ac3f565cc9f6a2dc99ceaed92389e2c43f47d1/_data","Destination":"/var/lib/mysql","Driver":"local","Mode":"","RW":true,"Propagation":""}],"Config":{"Hostname":"9691e3189171","Domainname":"","User":"","AttachStdin":false,"AttachStdout":false,"AttachStderr":false,"ExposedPorts":{"3306/tcp":{},"33060/tcp":{}},"Tty":false,"OpenStdin":false,"StdinOnce":false,"Env":["MYSQL_DATABASE=test","MYSQL_PASSWORD=admin","MYSQL_USER=admin","MYSQL_ROOT_PASSWORD=admin","PATH=/usr/local/sbin:/usr/local/bin:/usr/sbin:/usr/bin:/sbin:/bin","GOSU_VERSION=1.14","MYSQL_MAJOR=8.0","MYSQL_VERSION=8.0.29-1debian10"],"Cmd":["mysqld"],"Image":"mysql:8.0","Volumes":{"/var/lib/mysql":{}},"WorkingDir":"","Entrypoint":["docker-entrypoint.sh"],"OnBuild":null,"Labels":{"org.testcontainers":"true","org.testcontainers.sessionId":"d48265e4-2b28-4f8c-aa67-76dd8289af84"}},"NetworkSettings":{"Bridge":"","SandboxID":"d9de8570fe3f0a4e9f3a1ff7101c963bbd2c6a0a9d8a867b96f17f4d5edca537","HairpinMode":false,"LinkLocalIPv6Address":"","LinkLocalIPv6PrefixLen":0,"Ports":{"3306/tcp":[{"HostIp":"0.0.0.0","HostPort":"49160"},{"HostIp":"::","HostPort":"49160"}],"33060/tcp":null},"SandboxKey":"/var/run/docker/netns/d9de8570fe3f","SecondaryIPAddresses":null,"SecondaryIPv6Addresses":null,"EndpointID":"93e8fe159f683a98670e8995677c2b130dbce857fc116679206e206bda319cbf","Gateway":"172.17.0.1","GlobalIPv6Address":"","GlobalIPv6PrefixLen":0,"IPAddress":"172.17.0.3","IPPrefixLen":16,"IPv6Gateway":"","MacAddress":"02:42:ac:11:00:03","Networks":{"bridge":{"IPAMConfig":null,"Links":null,"Aliases":null,"NetworkID":"1853cd2b9856825cc97ed9ef2b12efa82d95bf9cf60ad666c276eb35cc53539e","EndpointID":"93e8fe159f683a98670e8995677c2b130dbce857fc116679206e206bda319cbf","Gateway":"172.17.0.1","IPAddress":"172.17.0.3","IPPrefixLen":16,"IPv6Gateway":"","GlobalIPv6Address":"","GlobalIPv6PrefixLen":0,"MacAddress":"02:42:ac:11:00:03","DriverOpts":null}}}}[\n]"
03:33:01.701 [main] DEBUG com.github.dockerjava.zerodep.shaded.org.apache.hc.client5.http.wire - http-outgoing-2 << "[\r][\n]"
03:33:01.701 [main] DEBUG com.github.dockerjava.zerodep.shaded.org.apache.hc.client5.http.wire - http-outgoing-2 << "0[\r][\n]"
03:33:01.701 [main] DEBUG com.github.dockerjava.zerodep.shaded.org.apache.hc.client5.http.wire - http-outgoing-2 << "[\r][\n]"
03:33:01.701 [main] DEBUG com.github.dockerjava.zerodep.shaded.org.apache.hc.client5.http.headers - http-outgoing-2 << HTTP/1.1 200 OK
03:33:01.701 [main] DEBUG com.github.dockerjava.zerodep.shaded.org.apache.hc.client5.http.headers - http-outgoing-2 << Api-Version: 1.41
03:33:01.701 [main] DEBUG com.github.dockerjava.zerodep.shaded.org.apache.hc.client5.http.headers - http-outgoing-2 << Content-Type: application/json
03:33:01.701 [main] DEBUG com.github.dockerjava.zerodep.shaded.org.apache.hc.client5.http.headers - http-outgoing-2 << Docker-Experimental: false
03:33:01.701 [main] DEBUG com.github.dockerjava.zerodep.shaded.org.apache.hc.client5.http.headers - http-outgoing-2 << Ostype: linux
03:33:01.701 [main] DEBUG com.github.dockerjava.zerodep.shaded.org.apache.hc.client5.http.headers - http-outgoing-2 << Server: Docker/20.10.12 (linux)
03:33:01.701 [main] DEBUG com.github.dockerjava.zerodep.shaded.org.apache.hc.client5.http.headers - http-outgoing-2 << Date: Thu, 23 Jun 2022 02:33:01 GMT
03:33:01.701 [main] DEBUG com.github.dockerjava.zerodep.shaded.org.apache.hc.client5.http.headers - http-outgoing-2 << Transfer-Encoding: chunked
03:33:01.701 [main] DEBUG com.github.dockerjava.zerodep.shaded.org.apache.hc.client5.http.impl.classic.MainClientExec - ex-0000008D: connection can be kept alive for 3 MINUTES
03:33:01.702 [main] DEBUG com.github.dockerjava.zerodep.shaded.org.apache.hc.client5.http.impl.classic.InternalHttpClient - ep-0000008C: releasing valid endpoint
03:33:01.702 [main] DEBUG com.github.dockerjava.zerodep.shaded.org.apache.hc.client5.http.impl.io.PoolingHttpClientConnectionManager - ep-0000008C: releasing endpoint
03:33:01.702 [main] DEBUG com.github.dockerjava.zerodep.shaded.org.apache.hc.client5.http.impl.io.PoolingHttpClientConnectionManager - ep-0000008C: connection http-outgoing-2 can be kept alive for 3 MINUTES
03:33:01.702 [main] DEBUG com.github.dockerjava.zerodep.shaded.org.apache.hc.client5.http.impl.io.PoolingHttpClientConnectionManager - ep-0000008C: connection released [route: {}->unix://localhost:2375][total available: 1; route allocated: 1 of 2147483647; total allocated: 1 of 2147483647]
03:33:01.702 [main] DEBUG 🐳 [mysql:8.0] - Trying to create JDBC connection using com.mysql.cj.jdbc.Driver to jdbc:mysql://localhost:49160/test?useSSL=false&allowPublicKeyRetrieval=true with properties: {password=admin, user=admin}
03:33:01.804 [main] DEBUG org.testcontainers.shaded.com.github.dockerjava.core.command.AbstrDockerCmd - Cmd: 9691e31891711283f4d98263d11bc6156717d3e75a0b86a23f3b128a992c1f38,false
03:33:01.804 [main] DEBUG org.testcontainers.shaded.com.github.dockerjava.core.exec.InspectContainerCmdExec - GET: DefaultWebTarget{path=[/containers/9691e31891711283f4d98263d11bc6156717d3e75a0b86a23f3b128a992c1f38/json], queryParams={}}
03:33:01.804 [main] DEBUG com.github.dockerjava.zerodep.shaded.org.apache.hc.client5.http.impl.classic.InternalHttpClient - ex-0000008E: preparing request execution
03:33:01.805 [main] DEBUG com.github.dockerjava.zerodep.shaded.org.apache.hc.client5.http.protocol.RequestAddCookies - Cookie spec selected: strict
03:33:01.805 [main] DEBUG com.github.dockerjava.zerodep.shaded.org.apache.hc.client5.http.protocol.RequestAuthCache - Auth cache not set in the context
03:33:01.805 [main] DEBUG com.github.dockerjava.zerodep.shaded.org.apache.hc.client5.http.impl.classic.ProtocolExec - ex-0000008E: target auth state: UNCHALLENGED
03:33:01.805 [main] DEBUG com.github.dockerjava.zerodep.shaded.org.apache.hc.client5.http.impl.classic.ProtocolExec - ex-0000008E: proxy auth state: UNCHALLENGED
03:33:01.805 [main] DEBUG com.github.dockerjava.zerodep.shaded.org.apache.hc.client5.http.impl.classic.ConnectExec - ex-0000008E: acquiring connection with route {}->unix://localhost:2375
03:33:01.805 [main] DEBUG com.github.dockerjava.zerodep.shaded.org.apache.hc.client5.http.impl.classic.InternalHttpClient - ex-0000008E: acquiring endpoint (3 MINUTES)
03:33:01.805 [main] DEBUG com.github.dockerjava.zerodep.shaded.org.apache.hc.client5.http.impl.io.PoolingHttpClientConnectionManager - ex-0000008E: endpoint lease request (3 MINUTES) [route: {}->unix://localhost:2375][total available: 1; route allocated: 1 of 2147483647; total allocated: 1 of 2147483647]
03:33:01.805 [main] DEBUG com.github.dockerjava.zerodep.shaded.org.apache.hc.client5.http.impl.io.PoolingHttpClientConnectionManager - ex-0000008E: endpoint leased [route: {}->unix://localhost:2375][total available: 0; route allocated: 1 of 2147483647; total allocated: 1 of 2147483647]
03:33:01.805 [main] DEBUG com.github.dockerjava.zerodep.shaded.org.apache.hc.client5.http.impl.io.PoolingHttpClientConnectionManager - ex-0000008E: acquired ep-0000008D
03:33:01.805 [main] DEBUG com.github.dockerjava.zerodep.shaded.org.apache.hc.client5.http.impl.classic.InternalHttpClient - ex-0000008E: acquired endpoint ep-0000008D
03:33:01.805 [main] DEBUG com.github.dockerjava.zerodep.shaded.org.apache.hc.client5.http.impl.classic.MainClientExec - ex-0000008E: executing GET /v1.32/containers/9691e31891711283f4d98263d11bc6156717d3e75a0b86a23f3b128a992c1f38/json HTTP/1.1
03:33:01.805 [main] DEBUG com.github.dockerjava.zerodep.shaded.org.apache.hc.client5.http.impl.classic.InternalHttpClient - ep-0000008D: start execution ex-0000008E
03:33:01.805 [main] DEBUG com.github.dockerjava.zerodep.shaded.org.apache.hc.client5.http.impl.io.PoolingHttpClientConnectionManager - ep-0000008D: executing exchange ex-0000008E over http-outgoing-2
03:33:01.805 [main] DEBUG com.github.dockerjava.zerodep.shaded.org.apache.hc.client5.http.headers - http-outgoing-2 >> GET /v1.32/containers/9691e31891711283f4d98263d11bc6156717d3e75a0b86a23f3b128a992c1f38/json HTTP/1.1
03:33:01.805 [main] DEBUG com.github.dockerjava.zerodep.shaded.org.apache.hc.client5.http.headers - http-outgoing-2 >> accept: application/json
03:33:01.805 [main] DEBUG com.github.dockerjava.zerodep.shaded.org.apache.hc.client5.http.headers - http-outgoing-2 >> Accept-Encoding: gzip, x-gzip, deflate
03:33:01.805 [main] DEBUG com.github.dockerjava.zerodep.shaded.org.apache.hc.client5.http.headers - http-outgoing-2 >> Host: localhost:2375
03:33:01.805 [main] DEBUG com.github.dockerjava.zerodep.shaded.org.apache.hc.client5.http.headers - http-outgoing-2 >> Connection: keep-alive
03:33:01.805 [main] DEBUG com.github.dockerjava.zerodep.shaded.org.apache.hc.client5.http.headers - http-outgoing-2 >> User-Agent: Apache-HttpClient/5.0.3 (Java/11.0.15)
03:33:01.805 [main] DEBUG com.github.dockerjava.zerodep.shaded.org.apache.hc.client5.http.wire - http-outgoing-2 >> "GET /v1.32/containers/9691e31891711283f4d98263d11bc6156717d3e75a0b86a23f3b128a992c1f38/json HTTP/1.1[\r][\n]"
03:33:01.805 [main] DEBUG com.github.dockerjava.zerodep.shaded.org.apache.hc.client5.http.wire - http-outgoing-2 >> "accept: application/json[\r][\n]"
03:33:01.805 [main] DEBUG com.github.dockerjava.zerodep.shaded.org.apache.hc.client5.http.wire - http-outgoing-2 >> "Accept-Encoding: gzip, x-gzip, deflate[\r][\n]"
03:33:01.805 [main] DEBUG com.github.dockerjava.zerodep.shaded.org.apache.hc.client5.http.wire - http-outgoing-2 >> "Host: localhost:2375[\r][\n]"
03:33:01.805 [main] DEBUG com.github.dockerjava.zerodep.shaded.org.apache.hc.client5.http.wire - http-outgoing-2 >> "Connection: keep-alive[\r][\n]"
03:33:01.805 [main] DEBUG com.github.dockerjava.zerodep.shaded.org.apache.hc.client5.http.wire - http-outgoing-2 >> "User-Agent: Apache-HttpClient/5.0.3 (Java/11.0.15)[\r][\n]"
03:33:01.805 [main] DEBUG com.github.dockerjava.zerodep.shaded.org.apache.hc.client5.http.wire - http-outgoing-2 >> "[\r][\n]"
03:33:01.805 [main] DEBUG com.github.dockerjava.zerodep.shaded.org.apache.hc.client5.http.wire - http-outgoing-2 << "HTTP/1.1 200 OK[\r][\n]"
03:33:01.805 [main] DEBUG com.github.dockerjava.zerodep.shaded.org.apache.hc.client5.http.wire - http-outgoing-2 << "Api-Version: 1.41[\r][\n]"
03:33:01.805 [main] DEBUG com.github.dockerjava.zerodep.shaded.org.apache.hc.client5.http.wire - http-outgoing-2 << "Content-Type: application/json[\r][\n]"
03:33:01.805 [main] DEBUG com.github.dockerjava.zerodep.shaded.org.apache.hc.client5.http.wire - http-outgoing-2 << "Docker-Experimental: false[\r][\n]"
03:33:01.805 [main] DEBUG com.github.dockerjava.zerodep.shaded.org.apache.hc.client5.http.wire - http-outgoing-2 << "Ostype: linux[\r][\n]"
03:33:01.805 [main] DEBUG com.github.dockerjava.zerodep.shaded.org.apache.hc.client5.http.wire - http-outgoing-2 << "Server: Docker/20.10.12 (linux)[\r][\n]"
03:33:01.805 [main] DEBUG com.github.dockerjava.zerodep.shaded.org.apache.hc.client5.http.wire - http-outgoing-2 << "Date: Thu, 23 Jun 2022 02:33:01 GMT[\r][\n]"
03:33:01.805 [main] DEBUG com.github.dockerjava.zerodep.shaded.org.apache.hc.client5.http.wire - http-outgoing-2 << "Transfer-Encoding: chunked[\r][\n]"
03:33:01.805 [main] DEBUG com.github.dockerjava.zerodep.shaded.org.apache.hc.client5.http.wire - http-outgoing-2 << "[\r][\n]"
03:33:01.805 [main] DEBUG com.github.dockerjava.zerodep.shaded.org.apache.hc.client5.http.wire - http-outgoing-2 << "18ed[\r][\n]"
03:33:01.805 [main] DEBUG com.github.dockerjava.zerodep.shaded.org.apache.hc.client5.http.wire - http-outgoing-2 << "{"Id":"9691e31891711283f4d98263d11bc6156717d3e75a0b86a23f3b128a992c1f38","Created":"2022-06-23T02:32:47.03956921Z","Path":"docker-entrypoint.sh","Args":["mysqld"],"State":{"Status":"running","Running":true,"Paused":false,"Restarting":false,"OOMKilled":false,"Dead":false,"Pid":66188,"ExitCode":0,"Error":"","StartedAt":"2022-06-23T02:32:47.703880551Z","FinishedAt":"0001-01-01T00:00:00Z"},"Image":"sha256:65b636d5542b73254ce90cc4b895597dc1adc2c661ca553c38eda159979dded1","ResolvConfPath":"/var/lib/docker/containers/9691e31891711283f4d98263d11bc6156717d3e75a0b86a23f3b128a992c1f38/resolv.conf","HostnamePath":"/var/lib/docker/containers/9691e31891711283f4d98263d11bc6156717d3e75a0b86a23f3b128a992c1f38/hostname","HostsPath":"/var/lib/docker/containers/9691e31891711283f4d98263d11bc6156717d3e75a0b86a23f3b128a992c1f38/hosts","LogPath":"/var/lib/docker/containers/9691e31891711283f4d98263d11bc6156717d3e75a0b86a23f3b128a992c1f38/9691e31891711283f4d98263d11bc6156717d3e75a0b86a23f3b128a992c1f38-json.log","Name":"/xenodochial_satoshi","RestartCount":0,"Driver":"overlay2","Platform":"linux","MountLabel":"","ProcessLabel":"","AppArmorProfile":"docker-default","ExecIDs":null,"HostConfig":{"Binds":[],"ContainerIDFile":"","LogConfig":{"Type":"json-file","Config":{}},"NetworkMode":"default","PortBindings":{"3306/tcp":[{"HostIp":"","HostPort":""}]},"RestartPolicy":{"Name":"","MaximumRetryCount":0},"AutoRemove":false,"VolumeDriver":"","VolumesFrom":[],"CapAdd":null,"CapDrop":null,"CgroupnsMode":"host","Dns":null,"DnsOptions":null,"DnsSearch":null,"ExtraHosts":[],"GroupAdd":null,"IpcMode":"shareable","Cgroup":"","Links":null,"OomScoreAdj":0,"PidMode":"","Privileged":false,"PublishAllPorts":false,"ReadonlyRootfs":false,"SecurityOpt":null,"UTSMode":"","UsernsMode":"","ShmSize":67108864,"Runtime":"runc","ConsoleSize":[0,0],"Isolation":"","CpuShares":0,"Memory":0,"NanoCpus":0,"CgroupParent":"","BlkioWeight":0,"BlkioWeightDevice":null,"BlkioDeviceReadBps":null,"BlkioDeviceWriteBps":null,"BlkioDeviceReadIOps":null,"BlkioDeviceWriteIOps":null,"CpuPeriod":0,"CpuQuota":0,"CpuRealtimePeriod":0,"CpuRealtimeRuntime":0,"CpusetCpus":"","CpusetMems":"","Devices":null,"DeviceCgroupRules":null,"DeviceRequests":null,"KernelMemory":0,"KernelMemoryTCP":0,"MemoryReservation":0,"MemorySwap":0,"MemorySwappiness":null,"OomKillDisable":false,"PidsLimit":null,"Ulimits":null,"CpuCount":0,"CpuPercent":0,"IOMaximumIOps":0,"IOMaximumBandwidth":0,"MaskedPaths":["/proc/asound","/proc/acpi","/proc/kcore","/proc/keys","/proc/latency_stats","/proc/timer_list","/proc/timer_stats","/proc/sched_debug","/proc/scsi","/sys/firmware"],"ReadonlyPaths":["/proc/bus","/proc/fs","/proc/irq","/proc/sys","/proc/sysrq-trigger"]},"GraphDriver":{"Data":{"LowerDir":"/var/lib/docker/overlay2/5529564f52cf969e31e7a1482c27be7ffed19639b506ae2e15b7e7115f699a73-init/diff:/var/lib/docker/overlay2/833a665819b5d9728d3efa7c33135034345a24f83af53b1a1af33d9b64f5492a/diff:/var/lib/docker/overlay2/bd4a2a46c227c2f15475b08c398f37acaab93f4fdba31de015d730efae0a0cfc/diff:/var/lib/docker/overlay2/31ad437d7cba8e64428a2b62db1bbb2a2ec19ca4e439ec493ef4deb50dce2783/diff:/var/lib/docker/overlay2/35173cbd8ec5b88a8888e9abbe75f8694f5d3f96a9b781bb70dc1f0889685741/diff:/var/lib/docker/overlay2/24bf69ac4e8c81062fee44e7c9f746fffbb139c3f7f4b55b4fd1b23bb101b529/diff:/var/lib/docker/overlay2/2f27c96a7775dad186b6f0da325d5a251c80aa1b7f80cf8520f493c5154aee70/diff:/var/lib/docker/overlay2/463a60088c72ddbea82639ded15801e35a79c443f6a26bf1baf320c683cb06af/diff:/var/lib/docker/overlay2/80b8224b23a2ee4b5be635c58ae579fd1913aa95558cd66ab2f5e8430f00a5b8/diff:/var/lib/docker/overlay2/20451fa0b1a07b85d665bc3a0359d721ce4e4c28fa3bce7456ab25e0babae708/diff:/var/lib/docker/overlay2/f80d865cbc6c1c6f57d0963fa6234e7a6409e079eb17f4f13ca41d02731701ad/diff:/var/lib/docker/overlay2/5a3029e0b57c6ec9b985871ff6adf08356aaa0f2a15f1e34c1a7f116ecc4a61d/diff:/var/lib/docker/overlay2/4f3423103248d0b381a1bc6a7287e2b42313ff458cea602a02b7379014b03e0e/diff","MergedDir":"/var/lib/docker/overlay2/5529564f52cf969e31e7a1482c27be7ffed19639b506ae2e15b7e7115f699a73/merged","UpperDir":"/var/lib/docker/overlay2/5529564f52cf969e31e7a1482c27be7ffed19639b506ae2e15b7e7115f699a73/diff","WorkDir":"/var/lib/docker/overlay2/5529564f52cf969e31e7a1482c27be7ffed19639b506ae2e15b7e7115f699a73/work"},"Name":"overlay2"},"Mounts":[{"Type":"volume","Name":"fd1f613c7fe3ca3ae799982507ac3f565cc9f6a2dc99ceaed92389e2c43f47d1","Source":"/var/lib/docker/volumes/fd1f613c7fe3ca3ae799982507ac3f565cc9f6a2dc99ceaed92389e2c43f47d1/_data","Destination":"/var/lib/mysql","Driver":"local","Mode":"","RW":true,"Propagation":""}],"Config":{"Hostname":"9691e3189171","Domainname":"","User":"","AttachStdin":false,"AttachStdout":false,"AttachStderr":false,"ExposedPorts":{"3306/tcp":{},"33060/tcp":{}},"Tty":false,"OpenStdin":false,"StdinOnce":false,"Env":["MYSQL_DATABASE=test","MYSQL_PASSWORD=admin","MYSQL_USER=admin","MYSQL_ROOT_PASSWORD=admin","PATH=/usr/local/sbin:/usr/local/bin:/usr/sbin:/usr/bin:/sbin:/bin","GOSU_VERSION=1.14","MYSQL_MAJOR=8.0","MYSQL_VERSION=8.0.29-1debian10"],"Cmd":["mysqld"],"Image":"mysql:8.0","Volumes":{"/var/lib/mysql":{}},"WorkingDir":"","Entrypoint":["docker-entrypoint.sh"],"OnBuild":null,"Labels":{"org.testcontainers":"true","org.testcontainers.sessionId":"d48265e4-2b28-4f8c-aa67-76dd8289af84"}},"NetworkSettings":{"Bridge":"","SandboxID":"d9de8570fe3f0a4e9f3a1ff7101c963bbd2c6a0a9d8a867b96f17f4d5edca537","HairpinMode":false,"LinkLocalIPv6Address":"","LinkLocalIPv6PrefixLen":0,"Ports":{"3306/tcp":[{"HostIp":"0.0.0.0","HostPort":"49160"},{"HostIp":"::","HostPort":"49160"}],"33060/tcp":null},"SandboxKey":"/var/run/docker/netns/d9de8570fe3f","SecondaryIPAddresses":null,"SecondaryIPv6Addresses":null,"EndpointID":"93e8fe159f683a98670e8995677c2b130dbce857fc116679206e206bda319cbf","Gateway":"172.17.0.1","GlobalIPv6Address":"","GlobalIPv6PrefixLen":0,"IPAddress":"172.17.0.3","IPPrefixLen":16,"IPv6Gateway":"","MacAddress":"02:42:ac:11:00:03","Networks":{"bridge":{"IPAMConfig":null,"Links":null,"Aliases":null,"NetworkID":"1853cd2b9856825cc97ed9ef2b12efa82d95bf9cf60ad666c276eb35cc53539e","EndpointID":"93e8fe159f683a98670e8995677c2b130dbce857fc116679206e206bda319cbf","Gateway":"172.17.0.1","IPAddress":"172.17.0.3","IPPrefixLen":16,"IPv6Gateway":"","GlobalIPv6Address":"","GlobalIPv6PrefixLen":0,"MacAddress":"02:42:ac:11:00:03","DriverOpts":null}}}}[\n]"
03:33:01.806 [main] DEBUG com.github.dockerjava.zerodep.shaded.org.apache.hc.client5.http.wire - http-outgoing-2 << "[\r][\n]"
03:33:01.806 [main] DEBUG com.github.dockerjava.zerodep.shaded.org.apache.hc.client5.http.wire - http-outgoing-2 << "0[\r][\n]"
03:33:01.806 [main] DEBUG com.github.dockerjava.zerodep.shaded.org.apache.hc.client5.http.wire - http-outgoing-2 << "[\r][\n]"
03:33:01.806 [main] DEBUG com.github.dockerjava.zerodep.shaded.org.apache.hc.client5.http.headers - http-outgoing-2 << HTTP/1.1 200 OK
03:33:01.806 [main] DEBUG com.github.dockerjava.zerodep.shaded.org.apache.hc.client5.http.headers - http-outgoing-2 << Api-Version: 1.41
03:33:01.806 [main] DEBUG com.github.dockerjava.zerodep.shaded.org.apache.hc.client5.http.headers - http-outgoing-2 << Content-Type: application/json
03:33:01.806 [main] DEBUG com.github.dockerjava.zerodep.shaded.org.apache.hc.client5.http.headers - http-outgoing-2 << Docker-Experimental: false
03:33:01.806 [main] DEBUG com.github.dockerjava.zerodep.shaded.org.apache.hc.client5.http.headers - http-outgoing-2 << Ostype: linux
03:33:01.806 [main] DEBUG com.github.dockerjava.zerodep.shaded.org.apache.hc.client5.http.headers - http-outgoing-2 << Server: Docker/20.10.12 (linux)
03:33:01.806 [main] DEBUG com.github.dockerjava.zerodep.shaded.org.apache.hc.client5.http.headers - http-outgoing-2 << Date: Thu, 23 Jun 2022 02:33:01 GMT
03:33:01.806 [main] DEBUG com.github.dockerjava.zerodep.shaded.org.apache.hc.client5.http.headers - http-outgoing-2 << Transfer-Encoding: chunked
03:33:01.806 [main] DEBUG com.github.dockerjava.zerodep.shaded.org.apache.hc.client5.http.impl.classic.MainClientExec - ex-0000008E: connection can be kept alive for 3 MINUTES
03:33:01.807 [main] DEBUG com.github.dockerjava.zerodep.shaded.org.apache.hc.client5.http.impl.classic.InternalHttpClient - ep-0000008D: releasing valid endpoint
03:33:01.807 [main] DEBUG com.github.dockerjava.zerodep.shaded.org.apache.hc.client5.http.impl.io.PoolingHttpClientConnectionManager - ep-0000008D: releasing endpoint
03:33:01.807 [main] DEBUG com.github.dockerjava.zerodep.shaded.org.apache.hc.client5.http.impl.io.PoolingHttpClientConnectionManager - ep-0000008D: connection http-outgoing-2 can be kept alive for 3 MINUTES
03:33:01.807 [main] DEBUG com.github.dockerjava.zerodep.shaded.org.apache.hc.client5.http.impl.io.PoolingHttpClientConnectionManager - ep-0000008D: connection released [route: {}->unix://localhost:2375][total available: 1; route allocated: 1 of 2147483647; total allocated: 1 of 2147483647]
03:33:01.807 [main] DEBUG 🐳 [mysql:8.0] - Trying to create JDBC connection using com.mysql.cj.jdbc.Driver to jdbc:mysql://localhost:49160/test?useSSL=false&allowPublicKeyRetrieval=true with properties: {password=admin, user=admin}
03:33:01.910 [main] DEBUG org.testcontainers.shaded.com.github.dockerjava.core.command.AbstrDockerCmd - Cmd: 9691e31891711283f4d98263d11bc6156717d3e75a0b86a23f3b128a992c1f38,false
03:33:01.910 [main] DEBUG org.testcontainers.shaded.com.github.dockerjava.core.exec.InspectContainerCmdExec - GET: DefaultWebTarget{path=[/containers/9691e31891711283f4d98263d11bc6156717d3e75a0b86a23f3b128a992c1f38/json], queryParams={}}
03:33:01.910 [main] DEBUG com.github.dockerjava.zerodep.shaded.org.apache.hc.client5.http.impl.classic.InternalHttpClient - ex-0000008F: preparing request execution
03:33:01.910 [main] DEBUG com.github.dockerjava.zerodep.shaded.org.apache.hc.client5.http.protocol.RequestAddCookies - Cookie spec selected: strict
03:33:01.910 [main] DEBUG com.github.dockerjava.zerodep.shaded.org.apache.hc.client5.http.protocol.RequestAuthCache - Auth cache not set in the context
03:33:01.910 [main] DEBUG com.github.dockerjava.zerodep.shaded.org.apache.hc.client5.http.impl.classic.ProtocolExec - ex-0000008F: target auth state: UNCHALLENGED
03:33:01.910 [main] DEBUG com.github.dockerjava.zerodep.shaded.org.apache.hc.client5.http.impl.classic.ProtocolExec - ex-0000008F: proxy auth state: UNCHALLENGED
03:33:01.910 [main] DEBUG com.github.dockerjava.zerodep.shaded.org.apache.hc.client5.http.impl.classic.ConnectExec - ex-0000008F: acquiring connection with route {}->unix://localhost:2375
03:33:01.911 [main] DEBUG com.github.dockerjava.zerodep.shaded.org.apache.hc.client5.http.impl.classic.InternalHttpClient - ex-0000008F: acquiring endpoint (3 MINUTES)
03:33:01.911 [main] DEBUG com.github.dockerjava.zerodep.shaded.org.apache.hc.client5.http.impl.io.PoolingHttpClientConnectionManager - ex-0000008F: endpoint lease request (3 MINUTES) [route: {}->unix://localhost:2375][total available: 1; route allocated: 1 of 2147483647; total allocated: 1 of 2147483647]
03:33:01.911 [main] DEBUG com.github.dockerjava.zerodep.shaded.org.apache.hc.client5.http.impl.io.PoolingHttpClientConnectionManager - ex-0000008F: endpoint leased [route: {}->unix://localhost:2375][total available: 0; route allocated: 1 of 2147483647; total allocated: 1 of 2147483647]
03:33:01.911 [main] DEBUG com.github.dockerjava.zerodep.shaded.org.apache.hc.client5.http.impl.io.PoolingHttpClientConnectionManager - ex-0000008F: acquired ep-0000008E
03:33:01.911 [main] DEBUG com.github.dockerjava.zerodep.shaded.org.apache.hc.client5.http.impl.classic.InternalHttpClient - ex-0000008F: acquired endpoint ep-0000008E
03:33:01.911 [main] DEBUG com.github.dockerjava.zerodep.shaded.org.apache.hc.client5.http.impl.classic.MainClientExec - ex-0000008F: executing GET /v1.32/containers/9691e31891711283f4d98263d11bc6156717d3e75a0b86a23f3b128a992c1f38/json HTTP/1.1
03:33:01.911 [main] DEBUG com.github.dockerjava.zerodep.shaded.org.apache.hc.client5.http.impl.classic.InternalHttpClient - ep-0000008E: start execution ex-0000008F
03:33:01.911 [main] DEBUG com.github.dockerjava.zerodep.shaded.org.apache.hc.client5.http.impl.io.PoolingHttpClientConnectionManager - ep-0000008E: executing exchange ex-0000008F over http-outgoing-2
03:33:01.911 [main] DEBUG com.github.dockerjava.zerodep.shaded.org.apache.hc.client5.http.headers - http-outgoing-2 >> GET /v1.32/containers/9691e31891711283f4d98263d11bc6156717d3e75a0b86a23f3b128a992c1f38/json HTTP/1.1
03:33:01.911 [main] DEBUG com.github.dockerjava.zerodep.shaded.org.apache.hc.client5.http.headers - http-outgoing-2 >> accept: application/json
03:33:01.911 [main] DEBUG com.github.dockerjava.zerodep.shaded.org.apache.hc.client5.http.headers - http-outgoing-2 >> Accept-Encoding: gzip, x-gzip, deflate
03:33:01.911 [main] DEBUG com.github.dockerjava.zerodep.shaded.org.apache.hc.client5.http.headers - http-outgoing-2 >> Host: localhost:2375
03:33:01.911 [main] DEBUG com.github.dockerjava.zerodep.shaded.org.apache.hc.client5.http.headers - http-outgoing-2 >> Connection: keep-alive
03:33:01.911 [main] DEBUG com.github.dockerjava.zerodep.shaded.org.apache.hc.client5.http.headers - http-outgoing-2 >> User-Agent: Apache-HttpClient/5.0.3 (Java/11.0.15)
03:33:01.911 [main] DEBUG com.github.dockerjava.zerodep.shaded.org.apache.hc.client5.http.wire - http-outgoing-2 >> "GET /v1.32/containers/9691e31891711283f4d98263d11bc6156717d3e75a0b86a23f3b128a992c1f38/json HTTP/1.1[\r][\n]"
03:33:01.911 [main] DEBUG com.github.dockerjava.zerodep.shaded.org.apache.hc.client5.http.wire - http-outgoing-2 >> "accept: application/json[\r][\n]"
03:33:01.911 [main] DEBUG com.github.dockerjava.zerodep.shaded.org.apache.hc.client5.http.wire - http-outgoing-2 >> "Accept-Encoding: gzip, x-gzip, deflate[\r][\n]"
03:33:01.911 [main] DEBUG com.github.dockerjava.zerodep.shaded.org.apache.hc.client5.http.wire - http-outgoing-2 >> "Host: localhost:2375[\r][\n]"
03:33:01.911 [main] DEBUG com.github.dockerjava.zerodep.shaded.org.apache.hc.client5.http.wire - http-outgoing-2 >> "Connection: keep-alive[\r][\n]"
03:33:01.911 [main] DEBUG com.github.dockerjava.zerodep.shaded.org.apache.hc.client5.http.wire - http-outgoing-2 >> "User-Agent: Apache-HttpClient/5.0.3 (Java/11.0.15)[\r][\n]"
03:33:01.911 [main] DEBUG com.github.dockerjava.zerodep.shaded.org.apache.hc.client5.http.wire - http-outgoing-2 >> "[\r][\n]"
03:33:01.911 [main] DEBUG com.github.dockerjava.zerodep.shaded.org.apache.hc.client5.http.wire - http-outgoing-2 << "HTTP/1.1 200 OK[\r][\n]"
03:33:01.911 [main] DEBUG com.github.dockerjava.zerodep.shaded.org.apache.hc.client5.http.wire - http-outgoing-2 << "Api-Version: 1.41[\r][\n]"
03:33:01.911 [main] DEBUG com.github.dockerjava.zerodep.shaded.org.apache.hc.client5.http.wire - http-outgoing-2 << "Content-Type: application/json[\r][\n]"
03:33:01.911 [main] DEBUG com.github.dockerjava.zerodep.shaded.org.apache.hc.client5.http.wire - http-outgoing-2 << "Docker-Experimental: false[\r][\n]"
03:33:01.911 [main] DEBUG com.github.dockerjava.zerodep.shaded.org.apache.hc.client5.http.wire - http-outgoing-2 << "Ostype: linux[\r][\n]"
03:33:01.911 [main] DEBUG com.github.dockerjava.zerodep.shaded.org.apache.hc.client5.http.wire - http-outgoing-2 << "Server: Docker/20.10.12 (linux)[\r][\n]"
03:33:01.911 [main] DEBUG com.github.dockerjava.zerodep.shaded.org.apache.hc.client5.http.wire - http-outgoing-2 << "Date: Thu, 23 Jun 2022 02:33:01 GMT[\r][\n]"
03:33:01.911 [main] DEBUG com.github.dockerjava.zerodep.shaded.org.apache.hc.client5.http.wire - http-outgoing-2 << "Transfer-Encoding: chunked[\r][\n]"
03:33:01.911 [main] DEBUG com.github.dockerjava.zerodep.shaded.org.apache.hc.client5.http.wire - http-outgoing-2 << "[\r][\n]"
03:33:01.911 [main] DEBUG com.github.dockerjava.zerodep.shaded.org.apache.hc.client5.http.wire - http-outgoing-2 << "18ed[\r][\n]"
03:33:01.911 [main] DEBUG com.github.dockerjava.zerodep.shaded.org.apache.hc.client5.http.wire - http-outgoing-2 << "{"Id":"9691e31891711283f4d98263d11bc6156717d3e75a0b86a23f3b128a992c1f38","Created":"2022-06-23T02:32:47.03956921Z","Path":"docker-entrypoint.sh","Args":["mysqld"],"State":{"Status":"running","Running":true,"Paused":false,"Restarting":false,"OOMKilled":false,"Dead":false,"Pid":66188,"ExitCode":0,"Error":"","StartedAt":"2022-06-23T02:32:47.703880551Z","FinishedAt":"0001-01-01T00:00:00Z"},"Image":"sha256:65b636d5542b73254ce90cc4b895597dc1adc2c661ca553c38eda159979dded1","ResolvConfPath":"/var/lib/docker/containers/9691e31891711283f4d98263d11bc6156717d3e75a0b86a23f3b128a992c1f38/resolv.conf","HostnamePath":"/var/lib/docker/containers/9691e31891711283f4d98263d11bc6156717d3e75a0b86a23f3b128a992c1f38/hostname","HostsPath":"/var/lib/docker/containers/9691e31891711283f4d98263d11bc6156717d3e75a0b86a23f3b128a992c1f38/hosts","LogPath":"/var/lib/docker/containers/9691e31891711283f4d98263d11bc6156717d3e75a0b86a23f3b128a992c1f38/9691e31891711283f4d98263d11bc6156717d3e75a0b86a23f3b128a992c1f38-json.log","Name":"/xenodochial_satoshi","RestartCount":0,"Driver":"overlay2","Platform":"linux","MountLabel":"","ProcessLabel":"","AppArmorProfile":"docker-default","ExecIDs":null,"HostConfig":{"Binds":[],"ContainerIDFile":"","LogConfig":{"Type":"json-file","Config":{}},"NetworkMode":"default","PortBindings":{"3306/tcp":[{"HostIp":"","HostPort":""}]},"RestartPolicy":{"Name":"","MaximumRetryCount":0},"AutoRemove":false,"VolumeDriver":"","VolumesFrom":[],"CapAdd":null,"CapDrop":null,"CgroupnsMode":"host","Dns":null,"DnsOptions":null,"DnsSearch":null,"ExtraHosts":[],"GroupAdd":null,"IpcMode":"shareable","Cgroup":"","Links":null,"OomScoreAdj":0,"PidMode":"","Privileged":false,"PublishAllPorts":false,"ReadonlyRootfs":false,"SecurityOpt":null,"UTSMode":"","UsernsMode":"","ShmSize":67108864,"Runtime":"runc","ConsoleSize":[0,0],"Isolation":"","CpuShares":0,"Memory":0,"NanoCpus":0,"CgroupParent":"","BlkioWeight":0,"BlkioWeightDevice":null,"BlkioDeviceReadBps":null,"BlkioDeviceWriteBps":null,"BlkioDeviceReadIOps":null,"BlkioDeviceWriteIOps":null,"CpuPeriod":0,"CpuQuota":0,"CpuRealtimePeriod":0,"CpuRealtimeRuntime":0,"CpusetCpus":"","CpusetMems":"","Devices":null,"DeviceCgroupRules":null,"DeviceRequests":null,"KernelMemory":0,"KernelMemoryTCP":0,"MemoryReservation":0,"MemorySwap":0,"MemorySwappiness":null,"OomKillDisable":false,"PidsLimit":null,"Ulimits":null,"CpuCount":0,"CpuPercent":0,"IOMaximumIOps":0,"IOMaximumBandwidth":0,"MaskedPaths":["/proc/asound","/proc/acpi","/proc/kcore","/proc/keys","/proc/latency_stats","/proc/timer_list","/proc/timer_stats","/proc/sched_debug","/proc/scsi","/sys/firmware"],"ReadonlyPaths":["/proc/bus","/proc/fs","/proc/irq","/proc/sys","/proc/sysrq-trigger"]},"GraphDriver":{"Data":{"LowerDir":"/var/lib/docker/overlay2/5529564f52cf969e31e7a1482c27be7ffed19639b506ae2e15b7e7115f699a73-init/diff:/var/lib/docker/overlay2/833a665819b5d9728d3efa7c33135034345a24f83af53b1a1af33d9b64f5492a/diff:/var/lib/docker/overlay2/bd4a2a46c227c2f15475b08c398f37acaab93f4fdba31de015d730efae0a0cfc/diff:/var/lib/docker/overlay2/31ad437d7cba8e64428a2b62db1bbb2a2ec19ca4e439ec493ef4deb50dce2783/diff:/var/lib/docker/overlay2/35173cbd8ec5b88a8888e9abbe75f8694f5d3f96a9b781bb70dc1f0889685741/diff:/var/lib/docker/overlay2/24bf69ac4e8c81062fee44e7c9f746fffbb139c3f7f4b55b4fd1b23bb101b529/diff:/var/lib/docker/overlay2/2f27c96a7775dad186b6f0da325d5a251c80aa1b7f80cf8520f493c5154aee70/diff:/var/lib/docker/overlay2/463a60088c72ddbea82639ded15801e35a79c443f6a26bf1baf320c683cb06af/diff:/var/lib/docker/overlay2/80b8224b23a2ee4b5be635c58ae579fd1913aa95558cd66ab2f5e8430f00a5b8/diff:/var/lib/docker/overlay2/20451fa0b1a07b85d665bc3a0359d721ce4e4c28fa3bce7456ab25e0babae708/diff:/var/lib/docker/overlay2/f80d865cbc6c1c6f57d0963fa6234e7a6409e079eb17f4f13ca41d02731701ad/diff:/var/lib/docker/overlay2/5a3029e0b57c6ec9b985871ff6adf08356aaa0f2a15f1e34c1a7f116ecc4a61d/diff:/var/lib/docker/overlay2/4f3423103248d0b381a1bc6a7287e2b42313ff458cea602a02b7379014b03e0e/diff","MergedDir":"/var/lib/docker/overlay2/5529564f52cf969e31e7a1482c27be7ffed19639b506ae2e15b7e7115f699a73/merged","UpperDir":"/var/lib/docker/overlay2/5529564f52cf969e31e7a1482c27be7ffed19639b506ae2e15b7e7115f699a73/diff","WorkDir":"/var/lib/docker/overlay2/5529564f52cf969e31e7a1482c27be7ffed19639b506ae2e15b7e7115f699a73/work"},"Name":"overlay2"},"Mounts":[{"Type":"volume","Name":"fd1f613c7fe3ca3ae799982507ac3f565cc9f6a2dc99ceaed92389e2c43f47d1","Source":"/var/lib/docker/volumes/fd1f613c7fe3ca3ae799982507ac3f565cc9f6a2dc99ceaed92389e2c43f47d1/_data","Destination":"/var/lib/mysql","Driver":"local","Mode":"","RW":true,"Propagation":""}],"Config":{"Hostname":"9691e3189171","Domainname":"","User":"","AttachStdin":false,"AttachStdout":false,"AttachStderr":false,"ExposedPorts":{"3306/tcp":{},"33060/tcp":{}},"Tty":false,"OpenStdin":false,"StdinOnce":false,"Env":["MYSQL_DATABASE=test","MYSQL_PASSWORD=admin","MYSQL_USER=admin","MYSQL_ROOT_PASSWORD=admin","PATH=/usr/local/sbin:/usr/local/bin:/usr/sbin:/usr/bin:/sbin:/bin","GOSU_VERSION=1.14","MYSQL_MAJOR=8.0","MYSQL_VERSION=8.0.29-1debian10"],"Cmd":["mysqld"],"Image":"mysql:8.0","Volumes":{"/var/lib/mysql":{}},"WorkingDir":"","Entrypoint":["docker-entrypoint.sh"],"OnBuild":null,"Labels":{"org.testcontainers":"true","org.testcontainers.sessionId":"d48265e4-2b28-4f8c-aa67-76dd8289af84"}},"NetworkSettings":{"Bridge":"","SandboxID":"d9de8570fe3f0a4e9f3a1ff7101c963bbd2c6a0a9d8a867b96f17f4d5edca537","HairpinMode":false,"LinkLocalIPv6Address":"","LinkLocalIPv6PrefixLen":0,"Ports":{"3306/tcp":[{"HostIp":"0.0.0.0","HostPort":"49160"},{"HostIp":"::","HostPort":"49160"}],"33060/tcp":null},"SandboxKey":"/var/run/docker/netns/d9de8570fe3f","SecondaryIPAddresses":null,"SecondaryIPv6Addresses":null,"EndpointID":"93e8fe159f683a98670e8995677c2b130dbce857fc116679206e206bda319cbf","Gateway":"172.17.0.1","GlobalIPv6Address":"","GlobalIPv6PrefixLen":0,"IPAddress":"172.17.0.3","IPPrefixLen":16,"IPv6Gateway":"","MacAddress":"02:42:ac:11:00:03","Networks":{"bridge":{"IPAMConfig":null,"Links":null,"Aliases":null,"NetworkID":"1853cd2b9856825cc97ed9ef2b12efa82d95bf9cf60ad666c276eb35cc53539e","EndpointID":"93e8fe159f683a98670e8995677c2b130dbce857fc116679206e206bda319cbf","Gateway":"172.17.0.1","IPAddress":"172.17.0.3","IPPrefixLen":16,"IPv6Gateway":"","GlobalIPv6Address":"","GlobalIPv6PrefixLen":0,"MacAddress":"02:42:ac:11:00:03","DriverOpts":null}}}}[\n]"
03:33:01.911 [main] DEBUG com.github.dockerjava.zerodep.shaded.org.apache.hc.client5.http.wire - http-outgoing-2 << "[\r][\n]"
03:33:01.911 [main] DEBUG com.github.dockerjava.zerodep.shaded.org.apache.hc.client5.http.wire - http-outgoing-2 << "0[\r][\n]"
03:33:01.911 [main] DEBUG com.github.dockerjava.zerodep.shaded.org.apache.hc.client5.http.wire - http-outgoing-2 << "[\r][\n]"
03:33:01.911 [main] DEBUG com.github.dockerjava.zerodep.shaded.org.apache.hc.client5.http.headers - http-outgoing-2 << HTTP/1.1 200 OK
03:33:01.911 [main] DEBUG com.github.dockerjava.zerodep.shaded.org.apache.hc.client5.http.headers - http-outgoing-2 << Api-Version: 1.41
03:33:01.911 [main] DEBUG com.github.dockerjava.zerodep.shaded.org.apache.hc.client5.http.headers - http-outgoing-2 << Content-Type: application/json
03:33:01.911 [main] DEBUG com.github.dockerjava.zerodep.shaded.org.apache.hc.client5.http.headers - http-outgoing-2 << Docker-Experimental: false
03:33:01.911 [main] DEBUG com.github.dockerjava.zerodep.shaded.org.apache.hc.client5.http.headers - http-outgoing-2 << Ostype: linux
03:33:01.911 [main] DEBUG com.github.dockerjava.zerodep.shaded.org.apache.hc.client5.http.headers - http-outgoing-2 << Server: Docker/20.10.12 (linux)
03:33:01.911 [main] DEBUG com.github.dockerjava.zerodep.shaded.org.apache.hc.client5.http.headers - http-outgoing-2 << Date: Thu, 23 Jun 2022 02:33:01 GMT
03:33:01.911 [main] DEBUG com.github.dockerjava.zerodep.shaded.org.apache.hc.client5.http.headers - http-outgoing-2 << Transfer-Encoding: chunked
03:33:01.911 [main] DEBUG com.github.dockerjava.zerodep.shaded.org.apache.hc.client5.http.impl.classic.MainClientExec - ex-0000008F: connection can be kept alive for 3 MINUTES
03:33:01.912 [main] DEBUG com.github.dockerjava.zerodep.shaded.org.apache.hc.client5.http.impl.classic.InternalHttpClient - ep-0000008E: releasing valid endpoint
03:33:01.912 [main] DEBUG com.github.dockerjava.zerodep.shaded.org.apache.hc.client5.http.impl.io.PoolingHttpClientConnectionManager - ep-0000008E: releasing endpoint
03:33:01.912 [main] DEBUG com.github.dockerjava.zerodep.shaded.org.apache.hc.client5.http.impl.io.PoolingHttpClientConnectionManager - ep-0000008E: connection http-outgoing-2 can be kept alive for 3 MINUTES
03:33:01.912 [main] DEBUG com.github.dockerjava.zerodep.shaded.org.apache.hc.client5.http.impl.io.PoolingHttpClientConnectionManager - ep-0000008E: connection released [route: {}->unix://localhost:2375][total available: 1; route allocated: 1 of 2147483647; total allocated: 1 of 2147483647]
03:33:01.912 [main] DEBUG 🐳 [mysql:8.0] - Trying to create JDBC connection using com.mysql.cj.jdbc.Driver to jdbc:mysql://localhost:49160/test?useSSL=false&allowPublicKeyRetrieval=true with properties: {password=admin, user=admin}
03:33:02.014 [main] DEBUG org.testcontainers.shaded.com.github.dockerjava.core.command.AbstrDockerCmd - Cmd: 9691e31891711283f4d98263d11bc6156717d3e75a0b86a23f3b128a992c1f38,false
03:33:02.014 [main] DEBUG org.testcontainers.shaded.com.github.dockerjava.core.exec.InspectContainerCmdExec - GET: DefaultWebTarget{path=[/containers/9691e31891711283f4d98263d11bc6156717d3e75a0b86a23f3b128a992c1f38/json], queryParams={}}
03:33:02.014 [main] DEBUG com.github.dockerjava.zerodep.shaded.org.apache.hc.client5.http.impl.classic.InternalHttpClient - ex-00000090: preparing request execution
03:33:02.014 [main] DEBUG com.github.dockerjava.zerodep.shaded.org.apache.hc.client5.http.protocol.RequestAddCookies - Cookie spec selected: strict
03:33:02.014 [main] DEBUG com.github.dockerjava.zerodep.shaded.org.apache.hc.client5.http.protocol.RequestAuthCache - Auth cache not set in the context
03:33:02.014 [main] DEBUG com.github.dockerjava.zerodep.shaded.org.apache.hc.client5.http.impl.classic.ProtocolExec - ex-00000090: target auth state: UNCHALLENGED
03:33:02.014 [main] DEBUG com.github.dockerjava.zerodep.shaded.org.apache.hc.client5.http.impl.classic.ProtocolExec - ex-00000090: proxy auth state: UNCHALLENGED
03:33:02.014 [main] DEBUG com.github.dockerjava.zerodep.shaded.org.apache.hc.client5.http.impl.classic.ConnectExec - ex-00000090: acquiring connection with route {}->unix://localhost:2375
03:33:02.014 [main] DEBUG com.github.dockerjava.zerodep.shaded.org.apache.hc.client5.http.impl.classic.InternalHttpClient - ex-00000090: acquiring endpoint (3 MINUTES)
03:33:02.014 [main] DEBUG com.github.dockerjava.zerodep.shaded.org.apache.hc.client5.http.impl.io.PoolingHttpClientConnectionManager - ex-00000090: endpoint lease request (3 MINUTES) [route: {}->unix://localhost:2375][total available: 1; route allocated: 1 of 2147483647; total allocated: 1 of 2147483647]
03:33:02.014 [main] DEBUG com.github.dockerjava.zerodep.shaded.org.apache.hc.client5.http.impl.io.PoolingHttpClientConnectionManager - ex-00000090: endpoint leased [route: {}->unix://localhost:2375][total available: 0; route allocated: 1 of 2147483647; total allocated: 1 of 2147483647]
03:33:02.015 [main] DEBUG com.github.dockerjava.zerodep.shaded.org.apache.hc.client5.http.impl.io.PoolingHttpClientConnectionManager - ex-00000090: acquired ep-0000008F
03:33:02.015 [main] DEBUG com.github.dockerjava.zerodep.shaded.org.apache.hc.client5.http.impl.classic.InternalHttpClient - ex-00000090: acquired endpoint ep-0000008F
03:33:02.015 [main] DEBUG com.github.dockerjava.zerodep.shaded.org.apache.hc.client5.http.impl.classic.MainClientExec - ex-00000090: executing GET /v1.32/containers/9691e31891711283f4d98263d11bc6156717d3e75a0b86a23f3b128a992c1f38/json HTTP/1.1
03:33:02.015 [main] DEBUG com.github.dockerjava.zerodep.shaded.org.apache.hc.client5.http.impl.classic.InternalHttpClient - ep-0000008F: start execution ex-00000090
03:33:02.015 [main] DEBUG com.github.dockerjava.zerodep.shaded.org.apache.hc.client5.http.impl.io.PoolingHttpClientConnectionManager - ep-0000008F: executing exchange ex-00000090 over http-outgoing-2
03:33:02.015 [main] DEBUG com.github.dockerjava.zerodep.shaded.org.apache.hc.client5.http.headers - http-outgoing-2 >> GET /v1.32/containers/9691e31891711283f4d98263d11bc6156717d3e75a0b86a23f3b128a992c1f38/json HTTP/1.1
03:33:02.015 [main] DEBUG com.github.dockerjava.zerodep.shaded.org.apache.hc.client5.http.headers - http-outgoing-2 >> accept: application/json
03:33:02.015 [main] DEBUG com.github.dockerjava.zerodep.shaded.org.apache.hc.client5.http.headers - http-outgoing-2 >> Accept-Encoding: gzip, x-gzip, deflate
03:33:02.015 [main] DEBUG com.github.dockerjava.zerodep.shaded.org.apache.hc.client5.http.headers - http-outgoing-2 >> Host: localhost:2375
03:33:02.015 [main] DEBUG com.github.dockerjava.zerodep.shaded.org.apache.hc.client5.http.headers - http-outgoing-2 >> Connection: keep-alive
03:33:02.015 [main] DEBUG com.github.dockerjava.zerodep.shaded.org.apache.hc.client5.http.headers - http-outgoing-2 >> User-Agent: Apache-HttpClient/5.0.3 (Java/11.0.15)
03:33:02.015 [main] DEBUG com.github.dockerjava.zerodep.shaded.org.apache.hc.client5.http.wire - http-outgoing-2 >> "GET /v1.32/containers/9691e31891711283f4d98263d11bc6156717d3e75a0b86a23f3b128a992c1f38/json HTTP/1.1[\r][\n]"
03:33:02.015 [main] DEBUG com.github.dockerjava.zerodep.shaded.org.apache.hc.client5.http.wire - http-outgoing-2 >> "accept: application/json[\r][\n]"
03:33:02.015 [main] DEBUG com.github.dockerjava.zerodep.shaded.org.apache.hc.client5.http.wire - http-outgoing-2 >> "Accept-Encoding: gzip, x-gzip, deflate[\r][\n]"
03:33:02.015 [main] DEBUG com.github.dockerjava.zerodep.shaded.org.apache.hc.client5.http.wire - http-outgoing-2 >> "Host: localhost:2375[\r][\n]"
03:33:02.015 [main] DEBUG com.github.dockerjava.zerodep.shaded.org.apache.hc.client5.http.wire - http-outgoing-2 >> "Connection: keep-alive[\r][\n]"
03:33:02.015 [main] DEBUG com.github.dockerjava.zerodep.shaded.org.apache.hc.client5.http.wire - http-outgoing-2 >> "User-Agent: Apache-HttpClient/5.0.3 (Java/11.0.15)[\r][\n]"
03:33:02.015 [main] DEBUG com.github.dockerjava.zerodep.shaded.org.apache.hc.client5.http.wire - http-outgoing-2 >> "[\r][\n]"
03:33:02.015 [main] DEBUG com.github.dockerjava.zerodep.shaded.org.apache.hc.client5.http.wire - http-outgoing-2 << "HTTP/1.1 200 OK[\r][\n]"
03:33:02.015 [main] DEBUG com.github.dockerjava.zerodep.shaded.org.apache.hc.client5.http.wire - http-outgoing-2 << "Api-Version: 1.41[\r][\n]"
03:33:02.015 [main] DEBUG com.github.dockerjava.zerodep.shaded.org.apache.hc.client5.http.wire - http-outgoing-2 << "Content-Type: application/json[\r][\n]"
03:33:02.015 [main] DEBUG com.github.dockerjava.zerodep.shaded.org.apache.hc.client5.http.wire - http-outgoing-2 << "Docker-Experimental: false[\r][\n]"
03:33:02.015 [main] DEBUG com.github.dockerjava.zerodep.shaded.org.apache.hc.client5.http.wire - http-outgoing-2 << "Ostype: linux[\r][\n]"
03:33:02.015 [main] DEBUG com.github.dockerjava.zerodep.shaded.org.apache.hc.client5.http.wire - http-outgoing-2 << "Server: Docker/20.10.12 (linux)[\r][\n]"
03:33:02.015 [main] DEBUG com.github.dockerjava.zerodep.shaded.org.apache.hc.client5.http.wire - http-outgoing-2 << "Date: Thu, 23 Jun 2022 02:33:02 GMT[\r][\n]"
03:33:02.015 [main] DEBUG com.github.dockerjava.zerodep.shaded.org.apache.hc.client5.http.wire - http-outgoing-2 << "Transfer-Encoding: chunked[\r][\n]"
03:33:02.015 [main] DEBUG com.github.dockerjava.zerodep.shaded.org.apache.hc.client5.http.wire - http-outgoing-2 << "[\r][\n]"
03:33:02.015 [main] DEBUG com.github.dockerjava.zerodep.shaded.org.apache.hc.client5.http.wire - http-outgoing-2 << "18ed[\r][\n]"
03:33:02.015 [main] DEBUG com.github.dockerjava.zerodep.shaded.org.apache.hc.client5.http.wire - http-outgoing-2 << "{"Id":"9691e31891711283f4d98263d11bc6156717d3e75a0b86a23f3b128a992c1f38","Created":"2022-06-23T02:32:47.03956921Z","Path":"docker-entrypoint.sh","Args":["mysqld"],"State":{"Status":"running","Running":true,"Paused":false,"Restarting":false,"OOMKilled":false,"Dead":false,"Pid":66188,"ExitCode":0,"Error":"","StartedAt":"2022-06-23T02:32:47.703880551Z","FinishedAt":"0001-01-01T00:00:00Z"},"Image":"sha256:65b636d5542b73254ce90cc4b895597dc1adc2c661ca553c38eda159979dded1","ResolvConfPath":"/var/lib/docker/containers/9691e31891711283f4d98263d11bc6156717d3e75a0b86a23f3b128a992c1f38/resolv.conf","HostnamePath":"/var/lib/docker/containers/9691e31891711283f4d98263d11bc6156717d3e75a0b86a23f3b128a992c1f38/hostname","HostsPath":"/var/lib/docker/containers/9691e31891711283f4d98263d11bc6156717d3e75a0b86a23f3b128a992c1f38/hosts","LogPath":"/var/lib/docker/containers/9691e31891711283f4d98263d11bc6156717d3e75a0b86a23f3b128a992c1f38/9691e31891711283f4d98263d11bc6156717d3e75a0b86a23f3b128a992c1f38-json.log","Name":"/xenodochial_satoshi","RestartCount":0,"Driver":"overlay2","Platform":"linux","MountLabel":"","ProcessLabel":"","AppArmorProfile":"docker-default","ExecIDs":null,"HostConfig":{"Binds":[],"ContainerIDFile":"","LogConfig":{"Type":"json-file","Config":{}},"NetworkMode":"default","PortBindings":{"3306/tcp":[{"HostIp":"","HostPort":""}]},"RestartPolicy":{"Name":"","MaximumRetryCount":0},"AutoRemove":false,"VolumeDriver":"","VolumesFrom":[],"CapAdd":null,"CapDrop":null,"CgroupnsMode":"host","Dns":null,"DnsOptions":null,"DnsSearch":null,"ExtraHosts":[],"GroupAdd":null,"IpcMode":"shareable","Cgroup":"","Links":null,"OomScoreAdj":0,"PidMode":"","Privileged":false,"PublishAllPorts":false,"ReadonlyRootfs":false,"SecurityOpt":null,"UTSMode":"","UsernsMode":"","ShmSize":67108864,"Runtime":"runc","ConsoleSize":[0,0],"Isolation":"","CpuShares":0,"Memory":0,"NanoCpus":0,"CgroupParent":"","BlkioWeight":0,"BlkioWeightDevice":null,"BlkioDeviceReadBps":null,"BlkioDeviceWriteBps":null,"BlkioDeviceReadIOps":null,"BlkioDeviceWriteIOps":null,"CpuPeriod":0,"CpuQuota":0,"CpuRealtimePeriod":0,"CpuRealtimeRuntime":0,"CpusetCpus":"","CpusetMems":"","Devices":null,"DeviceCgroupRules":null,"DeviceRequests":null,"KernelMemory":0,"KernelMemoryTCP":0,"MemoryReservation":0,"MemorySwap":0,"MemorySwappiness":null,"OomKillDisable":false,"PidsLimit":null,"Ulimits":null,"CpuCount":0,"CpuPercent":0,"IOMaximumIOps":0,"IOMaximumBandwidth":0,"MaskedPaths":["/proc/asound","/proc/acpi","/proc/kcore","/proc/keys","/proc/latency_stats","/proc/timer_list","/proc/timer_stats","/proc/sched_debug","/proc/scsi","/sys/firmware"],"ReadonlyPaths":["/proc/bus","/proc/fs","/proc/irq","/proc/sys","/proc/sysrq-trigger"]},"GraphDriver":{"Data":{"LowerDir":"/var/lib/docker/overlay2/5529564f52cf969e31e7a1482c27be7ffed19639b506ae2e15b7e7115f699a73-init/diff:/var/lib/docker/overlay2/833a665819b5d9728d3efa7c33135034345a24f83af53b1a1af33d9b64f5492a/diff:/var/lib/docker/overlay2/bd4a2a46c227c2f15475b08c398f37acaab93f4fdba31de015d730efae0a0cfc/diff:/var/lib/docker/overlay2/31ad437d7cba8e64428a2b62db1bbb2a2ec19ca4e439ec493ef4deb50dce2783/diff:/var/lib/docker/overlay2/35173cbd8ec5b88a8888e9abbe75f8694f5d3f96a9b781bb70dc1f0889685741/diff:/var/lib/docker/overlay2/24bf69ac4e8c81062fee44e7c9f746fffbb139c3f7f4b55b4fd1b23bb101b529/diff:/var/lib/docker/overlay2/2f27c96a7775dad186b6f0da325d5a251c80aa1b7f80cf8520f493c5154aee70/diff:/var/lib/docker/overlay2/463a60088c72ddbea82639ded15801e35a79c443f6a26bf1baf320c683cb06af/diff:/var/lib/docker/overlay2/80b8224b23a2ee4b5be635c58ae579fd1913aa95558cd66ab2f5e8430f00a5b8/diff:/var/lib/docker/overlay2/20451fa0b1a07b85d665bc3a0359d721ce4e4c28fa3bce7456ab25e0babae708/diff:/var/lib/docker/overlay2/f80d865cbc6c1c6f57d0963fa6234e7a6409e079eb17f4f13ca41d02731701ad/diff:/var/lib/docker/overlay2/5a3029e0b57c6ec9b985871ff6adf08356aaa0f2a15f1e34c1a7f116ecc4a61d/diff:/var/lib/docker/overlay2/4f3423103248d0b381a1bc6a7287e2b42313ff458cea602a02b7379014b03e0e/diff","MergedDir":"/var/lib/docker/overlay2/5529564f52cf969e31e7a1482c27be7ffed19639b506ae2e15b7e7115f699a73/merged","UpperDir":"/var/lib/docker/overlay2/5529564f52cf969e31e7a1482c27be7ffed19639b506ae2e15b7e7115f699a73/diff","WorkDir":"/var/lib/docker/overlay2/5529564f52cf969e31e7a1482c27be7ffed19639b506ae2e15b7e7115f699a73/work"},"Name":"overlay2"},"Mounts":[{"Type":"volume","Name":"fd1f613c7fe3ca3ae799982507ac3f565cc9f6a2dc99ceaed92389e2c43f47d1","Source":"/var/lib/docker/volumes/fd1f613c7fe3ca3ae799982507ac3f565cc9f6a2dc99ceaed92389e2c43f47d1/_data","Destination":"/var/lib/mysql","Driver":"local","Mode":"","RW":true,"Propagation":""}],"Config":{"Hostname":"9691e3189171","Domainname":"","User":"","AttachStdin":false,"AttachStdout":false,"AttachStderr":false,"ExposedPorts":{"3306/tcp":{},"33060/tcp":{}},"Tty":false,"OpenStdin":false,"StdinOnce":false,"Env":["MYSQL_DATABASE=test","MYSQL_PASSWORD=admin","MYSQL_USER=admin","MYSQL_ROOT_PASSWORD=admin","PATH=/usr/local/sbin:/usr/local/bin:/usr/sbin:/usr/bin:/sbin:/bin","GOSU_VERSION=1.14","MYSQL_MAJOR=8.0","MYSQL_VERSION=8.0.29-1debian10"],"Cmd":["mysqld"],"Image":"mysql:8.0","Volumes":{"/var/lib/mysql":{}},"WorkingDir":"","Entrypoint":["docker-entrypoint.sh"],"OnBuild":null,"Labels":{"org.testcontainers":"true","org.testcontainers.sessionId":"d48265e4-2b28-4f8c-aa67-76dd8289af84"}},"NetworkSettings":{"Bridge":"","SandboxID":"d9de8570fe3f0a4e9f3a1ff7101c963bbd2c6a0a9d8a867b96f17f4d5edca537","HairpinMode":false,"LinkLocalIPv6Address":"","LinkLocalIPv6PrefixLen":0,"Ports":{"3306/tcp":[{"HostIp":"0.0.0.0","HostPort":"49160"},{"HostIp":"::","HostPort":"49160"}],"33060/tcp":null},"SandboxKey":"/var/run/docker/netns/d9de8570fe3f","SecondaryIPAddresses":null,"SecondaryIPv6Addresses":null,"EndpointID":"93e8fe159f683a98670e8995677c2b130dbce857fc116679206e206bda319cbf","Gateway":"172.17.0.1","GlobalIPv6Address":"","GlobalIPv6PrefixLen":0,"IPAddress":"172.17.0.3","IPPrefixLen":16,"IPv6Gateway":"","MacAddress":"02:42:ac:11:00:03","Networks":{"bridge":{"IPAMConfig":null,"Links":null,"Aliases":null,"NetworkID":"1853cd2b9856825cc97ed9ef2b12efa82d95bf9cf60ad666c276eb35cc53539e","EndpointID":"93e8fe159f683a98670e8995677c2b130dbce857fc116679206e206bda319cbf","Gateway":"172.17.0.1","IPAddress":"172.17.0.3","IPPrefixLen":16,"IPv6Gateway":"","GlobalIPv6Address":"","GlobalIPv6PrefixLen":0,"MacAddress":"02:42:ac:11:00:03","DriverOpts":null}}}}[\n]"
03:33:02.015 [main] DEBUG com.github.dockerjava.zerodep.shaded.org.apache.hc.client5.http.wire - http-outgoing-2 << "[\r][\n]"
03:33:02.015 [main] DEBUG com.github.dockerjava.zerodep.shaded.org.apache.hc.client5.http.wire - http-outgoing-2 << "0[\r][\n]"
03:33:02.015 [main] DEBUG com.github.dockerjava.zerodep.shaded.org.apache.hc.client5.http.wire - http-outgoing-2 << "[\r][\n]"
03:33:02.015 [main] DEBUG com.github.dockerjava.zerodep.shaded.org.apache.hc.client5.http.headers - http-outgoing-2 << HTTP/1.1 200 OK
03:33:02.015 [main] DEBUG com.github.dockerjava.zerodep.shaded.org.apache.hc.client5.http.headers - http-outgoing-2 << Api-Version: 1.41
03:33:02.015 [main] DEBUG com.github.dockerjava.zerodep.shaded.org.apache.hc.client5.http.headers - http-outgoing-2 << Content-Type: application/json
03:33:02.015 [main] DEBUG com.github.dockerjava.zerodep.shaded.org.apache.hc.client5.http.headers - http-outgoing-2 << Docker-Experimental: false
03:33:02.015 [main] DEBUG com.github.dockerjava.zerodep.shaded.org.apache.hc.client5.http.headers - http-outgoing-2 << Ostype: linux
03:33:02.015 [main] DEBUG com.github.dockerjava.zerodep.shaded.org.apache.hc.client5.http.headers - http-outgoing-2 << Server: Docker/20.10.12 (linux)
03:33:02.015 [main] DEBUG com.github.dockerjava.zerodep.shaded.org.apache.hc.client5.http.headers - http-outgoing-2 << Date: Thu, 23 Jun 2022 02:33:02 GMT
03:33:02.015 [main] DEBUG com.github.dockerjava.zerodep.shaded.org.apache.hc.client5.http.headers - http-outgoing-2 << Transfer-Encoding: chunked
03:33:02.015 [main] DEBUG com.github.dockerjava.zerodep.shaded.org.apache.hc.client5.http.impl.classic.MainClientExec - ex-00000090: connection can be kept alive for 3 MINUTES
03:33:02.016 [main] DEBUG com.github.dockerjava.zerodep.shaded.org.apache.hc.client5.http.impl.classic.InternalHttpClient - ep-0000008F: releasing valid endpoint
03:33:02.016 [main] DEBUG com.github.dockerjava.zerodep.shaded.org.apache.hc.client5.http.impl.io.PoolingHttpClientConnectionManager - ep-0000008F: releasing endpoint
03:33:02.016 [main] DEBUG com.github.dockerjava.zerodep.shaded.org.apache.hc.client5.http.impl.io.PoolingHttpClientConnectionManager - ep-0000008F: connection http-outgoing-2 can be kept alive for 3 MINUTES
03:33:02.016 [main] DEBUG com.github.dockerjava.zerodep.shaded.org.apache.hc.client5.http.impl.io.PoolingHttpClientConnectionManager - ep-0000008F: connection released [route: {}->unix://localhost:2375][total available: 1; route allocated: 1 of 2147483647; total allocated: 1 of 2147483647]
03:33:02.016 [main] DEBUG 🐳 [mysql:8.0] - Trying to create JDBC connection using com.mysql.cj.jdbc.Driver to jdbc:mysql://localhost:49160/test?useSSL=false&allowPublicKeyRetrieval=true with properties: {password=admin, user=admin}
03:33:02.118 [main] DEBUG org.testcontainers.shaded.com.github.dockerjava.core.command.AbstrDockerCmd - Cmd: 9691e31891711283f4d98263d11bc6156717d3e75a0b86a23f3b128a992c1f38,false
03:33:02.118 [main] DEBUG org.testcontainers.shaded.com.github.dockerjava.core.exec.InspectContainerCmdExec - GET: DefaultWebTarget{path=[/containers/9691e31891711283f4d98263d11bc6156717d3e75a0b86a23f3b128a992c1f38/json], queryParams={}}
03:33:02.118 [main] DEBUG com.github.dockerjava.zerodep.shaded.org.apache.hc.client5.http.impl.classic.InternalHttpClient - ex-00000091: preparing request execution
03:33:02.118 [main] DEBUG com.github.dockerjava.zerodep.shaded.org.apache.hc.client5.http.protocol.RequestAddCookies - Cookie spec selected: strict
03:33:02.118 [main] DEBUG com.github.dockerjava.zerodep.shaded.org.apache.hc.client5.http.protocol.RequestAuthCache - Auth cache not set in the context
03:33:02.118 [main] DEBUG com.github.dockerjava.zerodep.shaded.org.apache.hc.client5.http.impl.classic.ProtocolExec - ex-00000091: target auth state: UNCHALLENGED
03:33:02.118 [main] DEBUG com.github.dockerjava.zerodep.shaded.org.apache.hc.client5.http.impl.classic.ProtocolExec - ex-00000091: proxy auth state: UNCHALLENGED
03:33:02.118 [main] DEBUG com.github.dockerjava.zerodep.shaded.org.apache.hc.client5.http.impl.classic.ConnectExec - ex-00000091: acquiring connection with route {}->unix://localhost:2375
03:33:02.118 [main] DEBUG com.github.dockerjava.zerodep.shaded.org.apache.hc.client5.http.impl.classic.InternalHttpClient - ex-00000091: acquiring endpoint (3 MINUTES)
03:33:02.118 [main] DEBUG com.github.dockerjava.zerodep.shaded.org.apache.hc.client5.http.impl.io.PoolingHttpClientConnectionManager - ex-00000091: endpoint lease request (3 MINUTES) [route: {}->unix://localhost:2375][total available: 1; route allocated: 1 of 2147483647; total allocated: 1 of 2147483647]
03:33:02.118 [main] DEBUG com.github.dockerjava.zerodep.shaded.org.apache.hc.client5.http.impl.io.PoolingHttpClientConnectionManager - ex-00000091: endpoint leased [route: {}->unix://localhost:2375][total available: 0; route allocated: 1 of 2147483647; total allocated: 1 of 2147483647]
03:33:02.118 [main] DEBUG com.github.dockerjava.zerodep.shaded.org.apache.hc.client5.http.impl.io.PoolingHttpClientConnectionManager - ex-00000091: acquired ep-00000090
03:33:02.118 [main] DEBUG com.github.dockerjava.zerodep.shaded.org.apache.hc.client5.http.impl.classic.InternalHttpClient - ex-00000091: acquired endpoint ep-00000090
03:33:02.118 [main] DEBUG com.github.dockerjava.zerodep.shaded.org.apache.hc.client5.http.impl.classic.MainClientExec - ex-00000091: executing GET /v1.32/containers/9691e31891711283f4d98263d11bc6156717d3e75a0b86a23f3b128a992c1f38/json HTTP/1.1
03:33:02.118 [main] DEBUG com.github.dockerjava.zerodep.shaded.org.apache.hc.client5.http.impl.classic.InternalHttpClient - ep-00000090: start execution ex-00000091
03:33:02.118 [main] DEBUG com.github.dockerjava.zerodep.shaded.org.apache.hc.client5.http.impl.io.PoolingHttpClientConnectionManager - ep-00000090: executing exchange ex-00000091 over http-outgoing-2
03:33:02.118 [main] DEBUG com.github.dockerjava.zerodep.shaded.org.apache.hc.client5.http.headers - http-outgoing-2 >> GET /v1.32/containers/9691e31891711283f4d98263d11bc6156717d3e75a0b86a23f3b128a992c1f38/json HTTP/1.1
03:33:02.119 [main] DEBUG com.github.dockerjava.zerodep.shaded.org.apache.hc.client5.http.headers - http-outgoing-2 >> accept: application/json
03:33:02.119 [main] DEBUG com.github.dockerjava.zerodep.shaded.org.apache.hc.client5.http.headers - http-outgoing-2 >> Accept-Encoding: gzip, x-gzip, deflate
03:33:02.119 [main] DEBUG com.github.dockerjava.zerodep.shaded.org.apache.hc.client5.http.headers - http-outgoing-2 >> Host: localhost:2375
03:33:02.119 [main] DEBUG com.github.dockerjava.zerodep.shaded.org.apache.hc.client5.http.headers - http-outgoing-2 >> Connection: keep-alive
03:33:02.119 [main] DEBUG com.github.dockerjava.zerodep.shaded.org.apache.hc.client5.http.headers - http-outgoing-2 >> User-Agent: Apache-HttpClient/5.0.3 (Java/11.0.15)
03:33:02.119 [main] DEBUG com.github.dockerjava.zerodep.shaded.org.apache.hc.client5.http.wire - http-outgoing-2 >> "GET /v1.32/containers/9691e31891711283f4d98263d11bc6156717d3e75a0b86a23f3b128a992c1f38/json HTTP/1.1[\r][\n]"
03:33:02.119 [main] DEBUG com.github.dockerjava.zerodep.shaded.org.apache.hc.client5.http.wire - http-outgoing-2 >> "accept: application/json[\r][\n]"
03:33:02.119 [main] DEBUG com.github.dockerjava.zerodep.shaded.org.apache.hc.client5.http.wire - http-outgoing-2 >> "Accept-Encoding: gzip, x-gzip, deflate[\r][\n]"
03:33:02.119 [main] DEBUG com.github.dockerjava.zerodep.shaded.org.apache.hc.client5.http.wire - http-outgoing-2 >> "Host: localhost:2375[\r][\n]"
03:33:02.119 [main] DEBUG com.github.dockerjava.zerodep.shaded.org.apache.hc.client5.http.wire - http-outgoing-2 >> "Connection: keep-alive[\r][\n]"
03:33:02.119 [main] DEBUG com.github.dockerjava.zerodep.shaded.org.apache.hc.client5.http.wire - http-outgoing-2 >> "User-Agent: Apache-HttpClient/5.0.3 (Java/11.0.15)[\r][\n]"
03:33:02.119 [main] DEBUG com.github.dockerjava.zerodep.shaded.org.apache.hc.client5.http.wire - http-outgoing-2 >> "[\r][\n]"
03:33:02.119 [main] DEBUG com.github.dockerjava.zerodep.shaded.org.apache.hc.client5.http.wire - http-outgoing-2 << "HTTP/1.1 200 OK[\r][\n]"
03:33:02.119 [main] DEBUG com.github.dockerjava.zerodep.shaded.org.apache.hc.client5.http.wire - http-outgoing-2 << "Api-Version: 1.41[\r][\n]"
03:33:02.119 [main] DEBUG com.github.dockerjava.zerodep.shaded.org.apache.hc.client5.http.wire - http-outgoing-2 << "Content-Type: application/json[\r][\n]"
03:33:02.119 [main] DEBUG com.github.dockerjava.zerodep.shaded.org.apache.hc.client5.http.wire - http-outgoing-2 << "Docker-Experimental: false[\r][\n]"
03:33:02.119 [main] DEBUG com.github.dockerjava.zerodep.shaded.org.apache.hc.client5.http.wire - http-outgoing-2 << "Ostype: linux[\r][\n]"
03:33:02.119 [main] DEBUG com.github.dockerjava.zerodep.shaded.org.apache.hc.client5.http.wire - http-outgoing-2 << "Server: Docker/20.10.12 (linux)[\r][\n]"
03:33:02.119 [main] DEBUG com.github.dockerjava.zerodep.shaded.org.apache.hc.client5.http.wire - http-outgoing-2 << "Date: Thu, 23 Jun 2022 02:33:02 GMT[\r][\n]"
03:33:02.119 [main] DEBUG com.github.dockerjava.zerodep.shaded.org.apache.hc.client5.http.wire - http-outgoing-2 << "Transfer-Encoding: chunked[\r][\n]"
03:33:02.119 [main] DEBUG com.github.dockerjava.zerodep.shaded.org.apache.hc.client5.http.wire - http-outgoing-2 << "[\r][\n]"
03:33:02.119 [main] DEBUG com.github.dockerjava.zerodep.shaded.org.apache.hc.client5.http.wire - http-outgoing-2 << "18ed[\r][\n]"
03:33:02.119 [main] DEBUG com.github.dockerjava.zerodep.shaded.org.apache.hc.client5.http.wire - http-outgoing-2 << "{"Id":"9691e31891711283f4d98263d11bc6156717d3e75a0b86a23f3b128a992c1f38","Created":"2022-06-23T02:32:47.03956921Z","Path":"docker-entrypoint.sh","Args":["mysqld"],"State":{"Status":"running","Running":true,"Paused":false,"Restarting":false,"OOMKilled":false,"Dead":false,"Pid":66188,"ExitCode":0,"Error":"","StartedAt":"2022-06-23T02:32:47.703880551Z","FinishedAt":"0001-01-01T00:00:00Z"},"Image":"sha256:65b636d5542b73254ce90cc4b895597dc1adc2c661ca553c38eda159979dded1","ResolvConfPath":"/var/lib/docker/containers/9691e31891711283f4d98263d11bc6156717d3e75a0b86a23f3b128a992c1f38/resolv.conf","HostnamePath":"/var/lib/docker/containers/9691e31891711283f4d98263d11bc6156717d3e75a0b86a23f3b128a992c1f38/hostname","HostsPath":"/var/lib/docker/containers/9691e31891711283f4d98263d11bc6156717d3e75a0b86a23f3b128a992c1f38/hosts","LogPath":"/var/lib/docker/containers/9691e31891711283f4d98263d11bc6156717d3e75a0b86a23f3b128a992c1f38/9691e31891711283f4d98263d11bc6156717d3e75a0b86a23f3b128a992c1f38-json.log","Name":"/xenodochial_satoshi","RestartCount":0,"Driver":"overlay2","Platform":"linux","MountLabel":"","ProcessLabel":"","AppArmorProfile":"docker-default","ExecIDs":null,"HostConfig":{"Binds":[],"ContainerIDFile":"","LogConfig":{"Type":"json-file","Config":{}},"NetworkMode":"default","PortBindings":{"3306/tcp":[{"HostIp":"","HostPort":""}]},"RestartPolicy":{"Name":"","MaximumRetryCount":0},"AutoRemove":false,"VolumeDriver":"","VolumesFrom":[],"CapAdd":null,"CapDrop":null,"CgroupnsMode":"host","Dns":null,"DnsOptions":null,"DnsSearch":null,"ExtraHosts":[],"GroupAdd":null,"IpcMode":"shareable","Cgroup":"","Links":null,"OomScoreAdj":0,"PidMode":"","Privileged":false,"PublishAllPorts":false,"ReadonlyRootfs":false,"SecurityOpt":null,"UTSMode":"","UsernsMode":"","ShmSize":67108864,"Runtime":"runc","ConsoleSize":[0,0],"Isolation":"","CpuShares":0,"Memory":0,"NanoCpus":0,"CgroupParent":"","BlkioWeight":0,"BlkioWeightDevice":null,"BlkioDeviceReadBps":null,"BlkioDeviceWriteBps":null,"BlkioDeviceReadIOps":null,"BlkioDeviceWriteIOps":null,"CpuPeriod":0,"CpuQuota":0,"CpuRealtimePeriod":0,"CpuRealtimeRuntime":0,"CpusetCpus":"","CpusetMems":"","Devices":null,"DeviceCgroupRules":null,"DeviceRequests":null,"KernelMemory":0,"KernelMemoryTCP":0,"MemoryReservation":0,"MemorySwap":0,"MemorySwappiness":null,"OomKillDisable":false,"PidsLimit":null,"Ulimits":null,"CpuCount":0,"CpuPercent":0,"IOMaximumIOps":0,"IOMaximumBandwidth":0,"MaskedPaths":["/proc/asound","/proc/acpi","/proc/kcore","/proc/keys","/proc/latency_stats","/proc/timer_list","/proc/timer_stats","/proc/sched_debug","/proc/scsi","/sys/firmware"],"ReadonlyPaths":["/proc/bus","/proc/fs","/proc/irq","/proc/sys","/proc/sysrq-trigger"]},"GraphDriver":{"Data":{"LowerDir":"/var/lib/docker/overlay2/5529564f52cf969e31e7a1482c27be7ffed19639b506ae2e15b7e7115f699a73-init/diff:/var/lib/docker/overlay2/833a665819b5d9728d3efa7c33135034345a24f83af53b1a1af33d9b64f5492a/diff:/var/lib/docker/overlay2/bd4a2a46c227c2f15475b08c398f37acaab93f4fdba31de015d730efae0a0cfc/diff:/var/lib/docker/overlay2/31ad437d7cba8e64428a2b62db1bbb2a2ec19ca4e439ec493ef4deb50dce2783/diff:/var/lib/docker/overlay2/35173cbd8ec5b88a8888e9abbe75f8694f5d3f96a9b781bb70dc1f0889685741/diff:/var/lib/docker/overlay2/24bf69ac4e8c81062fee44e7c9f746fffbb139c3f7f4b55b4fd1b23bb101b529/diff:/var/lib/docker/overlay2/2f27c96a7775dad186b6f0da325d5a251c80aa1b7f80cf8520f493c5154aee70/diff:/var/lib/docker/overlay2/463a60088c72ddbea82639ded15801e35a79c443f6a26bf1baf320c683cb06af/diff:/var/lib/docker/overlay2/80b8224b23a2ee4b5be635c58ae579fd1913aa95558cd66ab2f5e8430f00a5b8/diff:/var/lib/docker/overlay2/20451fa0b1a07b85d665bc3a0359d721ce4e4c28fa3bce7456ab25e0babae708/diff:/var/lib/docker/overlay2/f80d865cbc6c1c6f57d0963fa6234e7a6409e079eb17f4f13ca41d02731701ad/diff:/var/lib/docker/overlay2/5a3029e0b57c6ec9b985871ff6adf08356aaa0f2a15f1e34c1a7f116ecc4a61d/diff:/var/lib/docker/overlay2/4f3423103248d0b381a1bc6a7287e2b42313ff458cea602a02b7379014b03e0e/diff","MergedDir":"/var/lib/docker/overlay2/5529564f52cf969e31e7a1482c27be7ffed19639b506ae2e15b7e7115f699a73/merged","UpperDir":"/var/lib/docker/overlay2/5529564f52cf969e31e7a1482c27be7ffed19639b506ae2e15b7e7115f699a73/diff","WorkDir":"/var/lib/docker/overlay2/5529564f52cf969e31e7a1482c27be7ffed19639b506ae2e15b7e7115f699a73/work"},"Name":"overlay2"},"Mounts":[{"Type":"volume","Name":"fd1f613c7fe3ca3ae799982507ac3f565cc9f6a2dc99ceaed92389e2c43f47d1","Source":"/var/lib/docker/volumes/fd1f613c7fe3ca3ae799982507ac3f565cc9f6a2dc99ceaed92389e2c43f47d1/_data","Destination":"/var/lib/mysql","Driver":"local","Mode":"","RW":true,"Propagation":""}],"Config":{"Hostname":"9691e3189171","Domainname":"","User":"","AttachStdin":false,"AttachStdout":false,"AttachStderr":false,"ExposedPorts":{"3306/tcp":{},"33060/tcp":{}},"Tty":false,"OpenStdin":false,"StdinOnce":false,"Env":["MYSQL_DATABASE=test","MYSQL_PASSWORD=admin","MYSQL_USER=admin","MYSQL_ROOT_PASSWORD=admin","PATH=/usr/local/sbin:/usr/local/bin:/usr/sbin:/usr/bin:/sbin:/bin","GOSU_VERSION=1.14","MYSQL_MAJOR=8.0","MYSQL_VERSION=8.0.29-1debian10"],"Cmd":["mysqld"],"Image":"mysql:8.0","Volumes":{"/var/lib/mysql":{}},"WorkingDir":"","Entrypoint":["docker-entrypoint.sh"],"OnBuild":null,"Labels":{"org.testcontainers":"true","org.testcontainers.sessionId":"d48265e4-2b28-4f8c-aa67-76dd8289af84"}},"NetworkSettings":{"Bridge":"","SandboxID":"d9de8570fe3f0a4e9f3a1ff7101c963bbd2c6a0a9d8a867b96f17f4d5edca537","HairpinMode":false,"LinkLocalIPv6Address":"","LinkLocalIPv6PrefixLen":0,"Ports":{"3306/tcp":[{"HostIp":"0.0.0.0","HostPort":"49160"},{"HostIp":"::","HostPort":"49160"}],"33060/tcp":null},"SandboxKey":"/var/run/docker/netns/d9de8570fe3f","SecondaryIPAddresses":null,"SecondaryIPv6Addresses":null,"EndpointID":"93e8fe159f683a98670e8995677c2b130dbce857fc116679206e206bda319cbf","Gateway":"172.17.0.1","GlobalIPv6Address":"","GlobalIPv6PrefixLen":0,"IPAddress":"172.17.0.3","IPPrefixLen":16,"IPv6Gateway":"","MacAddress":"02:42:ac:11:00:03","Networks":{"bridge":{"IPAMConfig":null,"Links":null,"Aliases":null,"NetworkID":"1853cd2b9856825cc97ed9ef2b12efa82d95bf9cf60ad666c276eb35cc53539e","EndpointID":"93e8fe159f683a98670e8995677c2b130dbce857fc116679206e206bda319cbf","Gateway":"172.17.0.1","IPAddress":"172.17.0.3","IPPrefixLen":16,"IPv6Gateway":"","GlobalIPv6Address":"","GlobalIPv6PrefixLen":0,"MacAddress":"02:42:ac:11:00:03","DriverOpts":null}}}}[\n]"
03:33:02.119 [main] DEBUG com.github.dockerjava.zerodep.shaded.org.apache.hc.client5.http.wire - http-outgoing-2 << "[\r][\n]"
03:33:02.119 [main] DEBUG com.github.dockerjava.zerodep.shaded.org.apache.hc.client5.http.wire - http-outgoing-2 << "0[\r][\n]"
03:33:02.119 [main] DEBUG com.github.dockerjava.zerodep.shaded.org.apache.hc.client5.http.wire - http-outgoing-2 << "[\r][\n]"
03:33:02.119 [main] DEBUG com.github.dockerjava.zerodep.shaded.org.apache.hc.client5.http.headers - http-outgoing-2 << HTTP/1.1 200 OK
03:33:02.119 [main] DEBUG com.github.dockerjava.zerodep.shaded.org.apache.hc.client5.http.headers - http-outgoing-2 << Api-Version: 1.41
03:33:02.119 [main] DEBUG com.github.dockerjava.zerodep.shaded.org.apache.hc.client5.http.headers - http-outgoing-2 << Content-Type: application/json
03:33:02.119 [main] DEBUG com.github.dockerjava.zerodep.shaded.org.apache.hc.client5.http.headers - http-outgoing-2 << Docker-Experimental: false
03:33:02.119 [main] DEBUG com.github.dockerjava.zerodep.shaded.org.apache.hc.client5.http.headers - http-outgoing-2 << Ostype: linux
03:33:02.119 [main] DEBUG com.github.dockerjava.zerodep.shaded.org.apache.hc.client5.http.headers - http-outgoing-2 << Server: Docker/20.10.12 (linux)
03:33:02.119 [main] DEBUG com.github.dockerjava.zerodep.shaded.org.apache.hc.client5.http.headers - http-outgoing-2 << Date: Thu, 23 Jun 2022 02:33:02 GMT
03:33:02.119 [main] DEBUG com.github.dockerjava.zerodep.shaded.org.apache.hc.client5.http.headers - http-outgoing-2 << Transfer-Encoding: chunked
03:33:02.119 [main] DEBUG com.github.dockerjava.zerodep.shaded.org.apache.hc.client5.http.impl.classic.MainClientExec - ex-00000091: connection can be kept alive for 3 MINUTES
03:33:02.120 [main] DEBUG com.github.dockerjava.zerodep.shaded.org.apache.hc.client5.http.impl.classic.InternalHttpClient - ep-00000090: releasing valid endpoint
03:33:02.120 [main] DEBUG com.github.dockerjava.zerodep.shaded.org.apache.hc.client5.http.impl.io.PoolingHttpClientConnectionManager - ep-00000090: releasing endpoint
03:33:02.120 [main] DEBUG com.github.dockerjava.zerodep.shaded.org.apache.hc.client5.http.impl.io.PoolingHttpClientConnectionManager - ep-00000090: connection http-outgoing-2 can be kept alive for 3 MINUTES
03:33:02.120 [main] DEBUG com.github.dockerjava.zerodep.shaded.org.apache.hc.client5.http.impl.io.PoolingHttpClientConnectionManager - ep-00000090: connection released [route: {}->unix://localhost:2375][total available: 1; route allocated: 1 of 2147483647; total allocated: 1 of 2147483647]
03:33:02.120 [main] DEBUG 🐳 [mysql:8.0] - Trying to create JDBC connection using com.mysql.cj.jdbc.Driver to jdbc:mysql://localhost:49160/test?useSSL=false&allowPublicKeyRetrieval=true with properties: {password=admin, user=admin}
03:33:02.222 [main] DEBUG org.testcontainers.shaded.com.github.dockerjava.core.command.AbstrDockerCmd - Cmd: 9691e31891711283f4d98263d11bc6156717d3e75a0b86a23f3b128a992c1f38,false
03:33:02.222 [main] DEBUG org.testcontainers.shaded.com.github.dockerjava.core.exec.InspectContainerCmdExec - GET: DefaultWebTarget{path=[/containers/9691e31891711283f4d98263d11bc6156717d3e75a0b86a23f3b128a992c1f38/json], queryParams={}}
03:33:02.223 [main] DEBUG com.github.dockerjava.zerodep.shaded.org.apache.hc.client5.http.impl.classic.InternalHttpClient - ex-00000092: preparing request execution
03:33:02.223 [main] DEBUG com.github.dockerjava.zerodep.shaded.org.apache.hc.client5.http.protocol.RequestAddCookies - Cookie spec selected: strict
03:33:02.223 [main] DEBUG com.github.dockerjava.zerodep.shaded.org.apache.hc.client5.http.protocol.RequestAuthCache - Auth cache not set in the context
03:33:02.223 [main] DEBUG com.github.dockerjava.zerodep.shaded.org.apache.hc.client5.http.impl.classic.ProtocolExec - ex-00000092: target auth state: UNCHALLENGED
03:33:02.223 [main] DEBUG com.github.dockerjava.zerodep.shaded.org.apache.hc.client5.http.impl.classic.ProtocolExec - ex-00000092: proxy auth state: UNCHALLENGED
03:33:02.223 [main] DEBUG com.github.dockerjava.zerodep.shaded.org.apache.hc.client5.http.impl.classic.ConnectExec - ex-00000092: acquiring connection with route {}->unix://localhost:2375
03:33:02.223 [main] DEBUG com.github.dockerjava.zerodep.shaded.org.apache.hc.client5.http.impl.classic.InternalHttpClient - ex-00000092: acquiring endpoint (3 MINUTES)
03:33:02.223 [main] DEBUG com.github.dockerjava.zerodep.shaded.org.apache.hc.client5.http.impl.io.PoolingHttpClientConnectionManager - ex-00000092: endpoint lease request (3 MINUTES) [route: {}->unix://localhost:2375][total available: 1; route allocated: 1 of 2147483647; total allocated: 1 of 2147483647]
03:33:02.223 [main] DEBUG com.github.dockerjava.zerodep.shaded.org.apache.hc.client5.http.impl.io.PoolingHttpClientConnectionManager - ex-00000092: endpoint leased [route: {}->unix://localhost:2375][total available: 0; route allocated: 1 of 2147483647; total allocated: 1 of 2147483647]
03:33:02.223 [main] DEBUG com.github.dockerjava.zerodep.shaded.org.apache.hc.client5.http.impl.io.PoolingHttpClientConnectionManager - ex-00000092: acquired ep-00000091
03:33:02.223 [main] DEBUG com.github.dockerjava.zerodep.shaded.org.apache.hc.client5.http.impl.classic.InternalHttpClient - ex-00000092: acquired endpoint ep-00000091
03:33:02.223 [main] DEBUG com.github.dockerjava.zerodep.shaded.org.apache.hc.client5.http.impl.classic.MainClientExec - ex-00000092: executing GET /v1.32/containers/9691e31891711283f4d98263d11bc6156717d3e75a0b86a23f3b128a992c1f38/json HTTP/1.1
03:33:02.223 [main] DEBUG com.github.dockerjava.zerodep.shaded.org.apache.hc.client5.http.impl.classic.InternalHttpClient - ep-00000091: start execution ex-00000092
03:33:02.223 [main] DEBUG com.github.dockerjava.zerodep.shaded.org.apache.hc.client5.http.impl.io.PoolingHttpClientConnectionManager - ep-00000091: executing exchange ex-00000092 over http-outgoing-2
03:33:02.223 [main] DEBUG com.github.dockerjava.zerodep.shaded.org.apache.hc.client5.http.headers - http-outgoing-2 >> GET /v1.32/containers/9691e31891711283f4d98263d11bc6156717d3e75a0b86a23f3b128a992c1f38/json HTTP/1.1
03:33:02.223 [main] DEBUG com.github.dockerjava.zerodep.shaded.org.apache.hc.client5.http.headers - http-outgoing-2 >> accept: application/json
03:33:02.223 [main] DEBUG com.github.dockerjava.zerodep.shaded.org.apache.hc.client5.http.headers - http-outgoing-2 >> Accept-Encoding: gzip, x-gzip, deflate
03:33:02.223 [main] DEBUG com.github.dockerjava.zerodep.shaded.org.apache.hc.client5.http.headers - http-outgoing-2 >> Host: localhost:2375
03:33:02.223 [main] DEBUG com.github.dockerjava.zerodep.shaded.org.apache.hc.client5.http.headers - http-outgoing-2 >> Connection: keep-alive
03:33:02.223 [main] DEBUG com.github.dockerjava.zerodep.shaded.org.apache.hc.client5.http.headers - http-outgoing-2 >> User-Agent: Apache-HttpClient/5.0.3 (Java/11.0.15)
03:33:02.223 [main] DEBUG com.github.dockerjava.zerodep.shaded.org.apache.hc.client5.http.wire - http-outgoing-2 >> "GET /v1.32/containers/9691e31891711283f4d98263d11bc6156717d3e75a0b86a23f3b128a992c1f38/json HTTP/1.1[\r][\n]"
03:33:02.223 [main] DEBUG com.github.dockerjava.zerodep.shaded.org.apache.hc.client5.http.wire - http-outgoing-2 >> "accept: application/json[\r][\n]"
03:33:02.223 [main] DEBUG com.github.dockerjava.zerodep.shaded.org.apache.hc.client5.http.wire - http-outgoing-2 >> "Accept-Encoding: gzip, x-gzip, deflate[\r][\n]"
03:33:02.223 [main] DEBUG com.github.dockerjava.zerodep.shaded.org.apache.hc.client5.http.wire - http-outgoing-2 >> "Host: localhost:2375[\r][\n]"
03:33:02.223 [main] DEBUG com.github.dockerjava.zerodep.shaded.org.apache.hc.client5.http.wire - http-outgoing-2 >> "Connection: keep-alive[\r][\n]"
03:33:02.223 [main] DEBUG com.github.dockerjava.zerodep.shaded.org.apache.hc.client5.http.wire - http-outgoing-2 >> "User-Agent: Apache-HttpClient/5.0.3 (Java/11.0.15)[\r][\n]"
03:33:02.223 [main] DEBUG com.github.dockerjava.zerodep.shaded.org.apache.hc.client5.http.wire - http-outgoing-2 >> "[\r][\n]"
03:33:02.224 [main] DEBUG com.github.dockerjava.zerodep.shaded.org.apache.hc.client5.http.wire - http-outgoing-2 << "HTTP/1.1 200 OK[\r][\n]"
03:33:02.224 [main] DEBUG com.github.dockerjava.zerodep.shaded.org.apache.hc.client5.http.wire - http-outgoing-2 << "Api-Version: 1.41[\r][\n]"
03:33:02.224 [main] DEBUG com.github.dockerjava.zerodep.shaded.org.apache.hc.client5.http.wire - http-outgoing-2 << "Content-Type: application/json[\r][\n]"
03:33:02.224 [main] DEBUG com.github.dockerjava.zerodep.shaded.org.apache.hc.client5.http.wire - http-outgoing-2 << "Docker-Experimental: false[\r][\n]"
03:33:02.224 [main] DEBUG com.github.dockerjava.zerodep.shaded.org.apache.hc.client5.http.wire - http-outgoing-2 << "Ostype: linux[\r][\n]"
03:33:02.224 [main] DEBUG com.github.dockerjava.zerodep.shaded.org.apache.hc.client5.http.wire - http-outgoing-2 << "Server: Docker/20.10.12 (linux)[\r][\n]"
03:33:02.224 [main] DEBUG com.github.dockerjava.zerodep.shaded.org.apache.hc.client5.http.wire - http-outgoing-2 << "Date: Thu, 23 Jun 2022 02:33:02 GMT[\r][\n]"
03:33:02.224 [main] DEBUG com.github.dockerjava.zerodep.shaded.org.apache.hc.client5.http.wire - http-outgoing-2 << "Transfer-Encoding: chunked[\r][\n]"
03:33:02.224 [main] DEBUG com.github.dockerjava.zerodep.shaded.org.apache.hc.client5.http.wire - http-outgoing-2 << "[\r][\n]"
03:33:02.224 [main] DEBUG com.github.dockerjava.zerodep.shaded.org.apache.hc.client5.http.wire - http-outgoing-2 << "18ed[\r][\n]"
03:33:02.224 [main] DEBUG com.github.dockerjava.zerodep.shaded.org.apache.hc.client5.http.wire - http-outgoing-2 << "{"Id":"9691e31891711283f4d98263d11bc6156717d3e75a0b86a23f3b128a992c1f38","Created":"2022-06-23T02:32:47.03956921Z","Path":"docker-entrypoint.sh","Args":["mysqld"],"State":{"Status":"running","Running":true,"Paused":false,"Restarting":false,"OOMKilled":false,"Dead":false,"Pid":66188,"ExitCode":0,"Error":"","StartedAt":"2022-06-23T02:32:47.703880551Z","FinishedAt":"0001-01-01T00:00:00Z"},"Image":"sha256:65b636d5542b73254ce90cc4b895597dc1adc2c661ca553c38eda159979dded1","ResolvConfPath":"/var/lib/docker/containers/9691e31891711283f4d98263d11bc6156717d3e75a0b86a23f3b128a992c1f38/resolv.conf","HostnamePath":"/var/lib/docker/containers/9691e31891711283f4d98263d11bc6156717d3e75a0b86a23f3b128a992c1f38/hostname","HostsPath":"/var/lib/docker/containers/9691e31891711283f4d98263d11bc6156717d3e75a0b86a23f3b128a992c1f38/hosts","LogPath":"/var/lib/docker/containers/9691e31891711283f4d98263d11bc6156717d3e75a0b86a23f3b128a992c1f38/9691e31891711283f4d98263d11bc6156717d3e75a0b86a23f3b128a992c1f38-json.log","Name":"/xenodochial_satoshi","RestartCount":0,"Driver":"overlay2","Platform":"linux","MountLabel":"","ProcessLabel":"","AppArmorProfile":"docker-default","ExecIDs":null,"HostConfig":{"Binds":[],"ContainerIDFile":"","LogConfig":{"Type":"json-file","Config":{}},"NetworkMode":"default","PortBindings":{"3306/tcp":[{"HostIp":"","HostPort":""}]},"RestartPolicy":{"Name":"","MaximumRetryCount":0},"AutoRemove":false,"VolumeDriver":"","VolumesFrom":[],"CapAdd":null,"CapDrop":null,"CgroupnsMode":"host","Dns":null,"DnsOptions":null,"DnsSearch":null,"ExtraHosts":[],"GroupAdd":null,"IpcMode":"shareable","Cgroup":"","Links":null,"OomScoreAdj":0,"PidMode":"","Privileged":false,"PublishAllPorts":false,"ReadonlyRootfs":false,"SecurityOpt":null,"UTSMode":"","UsernsMode":"","ShmSize":67108864,"Runtime":"runc","ConsoleSize":[0,0],"Isolation":"","CpuShares":0,"Memory":0,"NanoCpus":0,"CgroupParent":"","BlkioWeight":0,"BlkioWeightDevice":null,"BlkioDeviceReadBps":null,"BlkioDeviceWriteBps":null,"BlkioDeviceReadIOps":null,"BlkioDeviceWriteIOps":null,"CpuPeriod":0,"CpuQuota":0,"CpuRealtimePeriod":0,"CpuRealtimeRuntime":0,"CpusetCpus":"","CpusetMems":"","Devices":null,"DeviceCgroupRules":null,"DeviceRequests":null,"KernelMemory":0,"KernelMemoryTCP":0,"MemoryReservation":0,"MemorySwap":0,"MemorySwappiness":null,"OomKillDisable":false,"PidsLimit":null,"Ulimits":null,"CpuCount":0,"CpuPercent":0,"IOMaximumIOps":0,"IOMaximumBandwidth":0,"MaskedPaths":["/proc/asound","/proc/acpi","/proc/kcore","/proc/keys","/proc/latency_stats","/proc/timer_list","/proc/timer_stats","/proc/sched_debug","/proc/scsi","/sys/firmware"],"ReadonlyPaths":["/proc/bus","/proc/fs","/proc/irq","/proc/sys","/proc/sysrq-trigger"]},"GraphDriver":{"Data":{"LowerDir":"/var/lib/docker/overlay2/5529564f52cf969e31e7a1482c27be7ffed19639b506ae2e15b7e7115f699a73-init/diff:/var/lib/docker/overlay2/833a665819b5d9728d3efa7c33135034345a24f83af53b1a1af33d9b64f5492a/diff:/var/lib/docker/overlay2/bd4a2a46c227c2f15475b08c398f37acaab93f4fdba31de015d730efae0a0cfc/diff:/var/lib/docker/overlay2/31ad437d7cba8e64428a2b62db1bbb2a2ec19ca4e439ec493ef4deb50dce2783/diff:/var/lib/docker/overlay2/35173cbd8ec5b88a8888e9abbe75f8694f5d3f96a9b781bb70dc1f0889685741/diff:/var/lib/docker/overlay2/24bf69ac4e8c81062fee44e7c9f746fffbb139c3f7f4b55b4fd1b23bb101b529/diff:/var/lib/docker/overlay2/2f27c96a7775dad186b6f0da325d5a251c80aa1b7f80cf8520f493c5154aee70/diff:/var/lib/docker/overlay2/463a60088c72ddbea82639ded15801e35a79c443f6a26bf1baf320c683cb06af/diff:/var/lib/docker/overlay2/80b8224b23a2ee4b5be635c58ae579fd1913aa95558cd66ab2f5e8430f00a5b8/diff:/var/lib/docker/overlay2/20451fa0b1a07b85d665bc3a0359d721ce4e4c28fa3bce7456ab25e0babae708/diff:/var/lib/docker/overlay2/f80d865cbc6c1c6f57d0963fa6234e7a6409e079eb17f4f13ca41d02731701ad/diff:/var/lib/docker/overlay2/5a3029e0b57c6ec9b985871ff6adf08356aaa0f2a15f1e34c1a7f116ecc4a61d/diff:/var/lib/docker/overlay2/4f3423103248d0b381a1bc6a7287e2b42313ff458cea602a02b7379014b03e0e/diff","MergedDir":"/var/lib/docker/overlay2/5529564f52cf969e31e7a1482c27be7ffed19639b506ae2e15b7e7115f699a73/merged","UpperDir":"/var/lib/docker/overlay2/5529564f52cf969e31e7a1482c27be7ffed19639b506ae2e15b7e7115f699a73/diff","WorkDir":"/var/lib/docker/overlay2/5529564f52cf969e31e7a1482c27be7ffed19639b506ae2e15b7e7115f699a73/work"},"Name":"overlay2"},"Mounts":[{"Type":"volume","Name":"fd1f613c7fe3ca3ae799982507ac3f565cc9f6a2dc99ceaed92389e2c43f47d1","Source":"/var/lib/docker/volumes/fd1f613c7fe3ca3ae799982507ac3f565cc9f6a2dc99ceaed92389e2c43f47d1/_data","Destination":"/var/lib/mysql","Driver":"local","Mode":"","RW":true,"Propagation":""}],"Config":{"Hostname":"9691e3189171","Domainname":"","User":"","AttachStdin":false,"AttachStdout":false,"AttachStderr":false,"ExposedPorts":{"3306/tcp":{},"33060/tcp":{}},"Tty":false,"OpenStdin":false,"StdinOnce":false,"Env":["MYSQL_DATABASE=test","MYSQL_PASSWORD=admin","MYSQL_USER=admin","MYSQL_ROOT_PASSWORD=admin","PATH=/usr/local/sbin:/usr/local/bin:/usr/sbin:/usr/bin:/sbin:/bin","GOSU_VERSION=1.14","MYSQL_MAJOR=8.0","MYSQL_VERSION=8.0.29-1debian10"],"Cmd":["mysqld"],"Image":"mysql:8.0","Volumes":{"/var/lib/mysql":{}},"WorkingDir":"","Entrypoint":["docker-entrypoint.sh"],"OnBuild":null,"Labels":{"org.testcontainers":"true","org.testcontainers.sessionId":"d48265e4-2b28-4f8c-aa67-76dd8289af84"}},"NetworkSettings":{"Bridge":"","SandboxID":"d9de8570fe3f0a4e9f3a1ff7101c963bbd2c6a0a9d8a867b96f17f4d5edca537","HairpinMode":false,"LinkLocalIPv6Address":"","LinkLocalIPv6PrefixLen":0,"Ports":{"3306/tcp":[{"HostIp":"0.0.0.0","HostPort":"49160"},{"HostIp":"::","HostPort":"49160"}],"33060/tcp":null},"SandboxKey":"/var/run/docker/netns/d9de8570fe3f","SecondaryIPAddresses":null,"SecondaryIPv6Addresses":null,"EndpointID":"93e8fe159f683a98670e8995677c2b130dbce857fc116679206e206bda319cbf","Gateway":"172.17.0.1","GlobalIPv6Address":"","GlobalIPv6PrefixLen":0,"IPAddress":"172.17.0.3","IPPrefixLen":16,"IPv6Gateway":"","MacAddress":"02:42:ac:11:00:03","Networks":{"bridge":{"IPAMConfig":null,"Links":null,"Aliases":null,"NetworkID":"1853cd2b9856825cc97ed9ef2b12efa82d95bf9cf60ad666c276eb35cc53539e","EndpointID":"93e8fe159f683a98670e8995677c2b130dbce857fc116679206e206bda319cbf","Gateway":"172.17.0.1","IPAddress":"172.17.0.3","IPPrefixLen":16,"IPv6Gateway":"","GlobalIPv6Address":"","GlobalIPv6PrefixLen":0,"MacAddress":"02:42:ac:11:00:03","DriverOpts":null}}}}[\n]"
03:33:02.224 [main] DEBUG com.github.dockerjava.zerodep.shaded.org.apache.hc.client5.http.wire - http-outgoing-2 << "[\r][\n]"
03:33:02.224 [main] DEBUG com.github.dockerjava.zerodep.shaded.org.apache.hc.client5.http.wire - http-outgoing-2 << "0[\r][\n]"
03:33:02.224 [main] DEBUG com.github.dockerjava.zerodep.shaded.org.apache.hc.client5.http.wire - http-outgoing-2 << "[\r][\n]"
03:33:02.224 [main] DEBUG com.github.dockerjava.zerodep.shaded.org.apache.hc.client5.http.headers - http-outgoing-2 << HTTP/1.1 200 OK
03:33:02.224 [main] DEBUG com.github.dockerjava.zerodep.shaded.org.apache.hc.client5.http.headers - http-outgoing-2 << Api-Version: 1.41
03:33:02.224 [main] DEBUG com.github.dockerjava.zerodep.shaded.org.apache.hc.client5.http.headers - http-outgoing-2 << Content-Type: application/json
03:33:02.224 [main] DEBUG com.github.dockerjava.zerodep.shaded.org.apache.hc.client5.http.headers - http-outgoing-2 << Docker-Experimental: false
03:33:02.224 [main] DEBUG com.github.dockerjava.zerodep.shaded.org.apache.hc.client5.http.headers - http-outgoing-2 << Ostype: linux
03:33:02.224 [main] DEBUG com.github.dockerjava.zerodep.shaded.org.apache.hc.client5.http.headers - http-outgoing-2 << Server: Docker/20.10.12 (linux)
03:33:02.224 [main] DEBUG com.github.dockerjava.zerodep.shaded.org.apache.hc.client5.http.headers - http-outgoing-2 << Date: Thu, 23 Jun 2022 02:33:02 GMT
03:33:02.224 [main] DEBUG com.github.dockerjava.zerodep.shaded.org.apache.hc.client5.http.headers - http-outgoing-2 << Transfer-Encoding: chunked
03:33:02.224 [main] DEBUG com.github.dockerjava.zerodep.shaded.org.apache.hc.client5.http.impl.classic.MainClientExec - ex-00000092: connection can be kept alive for 3 MINUTES
03:33:02.225 [main] DEBUG com.github.dockerjava.zerodep.shaded.org.apache.hc.client5.http.impl.classic.InternalHttpClient - ep-00000091: releasing valid endpoint
03:33:02.225 [main] DEBUG com.github.dockerjava.zerodep.shaded.org.apache.hc.client5.http.impl.io.PoolingHttpClientConnectionManager - ep-00000091: releasing endpoint
03:33:02.225 [main] DEBUG com.github.dockerjava.zerodep.shaded.org.apache.hc.client5.http.impl.io.PoolingHttpClientConnectionManager - ep-00000091: connection http-outgoing-2 can be kept alive for 3 MINUTES
03:33:02.225 [main] DEBUG com.github.dockerjava.zerodep.shaded.org.apache.hc.client5.http.impl.io.PoolingHttpClientConnectionManager - ep-00000091: connection released [route: {}->unix://localhost:2375][total available: 1; route allocated: 1 of 2147483647; total allocated: 1 of 2147483647]
03:33:02.225 [main] DEBUG 🐳 [mysql:8.0] - Trying to create JDBC connection using com.mysql.cj.jdbc.Driver to jdbc:mysql://localhost:49160/test?useSSL=false&allowPublicKeyRetrieval=true with properties: {password=admin, user=admin}
03:33:02.327 [main] DEBUG org.testcontainers.shaded.com.github.dockerjava.core.command.AbstrDockerCmd - Cmd: 9691e31891711283f4d98263d11bc6156717d3e75a0b86a23f3b128a992c1f38,false
03:33:02.327 [main] DEBUG org.testcontainers.shaded.com.github.dockerjava.core.exec.InspectContainerCmdExec - GET: DefaultWebTarget{path=[/containers/9691e31891711283f4d98263d11bc6156717d3e75a0b86a23f3b128a992c1f38/json], queryParams={}}
03:33:02.327 [main] DEBUG com.github.dockerjava.zerodep.shaded.org.apache.hc.client5.http.impl.classic.InternalHttpClient - ex-00000093: preparing request execution
03:33:02.327 [main] DEBUG com.github.dockerjava.zerodep.shaded.org.apache.hc.client5.http.protocol.RequestAddCookies - Cookie spec selected: strict
03:33:02.327 [main] DEBUG com.github.dockerjava.zerodep.shaded.org.apache.hc.client5.http.protocol.RequestAuthCache - Auth cache not set in the context
03:33:02.327 [main] DEBUG com.github.dockerjava.zerodep.shaded.org.apache.hc.client5.http.impl.classic.ProtocolExec - ex-00000093: target auth state: UNCHALLENGED
03:33:02.327 [main] DEBUG com.github.dockerjava.zerodep.shaded.org.apache.hc.client5.http.impl.classic.ProtocolExec - ex-00000093: proxy auth state: UNCHALLENGED
03:33:02.327 [main] DEBUG com.github.dockerjava.zerodep.shaded.org.apache.hc.client5.http.impl.classic.ConnectExec - ex-00000093: acquiring connection with route {}->unix://localhost:2375
03:33:02.327 [main] DEBUG com.github.dockerjava.zerodep.shaded.org.apache.hc.client5.http.impl.classic.InternalHttpClient - ex-00000093: acquiring endpoint (3 MINUTES)
03:33:02.327 [main] DEBUG com.github.dockerjava.zerodep.shaded.org.apache.hc.client5.http.impl.io.PoolingHttpClientConnectionManager - ex-00000093: endpoint lease request (3 MINUTES) [route: {}->unix://localhost:2375][total available: 1; route allocated: 1 of 2147483647; total allocated: 1 of 2147483647]
03:33:02.327 [main] DEBUG com.github.dockerjava.zerodep.shaded.org.apache.hc.client5.http.impl.io.PoolingHttpClientConnectionManager - ex-00000093: endpoint leased [route: {}->unix://localhost:2375][total available: 0; route allocated: 1 of 2147483647; total allocated: 1 of 2147483647]
03:33:02.327 [main] DEBUG com.github.dockerjava.zerodep.shaded.org.apache.hc.client5.http.impl.io.PoolingHttpClientConnectionManager - ex-00000093: acquired ep-00000092
03:33:02.327 [main] DEBUG com.github.dockerjava.zerodep.shaded.org.apache.hc.client5.http.impl.classic.InternalHttpClient - ex-00000093: acquired endpoint ep-00000092
03:33:02.327 [main] DEBUG com.github.dockerjava.zerodep.shaded.org.apache.hc.client5.http.impl.classic.MainClientExec - ex-00000093: executing GET /v1.32/containers/9691e31891711283f4d98263d11bc6156717d3e75a0b86a23f3b128a992c1f38/json HTTP/1.1
03:33:02.327 [main] DEBUG com.github.dockerjava.zerodep.shaded.org.apache.hc.client5.http.impl.classic.InternalHttpClient - ep-00000092: start execution ex-00000093
03:33:02.327 [main] DEBUG com.github.dockerjava.zerodep.shaded.org.apache.hc.client5.http.impl.io.PoolingHttpClientConnectionManager - ep-00000092: executing exchange ex-00000093 over http-outgoing-2
03:33:02.327 [main] DEBUG com.github.dockerjava.zerodep.shaded.org.apache.hc.client5.http.headers - http-outgoing-2 >> GET /v1.32/containers/9691e31891711283f4d98263d11bc6156717d3e75a0b86a23f3b128a992c1f38/json HTTP/1.1
03:33:02.327 [main] DEBUG com.github.dockerjava.zerodep.shaded.org.apache.hc.client5.http.headers - http-outgoing-2 >> accept: application/json
03:33:02.327 [main] DEBUG com.github.dockerjava.zerodep.shaded.org.apache.hc.client5.http.headers - http-outgoing-2 >> Accept-Encoding: gzip, x-gzip, deflate
03:33:02.327 [main] DEBUG com.github.dockerjava.zerodep.shaded.org.apache.hc.client5.http.headers - http-outgoing-2 >> Host: localhost:2375
03:33:02.327 [main] DEBUG com.github.dockerjava.zerodep.shaded.org.apache.hc.client5.http.headers - http-outgoing-2 >> Connection: keep-alive
03:33:02.327 [main] DEBUG com.github.dockerjava.zerodep.shaded.org.apache.hc.client5.http.headers - http-outgoing-2 >> User-Agent: Apache-HttpClient/5.0.3 (Java/11.0.15)
03:33:02.327 [main] DEBUG com.github.dockerjava.zerodep.shaded.org.apache.hc.client5.http.wire - http-outgoing-2 >> "GET /v1.32/containers/9691e31891711283f4d98263d11bc6156717d3e75a0b86a23f3b128a992c1f38/json HTTP/1.1[\r][\n]"
03:33:02.327 [main] DEBUG com.github.dockerjava.zerodep.shaded.org.apache.hc.client5.http.wire - http-outgoing-2 >> "accept: application/json[\r][\n]"
03:33:02.327 [main] DEBUG com.github.dockerjava.zerodep.shaded.org.apache.hc.client5.http.wire - http-outgoing-2 >> "Accept-Encoding: gzip, x-gzip, deflate[\r][\n]"
03:33:02.327 [main] DEBUG com.github.dockerjava.zerodep.shaded.org.apache.hc.client5.http.wire - http-outgoing-2 >> "Host: localhost:2375[\r][\n]"
03:33:02.327 [main] DEBUG com.github.dockerjava.zerodep.shaded.org.apache.hc.client5.http.wire - http-outgoing-2 >> "Connection: keep-alive[\r][\n]"
03:33:02.327 [main] DEBUG com.github.dockerjava.zerodep.shaded.org.apache.hc.client5.http.wire - http-outgoing-2 >> "User-Agent: Apache-HttpClient/5.0.3 (Java/11.0.15)[\r][\n]"
03:33:02.327 [main] DEBUG com.github.dockerjava.zerodep.shaded.org.apache.hc.client5.http.wire - http-outgoing-2 >> "[\r][\n]"
03:33:02.328 [main] DEBUG com.github.dockerjava.zerodep.shaded.org.apache.hc.client5.http.wire - http-outgoing-2 << "HTTP/1.1 200 OK[\r][\n]"
03:33:02.328 [main] DEBUG com.github.dockerjava.zerodep.shaded.org.apache.hc.client5.http.wire - http-outgoing-2 << "Api-Version: 1.41[\r][\n]"
03:33:02.328 [main] DEBUG com.github.dockerjava.zerodep.shaded.org.apache.hc.client5.http.wire - http-outgoing-2 << "Content-Type: application/json[\r][\n]"
03:33:02.328 [main] DEBUG com.github.dockerjava.zerodep.shaded.org.apache.hc.client5.http.wire - http-outgoing-2 << "Docker-Experimental: false[\r][\n]"
03:33:02.328 [main] DEBUG com.github.dockerjava.zerodep.shaded.org.apache.hc.client5.http.wire - http-outgoing-2 << "Ostype: linux[\r][\n]"
03:33:02.328 [main] DEBUG com.github.dockerjava.zerodep.shaded.org.apache.hc.client5.http.wire - http-outgoing-2 << "Server: Docker/20.10.12 (linux)[\r][\n]"
03:33:02.328 [main] DEBUG com.github.dockerjava.zerodep.shaded.org.apache.hc.client5.http.wire - http-outgoing-2 << "Date: Thu, 23 Jun 2022 02:33:02 GMT[\r][\n]"
03:33:02.328 [main] DEBUG com.github.dockerjava.zerodep.shaded.org.apache.hc.client5.http.wire - http-outgoing-2 << "Transfer-Encoding: chunked[\r][\n]"
03:33:02.328 [main] DEBUG com.github.dockerjava.zerodep.shaded.org.apache.hc.client5.http.wire - http-outgoing-2 << "[\r][\n]"
03:33:02.328 [main] DEBUG com.github.dockerjava.zerodep.shaded.org.apache.hc.client5.http.wire - http-outgoing-2 << "18ed[\r][\n]"
03:33:02.328 [main] DEBUG com.github.dockerjava.zerodep.shaded.org.apache.hc.client5.http.wire - http-outgoing-2 << "{"Id":"9691e31891711283f4d98263d11bc6156717d3e75a0b86a23f3b128a992c1f38","Created":"2022-06-23T02:32:47.03956921Z","Path":"docker-entrypoint.sh","Args":["mysqld"],"State":{"Status":"running","Running":true,"Paused":false,"Restarting":false,"OOMKilled":false,"Dead":false,"Pid":66188,"ExitCode":0,"Error":"","StartedAt":"2022-06-23T02:32:47.703880551Z","FinishedAt":"0001-01-01T00:00:00Z"},"Image":"sha256:65b636d5542b73254ce90cc4b895597dc1adc2c661ca553c38eda159979dded1","ResolvConfPath":"/var/lib/docker/containers/9691e31891711283f4d98263d11bc6156717d3e75a0b86a23f3b128a992c1f38/resolv.conf","HostnamePath":"/var/lib/docker/containers/9691e31891711283f4d98263d11bc6156717d3e75a0b86a23f3b128a992c1f38/hostname","HostsPath":"/var/lib/docker/containers/9691e31891711283f4d98263d11bc6156717d3e75a0b86a23f3b128a992c1f38/hosts","LogPath":"/var/lib/docker/containers/9691e31891711283f4d98263d11bc6156717d3e75a0b86a23f3b128a992c1f38/9691e31891711283f4d98263d11bc6156717d3e75a0b86a23f3b128a992c1f38-json.log","Name":"/xenodochial_satoshi","RestartCount":0,"Driver":"overlay2","Platform":"linux","MountLabel":"","ProcessLabel":"","AppArmorProfile":"docker-default","ExecIDs":null,"HostConfig":{"Binds":[],"ContainerIDFile":"","LogConfig":{"Type":"json-file","Config":{}},"NetworkMode":"default","PortBindings":{"3306/tcp":[{"HostIp":"","HostPort":""}]},"RestartPolicy":{"Name":"","MaximumRetryCount":0},"AutoRemove":false,"VolumeDriver":"","VolumesFrom":[],"CapAdd":null,"CapDrop":null,"CgroupnsMode":"host","Dns":null,"DnsOptions":null,"DnsSearch":null,"ExtraHosts":[],"GroupAdd":null,"IpcMode":"shareable","Cgroup":"","Links":null,"OomScoreAdj":0,"PidMode":"","Privileged":false,"PublishAllPorts":false,"ReadonlyRootfs":false,"SecurityOpt":null,"UTSMode":"","UsernsMode":"","ShmSize":67108864,"Runtime":"runc","ConsoleSize":[0,0],"Isolation":"","CpuShares":0,"Memory":0,"NanoCpus":0,"CgroupParent":"","BlkioWeight":0,"BlkioWeightDevice":null,"BlkioDeviceReadBps":null,"BlkioDeviceWriteBps":null,"BlkioDeviceReadIOps":null,"BlkioDeviceWriteIOps":null,"CpuPeriod":0,"CpuQuota":0,"CpuRealtimePeriod":0,"CpuRealtimeRuntime":0,"CpusetCpus":"","CpusetMems":"","Devices":null,"DeviceCgroupRules":null,"DeviceRequests":null,"KernelMemory":0,"KernelMemoryTCP":0,"MemoryReservation":0,"MemorySwap":0,"MemorySwappiness":null,"OomKillDisable":false,"PidsLimit":null,"Ulimits":null,"CpuCount":0,"CpuPercent":0,"IOMaximumIOps":0,"IOMaximumBandwidth":0,"MaskedPaths":["/proc/asound","/proc/acpi","/proc/kcore","/proc/keys","/proc/latency_stats","/proc/timer_list","/proc/timer_stats","/proc/sched_debug","/proc/scsi","/sys/firmware"],"ReadonlyPaths":["/proc/bus","/proc/fs","/proc/irq","/proc/sys","/proc/sysrq-trigger"]},"GraphDriver":{"Data":{"LowerDir":"/var/lib/docker/overlay2/5529564f52cf969e31e7a1482c27be7ffed19639b506ae2e15b7e7115f699a73-init/diff:/var/lib/docker/overlay2/833a665819b5d9728d3efa7c33135034345a24f83af53b1a1af33d9b64f5492a/diff:/var/lib/docker/overlay2/bd4a2a46c227c2f15475b08c398f37acaab93f4fdba31de015d730efae0a0cfc/diff:/var/lib/docker/overlay2/31ad437d7cba8e64428a2b62db1bbb2a2ec19ca4e439ec493ef4deb50dce2783/diff:/var/lib/docker/overlay2/35173cbd8ec5b88a8888e9abbe75f8694f5d3f96a9b781bb70dc1f0889685741/diff:/var/lib/docker/overlay2/24bf69ac4e8c81062fee44e7c9f746fffbb139c3f7f4b55b4fd1b23bb101b529/diff:/var/lib/docker/overlay2/2f27c96a7775dad186b6f0da325d5a251c80aa1b7f80cf8520f493c5154aee70/diff:/var/lib/docker/overlay2/463a60088c72ddbea82639ded15801e35a79c443f6a26bf1baf320c683cb06af/diff:/var/lib/docker/overlay2/80b8224b23a2ee4b5be635c58ae579fd1913aa95558cd66ab2f5e8430f00a5b8/diff:/var/lib/docker/overlay2/20451fa0b1a07b85d665bc3a0359d721ce4e4c28fa3bce7456ab25e0babae708/diff:/var/lib/docker/overlay2/f80d865cbc6c1c6f57d0963fa6234e7a6409e079eb17f4f13ca41d02731701ad/diff:/var/lib/docker/overlay2/5a3029e0b57c6ec9b985871ff6adf08356aaa0f2a15f1e34c1a7f116ecc4a61d/diff:/var/lib/docker/overlay2/4f3423103248d0b381a1bc6a7287e2b42313ff458cea602a02b7379014b03e0e/diff","MergedDir":"/var/lib/docker/overlay2/5529564f52cf969e31e7a1482c27be7ffed19639b506ae2e15b7e7115f699a73/merged","UpperDir":"/var/lib/docker/overlay2/5529564f52cf969e31e7a1482c27be7ffed19639b506ae2e15b7e7115f699a73/diff","WorkDir":"/var/lib/docker/overlay2/5529564f52cf969e31e7a1482c27be7ffed19639b506ae2e15b7e7115f699a73/work"},"Name":"overlay2"},"Mounts":[{"Type":"volume","Name":"fd1f613c7fe3ca3ae799982507ac3f565cc9f6a2dc99ceaed92389e2c43f47d1","Source":"/var/lib/docker/volumes/fd1f613c7fe3ca3ae799982507ac3f565cc9f6a2dc99ceaed92389e2c43f47d1/_data","Destination":"/var/lib/mysql","Driver":"local","Mode":"","RW":true,"Propagation":""}],"Config":{"Hostname":"9691e3189171","Domainname":"","User":"","AttachStdin":false,"AttachStdout":false,"AttachStderr":false,"ExposedPorts":{"3306/tcp":{},"33060/tcp":{}},"Tty":false,"OpenStdin":false,"StdinOnce":false,"Env":["MYSQL_DATABASE=test","MYSQL_PASSWORD=admin","MYSQL_USER=admin","MYSQL_ROOT_PASSWORD=admin","PATH=/usr/local/sbin:/usr/local/bin:/usr/sbin:/usr/bin:/sbin:/bin","GOSU_VERSION=1.14","MYSQL_MAJOR=8.0","MYSQL_VERSION=8.0.29-1debian10"],"Cmd":["mysqld"],"Image":"mysql:8.0","Volumes":{"/var/lib/mysql":{}},"WorkingDir":"","Entrypoint":["docker-entrypoint.sh"],"OnBuild":null,"Labels":{"org.testcontainers":"true","org.testcontainers.sessionId":"d48265e4-2b28-4f8c-aa67-76dd8289af84"}},"NetworkSettings":{"Bridge":"","SandboxID":"d9de8570fe3f0a4e9f3a1ff7101c963bbd2c6a0a9d8a867b96f17f4d5edca537","HairpinMode":false,"LinkLocalIPv6Address":"","LinkLocalIPv6PrefixLen":0,"Ports":{"3306/tcp":[{"HostIp":"0.0.0.0","HostPort":"49160"},{"HostIp":"::","HostPort":"49160"}],"33060/tcp":null},"SandboxKey":"/var/run/docker/netns/d9de8570fe3f","SecondaryIPAddresses":null,"SecondaryIPv6Addresses":null,"EndpointID":"93e8fe159f683a98670e8995677c2b130dbce857fc116679206e206bda319cbf","Gateway":"172.17.0.1","GlobalIPv6Address":"","GlobalIPv6PrefixLen":0,"IPAddress":"172.17.0.3","IPPrefixLen":16,"IPv6Gateway":"","MacAddress":"02:42:ac:11:00:03","Networks":{"bridge":{"IPAMConfig":null,"Links":null,"Aliases":null,"NetworkID":"1853cd2b9856825cc97ed9ef2b12efa82d95bf9cf60ad666c276eb35cc53539e","EndpointID":"93e8fe159f683a98670e8995677c2b130dbce857fc116679206e206bda319cbf","Gateway":"172.17.0.1","IPAddress":"172.17.0.3","IPPrefixLen":16,"IPv6Gateway":"","GlobalIPv6Address":"","GlobalIPv6PrefixLen":0,"MacAddress":"02:42:ac:11:00:03","DriverOpts":null}}}}[\n]"
03:33:02.328 [main] DEBUG com.github.dockerjava.zerodep.shaded.org.apache.hc.client5.http.wire - http-outgoing-2 << "[\r][\n]"
03:33:02.328 [main] DEBUG com.github.dockerjava.zerodep.shaded.org.apache.hc.client5.http.wire - http-outgoing-2 << "0[\r][\n]"
03:33:02.328 [main] DEBUG com.github.dockerjava.zerodep.shaded.org.apache.hc.client5.http.wire - http-outgoing-2 << "[\r][\n]"
03:33:02.328 [main] DEBUG com.github.dockerjava.zerodep.shaded.org.apache.hc.client5.http.headers - http-outgoing-2 << HTTP/1.1 200 OK
03:33:02.328 [main] DEBUG com.github.dockerjava.zerodep.shaded.org.apache.hc.client5.http.headers - http-outgoing-2 << Api-Version: 1.41
03:33:02.328 [main] DEBUG com.github.dockerjava.zerodep.shaded.org.apache.hc.client5.http.headers - http-outgoing-2 << Content-Type: application/json
03:33:02.328 [main] DEBUG com.github.dockerjava.zerodep.shaded.org.apache.hc.client5.http.headers - http-outgoing-2 << Docker-Experimental: false
03:33:02.328 [main] DEBUG com.github.dockerjava.zerodep.shaded.org.apache.hc.client5.http.headers - http-outgoing-2 << Ostype: linux
03:33:02.328 [main] DEBUG com.github.dockerjava.zerodep.shaded.org.apache.hc.client5.http.headers - http-outgoing-2 << Server: Docker/20.10.12 (linux)
03:33:02.328 [main] DEBUG com.github.dockerjava.zerodep.shaded.org.apache.hc.client5.http.headers - http-outgoing-2 << Date: Thu, 23 Jun 2022 02:33:02 GMT
03:33:02.328 [main] DEBUG com.github.dockerjava.zerodep.shaded.org.apache.hc.client5.http.headers - http-outgoing-2 << Transfer-Encoding: chunked
03:33:02.328 [main] DEBUG com.github.dockerjava.zerodep.shaded.org.apache.hc.client5.http.impl.classic.MainClientExec - ex-00000093: connection can be kept alive for 3 MINUTES
03:33:02.329 [main] DEBUG com.github.dockerjava.zerodep.shaded.org.apache.hc.client5.http.impl.classic.InternalHttpClient - ep-00000092: releasing valid endpoint
03:33:02.329 [main] DEBUG com.github.dockerjava.zerodep.shaded.org.apache.hc.client5.http.impl.io.PoolingHttpClientConnectionManager - ep-00000092: releasing endpoint
03:33:02.329 [main] DEBUG com.github.dockerjava.zerodep.shaded.org.apache.hc.client5.http.impl.io.PoolingHttpClientConnectionManager - ep-00000092: connection http-outgoing-2 can be kept alive for 3 MINUTES
03:33:02.329 [main] DEBUG com.github.dockerjava.zerodep.shaded.org.apache.hc.client5.http.impl.io.PoolingHttpClientConnectionManager - ep-00000092: connection released [route: {}->unix://localhost:2375][total available: 1; route allocated: 1 of 2147483647; total allocated: 1 of 2147483647]
03:33:02.329 [main] DEBUG 🐳 [mysql:8.0] - Trying to create JDBC connection using com.mysql.cj.jdbc.Driver to jdbc:mysql://localhost:49160/test?useSSL=false&allowPublicKeyRetrieval=true with properties: {password=admin, user=admin}
03:33:02.431 [main] DEBUG org.testcontainers.shaded.com.github.dockerjava.core.command.AbstrDockerCmd - Cmd: 9691e31891711283f4d98263d11bc6156717d3e75a0b86a23f3b128a992c1f38,false
03:33:02.431 [main] DEBUG org.testcontainers.shaded.com.github.dockerjava.core.exec.InspectContainerCmdExec - GET: DefaultWebTarget{path=[/containers/9691e31891711283f4d98263d11bc6156717d3e75a0b86a23f3b128a992c1f38/json], queryParams={}}
03:33:02.431 [main] DEBUG com.github.dockerjava.zerodep.shaded.org.apache.hc.client5.http.impl.classic.InternalHttpClient - ex-00000094: preparing request execution
03:33:02.431 [main] DEBUG com.github.dockerjava.zerodep.shaded.org.apache.hc.client5.http.protocol.RequestAddCookies - Cookie spec selected: strict
03:33:02.431 [main] DEBUG com.github.dockerjava.zerodep.shaded.org.apache.hc.client5.http.protocol.RequestAuthCache - Auth cache not set in the context
03:33:02.431 [main] DEBUG com.github.dockerjava.zerodep.shaded.org.apache.hc.client5.http.impl.classic.ProtocolExec - ex-00000094: target auth state: UNCHALLENGED
03:33:02.431 [main] DEBUG com.github.dockerjava.zerodep.shaded.org.apache.hc.client5.http.impl.classic.ProtocolExec - ex-00000094: proxy auth state: UNCHALLENGED
03:33:02.431 [main] DEBUG com.github.dockerjava.zerodep.shaded.org.apache.hc.client5.http.impl.classic.ConnectExec - ex-00000094: acquiring connection with route {}->unix://localhost:2375
03:33:02.431 [main] DEBUG com.github.dockerjava.zerodep.shaded.org.apache.hc.client5.http.impl.classic.InternalHttpClient - ex-00000094: acquiring endpoint (3 MINUTES)
03:33:02.431 [main] DEBUG com.github.dockerjava.zerodep.shaded.org.apache.hc.client5.http.impl.io.PoolingHttpClientConnectionManager - ex-00000094: endpoint lease request (3 MINUTES) [route: {}->unix://localhost:2375][total available: 1; route allocated: 1 of 2147483647; total allocated: 1 of 2147483647]
03:33:02.431 [main] DEBUG com.github.dockerjava.zerodep.shaded.org.apache.hc.client5.http.impl.io.PoolingHttpClientConnectionManager - ex-00000094: endpoint leased [route: {}->unix://localhost:2375][total available: 0; route allocated: 1 of 2147483647; total allocated: 1 of 2147483647]
03:33:02.431 [main] DEBUG com.github.dockerjava.zerodep.shaded.org.apache.hc.client5.http.impl.io.PoolingHttpClientConnectionManager - ex-00000094: acquired ep-00000093
03:33:02.431 [main] DEBUG com.github.dockerjava.zerodep.shaded.org.apache.hc.client5.http.impl.classic.InternalHttpClient - ex-00000094: acquired endpoint ep-00000093
03:33:02.431 [main] DEBUG com.github.dockerjava.zerodep.shaded.org.apache.hc.client5.http.impl.classic.MainClientExec - ex-00000094: executing GET /v1.32/containers/9691e31891711283f4d98263d11bc6156717d3e75a0b86a23f3b128a992c1f38/json HTTP/1.1
03:33:02.431 [main] DEBUG com.github.dockerjava.zerodep.shaded.org.apache.hc.client5.http.impl.classic.InternalHttpClient - ep-00000093: start execution ex-00000094
03:33:02.431 [main] DEBUG com.github.dockerjava.zerodep.shaded.org.apache.hc.client5.http.impl.io.PoolingHttpClientConnectionManager - ep-00000093: executing exchange ex-00000094 over http-outgoing-2
03:33:02.431 [main] DEBUG com.github.dockerjava.zerodep.shaded.org.apache.hc.client5.http.headers - http-outgoing-2 >> GET /v1.32/containers/9691e31891711283f4d98263d11bc6156717d3e75a0b86a23f3b128a992c1f38/json HTTP/1.1
03:33:02.431 [main] DEBUG com.github.dockerjava.zerodep.shaded.org.apache.hc.client5.http.headers - http-outgoing-2 >> accept: application/json
03:33:02.431 [main] DEBUG com.github.dockerjava.zerodep.shaded.org.apache.hc.client5.http.headers - http-outgoing-2 >> Accept-Encoding: gzip, x-gzip, deflate
03:33:02.431 [main] DEBUG com.github.dockerjava.zerodep.shaded.org.apache.hc.client5.http.headers - http-outgoing-2 >> Host: localhost:2375
03:33:02.431 [main] DEBUG com.github.dockerjava.zerodep.shaded.org.apache.hc.client5.http.headers - http-outgoing-2 >> Connection: keep-alive
03:33:02.431 [main] DEBUG com.github.dockerjava.zerodep.shaded.org.apache.hc.client5.http.headers - http-outgoing-2 >> User-Agent: Apache-HttpClient/5.0.3 (Java/11.0.15)
03:33:02.431 [main] DEBUG com.github.dockerjava.zerodep.shaded.org.apache.hc.client5.http.wire - http-outgoing-2 >> "GET /v1.32/containers/9691e31891711283f4d98263d11bc6156717d3e75a0b86a23f3b128a992c1f38/json HTTP/1.1[\r][\n]"
03:33:02.431 [main] DEBUG com.github.dockerjava.zerodep.shaded.org.apache.hc.client5.http.wire - http-outgoing-2 >> "accept: application/json[\r][\n]"
03:33:02.431 [main] DEBUG com.github.dockerjava.zerodep.shaded.org.apache.hc.client5.http.wire - http-outgoing-2 >> "Accept-Encoding: gzip, x-gzip, deflate[\r][\n]"
03:33:02.431 [main] DEBUG com.github.dockerjava.zerodep.shaded.org.apache.hc.client5.http.wire - http-outgoing-2 >> "Host: localhost:2375[\r][\n]"
03:33:02.431 [main] DEBUG com.github.dockerjava.zerodep.shaded.org.apache.hc.client5.http.wire - http-outgoing-2 >> "Connection: keep-alive[\r][\n]"
03:33:02.431 [main] DEBUG com.github.dockerjava.zerodep.shaded.org.apache.hc.client5.http.wire - http-outgoing-2 >> "User-Agent: Apache-HttpClient/5.0.3 (Java/11.0.15)[\r][\n]"
03:33:02.431 [main] DEBUG com.github.dockerjava.zerodep.shaded.org.apache.hc.client5.http.wire - http-outgoing-2 >> "[\r][\n]"
03:33:02.432 [main] DEBUG com.github.dockerjava.zerodep.shaded.org.apache.hc.client5.http.wire - http-outgoing-2 << "HTTP/1.1 200 OK[\r][\n]"
03:33:02.432 [main] DEBUG com.github.dockerjava.zerodep.shaded.org.apache.hc.client5.http.wire - http-outgoing-2 << "Api-Version: 1.41[\r][\n]"
03:33:02.432 [main] DEBUG com.github.dockerjava.zerodep.shaded.org.apache.hc.client5.http.wire - http-outgoing-2 << "Content-Type: application/json[\r][\n]"
03:33:02.432 [main] DEBUG com.github.dockerjava.zerodep.shaded.org.apache.hc.client5.http.wire - http-outgoing-2 << "Docker-Experimental: false[\r][\n]"
03:33:02.432 [main] DEBUG com.github.dockerjava.zerodep.shaded.org.apache.hc.client5.http.wire - http-outgoing-2 << "Ostype: linux[\r][\n]"
03:33:02.432 [main] DEBUG com.github.dockerjava.zerodep.shaded.org.apache.hc.client5.http.wire - http-outgoing-2 << "Server: Docker/20.10.12 (linux)[\r][\n]"
03:33:02.432 [main] DEBUG com.github.dockerjava.zerodep.shaded.org.apache.hc.client5.http.wire - http-outgoing-2 << "Date: Thu, 23 Jun 2022 02:33:02 GMT[\r][\n]"
03:33:02.432 [main] DEBUG com.github.dockerjava.zerodep.shaded.org.apache.hc.client5.http.wire - http-outgoing-2 << "Transfer-Encoding: chunked[\r][\n]"
03:33:02.432 [main] DEBUG com.github.dockerjava.zerodep.shaded.org.apache.hc.client5.http.wire - http-outgoing-2 << "[\r][\n]"
03:33:02.432 [main] DEBUG com.github.dockerjava.zerodep.shaded.org.apache.hc.client5.http.wire - http-outgoing-2 << "18ed[\r][\n]"
03:33:02.432 [main] DEBUG com.github.dockerjava.zerodep.shaded.org.apache.hc.client5.http.wire - http-outgoing-2 << "{"Id":"9691e31891711283f4d98263d11bc6156717d3e75a0b86a23f3b128a992c1f38","Created":"2022-06-23T02:32:47.03956921Z","Path":"docker-entrypoint.sh","Args":["mysqld"],"State":{"Status":"running","Running":true,"Paused":false,"Restarting":false,"OOMKilled":false,"Dead":false,"Pid":66188,"ExitCode":0,"Error":"","StartedAt":"2022-06-23T02:32:47.703880551Z","FinishedAt":"0001-01-01T00:00:00Z"},"Image":"sha256:65b636d5542b73254ce90cc4b895597dc1adc2c661ca553c38eda159979dded1","ResolvConfPath":"/var/lib/docker/containers/9691e31891711283f4d98263d11bc6156717d3e75a0b86a23f3b128a992c1f38/resolv.conf","HostnamePath":"/var/lib/docker/containers/9691e31891711283f4d98263d11bc6156717d3e75a0b86a23f3b128a992c1f38/hostname","HostsPath":"/var/lib/docker/containers/9691e31891711283f4d98263d11bc6156717d3e75a0b86a23f3b128a992c1f38/hosts","LogPath":"/var/lib/docker/containers/9691e31891711283f4d98263d11bc6156717d3e75a0b86a23f3b128a992c1f38/9691e31891711283f4d98263d11bc6156717d3e75a0b86a23f3b128a992c1f38-json.log","Name":"/xenodochial_satoshi","RestartCount":0,"Driver":"overlay2","Platform":"linux","MountLabel":"","ProcessLabel":"","AppArmorProfile":"docker-default","ExecIDs":null,"HostConfig":{"Binds":[],"ContainerIDFile":"","LogConfig":{"Type":"json-file","Config":{}},"NetworkMode":"default","PortBindings":{"3306/tcp":[{"HostIp":"","HostPort":""}]},"RestartPolicy":{"Name":"","MaximumRetryCount":0},"AutoRemove":false,"VolumeDriver":"","VolumesFrom":[],"CapAdd":null,"CapDrop":null,"CgroupnsMode":"host","Dns":null,"DnsOptions":null,"DnsSearch":null,"ExtraHosts":[],"GroupAdd":null,"IpcMode":"shareable","Cgroup":"","Links":null,"OomScoreAdj":0,"PidMode":"","Privileged":false,"PublishAllPorts":false,"ReadonlyRootfs":false,"SecurityOpt":null,"UTSMode":"","UsernsMode":"","ShmSize":67108864,"Runtime":"runc","ConsoleSize":[0,0],"Isolation":"","CpuShares":0,"Memory":0,"NanoCpus":0,"CgroupParent":"","BlkioWeight":0,"BlkioWeightDevice":null,"BlkioDeviceReadBps":null,"BlkioDeviceWriteBps":null,"BlkioDeviceReadIOps":null,"BlkioDeviceWriteIOps":null,"CpuPeriod":0,"CpuQuota":0,"CpuRealtimePeriod":0,"CpuRealtimeRuntime":0,"CpusetCpus":"","CpusetMems":"","Devices":null,"DeviceCgroupRules":null,"DeviceRequests":null,"KernelMemory":0,"KernelMemoryTCP":0,"MemoryReservation":0,"MemorySwap":0,"MemorySwappiness":null,"OomKillDisable":false,"PidsLimit":null,"Ulimits":null,"CpuCount":0,"CpuPercent":0,"IOMaximumIOps":0,"IOMaximumBandwidth":0,"MaskedPaths":["/proc/asound","/proc/acpi","/proc/kcore","/proc/keys","/proc/latency_stats","/proc/timer_list","/proc/timer_stats","/proc/sched_debug","/proc/scsi","/sys/firmware"],"ReadonlyPaths":["/proc/bus","/proc/fs","/proc/irq","/proc/sys","/proc/sysrq-trigger"]},"GraphDriver":{"Data":{"LowerDir":"/var/lib/docker/overlay2/5529564f52cf969e31e7a1482c27be7ffed19639b506ae2e15b7e7115f699a73-init/diff:/var/lib/docker/overlay2/833a665819b5d9728d3efa7c33135034345a24f83af53b1a1af33d9b64f5492a/diff:/var/lib/docker/overlay2/bd4a2a46c227c2f15475b08c398f37acaab93f4fdba31de015d730efae0a0cfc/diff:/var/lib/docker/overlay2/31ad437d7cba8e64428a2b62db1bbb2a2ec19ca4e439ec493ef4deb50dce2783/diff:/var/lib/docker/overlay2/35173cbd8ec5b88a8888e9abbe75f8694f5d3f96a9b781bb70dc1f0889685741/diff:/var/lib/docker/overlay2/24bf69ac4e8c81062fee44e7c9f746fffbb139c3f7f4b55b4fd1b23bb101b529/diff:/var/lib/docker/overlay2/2f27c96a7775dad186b6f0da325d5a251c80aa1b7f80cf8520f493c5154aee70/diff:/var/lib/docker/overlay2/463a60088c72ddbea82639ded15801e35a79c443f6a26bf1baf320c683cb06af/diff:/var/lib/docker/overlay2/80b8224b23a2ee4b5be635c58ae579fd1913aa95558cd66ab2f5e8430f00a5b8/diff:/var/lib/docker/overlay2/20451fa0b1a07b85d665bc3a0359d721ce4e4c28fa3bce7456ab25e0babae708/diff:/var/lib/docker/overlay2/f80d865cbc6c1c6f57d0963fa6234e7a6409e079eb17f4f13ca41d02731701ad/diff:/var/lib/docker/overlay2/5a3029e0b57c6ec9b985871ff6adf08356aaa0f2a15f1e34c1a7f116ecc4a61d/diff:/var/lib/docker/overlay2/4f3423103248d0b381a1bc6a7287e2b42313ff458cea602a02b7379014b03e0e/diff","MergedDir":"/var/lib/docker/overlay2/5529564f52cf969e31e7a1482c27be7ffed19639b506ae2e15b7e7115f699a73/merged","UpperDir":"/var/lib/docker/overlay2/5529564f52cf969e31e7a1482c27be7ffed19639b506ae2e15b7e7115f699a73/diff","WorkDir":"/var/lib/docker/overlay2/5529564f52cf969e31e7a1482c27be7ffed19639b506ae2e15b7e7115f699a73/work"},"Name":"overlay2"},"Mounts":[{"Type":"volume","Name":"fd1f613c7fe3ca3ae799982507ac3f565cc9f6a2dc99ceaed92389e2c43f47d1","Source":"/var/lib/docker/volumes/fd1f613c7fe3ca3ae799982507ac3f565cc9f6a2dc99ceaed92389e2c43f47d1/_data","Destination":"/var/lib/mysql","Driver":"local","Mode":"","RW":true,"Propagation":""}],"Config":{"Hostname":"9691e3189171","Domainname":"","User":"","AttachStdin":false,"AttachStdout":false,"AttachStderr":false,"ExposedPorts":{"3306/tcp":{},"33060/tcp":{}},"Tty":false,"OpenStdin":false,"StdinOnce":false,"Env":["MYSQL_DATABASE=test","MYSQL_PASSWORD=admin","MYSQL_USER=admin","MYSQL_ROOT_PASSWORD=admin","PATH=/usr/local/sbin:/usr/local/bin:/usr/sbin:/usr/bin:/sbin:/bin","GOSU_VERSION=1.14","MYSQL_MAJOR=8.0","MYSQL_VERSION=8.0.29-1debian10"],"Cmd":["mysqld"],"Image":"mysql:8.0","Volumes":{"/var/lib/mysql":{}},"WorkingDir":"","Entrypoint":["docker-entrypoint.sh"],"OnBuild":null,"Labels":{"org.testcontainers":"true","org.testcontainers.sessionId":"d48265e4-2b28-4f8c-aa67-76dd8289af84"}},"NetworkSettings":{"Bridge":"","SandboxID":"d9de8570fe3f0a4e9f3a1ff7101c963bbd2c6a0a9d8a867b96f17f4d5edca537","HairpinMode":false,"LinkLocalIPv6Address":"","LinkLocalIPv6PrefixLen":0,"Ports":{"3306/tcp":[{"HostIp":"0.0.0.0","HostPort":"49160"},{"HostIp":"::","HostPort":"49160"}],"33060/tcp":null},"SandboxKey":"/var/run/docker/netns/d9de8570fe3f","SecondaryIPAddresses":null,"SecondaryIPv6Addresses":null,"EndpointID":"93e8fe159f683a98670e8995677c2b130dbce857fc116679206e206bda319cbf","Gateway":"172.17.0.1","GlobalIPv6Address":"","GlobalIPv6PrefixLen":0,"IPAddress":"172.17.0.3","IPPrefixLen":16,"IPv6Gateway":"","MacAddress":"02:42:ac:11:00:03","Networks":{"bridge":{"IPAMConfig":null,"Links":null,"Aliases":null,"NetworkID":"1853cd2b9856825cc97ed9ef2b12efa82d95bf9cf60ad666c276eb35cc53539e","EndpointID":"93e8fe159f683a98670e8995677c2b130dbce857fc116679206e206bda319cbf","Gateway":"172.17.0.1","IPAddress":"172.17.0.3","IPPrefixLen":16,"IPv6Gateway":"","GlobalIPv6Address":"","GlobalIPv6PrefixLen":0,"MacAddress":"02:42:ac:11:00:03","DriverOpts":null}}}}[\n]"
03:33:02.432 [main] DEBUG com.github.dockerjava.zerodep.shaded.org.apache.hc.client5.http.wire - http-outgoing-2 << "[\r][\n]"
03:33:02.432 [main] DEBUG com.github.dockerjava.zerodep.shaded.org.apache.hc.client5.http.wire - http-outgoing-2 << "0[\r][\n]"
03:33:02.432 [main] DEBUG com.github.dockerjava.zerodep.shaded.org.apache.hc.client5.http.wire - http-outgoing-2 << "[\r][\n]"
03:33:02.432 [main] DEBUG com.github.dockerjava.zerodep.shaded.org.apache.hc.client5.http.headers - http-outgoing-2 << HTTP/1.1 200 OK
03:33:02.432 [main] DEBUG com.github.dockerjava.zerodep.shaded.org.apache.hc.client5.http.headers - http-outgoing-2 << Api-Version: 1.41
03:33:02.432 [main] DEBUG com.github.dockerjava.zerodep.shaded.org.apache.hc.client5.http.headers - http-outgoing-2 << Content-Type: application/json
03:33:02.432 [main] DEBUG com.github.dockerjava.zerodep.shaded.org.apache.hc.client5.http.headers - http-outgoing-2 << Docker-Experimental: false
03:33:02.432 [main] DEBUG com.github.dockerjava.zerodep.shaded.org.apache.hc.client5.http.headers - http-outgoing-2 << Ostype: linux
03:33:02.432 [main] DEBUG com.github.dockerjava.zerodep.shaded.org.apache.hc.client5.http.headers - http-outgoing-2 << Server: Docker/20.10.12 (linux)
03:33:02.432 [main] DEBUG com.github.dockerjava.zerodep.shaded.org.apache.hc.client5.http.headers - http-outgoing-2 << Date: Thu, 23 Jun 2022 02:33:02 GMT
03:33:02.432 [main] DEBUG com.github.dockerjava.zerodep.shaded.org.apache.hc.client5.http.headers - http-outgoing-2 << Transfer-Encoding: chunked
03:33:02.432 [main] DEBUG com.github.dockerjava.zerodep.shaded.org.apache.hc.client5.http.impl.classic.MainClientExec - ex-00000094: connection can be kept alive for 3 MINUTES
03:33:02.433 [main] DEBUG com.github.dockerjava.zerodep.shaded.org.apache.hc.client5.http.impl.classic.InternalHttpClient - ep-00000093: releasing valid endpoint
03:33:02.433 [main] DEBUG com.github.dockerjava.zerodep.shaded.org.apache.hc.client5.http.impl.io.PoolingHttpClientConnectionManager - ep-00000093: releasing endpoint
03:33:02.433 [main] DEBUG com.github.dockerjava.zerodep.shaded.org.apache.hc.client5.http.impl.io.PoolingHttpClientConnectionManager - ep-00000093: connection http-outgoing-2 can be kept alive for 3 MINUTES
03:33:02.433 [main] DEBUG com.github.dockerjava.zerodep.shaded.org.apache.hc.client5.http.impl.io.PoolingHttpClientConnectionManager - ep-00000093: connection released [route: {}->unix://localhost:2375][total available: 1; route allocated: 1 of 2147483647; total allocated: 1 of 2147483647]
03:33:02.433 [main] DEBUG 🐳 [mysql:8.0] - Trying to create JDBC connection using com.mysql.cj.jdbc.Driver to jdbc:mysql://localhost:49160/test?useSSL=false&allowPublicKeyRetrieval=true with properties: {password=admin, user=admin}
03:33:02.534 [main] DEBUG org.testcontainers.shaded.com.github.dockerjava.core.command.AbstrDockerCmd - Cmd: 9691e31891711283f4d98263d11bc6156717d3e75a0b86a23f3b128a992c1f38,false
03:33:02.534 [main] DEBUG org.testcontainers.shaded.com.github.dockerjava.core.exec.InspectContainerCmdExec - GET: DefaultWebTarget{path=[/containers/9691e31891711283f4d98263d11bc6156717d3e75a0b86a23f3b128a992c1f38/json], queryParams={}}
03:33:02.534 [main] DEBUG com.github.dockerjava.zerodep.shaded.org.apache.hc.client5.http.impl.classic.InternalHttpClient - ex-00000095: preparing request execution
03:33:02.534 [main] DEBUG com.github.dockerjava.zerodep.shaded.org.apache.hc.client5.http.protocol.RequestAddCookies - Cookie spec selected: strict
03:33:02.534 [main] DEBUG com.github.dockerjava.zerodep.shaded.org.apache.hc.client5.http.protocol.RequestAuthCache - Auth cache not set in the context
03:33:02.534 [main] DEBUG com.github.dockerjava.zerodep.shaded.org.apache.hc.client5.http.impl.classic.ProtocolExec - ex-00000095: target auth state: UNCHALLENGED
03:33:02.534 [main] DEBUG com.github.dockerjava.zerodep.shaded.org.apache.hc.client5.http.impl.classic.ProtocolExec - ex-00000095: proxy auth state: UNCHALLENGED
03:33:02.535 [main] DEBUG com.github.dockerjava.zerodep.shaded.org.apache.hc.client5.http.impl.classic.ConnectExec - ex-00000095: acquiring connection with route {}->unix://localhost:2375
03:33:02.535 [main] DEBUG com.github.dockerjava.zerodep.shaded.org.apache.hc.client5.http.impl.classic.InternalHttpClient - ex-00000095: acquiring endpoint (3 MINUTES)
03:33:02.535 [main] DEBUG com.github.dockerjava.zerodep.shaded.org.apache.hc.client5.http.impl.io.PoolingHttpClientConnectionManager - ex-00000095: endpoint lease request (3 MINUTES) [route: {}->unix://localhost:2375][total available: 1; route allocated: 1 of 2147483647; total allocated: 1 of 2147483647]
03:33:02.535 [main] DEBUG com.github.dockerjava.zerodep.shaded.org.apache.hc.client5.http.impl.io.PoolingHttpClientConnectionManager - ex-00000095: endpoint leased [route: {}->unix://localhost:2375][total available: 0; route allocated: 1 of 2147483647; total allocated: 1 of 2147483647]
03:33:02.535 [main] DEBUG com.github.dockerjava.zerodep.shaded.org.apache.hc.client5.http.impl.io.PoolingHttpClientConnectionManager - ex-00000095: acquired ep-00000094
03:33:02.535 [main] DEBUG com.github.dockerjava.zerodep.shaded.org.apache.hc.client5.http.impl.classic.InternalHttpClient - ex-00000095: acquired endpoint ep-00000094
03:33:02.535 [main] DEBUG com.github.dockerjava.zerodep.shaded.org.apache.hc.client5.http.impl.classic.MainClientExec - ex-00000095: executing GET /v1.32/containers/9691e31891711283f4d98263d11bc6156717d3e75a0b86a23f3b128a992c1f38/json HTTP/1.1
03:33:02.535 [main] DEBUG com.github.dockerjava.zerodep.shaded.org.apache.hc.client5.http.impl.classic.InternalHttpClient - ep-00000094: start execution ex-00000095
03:33:02.535 [main] DEBUG com.github.dockerjava.zerodep.shaded.org.apache.hc.client5.http.impl.io.PoolingHttpClientConnectionManager - ep-00000094: executing exchange ex-00000095 over http-outgoing-2
03:33:02.535 [main] DEBUG com.github.dockerjava.zerodep.shaded.org.apache.hc.client5.http.headers - http-outgoing-2 >> GET /v1.32/containers/9691e31891711283f4d98263d11bc6156717d3e75a0b86a23f3b128a992c1f38/json HTTP/1.1
03:33:02.535 [main] DEBUG com.github.dockerjava.zerodep.shaded.org.apache.hc.client5.http.headers - http-outgoing-2 >> accept: application/json
03:33:02.535 [main] DEBUG com.github.dockerjava.zerodep.shaded.org.apache.hc.client5.http.headers - http-outgoing-2 >> Accept-Encoding: gzip, x-gzip, deflate
03:33:02.535 [main] DEBUG com.github.dockerjava.zerodep.shaded.org.apache.hc.client5.http.headers - http-outgoing-2 >> Host: localhost:2375
03:33:02.535 [main] DEBUG com.github.dockerjava.zerodep.shaded.org.apache.hc.client5.http.headers - http-outgoing-2 >> Connection: keep-alive
03:33:02.535 [main] DEBUG com.github.dockerjava.zerodep.shaded.org.apache.hc.client5.http.headers - http-outgoing-2 >> User-Agent: Apache-HttpClient/5.0.3 (Java/11.0.15)
03:33:02.535 [main] DEBUG com.github.dockerjava.zerodep.shaded.org.apache.hc.client5.http.wire - http-outgoing-2 >> "GET /v1.32/containers/9691e31891711283f4d98263d11bc6156717d3e75a0b86a23f3b128a992c1f38/json HTTP/1.1[\r][\n]"
03:33:02.535 [main] DEBUG com.github.dockerjava.zerodep.shaded.org.apache.hc.client5.http.wire - http-outgoing-2 >> "accept: application/json[\r][\n]"
03:33:02.535 [main] DEBUG com.github.dockerjava.zerodep.shaded.org.apache.hc.client5.http.wire - http-outgoing-2 >> "Accept-Encoding: gzip, x-gzip, deflate[\r][\n]"
03:33:02.535 [main] DEBUG com.github.dockerjava.zerodep.shaded.org.apache.hc.client5.http.wire - http-outgoing-2 >> "Host: localhost:2375[\r][\n]"
03:33:02.535 [main] DEBUG com.github.dockerjava.zerodep.shaded.org.apache.hc.client5.http.wire - http-outgoing-2 >> "Connection: keep-alive[\r][\n]"
03:33:02.535 [main] DEBUG com.github.dockerjava.zerodep.shaded.org.apache.hc.client5.http.wire - http-outgoing-2 >> "User-Agent: Apache-HttpClient/5.0.3 (Java/11.0.15)[\r][\n]"
03:33:02.535 [main] DEBUG com.github.dockerjava.zerodep.shaded.org.apache.hc.client5.http.wire - http-outgoing-2 >> "[\r][\n]"
03:33:02.535 [main] DEBUG com.github.dockerjava.zerodep.shaded.org.apache.hc.client5.http.wire - http-outgoing-2 << "HTTP/1.1 200 OK[\r][\n]"
03:33:02.535 [main] DEBUG com.github.dockerjava.zerodep.shaded.org.apache.hc.client5.http.wire - http-outgoing-2 << "Api-Version: 1.41[\r][\n]"
03:33:02.535 [main] DEBUG com.github.dockerjava.zerodep.shaded.org.apache.hc.client5.http.wire - http-outgoing-2 << "Content-Type: application/json[\r][\n]"
03:33:02.535 [main] DEBUG com.github.dockerjava.zerodep.shaded.org.apache.hc.client5.http.wire - http-outgoing-2 << "Docker-Experimental: false[\r][\n]"
03:33:02.535 [main] DEBUG com.github.dockerjava.zerodep.shaded.org.apache.hc.client5.http.wire - http-outgoing-2 << "Ostype: linux[\r][\n]"
03:33:02.535 [main] DEBUG com.github.dockerjava.zerodep.shaded.org.apache.hc.client5.http.wire - http-outgoing-2 << "Server: Docker/20.10.12 (linux)[\r][\n]"
03:33:02.535 [main] DEBUG com.github.dockerjava.zerodep.shaded.org.apache.hc.client5.http.wire - http-outgoing-2 << "Date: Thu, 23 Jun 2022 02:33:02 GMT[\r][\n]"
03:33:02.535 [main] DEBUG com.github.dockerjava.zerodep.shaded.org.apache.hc.client5.http.wire - http-outgoing-2 << "Transfer-Encoding: chunked[\r][\n]"
03:33:02.535 [main] DEBUG com.github.dockerjava.zerodep.shaded.org.apache.hc.client5.http.wire - http-outgoing-2 << "[\r][\n]"
03:33:02.535 [main] DEBUG com.github.dockerjava.zerodep.shaded.org.apache.hc.client5.http.wire - http-outgoing-2 << "18ed[\r][\n]"
03:33:02.535 [main] DEBUG com.github.dockerjava.zerodep.shaded.org.apache.hc.client5.http.wire - http-outgoing-2 << "{"Id":"9691e31891711283f4d98263d11bc6156717d3e75a0b86a23f3b128a992c1f38","Created":"2022-06-23T02:32:47.03956921Z","Path":"docker-entrypoint.sh","Args":["mysqld"],"State":{"Status":"running","Running":true,"Paused":false,"Restarting":false,"OOMKilled":false,"Dead":false,"Pid":66188,"ExitCode":0,"Error":"","StartedAt":"2022-06-23T02:32:47.703880551Z","FinishedAt":"0001-01-01T00:00:00Z"},"Image":"sha256:65b636d5542b73254ce90cc4b895597dc1adc2c661ca553c38eda159979dded1","ResolvConfPath":"/var/lib/docker/containers/9691e31891711283f4d98263d11bc6156717d3e75a0b86a23f3b128a992c1f38/resolv.conf","HostnamePath":"/var/lib/docker/containers/9691e31891711283f4d98263d11bc6156717d3e75a0b86a23f3b128a992c1f38/hostname","HostsPath":"/var/lib/docker/containers/9691e31891711283f4d98263d11bc6156717d3e75a0b86a23f3b128a992c1f38/hosts","LogPath":"/var/lib/docker/containers/9691e31891711283f4d98263d11bc6156717d3e75a0b86a23f3b128a992c1f38/9691e31891711283f4d98263d11bc6156717d3e75a0b86a23f3b128a992c1f38-json.log","Name":"/xenodochial_satoshi","RestartCount":0,"Driver":"overlay2","Platform":"linux","MountLabel":"","ProcessLabel":"","AppArmorProfile":"docker-default","ExecIDs":null,"HostConfig":{"Binds":[],"ContainerIDFile":"","LogConfig":{"Type":"json-file","Config":{}},"NetworkMode":"default","PortBindings":{"3306/tcp":[{"HostIp":"","HostPort":""}]},"RestartPolicy":{"Name":"","MaximumRetryCount":0},"AutoRemove":false,"VolumeDriver":"","VolumesFrom":[],"CapAdd":null,"CapDrop":null,"CgroupnsMode":"host","Dns":null,"DnsOptions":null,"DnsSearch":null,"ExtraHosts":[],"GroupAdd":null,"IpcMode":"shareable","Cgroup":"","Links":null,"OomScoreAdj":0,"PidMode":"","Privileged":false,"PublishAllPorts":false,"ReadonlyRootfs":false,"SecurityOpt":null,"UTSMode":"","UsernsMode":"","ShmSize":67108864,"Runtime":"runc","ConsoleSize":[0,0],"Isolation":"","CpuShares":0,"Memory":0,"NanoCpus":0,"CgroupParent":"","BlkioWeight":0,"BlkioWeightDevice":null,"BlkioDeviceReadBps":null,"BlkioDeviceWriteBps":null,"BlkioDeviceReadIOps":null,"BlkioDeviceWriteIOps":null,"CpuPeriod":0,"CpuQuota":0,"CpuRealtimePeriod":0,"CpuRealtimeRuntime":0,"CpusetCpus":"","CpusetMems":"","Devices":null,"DeviceCgroupRules":null,"DeviceRequests":null,"KernelMemory":0,"KernelMemoryTCP":0,"MemoryReservation":0,"MemorySwap":0,"MemorySwappiness":null,"OomKillDisable":false,"PidsLimit":null,"Ulimits":null,"CpuCount":0,"CpuPercent":0,"IOMaximumIOps":0,"IOMaximumBandwidth":0,"MaskedPaths":["/proc/asound","/proc/acpi","/proc/kcore","/proc/keys","/proc/latency_stats","/proc/timer_list","/proc/timer_stats","/proc/sched_debug","/proc/scsi","/sys/firmware"],"ReadonlyPaths":["/proc/bus","/proc/fs","/proc/irq","/proc/sys","/proc/sysrq-trigger"]},"GraphDriver":{"Data":{"LowerDir":"/var/lib/docker/overlay2/5529564f52cf969e31e7a1482c27be7ffed19639b506ae2e15b7e7115f699a73-init/diff:/var/lib/docker/overlay2/833a665819b5d9728d3efa7c33135034345a24f83af53b1a1af33d9b64f5492a/diff:/var/lib/docker/overlay2/bd4a2a46c227c2f15475b08c398f37acaab93f4fdba31de015d730efae0a0cfc/diff:/var/lib/docker/overlay2/31ad437d7cba8e64428a2b62db1bbb2a2ec19ca4e439ec493ef4deb50dce2783/diff:/var/lib/docker/overlay2/35173cbd8ec5b88a8888e9abbe75f8694f5d3f96a9b781bb70dc1f0889685741/diff:/var/lib/docker/overlay2/24bf69ac4e8c81062fee44e7c9f746fffbb139c3f7f4b55b4fd1b23bb101b529/diff:/var/lib/docker/overlay2/2f27c96a7775dad186b6f0da325d5a251c80aa1b7f80cf8520f493c5154aee70/diff:/var/lib/docker/overlay2/463a60088c72ddbea82639ded15801e35a79c443f6a26bf1baf320c683cb06af/diff:/var/lib/docker/overlay2/80b8224b23a2ee4b5be635c58ae579fd1913aa95558cd66ab2f5e8430f00a5b8/diff:/var/lib/docker/overlay2/20451fa0b1a07b85d665bc3a0359d721ce4e4c28fa3bce7456ab25e0babae708/diff:/var/lib/docker/overlay2/f80d865cbc6c1c6f57d0963fa6234e7a6409e079eb17f4f13ca41d02731701ad/diff:/var/lib/docker/overlay2/5a3029e0b57c6ec9b985871ff6adf08356aaa0f2a15f1e34c1a7f116ecc4a61d/diff:/var/lib/docker/overlay2/4f3423103248d0b381a1bc6a7287e2b42313ff458cea602a02b7379014b03e0e/diff","MergedDir":"/var/lib/docker/overlay2/5529564f52cf969e31e7a1482c27be7ffed19639b506ae2e15b7e7115f699a73/merged","UpperDir":"/var/lib/docker/overlay2/5529564f52cf969e31e7a1482c27be7ffed19639b506ae2e15b7e7115f699a73/diff","WorkDir":"/var/lib/docker/overlay2/5529564f52cf969e31e7a1482c27be7ffed19639b506ae2e15b7e7115f699a73/work"},"Name":"overlay2"},"Mounts":[{"Type":"volume","Name":"fd1f613c7fe3ca3ae799982507ac3f565cc9f6a2dc99ceaed92389e2c43f47d1","Source":"/var/lib/docker/volumes/fd1f613c7fe3ca3ae799982507ac3f565cc9f6a2dc99ceaed92389e2c43f47d1/_data","Destination":"/var/lib/mysql","Driver":"local","Mode":"","RW":true,"Propagation":""}],"Config":{"Hostname":"9691e3189171","Domainname":"","User":"","AttachStdin":false,"AttachStdout":false,"AttachStderr":false,"ExposedPorts":{"3306/tcp":{},"33060/tcp":{}},"Tty":false,"OpenStdin":false,"StdinOnce":false,"Env":["MYSQL_DATABASE=test","MYSQL_PASSWORD=admin","MYSQL_USER=admin","MYSQL_ROOT_PASSWORD=admin","PATH=/usr/local/sbin:/usr/local/bin:/usr/sbin:/usr/bin:/sbin:/bin","GOSU_VERSION=1.14","MYSQL_MAJOR=8.0","MYSQL_VERSION=8.0.29-1debian10"],"Cmd":["mysqld"],"Image":"mysql:8.0","Volumes":{"/var/lib/mysql":{}},"WorkingDir":"","Entrypoint":["docker-entrypoint.sh"],"OnBuild":null,"Labels":{"org.testcontainers":"true","org.testcontainers.sessionId":"d48265e4-2b28-4f8c-aa67-76dd8289af84"}},"NetworkSettings":{"Bridge":"","SandboxID":"d9de8570fe3f0a4e9f3a1ff7101c963bbd2c6a0a9d8a867b96f17f4d5edca537","HairpinMode":false,"LinkLocalIPv6Address":"","LinkLocalIPv6PrefixLen":0,"Ports":{"3306/tcp":[{"HostIp":"0.0.0.0","HostPort":"49160"},{"HostIp":"::","HostPort":"49160"}],"33060/tcp":null},"SandboxKey":"/var/run/docker/netns/d9de8570fe3f","SecondaryIPAddresses":null,"SecondaryIPv6Addresses":null,"EndpointID":"93e8fe159f683a98670e8995677c2b130dbce857fc116679206e206bda319cbf","Gateway":"172.17.0.1","GlobalIPv6Address":"","GlobalIPv6PrefixLen":0,"IPAddress":"172.17.0.3","IPPrefixLen":16,"IPv6Gateway":"","MacAddress":"02:42:ac:11:00:03","Networks":{"bridge":{"IPAMConfig":null,"Links":null,"Aliases":null,"NetworkID":"1853cd2b9856825cc97ed9ef2b12efa82d95bf9cf60ad666c276eb35cc53539e","EndpointID":"93e8fe159f683a98670e8995677c2b130dbce857fc116679206e206bda319cbf","Gateway":"172.17.0.1","IPAddress":"172.17.0.3","IPPrefixLen":16,"IPv6Gateway":"","GlobalIPv6Address":"","GlobalIPv6PrefixLen":0,"MacAddress":"02:42:ac:11:00:03","DriverOpts":null}}}}[\n]"
03:33:02.535 [main] DEBUG com.github.dockerjava.zerodep.shaded.org.apache.hc.client5.http.wire - http-outgoing-2 << "[\r][\n]"
03:33:02.535 [main] DEBUG com.github.dockerjava.zerodep.shaded.org.apache.hc.client5.http.wire - http-outgoing-2 << "0[\r][\n]"
03:33:02.535 [main] DEBUG com.github.dockerjava.zerodep.shaded.org.apache.hc.client5.http.wire - http-outgoing-2 << "[\r][\n]"
03:33:02.536 [main] DEBUG com.github.dockerjava.zerodep.shaded.org.apache.hc.client5.http.headers - http-outgoing-2 << HTTP/1.1 200 OK
03:33:02.536 [main] DEBUG com.github.dockerjava.zerodep.shaded.org.apache.hc.client5.http.headers - http-outgoing-2 << Api-Version: 1.41
03:33:02.536 [main] DEBUG com.github.dockerjava.zerodep.shaded.org.apache.hc.client5.http.headers - http-outgoing-2 << Content-Type: application/json
03:33:02.536 [main] DEBUG com.github.dockerjava.zerodep.shaded.org.apache.hc.client5.http.headers - http-outgoing-2 << Docker-Experimental: false
03:33:02.536 [main] DEBUG com.github.dockerjava.zerodep.shaded.org.apache.hc.client5.http.headers - http-outgoing-2 << Ostype: linux
03:33:02.536 [main] DEBUG com.github.dockerjava.zerodep.shaded.org.apache.hc.client5.http.headers - http-outgoing-2 << Server: Docker/20.10.12 (linux)
03:33:02.536 [main] DEBUG com.github.dockerjava.zerodep.shaded.org.apache.hc.client5.http.headers - http-outgoing-2 << Date: Thu, 23 Jun 2022 02:33:02 GMT
03:33:02.536 [main] DEBUG com.github.dockerjava.zerodep.shaded.org.apache.hc.client5.http.headers - http-outgoing-2 << Transfer-Encoding: chunked
03:33:02.536 [main] DEBUG com.github.dockerjava.zerodep.shaded.org.apache.hc.client5.http.impl.classic.MainClientExec - ex-00000095: connection can be kept alive for 3 MINUTES
03:33:02.536 [main] DEBUG com.github.dockerjava.zerodep.shaded.org.apache.hc.client5.http.impl.classic.InternalHttpClient - ep-00000094: releasing valid endpoint
03:33:02.536 [main] DEBUG com.github.dockerjava.zerodep.shaded.org.apache.hc.client5.http.impl.io.PoolingHttpClientConnectionManager - ep-00000094: releasing endpoint
03:33:02.536 [main] DEBUG com.github.dockerjava.zerodep.shaded.org.apache.hc.client5.http.impl.io.PoolingHttpClientConnectionManager - ep-00000094: connection http-outgoing-2 can be kept alive for 3 MINUTES
03:33:02.536 [main] DEBUG com.github.dockerjava.zerodep.shaded.org.apache.hc.client5.http.impl.io.PoolingHttpClientConnectionManager - ep-00000094: connection released [route: {}->unix://localhost:2375][total available: 1; route allocated: 1 of 2147483647; total allocated: 1 of 2147483647]
03:33:02.537 [main] DEBUG 🐳 [mysql:8.0] - Trying to create JDBC connection using com.mysql.cj.jdbc.Driver to jdbc:mysql://localhost:49160/test?useSSL=false&allowPublicKeyRetrieval=true with properties: {password=admin, user=admin}
03:33:02.638 [main] DEBUG org.testcontainers.shaded.com.github.dockerjava.core.command.AbstrDockerCmd - Cmd: 9691e31891711283f4d98263d11bc6156717d3e75a0b86a23f3b128a992c1f38,false
03:33:02.638 [main] DEBUG org.testcontainers.shaded.com.github.dockerjava.core.exec.InspectContainerCmdExec - GET: DefaultWebTarget{path=[/containers/9691e31891711283f4d98263d11bc6156717d3e75a0b86a23f3b128a992c1f38/json], queryParams={}}
03:33:02.639 [main] DEBUG com.github.dockerjava.zerodep.shaded.org.apache.hc.client5.http.impl.classic.InternalHttpClient - ex-00000096: preparing request execution
03:33:02.639 [main] DEBUG com.github.dockerjava.zerodep.shaded.org.apache.hc.client5.http.protocol.RequestAddCookies - Cookie spec selected: strict
03:33:02.639 [main] DEBUG com.github.dockerjava.zerodep.shaded.org.apache.hc.client5.http.protocol.RequestAuthCache - Auth cache not set in the context
03:33:02.639 [main] DEBUG com.github.dockerjava.zerodep.shaded.org.apache.hc.client5.http.impl.classic.ProtocolExec - ex-00000096: target auth state: UNCHALLENGED
03:33:02.639 [main] DEBUG com.github.dockerjava.zerodep.shaded.org.apache.hc.client5.http.impl.classic.ProtocolExec - ex-00000096: proxy auth state: UNCHALLENGED
03:33:02.639 [main] DEBUG com.github.dockerjava.zerodep.shaded.org.apache.hc.client5.http.impl.classic.ConnectExec - ex-00000096: acquiring connection with route {}->unix://localhost:2375
03:33:02.639 [main] DEBUG com.github.dockerjava.zerodep.shaded.org.apache.hc.client5.http.impl.classic.InternalHttpClient - ex-00000096: acquiring endpoint (3 MINUTES)
03:33:02.639 [main] DEBUG com.github.dockerjava.zerodep.shaded.org.apache.hc.client5.http.impl.io.PoolingHttpClientConnectionManager - ex-00000096: endpoint lease request (3 MINUTES) [route: {}->unix://localhost:2375][total available: 1; route allocated: 1 of 2147483647; total allocated: 1 of 2147483647]
03:33:02.639 [main] DEBUG com.github.dockerjava.zerodep.shaded.org.apache.hc.client5.http.impl.io.PoolingHttpClientConnectionManager - ex-00000096: endpoint leased [route: {}->unix://localhost:2375][total available: 0; route allocated: 1 of 2147483647; total allocated: 1 of 2147483647]
03:33:02.639 [main] DEBUG com.github.dockerjava.zerodep.shaded.org.apache.hc.client5.http.impl.io.PoolingHttpClientConnectionManager - ex-00000096: acquired ep-00000095
03:33:02.639 [main] DEBUG com.github.dockerjava.zerodep.shaded.org.apache.hc.client5.http.impl.classic.InternalHttpClient - ex-00000096: acquired endpoint ep-00000095
03:33:02.639 [main] DEBUG com.github.dockerjava.zerodep.shaded.org.apache.hc.client5.http.impl.classic.MainClientExec - ex-00000096: executing GET /v1.32/containers/9691e31891711283f4d98263d11bc6156717d3e75a0b86a23f3b128a992c1f38/json HTTP/1.1
03:33:02.639 [main] DEBUG com.github.dockerjava.zerodep.shaded.org.apache.hc.client5.http.impl.classic.InternalHttpClient - ep-00000095: start execution ex-00000096
03:33:02.639 [main] DEBUG com.github.dockerjava.zerodep.shaded.org.apache.hc.client5.http.impl.io.PoolingHttpClientConnectionManager - ep-00000095: executing exchange ex-00000096 over http-outgoing-2
03:33:02.639 [main] DEBUG com.github.dockerjava.zerodep.shaded.org.apache.hc.client5.http.headers - http-outgoing-2 >> GET /v1.32/containers/9691e31891711283f4d98263d11bc6156717d3e75a0b86a23f3b128a992c1f38/json HTTP/1.1
03:33:02.639 [main] DEBUG com.github.dockerjava.zerodep.shaded.org.apache.hc.client5.http.headers - http-outgoing-2 >> accept: application/json
03:33:02.639 [main] DEBUG com.github.dockerjava.zerodep.shaded.org.apache.hc.client5.http.headers - http-outgoing-2 >> Accept-Encoding: gzip, x-gzip, deflate
03:33:02.639 [main] DEBUG com.github.dockerjava.zerodep.shaded.org.apache.hc.client5.http.headers - http-outgoing-2 >> Host: localhost:2375
03:33:02.639 [main] DEBUG com.github.dockerjava.zerodep.shaded.org.apache.hc.client5.http.headers - http-outgoing-2 >> Connection: keep-alive
03:33:02.639 [main] DEBUG com.github.dockerjava.zerodep.shaded.org.apache.hc.client5.http.headers - http-outgoing-2 >> User-Agent: Apache-HttpClient/5.0.3 (Java/11.0.15)
03:33:02.639 [main] DEBUG com.github.dockerjava.zerodep.shaded.org.apache.hc.client5.http.wire - http-outgoing-2 >> "GET /v1.32/containers/9691e31891711283f4d98263d11bc6156717d3e75a0b86a23f3b128a992c1f38/json HTTP/1.1[\r][\n]"
03:33:02.639 [main] DEBUG com.github.dockerjava.zerodep.shaded.org.apache.hc.client5.http.wire - http-outgoing-2 >> "accept: application/json[\r][\n]"
03:33:02.639 [main] DEBUG com.github.dockerjava.zerodep.shaded.org.apache.hc.client5.http.wire - http-outgoing-2 >> "Accept-Encoding: gzip, x-gzip, deflate[\r][\n]"
03:33:02.639 [main] DEBUG com.github.dockerjava.zerodep.shaded.org.apache.hc.client5.http.wire - http-outgoing-2 >> "Host: localhost:2375[\r][\n]"
03:33:02.639 [main] DEBUG com.github.dockerjava.zerodep.shaded.org.apache.hc.client5.http.wire - http-outgoing-2 >> "Connection: keep-alive[\r][\n]"
03:33:02.639 [main] DEBUG com.github.dockerjava.zerodep.shaded.org.apache.hc.client5.http.wire - http-outgoing-2 >> "User-Agent: Apache-HttpClient/5.0.3 (Java/11.0.15)[\r][\n]"
03:33:02.639 [main] DEBUG com.github.dockerjava.zerodep.shaded.org.apache.hc.client5.http.wire - http-outgoing-2 >> "[\r][\n]"
03:33:02.640 [main] DEBUG com.github.dockerjava.zerodep.shaded.org.apache.hc.client5.http.wire - http-outgoing-2 << "HTTP/1.1 200 OK[\r][\n]"
03:33:02.640 [main] DEBUG com.github.dockerjava.zerodep.shaded.org.apache.hc.client5.http.wire - http-outgoing-2 << "Api-Version: 1.41[\r][\n]"
03:33:02.640 [main] DEBUG com.github.dockerjava.zerodep.shaded.org.apache.hc.client5.http.wire - http-outgoing-2 << "Content-Type: application/json[\r][\n]"
03:33:02.640 [main] DEBUG com.github.dockerjava.zerodep.shaded.org.apache.hc.client5.http.wire - http-outgoing-2 << "Docker-Experimental: false[\r][\n]"
03:33:02.640 [main] DEBUG com.github.dockerjava.zerodep.shaded.org.apache.hc.client5.http.wire - http-outgoing-2 << "Ostype: linux[\r][\n]"
03:33:02.640 [main] DEBUG com.github.dockerjava.zerodep.shaded.org.apache.hc.client5.http.wire - http-outgoing-2 << "Server: Docker/20.10.12 (linux)[\r][\n]"
03:33:02.640 [main] DEBUG com.github.dockerjava.zerodep.shaded.org.apache.hc.client5.http.wire - http-outgoing-2 << "Date: Thu, 23 Jun 2022 02:33:02 GMT[\r][\n]"
03:33:02.640 [main] DEBUG com.github.dockerjava.zerodep.shaded.org.apache.hc.client5.http.wire - http-outgoing-2 << "Transfer-Encoding: chunked[\r][\n]"
03:33:02.640 [main] DEBUG com.github.dockerjava.zerodep.shaded.org.apache.hc.client5.http.wire - http-outgoing-2 << "[\r][\n]"
03:33:02.640 [main] DEBUG com.github.dockerjava.zerodep.shaded.org.apache.hc.client5.http.wire - http-outgoing-2 << "18ed[\r][\n]"
03:33:02.640 [main] DEBUG com.github.dockerjava.zerodep.shaded.org.apache.hc.client5.http.wire - http-outgoing-2 << "{"Id":"9691e31891711283f4d98263d11bc6156717d3e75a0b86a23f3b128a992c1f38","Created":"2022-06-23T02:32:47.03956921Z","Path":"docker-entrypoint.sh","Args":["mysqld"],"State":{"Status":"running","Running":true,"Paused":false,"Restarting":false,"OOMKilled":false,"Dead":false,"Pid":66188,"ExitCode":0,"Error":"","StartedAt":"2022-06-23T02:32:47.703880551Z","FinishedAt":"0001-01-01T00:00:00Z"},"Image":"sha256:65b636d5542b73254ce90cc4b895597dc1adc2c661ca553c38eda159979dded1","ResolvConfPath":"/var/lib/docker/containers/9691e31891711283f4d98263d11bc6156717d3e75a0b86a23f3b128a992c1f38/resolv.conf","HostnamePath":"/var/lib/docker/containers/9691e31891711283f4d98263d11bc6156717d3e75a0b86a23f3b128a992c1f38/hostname","HostsPath":"/var/lib/docker/containers/9691e31891711283f4d98263d11bc6156717d3e75a0b86a23f3b128a992c1f38/hosts","LogPath":"/var/lib/docker/containers/9691e31891711283f4d98263d11bc6156717d3e75a0b86a23f3b128a992c1f38/9691e31891711283f4d98263d11bc6156717d3e75a0b86a23f3b128a992c1f38-json.log","Name":"/xenodochial_satoshi","RestartCount":0,"Driver":"overlay2","Platform":"linux","MountLabel":"","ProcessLabel":"","AppArmorProfile":"docker-default","ExecIDs":null,"HostConfig":{"Binds":[],"ContainerIDFile":"","LogConfig":{"Type":"json-file","Config":{}},"NetworkMode":"default","PortBindings":{"3306/tcp":[{"HostIp":"","HostPort":""}]},"RestartPolicy":{"Name":"","MaximumRetryCount":0},"AutoRemove":false,"VolumeDriver":"","VolumesFrom":[],"CapAdd":null,"CapDrop":null,"CgroupnsMode":"host","Dns":null,"DnsOptions":null,"DnsSearch":null,"ExtraHosts":[],"GroupAdd":null,"IpcMode":"shareable","Cgroup":"","Links":null,"OomScoreAdj":0,"PidMode":"","Privileged":false,"PublishAllPorts":false,"ReadonlyRootfs":false,"SecurityOpt":null,"UTSMode":"","UsernsMode":"","ShmSize":67108864,"Runtime":"runc","ConsoleSize":[0,0],"Isolation":"","CpuShares":0,"Memory":0,"NanoCpus":0,"CgroupParent":"","BlkioWeight":0,"BlkioWeightDevice":null,"BlkioDeviceReadBps":null,"BlkioDeviceWriteBps":null,"BlkioDeviceReadIOps":null,"BlkioDeviceWriteIOps":null,"CpuPeriod":0,"CpuQuota":0,"CpuRealtimePeriod":0,"CpuRealtimeRuntime":0,"CpusetCpus":"","CpusetMems":"","Devices":null,"DeviceCgroupRules":null,"DeviceRequests":null,"KernelMemory":0,"KernelMemoryTCP":0,"MemoryReservation":0,"MemorySwap":0,"MemorySwappiness":null,"OomKillDisable":false,"PidsLimit":null,"Ulimits":null,"CpuCount":0,"CpuPercent":0,"IOMaximumIOps":0,"IOMaximumBandwidth":0,"MaskedPaths":["/proc/asound","/proc/acpi","/proc/kcore","/proc/keys","/proc/latency_stats","/proc/timer_list","/proc/timer_stats","/proc/sched_debug","/proc/scsi","/sys/firmware"],"ReadonlyPaths":["/proc/bus","/proc/fs","/proc/irq","/proc/sys","/proc/sysrq-trigger"]},"GraphDriver":{"Data":{"LowerDir":"/var/lib/docker/overlay2/5529564f52cf969e31e7a1482c27be7ffed19639b506ae2e15b7e7115f699a73-init/diff:/var/lib/docker/overlay2/833a665819b5d9728d3efa7c33135034345a24f83af53b1a1af33d9b64f5492a/diff:/var/lib/docker/overlay2/bd4a2a46c227c2f15475b08c398f37acaab93f4fdba31de015d730efae0a0cfc/diff:/var/lib/docker/overlay2/31ad437d7cba8e64428a2b62db1bbb2a2ec19ca4e439ec493ef4deb50dce2783/diff:/var/lib/docker/overlay2/35173cbd8ec5b88a8888e9abbe75f8694f5d3f96a9b781bb70dc1f0889685741/diff:/var/lib/docker/overlay2/24bf69ac4e8c81062fee44e7c9f746fffbb139c3f7f4b55b4fd1b23bb101b529/diff:/var/lib/docker/overlay2/2f27c96a7775dad186b6f0da325d5a251c80aa1b7f80cf8520f493c5154aee70/diff:/var/lib/docker/overlay2/463a60088c72ddbea82639ded15801e35a79c443f6a26bf1baf320c683cb06af/diff:/var/lib/docker/overlay2/80b8224b23a2ee4b5be635c58ae579fd1913aa95558cd66ab2f5e8430f00a5b8/diff:/var/lib/docker/overlay2/20451fa0b1a07b85d665bc3a0359d721ce4e4c28fa3bce7456ab25e0babae708/diff:/var/lib/docker/overlay2/f80d865cbc6c1c6f57d0963fa6234e7a6409e079eb17f4f13ca41d02731701ad/diff:/var/lib/docker/overlay2/5a3029e0b57c6ec9b985871ff6adf08356aaa0f2a15f1e34c1a7f116ecc4a61d/diff:/var/lib/docker/overlay2/4f3423103248d0b381a1bc6a7287e2b42313ff458cea602a02b7379014b03e0e/diff","MergedDir":"/var/lib/docker/overlay2/5529564f52cf969e31e7a1482c27be7ffed19639b506ae2e15b7e7115f699a73/merged","UpperDir":"/var/lib/docker/overlay2/5529564f52cf969e31e7a1482c27be7ffed19639b506ae2e15b7e7115f699a73/diff","WorkDir":"/var/lib/docker/overlay2/5529564f52cf969e31e7a1482c27be7ffed19639b506ae2e15b7e7115f699a73/work"},"Name":"overlay2"},"Mounts":[{"Type":"volume","Name":"fd1f613c7fe3ca3ae799982507ac3f565cc9f6a2dc99ceaed92389e2c43f47d1","Source":"/var/lib/docker/volumes/fd1f613c7fe3ca3ae799982507ac3f565cc9f6a2dc99ceaed92389e2c43f47d1/_data","Destination":"/var/lib/mysql","Driver":"local","Mode":"","RW":true,"Propagation":""}],"Config":{"Hostname":"9691e3189171","Domainname":"","User":"","AttachStdin":false,"AttachStdout":false,"AttachStderr":false,"ExposedPorts":{"3306/tcp":{},"33060/tcp":{}},"Tty":false,"OpenStdin":false,"StdinOnce":false,"Env":["MYSQL_DATABASE=test","MYSQL_PASSWORD=admin","MYSQL_USER=admin","MYSQL_ROOT_PASSWORD=admin","PATH=/usr/local/sbin:/usr/local/bin:/usr/sbin:/usr/bin:/sbin:/bin","GOSU_VERSION=1.14","MYSQL_MAJOR=8.0","MYSQL_VERSION=8.0.29-1debian10"],"Cmd":["mysqld"],"Image":"mysql:8.0","Volumes":{"/var/lib/mysql":{}},"WorkingDir":"","Entrypoint":["docker-entrypoint.sh"],"OnBuild":null,"Labels":{"org.testcontainers":"true","org.testcontainers.sessionId":"d48265e4-2b28-4f8c-aa67-76dd8289af84"}},"NetworkSettings":{"Bridge":"","SandboxID":"d9de8570fe3f0a4e9f3a1ff7101c963bbd2c6a0a9d8a867b96f17f4d5edca537","HairpinMode":false,"LinkLocalIPv6Address":"","LinkLocalIPv6PrefixLen":0,"Ports":{"3306/tcp":[{"HostIp":"0.0.0.0","HostPort":"49160"},{"HostIp":"::","HostPort":"49160"}],"33060/tcp":null},"SandboxKey":"/var/run/docker/netns/d9de8570fe3f","SecondaryIPAddresses":null,"SecondaryIPv6Addresses":null,"EndpointID":"93e8fe159f683a98670e8995677c2b130dbce857fc116679206e206bda319cbf","Gateway":"172.17.0.1","GlobalIPv6Address":"","GlobalIPv6PrefixLen":0,"IPAddress":"172.17.0.3","IPPrefixLen":16,"IPv6Gateway":"","MacAddress":"02:42:ac:11:00:03","Networks":{"bridge":{"IPAMConfig":null,"Links":null,"Aliases":null,"NetworkID":"1853cd2b9856825cc97ed9ef2b12efa82d95bf9cf60ad666c276eb35cc53539e","EndpointID":"93e8fe159f683a98670e8995677c2b130dbce857fc116679206e206bda319cbf","Gateway":"172.17.0.1","IPAddress":"172.17.0.3","IPPrefixLen":16,"IPv6Gateway":"","GlobalIPv6Address":"","GlobalIPv6PrefixLen":0,"MacAddress":"02:42:ac:11:00:03","DriverOpts":null}}}}[\n]"
03:33:02.640 [main] DEBUG com.github.dockerjava.zerodep.shaded.org.apache.hc.client5.http.wire - http-outgoing-2 << "[\r][\n]"
03:33:02.640 [main] DEBUG com.github.dockerjava.zerodep.shaded.org.apache.hc.client5.http.wire - http-outgoing-2 << "0[\r][\n]"
03:33:02.640 [main] DEBUG com.github.dockerjava.zerodep.shaded.org.apache.hc.client5.http.wire - http-outgoing-2 << "[\r][\n]"
03:33:02.640 [main] DEBUG com.github.dockerjava.zerodep.shaded.org.apache.hc.client5.http.headers - http-outgoing-2 << HTTP/1.1 200 OK
03:33:02.640 [main] DEBUG com.github.dockerjava.zerodep.shaded.org.apache.hc.client5.http.headers - http-outgoing-2 << Api-Version: 1.41
03:33:02.640 [main] DEBUG com.github.dockerjava.zerodep.shaded.org.apache.hc.client5.http.headers - http-outgoing-2 << Content-Type: application/json
03:33:02.640 [main] DEBUG com.github.dockerjava.zerodep.shaded.org.apache.hc.client5.http.headers - http-outgoing-2 << Docker-Experimental: false
03:33:02.640 [main] DEBUG com.github.dockerjava.zerodep.shaded.org.apache.hc.client5.http.headers - http-outgoing-2 << Ostype: linux
03:33:02.640 [main] DEBUG com.github.dockerjava.zerodep.shaded.org.apache.hc.client5.http.headers - http-outgoing-2 << Server: Docker/20.10.12 (linux)
03:33:02.640 [main] DEBUG com.github.dockerjava.zerodep.shaded.org.apache.hc.client5.http.headers - http-outgoing-2 << Date: Thu, 23 Jun 2022 02:33:02 GMT
03:33:02.640 [main] DEBUG com.github.dockerjava.zerodep.shaded.org.apache.hc.client5.http.headers - http-outgoing-2 << Transfer-Encoding: chunked
03:33:02.640 [main] DEBUG com.github.dockerjava.zerodep.shaded.org.apache.hc.client5.http.impl.classic.MainClientExec - ex-00000096: connection can be kept alive for 3 MINUTES
03:33:02.641 [main] DEBUG com.github.dockerjava.zerodep.shaded.org.apache.hc.client5.http.impl.classic.InternalHttpClient - ep-00000095: releasing valid endpoint
03:33:02.641 [main] DEBUG com.github.dockerjava.zerodep.shaded.org.apache.hc.client5.http.impl.io.PoolingHttpClientConnectionManager - ep-00000095: releasing endpoint
03:33:02.641 [main] DEBUG com.github.dockerjava.zerodep.shaded.org.apache.hc.client5.http.impl.io.PoolingHttpClientConnectionManager - ep-00000095: connection http-outgoing-2 can be kept alive for 3 MINUTES
03:33:02.641 [main] DEBUG com.github.dockerjava.zerodep.shaded.org.apache.hc.client5.http.impl.io.PoolingHttpClientConnectionManager - ep-00000095: connection released [route: {}->unix://localhost:2375][total available: 1; route allocated: 1 of 2147483647; total allocated: 1 of 2147483647]
03:33:02.641 [main] DEBUG 🐳 [mysql:8.0] - Trying to create JDBC connection using com.mysql.cj.jdbc.Driver to jdbc:mysql://localhost:49160/test?useSSL=false&allowPublicKeyRetrieval=true with properties: {password=admin, user=admin}
03:33:02.743 [main] DEBUG org.testcontainers.shaded.com.github.dockerjava.core.command.AbstrDockerCmd - Cmd: 9691e31891711283f4d98263d11bc6156717d3e75a0b86a23f3b128a992c1f38,false
03:33:02.743 [main] DEBUG org.testcontainers.shaded.com.github.dockerjava.core.exec.InspectContainerCmdExec - GET: DefaultWebTarget{path=[/containers/9691e31891711283f4d98263d11bc6156717d3e75a0b86a23f3b128a992c1f38/json], queryParams={}}
03:33:02.743 [main] DEBUG com.github.dockerjava.zerodep.shaded.org.apache.hc.client5.http.impl.classic.InternalHttpClient - ex-00000097: preparing request execution
03:33:02.743 [main] DEBUG com.github.dockerjava.zerodep.shaded.org.apache.hc.client5.http.protocol.RequestAddCookies - Cookie spec selected: strict
03:33:02.743 [main] DEBUG com.github.dockerjava.zerodep.shaded.org.apache.hc.client5.http.protocol.RequestAuthCache - Auth cache not set in the context
03:33:02.743 [main] DEBUG com.github.dockerjava.zerodep.shaded.org.apache.hc.client5.http.impl.classic.ProtocolExec - ex-00000097: target auth state: UNCHALLENGED
03:33:02.743 [main] DEBUG com.github.dockerjava.zerodep.shaded.org.apache.hc.client5.http.impl.classic.ProtocolExec - ex-00000097: proxy auth state: UNCHALLENGED
03:33:02.743 [main] DEBUG com.github.dockerjava.zerodep.shaded.org.apache.hc.client5.http.impl.classic.ConnectExec - ex-00000097: acquiring connection with route {}->unix://localhost:2375
03:33:02.743 [main] DEBUG com.github.dockerjava.zerodep.shaded.org.apache.hc.client5.http.impl.classic.InternalHttpClient - ex-00000097: acquiring endpoint (3 MINUTES)
03:33:02.743 [main] DEBUG com.github.dockerjava.zerodep.shaded.org.apache.hc.client5.http.impl.io.PoolingHttpClientConnectionManager - ex-00000097: endpoint lease request (3 MINUTES) [route: {}->unix://localhost:2375][total available: 1; route allocated: 1 of 2147483647; total allocated: 1 of 2147483647]
03:33:02.743 [main] DEBUG com.github.dockerjava.zerodep.shaded.org.apache.hc.client5.http.impl.io.PoolingHttpClientConnectionManager - ex-00000097: endpoint leased [route: {}->unix://localhost:2375][total available: 0; route allocated: 1 of 2147483647; total allocated: 1 of 2147483647]
03:33:02.743 [main] DEBUG com.github.dockerjava.zerodep.shaded.org.apache.hc.client5.http.impl.io.PoolingHttpClientConnectionManager - ex-00000097: acquired ep-00000096
03:33:02.743 [main] DEBUG com.github.dockerjava.zerodep.shaded.org.apache.hc.client5.http.impl.classic.InternalHttpClient - ex-00000097: acquired endpoint ep-00000096
03:33:02.743 [main] DEBUG com.github.dockerjava.zerodep.shaded.org.apache.hc.client5.http.impl.classic.MainClientExec - ex-00000097: executing GET /v1.32/containers/9691e31891711283f4d98263d11bc6156717d3e75a0b86a23f3b128a992c1f38/json HTTP/1.1
03:33:02.743 [main] DEBUG com.github.dockerjava.zerodep.shaded.org.apache.hc.client5.http.impl.classic.InternalHttpClient - ep-00000096: start execution ex-00000097
03:33:02.743 [main] DEBUG com.github.dockerjava.zerodep.shaded.org.apache.hc.client5.http.impl.io.PoolingHttpClientConnectionManager - ep-00000096: executing exchange ex-00000097 over http-outgoing-2
03:33:02.743 [main] DEBUG com.github.dockerjava.zerodep.shaded.org.apache.hc.client5.http.headers - http-outgoing-2 >> GET /v1.32/containers/9691e31891711283f4d98263d11bc6156717d3e75a0b86a23f3b128a992c1f38/json HTTP/1.1
03:33:02.743 [main] DEBUG com.github.dockerjava.zerodep.shaded.org.apache.hc.client5.http.headers - http-outgoing-2 >> accept: application/json
03:33:02.744 [main] DEBUG com.github.dockerjava.zerodep.shaded.org.apache.hc.client5.http.headers - http-outgoing-2 >> Accept-Encoding: gzip, x-gzip, deflate
03:33:02.744 [main] DEBUG com.github.dockerjava.zerodep.shaded.org.apache.hc.client5.http.headers - http-outgoing-2 >> Host: localhost:2375
03:33:02.744 [main] DEBUG com.github.dockerjava.zerodep.shaded.org.apache.hc.client5.http.headers - http-outgoing-2 >> Connection: keep-alive
03:33:02.744 [main] DEBUG com.github.dockerjava.zerodep.shaded.org.apache.hc.client5.http.headers - http-outgoing-2 >> User-Agent: Apache-HttpClient/5.0.3 (Java/11.0.15)
03:33:02.744 [main] DEBUG com.github.dockerjava.zerodep.shaded.org.apache.hc.client5.http.wire - http-outgoing-2 >> "GET /v1.32/containers/9691e31891711283f4d98263d11bc6156717d3e75a0b86a23f3b128a992c1f38/json HTTP/1.1[\r][\n]"
03:33:02.744 [main] DEBUG com.github.dockerjava.zerodep.shaded.org.apache.hc.client5.http.wire - http-outgoing-2 >> "accept: application/json[\r][\n]"
03:33:02.744 [main] DEBUG com.github.dockerjava.zerodep.shaded.org.apache.hc.client5.http.wire - http-outgoing-2 >> "Accept-Encoding: gzip, x-gzip, deflate[\r][\n]"
03:33:02.744 [main] DEBUG com.github.dockerjava.zerodep.shaded.org.apache.hc.client5.http.wire - http-outgoing-2 >> "Host: localhost:2375[\r][\n]"
03:33:02.744 [main] DEBUG com.github.dockerjava.zerodep.shaded.org.apache.hc.client5.http.wire - http-outgoing-2 >> "Connection: keep-alive[\r][\n]"
03:33:02.744 [main] DEBUG com.github.dockerjava.zerodep.shaded.org.apache.hc.client5.http.wire - http-outgoing-2 >> "User-Agent: Apache-HttpClient/5.0.3 (Java/11.0.15)[\r][\n]"
03:33:02.744 [main] DEBUG com.github.dockerjava.zerodep.shaded.org.apache.hc.client5.http.wire - http-outgoing-2 >> "[\r][\n]"
03:33:02.744 [main] DEBUG com.github.dockerjava.zerodep.shaded.org.apache.hc.client5.http.wire - http-outgoing-2 << "HTTP/1.1 200 OK[\r][\n]"
03:33:02.744 [main] DEBUG com.github.dockerjava.zerodep.shaded.org.apache.hc.client5.http.wire - http-outgoing-2 << "Api-Version: 1.41[\r][\n]"
03:33:02.744 [main] DEBUG com.github.dockerjava.zerodep.shaded.org.apache.hc.client5.http.wire - http-outgoing-2 << "Content-Type: application/json[\r][\n]"
03:33:02.744 [main] DEBUG com.github.dockerjava.zerodep.shaded.org.apache.hc.client5.http.wire - http-outgoing-2 << "Docker-Experimental: false[\r][\n]"
03:33:02.744 [main] DEBUG com.github.dockerjava.zerodep.shaded.org.apache.hc.client5.http.wire - http-outgoing-2 << "Ostype: linux[\r][\n]"
03:33:02.744 [main] DEBUG com.github.dockerjava.zerodep.shaded.org.apache.hc.client5.http.wire - http-outgoing-2 << "Server: Docker/20.10.12 (linux)[\r][\n]"
03:33:02.744 [main] DEBUG com.github.dockerjava.zerodep.shaded.org.apache.hc.client5.http.wire - http-outgoing-2 << "Date: Thu, 23 Jun 2022 02:33:02 GMT[\r][\n]"
03:33:02.744 [main] DEBUG com.github.dockerjava.zerodep.shaded.org.apache.hc.client5.http.wire - http-outgoing-2 << "Transfer-Encoding: chunked[\r][\n]"
03:33:02.744 [main] DEBUG com.github.dockerjava.zerodep.shaded.org.apache.hc.client5.http.wire - http-outgoing-2 << "[\r][\n]"
03:33:02.744 [main] DEBUG com.github.dockerjava.zerodep.shaded.org.apache.hc.client5.http.wire - http-outgoing-2 << "18ed[\r][\n]"
03:33:02.744 [main] DEBUG com.github.dockerjava.zerodep.shaded.org.apache.hc.client5.http.wire - http-outgoing-2 << "{"Id":"9691e31891711283f4d98263d11bc6156717d3e75a0b86a23f3b128a992c1f38","Created":"2022-06-23T02:32:47.03956921Z","Path":"docker-entrypoint.sh","Args":["mysqld"],"State":{"Status":"running","Running":true,"Paused":false,"Restarting":false,"OOMKilled":false,"Dead":false,"Pid":66188,"ExitCode":0,"Error":"","StartedAt":"2022-06-23T02:32:47.703880551Z","FinishedAt":"0001-01-01T00:00:00Z"},"Image":"sha256:65b636d5542b73254ce90cc4b895597dc1adc2c661ca553c38eda159979dded1","ResolvConfPath":"/var/lib/docker/containers/9691e31891711283f4d98263d11bc6156717d3e75a0b86a23f3b128a992c1f38/resolv.conf","HostnamePath":"/var/lib/docker/containers/9691e31891711283f4d98263d11bc6156717d3e75a0b86a23f3b128a992c1f38/hostname","HostsPath":"/var/lib/docker/containers/9691e31891711283f4d98263d11bc6156717d3e75a0b86a23f3b128a992c1f38/hosts","LogPath":"/var/lib/docker/containers/9691e31891711283f4d98263d11bc6156717d3e75a0b86a23f3b128a992c1f38/9691e31891711283f4d98263d11bc6156717d3e75a0b86a23f3b128a992c1f38-json.log","Name":"/xenodochial_satoshi","RestartCount":0,"Driver":"overlay2","Platform":"linux","MountLabel":"","ProcessLabel":"","AppArmorProfile":"docker-default","ExecIDs":null,"HostConfig":{"Binds":[],"ContainerIDFile":"","LogConfig":{"Type":"json-file","Config":{}},"NetworkMode":"default","PortBindings":{"3306/tcp":[{"HostIp":"","HostPort":""}]},"RestartPolicy":{"Name":"","MaximumRetryCount":0},"AutoRemove":false,"VolumeDriver":"","VolumesFrom":[],"CapAdd":null,"CapDrop":null,"CgroupnsMode":"host","Dns":null,"DnsOptions":null,"DnsSearch":null,"ExtraHosts":[],"GroupAdd":null,"IpcMode":"shareable","Cgroup":"","Links":null,"OomScoreAdj":0,"PidMode":"","Privileged":false,"PublishAllPorts":false,"ReadonlyRootfs":false,"SecurityOpt":null,"UTSMode":"","UsernsMode":"","ShmSize":67108864,"Runtime":"runc","ConsoleSize":[0,0],"Isolation":"","CpuShares":0,"Memory":0,"NanoCpus":0,"CgroupParent":"","BlkioWeight":0,"BlkioWeightDevice":null,"BlkioDeviceReadBps":null,"BlkioDeviceWriteBps":null,"BlkioDeviceReadIOps":null,"BlkioDeviceWriteIOps":null,"CpuPeriod":0,"CpuQuota":0,"CpuRealtimePeriod":0,"CpuRealtimeRuntime":0,"CpusetCpus":"","CpusetMems":"","Devices":null,"DeviceCgroupRules":null,"DeviceRequests":null,"KernelMemory":0,"KernelMemoryTCP":0,"MemoryReservation":0,"MemorySwap":0,"MemorySwappiness":null,"OomKillDisable":false,"PidsLimit":null,"Ulimits":null,"CpuCount":0,"CpuPercent":0,"IOMaximumIOps":0,"IOMaximumBandwidth":0,"MaskedPaths":["/proc/asound","/proc/acpi","/proc/kcore","/proc/keys","/proc/latency_stats","/proc/timer_list","/proc/timer_stats","/proc/sched_debug","/proc/scsi","/sys/firmware"],"ReadonlyPaths":["/proc/bus","/proc/fs","/proc/irq","/proc/sys","/proc/sysrq-trigger"]},"GraphDriver":{"Data":{"LowerDir":"/var/lib/docker/overlay2/5529564f52cf969e31e7a1482c27be7ffed19639b506ae2e15b7e7115f699a73-init/diff:/var/lib/docker/overlay2/833a665819b5d9728d3efa7c33135034345a24f83af53b1a1af33d9b64f5492a/diff:/var/lib/docker/overlay2/bd4a2a46c227c2f15475b08c398f37acaab93f4fdba31de015d730efae0a0cfc/diff:/var/lib/docker/overlay2/31ad437d7cba8e64428a2b62db1bbb2a2ec19ca4e439ec493ef4deb50dce2783/diff:/var/lib/docker/overlay2/35173cbd8ec5b88a8888e9abbe75f8694f5d3f96a9b781bb70dc1f0889685741/diff:/var/lib/docker/overlay2/24bf69ac4e8c81062fee44e7c9f746fffbb139c3f7f4b55b4fd1b23bb101b529/diff:/var/lib/docker/overlay2/2f27c96a7775dad186b6f0da325d5a251c80aa1b7f80cf8520f493c5154aee70/diff:/var/lib/docker/overlay2/463a60088c72ddbea82639ded15801e35a79c443f6a26bf1baf320c683cb06af/diff:/var/lib/docker/overlay2/80b8224b23a2ee4b5be635c58ae579fd1913aa95558cd66ab2f5e8430f00a5b8/diff:/var/lib/docker/overlay2/20451fa0b1a07b85d665bc3a0359d721ce4e4c28fa3bce7456ab25e0babae708/diff:/var/lib/docker/overlay2/f80d865cbc6c1c6f57d0963fa6234e7a6409e079eb17f4f13ca41d02731701ad/diff:/var/lib/docker/overlay2/5a3029e0b57c6ec9b985871ff6adf08356aaa0f2a15f1e34c1a7f116ecc4a61d/diff:/var/lib/docker/overlay2/4f3423103248d0b381a1bc6a7287e2b42313ff458cea602a02b7379014b03e0e/diff","MergedDir":"/var/lib/docker/overlay2/5529564f52cf969e31e7a1482c27be7ffed19639b506ae2e15b7e7115f699a73/merged","UpperDir":"/var/lib/docker/overlay2/5529564f52cf969e31e7a1482c27be7ffed19639b506ae2e15b7e7115f699a73/diff","WorkDir":"/var/lib/docker/overlay2/5529564f52cf969e31e7a1482c27be7ffed19639b506ae2e15b7e7115f699a73/work"},"Name":"overlay2"},"Mounts":[{"Type":"volume","Name":"fd1f613c7fe3ca3ae799982507ac3f565cc9f6a2dc99ceaed92389e2c43f47d1","Source":"/var/lib/docker/volumes/fd1f613c7fe3ca3ae799982507ac3f565cc9f6a2dc99ceaed92389e2c43f47d1/_data","Destination":"/var/lib/mysql","Driver":"local","Mode":"","RW":true,"Propagation":""}],"Config":{"Hostname":"9691e3189171","Domainname":"","User":"","AttachStdin":false,"AttachStdout":false,"AttachStderr":false,"ExposedPorts":{"3306/tcp":{},"33060/tcp":{}},"Tty":false,"OpenStdin":false,"StdinOnce":false,"Env":["MYSQL_DATABASE=test","MYSQL_PASSWORD=admin","MYSQL_USER=admin","MYSQL_ROOT_PASSWORD=admin","PATH=/usr/local/sbin:/usr/local/bin:/usr/sbin:/usr/bin:/sbin:/bin","GOSU_VERSION=1.14","MYSQL_MAJOR=8.0","MYSQL_VERSION=8.0.29-1debian10"],"Cmd":["mysqld"],"Image":"mysql:8.0","Volumes":{"/var/lib/mysql":{}},"WorkingDir":"","Entrypoint":["docker-entrypoint.sh"],"OnBuild":null,"Labels":{"org.testcontainers":"true","org.testcontainers.sessionId":"d48265e4-2b28-4f8c-aa67-76dd8289af84"}},"NetworkSettings":{"Bridge":"","SandboxID":"d9de8570fe3f0a4e9f3a1ff7101c963bbd2c6a0a9d8a867b96f17f4d5edca537","HairpinMode":false,"LinkLocalIPv6Address":"","LinkLocalIPv6PrefixLen":0,"Ports":{"3306/tcp":[{"HostIp":"0.0.0.0","HostPort":"49160"},{"HostIp":"::","HostPort":"49160"}],"33060/tcp":null},"SandboxKey":"/var/run/docker/netns/d9de8570fe3f","SecondaryIPAddresses":null,"SecondaryIPv6Addresses":null,"EndpointID":"93e8fe159f683a98670e8995677c2b130dbce857fc116679206e206bda319cbf","Gateway":"172.17.0.1","GlobalIPv6Address":"","GlobalIPv6PrefixLen":0,"IPAddress":"172.17.0.3","IPPrefixLen":16,"IPv6Gateway":"","MacAddress":"02:42:ac:11:00:03","Networks":{"bridge":{"IPAMConfig":null,"Links":null,"Aliases":null,"NetworkID":"1853cd2b9856825cc97ed9ef2b12efa82d95bf9cf60ad666c276eb35cc53539e","EndpointID":"93e8fe159f683a98670e8995677c2b130dbce857fc116679206e206bda319cbf","Gateway":"172.17.0.1","IPAddress":"172.17.0.3","IPPrefixLen":16,"IPv6Gateway":"","GlobalIPv6Address":"","GlobalIPv6PrefixLen":0,"MacAddress":"02:42:ac:11:00:03","DriverOpts":null}}}}[\n]"
03:33:02.744 [main] DEBUG com.github.dockerjava.zerodep.shaded.org.apache.hc.client5.http.wire - http-outgoing-2 << "[\r][\n]"
03:33:02.744 [main] DEBUG com.github.dockerjava.zerodep.shaded.org.apache.hc.client5.http.wire - http-outgoing-2 << "0[\r][\n]"
03:33:02.744 [main] DEBUG com.github.dockerjava.zerodep.shaded.org.apache.hc.client5.http.wire - http-outgoing-2 << "[\r][\n]"
03:33:02.744 [main] DEBUG com.github.dockerjava.zerodep.shaded.org.apache.hc.client5.http.headers - http-outgoing-2 << HTTP/1.1 200 OK
03:33:02.744 [main] DEBUG com.github.dockerjava.zerodep.shaded.org.apache.hc.client5.http.headers - http-outgoing-2 << Api-Version: 1.41
03:33:02.744 [main] DEBUG com.github.dockerjava.zerodep.shaded.org.apache.hc.client5.http.headers - http-outgoing-2 << Content-Type: application/json
03:33:02.744 [main] DEBUG com.github.dockerjava.zerodep.shaded.org.apache.hc.client5.http.headers - http-outgoing-2 << Docker-Experimental: false
03:33:02.744 [main] DEBUG com.github.dockerjava.zerodep.shaded.org.apache.hc.client5.http.headers - http-outgoing-2 << Ostype: linux
03:33:02.745 [main] DEBUG com.github.dockerjava.zerodep.shaded.org.apache.hc.client5.http.headers - http-outgoing-2 << Server: Docker/20.10.12 (linux)
03:33:02.745 [main] DEBUG com.github.dockerjava.zerodep.shaded.org.apache.hc.client5.http.headers - http-outgoing-2 << Date: Thu, 23 Jun 2022 02:33:02 GMT
03:33:02.745 [main] DEBUG com.github.dockerjava.zerodep.shaded.org.apache.hc.client5.http.headers - http-outgoing-2 << Transfer-Encoding: chunked
03:33:02.745 [main] DEBUG com.github.dockerjava.zerodep.shaded.org.apache.hc.client5.http.impl.classic.MainClientExec - ex-00000097: connection can be kept alive for 3 MINUTES
03:33:02.746 [main] DEBUG com.github.dockerjava.zerodep.shaded.org.apache.hc.client5.http.impl.classic.InternalHttpClient - ep-00000096: releasing valid endpoint
03:33:02.746 [main] DEBUG com.github.dockerjava.zerodep.shaded.org.apache.hc.client5.http.impl.io.PoolingHttpClientConnectionManager - ep-00000096: releasing endpoint
03:33:02.746 [main] DEBUG com.github.dockerjava.zerodep.shaded.org.apache.hc.client5.http.impl.io.PoolingHttpClientConnectionManager - ep-00000096: connection http-outgoing-2 can be kept alive for 3 MINUTES
03:33:02.746 [main] DEBUG com.github.dockerjava.zerodep.shaded.org.apache.hc.client5.http.impl.io.PoolingHttpClientConnectionManager - ep-00000096: connection released [route: {}->unix://localhost:2375][total available: 1; route allocated: 1 of 2147483647; total allocated: 1 of 2147483647]
03:33:02.746 [main] DEBUG 🐳 [mysql:8.0] - Trying to create JDBC connection using com.mysql.cj.jdbc.Driver to jdbc:mysql://localhost:49160/test?useSSL=false&allowPublicKeyRetrieval=true with properties: {password=admin, user=admin}
03:33:02.848 [main] DEBUG org.testcontainers.shaded.com.github.dockerjava.core.command.AbstrDockerCmd - Cmd: 9691e31891711283f4d98263d11bc6156717d3e75a0b86a23f3b128a992c1f38,false
03:33:02.848 [main] DEBUG org.testcontainers.shaded.com.github.dockerjava.core.exec.InspectContainerCmdExec - GET: DefaultWebTarget{path=[/containers/9691e31891711283f4d98263d11bc6156717d3e75a0b86a23f3b128a992c1f38/json], queryParams={}}
03:33:02.848 [main] DEBUG com.github.dockerjava.zerodep.shaded.org.apache.hc.client5.http.impl.classic.InternalHttpClient - ex-00000098: preparing request execution
03:33:02.848 [main] DEBUG com.github.dockerjava.zerodep.shaded.org.apache.hc.client5.http.protocol.RequestAddCookies - Cookie spec selected: strict
03:33:02.848 [main] DEBUG com.github.dockerjava.zerodep.shaded.org.apache.hc.client5.http.protocol.RequestAuthCache - Auth cache not set in the context
03:33:02.848 [main] DEBUG com.github.dockerjava.zerodep.shaded.org.apache.hc.client5.http.impl.classic.ProtocolExec - ex-00000098: target auth state: UNCHALLENGED
03:33:02.848 [main] DEBUG com.github.dockerjava.zerodep.shaded.org.apache.hc.client5.http.impl.classic.ProtocolExec - ex-00000098: proxy auth state: UNCHALLENGED
03:33:02.848 [main] DEBUG com.github.dockerjava.zerodep.shaded.org.apache.hc.client5.http.impl.classic.ConnectExec - ex-00000098: acquiring connection with route {}->unix://localhost:2375
03:33:02.848 [main] DEBUG com.github.dockerjava.zerodep.shaded.org.apache.hc.client5.http.impl.classic.InternalHttpClient - ex-00000098: acquiring endpoint (3 MINUTES)
03:33:02.848 [main] DEBUG com.github.dockerjava.zerodep.shaded.org.apache.hc.client5.http.impl.io.PoolingHttpClientConnectionManager - ex-00000098: endpoint lease request (3 MINUTES) [route: {}->unix://localhost:2375][total available: 1; route allocated: 1 of 2147483647; total allocated: 1 of 2147483647]
03:33:02.848 [main] DEBUG com.github.dockerjava.zerodep.shaded.org.apache.hc.client5.http.impl.io.PoolingHttpClientConnectionManager - ex-00000098: endpoint leased [route: {}->unix://localhost:2375][total available: 0; route allocated: 1 of 2147483647; total allocated: 1 of 2147483647]
03:33:02.848 [main] DEBUG com.github.dockerjava.zerodep.shaded.org.apache.hc.client5.http.impl.io.PoolingHttpClientConnectionManager - ex-00000098: acquired ep-00000097
03:33:02.848 [main] DEBUG com.github.dockerjava.zerodep.shaded.org.apache.hc.client5.http.impl.classic.InternalHttpClient - ex-00000098: acquired endpoint ep-00000097
03:33:02.848 [main] DEBUG com.github.dockerjava.zerodep.shaded.org.apache.hc.client5.http.impl.classic.MainClientExec - ex-00000098: executing GET /v1.32/containers/9691e31891711283f4d98263d11bc6156717d3e75a0b86a23f3b128a992c1f38/json HTTP/1.1
03:33:02.848 [main] DEBUG com.github.dockerjava.zerodep.shaded.org.apache.hc.client5.http.impl.classic.InternalHttpClient - ep-00000097: start execution ex-00000098
03:33:02.848 [main] DEBUG com.github.dockerjava.zerodep.shaded.org.apache.hc.client5.http.impl.io.PoolingHttpClientConnectionManager - ep-00000097: executing exchange ex-00000098 over http-outgoing-2
03:33:02.848 [main] DEBUG com.github.dockerjava.zerodep.shaded.org.apache.hc.client5.http.headers - http-outgoing-2 >> GET /v1.32/containers/9691e31891711283f4d98263d11bc6156717d3e75a0b86a23f3b128a992c1f38/json HTTP/1.1
03:33:02.848 [main] DEBUG com.github.dockerjava.zerodep.shaded.org.apache.hc.client5.http.headers - http-outgoing-2 >> accept: application/json
03:33:02.848 [main] DEBUG com.github.dockerjava.zerodep.shaded.org.apache.hc.client5.http.headers - http-outgoing-2 >> Accept-Encoding: gzip, x-gzip, deflate
03:33:02.848 [main] DEBUG com.github.dockerjava.zerodep.shaded.org.apache.hc.client5.http.headers - http-outgoing-2 >> Host: localhost:2375
03:33:02.848 [main] DEBUG com.github.dockerjava.zerodep.shaded.org.apache.hc.client5.http.headers - http-outgoing-2 >> Connection: keep-alive
03:33:02.848 [main] DEBUG com.github.dockerjava.zerodep.shaded.org.apache.hc.client5.http.headers - http-outgoing-2 >> User-Agent: Apache-HttpClient/5.0.3 (Java/11.0.15)
03:33:02.849 [main] DEBUG com.github.dockerjava.zerodep.shaded.org.apache.hc.client5.http.wire - http-outgoing-2 >> "GET /v1.32/containers/9691e31891711283f4d98263d11bc6156717d3e75a0b86a23f3b128a992c1f38/json HTTP/1.1[\r][\n]"
03:33:02.849 [main] DEBUG com.github.dockerjava.zerodep.shaded.org.apache.hc.client5.http.wire - http-outgoing-2 >> "accept: application/json[\r][\n]"
03:33:02.849 [main] DEBUG com.github.dockerjava.zerodep.shaded.org.apache.hc.client5.http.wire - http-outgoing-2 >> "Accept-Encoding: gzip, x-gzip, deflate[\r][\n]"
03:33:02.849 [main] DEBUG com.github.dockerjava.zerodep.shaded.org.apache.hc.client5.http.wire - http-outgoing-2 >> "Host: localhost:2375[\r][\n]"
03:33:02.849 [main] DEBUG com.github.dockerjava.zerodep.shaded.org.apache.hc.client5.http.wire - http-outgoing-2 >> "Connection: keep-alive[\r][\n]"
03:33:02.849 [main] DEBUG com.github.dockerjava.zerodep.shaded.org.apache.hc.client5.http.wire - http-outgoing-2 >> "User-Agent: Apache-HttpClient/5.0.3 (Java/11.0.15)[\r][\n]"
03:33:02.849 [main] DEBUG com.github.dockerjava.zerodep.shaded.org.apache.hc.client5.http.wire - http-outgoing-2 >> "[\r][\n]"
03:33:02.849 [main] DEBUG com.github.dockerjava.zerodep.shaded.org.apache.hc.client5.http.wire - http-outgoing-2 << "HTTP/1.1 200 OK[\r][\n]"
03:33:02.849 [main] DEBUG com.github.dockerjava.zerodep.shaded.org.apache.hc.client5.http.wire - http-outgoing-2 << "Api-Version: 1.41[\r][\n]"
03:33:02.849 [main] DEBUG com.github.dockerjava.zerodep.shaded.org.apache.hc.client5.http.wire - http-outgoing-2 << "Content-Type: application/json[\r][\n]"
03:33:02.849 [main] DEBUG com.github.dockerjava.zerodep.shaded.org.apache.hc.client5.http.wire - http-outgoing-2 << "Docker-Experimental: false[\r][\n]"
03:33:02.849 [main] DEBUG com.github.dockerjava.zerodep.shaded.org.apache.hc.client5.http.wire - http-outgoing-2 << "Ostype: linux[\r][\n]"
03:33:02.849 [main] DEBUG com.github.dockerjava.zerodep.shaded.org.apache.hc.client5.http.wire - http-outgoing-2 << "Server: Docker/20.10.12 (linux)[\r][\n]"
03:33:02.849 [main] DEBUG com.github.dockerjava.zerodep.shaded.org.apache.hc.client5.http.wire - http-outgoing-2 << "Date: Thu, 23 Jun 2022 02:33:02 GMT[\r][\n]"
03:33:02.849 [main] DEBUG com.github.dockerjava.zerodep.shaded.org.apache.hc.client5.http.wire - http-outgoing-2 << "Transfer-Encoding: chunked[\r][\n]"
03:33:02.849 [main] DEBUG com.github.dockerjava.zerodep.shaded.org.apache.hc.client5.http.wire - http-outgoing-2 << "[\r][\n]"
03:33:02.849 [main] DEBUG com.github.dockerjava.zerodep.shaded.org.apache.hc.client5.http.wire - http-outgoing-2 << "18ed[\r][\n]"
03:33:02.849 [main] DEBUG com.github.dockerjava.zerodep.shaded.org.apache.hc.client5.http.wire - http-outgoing-2 << "{"Id":"9691e31891711283f4d98263d11bc6156717d3e75a0b86a23f3b128a992c1f38","Created":"2022-06-23T02:32:47.03956921Z","Path":"docker-entrypoint.sh","Args":["mysqld"],"State":{"Status":"running","Running":true,"Paused":false,"Restarting":false,"OOMKilled":false,"Dead":false,"Pid":66188,"ExitCode":0,"Error":"","StartedAt":"2022-06-23T02:32:47.703880551Z","FinishedAt":"0001-01-01T00:00:00Z"},"Image":"sha256:65b636d5542b73254ce90cc4b895597dc1adc2c661ca553c38eda159979dded1","ResolvConfPath":"/var/lib/docker/containers/9691e31891711283f4d98263d11bc6156717d3e75a0b86a23f3b128a992c1f38/resolv.conf","HostnamePath":"/var/lib/docker/containers/9691e31891711283f4d98263d11bc6156717d3e75a0b86a23f3b128a992c1f38/hostname","HostsPath":"/var/lib/docker/containers/9691e31891711283f4d98263d11bc6156717d3e75a0b86a23f3b128a992c1f38/hosts","LogPath":"/var/lib/docker/containers/9691e31891711283f4d98263d11bc6156717d3e75a0b86a23f3b128a992c1f38/9691e31891711283f4d98263d11bc6156717d3e75a0b86a23f3b128a992c1f38-json.log","Name":"/xenodochial_satoshi","RestartCount":0,"Driver":"overlay2","Platform":"linux","MountLabel":"","ProcessLabel":"","AppArmorProfile":"docker-default","ExecIDs":null,"HostConfig":{"Binds":[],"ContainerIDFile":"","LogConfig":{"Type":"json-file","Config":{}},"NetworkMode":"default","PortBindings":{"3306/tcp":[{"HostIp":"","HostPort":""}]},"RestartPolicy":{"Name":"","MaximumRetryCount":0},"AutoRemove":false,"VolumeDriver":"","VolumesFrom":[],"CapAdd":null,"CapDrop":null,"CgroupnsMode":"host","Dns":null,"DnsOptions":null,"DnsSearch":null,"ExtraHosts":[],"GroupAdd":null,"IpcMode":"shareable","Cgroup":"","Links":null,"OomScoreAdj":0,"PidMode":"","Privileged":false,"PublishAllPorts":false,"ReadonlyRootfs":false,"SecurityOpt":null,"UTSMode":"","UsernsMode":"","ShmSize":67108864,"Runtime":"runc","ConsoleSize":[0,0],"Isolation":"","CpuShares":0,"Memory":0,"NanoCpus":0,"CgroupParent":"","BlkioWeight":0,"BlkioWeightDevice":null,"BlkioDeviceReadBps":null,"BlkioDeviceWriteBps":null,"BlkioDeviceReadIOps":null,"BlkioDeviceWriteIOps":null,"CpuPeriod":0,"CpuQuota":0,"CpuRealtimePeriod":0,"CpuRealtimeRuntime":0,"CpusetCpus":"","CpusetMems":"","Devices":null,"DeviceCgroupRules":null,"DeviceRequests":null,"KernelMemory":0,"KernelMemoryTCP":0,"MemoryReservation":0,"MemorySwap":0,"MemorySwappiness":null,"OomKillDisable":false,"PidsLimit":null,"Ulimits":null,"CpuCount":0,"CpuPercent":0,"IOMaximumIOps":0,"IOMaximumBandwidth":0,"MaskedPaths":["/proc/asound","/proc/acpi","/proc/kcore","/proc/keys","/proc/latency_stats","/proc/timer_list","/proc/timer_stats","/proc/sched_debug","/proc/scsi","/sys/firmware"],"ReadonlyPaths":["/proc/bus","/proc/fs","/proc/irq","/proc/sys","/proc/sysrq-trigger"]},"GraphDriver":{"Data":{"LowerDir":"/var/lib/docker/overlay2/5529564f52cf969e31e7a1482c27be7ffed19639b506ae2e15b7e7115f699a73-init/diff:/var/lib/docker/overlay2/833a665819b5d9728d3efa7c33135034345a24f83af53b1a1af33d9b64f5492a/diff:/var/lib/docker/overlay2/bd4a2a46c227c2f15475b08c398f37acaab93f4fdba31de015d730efae0a0cfc/diff:/var/lib/docker/overlay2/31ad437d7cba8e64428a2b62db1bbb2a2ec19ca4e439ec493ef4deb50dce2783/diff:/var/lib/docker/overlay2/35173cbd8ec5b88a8888e9abbe75f8694f5d3f96a9b781bb70dc1f0889685741/diff:/var/lib/docker/overlay2/24bf69ac4e8c81062fee44e7c9f746fffbb139c3f7f4b55b4fd1b23bb101b529/diff:/var/lib/docker/overlay2/2f27c96a7775dad186b6f0da325d5a251c80aa1b7f80cf8520f493c5154aee70/diff:/var/lib/docker/overlay2/463a60088c72ddbea82639ded15801e35a79c443f6a26bf1baf320c683cb06af/diff:/var/lib/docker/overlay2/80b8224b23a2ee4b5be635c58ae579fd1913aa95558cd66ab2f5e8430f00a5b8/diff:/var/lib/docker/overlay2/20451fa0b1a07b85d665bc3a0359d721ce4e4c28fa3bce7456ab25e0babae708/diff:/var/lib/docker/overlay2/f80d865cbc6c1c6f57d0963fa6234e7a6409e079eb17f4f13ca41d02731701ad/diff:/var/lib/docker/overlay2/5a3029e0b57c6ec9b985871ff6adf08356aaa0f2a15f1e34c1a7f116ecc4a61d/diff:/var/lib/docker/overlay2/4f3423103248d0b381a1bc6a7287e2b42313ff458cea602a02b7379014b03e0e/diff","MergedDir":"/var/lib/docker/overlay2/5529564f52cf969e31e7a1482c27be7ffed19639b506ae2e15b7e7115f699a73/merged","UpperDir":"/var/lib/docker/overlay2/5529564f52cf969e31e7a1482c27be7ffed19639b506ae2e15b7e7115f699a73/diff","WorkDir":"/var/lib/docker/overlay2/5529564f52cf969e31e7a1482c27be7ffed19639b506ae2e15b7e7115f699a73/work"},"Name":"overlay2"},"Mounts":[{"Type":"volume","Name":"fd1f613c7fe3ca3ae799982507ac3f565cc9f6a2dc99ceaed92389e2c43f47d1","Source":"/var/lib/docker/volumes/fd1f613c7fe3ca3ae799982507ac3f565cc9f6a2dc99ceaed92389e2c43f47d1/_data","Destination":"/var/lib/mysql","Driver":"local","Mode":"","RW":true,"Propagation":""}],"Config":{"Hostname":"9691e3189171","Domainname":"","User":"","AttachStdin":false,"AttachStdout":false,"AttachStderr":false,"ExposedPorts":{"3306/tcp":{},"33060/tcp":{}},"Tty":false,"OpenStdin":false,"StdinOnce":false,"Env":["MYSQL_DATABASE=test","MYSQL_PASSWORD=admin","MYSQL_USER=admin","MYSQL_ROOT_PASSWORD=admin","PATH=/usr/local/sbin:/usr/local/bin:/usr/sbin:/usr/bin:/sbin:/bin","GOSU_VERSION=1.14","MYSQL_MAJOR=8.0","MYSQL_VERSION=8.0.29-1debian10"],"Cmd":["mysqld"],"Image":"mysql:8.0","Volumes":{"/var/lib/mysql":{}},"WorkingDir":"","Entrypoint":["docker-entrypoint.sh"],"OnBuild":null,"Labels":{"org.testcontainers":"true","org.testcontainers.sessionId":"d48265e4-2b28-4f8c-aa67-76dd8289af84"}},"NetworkSettings":{"Bridge":"","SandboxID":"d9de8570fe3f0a4e9f3a1ff7101c963bbd2c6a0a9d8a867b96f17f4d5edca537","HairpinMode":false,"LinkLocalIPv6Address":"","LinkLocalIPv6PrefixLen":0,"Ports":{"3306/tcp":[{"HostIp":"0.0.0.0","HostPort":"49160"},{"HostIp":"::","HostPort":"49160"}],"33060/tcp":null},"SandboxKey":"/var/run/docker/netns/d9de8570fe3f","SecondaryIPAddresses":null,"SecondaryIPv6Addresses":null,"EndpointID":"93e8fe159f683a98670e8995677c2b130dbce857fc116679206e206bda319cbf","Gateway":"172.17.0.1","GlobalIPv6Address":"","GlobalIPv6PrefixLen":0,"IPAddress":"172.17.0.3","IPPrefixLen":16,"IPv6Gateway":"","MacAddress":"02:42:ac:11:00:03","Networks":{"bridge":{"IPAMConfig":null,"Links":null,"Aliases":null,"NetworkID":"1853cd2b9856825cc97ed9ef2b12efa82d95bf9cf60ad666c276eb35cc53539e","EndpointID":"93e8fe159f683a98670e8995677c2b130dbce857fc116679206e206bda319cbf","Gateway":"172.17.0.1","IPAddress":"172.17.0.3","IPPrefixLen":16,"IPv6Gateway":"","GlobalIPv6Address":"","GlobalIPv6PrefixLen":0,"MacAddress":"02:42:ac:11:00:03","DriverOpts":null}}}}[\n]"
03:33:02.849 [main] DEBUG com.github.dockerjava.zerodep.shaded.org.apache.hc.client5.http.wire - http-outgoing-2 << "[\r][\n]"
03:33:02.849 [main] DEBUG com.github.dockerjava.zerodep.shaded.org.apache.hc.client5.http.wire - http-outgoing-2 << "0[\r][\n]"
03:33:02.849 [main] DEBUG com.github.dockerjava.zerodep.shaded.org.apache.hc.client5.http.wire - http-outgoing-2 << "[\r][\n]"
03:33:02.849 [main] DEBUG com.github.dockerjava.zerodep.shaded.org.apache.hc.client5.http.headers - http-outgoing-2 << HTTP/1.1 200 OK
03:33:02.849 [main] DEBUG com.github.dockerjava.zerodep.shaded.org.apache.hc.client5.http.headers - http-outgoing-2 << Api-Version: 1.41
03:33:02.849 [main] DEBUG com.github.dockerjava.zerodep.shaded.org.apache.hc.client5.http.headers - http-outgoing-2 << Content-Type: application/json
03:33:02.849 [main] DEBUG com.github.dockerjava.zerodep.shaded.org.apache.hc.client5.http.headers - http-outgoing-2 << Docker-Experimental: false
03:33:02.849 [main] DEBUG com.github.dockerjava.zerodep.shaded.org.apache.hc.client5.http.headers - http-outgoing-2 << Ostype: linux
03:33:02.849 [main] DEBUG com.github.dockerjava.zerodep.shaded.org.apache.hc.client5.http.headers - http-outgoing-2 << Server: Docker/20.10.12 (linux)
03:33:02.849 [main] DEBUG com.github.dockerjava.zerodep.shaded.org.apache.hc.client5.http.headers - http-outgoing-2 << Date: Thu, 23 Jun 2022 02:33:02 GMT
03:33:02.849 [main] DEBUG com.github.dockerjava.zerodep.shaded.org.apache.hc.client5.http.headers - http-outgoing-2 << Transfer-Encoding: chunked
03:33:02.850 [main] DEBUG com.github.dockerjava.zerodep.shaded.org.apache.hc.client5.http.impl.classic.MainClientExec - ex-00000098: connection can be kept alive for 3 MINUTES
03:33:02.850 [main] DEBUG com.github.dockerjava.zerodep.shaded.org.apache.hc.client5.http.impl.classic.InternalHttpClient - ep-00000097: releasing valid endpoint
03:33:02.850 [main] DEBUG com.github.dockerjava.zerodep.shaded.org.apache.hc.client5.http.impl.io.PoolingHttpClientConnectionManager - ep-00000097: releasing endpoint
03:33:02.850 [main] DEBUG com.github.dockerjava.zerodep.shaded.org.apache.hc.client5.http.impl.io.PoolingHttpClientConnectionManager - ep-00000097: connection http-outgoing-2 can be kept alive for 3 MINUTES
03:33:02.850 [main] DEBUG com.github.dockerjava.zerodep.shaded.org.apache.hc.client5.http.impl.io.PoolingHttpClientConnectionManager - ep-00000097: connection released [route: {}->unix://localhost:2375][total available: 1; route allocated: 1 of 2147483647; total allocated: 1 of 2147483647]
03:33:02.850 [main] DEBUG 🐳 [mysql:8.0] - Trying to create JDBC connection using com.mysql.cj.jdbc.Driver to jdbc:mysql://localhost:49160/test?useSSL=false&allowPublicKeyRetrieval=true with properties: {password=admin, user=admin}
03:33:02.951 [main] DEBUG org.testcontainers.shaded.com.github.dockerjava.core.command.AbstrDockerCmd - Cmd: 9691e31891711283f4d98263d11bc6156717d3e75a0b86a23f3b128a992c1f38,false
03:33:02.952 [main] DEBUG org.testcontainers.shaded.com.github.dockerjava.core.exec.InspectContainerCmdExec - GET: DefaultWebTarget{path=[/containers/9691e31891711283f4d98263d11bc6156717d3e75a0b86a23f3b128a992c1f38/json], queryParams={}}
03:33:02.952 [main] DEBUG com.github.dockerjava.zerodep.shaded.org.apache.hc.client5.http.impl.classic.InternalHttpClient - ex-00000099: preparing request execution
03:33:02.952 [main] DEBUG com.github.dockerjava.zerodep.shaded.org.apache.hc.client5.http.protocol.RequestAddCookies - Cookie spec selected: strict
03:33:02.952 [main] DEBUG com.github.dockerjava.zerodep.shaded.org.apache.hc.client5.http.protocol.RequestAuthCache - Auth cache not set in the context
03:33:02.952 [main] DEBUG com.github.dockerjava.zerodep.shaded.org.apache.hc.client5.http.impl.classic.ProtocolExec - ex-00000099: target auth state: UNCHALLENGED
03:33:02.952 [main] DEBUG com.github.dockerjava.zerodep.shaded.org.apache.hc.client5.http.impl.classic.ProtocolExec - ex-00000099: proxy auth state: UNCHALLENGED
03:33:02.952 [main] DEBUG com.github.dockerjava.zerodep.shaded.org.apache.hc.client5.http.impl.classic.ConnectExec - ex-00000099: acquiring connection with route {}->unix://localhost:2375
03:33:02.952 [main] DEBUG com.github.dockerjava.zerodep.shaded.org.apache.hc.client5.http.impl.classic.InternalHttpClient - ex-00000099: acquiring endpoint (3 MINUTES)
03:33:02.952 [main] DEBUG com.github.dockerjava.zerodep.shaded.org.apache.hc.client5.http.impl.io.PoolingHttpClientConnectionManager - ex-00000099: endpoint lease request (3 MINUTES) [route: {}->unix://localhost:2375][total available: 1; route allocated: 1 of 2147483647; total allocated: 1 of 2147483647]
03:33:02.952 [main] DEBUG com.github.dockerjava.zerodep.shaded.org.apache.hc.client5.http.impl.io.PoolingHttpClientConnectionManager - ex-00000099: endpoint leased [route: {}->unix://localhost:2375][total available: 0; route allocated: 1 of 2147483647; total allocated: 1 of 2147483647]
03:33:02.952 [main] DEBUG com.github.dockerjava.zerodep.shaded.org.apache.hc.client5.http.impl.io.PoolingHttpClientConnectionManager - ex-00000099: acquired ep-00000098
03:33:02.952 [main] DEBUG com.github.dockerjava.zerodep.shaded.org.apache.hc.client5.http.impl.classic.InternalHttpClient - ex-00000099: acquired endpoint ep-00000098
03:33:02.952 [main] DEBUG com.github.dockerjava.zerodep.shaded.org.apache.hc.client5.http.impl.classic.MainClientExec - ex-00000099: executing GET /v1.32/containers/9691e31891711283f4d98263d11bc6156717d3e75a0b86a23f3b128a992c1f38/json HTTP/1.1
03:33:02.952 [main] DEBUG com.github.dockerjava.zerodep.shaded.org.apache.hc.client5.http.impl.classic.InternalHttpClient - ep-00000098: start execution ex-00000099
03:33:02.952 [main] DEBUG com.github.dockerjava.zerodep.shaded.org.apache.hc.client5.http.impl.io.PoolingHttpClientConnectionManager - ep-00000098: executing exchange ex-00000099 over http-outgoing-2
03:33:02.952 [main] DEBUG com.github.dockerjava.zerodep.shaded.org.apache.hc.client5.http.headers - http-outgoing-2 >> GET /v1.32/containers/9691e31891711283f4d98263d11bc6156717d3e75a0b86a23f3b128a992c1f38/json HTTP/1.1
03:33:02.952 [main] DEBUG com.github.dockerjava.zerodep.shaded.org.apache.hc.client5.http.headers - http-outgoing-2 >> accept: application/json
03:33:02.952 [main] DEBUG com.github.dockerjava.zerodep.shaded.org.apache.hc.client5.http.headers - http-outgoing-2 >> Accept-Encoding: gzip, x-gzip, deflate
03:33:02.952 [main] DEBUG com.github.dockerjava.zerodep.shaded.org.apache.hc.client5.http.headers - http-outgoing-2 >> Host: localhost:2375
03:33:02.952 [main] DEBUG com.github.dockerjava.zerodep.shaded.org.apache.hc.client5.http.headers - http-outgoing-2 >> Connection: keep-alive
03:33:02.952 [main] DEBUG com.github.dockerjava.zerodep.shaded.org.apache.hc.client5.http.headers - http-outgoing-2 >> User-Agent: Apache-HttpClient/5.0.3 (Java/11.0.15)
03:33:02.952 [main] DEBUG com.github.dockerjava.zerodep.shaded.org.apache.hc.client5.http.wire - http-outgoing-2 >> "GET /v1.32/containers/9691e31891711283f4d98263d11bc6156717d3e75a0b86a23f3b128a992c1f38/json HTTP/1.1[\r][\n]"
03:33:02.952 [main] DEBUG com.github.dockerjava.zerodep.shaded.org.apache.hc.client5.http.wire - http-outgoing-2 >> "accept: application/json[\r][\n]"
03:33:02.952 [main] DEBUG com.github.dockerjava.zerodep.shaded.org.apache.hc.client5.http.wire - http-outgoing-2 >> "Accept-Encoding: gzip, x-gzip, deflate[\r][\n]"
03:33:02.952 [main] DEBUG com.github.dockerjava.zerodep.shaded.org.apache.hc.client5.http.wire - http-outgoing-2 >> "Host: localhost:2375[\r][\n]"
03:33:02.952 [main] DEBUG com.github.dockerjava.zerodep.shaded.org.apache.hc.client5.http.wire - http-outgoing-2 >> "Connection: keep-alive[\r][\n]"
03:33:02.952 [main] DEBUG com.github.dockerjava.zerodep.shaded.org.apache.hc.client5.http.wire - http-outgoing-2 >> "User-Agent: Apache-HttpClient/5.0.3 (Java/11.0.15)[\r][\n]"
03:33:02.952 [main] DEBUG com.github.dockerjava.zerodep.shaded.org.apache.hc.client5.http.wire - http-outgoing-2 >> "[\r][\n]"
03:33:02.953 [main] DEBUG com.github.dockerjava.zerodep.shaded.org.apache.hc.client5.http.wire - http-outgoing-2 << "HTTP/1.1 200 OK[\r][\n]"
03:33:02.953 [main] DEBUG com.github.dockerjava.zerodep.shaded.org.apache.hc.client5.http.wire - http-outgoing-2 << "Api-Version: 1.41[\r][\n]"
03:33:02.953 [main] DEBUG com.github.dockerjava.zerodep.shaded.org.apache.hc.client5.http.wire - http-outgoing-2 << "Content-Type: application/json[\r][\n]"
03:33:02.953 [main] DEBUG com.github.dockerjava.zerodep.shaded.org.apache.hc.client5.http.wire - http-outgoing-2 << "Docker-Experimental: false[\r][\n]"
03:33:02.953 [main] DEBUG com.github.dockerjava.zerodep.shaded.org.apache.hc.client5.http.wire - http-outgoing-2 << "Ostype: linux[\r][\n]"
03:33:02.953 [main] DEBUG com.github.dockerjava.zerodep.shaded.org.apache.hc.client5.http.wire - http-outgoing-2 << "Server: Docker/20.10.12 (linux)[\r][\n]"
03:33:02.953 [main] DEBUG com.github.dockerjava.zerodep.shaded.org.apache.hc.client5.http.wire - http-outgoing-2 << "Date: Thu, 23 Jun 2022 02:33:02 GMT[\r][\n]"
03:33:02.953 [main] DEBUG com.github.dockerjava.zerodep.shaded.org.apache.hc.client5.http.wire - http-outgoing-2 << "Transfer-Encoding: chunked[\r][\n]"
03:33:02.953 [main] DEBUG com.github.dockerjava.zerodep.shaded.org.apache.hc.client5.http.wire - http-outgoing-2 << "[\r][\n]"
03:33:02.953 [main] DEBUG com.github.dockerjava.zerodep.shaded.org.apache.hc.client5.http.wire - http-outgoing-2 << "18ed[\r][\n]"
03:33:02.953 [main] DEBUG com.github.dockerjava.zerodep.shaded.org.apache.hc.client5.http.wire - http-outgoing-2 << "{"Id":"9691e31891711283f4d98263d11bc6156717d3e75a0b86a23f3b128a992c1f38","Created":"2022-06-23T02:32:47.03956921Z","Path":"docker-entrypoint.sh","Args":["mysqld"],"State":{"Status":"running","Running":true,"Paused":false,"Restarting":false,"OOMKilled":false,"Dead":false,"Pid":66188,"ExitCode":0,"Error":"","StartedAt":"2022-06-23T02:32:47.703880551Z","FinishedAt":"0001-01-01T00:00:00Z"},"Image":"sha256:65b636d5542b73254ce90cc4b895597dc1adc2c661ca553c38eda159979dded1","ResolvConfPath":"/var/lib/docker/containers/9691e31891711283f4d98263d11bc6156717d3e75a0b86a23f3b128a992c1f38/resolv.conf","HostnamePath":"/var/lib/docker/containers/9691e31891711283f4d98263d11bc6156717d3e75a0b86a23f3b128a992c1f38/hostname","HostsPath":"/var/lib/docker/containers/9691e31891711283f4d98263d11bc6156717d3e75a0b86a23f3b128a992c1f38/hosts","LogPath":"/var/lib/docker/containers/9691e31891711283f4d98263d11bc6156717d3e75a0b86a23f3b128a992c1f38/9691e31891711283f4d98263d11bc6156717d3e75a0b86a23f3b128a992c1f38-json.log","Name":"/xenodochial_satoshi","RestartCount":0,"Driver":"overlay2","Platform":"linux","MountLabel":"","ProcessLabel":"","AppArmorProfile":"docker-default","ExecIDs":null,"HostConfig":{"Binds":[],"ContainerIDFile":"","LogConfig":{"Type":"json-file","Config":{}},"NetworkMode":"default","PortBindings":{"3306/tcp":[{"HostIp":"","HostPort":""}]},"RestartPolicy":{"Name":"","MaximumRetryCount":0},"AutoRemove":false,"VolumeDriver":"","VolumesFrom":[],"CapAdd":null,"CapDrop":null,"CgroupnsMode":"host","Dns":null,"DnsOptions":null,"DnsSearch":null,"ExtraHosts":[],"GroupAdd":null,"IpcMode":"shareable","Cgroup":"","Links":null,"OomScoreAdj":0,"PidMode":"","Privileged":false,"PublishAllPorts":false,"ReadonlyRootfs":false,"SecurityOpt":null,"UTSMode":"","UsernsMode":"","ShmSize":67108864,"Runtime":"runc","ConsoleSize":[0,0],"Isolation":"","CpuShares":0,"Memory":0,"NanoCpus":0,"CgroupParent":"","BlkioWeight":0,"BlkioWeightDevice":null,"BlkioDeviceReadBps":null,"BlkioDeviceWriteBps":null,"BlkioDeviceReadIOps":null,"BlkioDeviceWriteIOps":null,"CpuPeriod":0,"CpuQuota":0,"CpuRealtimePeriod":0,"CpuRealtimeRuntime":0,"CpusetCpus":"","CpusetMems":"","Devices":null,"DeviceCgroupRules":null,"DeviceRequests":null,"KernelMemory":0,"KernelMemoryTCP":0,"MemoryReservation":0,"MemorySwap":0,"MemorySwappiness":null,"OomKillDisable":false,"PidsLimit":null,"Ulimits":null,"CpuCount":0,"CpuPercent":0,"IOMaximumIOps":0,"IOMaximumBandwidth":0,"MaskedPaths":["/proc/asound","/proc/acpi","/proc/kcore","/proc/keys","/proc/latency_stats","/proc/timer_list","/proc/timer_stats","/proc/sched_debug","/proc/scsi","/sys/firmware"],"ReadonlyPaths":["/proc/bus","/proc/fs","/proc/irq","/proc/sys","/proc/sysrq-trigger"]},"GraphDriver":{"Data":{"LowerDir":"/var/lib/docker/overlay2/5529564f52cf969e31e7a1482c27be7ffed19639b506ae2e15b7e7115f699a73-init/diff:/var/lib/docker/overlay2/833a665819b5d9728d3efa7c33135034345a24f83af53b1a1af33d9b64f5492a/diff:/var/lib/docker/overlay2/bd4a2a46c227c2f15475b08c398f37acaab93f4fdba31de015d730efae0a0cfc/diff:/var/lib/docker/overlay2/31ad437d7cba8e64428a2b62db1bbb2a2ec19ca4e439ec493ef4deb50dce2783/diff:/var/lib/docker/overlay2/35173cbd8ec5b88a8888e9abbe75f8694f5d3f96a9b781bb70dc1f0889685741/diff:/var/lib/docker/overlay2/24bf69ac4e8c81062fee44e7c9f746fffbb139c3f7f4b55b4fd1b23bb101b529/diff:/var/lib/docker/overlay2/2f27c96a7775dad186b6f0da325d5a251c80aa1b7f80cf8520f493c5154aee70/diff:/var/lib/docker/overlay2/463a60088c72ddbea82639ded15801e35a79c443f6a26bf1baf320c683cb06af/diff:/var/lib/docker/overlay2/80b8224b23a2ee4b5be635c58ae579fd1913aa95558cd66ab2f5e8430f00a5b8/diff:/var/lib/docker/overlay2/20451fa0b1a07b85d665bc3a0359d721ce4e4c28fa3bce7456ab25e0babae708/diff:/var/lib/docker/overlay2/f80d865cbc6c1c6f57d0963fa6234e7a6409e079eb17f4f13ca41d02731701ad/diff:/var/lib/docker/overlay2/5a3029e0b57c6ec9b985871ff6adf08356aaa0f2a15f1e34c1a7f116ecc4a61d/diff:/var/lib/docker/overlay2/4f3423103248d0b381a1bc6a7287e2b42313ff458cea602a02b7379014b03e0e/diff","MergedDir":"/var/lib/docker/overlay2/5529564f52cf969e31e7a1482c27be7ffed19639b506ae2e15b7e7115f699a73/merged","UpperDir":"/var/lib/docker/overlay2/5529564f52cf969e31e7a1482c27be7ffed19639b506ae2e15b7e7115f699a73/diff","WorkDir":"/var/lib/docker/overlay2/5529564f52cf969e31e7a1482c27be7ffed19639b506ae2e15b7e7115f699a73/work"},"Name":"overlay2"},"Mounts":[{"Type":"volume","Name":"fd1f613c7fe3ca3ae799982507ac3f565cc9f6a2dc99ceaed92389e2c43f47d1","Source":"/var/lib/docker/volumes/fd1f613c7fe3ca3ae799982507ac3f565cc9f6a2dc99ceaed92389e2c43f47d1/_data","Destination":"/var/lib/mysql","Driver":"local","Mode":"","RW":true,"Propagation":""}],"Config":{"Hostname":"9691e3189171","Domainname":"","User":"","AttachStdin":false,"AttachStdout":false,"AttachStderr":false,"ExposedPorts":{"3306/tcp":{},"33060/tcp":{}},"Tty":false,"OpenStdin":false,"StdinOnce":false,"Env":["MYSQL_DATABASE=test","MYSQL_PASSWORD=admin","MYSQL_USER=admin","MYSQL_ROOT_PASSWORD=admin","PATH=/usr/local/sbin:/usr/local/bin:/usr/sbin:/usr/bin:/sbin:/bin","GOSU_VERSION=1.14","MYSQL_MAJOR=8.0","MYSQL_VERSION=8.0.29-1debian10"],"Cmd":["mysqld"],"Image":"mysql:8.0","Volumes":{"/var/lib/mysql":{}},"WorkingDir":"","Entrypoint":["docker-entrypoint.sh"],"OnBuild":null,"Labels":{"org.testcontainers":"true","org.testcontainers.sessionId":"d48265e4-2b28-4f8c-aa67-76dd8289af84"}},"NetworkSettings":{"Bridge":"","SandboxID":"d9de8570fe3f0a4e9f3a1ff7101c963bbd2c6a0a9d8a867b96f17f4d5edca537","HairpinMode":false,"LinkLocalIPv6Address":"","LinkLocalIPv6PrefixLen":0,"Ports":{"3306/tcp":[{"HostIp":"0.0.0.0","HostPort":"49160"},{"HostIp":"::","HostPort":"49160"}],"33060/tcp":null},"SandboxKey":"/var/run/docker/netns/d9de8570fe3f","SecondaryIPAddresses":null,"SecondaryIPv6Addresses":null,"EndpointID":"93e8fe159f683a98670e8995677c2b130dbce857fc116679206e206bda319cbf","Gateway":"172.17.0.1","GlobalIPv6Address":"","GlobalIPv6PrefixLen":0,"IPAddress":"172.17.0.3","IPPrefixLen":16,"IPv6Gateway":"","MacAddress":"02:42:ac:11:00:03","Networks":{"bridge":{"IPAMConfig":null,"Links":null,"Aliases":null,"NetworkID":"1853cd2b9856825cc97ed9ef2b12efa82d95bf9cf60ad666c276eb35cc53539e","EndpointID":"93e8fe159f683a98670e8995677c2b130dbce857fc116679206e206bda319cbf","Gateway":"172.17.0.1","IPAddress":"172.17.0.3","IPPrefixLen":16,"IPv6Gateway":"","GlobalIPv6Address":"","GlobalIPv6PrefixLen":0,"MacAddress":"02:42:ac:11:00:03","DriverOpts":null}}}}[\n]"
03:33:02.953 [main] DEBUG com.github.dockerjava.zerodep.shaded.org.apache.hc.client5.http.wire - http-outgoing-2 << "[\r][\n]"
03:33:02.953 [main] DEBUG com.github.dockerjava.zerodep.shaded.org.apache.hc.client5.http.wire - http-outgoing-2 << "0[\r][\n]"
03:33:02.953 [main] DEBUG com.github.dockerjava.zerodep.shaded.org.apache.hc.client5.http.wire - http-outgoing-2 << "[\r][\n]"
03:33:02.953 [main] DEBUG com.github.dockerjava.zerodep.shaded.org.apache.hc.client5.http.headers - http-outgoing-2 << HTTP/1.1 200 OK
03:33:02.953 [main] DEBUG com.github.dockerjava.zerodep.shaded.org.apache.hc.client5.http.headers - http-outgoing-2 << Api-Version: 1.41
03:33:02.953 [main] DEBUG com.github.dockerjava.zerodep.shaded.org.apache.hc.client5.http.headers - http-outgoing-2 << Content-Type: application/json
03:33:02.953 [main] DEBUG com.github.dockerjava.zerodep.shaded.org.apache.hc.client5.http.headers - http-outgoing-2 << Docker-Experimental: false
03:33:02.953 [main] DEBUG com.github.dockerjava.zerodep.shaded.org.apache.hc.client5.http.headers - http-outgoing-2 << Ostype: linux
03:33:02.953 [main] DEBUG com.github.dockerjava.zerodep.shaded.org.apache.hc.client5.http.headers - http-outgoing-2 << Server: Docker/20.10.12 (linux)
03:33:02.953 [main] DEBUG com.github.dockerjava.zerodep.shaded.org.apache.hc.client5.http.headers - http-outgoing-2 << Date: Thu, 23 Jun 2022 02:33:02 GMT
03:33:02.953 [main] DEBUG com.github.dockerjava.zerodep.shaded.org.apache.hc.client5.http.headers - http-outgoing-2 << Transfer-Encoding: chunked
03:33:02.953 [main] DEBUG com.github.dockerjava.zerodep.shaded.org.apache.hc.client5.http.impl.classic.MainClientExec - ex-00000099: connection can be kept alive for 3 MINUTES
03:33:02.954 [main] DEBUG com.github.dockerjava.zerodep.shaded.org.apache.hc.client5.http.impl.classic.InternalHttpClient - ep-00000098: releasing valid endpoint
03:33:02.954 [main] DEBUG com.github.dockerjava.zerodep.shaded.org.apache.hc.client5.http.impl.io.PoolingHttpClientConnectionManager - ep-00000098: releasing endpoint
03:33:02.954 [main] DEBUG com.github.dockerjava.zerodep.shaded.org.apache.hc.client5.http.impl.io.PoolingHttpClientConnectionManager - ep-00000098: connection http-outgoing-2 can be kept alive for 3 MINUTES
03:33:02.954 [main] DEBUG com.github.dockerjava.zerodep.shaded.org.apache.hc.client5.http.impl.io.PoolingHttpClientConnectionManager - ep-00000098: connection released [route: {}->unix://localhost:2375][total available: 1; route allocated: 1 of 2147483647; total allocated: 1 of 2147483647]
03:33:02.954 [main] DEBUG 🐳 [mysql:8.0] - Trying to create JDBC connection using com.mysql.cj.jdbc.Driver to jdbc:mysql://localhost:49160/test?useSSL=false&allowPublicKeyRetrieval=true with properties: {password=admin, user=admin}
03:33:03.055 [main] DEBUG org.testcontainers.shaded.com.github.dockerjava.core.command.AbstrDockerCmd - Cmd: 9691e31891711283f4d98263d11bc6156717d3e75a0b86a23f3b128a992c1f38,false
03:33:03.056 [main] DEBUG org.testcontainers.shaded.com.github.dockerjava.core.exec.InspectContainerCmdExec - GET: DefaultWebTarget{path=[/containers/9691e31891711283f4d98263d11bc6156717d3e75a0b86a23f3b128a992c1f38/json], queryParams={}}
03:33:03.056 [main] DEBUG com.github.dockerjava.zerodep.shaded.org.apache.hc.client5.http.impl.classic.InternalHttpClient - ex-0000009A: preparing request execution
03:33:03.056 [main] DEBUG com.github.dockerjava.zerodep.shaded.org.apache.hc.client5.http.protocol.RequestAddCookies - Cookie spec selected: strict
03:33:03.056 [main] DEBUG com.github.dockerjava.zerodep.shaded.org.apache.hc.client5.http.protocol.RequestAuthCache - Auth cache not set in the context
03:33:03.056 [main] DEBUG com.github.dockerjava.zerodep.shaded.org.apache.hc.client5.http.impl.classic.ProtocolExec - ex-0000009A: target auth state: UNCHALLENGED
03:33:03.056 [main] DEBUG com.github.dockerjava.zerodep.shaded.org.apache.hc.client5.http.impl.classic.ProtocolExec - ex-0000009A: proxy auth state: UNCHALLENGED
03:33:03.056 [main] DEBUG com.github.dockerjava.zerodep.shaded.org.apache.hc.client5.http.impl.classic.ConnectExec - ex-0000009A: acquiring connection with route {}->unix://localhost:2375
03:33:03.056 [main] DEBUG com.github.dockerjava.zerodep.shaded.org.apache.hc.client5.http.impl.classic.InternalHttpClient - ex-0000009A: acquiring endpoint (3 MINUTES)
03:33:03.056 [main] DEBUG com.github.dockerjava.zerodep.shaded.org.apache.hc.client5.http.impl.io.PoolingHttpClientConnectionManager - ex-0000009A: endpoint lease request (3 MINUTES) [route: {}->unix://localhost:2375][total available: 1; route allocated: 1 of 2147483647; total allocated: 1 of 2147483647]
03:33:03.056 [main] DEBUG com.github.dockerjava.zerodep.shaded.org.apache.hc.client5.http.impl.io.PoolingHttpClientConnectionManager - ex-0000009A: endpoint leased [route: {}->unix://localhost:2375][total available: 0; route allocated: 1 of 2147483647; total allocated: 1 of 2147483647]
03:33:03.056 [main] DEBUG com.github.dockerjava.zerodep.shaded.org.apache.hc.client5.http.impl.io.PoolingHttpClientConnectionManager - ex-0000009A: acquired ep-00000099
03:33:03.057 [main] DEBUG com.github.dockerjava.zerodep.shaded.org.apache.hc.client5.http.impl.classic.InternalHttpClient - ex-0000009A: acquired endpoint ep-00000099
03:33:03.057 [main] DEBUG com.github.dockerjava.zerodep.shaded.org.apache.hc.client5.http.impl.classic.MainClientExec - ex-0000009A: executing GET /v1.32/containers/9691e31891711283f4d98263d11bc6156717d3e75a0b86a23f3b128a992c1f38/json HTTP/1.1
03:33:03.057 [main] DEBUG com.github.dockerjava.zerodep.shaded.org.apache.hc.client5.http.impl.classic.InternalHttpClient - ep-00000099: start execution ex-0000009A
03:33:03.057 [main] DEBUG com.github.dockerjava.zerodep.shaded.org.apache.hc.client5.http.impl.io.PoolingHttpClientConnectionManager - ep-00000099: executing exchange ex-0000009A over http-outgoing-2
03:33:03.057 [main] DEBUG com.github.dockerjava.zerodep.shaded.org.apache.hc.client5.http.headers - http-outgoing-2 >> GET /v1.32/containers/9691e31891711283f4d98263d11bc6156717d3e75a0b86a23f3b128a992c1f38/json HTTP/1.1
03:33:03.057 [main] DEBUG com.github.dockerjava.zerodep.shaded.org.apache.hc.client5.http.headers - http-outgoing-2 >> accept: application/json
03:33:03.057 [main] DEBUG com.github.dockerjava.zerodep.shaded.org.apache.hc.client5.http.headers - http-outgoing-2 >> Accept-Encoding: gzip, x-gzip, deflate
03:33:03.057 [main] DEBUG com.github.dockerjava.zerodep.shaded.org.apache.hc.client5.http.headers - http-outgoing-2 >> Host: localhost:2375
03:33:03.057 [main] DEBUG com.github.dockerjava.zerodep.shaded.org.apache.hc.client5.http.headers - http-outgoing-2 >> Connection: keep-alive
03:33:03.057 [main] DEBUG com.github.dockerjava.zerodep.shaded.org.apache.hc.client5.http.headers - http-outgoing-2 >> User-Agent: Apache-HttpClient/5.0.3 (Java/11.0.15)
03:33:03.057 [main] DEBUG com.github.dockerjava.zerodep.shaded.org.apache.hc.client5.http.wire - http-outgoing-2 >> "GET /v1.32/containers/9691e31891711283f4d98263d11bc6156717d3e75a0b86a23f3b128a992c1f38/json HTTP/1.1[\r][\n]"
03:33:03.057 [main] DEBUG com.github.dockerjava.zerodep.shaded.org.apache.hc.client5.http.wire - http-outgoing-2 >> "accept: application/json[\r][\n]"
03:33:03.057 [main] DEBUG com.github.dockerjava.zerodep.shaded.org.apache.hc.client5.http.wire - http-outgoing-2 >> "Accept-Encoding: gzip, x-gzip, deflate[\r][\n]"
03:33:03.057 [main] DEBUG com.github.dockerjava.zerodep.shaded.org.apache.hc.client5.http.wire - http-outgoing-2 >> "Host: localhost:2375[\r][\n]"
03:33:03.057 [main] DEBUG com.github.dockerjava.zerodep.shaded.org.apache.hc.client5.http.wire - http-outgoing-2 >> "Connection: keep-alive[\r][\n]"
03:33:03.057 [main] DEBUG com.github.dockerjava.zerodep.shaded.org.apache.hc.client5.http.wire - http-outgoing-2 >> "User-Agent: Apache-HttpClient/5.0.3 (Java/11.0.15)[\r][\n]"
03:33:03.057 [main] DEBUG com.github.dockerjava.zerodep.shaded.org.apache.hc.client5.http.wire - http-outgoing-2 >> "[\r][\n]"
03:33:03.057 [main] DEBUG com.github.dockerjava.zerodep.shaded.org.apache.hc.client5.http.wire - http-outgoing-2 << "HTTP/1.1 200 OK[\r][\n]"
03:33:03.057 [main] DEBUG com.github.dockerjava.zerodep.shaded.org.apache.hc.client5.http.wire - http-outgoing-2 << "Api-Version: 1.41[\r][\n]"
03:33:03.057 [main] DEBUG com.github.dockerjava.zerodep.shaded.org.apache.hc.client5.http.wire - http-outgoing-2 << "Content-Type: application/json[\r][\n]"
03:33:03.057 [main] DEBUG com.github.dockerjava.zerodep.shaded.org.apache.hc.client5.http.wire - http-outgoing-2 << "Docker-Experimental: false[\r][\n]"
03:33:03.057 [main] DEBUG com.github.dockerjava.zerodep.shaded.org.apache.hc.client5.http.wire - http-outgoing-2 << "Ostype: linux[\r][\n]"
03:33:03.057 [main] DEBUG com.github.dockerjava.zerodep.shaded.org.apache.hc.client5.http.wire - http-outgoing-2 << "Server: Docker/20.10.12 (linux)[\r][\n]"
03:33:03.057 [main] DEBUG com.github.dockerjava.zerodep.shaded.org.apache.hc.client5.http.wire - http-outgoing-2 << "Date: Thu, 23 Jun 2022 02:33:03 GMT[\r][\n]"
03:33:03.057 [main] DEBUG com.github.dockerjava.zerodep.shaded.org.apache.hc.client5.http.wire - http-outgoing-2 << "Transfer-Encoding: chunked[\r][\n]"
03:33:03.057 [main] DEBUG com.github.dockerjava.zerodep.shaded.org.apache.hc.client5.http.wire - http-outgoing-2 << "[\r][\n]"
03:33:03.057 [main] DEBUG com.github.dockerjava.zerodep.shaded.org.apache.hc.client5.http.wire - http-outgoing-2 << "18ed[\r][\n]"
03:33:03.057 [main] DEBUG com.github.dockerjava.zerodep.shaded.org.apache.hc.client5.http.wire - http-outgoing-2 << "{"Id":"9691e31891711283f4d98263d11bc6156717d3e75a0b86a23f3b128a992c1f38","Created":"2022-06-23T02:32:47.03956921Z","Path":"docker-entrypoint.sh","Args":["mysqld"],"State":{"Status":"running","Running":true,"Paused":false,"Restarting":false,"OOMKilled":false,"Dead":false,"Pid":66188,"ExitCode":0,"Error":"","StartedAt":"2022-06-23T02:32:47.703880551Z","FinishedAt":"0001-01-01T00:00:00Z"},"Image":"sha256:65b636d5542b73254ce90cc4b895597dc1adc2c661ca553c38eda159979dded1","ResolvConfPath":"/var/lib/docker/containers/9691e31891711283f4d98263d11bc6156717d3e75a0b86a23f3b128a992c1f38/resolv.conf","HostnamePath":"/var/lib/docker/containers/9691e31891711283f4d98263d11bc6156717d3e75a0b86a23f3b128a992c1f38/hostname","HostsPath":"/var/lib/docker/containers/9691e31891711283f4d98263d11bc6156717d3e75a0b86a23f3b128a992c1f38/hosts","LogPath":"/var/lib/docker/containers/9691e31891711283f4d98263d11bc6156717d3e75a0b86a23f3b128a992c1f38/9691e31891711283f4d98263d11bc6156717d3e75a0b86a23f3b128a992c1f38-json.log","Name":"/xenodochial_satoshi","RestartCount":0,"Driver":"overlay2","Platform":"linux","MountLabel":"","ProcessLabel":"","AppArmorProfile":"docker-default","ExecIDs":null,"HostConfig":{"Binds":[],"ContainerIDFile":"","LogConfig":{"Type":"json-file","Config":{}},"NetworkMode":"default","PortBindings":{"3306/tcp":[{"HostIp":"","HostPort":""}]},"RestartPolicy":{"Name":"","MaximumRetryCount":0},"AutoRemove":false,"VolumeDriver":"","VolumesFrom":[],"CapAdd":null,"CapDrop":null,"CgroupnsMode":"host","Dns":null,"DnsOptions":null,"DnsSearch":null,"ExtraHosts":[],"GroupAdd":null,"IpcMode":"shareable","Cgroup":"","Links":null,"OomScoreAdj":0,"PidMode":"","Privileged":false,"PublishAllPorts":false,"ReadonlyRootfs":false,"SecurityOpt":null,"UTSMode":"","UsernsMode":"","ShmSize":67108864,"Runtime":"runc","ConsoleSize":[0,0],"Isolation":"","CpuShares":0,"Memory":0,"NanoCpus":0,"CgroupParent":"","BlkioWeight":0,"BlkioWeightDevice":null,"BlkioDeviceReadBps":null,"BlkioDeviceWriteBps":null,"BlkioDeviceReadIOps":null,"BlkioDeviceWriteIOps":null,"CpuPeriod":0,"CpuQuota":0,"CpuRealtimePeriod":0,"CpuRealtimeRuntime":0,"CpusetCpus":"","CpusetMems":"","Devices":null,"DeviceCgroupRules":null,"DeviceRequests":null,"KernelMemory":0,"KernelMemoryTCP":0,"MemoryReservation":0,"MemorySwap":0,"MemorySwappiness":null,"OomKillDisable":false,"PidsLimit":null,"Ulimits":null,"CpuCount":0,"CpuPercent":0,"IOMaximumIOps":0,"IOMaximumBandwidth":0,"MaskedPaths":["/proc/asound","/proc/acpi","/proc/kcore","/proc/keys","/proc/latency_stats","/proc/timer_list","/proc/timer_stats","/proc/sched_debug","/proc/scsi","/sys/firmware"],"ReadonlyPaths":["/proc/bus","/proc/fs","/proc/irq","/proc/sys","/proc/sysrq-trigger"]},"GraphDriver":{"Data":{"LowerDir":"/var/lib/docker/overlay2/5529564f52cf969e31e7a1482c27be7ffed19639b506ae2e15b7e7115f699a73-init/diff:/var/lib/docker/overlay2/833a665819b5d9728d3efa7c33135034345a24f83af53b1a1af33d9b64f5492a/diff:/var/lib/docker/overlay2/bd4a2a46c227c2f15475b08c398f37acaab93f4fdba31de015d730efae0a0cfc/diff:/var/lib/docker/overlay2/31ad437d7cba8e64428a2b62db1bbb2a2ec19ca4e439ec493ef4deb50dce2783/diff:/var/lib/docker/overlay2/35173cbd8ec5b88a8888e9abbe75f8694f5d3f96a9b781bb70dc1f0889685741/diff:/var/lib/docker/overlay2/24bf69ac4e8c81062fee44e7c9f746fffbb139c3f7f4b55b4fd1b23bb101b529/diff:/var/lib/docker/overlay2/2f27c96a7775dad186b6f0da325d5a251c80aa1b7f80cf8520f493c5154aee70/diff:/var/lib/docker/overlay2/463a60088c72ddbea82639ded15801e35a79c443f6a26bf1baf320c683cb06af/diff:/var/lib/docker/overlay2/80b8224b23a2ee4b5be635c58ae579fd1913aa95558cd66ab2f5e8430f00a5b8/diff:/var/lib/docker/overlay2/20451fa0b1a07b85d665bc3a0359d721ce4e4c28fa3bce7456ab25e0babae708/diff:/var/lib/docker/overlay2/f80d865cbc6c1c6f57d0963fa6234e7a6409e079eb17f4f13ca41d02731701ad/diff:/var/lib/docker/overlay2/5a3029e0b57c6ec9b985871ff6adf08356aaa0f2a15f1e34c1a7f116ecc4a61d/diff:/var/lib/docker/overlay2/4f3423103248d0b381a1bc6a7287e2b42313ff458cea602a02b7379014b03e0e/diff","MergedDir":"/var/lib/docker/overlay2/5529564f52cf969e31e7a1482c27be7ffed19639b506ae2e15b7e7115f699a73/merged","UpperDir":"/var/lib/docker/overlay2/5529564f52cf969e31e7a1482c27be7ffed19639b506ae2e15b7e7115f699a73/diff","WorkDir":"/var/lib/docker/overlay2/5529564f52cf969e31e7a1482c27be7ffed19639b506ae2e15b7e7115f699a73/work"},"Name":"overlay2"},"Mounts":[{"Type":"volume","Name":"fd1f613c7fe3ca3ae799982507ac3f565cc9f6a2dc99ceaed92389e2c43f47d1","Source":"/var/lib/docker/volumes/fd1f613c7fe3ca3ae799982507ac3f565cc9f6a2dc99ceaed92389e2c43f47d1/_data","Destination":"/var/lib/mysql","Driver":"local","Mode":"","RW":true,"Propagation":""}],"Config":{"Hostname":"9691e3189171","Domainname":"","User":"","AttachStdin":false,"AttachStdout":false,"AttachStderr":false,"ExposedPorts":{"3306/tcp":{},"33060/tcp":{}},"Tty":false,"OpenStdin":false,"StdinOnce":false,"Env":["MYSQL_DATABASE=test","MYSQL_PASSWORD=admin","MYSQL_USER=admin","MYSQL_ROOT_PASSWORD=admin","PATH=/usr/local/sbin:/usr/local/bin:/usr/sbin:/usr/bin:/sbin:/bin","GOSU_VERSION=1.14","MYSQL_MAJOR=8.0","MYSQL_VERSION=8.0.29-1debian10"],"Cmd":["mysqld"],"Image":"mysql:8.0","Volumes":{"/var/lib/mysql":{}},"WorkingDir":"","Entrypoint":["docker-entrypoint.sh"],"OnBuild":null,"Labels":{"org.testcontainers":"true","org.testcontainers.sessionId":"d48265e4-2b28-4f8c-aa67-76dd8289af84"}},"NetworkSettings":{"Bridge":"","SandboxID":"d9de8570fe3f0a4e9f3a1ff7101c963bbd2c6a0a9d8a867b96f17f4d5edca537","HairpinMode":false,"LinkLocalIPv6Address":"","LinkLocalIPv6PrefixLen":0,"Ports":{"3306/tcp":[{"HostIp":"0.0.0.0","HostPort":"49160"},{"HostIp":"::","HostPort":"49160"}],"33060/tcp":null},"SandboxKey":"/var/run/docker/netns/d9de8570fe3f","SecondaryIPAddresses":null,"SecondaryIPv6Addresses":null,"EndpointID":"93e8fe159f683a98670e8995677c2b130dbce857fc116679206e206bda319cbf","Gateway":"172.17.0.1","GlobalIPv6Address":"","GlobalIPv6PrefixLen":0,"IPAddress":"172.17.0.3","IPPrefixLen":16,"IPv6Gateway":"","MacAddress":"02:42:ac:11:00:03","Networks":{"bridge":{"IPAMConfig":null,"Links":null,"Aliases":null,"NetworkID":"1853cd2b9856825cc97ed9ef2b12efa82d95bf9cf60ad666c276eb35cc53539e","EndpointID":"93e8fe159f683a98670e8995677c2b130dbce857fc116679206e206bda319cbf","Gateway":"172.17.0.1","IPAddress":"172.17.0.3","IPPrefixLen":16,"IPv6Gateway":"","GlobalIPv6Address":"","GlobalIPv6PrefixLen":0,"MacAddress":"02:42:ac:11:00:03","DriverOpts":null}}}}[\n]"
03:33:03.057 [main] DEBUG com.github.dockerjava.zerodep.shaded.org.apache.hc.client5.http.wire - http-outgoing-2 << "[\r][\n]"
03:33:03.057 [main] DEBUG com.github.dockerjava.zerodep.shaded.org.apache.hc.client5.http.wire - http-outgoing-2 << "0[\r][\n]"
03:33:03.057 [main] DEBUG com.github.dockerjava.zerodep.shaded.org.apache.hc.client5.http.wire - http-outgoing-2 << "[\r][\n]"
03:33:03.057 [main] DEBUG com.github.dockerjava.zerodep.shaded.org.apache.hc.client5.http.headers - http-outgoing-2 << HTTP/1.1 200 OK
03:33:03.058 [main] DEBUG com.github.dockerjava.zerodep.shaded.org.apache.hc.client5.http.headers - http-outgoing-2 << Api-Version: 1.41
03:33:03.058 [main] DEBUG com.github.dockerjava.zerodep.shaded.org.apache.hc.client5.http.headers - http-outgoing-2 << Content-Type: application/json
03:33:03.058 [main] DEBUG com.github.dockerjava.zerodep.shaded.org.apache.hc.client5.http.headers - http-outgoing-2 << Docker-Experimental: false
03:33:03.058 [main] DEBUG com.github.dockerjava.zerodep.shaded.org.apache.hc.client5.http.headers - http-outgoing-2 << Ostype: linux
03:33:03.058 [main] DEBUG com.github.dockerjava.zerodep.shaded.org.apache.hc.client5.http.headers - http-outgoing-2 << Server: Docker/20.10.12 (linux)
03:33:03.058 [main] DEBUG com.github.dockerjava.zerodep.shaded.org.apache.hc.client5.http.headers - http-outgoing-2 << Date: Thu, 23 Jun 2022 02:33:03 GMT
03:33:03.058 [main] DEBUG com.github.dockerjava.zerodep.shaded.org.apache.hc.client5.http.headers - http-outgoing-2 << Transfer-Encoding: chunked
03:33:03.058 [main] DEBUG com.github.dockerjava.zerodep.shaded.org.apache.hc.client5.http.impl.classic.MainClientExec - ex-0000009A: connection can be kept alive for 3 MINUTES
03:33:03.058 [main] DEBUG com.github.dockerjava.zerodep.shaded.org.apache.hc.client5.http.impl.classic.InternalHttpClient - ep-00000099: releasing valid endpoint
03:33:03.059 [main] DEBUG com.github.dockerjava.zerodep.shaded.org.apache.hc.client5.http.impl.io.PoolingHttpClientConnectionManager - ep-00000099: releasing endpoint
03:33:03.059 [main] DEBUG com.github.dockerjava.zerodep.shaded.org.apache.hc.client5.http.impl.io.PoolingHttpClientConnectionManager - ep-00000099: connection http-outgoing-2 can be kept alive for 3 MINUTES
03:33:03.059 [main] DEBUG com.github.dockerjava.zerodep.shaded.org.apache.hc.client5.http.impl.io.PoolingHttpClientConnectionManager - ep-00000099: connection released [route: {}->unix://localhost:2375][total available: 1; route allocated: 1 of 2147483647; total allocated: 1 of 2147483647]
03:33:03.059 [main] DEBUG 🐳 [mysql:8.0] - Trying to create JDBC connection using com.mysql.cj.jdbc.Driver to jdbc:mysql://localhost:49160/test?useSSL=false&allowPublicKeyRetrieval=true with properties: {password=admin, user=admin}
03:33:03.160 [main] DEBUG org.testcontainers.shaded.com.github.dockerjava.core.command.AbstrDockerCmd - Cmd: 9691e31891711283f4d98263d11bc6156717d3e75a0b86a23f3b128a992c1f38,false
03:33:03.160 [main] DEBUG org.testcontainers.shaded.com.github.dockerjava.core.exec.InspectContainerCmdExec - GET: DefaultWebTarget{path=[/containers/9691e31891711283f4d98263d11bc6156717d3e75a0b86a23f3b128a992c1f38/json], queryParams={}}
03:33:03.160 [main] DEBUG com.github.dockerjava.zerodep.shaded.org.apache.hc.client5.http.impl.classic.InternalHttpClient - ex-0000009B: preparing request execution
03:33:03.161 [main] DEBUG com.github.dockerjava.zerodep.shaded.org.apache.hc.client5.http.protocol.RequestAddCookies - Cookie spec selected: strict
03:33:03.161 [main] DEBUG com.github.dockerjava.zerodep.shaded.org.apache.hc.client5.http.protocol.RequestAuthCache - Auth cache not set in the context
03:33:03.161 [main] DEBUG com.github.dockerjava.zerodep.shaded.org.apache.hc.client5.http.impl.classic.ProtocolExec - ex-0000009B: target auth state: UNCHALLENGED
03:33:03.161 [main] DEBUG com.github.dockerjava.zerodep.shaded.org.apache.hc.client5.http.impl.classic.ProtocolExec - ex-0000009B: proxy auth state: UNCHALLENGED
03:33:03.161 [main] DEBUG com.github.dockerjava.zerodep.shaded.org.apache.hc.client5.http.impl.classic.ConnectExec - ex-0000009B: acquiring connection with route {}->unix://localhost:2375
03:33:03.161 [main] DEBUG com.github.dockerjava.zerodep.shaded.org.apache.hc.client5.http.impl.classic.InternalHttpClient - ex-0000009B: acquiring endpoint (3 MINUTES)
03:33:03.161 [main] DEBUG com.github.dockerjava.zerodep.shaded.org.apache.hc.client5.http.impl.io.PoolingHttpClientConnectionManager - ex-0000009B: endpoint lease request (3 MINUTES) [route: {}->unix://localhost:2375][total available: 1; route allocated: 1 of 2147483647; total allocated: 1 of 2147483647]
03:33:03.161 [main] DEBUG com.github.dockerjava.zerodep.shaded.org.apache.hc.client5.http.impl.io.PoolingHttpClientConnectionManager - ex-0000009B: endpoint leased [route: {}->unix://localhost:2375][total available: 0; route allocated: 1 of 2147483647; total allocated: 1 of 2147483647]
03:33:03.161 [main] DEBUG com.github.dockerjava.zerodep.shaded.org.apache.hc.client5.http.impl.io.PoolingHttpClientConnectionManager - ex-0000009B: acquired ep-0000009A
03:33:03.161 [main] DEBUG com.github.dockerjava.zerodep.shaded.org.apache.hc.client5.http.impl.classic.InternalHttpClient - ex-0000009B: acquired endpoint ep-0000009A
03:33:03.161 [main] DEBUG com.github.dockerjava.zerodep.shaded.org.apache.hc.client5.http.impl.classic.MainClientExec - ex-0000009B: executing GET /v1.32/containers/9691e31891711283f4d98263d11bc6156717d3e75a0b86a23f3b128a992c1f38/json HTTP/1.1
03:33:03.161 [main] DEBUG com.github.dockerjava.zerodep.shaded.org.apache.hc.client5.http.impl.classic.InternalHttpClient - ep-0000009A: start execution ex-0000009B
03:33:03.161 [main] DEBUG com.github.dockerjava.zerodep.shaded.org.apache.hc.client5.http.impl.io.PoolingHttpClientConnectionManager - ep-0000009A: executing exchange ex-0000009B over http-outgoing-2
03:33:03.161 [main] DEBUG com.github.dockerjava.zerodep.shaded.org.apache.hc.client5.http.headers - http-outgoing-2 >> GET /v1.32/containers/9691e31891711283f4d98263d11bc6156717d3e75a0b86a23f3b128a992c1f38/json HTTP/1.1
03:33:03.161 [main] DEBUG com.github.dockerjava.zerodep.shaded.org.apache.hc.client5.http.headers - http-outgoing-2 >> accept: application/json
03:33:03.161 [main] DEBUG com.github.dockerjava.zerodep.shaded.org.apache.hc.client5.http.headers - http-outgoing-2 >> Accept-Encoding: gzip, x-gzip, deflate
03:33:03.161 [main] DEBUG com.github.dockerjava.zerodep.shaded.org.apache.hc.client5.http.headers - http-outgoing-2 >> Host: localhost:2375
03:33:03.161 [main] DEBUG com.github.dockerjava.zerodep.shaded.org.apache.hc.client5.http.headers - http-outgoing-2 >> Connection: keep-alive
03:33:03.161 [main] DEBUG com.github.dockerjava.zerodep.shaded.org.apache.hc.client5.http.headers - http-outgoing-2 >> User-Agent: Apache-HttpClient/5.0.3 (Java/11.0.15)
03:33:03.161 [main] DEBUG com.github.dockerjava.zerodep.shaded.org.apache.hc.client5.http.wire - http-outgoing-2 >> "GET /v1.32/containers/9691e31891711283f4d98263d11bc6156717d3e75a0b86a23f3b128a992c1f38/json HTTP/1.1[\r][\n]"
03:33:03.161 [main] DEBUG com.github.dockerjava.zerodep.shaded.org.apache.hc.client5.http.wire - http-outgoing-2 >> "accept: application/json[\r][\n]"
03:33:03.161 [main] DEBUG com.github.dockerjava.zerodep.shaded.org.apache.hc.client5.http.wire - http-outgoing-2 >> "Accept-Encoding: gzip, x-gzip, deflate[\r][\n]"
03:33:03.161 [main] DEBUG com.github.dockerjava.zerodep.shaded.org.apache.hc.client5.http.wire - http-outgoing-2 >> "Host: localhost:2375[\r][\n]"
03:33:03.161 [main] DEBUG com.github.dockerjava.zerodep.shaded.org.apache.hc.client5.http.wire - http-outgoing-2 >> "Connection: keep-alive[\r][\n]"
03:33:03.161 [main] DEBUG com.github.dockerjava.zerodep.shaded.org.apache.hc.client5.http.wire - http-outgoing-2 >> "User-Agent: Apache-HttpClient/5.0.3 (Java/11.0.15)[\r][\n]"
03:33:03.161 [main] DEBUG com.github.dockerjava.zerodep.shaded.org.apache.hc.client5.http.wire - http-outgoing-2 >> "[\r][\n]"
03:33:03.162 [main] DEBUG com.github.dockerjava.zerodep.shaded.org.apache.hc.client5.http.wire - http-outgoing-2 << "HTTP/1.1 200 OK[\r][\n]"
03:33:03.162 [main] DEBUG com.github.dockerjava.zerodep.shaded.org.apache.hc.client5.http.wire - http-outgoing-2 << "Api-Version: 1.41[\r][\n]"
03:33:03.162 [main] DEBUG com.github.dockerjava.zerodep.shaded.org.apache.hc.client5.http.wire - http-outgoing-2 << "Content-Type: application/json[\r][\n]"
03:33:03.162 [main] DEBUG com.github.dockerjava.zerodep.shaded.org.apache.hc.client5.http.wire - http-outgoing-2 << "Docker-Experimental: false[\r][\n]"
03:33:03.162 [main] DEBUG com.github.dockerjava.zerodep.shaded.org.apache.hc.client5.http.wire - http-outgoing-2 << "Ostype: linux[\r][\n]"
03:33:03.162 [main] DEBUG com.github.dockerjava.zerodep.shaded.org.apache.hc.client5.http.wire - http-outgoing-2 << "Server: Docker/20.10.12 (linux)[\r][\n]"
03:33:03.162 [main] DEBUG com.github.dockerjava.zerodep.shaded.org.apache.hc.client5.http.wire - http-outgoing-2 << "Date: Thu, 23 Jun 2022 02:33:03 GMT[\r][\n]"
03:33:03.162 [main] DEBUG com.github.dockerjava.zerodep.shaded.org.apache.hc.client5.http.wire - http-outgoing-2 << "Transfer-Encoding: chunked[\r][\n]"
03:33:03.162 [main] DEBUG com.github.dockerjava.zerodep.shaded.org.apache.hc.client5.http.wire - http-outgoing-2 << "[\r][\n]"
03:33:03.162 [main] DEBUG com.github.dockerjava.zerodep.shaded.org.apache.hc.client5.http.wire - http-outgoing-2 << "18ed[\r][\n]"
03:33:03.162 [main] DEBUG com.github.dockerjava.zerodep.shaded.org.apache.hc.client5.http.wire - http-outgoing-2 << "{"Id":"9691e31891711283f4d98263d11bc6156717d3e75a0b86a23f3b128a992c1f38","Created":"2022-06-23T02:32:47.03956921Z","Path":"docker-entrypoint.sh","Args":["mysqld"],"State":{"Status":"running","Running":true,"Paused":false,"Restarting":false,"OOMKilled":false,"Dead":false,"Pid":66188,"ExitCode":0,"Error":"","StartedAt":"2022-06-23T02:32:47.703880551Z","FinishedAt":"0001-01-01T00:00:00Z"},"Image":"sha256:65b636d5542b73254ce90cc4b895597dc1adc2c661ca553c38eda159979dded1","ResolvConfPath":"/var/lib/docker/containers/9691e31891711283f4d98263d11bc6156717d3e75a0b86a23f3b128a992c1f38/resolv.conf","HostnamePath":"/var/lib/docker/containers/9691e31891711283f4d98263d11bc6156717d3e75a0b86a23f3b128a992c1f38/hostname","HostsPath":"/var/lib/docker/containers/9691e31891711283f4d98263d11bc6156717d3e75a0b86a23f3b128a992c1f38/hosts","LogPath":"/var/lib/docker/containers/9691e31891711283f4d98263d11bc6156717d3e75a0b86a23f3b128a992c1f38/9691e31891711283f4d98263d11bc6156717d3e75a0b86a23f3b128a992c1f38-json.log","Name":"/xenodochial_satoshi","RestartCount":0,"Driver":"overlay2","Platform":"linux","MountLabel":"","ProcessLabel":"","AppArmorProfile":"docker-default","ExecIDs":null,"HostConfig":{"Binds":[],"ContainerIDFile":"","LogConfig":{"Type":"json-file","Config":{}},"NetworkMode":"default","PortBindings":{"3306/tcp":[{"HostIp":"","HostPort":""}]},"RestartPolicy":{"Name":"","MaximumRetryCount":0},"AutoRemove":false,"VolumeDriver":"","VolumesFrom":[],"CapAdd":null,"CapDrop":null,"CgroupnsMode":"host","Dns":null,"DnsOptions":null,"DnsSearch":null,"ExtraHosts":[],"GroupAdd":null,"IpcMode":"shareable","Cgroup":"","Links":null,"OomScoreAdj":0,"PidMode":"","Privileged":false,"PublishAllPorts":false,"ReadonlyRootfs":false,"SecurityOpt":null,"UTSMode":"","UsernsMode":"","ShmSize":67108864,"Runtime":"runc","ConsoleSize":[0,0],"Isolation":"","CpuShares":0,"Memory":0,"NanoCpus":0,"CgroupParent":"","BlkioWeight":0,"BlkioWeightDevice":null,"BlkioDeviceReadBps":null,"BlkioDeviceWriteBps":null,"BlkioDeviceReadIOps":null,"BlkioDeviceWriteIOps":null,"CpuPeriod":0,"CpuQuota":0,"CpuRealtimePeriod":0,"CpuRealtimeRuntime":0,"CpusetCpus":"","CpusetMems":"","Devices":null,"DeviceCgroupRules":null,"DeviceRequests":null,"KernelMemory":0,"KernelMemoryTCP":0,"MemoryReservation":0,"MemorySwap":0,"MemorySwappiness":null,"OomKillDisable":false,"PidsLimit":null,"Ulimits":null,"CpuCount":0,"CpuPercent":0,"IOMaximumIOps":0,"IOMaximumBandwidth":0,"MaskedPaths":["/proc/asound","/proc/acpi","/proc/kcore","/proc/keys","/proc/latency_stats","/proc/timer_list","/proc/timer_stats","/proc/sched_debug","/proc/scsi","/sys/firmware"],"ReadonlyPaths":["/proc/bus","/proc/fs","/proc/irq","/proc/sys","/proc/sysrq-trigger"]},"GraphDriver":{"Data":{"LowerDir":"/var/lib/docker/overlay2/5529564f52cf969e31e7a1482c27be7ffed19639b506ae2e15b7e7115f699a73-init/diff:/var/lib/docker/overlay2/833a665819b5d9728d3efa7c33135034345a24f83af53b1a1af33d9b64f5492a/diff:/var/lib/docker/overlay2/bd4a2a46c227c2f15475b08c398f37acaab93f4fdba31de015d730efae0a0cfc/diff:/var/lib/docker/overlay2/31ad437d7cba8e64428a2b62db1bbb2a2ec19ca4e439ec493ef4deb50dce2783/diff:/var/lib/docker/overlay2/35173cbd8ec5b88a8888e9abbe75f8694f5d3f96a9b781bb70dc1f0889685741/diff:/var/lib/docker/overlay2/24bf69ac4e8c81062fee44e7c9f746fffbb139c3f7f4b55b4fd1b23bb101b529/diff:/var/lib/docker/overlay2/2f27c96a7775dad186b6f0da325d5a251c80aa1b7f80cf8520f493c5154aee70/diff:/var/lib/docker/overlay2/463a60088c72ddbea82639ded15801e35a79c443f6a26bf1baf320c683cb06af/diff:/var/lib/docker/overlay2/80b8224b23a2ee4b5be635c58ae579fd1913aa95558cd66ab2f5e8430f00a5b8/diff:/var/lib/docker/overlay2/20451fa0b1a07b85d665bc3a0359d721ce4e4c28fa3bce7456ab25e0babae708/diff:/var/lib/docker/overlay2/f80d865cbc6c1c6f57d0963fa6234e7a6409e079eb17f4f13ca41d02731701ad/diff:/var/lib/docker/overlay2/5a3029e0b57c6ec9b985871ff6adf08356aaa0f2a15f1e34c1a7f116ecc4a61d/diff:/var/lib/docker/overlay2/4f3423103248d0b381a1bc6a7287e2b42313ff458cea602a02b7379014b03e0e/diff","MergedDir":"/var/lib/docker/overlay2/5529564f52cf969e31e7a1482c27be7ffed19639b506ae2e15b7e7115f699a73/merged","UpperDir":"/var/lib/docker/overlay2/5529564f52cf969e31e7a1482c27be7ffed19639b506ae2e15b7e7115f699a73/diff","WorkDir":"/var/lib/docker/overlay2/5529564f52cf969e31e7a1482c27be7ffed19639b506ae2e15b7e7115f699a73/work"},"Name":"overlay2"},"Mounts":[{"Type":"volume","Name":"fd1f613c7fe3ca3ae799982507ac3f565cc9f6a2dc99ceaed92389e2c43f47d1","Source":"/var/lib/docker/volumes/fd1f613c7fe3ca3ae799982507ac3f565cc9f6a2dc99ceaed92389e2c43f47d1/_data","Destination":"/var/lib/mysql","Driver":"local","Mode":"","RW":true,"Propagation":""}],"Config":{"Hostname":"9691e3189171","Domainname":"","User":"","AttachStdin":false,"AttachStdout":false,"AttachStderr":false,"ExposedPorts":{"3306/tcp":{},"33060/tcp":{}},"Tty":false,"OpenStdin":false,"StdinOnce":false,"Env":["MYSQL_DATABASE=test","MYSQL_PASSWORD=admin","MYSQL_USER=admin","MYSQL_ROOT_PASSWORD=admin","PATH=/usr/local/sbin:/usr/local/bin:/usr/sbin:/usr/bin:/sbin:/bin","GOSU_VERSION=1.14","MYSQL_MAJOR=8.0","MYSQL_VERSION=8.0.29-1debian10"],"Cmd":["mysqld"],"Image":"mysql:8.0","Volumes":{"/var/lib/mysql":{}},"WorkingDir":"","Entrypoint":["docker-entrypoint.sh"],"OnBuild":null,"Labels":{"org.testcontainers":"true","org.testcontainers.sessionId":"d48265e4-2b28-4f8c-aa67-76dd8289af84"}},"NetworkSettings":{"Bridge":"","SandboxID":"d9de8570fe3f0a4e9f3a1ff7101c963bbd2c6a0a9d8a867b96f17f4d5edca537","HairpinMode":false,"LinkLocalIPv6Address":"","LinkLocalIPv6PrefixLen":0,"Ports":{"3306/tcp":[{"HostIp":"0.0.0.0","HostPort":"49160"},{"HostIp":"::","HostPort":"49160"}],"33060/tcp":null},"SandboxKey":"/var/run/docker/netns/d9de8570fe3f","SecondaryIPAddresses":null,"SecondaryIPv6Addresses":null,"EndpointID":"93e8fe159f683a98670e8995677c2b130dbce857fc116679206e206bda319cbf","Gateway":"172.17.0.1","GlobalIPv6Address":"","GlobalIPv6PrefixLen":0,"IPAddress":"172.17.0.3","IPPrefixLen":16,"IPv6Gateway":"","MacAddress":"02:42:ac:11:00:03","Networks":{"bridge":{"IPAMConfig":null,"Links":null,"Aliases":null,"NetworkID":"1853cd2b9856825cc97ed9ef2b12efa82d95bf9cf60ad666c276eb35cc53539e","EndpointID":"93e8fe159f683a98670e8995677c2b130dbce857fc116679206e206bda319cbf","Gateway":"172.17.0.1","IPAddress":"172.17.0.3","IPPrefixLen":16,"IPv6Gateway":"","GlobalIPv6Address":"","GlobalIPv6PrefixLen":0,"MacAddress":"02:42:ac:11:00:03","DriverOpts":null}}}}[\n]"
03:33:03.162 [main] DEBUG com.github.dockerjava.zerodep.shaded.org.apache.hc.client5.http.wire - http-outgoing-2 << "[\r][\n]"
03:33:03.162 [main] DEBUG com.github.dockerjava.zerodep.shaded.org.apache.hc.client5.http.wire - http-outgoing-2 << "0[\r][\n]"
03:33:03.162 [main] DEBUG com.github.dockerjava.zerodep.shaded.org.apache.hc.client5.http.wire - http-outgoing-2 << "[\r][\n]"
03:33:03.162 [main] DEBUG com.github.dockerjava.zerodep.shaded.org.apache.hc.client5.http.headers - http-outgoing-2 << HTTP/1.1 200 OK
03:33:03.162 [main] DEBUG com.github.dockerjava.zerodep.shaded.org.apache.hc.client5.http.headers - http-outgoing-2 << Api-Version: 1.41
03:33:03.162 [main] DEBUG com.github.dockerjava.zerodep.shaded.org.apache.hc.client5.http.headers - http-outgoing-2 << Content-Type: application/json
03:33:03.162 [main] DEBUG com.github.dockerjava.zerodep.shaded.org.apache.hc.client5.http.headers - http-outgoing-2 << Docker-Experimental: false
03:33:03.162 [main] DEBUG com.github.dockerjava.zerodep.shaded.org.apache.hc.client5.http.headers - http-outgoing-2 << Ostype: linux
03:33:03.162 [main] DEBUG com.github.dockerjava.zerodep.shaded.org.apache.hc.client5.http.headers - http-outgoing-2 << Server: Docker/20.10.12 (linux)
03:33:03.162 [main] DEBUG com.github.dockerjava.zerodep.shaded.org.apache.hc.client5.http.headers - http-outgoing-2 << Date: Thu, 23 Jun 2022 02:33:03 GMT
03:33:03.162 [main] DEBUG com.github.dockerjava.zerodep.shaded.org.apache.hc.client5.http.headers - http-outgoing-2 << Transfer-Encoding: chunked
03:33:03.162 [main] DEBUG com.github.dockerjava.zerodep.shaded.org.apache.hc.client5.http.impl.classic.MainClientExec - ex-0000009B: connection can be kept alive for 3 MINUTES
03:33:03.163 [main] DEBUG com.github.dockerjava.zerodep.shaded.org.apache.hc.client5.http.impl.classic.InternalHttpClient - ep-0000009A: releasing valid endpoint
03:33:03.163 [main] DEBUG com.github.dockerjava.zerodep.shaded.org.apache.hc.client5.http.impl.io.PoolingHttpClientConnectionManager - ep-0000009A: releasing endpoint
03:33:03.163 [main] DEBUG com.github.dockerjava.zerodep.shaded.org.apache.hc.client5.http.impl.io.PoolingHttpClientConnectionManager - ep-0000009A: connection http-outgoing-2 can be kept alive for 3 MINUTES
03:33:03.163 [main] DEBUG com.github.dockerjava.zerodep.shaded.org.apache.hc.client5.http.impl.io.PoolingHttpClientConnectionManager - ep-0000009A: connection released [route: {}->unix://localhost:2375][total available: 1; route allocated: 1 of 2147483647; total allocated: 1 of 2147483647]
03:33:03.163 [main] DEBUG 🐳 [mysql:8.0] - Trying to create JDBC connection using com.mysql.cj.jdbc.Driver to jdbc:mysql://localhost:49160/test?useSSL=false&allowPublicKeyRetrieval=true with properties: {password=admin, user=admin}
03:33:03.265 [main] DEBUG org.testcontainers.shaded.com.github.dockerjava.core.command.AbstrDockerCmd - Cmd: 9691e31891711283f4d98263d11bc6156717d3e75a0b86a23f3b128a992c1f38,false
03:33:03.265 [main] DEBUG org.testcontainers.shaded.com.github.dockerjava.core.exec.InspectContainerCmdExec - GET: DefaultWebTarget{path=[/containers/9691e31891711283f4d98263d11bc6156717d3e75a0b86a23f3b128a992c1f38/json], queryParams={}}
03:33:03.265 [main] DEBUG com.github.dockerjava.zerodep.shaded.org.apache.hc.client5.http.impl.classic.InternalHttpClient - ex-0000009C: preparing request execution
03:33:03.265 [main] DEBUG com.github.dockerjava.zerodep.shaded.org.apache.hc.client5.http.protocol.RequestAddCookies - Cookie spec selected: strict
03:33:03.265 [main] DEBUG com.github.dockerjava.zerodep.shaded.org.apache.hc.client5.http.protocol.RequestAuthCache - Auth cache not set in the context
03:33:03.265 [main] DEBUG com.github.dockerjava.zerodep.shaded.org.apache.hc.client5.http.impl.classic.ProtocolExec - ex-0000009C: target auth state: UNCHALLENGED
03:33:03.265 [main] DEBUG com.github.dockerjava.zerodep.shaded.org.apache.hc.client5.http.impl.classic.ProtocolExec - ex-0000009C: proxy auth state: UNCHALLENGED
03:33:03.265 [main] DEBUG com.github.dockerjava.zerodep.shaded.org.apache.hc.client5.http.impl.classic.ConnectExec - ex-0000009C: acquiring connection with route {}->unix://localhost:2375
03:33:03.265 [main] DEBUG com.github.dockerjava.zerodep.shaded.org.apache.hc.client5.http.impl.classic.InternalHttpClient - ex-0000009C: acquiring endpoint (3 MINUTES)
03:33:03.265 [main] DEBUG com.github.dockerjava.zerodep.shaded.org.apache.hc.client5.http.impl.io.PoolingHttpClientConnectionManager - ex-0000009C: endpoint lease request (3 MINUTES) [route: {}->unix://localhost:2375][total available: 1; route allocated: 1 of 2147483647; total allocated: 1 of 2147483647]
03:33:03.265 [main] DEBUG com.github.dockerjava.zerodep.shaded.org.apache.hc.client5.http.impl.io.PoolingHttpClientConnectionManager - ex-0000009C: endpoint leased [route: {}->unix://localhost:2375][total available: 0; route allocated: 1 of 2147483647; total allocated: 1 of 2147483647]
03:33:03.265 [main] DEBUG com.github.dockerjava.zerodep.shaded.org.apache.hc.client5.http.impl.io.PoolingHttpClientConnectionManager - ex-0000009C: acquired ep-0000009B
03:33:03.265 [main] DEBUG com.github.dockerjava.zerodep.shaded.org.apache.hc.client5.http.impl.classic.InternalHttpClient - ex-0000009C: acquired endpoint ep-0000009B
03:33:03.265 [main] DEBUG com.github.dockerjava.zerodep.shaded.org.apache.hc.client5.http.impl.classic.MainClientExec - ex-0000009C: executing GET /v1.32/containers/9691e31891711283f4d98263d11bc6156717d3e75a0b86a23f3b128a992c1f38/json HTTP/1.1
03:33:03.265 [main] DEBUG com.github.dockerjava.zerodep.shaded.org.apache.hc.client5.http.impl.classic.InternalHttpClient - ep-0000009B: start execution ex-0000009C
03:33:03.265 [main] DEBUG com.github.dockerjava.zerodep.shaded.org.apache.hc.client5.http.impl.io.PoolingHttpClientConnectionManager - ep-0000009B: executing exchange ex-0000009C over http-outgoing-2
03:33:03.265 [main] DEBUG com.github.dockerjava.zerodep.shaded.org.apache.hc.client5.http.headers - http-outgoing-2 >> GET /v1.32/containers/9691e31891711283f4d98263d11bc6156717d3e75a0b86a23f3b128a992c1f38/json HTTP/1.1
03:33:03.265 [main] DEBUG com.github.dockerjava.zerodep.shaded.org.apache.hc.client5.http.headers - http-outgoing-2 >> accept: application/json
03:33:03.265 [main] DEBUG com.github.dockerjava.zerodep.shaded.org.apache.hc.client5.http.headers - http-outgoing-2 >> Accept-Encoding: gzip, x-gzip, deflate
03:33:03.265 [main] DEBUG com.github.dockerjava.zerodep.shaded.org.apache.hc.client5.http.headers - http-outgoing-2 >> Host: localhost:2375
03:33:03.266 [main] DEBUG com.github.dockerjava.zerodep.shaded.org.apache.hc.client5.http.headers - http-outgoing-2 >> Connection: keep-alive
03:33:03.266 [main] DEBUG com.github.dockerjava.zerodep.shaded.org.apache.hc.client5.http.headers - http-outgoing-2 >> User-Agent: Apache-HttpClient/5.0.3 (Java/11.0.15)
03:33:03.266 [main] DEBUG com.github.dockerjava.zerodep.shaded.org.apache.hc.client5.http.wire - http-outgoing-2 >> "GET /v1.32/containers/9691e31891711283f4d98263d11bc6156717d3e75a0b86a23f3b128a992c1f38/json HTTP/1.1[\r][\n]"
03:33:03.266 [main] DEBUG com.github.dockerjava.zerodep.shaded.org.apache.hc.client5.http.wire - http-outgoing-2 >> "accept: application/json[\r][\n]"
03:33:03.266 [main] DEBUG com.github.dockerjava.zerodep.shaded.org.apache.hc.client5.http.wire - http-outgoing-2 >> "Accept-Encoding: gzip, x-gzip, deflate[\r][\n]"
03:33:03.266 [main] DEBUG com.github.dockerjava.zerodep.shaded.org.apache.hc.client5.http.wire - http-outgoing-2 >> "Host: localhost:2375[\r][\n]"
03:33:03.266 [main] DEBUG com.github.dockerjava.zerodep.shaded.org.apache.hc.client5.http.wire - http-outgoing-2 >> "Connection: keep-alive[\r][\n]"
03:33:03.266 [main] DEBUG com.github.dockerjava.zerodep.shaded.org.apache.hc.client5.http.wire - http-outgoing-2 >> "User-Agent: Apache-HttpClient/5.0.3 (Java/11.0.15)[\r][\n]"
03:33:03.266 [main] DEBUG com.github.dockerjava.zerodep.shaded.org.apache.hc.client5.http.wire - http-outgoing-2 >> "[\r][\n]"
03:33:03.266 [main] DEBUG com.github.dockerjava.zerodep.shaded.org.apache.hc.client5.http.wire - http-outgoing-2 << "HTTP/1.1 200 OK[\r][\n]"
03:33:03.266 [main] DEBUG com.github.dockerjava.zerodep.shaded.org.apache.hc.client5.http.wire - http-outgoing-2 << "Api-Version: 1.41[\r][\n]"
03:33:03.266 [main] DEBUG com.github.dockerjava.zerodep.shaded.org.apache.hc.client5.http.wire - http-outgoing-2 << "Content-Type: application/json[\r][\n]"
03:33:03.266 [main] DEBUG com.github.dockerjava.zerodep.shaded.org.apache.hc.client5.http.wire - http-outgoing-2 << "Docker-Experimental: false[\r][\n]"
03:33:03.266 [main] DEBUG com.github.dockerjava.zerodep.shaded.org.apache.hc.client5.http.wire - http-outgoing-2 << "Ostype: linux[\r][\n]"
03:33:03.266 [main] DEBUG com.github.dockerjava.zerodep.shaded.org.apache.hc.client5.http.wire - http-outgoing-2 << "Server: Docker/20.10.12 (linux)[\r][\n]"
03:33:03.266 [main] DEBUG com.github.dockerjava.zerodep.shaded.org.apache.hc.client5.http.wire - http-outgoing-2 << "Date: Thu, 23 Jun 2022 02:33:03 GMT[\r][\n]"
03:33:03.266 [main] DEBUG com.github.dockerjava.zerodep.shaded.org.apache.hc.client5.http.wire - http-outgoing-2 << "Transfer-Encoding: chunked[\r][\n]"
03:33:03.266 [main] DEBUG com.github.dockerjava.zerodep.shaded.org.apache.hc.client5.http.wire - http-outgoing-2 << "[\r][\n]"
03:33:03.266 [main] DEBUG com.github.dockerjava.zerodep.shaded.org.apache.hc.client5.http.wire - http-outgoing-2 << "18ed[\r][\n]"
03:33:03.266 [main] DEBUG com.github.dockerjava.zerodep.shaded.org.apache.hc.client5.http.wire - http-outgoing-2 << "{"Id":"9691e31891711283f4d98263d11bc6156717d3e75a0b86a23f3b128a992c1f38","Created":"2022-06-23T02:32:47.03956921Z","Path":"docker-entrypoint.sh","Args":["mysqld"],"State":{"Status":"running","Running":true,"Paused":false,"Restarting":false,"OOMKilled":false,"Dead":false,"Pid":66188,"ExitCode":0,"Error":"","StartedAt":"2022-06-23T02:32:47.703880551Z","FinishedAt":"0001-01-01T00:00:00Z"},"Image":"sha256:65b636d5542b73254ce90cc4b895597dc1adc2c661ca553c38eda159979dded1","ResolvConfPath":"/var/lib/docker/containers/9691e31891711283f4d98263d11bc6156717d3e75a0b86a23f3b128a992c1f38/resolv.conf","HostnamePath":"/var/lib/docker/containers/9691e31891711283f4d98263d11bc6156717d3e75a0b86a23f3b128a992c1f38/hostname","HostsPath":"/var/lib/docker/containers/9691e31891711283f4d98263d11bc6156717d3e75a0b86a23f3b128a992c1f38/hosts","LogPath":"/var/lib/docker/containers/9691e31891711283f4d98263d11bc6156717d3e75a0b86a23f3b128a992c1f38/9691e31891711283f4d98263d11bc6156717d3e75a0b86a23f3b128a992c1f38-json.log","Name":"/xenodochial_satoshi","RestartCount":0,"Driver":"overlay2","Platform":"linux","MountLabel":"","ProcessLabel":"","AppArmorProfile":"docker-default","ExecIDs":null,"HostConfig":{"Binds":[],"ContainerIDFile":"","LogConfig":{"Type":"json-file","Config":{}},"NetworkMode":"default","PortBindings":{"3306/tcp":[{"HostIp":"","HostPort":""}]},"RestartPolicy":{"Name":"","MaximumRetryCount":0},"AutoRemove":false,"VolumeDriver":"","VolumesFrom":[],"CapAdd":null,"CapDrop":null,"CgroupnsMode":"host","Dns":null,"DnsOptions":null,"DnsSearch":null,"ExtraHosts":[],"GroupAdd":null,"IpcMode":"shareable","Cgroup":"","Links":null,"OomScoreAdj":0,"PidMode":"","Privileged":false,"PublishAllPorts":false,"ReadonlyRootfs":false,"SecurityOpt":null,"UTSMode":"","UsernsMode":"","ShmSize":67108864,"Runtime":"runc","ConsoleSize":[0,0],"Isolation":"","CpuShares":0,"Memory":0,"NanoCpus":0,"CgroupParent":"","BlkioWeight":0,"BlkioWeightDevice":null,"BlkioDeviceReadBps":null,"BlkioDeviceWriteBps":null,"BlkioDeviceReadIOps":null,"BlkioDeviceWriteIOps":null,"CpuPeriod":0,"CpuQuota":0,"CpuRealtimePeriod":0,"CpuRealtimeRuntime":0,"CpusetCpus":"","CpusetMems":"","Devices":null,"DeviceCgroupRules":null,"DeviceRequests":null,"KernelMemory":0,"KernelMemoryTCP":0,"MemoryReservation":0,"MemorySwap":0,"MemorySwappiness":null,"OomKillDisable":false,"PidsLimit":null,"Ulimits":null,"CpuCount":0,"CpuPercent":0,"IOMaximumIOps":0,"IOMaximumBandwidth":0,"MaskedPaths":["/proc/asound","/proc/acpi","/proc/kcore","/proc/keys","/proc/latency_stats","/proc/timer_list","/proc/timer_stats","/proc/sched_debug","/proc/scsi","/sys/firmware"],"ReadonlyPaths":["/proc/bus","/proc/fs","/proc/irq","/proc/sys","/proc/sysrq-trigger"]},"GraphDriver":{"Data":{"LowerDir":"/var/lib/docker/overlay2/5529564f52cf969e31e7a1482c27be7ffed19639b506ae2e15b7e7115f699a73-init/diff:/var/lib/docker/overlay2/833a665819b5d9728d3efa7c33135034345a24f83af53b1a1af33d9b64f5492a/diff:/var/lib/docker/overlay2/bd4a2a46c227c2f15475b08c398f37acaab93f4fdba31de015d730efae0a0cfc/diff:/var/lib/docker/overlay2/31ad437d7cba8e64428a2b62db1bbb2a2ec19ca4e439ec493ef4deb50dce2783/diff:/var/lib/docker/overlay2/35173cbd8ec5b88a8888e9abbe75f8694f5d3f96a9b781bb70dc1f0889685741/diff:/var/lib/docker/overlay2/24bf69ac4e8c81062fee44e7c9f746fffbb139c3f7f4b55b4fd1b23bb101b529/diff:/var/lib/docker/overlay2/2f27c96a7775dad186b6f0da325d5a251c80aa1b7f80cf8520f493c5154aee70/diff:/var/lib/docker/overlay2/463a60088c72ddbea82639ded15801e35a79c443f6a26bf1baf320c683cb06af/diff:/var/lib/docker/overlay2/80b8224b23a2ee4b5be635c58ae579fd1913aa95558cd66ab2f5e8430f00a5b8/diff:/var/lib/docker/overlay2/20451fa0b1a07b85d665bc3a0359d721ce4e4c28fa3bce7456ab25e0babae708/diff:/var/lib/docker/overlay2/f80d865cbc6c1c6f57d0963fa6234e7a6409e079eb17f4f13ca41d02731701ad/diff:/var/lib/docker/overlay2/5a3029e0b57c6ec9b985871ff6adf08356aaa0f2a15f1e34c1a7f116ecc4a61d/dif"
03:33:03.266 [main] DEBUG com.github.dockerjava.zerodep.shaded.org.apache.hc.client5.http.headers - http-outgoing-2 << HTTP/1.1 200 OK
03:33:03.266 [main] DEBUG com.github.dockerjava.zerodep.shaded.org.apache.hc.client5.http.headers - http-outgoing-2 << Api-Version: 1.41
03:33:03.266 [main] DEBUG com.github.dockerjava.zerodep.shaded.org.apache.hc.client5.http.headers - http-outgoing-2 << Content-Type: application/json
03:33:03.266 [main] DEBUG com.github.dockerjava.zerodep.shaded.org.apache.hc.client5.http.headers - http-outgoing-2 << Docker-Experimental: false
03:33:03.266 [main] DEBUG com.github.dockerjava.zerodep.shaded.org.apache.hc.client5.http.headers - http-outgoing-2 << Ostype: linux
03:33:03.266 [main] DEBUG com.github.dockerjava.zerodep.shaded.org.apache.hc.client5.http.headers - http-outgoing-2 << Server: Docker/20.10.12 (linux)
03:33:03.266 [main] DEBUG com.github.dockerjava.zerodep.shaded.org.apache.hc.client5.http.headers - http-outgoing-2 << Date: Thu, 23 Jun 2022 02:33:03 GMT
03:33:03.266 [main] DEBUG com.github.dockerjava.zerodep.shaded.org.apache.hc.client5.http.headers - http-outgoing-2 << Transfer-Encoding: chunked
03:33:03.266 [main] DEBUG com.github.dockerjava.zerodep.shaded.org.apache.hc.client5.http.impl.classic.MainClientExec - ex-0000009C: connection can be kept alive for 3 MINUTES
03:33:03.266 [main] DEBUG com.github.dockerjava.zerodep.shaded.org.apache.hc.client5.http.wire - http-outgoing-2 << "f:/var/lib/docker/overlay2/4f3423103248d0b381a1bc6a7287e2b42313ff458cea602a02b7379014b03e0e/diff","MergedDir":"/var/lib/docker/overlay2/5529564f52cf969e31e7a1482c27be7ffed19639b506ae2e15b7e7115f699a73/merged","UpperDir":"/var/lib/docker/overlay2/5529564f52cf969e31e7a1482c27be7ffed19639b506ae2e15b7e7115f699a73/diff","WorkDir":"/var/lib/docker/overlay2/5529564f52cf969e31e7a1482c27be7ffed19639b506ae2e15b7e7115f699a73/work"},"Name":"overlay2"},"Mounts":[{"Type":"volume","Name":"fd1f613c7fe3ca3ae799982507ac3f565cc9f6a2dc99ceaed92389e2c43f47d1","Source":"/var/lib/docker/volumes/fd1f613c7fe3ca3ae799982507ac3f565cc9f6a2dc99ceaed92389e2c43f47d1/_data","Destination":"/var/lib/mysql","Driver":"local","Mode":"","RW":true,"Propagation":""}],"Config":{"Hostname":"9691e3189171","Domainname":"","User":"","AttachStdin":false,"AttachStdout":false,"AttachStderr":false,"ExposedPorts":{"3306/tcp":{},"33060/tcp":{}},"Tty":false,"OpenStdin":false,"StdinOnce":false,"Env":["MYSQL_DATABASE=test","MYSQL_PASSWORD=admin","MYSQL_USER=admin","MYSQL_ROOT_PASSWORD=admin","PATH=/usr/local/sbin:/usr/local/bin:/usr/sbin:/usr/bin:/sbin:/bin","GOSU_VERSION=1.14","MYSQL_MAJOR=8.0","MYSQL_VERSION=8.0.29-1debian10"],"Cmd":["mysqld"],"Image":"mysql:8.0","Volumes":{"/var/lib/mysql":{}},"WorkingDir":"","Entrypoint":["docker-entrypoint.sh"],"OnBuild":null,"Labels":{"org.testcontainers":"true","org.testcontainers.sessionId":"d48265e4-2b28-4f8c-aa67-76dd8289af84"}},"NetworkSettings":{"Bridge":"","SandboxID":"d9de8570fe3f0a4e9f3a1ff7101c963bbd2c6a0a9d8a867b96f17f4d5edca537","HairpinMode":false,"LinkLocalIPv6Address":"","LinkLocalIPv6PrefixLen":0,"Ports":{"3306/tcp":[{"HostIp":"0.0.0.0","HostPort":"49160"},{"HostIp":"::","HostPort":"49160"}],"33060/tcp":null},"SandboxKey":"/var/run/docker/netns/d9de8570fe3f","SecondaryIPAddresses":null,"SecondaryIPv6Addresses":null,"EndpointID":"93e8fe159f683a98670e8995677c2b130dbce857fc116679206e206bda319cbf","Gateway":"172.17.0.1","GlobalIPv6Address":"","GlobalIPv6PrefixLen":0,"IPAddress":"172.17.0.3","IPPrefixLen":16,"IPv6Gateway":"","MacAddress":"02:42:ac:11:00:03","Networks":{"bridge":{"IPAMConfig":null,"Links":null,"Aliases":null,"NetworkID":"1853cd2b9856825cc97ed9ef2b12efa82d95bf9cf60ad666c276eb35cc53539e","EndpointID":"93e8fe159f683a98670e8995677c2b130dbce857fc116679206e206bda319cbf","Gateway":"172.17.0.1","IPAddress":"172.17.0.3","IPPrefixLen":16,"IPv6Gateway":"","GlobalIPv6Address":"","GlobalIPv6PrefixLen":0,"MacAddress":"02:42:ac:11:00:03","DriverOpts":null}}}}[\n]"
03:33:03.267 [main] DEBUG com.github.dockerjava.zerodep.shaded.org.apache.hc.client5.http.wire - http-outgoing-2 << "[\r][\n]"
03:33:03.267 [main] DEBUG com.github.dockerjava.zerodep.shaded.org.apache.hc.client5.http.wire - http-outgoing-2 << "0[\r][\n]"
03:33:03.267 [main] DEBUG com.github.dockerjava.zerodep.shaded.org.apache.hc.client5.http.wire - http-outgoing-2 << "[\r][\n]"
03:33:03.267 [main] DEBUG com.github.dockerjava.zerodep.shaded.org.apache.hc.client5.http.impl.classic.InternalHttpClient - ep-0000009B: releasing valid endpoint
03:33:03.267 [main] DEBUG com.github.dockerjava.zerodep.shaded.org.apache.hc.client5.http.impl.io.PoolingHttpClientConnectionManager - ep-0000009B: releasing endpoint
03:33:03.267 [main] DEBUG com.github.dockerjava.zerodep.shaded.org.apache.hc.client5.http.impl.io.PoolingHttpClientConnectionManager - ep-0000009B: connection http-outgoing-2 can be kept alive for 3 MINUTES
03:33:03.267 [main] DEBUG com.github.dockerjava.zerodep.shaded.org.apache.hc.client5.http.impl.io.PoolingHttpClientConnectionManager - ep-0000009B: connection released [route: {}->unix://localhost:2375][total available: 1; route allocated: 1 of 2147483647; total allocated: 1 of 2147483647]
03:33:03.267 [main] DEBUG 🐳 [mysql:8.0] - Trying to create JDBC connection using com.mysql.cj.jdbc.Driver to jdbc:mysql://localhost:49160/test?useSSL=false&allowPublicKeyRetrieval=true with properties: {password=admin, user=admin}
03:33:03.368 [main] DEBUG org.testcontainers.shaded.com.github.dockerjava.core.command.AbstrDockerCmd - Cmd: 9691e31891711283f4d98263d11bc6156717d3e75a0b86a23f3b128a992c1f38,false
03:33:03.368 [main] DEBUG org.testcontainers.shaded.com.github.dockerjava.core.exec.InspectContainerCmdExec - GET: DefaultWebTarget{path=[/containers/9691e31891711283f4d98263d11bc6156717d3e75a0b86a23f3b128a992c1f38/json], queryParams={}}
03:33:03.368 [main] DEBUG com.github.dockerjava.zerodep.shaded.org.apache.hc.client5.http.impl.classic.InternalHttpClient - ex-0000009D: preparing request execution
03:33:03.368 [main] DEBUG com.github.dockerjava.zerodep.shaded.org.apache.hc.client5.http.protocol.RequestAddCookies - Cookie spec selected: strict
03:33:03.368 [main] DEBUG com.github.dockerjava.zerodep.shaded.org.apache.hc.client5.http.protocol.RequestAuthCache - Auth cache not set in the context
03:33:03.368 [main] DEBUG com.github.dockerjava.zerodep.shaded.org.apache.hc.client5.http.impl.classic.ProtocolExec - ex-0000009D: target auth state: UNCHALLENGED
03:33:03.368 [main] DEBUG com.github.dockerjava.zerodep.shaded.org.apache.hc.client5.http.impl.classic.ProtocolExec - ex-0000009D: proxy auth state: UNCHALLENGED
03:33:03.368 [main] DEBUG com.github.dockerjava.zerodep.shaded.org.apache.hc.client5.http.impl.classic.ConnectExec - ex-0000009D: acquiring connection with route {}->unix://localhost:2375
03:33:03.368 [main] DEBUG com.github.dockerjava.zerodep.shaded.org.apache.hc.client5.http.impl.classic.InternalHttpClient - ex-0000009D: acquiring endpoint (3 MINUTES)
03:33:03.368 [main] DEBUG com.github.dockerjava.zerodep.shaded.org.apache.hc.client5.http.impl.io.PoolingHttpClientConnectionManager - ex-0000009D: endpoint lease request (3 MINUTES) [route: {}->unix://localhost:2375][total available: 1; route allocated: 1 of 2147483647; total allocated: 1 of 2147483647]
03:33:03.368 [main] DEBUG com.github.dockerjava.zerodep.shaded.org.apache.hc.client5.http.impl.io.PoolingHttpClientConnectionManager - ex-0000009D: endpoint leased [route: {}->unix://localhost:2375][total available: 0; route allocated: 1 of 2147483647; total allocated: 1 of 2147483647]
03:33:03.369 [main] DEBUG com.github.dockerjava.zerodep.shaded.org.apache.hc.client5.http.impl.io.PoolingHttpClientConnectionManager - ex-0000009D: acquired ep-0000009C
03:33:03.369 [main] DEBUG com.github.dockerjava.zerodep.shaded.org.apache.hc.client5.http.impl.classic.InternalHttpClient - ex-0000009D: acquired endpoint ep-0000009C
03:33:03.369 [main] DEBUG com.github.dockerjava.zerodep.shaded.org.apache.hc.client5.http.impl.classic.MainClientExec - ex-0000009D: executing GET /v1.32/containers/9691e31891711283f4d98263d11bc6156717d3e75a0b86a23f3b128a992c1f38/json HTTP/1.1
03:33:03.369 [main] DEBUG com.github.dockerjava.zerodep.shaded.org.apache.hc.client5.http.impl.classic.InternalHttpClient - ep-0000009C: start execution ex-0000009D
03:33:03.369 [main] DEBUG com.github.dockerjava.zerodep.shaded.org.apache.hc.client5.http.impl.io.PoolingHttpClientConnectionManager - ep-0000009C: executing exchange ex-0000009D over http-outgoing-2
03:33:03.369 [main] DEBUG com.github.dockerjava.zerodep.shaded.org.apache.hc.client5.http.headers - http-outgoing-2 >> GET /v1.32/containers/9691e31891711283f4d98263d11bc6156717d3e75a0b86a23f3b128a992c1f38/json HTTP/1.1
03:33:03.369 [main] DEBUG com.github.dockerjava.zerodep.shaded.org.apache.hc.client5.http.headers - http-outgoing-2 >> accept: application/json
03:33:03.369 [main] DEBUG com.github.dockerjava.zerodep.shaded.org.apache.hc.client5.http.headers - http-outgoing-2 >> Accept-Encoding: gzip, x-gzip, deflate
03:33:03.369 [main] DEBUG com.github.dockerjava.zerodep.shaded.org.apache.hc.client5.http.headers - http-outgoing-2 >> Host: localhost:2375
03:33:03.369 [main] DEBUG com.github.dockerjava.zerodep.shaded.org.apache.hc.client5.http.headers - http-outgoing-2 >> Connection: keep-alive
03:33:03.369 [main] DEBUG com.github.dockerjava.zerodep.shaded.org.apache.hc.client5.http.headers - http-outgoing-2 >> User-Agent: Apache-HttpClient/5.0.3 (Java/11.0.15)
03:33:03.369 [main] DEBUG com.github.dockerjava.zerodep.shaded.org.apache.hc.client5.http.wire - http-outgoing-2 >> "GET /v1.32/containers/9691e31891711283f4d98263d11bc6156717d3e75a0b86a23f3b128a992c1f38/json HTTP/1.1[\r][\n]"
03:33:03.369 [main] DEBUG com.github.dockerjava.zerodep.shaded.org.apache.hc.client5.http.wire - http-outgoing-2 >> "accept: application/json[\r][\n]"
03:33:03.369 [main] DEBUG com.github.dockerjava.zerodep.shaded.org.apache.hc.client5.http.wire - http-outgoing-2 >> "Accept-Encoding: gzip, x-gzip, deflate[\r][\n]"
03:33:03.369 [main] DEBUG com.github.dockerjava.zerodep.shaded.org.apache.hc.client5.http.wire - http-outgoing-2 >> "Host: localhost:2375[\r][\n]"
03:33:03.369 [main] DEBUG com.github.dockerjava.zerodep.shaded.org.apache.hc.client5.http.wire - http-outgoing-2 >> "Connection: keep-alive[\r][\n]"
03:33:03.369 [main] DEBUG com.github.dockerjava.zerodep.shaded.org.apache.hc.client5.http.wire - http-outgoing-2 >> "User-Agent: Apache-HttpClient/5.0.3 (Java/11.0.15)[\r][\n]"
03:33:03.369 [main] DEBUG com.github.dockerjava.zerodep.shaded.org.apache.hc.client5.http.wire - http-outgoing-2 >> "[\r][\n]"
03:33:03.369 [main] DEBUG com.github.dockerjava.zerodep.shaded.org.apache.hc.client5.http.wire - http-outgoing-2 << "HTTP/1.1 200 OK[\r][\n]"
03:33:03.369 [main] DEBUG com.github.dockerjava.zerodep.shaded.org.apache.hc.client5.http.wire - http-outgoing-2 << "Api-Version: 1.41[\r][\n]"
03:33:03.369 [main] DEBUG com.github.dockerjava.zerodep.shaded.org.apache.hc.client5.http.wire - http-outgoing-2 << "Content-Type: application/json[\r][\n]"
03:33:03.369 [main] DEBUG com.github.dockerjava.zerodep.shaded.org.apache.hc.client5.http.wire - http-outgoing-2 << "Docker-Experimental: false[\r][\n]"
03:33:03.369 [main] DEBUG com.github.dockerjava.zerodep.shaded.org.apache.hc.client5.http.wire - http-outgoing-2 << "Ostype: linux[\r][\n]"
03:33:03.369 [main] DEBUG com.github.dockerjava.zerodep.shaded.org.apache.hc.client5.http.wire - http-outgoing-2 << "Server: Docker/20.10.12 (linux)[\r][\n]"
03:33:03.369 [main] DEBUG com.github.dockerjava.zerodep.shaded.org.apache.hc.client5.http.wire - http-outgoing-2 << "Date: Thu, 23 Jun 2022 02:33:03 GMT[\r][\n]"
03:33:03.369 [main] DEBUG com.github.dockerjava.zerodep.shaded.org.apache.hc.client5.http.wire - http-outgoing-2 << "Transfer-Encoding: chunked[\r][\n]"
03:33:03.369 [main] DEBUG com.github.dockerjava.zerodep.shaded.org.apache.hc.client5.http.wire - http-outgoing-2 << "[\r][\n]"
03:33:03.369 [main] DEBUG com.github.dockerjava.zerodep.shaded.org.apache.hc.client5.http.wire - http-outgoing-2 << "18ed[\r][\n]"
03:33:03.369 [main] DEBUG com.github.dockerjava.zerodep.shaded.org.apache.hc.client5.http.wire - http-outgoing-2 << "{"Id":"9691e31891711283f4d98263d11bc6156717d3e75a0b86a23f3b128a992c1f38","Created":"2022-06-23T02:32:47.03956921Z","Path":"docker-entrypoint.sh","Args":["mysqld"],"State":{"Status":"running","Running":true,"Paused":false,"Restarting":false,"OOMKilled":false,"Dead":false,"Pid":66188,"ExitCode":0,"Error":"","StartedAt":"2022-06-23T02:32:47.703880551Z","FinishedAt":"0001-01-01T00:00:00Z"},"Image":"sha256:65b636d5542b73254ce90cc4b895597dc1adc2c661ca553c38eda159979dded1","ResolvConfPath":"/var/lib/docker/containers/9691e31891711283f4d98263d11bc6156717d3e75a0b86a23f3b128a992c1f38/resolv.conf","HostnamePath":"/var/lib/docker/containers/9691e31891711283f4d98263d11bc6156717d3e75a0b86a23f3b128a992c1f38/hostname","HostsPath":"/var/lib/docker/containers/9691e31891711283f4d98263d11bc6156717d3e75a0b86a23f3b128a992c1f38/hosts","LogPath":"/var/lib/docker/containers/9691e31891711283f4d98263d11bc6156717d3e75a0b86a23f3b128a992c1f38/9691e31891711283f4d98263d11bc6156717d3e75a0b86a23f3b128a992c1f38-json.log","Name":"/xenodochial_satoshi","RestartCount":0,"Driver":"overlay2","Platform":"linux","MountLabel":"","ProcessLabel":"","AppArmorProfile":"docker-default","ExecIDs":null,"HostConfig":{"Binds":[],"ContainerIDFile":"","LogConfig":{"Type":"json-file","Config":{}},"NetworkMode":"default","PortBindings":{"3306/tcp":[{"HostIp":"","HostPort":""}]},"RestartPolicy":{"Name":"","MaximumRetryCount":0},"AutoRemove":false,"VolumeDriver":"","VolumesFrom":[],"CapAdd":null,"CapDrop":null,"CgroupnsMode":"host","Dns":null,"DnsOptions":null,"DnsSearch":null,"ExtraHosts":[],"GroupAdd":null,"IpcMode":"shareable","Cgroup":"","Links":null,"OomScoreAdj":0,"PidMode":"","Privileged":false,"PublishAllPorts":false,"ReadonlyRootfs":false,"SecurityOpt":null,"UTSMode":"","UsernsMode":"","ShmSize":67108864,"Runtime":"runc","ConsoleSize":[0,0],"Isolation":"","CpuShares":0,"Memory":0,"NanoCpus":0,"CgroupParent":"","BlkioWeight":0,"BlkioWeightDevice":null,"BlkioDeviceReadBps":null,"BlkioDeviceWriteBps":null,"BlkioDeviceReadIOps":null,"BlkioDeviceWriteIOps":null,"CpuPeriod":0,"CpuQuota":0,"CpuRealtimePeriod":0,"CpuRealtimeRuntime":0,"CpusetCpus":"","CpusetMems":"","Devices":null,"DeviceCgroupRules":null,"DeviceRequests":null,"KernelMemory":0,"KernelMemoryTCP":0,"MemoryReservation":0,"MemorySwap":0,"MemorySwappiness":null,"OomKillDisable":false,"PidsLimit":null,"Ulimits":null,"CpuCount":0,"CpuPercent":0,"IOMaximumIOps":0,"IOMaximumBandwidth":0,"MaskedPaths":["/proc/asound","/proc/acpi","/proc/kcore","/proc/keys","/proc/latency_stats","/proc/timer_list","/proc/timer_stats","/proc/sched_debug","/proc/scsi","/sys/firmware"],"ReadonlyPaths":["/proc/bus","/proc/fs","/proc/irq","/proc/sys","/proc/sysrq-trigger"]},"GraphDriver":{"Data":{"LowerDir":"/var/lib/docker/overlay2/5529564f52cf969e31e7a1482c27be7ffed19639b506ae2e15b7e7115f699a73-init/diff:/var/lib/docker/overlay2/833a665819b5d9728d3efa7c33135034345a24f83af53b1a1af33d9b64f5492a/diff:/var/lib/docker/overlay2/bd4a2a46c227c2f15475b08c398f37acaab93f4fdba31de015d730efae0a0cfc/diff:/var/lib/docker/overlay2/31ad437d7cba8e64428a2b62db1bbb2a2ec19ca4e439ec493ef4deb50dce2783/diff:/var/lib/docker/overlay2/35173cbd8ec5b88a8888e9abbe75f8694f5d3f96a9b781bb70dc1f0889685741/diff:/var/lib/docker/overlay2/24bf69ac4e8c81062fee44e7c9f746fffbb139c3f7f4b55b4fd1b23bb101b529/diff:/var/lib/docker/overlay2/2f27c96a7775dad186b6f0da325d5a251c80aa1b7f80cf8520f493c5154aee70/diff:/var/lib/docker/overlay2/463a60088c72ddbea82639ded15801e35a79c443f6a26bf1baf320c683cb06af/diff:/var/lib/docker/overlay2/80b8224b23a2ee4b5be635c58ae579fd1913aa95558cd66ab2f5e8430f00a5b8/diff:/var/lib/docker/overlay2/20451fa0b1a07b85d665bc3a0359d721ce4e4c28fa3bce7456ab25e0babae708/diff:/var/lib/docker/overlay2/f80d865cbc6c1c6f57d0963fa6234e7a6409e079eb17f4f13ca41d02731701ad/diff:/var/lib/docker/overlay2/5a3029e0b57c6ec9b985871ff6adf08356aaa0f2a15f1e34c1a7f116ecc4a61d/diff:/var/lib/docker/overlay2/4f3423103248d0b381a1bc6a7287e2b42313ff458cea602a02b7379014b03e0e/diff","MergedDir":"/var/lib/docker/overlay2/5529564f52cf969e31e7a1482c27be7ffed19639b506ae2e15b7e7115f699a73/merged","UpperDir":"/var/lib/docker/overlay2/5529564f52cf969e31e7a1482c27be7ffed19639b506ae2e15b7e7115f699a73/diff","WorkDir":"/var/lib/docker/overlay2/5529564f52cf969e31e7a1482c27be7ffed19639b506ae2e15b7e7115f699a73/work"},"Name":"overlay2"},"Mounts":[{"Type":"volume","Name":"fd1f613c7fe3ca3ae799982507ac3f565cc9f6a2dc99ceaed92389e2c43f47d1","Source":"/var/lib/docker/volumes/fd1f613c7fe3ca3ae799982507ac3f565cc9f6a2dc99ceaed92389e2c43f47d1/_data","Destination":"/var/lib/mysql","Driver":"local","Mode":"","RW":true,"Propagation":""}],"Config":{"Hostname":"9691e3189171","Domainname":"","User":"","AttachStdin":false,"AttachStdout":false,"AttachStderr":false,"ExposedPorts":{"3306/tcp":{},"33060/tcp":{}},"Tty":false,"OpenStdin":false,"StdinOnce":false,"Env":["MYSQL_DATABASE=test","MYSQL_PASSWORD=admin","MYSQL_USER=admin","MYSQL_ROOT_PASSWORD=admin","PATH=/usr/local/sbin:/usr/local/bin:/usr/sbin:/usr/bin:/sbin:/bin","GOSU_VERSION=1.14","MYSQL_MAJOR=8.0","MYSQL_VERSION=8.0.29-1debian10"],"Cmd":["mysqld"],"Image":"mysql:8.0","Volumes":{"/var/lib/mysql":{}},"WorkingDir":"","Entrypoint":["docker-entrypoint.sh"],"OnBuild":null,"Labels":{"org.testcontainers":"true","org.testcontainers.sessionId":"d48265e4-2b28-4f8c-aa67-76dd8289af84"}},"NetworkSettings":{"Bridge":"","SandboxID":"d9de8570fe3f0a4e9f3a1ff7101c963bbd2c6a0a9d8a867b96f17f4d5edca537","HairpinMode":false,"LinkLocalIPv6Address":"","LinkLocalIPv6PrefixLen":0,"Ports":{"3306/tcp":[{"HostIp":"0.0.0.0","HostPort":"49160"},{"HostIp":"::","HostPort":"49160"}],"33060/tcp":null},"SandboxKey":"/var/run/docker/netns/d9de8570fe3f","SecondaryIPAddresses":null,"SecondaryIPv6Addresses":null,"EndpointID":"93e8fe159f683a98670e8995677c2b130dbce857fc116679206e206bda319cbf","Gateway":"172.17.0.1","GlobalIPv6Address":"","GlobalIPv6PrefixLen":0,"IPAddress":"172.17.0.3","IPPrefixLen":16,"IPv6Gateway":"","MacAddress":"02:42:ac:11:00:03","Networks":{"bridge":{"IPAMConfig":null,"Links":null,"Aliases":null,"NetworkID":"1853cd2b9856825cc97ed9ef2b12efa82d95bf9cf60ad666c276eb35cc53539e","EndpointID":"93e8fe159f683a98670e8995677c2b130dbce857fc116679206e206bda319cbf","Gateway":"172.17.0.1","IPAddress":"172.17.0.3","IPPrefixLen":16,"IPv6Gateway":"","GlobalIPv6Address":"","GlobalIPv6PrefixLen":0,"MacAddress":"02:42:ac:11:00:03","DriverOpts":null}}}}[\n]"
03:33:03.369 [main] DEBUG com.github.dockerjava.zerodep.shaded.org.apache.hc.client5.http.wire - http-outgoing-2 << "[\r][\n]"
03:33:03.369 [main] DEBUG com.github.dockerjava.zerodep.shaded.org.apache.hc.client5.http.wire - http-outgoing-2 << "0[\r][\n]"
03:33:03.369 [main] DEBUG com.github.dockerjava.zerodep.shaded.org.apache.hc.client5.http.wire - http-outgoing-2 << "[\r][\n]"
03:33:03.369 [main] DEBUG com.github.dockerjava.zerodep.shaded.org.apache.hc.client5.http.headers - http-outgoing-2 << HTTP/1.1 200 OK
03:33:03.369 [main] DEBUG com.github.dockerjava.zerodep.shaded.org.apache.hc.client5.http.headers - http-outgoing-2 << Api-Version: 1.41
03:33:03.369 [main] DEBUG com.github.dockerjava.zerodep.shaded.org.apache.hc.client5.http.headers - http-outgoing-2 << Content-Type: application/json
03:33:03.369 [main] DEBUG com.github.dockerjava.zerodep.shaded.org.apache.hc.client5.http.headers - http-outgoing-2 << Docker-Experimental: false
03:33:03.369 [main] DEBUG com.github.dockerjava.zerodep.shaded.org.apache.hc.client5.http.headers - http-outgoing-2 << Ostype: linux
03:33:03.369 [main] DEBUG com.github.dockerjava.zerodep.shaded.org.apache.hc.client5.http.headers - http-outgoing-2 << Server: Docker/20.10.12 (linux)
03:33:03.369 [main] DEBUG com.github.dockerjava.zerodep.shaded.org.apache.hc.client5.http.headers - http-outgoing-2 << Date: Thu, 23 Jun 2022 02:33:03 GMT
03:33:03.369 [main] DEBUG com.github.dockerjava.zerodep.shaded.org.apache.hc.client5.http.headers - http-outgoing-2 << Transfer-Encoding: chunked
03:33:03.369 [main] DEBUG com.github.dockerjava.zerodep.shaded.org.apache.hc.client5.http.impl.classic.MainClientExec - ex-0000009D: connection can be kept alive for 3 MINUTES
03:33:03.370 [main] DEBUG com.github.dockerjava.zerodep.shaded.org.apache.hc.client5.http.impl.classic.InternalHttpClient - ep-0000009C: releasing valid endpoint
03:33:03.370 [main] DEBUG com.github.dockerjava.zerodep.shaded.org.apache.hc.client5.http.impl.io.PoolingHttpClientConnectionManager - ep-0000009C: releasing endpoint
03:33:03.370 [main] DEBUG com.github.dockerjava.zerodep.shaded.org.apache.hc.client5.http.impl.io.PoolingHttpClientConnectionManager - ep-0000009C: connection http-outgoing-2 can be kept alive for 3 MINUTES
03:33:03.370 [main] DEBUG com.github.dockerjava.zerodep.shaded.org.apache.hc.client5.http.impl.io.PoolingHttpClientConnectionManager - ep-0000009C: connection released [route: {}->unix://localhost:2375][total available: 1; route allocated: 1 of 2147483647; total allocated: 1 of 2147483647]
03:33:03.370 [main] DEBUG 🐳 [mysql:8.0] - Trying to create JDBC connection using com.mysql.cj.jdbc.Driver to jdbc:mysql://localhost:49160/test?useSSL=false&allowPublicKeyRetrieval=true with properties: {password=admin, user=admin}
03:33:03.472 [main] DEBUG org.testcontainers.shaded.com.github.dockerjava.core.command.AbstrDockerCmd - Cmd: 9691e31891711283f4d98263d11bc6156717d3e75a0b86a23f3b128a992c1f38,false
03:33:03.472 [main] DEBUG org.testcontainers.shaded.com.github.dockerjava.core.exec.InspectContainerCmdExec - GET: DefaultWebTarget{path=[/containers/9691e31891711283f4d98263d11bc6156717d3e75a0b86a23f3b128a992c1f38/json], queryParams={}}
03:33:03.473 [main] DEBUG com.github.dockerjava.zerodep.shaded.org.apache.hc.client5.http.impl.classic.InternalHttpClient - ex-0000009E: preparing request execution
03:33:03.473 [main] DEBUG com.github.dockerjava.zerodep.shaded.org.apache.hc.client5.http.protocol.RequestAddCookies - Cookie spec selected: strict
03:33:03.473 [main] DEBUG com.github.dockerjava.zerodep.shaded.org.apache.hc.client5.http.protocol.RequestAuthCache - Auth cache not set in the context
03:33:03.473 [main] DEBUG com.github.dockerjava.zerodep.shaded.org.apache.hc.client5.http.impl.classic.ProtocolExec - ex-0000009E: target auth state: UNCHALLENGED
03:33:03.473 [main] DEBUG com.github.dockerjava.zerodep.shaded.org.apache.hc.client5.http.impl.classic.ProtocolExec - ex-0000009E: proxy auth state: UNCHALLENGED
03:33:03.473 [main] DEBUG com.github.dockerjava.zerodep.shaded.org.apache.hc.client5.http.impl.classic.ConnectExec - ex-0000009E: acquiring connection with route {}->unix://localhost:2375
03:33:03.473 [main] DEBUG com.github.dockerjava.zerodep.shaded.org.apache.hc.client5.http.impl.classic.InternalHttpClient - ex-0000009E: acquiring endpoint (3 MINUTES)
03:33:03.473 [main] DEBUG com.github.dockerjava.zerodep.shaded.org.apache.hc.client5.http.impl.io.PoolingHttpClientConnectionManager - ex-0000009E: endpoint lease request (3 MINUTES) [route: {}->unix://localhost:2375][total available: 1; route allocated: 1 of 2147483647; total allocated: 1 of 2147483647]
03:33:03.473 [main] DEBUG com.github.dockerjava.zerodep.shaded.org.apache.hc.client5.http.impl.io.PoolingHttpClientConnectionManager - ex-0000009E: endpoint leased [route: {}->unix://localhost:2375][total available: 0; route allocated: 1 of 2147483647; total allocated: 1 of 2147483647]
03:33:03.473 [main] DEBUG com.github.dockerjava.zerodep.shaded.org.apache.hc.client5.http.impl.io.PoolingHttpClientConnectionManager - ex-0000009E: acquired ep-0000009D
03:33:03.473 [main] DEBUG com.github.dockerjava.zerodep.shaded.org.apache.hc.client5.http.impl.classic.InternalHttpClient - ex-0000009E: acquired endpoint ep-0000009D
03:33:03.473 [main] DEBUG com.github.dockerjava.zerodep.shaded.org.apache.hc.client5.http.impl.classic.MainClientExec - ex-0000009E: executing GET /v1.32/containers/9691e31891711283f4d98263d11bc6156717d3e75a0b86a23f3b128a992c1f38/json HTTP/1.1
03:33:03.473 [main] DEBUG com.github.dockerjava.zerodep.shaded.org.apache.hc.client5.http.impl.classic.InternalHttpClient - ep-0000009D: start execution ex-0000009E
03:33:03.474 [main] DEBUG com.github.dockerjava.zerodep.shaded.org.apache.hc.client5.http.impl.io.PoolingHttpClientConnectionManager - ep-0000009D: executing exchange ex-0000009E over http-outgoing-2
03:33:03.474 [main] DEBUG com.github.dockerjava.zerodep.shaded.org.apache.hc.client5.http.headers - http-outgoing-2 >> GET /v1.32/containers/9691e31891711283f4d98263d11bc6156717d3e75a0b86a23f3b128a992c1f38/json HTTP/1.1
03:33:03.474 [main] DEBUG com.github.dockerjava.zerodep.shaded.org.apache.hc.client5.http.headers - http-outgoing-2 >> accept: application/json
03:33:03.474 [main] DEBUG com.github.dockerjava.zerodep.shaded.org.apache.hc.client5.http.headers - http-outgoing-2 >> Accept-Encoding: gzip, x-gzip, deflate
03:33:03.474 [main] DEBUG com.github.dockerjava.zerodep.shaded.org.apache.hc.client5.http.headers - http-outgoing-2 >> Host: localhost:2375
03:33:03.474 [main] DEBUG com.github.dockerjava.zerodep.shaded.org.apache.hc.client5.http.headers - http-outgoing-2 >> Connection: keep-alive
03:33:03.474 [main] DEBUG com.github.dockerjava.zerodep.shaded.org.apache.hc.client5.http.headers - http-outgoing-2 >> User-Agent: Apache-HttpClient/5.0.3 (Java/11.0.15)
03:33:03.474 [main] DEBUG com.github.dockerjava.zerodep.shaded.org.apache.hc.client5.http.wire - http-outgoing-2 >> "GET /v1.32/containers/9691e31891711283f4d98263d11bc6156717d3e75a0b86a23f3b128a992c1f38/json HTTP/1.1[\r][\n]"
03:33:03.474 [main] DEBUG com.github.dockerjava.zerodep.shaded.org.apache.hc.client5.http.wire - http-outgoing-2 >> "accept: application/json[\r][\n]"
03:33:03.474 [main] DEBUG com.github.dockerjava.zerodep.shaded.org.apache.hc.client5.http.wire - http-outgoing-2 >> "Accept-Encoding: gzip, x-gzip, deflate[\r][\n]"
03:33:03.474 [main] DEBUG com.github.dockerjava.zerodep.shaded.org.apache.hc.client5.http.wire - http-outgoing-2 >> "Host: localhost:2375[\r][\n]"
03:33:03.474 [main] DEBUG com.github.dockerjava.zerodep.shaded.org.apache.hc.client5.http.wire - http-outgoing-2 >> "Connection: keep-alive[\r][\n]"
03:33:03.474 [main] DEBUG com.github.dockerjava.zerodep.shaded.org.apache.hc.client5.http.wire - http-outgoing-2 >> "User-Agent: Apache-HttpClient/5.0.3 (Java/11.0.15)[\r][\n]"
03:33:03.474 [main] DEBUG com.github.dockerjava.zerodep.shaded.org.apache.hc.client5.http.wire - http-outgoing-2 >> "[\r][\n]"
03:33:03.475 [main] DEBUG com.github.dockerjava.zerodep.shaded.org.apache.hc.client5.http.wire - http-outgoing-2 << "HTTP/1.1 200 OK[\r][\n]"
03:33:03.475 [main] DEBUG com.github.dockerjava.zerodep.shaded.org.apache.hc.client5.http.wire - http-outgoing-2 << "Api-Version: 1.41[\r][\n]"
03:33:03.475 [main] DEBUG com.github.dockerjava.zerodep.shaded.org.apache.hc.client5.http.wire - http-outgoing-2 << "Content-Type: application/json[\r][\n]"
03:33:03.475 [main] DEBUG com.github.dockerjava.zerodep.shaded.org.apache.hc.client5.http.wire - http-outgoing-2 << "Docker-Experimental: false[\r][\n]"
03:33:03.475 [main] DEBUG com.github.dockerjava.zerodep.shaded.org.apache.hc.client5.http.wire - http-outgoing-2 << "Ostype: linux[\r][\n]"
03:33:03.475 [main] DEBUG com.github.dockerjava.zerodep.shaded.org.apache.hc.client5.http.wire - http-outgoing-2 << "Server: Docker/20.10.12 (linux)[\r][\n]"
03:33:03.475 [main] DEBUG com.github.dockerjava.zerodep.shaded.org.apache.hc.client5.http.wire - http-outgoing-2 << "Date: Thu, 23 Jun 2022 02:33:03 GMT[\r][\n]"
03:33:03.475 [main] DEBUG com.github.dockerjava.zerodep.shaded.org.apache.hc.client5.http.wire - http-outgoing-2 << "Transfer-Encoding: chunked[\r][\n]"
03:33:03.475 [main] DEBUG com.github.dockerjava.zerodep.shaded.org.apache.hc.client5.http.wire - http-outgoing-2 << "[\r][\n]"
03:33:03.475 [main] DEBUG com.github.dockerjava.zerodep.shaded.org.apache.hc.client5.http.wire - http-outgoing-2 << "18ed[\r][\n]"
03:33:03.475 [main] DEBUG com.github.dockerjava.zerodep.shaded.org.apache.hc.client5.http.wire - http-outgoing-2 << "{"Id":"9691e31891711283f4d98263d11bc6156717d3e75a0b86a23f3b128a992c1f38","Created":"2022-06-23T02:32:47.03956921Z","Path":"docker-entrypoint.sh","Args":["mysqld"],"State":{"Status":"running","Running":true,"Paused":false,"Restarting":false,"OOMKilled":false,"Dead":false,"Pid":66188,"ExitCode":0,"Error":"","StartedAt":"2022-06-23T02:32:47.703880551Z","FinishedAt":"0001-01-01T00:00:00Z"},"Image":"sha256:65b636d5542b73254ce90cc4b895597dc1adc2c661ca553c38eda159979dded1","ResolvConfPath":"/var/lib/docker/containers/9691e31891711283f4d98263d11bc6156717d3e75a0b86a23f3b128a992c1f38/resolv.conf","HostnamePath":"/var/lib/docker/containers/9691e31891711283f4d98263d11bc6156717d3e75a0b86a23f3b128a992c1f38/hostname","HostsPath":"/var/lib/docker/containers/9691e31891711283f4d98263d11bc6156717d3e75a0b86a23f3b128a992c1f38/hosts","LogPath":"/var/lib/docker/containers/9691e31891711283f4d98263d11bc6156717d3e75a0b86a23f3b128a992c1f38/9691e31891711283f4d98263d11bc6156717d3e75a0b86a23f3b128a992c1f38-json.log","Name":"/xenodochial_satoshi","RestartCount":0,"Driver":"overlay2","Platform":"linux","MountLabel":"","ProcessLabel":"","AppArmorProfile":"docker-default","ExecIDs":null,"HostConfig":{"Binds":[],"ContainerIDFile":"","LogConfig":{"Type":"json-file","Config":{}},"NetworkMode":"default","PortBindings":{"3306/tcp":[{"HostIp":"","HostPort":""}]},"RestartPolicy":{"Name":"","MaximumRetryCount":0},"AutoRemove":false,"VolumeDriver":"","VolumesFrom":[],"CapAdd":null,"CapDrop":null,"CgroupnsMode":"host","Dns":null,"DnsOptions":null,"DnsSearch":null,"ExtraHosts":[],"GroupAdd":null,"IpcMode":"shareable","Cgroup":"","Links":null,"OomScoreAdj":0,"PidMode":"","Privileged":false,"PublishAllPorts":false,"ReadonlyRootfs":false,"SecurityOpt":null,"UTSMode":"","UsernsMode":"","ShmSize":67108864,"Runtime":"runc","ConsoleSize":[0,0],"Isolation":"","CpuShares":0,"Memory":0,"NanoCpus":0,"CgroupParent":"","BlkioWeight":0,"BlkioWeightDevice":null,"BlkioDeviceReadBps":null,"BlkioDeviceWriteBps":null,"BlkioDeviceReadIOps":null,"BlkioDeviceWriteIOps":null,"CpuPeriod":0,"CpuQuota":0,"CpuRealtimePeriod":0,"CpuRealtimeRuntime":0,"CpusetCpus":"","CpusetMems":"","Devices":null,"DeviceCgroupRules":null,"DeviceRequests":null,"KernelMemory":0,"KernelMemoryTCP":0,"MemoryReservation":0,"MemorySwap":0,"MemorySwappiness":null,"OomKillDisable":false,"PidsLimit":null,"Ulimits":null,"CpuCount":0,"CpuPercent":0,"IOMaximumIOps":0,"IOMaximumBandwidth":0,"MaskedPaths":["/proc/asound","/proc/acpi","/proc/kcore","/proc/keys","/proc/latency_stats","/proc/timer_list","/proc/timer_stats","/proc/sched_debug","/proc/scsi","/sys/firmware"],"ReadonlyPaths":["/proc/bus","/proc/fs","/proc/irq","/proc/sys","/proc/sysrq-trigger"]},"GraphDriver":{"Data":{"LowerDir":"/var/lib/docker/overlay2/5529564f52cf969e31e7a1482c27be7ffed19639b506ae2e15b7e7115f699a73-init/diff:/var/lib/docker/overlay2/833a665819b5d9728d3efa7c33135034345a24f83af53b1a1af33d9b64f5492a/diff:/var/lib/docker/overlay2/bd4a2a46c227c2f15475b08c398f37acaab93f4fdba31de015d730efae0a0cfc/diff:/var/lib/docker/overlay2/31ad437d7cba8e64428a2b62db1bbb2a2ec19ca4e439ec493ef4deb50dce2783/diff:/var/lib/docker/overlay2/35173cbd8ec5b88a8888e9abbe75f8694f5d3f96a9b781bb70dc1f0889685741/diff:/var/lib/docker/overlay2/24bf69ac4e8c81062fee44e7c9f746fffbb139c3f7f4b55b4fd1b23bb101b529/diff:/var/lib/docker/overlay2/2f27c96a7775dad186b6f0da325d5a251c80aa1b7f80cf8520f493c5154aee70/diff:/var/lib/docker/overlay2/463a60088c72ddbea82639ded15801e35a79c443f6a26bf1baf320c683cb06af/diff:/var/lib/docker/overlay2/80b8224b23a2ee4b5be635c58ae579fd1913aa95558cd66ab2f5e8430f00a5b8/diff:/var/lib/docker/overlay2/20451fa0b1a07b85d665bc3a0359d721ce4e4c28fa3bce7456ab25e0babae708/diff:/var/lib/docker/overlay2/f80d865cbc6c1c6f57d0963fa6234e7a6409e079eb17f4f13ca41d02731701ad/diff:/var/lib/docker/overlay2/5a3029e0b57c6ec9b985871ff6adf08356aaa0f2a15f1e34c1a7f116ecc4a61d/diff:/var/lib/docker/overlay2/4f3423103248d0b381a1bc6a7287e2b42313ff458cea602a02b7379014b03e0e/diff","MergedDir":"/var/lib/docker/overlay2/5529564f52cf969e31e7a1482c27be7ffed19639b506ae2e15b7e7115f699a73/merged","UpperDir":"/var/lib/docker/overlay2/5529564f52cf969e31e7a1482c27be7ffed19639b506ae2e15b7e7115f699a73/diff","WorkDir":"/var/lib/docker/overlay2/5529564f52cf969e31e7a1482c27be7ffed19639b506ae2e15b7e7115f699a73/work"},"Name":"overlay2"},"Mounts":[{"Type":"volume","Name":"fd1f613c7fe3ca3ae799982507ac3f565cc9f6a2dc99ceaed92389e2c43f47d1","Source":"/var/lib/docker/volumes/fd1f613c7fe3ca3ae799982507ac3f565cc9f6a2dc99ceaed92389e2c43f47d1/_data","Destination":"/var/lib/mysql","Driver":"local","Mode":"","RW":true,"Propagation":""}],"Config":{"Hostname":"9691e3189171","Domainname":"","User":"","AttachStdin":false,"AttachStdout":false,"AttachStderr":false,"ExposedPorts":{"3306/tcp":{},"33060/tcp":{}},"Tty":false,"OpenStdin":false,"StdinOnce":false,"Env":["MYSQL_DATABASE=test","MYSQL_PASSWORD=admin","MYSQL_USER=admin","MYSQL_ROOT_PASSWORD=admin","PATH=/usr/local/sbin:/usr/local/bin:/usr/sbin:/usr/bin:/sbin:/bin","GOSU_VERSION=1.14","MYSQL_MAJOR=8.0","MYSQL_VERSION=8.0.29-1debian10"],"Cmd":["mysqld"],"Image":"mysql:8.0","Volumes":{"/var/lib/mysql":{}},"WorkingDir":"","Entrypoint":["docker-entrypoint.sh"],"OnBuild":null,"Labels":{"org.testcontainers":"true","org.testcontainers.sessionId":"d48265e4-2b28-4f8c-aa67-76dd8289af84"}},"NetworkSettings":{"Bridge":"","SandboxID":"d9de8570fe3f0a4e9f3a1ff7101c963bbd2c6a0a9d8a867b96f17f4d5edca537","HairpinMode":false,"LinkLocalIPv6Address":"","LinkLocalIPv6PrefixLen":0,"Ports":{"3306/tcp":[{"HostIp":"0.0.0.0","HostPort":"49160"},{"HostIp":"::","HostPort":"49160"}],"33060/tcp":null},"SandboxKey":"/var/run/docker/netns/d9de8570fe3f","SecondaryIPAddresses":null,"SecondaryIPv6Addresses":null,"EndpointID":"93e8fe159f683a98670e8995677c2b130dbce857fc116679206e206bda319cbf","Gateway":"172.17.0.1","GlobalIPv6Address":"","GlobalIPv6PrefixLen":0,"IPAddress":"172.17.0.3","IPPrefixLen":16,"IPv6Gateway":"","MacAddress":"02:42:ac:11:00:03","Networks":{"bridge":{"IPAMConfig":null,"Links":null,"Aliases":null,"NetworkID":"1853cd2b9856825cc97ed9ef2b12efa82d95bf9cf60ad666c276eb35cc53539e","EndpointID":"93e8fe159f683a98670e8995677c2b130dbce857fc116679206e206bda319cbf","Gateway":"172.17.0.1","IPAddress":"172.17.0.3","IPPrefixLen":16,"IPv6Gateway":"","GlobalIPv6Address":"","GlobalIPv6PrefixLen":0,"MacAddress":"02:42:ac:11:00:03","DriverOpts":null}}}}[\n]"
03:33:03.475 [main] DEBUG com.github.dockerjava.zerodep.shaded.org.apache.hc.client5.http.wire - http-outgoing-2 << "[\r][\n]"
03:33:03.475 [main] DEBUG com.github.dockerjava.zerodep.shaded.org.apache.hc.client5.http.wire - http-outgoing-2 << "0[\r][\n]"
03:33:03.475 [main] DEBUG com.github.dockerjava.zerodep.shaded.org.apache.hc.client5.http.wire - http-outgoing-2 << "[\r][\n]"
03:33:03.475 [main] DEBUG com.github.dockerjava.zerodep.shaded.org.apache.hc.client5.http.headers - http-outgoing-2 << HTTP/1.1 200 OK
03:33:03.475 [main] DEBUG com.github.dockerjava.zerodep.shaded.org.apache.hc.client5.http.headers - http-outgoing-2 << Api-Version: 1.41
03:33:03.475 [main] DEBUG com.github.dockerjava.zerodep.shaded.org.apache.hc.client5.http.headers - http-outgoing-2 << Content-Type: application/json
03:33:03.475 [main] DEBUG com.github.dockerjava.zerodep.shaded.org.apache.hc.client5.http.headers - http-outgoing-2 << Docker-Experimental: false
03:33:03.475 [main] DEBUG com.github.dockerjava.zerodep.shaded.org.apache.hc.client5.http.headers - http-outgoing-2 << Ostype: linux
03:33:03.475 [main] DEBUG com.github.dockerjava.zerodep.shaded.org.apache.hc.client5.http.headers - http-outgoing-2 << Server: Docker/20.10.12 (linux)
03:33:03.475 [main] DEBUG com.github.dockerjava.zerodep.shaded.org.apache.hc.client5.http.headers - http-outgoing-2 << Date: Thu, 23 Jun 2022 02:33:03 GMT
03:33:03.475 [main] DEBUG com.github.dockerjava.zerodep.shaded.org.apache.hc.client5.http.headers - http-outgoing-2 << Transfer-Encoding: chunked
03:33:03.475 [main] DEBUG com.github.dockerjava.zerodep.shaded.org.apache.hc.client5.http.impl.classic.MainClientExec - ex-0000009E: connection can be kept alive for 3 MINUTES
03:33:03.476 [main] DEBUG com.github.dockerjava.zerodep.shaded.org.apache.hc.client5.http.impl.classic.InternalHttpClient - ep-0000009D: releasing valid endpoint
03:33:03.476 [main] DEBUG com.github.dockerjava.zerodep.shaded.org.apache.hc.client5.http.impl.io.PoolingHttpClientConnectionManager - ep-0000009D: releasing endpoint
03:33:03.476 [main] DEBUG com.github.dockerjava.zerodep.shaded.org.apache.hc.client5.http.impl.io.PoolingHttpClientConnectionManager - ep-0000009D: connection http-outgoing-2 can be kept alive for 3 MINUTES
03:33:03.476 [main] DEBUG com.github.dockerjava.zerodep.shaded.org.apache.hc.client5.http.impl.io.PoolingHttpClientConnectionManager - ep-0000009D: connection released [route: {}->unix://localhost:2375][total available: 1; route allocated: 1 of 2147483647; total allocated: 1 of 2147483647]
03:33:03.476 [main] DEBUG 🐳 [mysql:8.0] - Trying to create JDBC connection using com.mysql.cj.jdbc.Driver to jdbc:mysql://localhost:49160/test?useSSL=false&allowPublicKeyRetrieval=true with properties: {password=admin, user=admin}
03:33:03.578 [main] DEBUG org.testcontainers.shaded.com.github.dockerjava.core.command.AbstrDockerCmd - Cmd: 9691e31891711283f4d98263d11bc6156717d3e75a0b86a23f3b128a992c1f38,false
03:33:03.578 [main] DEBUG org.testcontainers.shaded.com.github.dockerjava.core.exec.InspectContainerCmdExec - GET: DefaultWebTarget{path=[/containers/9691e31891711283f4d98263d11bc6156717d3e75a0b86a23f3b128a992c1f38/json], queryParams={}}
03:33:03.578 [main] DEBUG com.github.dockerjava.zerodep.shaded.org.apache.hc.client5.http.impl.classic.InternalHttpClient - ex-0000009F: preparing request execution
03:33:03.578 [main] DEBUG com.github.dockerjava.zerodep.shaded.org.apache.hc.client5.http.protocol.RequestAddCookies - Cookie spec selected: strict
03:33:03.578 [main] DEBUG com.github.dockerjava.zerodep.shaded.org.apache.hc.client5.http.protocol.RequestAuthCache - Auth cache not set in the context
03:33:03.578 [main] DEBUG com.github.dockerjava.zerodep.shaded.org.apache.hc.client5.http.impl.classic.ProtocolExec - ex-0000009F: target auth state: UNCHALLENGED
03:33:03.578 [main] DEBUG com.github.dockerjava.zerodep.shaded.org.apache.hc.client5.http.impl.classic.ProtocolExec - ex-0000009F: proxy auth state: UNCHALLENGED
03:33:03.578 [main] DEBUG com.github.dockerjava.zerodep.shaded.org.apache.hc.client5.http.impl.classic.ConnectExec - ex-0000009F: acquiring connection with route {}->unix://localhost:2375
03:33:03.578 [main] DEBUG com.github.dockerjava.zerodep.shaded.org.apache.hc.client5.http.impl.classic.InternalHttpClient - ex-0000009F: acquiring endpoint (3 MINUTES)
03:33:03.578 [main] DEBUG com.github.dockerjava.zerodep.shaded.org.apache.hc.client5.http.impl.io.PoolingHttpClientConnectionManager - ex-0000009F: endpoint lease request (3 MINUTES) [route: {}->unix://localhost:2375][total available: 1; route allocated: 1 of 2147483647; total allocated: 1 of 2147483647]
03:33:03.578 [main] DEBUG com.github.dockerjava.zerodep.shaded.org.apache.hc.client5.http.impl.io.PoolingHttpClientConnectionManager - ex-0000009F: endpoint leased [route: {}->unix://localhost:2375][total available: 0; route allocated: 1 of 2147483647; total allocated: 1 of 2147483647]
03:33:03.579 [main] DEBUG com.github.dockerjava.zerodep.shaded.org.apache.hc.client5.http.impl.io.PoolingHttpClientConnectionManager - ex-0000009F: acquired ep-0000009E
03:33:03.579 [main] DEBUG com.github.dockerjava.zerodep.shaded.org.apache.hc.client5.http.impl.classic.InternalHttpClient - ex-0000009F: acquired endpoint ep-0000009E
03:33:03.579 [main] DEBUG com.github.dockerjava.zerodep.shaded.org.apache.hc.client5.http.impl.classic.MainClientExec - ex-0000009F: executing GET /v1.32/containers/9691e31891711283f4d98263d11bc6156717d3e75a0b86a23f3b128a992c1f38/json HTTP/1.1
03:33:03.579 [main] DEBUG com.github.dockerjava.zerodep.shaded.org.apache.hc.client5.http.impl.classic.InternalHttpClient - ep-0000009E: start execution ex-0000009F
03:33:03.579 [main] DEBUG com.github.dockerjava.zerodep.shaded.org.apache.hc.client5.http.impl.io.PoolingHttpClientConnectionManager - ep-0000009E: executing exchange ex-0000009F over http-outgoing-2
03:33:03.579 [main] DEBUG com.github.dockerjava.zerodep.shaded.org.apache.hc.client5.http.headers - http-outgoing-2 >> GET /v1.32/containers/9691e31891711283f4d98263d11bc6156717d3e75a0b86a23f3b128a992c1f38/json HTTP/1.1
03:33:03.579 [main] DEBUG com.github.dockerjava.zerodep.shaded.org.apache.hc.client5.http.headers - http-outgoing-2 >> accept: application/json
03:33:03.579 [main] DEBUG com.github.dockerjava.zerodep.shaded.org.apache.hc.client5.http.headers - http-outgoing-2 >> Accept-Encoding: gzip, x-gzip, deflate
03:33:03.579 [main] DEBUG com.github.dockerjava.zerodep.shaded.org.apache.hc.client5.http.headers - http-outgoing-2 >> Host: localhost:2375
03:33:03.579 [main] DEBUG com.github.dockerjava.zerodep.shaded.org.apache.hc.client5.http.headers - http-outgoing-2 >> Connection: keep-alive
03:33:03.579 [main] DEBUG com.github.dockerjava.zerodep.shaded.org.apache.hc.client5.http.headers - http-outgoing-2 >> User-Agent: Apache-HttpClient/5.0.3 (Java/11.0.15)
03:33:03.579 [main] DEBUG com.github.dockerjava.zerodep.shaded.org.apache.hc.client5.http.wire - http-outgoing-2 >> "GET /v1.32/containers/9691e31891711283f4d98263d11bc6156717d3e75a0b86a23f3b128a992c1f38/json HTTP/1.1[\r][\n]"
03:33:03.579 [main] DEBUG com.github.dockerjava.zerodep.shaded.org.apache.hc.client5.http.wire - http-outgoing-2 >> "accept: application/json[\r][\n]"
03:33:03.579 [main] DEBUG com.github.dockerjava.zerodep.shaded.org.apache.hc.client5.http.wire - http-outgoing-2 >> "Accept-Encoding: gzip, x-gzip, deflate[\r][\n]"
03:33:03.579 [main] DEBUG com.github.dockerjava.zerodep.shaded.org.apache.hc.client5.http.wire - http-outgoing-2 >> "Host: localhost:2375[\r][\n]"
03:33:03.579 [main] DEBUG com.github.dockerjava.zerodep.shaded.org.apache.hc.client5.http.wire - http-outgoing-2 >> "Connection: keep-alive[\r][\n]"
03:33:03.579 [main] DEBUG com.github.dockerjava.zerodep.shaded.org.apache.hc.client5.http.wire - http-outgoing-2 >> "User-Agent: Apache-HttpClient/5.0.3 (Java/11.0.15)[\r][\n]"
03:33:03.579 [main] DEBUG com.github.dockerjava.zerodep.shaded.org.apache.hc.client5.http.wire - http-outgoing-2 >> "[\r][\n]"
03:33:03.579 [main] DEBUG com.github.dockerjava.zerodep.shaded.org.apache.hc.client5.http.wire - http-outgoing-2 << "HTTP/1.1 200 OK[\r][\n]"
03:33:03.579 [main] DEBUG com.github.dockerjava.zerodep.shaded.org.apache.hc.client5.http.wire - http-outgoing-2 << "Api-Version: 1.41[\r][\n]"
03:33:03.579 [main] DEBUG com.github.dockerjava.zerodep.shaded.org.apache.hc.client5.http.wire - http-outgoing-2 << "Content-Type: application/json[\r][\n]"
03:33:03.579 [main] DEBUG com.github.dockerjava.zerodep.shaded.org.apache.hc.client5.http.wire - http-outgoing-2 << "Docker-Experimental: false[\r][\n]"
03:33:03.579 [main] DEBUG com.github.dockerjava.zerodep.shaded.org.apache.hc.client5.http.wire - http-outgoing-2 << "Ostype: linux[\r][\n]"
03:33:03.579 [main] DEBUG com.github.dockerjava.zerodep.shaded.org.apache.hc.client5.http.wire - http-outgoing-2 << "Server: Docker/20.10.12 (linux)[\r][\n]"
03:33:03.579 [main] DEBUG com.github.dockerjava.zerodep.shaded.org.apache.hc.client5.http.wire - http-outgoing-2 << "Date: Thu, 23 Jun 2022 02:33:03 GMT[\r][\n]"
03:33:03.579 [main] DEBUG com.github.dockerjava.zerodep.shaded.org.apache.hc.client5.http.wire - http-outgoing-2 << "Transfer-Encoding: chunked[\r][\n]"
03:33:03.579 [main] DEBUG com.github.dockerjava.zerodep.shaded.org.apache.hc.client5.http.wire - http-outgoing-2 << "[\r][\n]"
03:33:03.579 [main] DEBUG com.github.dockerjava.zerodep.shaded.org.apache.hc.client5.http.wire - http-outgoing-2 << "18ed[\r][\n]"
03:33:03.579 [main] DEBUG com.github.dockerjava.zerodep.shaded.org.apache.hc.client5.http.wire - http-outgoing-2 << "{"Id":"9691e31891711283f4d98263d11bc6156717d3e75a0b86a23f3b128a992c1f38","Created":"2022-06-23T02:32:47.03956921Z","Path":"docker-entrypoint.sh","Args":["mysqld"],"State":{"Status":"running","Running":true,"Paused":false,"Restarting":false,"OOMKilled":false,"Dead":false,"Pid":66188,"ExitCode":0,"Error":"","StartedAt":"2022-06-23T02:32:47.703880551Z","FinishedAt":"0001-01-01T00:00:00Z"},"Image":"sha256:65b636d5542b73254ce90cc4b895597dc1adc2c661ca553c38eda159979dded1","ResolvConfPath":"/var/lib/docker/containers/9691e31891711283f4d98263d11bc6156717d3e75a0b86a23f3b128a992c1f38/resolv.conf","HostnamePath":"/var/lib/docker/containers/9691e31891711283f4d98263d11bc6156717d3e75a0b86a23f3b128a992c1f38/hostname","HostsPath":"/var/lib/docker/containers/9691e31891711283f4d98263d11bc6156717d3e75a0b86a23f3b128a992c1f38/hosts","LogPath":"/var/lib/docker/containers/9691e31891711283f4d98263d11bc6156717d3e75a0b86a23f3b128a992c1f38/9691e31891711283f4d98263d11bc6156717d3e75a0b86a23f3b128a992c1f38-json.log","Name":"/xenodochial_satoshi","RestartCount":0,"Driver":"overlay2","Platform":"linux","MountLabel":"","ProcessLabel":"","AppArmorProfile":"docker-default","ExecIDs":null,"HostConfig":{"Binds":[],"ContainerIDFile":"","LogConfig":{"Type":"json-file","Config":{}},"NetworkMode":"default","PortBindings":{"3306/tcp":[{"HostIp":"","HostPort":""}]},"RestartPolicy":{"Name":"","MaximumRetryCount":0},"AutoRemove":false,"VolumeDriver":"","VolumesFrom":[],"CapAdd":null,"CapDrop":null,"CgroupnsMode":"host","Dns":null,"DnsOptions":null,"DnsSearch":null,"ExtraHosts":[],"GroupAdd":null,"IpcMode":"shareable","Cgroup":"","Links":null,"OomScoreAdj":0,"PidMode":"","Privileged":false,"PublishAllPorts":false,"ReadonlyRootfs":false,"SecurityOpt":null,"UTSMode":"","UsernsMode":"","ShmSize":67108864,"Runtime":"runc","ConsoleSize":[0,0],"Isolation":"","CpuShares":0,"Memory":0,"NanoCpus":0,"CgroupParent":"","BlkioWeight":0,"BlkioWeightDevice":null,"BlkioDeviceReadBps":null,"BlkioDeviceWriteBps":null,"BlkioDeviceReadIOps":null,"BlkioDeviceWriteIOps":null,"CpuPeriod":0,"CpuQuota":0,"CpuRealtimePeriod":0,"CpuRealtimeRuntime":0,"CpusetCpus":"","CpusetMems":"","Devices":null,"DeviceCgroupRules":null,"DeviceRequests":null,"KernelMemory":0,"KernelMemoryTCP":0,"MemoryReservation":0,"MemorySwap":0,"MemorySwappiness":null,"OomKillDisable":false,"PidsLimit":null,"Ulimits":null,"CpuCount":0,"CpuPercent":0,"IOMaximumIOps":0,"IOMaximumBandwidth":0,"MaskedPaths":["/proc/asound","/proc/acpi","/proc/kcore","/proc/keys","/proc/latency_stats","/proc/timer_list","/proc/timer_stats","/proc/sched_debug","/proc/scsi","/sys/firmware"],"ReadonlyPaths":["/proc/bus","/proc/fs","/proc/irq","/proc/sys","/proc/sysrq-trigger"]},"GraphDriver":{"Data":{"LowerDir":"/var/lib/docker/overlay2/5529564f52cf969e31e7a1482c27be7ffed19639b506ae2e15b7e7115f699a73-init/diff:/var/lib/docker/overlay2/833a665819b5d9728d3efa7c33135034345a24f83af53b1a1af33d9b64f5492a/diff:/var/lib/docker/overlay2/bd4a2a46c227c2f15475b08c398f37acaab93f4fdba31de015d730efae0a0cfc/diff:/var/lib/docker/overlay2/31ad437d7cba8e64428a2b62db1bbb2a2ec19ca4e439ec493ef4deb50dce2783/diff:/var/lib/docker/overlay2/35173cbd8ec5b88a8888e9abbe75f8694f5d3f96a9b781bb70dc1f0889685741/diff:/var/lib/docker/overlay2/24bf69ac4e8c81062fee44e7c9f746fffbb139c3f7f4b55b4fd1b23bb101b529/diff:/var/lib/docker/overlay2/2f27c96a7775dad186b6f0da325d5a251c80aa1b7f80cf8520f493c5154aee70/diff:/var/lib/docker/overlay2/463a60088c72ddbea82639ded15801e35a79c443f6a26bf1baf320c683cb06af/diff:/var/lib/docker/overlay2/80b8224b23a2ee4b5be635c58ae579fd1913aa95558cd66ab2f5e8430f00a5b8/diff:/var/lib/docker/overlay2/20451fa0b1a07b85d665bc3a0359d721ce4e4c28fa3bce7456ab25e0babae708/diff:/var/lib/docker/overlay2/f80d865cbc6c1c6f57d0963fa6234e7a6409e079eb17f4f13ca41d02731701ad/diff:/var/lib/docker/overlay2/5a3029e0b57c6ec9b985871ff6adf08356aaa0f2a15f1e34c1a7f116ecc4a61d/diff:/var/lib/docker/overlay2/4f3423103248d0b381a1bc6a7287e2b42313ff458cea602a02b7379014b03e0e/diff","MergedDir":"/var/lib/docker/overlay2/5529564f52cf969e31e7a1482c27be7ffed19639b506ae2e15b7e7115f699a73/merged","UpperDir":"/var/lib/docker/overlay2/5529564f52cf969e31e7a1482c27be7ffed19639b506ae2e15b7e7115f699a73/diff","WorkDir":"/var/lib/docker/overlay2/5529564f52cf969e31e7a1482c27be7ffed19639b506ae2e15b7e7115f699a73/work"},"Name":"overlay2"},"Mounts":[{"Type":"volume","Name":"fd1f613c7fe3ca3ae799982507ac3f565cc9f6a2dc99ceaed92389e2c43f47d1","Source":"/var/lib/docker/volumes/fd1f613c7fe3ca3ae799982507ac3f565cc9f6a2dc99ceaed92389e2c43f47d1/_data","Destination":"/var/lib/mysql","Driver":"local","Mode":"","RW":true,"Propagation":""}],"Config":{"Hostname":"9691e3189171","Domainname":"","User":"","AttachStdin":false,"AttachStdout":false,"AttachStderr":false,"ExposedPorts":{"3306/tcp":{},"33060/tcp":{}},"Tty":false,"OpenStdin":false,"StdinOnce":false,"Env":["MYSQL_DATABASE=test","MYSQL_PASSWORD=admin","MYSQL_USER=admin","MYSQL_ROOT_PASSWORD=admin","PATH=/usr/local/sbin:/usr/local/bin:/usr/sbin:/usr/bin:/sbin:/bin","GOSU_VERSION=1.14","MYSQL_MAJOR=8.0","MYSQL_VERSION=8.0.29-1debian10"],"Cmd":["mysqld"],"Image":"mysql:8.0","Volumes":{"/var/lib/mysql":{}},"WorkingDir":"","Entrypoint":["docker-entrypoint.sh"],"OnBuild":null,"Labels":{"org.testcontainers":"true","org.testcontainers.sessionId":"d48265e4-2b28-4f8c-aa67-76dd8289af84"}},"NetworkSettings":{"Bridge":"","SandboxID":"d9de8570fe3f0a4e9f3a1ff7101c963bbd2c6a0a9d8a867b96f17f4d5edca537","HairpinMode":false,"LinkLocalIPv6Address":"","LinkLocalIPv6PrefixLen":0,"Ports":{"3306/tcp":[{"HostIp":"0.0.0.0","HostPort":"49160"},{"HostIp":"::","HostPort":"49160"}],"33060/tcp":null},"SandboxKey":"/var/run/docker/netns/d9de8570fe3f","SecondaryIPAddresses":null,"SecondaryIPv6Addresses":null,"EndpointID":"93e8fe159f683a98670e8995677c2b130dbce857fc116679206e206bda319cbf","Gateway":"172.17.0.1","GlobalIPv6Address":"","GlobalIPv6PrefixLen":0,"IPAddress":"172.17.0.3","IPPrefixLen":16,"IPv6Gateway":"","MacAddress":"02:42:ac:11:00:03","Networks":{"bridge":{"IPAMConfig":null,"Links":null,"Aliases":null,"NetworkID":"1853cd2b9856825cc97ed9ef2b12efa82d95bf9cf60ad666c276eb35cc53539e","EndpointID":"93e8fe159f683a98670e8995677c2b130dbce857fc116679206e206bda319cbf","Gateway":"172.17.0.1","IPAddress":"172.17.0.3","IPPrefixLen":16,"IPv6Gateway":"","GlobalIPv6Address":"","GlobalIPv6PrefixLen":0,"MacAddress":"02:42:ac:11:00:03","DriverOpts":null}}}}[\n]"
03:33:03.579 [main] DEBUG com.github.dockerjava.zerodep.shaded.org.apache.hc.client5.http.wire - http-outgoing-2 << "[\r][\n]"
03:33:03.579 [main] DEBUG com.github.dockerjava.zerodep.shaded.org.apache.hc.client5.http.wire - http-outgoing-2 << "0[\r][\n]"
03:33:03.579 [main] DEBUG com.github.dockerjava.zerodep.shaded.org.apache.hc.client5.http.wire - http-outgoing-2 << "[\r][\n]"
03:33:03.579 [main] DEBUG com.github.dockerjava.zerodep.shaded.org.apache.hc.client5.http.headers - http-outgoing-2 << HTTP/1.1 200 OK
03:33:03.579 [main] DEBUG com.github.dockerjava.zerodep.shaded.org.apache.hc.client5.http.headers - http-outgoing-2 << Api-Version: 1.41
03:33:03.579 [main] DEBUG com.github.dockerjava.zerodep.shaded.org.apache.hc.client5.http.headers - http-outgoing-2 << Content-Type: application/json
03:33:03.579 [main] DEBUG com.github.dockerjava.zerodep.shaded.org.apache.hc.client5.http.headers - http-outgoing-2 << Docker-Experimental: false
03:33:03.579 [main] DEBUG com.github.dockerjava.zerodep.shaded.org.apache.hc.client5.http.headers - http-outgoing-2 << Ostype: linux
03:33:03.579 [main] DEBUG com.github.dockerjava.zerodep.shaded.org.apache.hc.client5.http.headers - http-outgoing-2 << Server: Docker/20.10.12 (linux)
03:33:03.579 [main] DEBUG com.github.dockerjava.zerodep.shaded.org.apache.hc.client5.http.headers - http-outgoing-2 << Date: Thu, 23 Jun 2022 02:33:03 GMT
03:33:03.579 [main] DEBUG com.github.dockerjava.zerodep.shaded.org.apache.hc.client5.http.headers - http-outgoing-2 << Transfer-Encoding: chunked
03:33:03.580 [main] DEBUG com.github.dockerjava.zerodep.shaded.org.apache.hc.client5.http.impl.classic.MainClientExec - ex-0000009F: connection can be kept alive for 3 MINUTES
03:33:03.580 [main] DEBUG com.github.dockerjava.zerodep.shaded.org.apache.hc.client5.http.impl.classic.InternalHttpClient - ep-0000009E: releasing valid endpoint
03:33:03.580 [main] DEBUG com.github.dockerjava.zerodep.shaded.org.apache.hc.client5.http.impl.io.PoolingHttpClientConnectionManager - ep-0000009E: releasing endpoint
03:33:03.580 [main] DEBUG com.github.dockerjava.zerodep.shaded.org.apache.hc.client5.http.impl.io.PoolingHttpClientConnectionManager - ep-0000009E: connection http-outgoing-2 can be kept alive for 3 MINUTES
03:33:03.580 [main] DEBUG com.github.dockerjava.zerodep.shaded.org.apache.hc.client5.http.impl.io.PoolingHttpClientConnectionManager - ep-0000009E: connection released [route: {}->unix://localhost:2375][total available: 1; route allocated: 1 of 2147483647; total allocated: 1 of 2147483647]
03:33:03.580 [main] DEBUG 🐳 [mysql:8.0] - Trying to create JDBC connection using com.mysql.cj.jdbc.Driver to jdbc:mysql://localhost:49160/test?useSSL=false&allowPublicKeyRetrieval=true with properties: {password=admin, user=admin}
03:33:03.682 [main] DEBUG org.testcontainers.shaded.com.github.dockerjava.core.command.AbstrDockerCmd - Cmd: 9691e31891711283f4d98263d11bc6156717d3e75a0b86a23f3b128a992c1f38,false
03:33:03.682 [main] DEBUG org.testcontainers.shaded.com.github.dockerjava.core.exec.InspectContainerCmdExec - GET: DefaultWebTarget{path=[/containers/9691e31891711283f4d98263d11bc6156717d3e75a0b86a23f3b128a992c1f38/json], queryParams={}}
03:33:03.682 [main] DEBUG com.github.dockerjava.zerodep.shaded.org.apache.hc.client5.http.impl.classic.InternalHttpClient - ex-000000A0: preparing request execution
03:33:03.682 [main] DEBUG com.github.dockerjava.zerodep.shaded.org.apache.hc.client5.http.protocol.RequestAddCookies - Cookie spec selected: strict
03:33:03.682 [main] DEBUG com.github.dockerjava.zerodep.shaded.org.apache.hc.client5.http.protocol.RequestAuthCache - Auth cache not set in the context
03:33:03.682 [main] DEBUG com.github.dockerjava.zerodep.shaded.org.apache.hc.client5.http.impl.classic.ProtocolExec - ex-000000A0: target auth state: UNCHALLENGED
03:33:03.682 [main] DEBUG com.github.dockerjava.zerodep.shaded.org.apache.hc.client5.http.impl.classic.ProtocolExec - ex-000000A0: proxy auth state: UNCHALLENGED
03:33:03.682 [main] DEBUG com.github.dockerjava.zerodep.shaded.org.apache.hc.client5.http.impl.classic.ConnectExec - ex-000000A0: acquiring connection with route {}->unix://localhost:2375
03:33:03.682 [main] DEBUG com.github.dockerjava.zerodep.shaded.org.apache.hc.client5.http.impl.classic.InternalHttpClient - ex-000000A0: acquiring endpoint (3 MINUTES)
03:33:03.683 [main] DEBUG com.github.dockerjava.zerodep.shaded.org.apache.hc.client5.http.impl.io.PoolingHttpClientConnectionManager - ex-000000A0: endpoint lease request (3 MINUTES) [route: {}->unix://localhost:2375][total available: 1; route allocated: 1 of 2147483647; total allocated: 1 of 2147483647]
03:33:03.683 [main] DEBUG com.github.dockerjava.zerodep.shaded.org.apache.hc.client5.http.impl.io.PoolingHttpClientConnectionManager - ex-000000A0: endpoint leased [route: {}->unix://localhost:2375][total available: 0; route allocated: 1 of 2147483647; total allocated: 1 of 2147483647]
03:33:03.683 [main] DEBUG com.github.dockerjava.zerodep.shaded.org.apache.hc.client5.http.impl.io.PoolingHttpClientConnectionManager - ex-000000A0: acquired ep-0000009F
03:33:03.683 [main] DEBUG com.github.dockerjava.zerodep.shaded.org.apache.hc.client5.http.impl.classic.InternalHttpClient - ex-000000A0: acquired endpoint ep-0000009F
03:33:03.683 [main] DEBUG com.github.dockerjava.zerodep.shaded.org.apache.hc.client5.http.impl.classic.MainClientExec - ex-000000A0: executing GET /v1.32/containers/9691e31891711283f4d98263d11bc6156717d3e75a0b86a23f3b128a992c1f38/json HTTP/1.1
03:33:03.683 [main] DEBUG com.github.dockerjava.zerodep.shaded.org.apache.hc.client5.http.impl.classic.InternalHttpClient - ep-0000009F: start execution ex-000000A0
03:33:03.683 [main] DEBUG com.github.dockerjava.zerodep.shaded.org.apache.hc.client5.http.impl.io.PoolingHttpClientConnectionManager - ep-0000009F: executing exchange ex-000000A0 over http-outgoing-2
03:33:03.683 [main] DEBUG com.github.dockerjava.zerodep.shaded.org.apache.hc.client5.http.headers - http-outgoing-2 >> GET /v1.32/containers/9691e31891711283f4d98263d11bc6156717d3e75a0b86a23f3b128a992c1f38/json HTTP/1.1
03:33:03.683 [main] DEBUG com.github.dockerjava.zerodep.shaded.org.apache.hc.client5.http.headers - http-outgoing-2 >> accept: application/json
03:33:03.683 [main] DEBUG com.github.dockerjava.zerodep.shaded.org.apache.hc.client5.http.headers - http-outgoing-2 >> Accept-Encoding: gzip, x-gzip, deflate
03:33:03.683 [main] DEBUG com.github.dockerjava.zerodep.shaded.org.apache.hc.client5.http.headers - http-outgoing-2 >> Host: localhost:2375
03:33:03.683 [main] DEBUG com.github.dockerjava.zerodep.shaded.org.apache.hc.client5.http.headers - http-outgoing-2 >> Connection: keep-alive
03:33:03.683 [main] DEBUG com.github.dockerjava.zerodep.shaded.org.apache.hc.client5.http.headers - http-outgoing-2 >> User-Agent: Apache-HttpClient/5.0.3 (Java/11.0.15)
03:33:03.683 [main] DEBUG com.github.dockerjava.zerodep.shaded.org.apache.hc.client5.http.wire - http-outgoing-2 >> "GET /v1.32/containers/9691e31891711283f4d98263d11bc6156717d3e75a0b86a23f3b128a992c1f38/json HTTP/1.1[\r][\n]"
03:33:03.683 [main] DEBUG com.github.dockerjava.zerodep.shaded.org.apache.hc.client5.http.wire - http-outgoing-2 >> "accept: application/json[\r][\n]"
03:33:03.683 [main] DEBUG com.github.dockerjava.zerodep.shaded.org.apache.hc.client5.http.wire - http-outgoing-2 >> "Accept-Encoding: gzip, x-gzip, deflate[\r][\n]"
03:33:03.683 [main] DEBUG com.github.dockerjava.zerodep.shaded.org.apache.hc.client5.http.wire - http-outgoing-2 >> "Host: localhost:2375[\r][\n]"
03:33:03.683 [main] DEBUG com.github.dockerjava.zerodep.shaded.org.apache.hc.client5.http.wire - http-outgoing-2 >> "Connection: keep-alive[\r][\n]"
03:33:03.683 [main] DEBUG com.github.dockerjava.zerodep.shaded.org.apache.hc.client5.http.wire - http-outgoing-2 >> "User-Agent: Apache-HttpClient/5.0.3 (Java/11.0.15)[\r][\n]"
03:33:03.683 [main] DEBUG com.github.dockerjava.zerodep.shaded.org.apache.hc.client5.http.wire - http-outgoing-2 >> "[\r][\n]"
03:33:03.683 [main] DEBUG com.github.dockerjava.zerodep.shaded.org.apache.hc.client5.http.wire - http-outgoing-2 << "HTTP/1.1 200 OK[\r][\n]"
03:33:03.683 [main] DEBUG com.github.dockerjava.zerodep.shaded.org.apache.hc.client5.http.wire - http-outgoing-2 << "Api-Version: 1.41[\r][\n]"
03:33:03.683 [main] DEBUG com.github.dockerjava.zerodep.shaded.org.apache.hc.client5.http.wire - http-outgoing-2 << "Content-Type: application/json[\r][\n]"
03:33:03.683 [main] DEBUG com.github.dockerjava.zerodep.shaded.org.apache.hc.client5.http.wire - http-outgoing-2 << "Docker-Experimental: false[\r][\n]"
03:33:03.683 [main] DEBUG com.github.dockerjava.zerodep.shaded.org.apache.hc.client5.http.wire - http-outgoing-2 << "Ostype: linux[\r][\n]"
03:33:03.683 [main] DEBUG com.github.dockerjava.zerodep.shaded.org.apache.hc.client5.http.wire - http-outgoing-2 << "Server: Docker/20.10.12 (linux)[\r][\n]"
03:33:03.683 [main] DEBUG com.github.dockerjava.zerodep.shaded.org.apache.hc.client5.http.wire - http-outgoing-2 << "Date: Thu, 23 Jun 2022 02:33:03 GMT[\r][\n]"
03:33:03.683 [main] DEBUG com.github.dockerjava.zerodep.shaded.org.apache.hc.client5.http.wire - http-outgoing-2 << "Transfer-Encoding: chunked[\r][\n]"
03:33:03.683 [main] DEBUG com.github.dockerjava.zerodep.shaded.org.apache.hc.client5.http.wire - http-outgoing-2 << "[\r][\n]"
03:33:03.683 [main] DEBUG com.github.dockerjava.zerodep.shaded.org.apache.hc.client5.http.wire - http-outgoing-2 << "18ed[\r][\n]"
03:33:03.683 [main] DEBUG com.github.dockerjava.zerodep.shaded.org.apache.hc.client5.http.wire - http-outgoing-2 << "{"Id":"9691e31891711283f4d98263d11bc6156717d3e75a0b86a23f3b128a992c1f38","Created":"2022-06-23T02:32:47.03956921Z","Path":"docker-entrypoint.sh","Args":["mysqld"],"State":{"Status":"running","Running":true,"Paused":false,"Restarting":false,"OOMKilled":false,"Dead":false,"Pid":66188,"ExitCode":0,"Error":"","StartedAt":"2022-06-23T02:32:47.703880551Z","FinishedAt":"0001-01-01T00:00:00Z"},"Image":"sha256:65b636d5542b73254ce90cc4b895597dc1adc2c661ca553c38eda159979dded1","ResolvConfPath":"/var/lib/docker/containers/9691e31891711283f4d98263d11bc6156717d3e75a0b86a23f3b128a992c1f38/resolv.conf","HostnamePath":"/var/lib/docker/containers/9691e31891711283f4d98263d11bc6156717d3e75a0b86a23f3b128a992c1f38/hostname","HostsPath":"/var/lib/docker/containers/9691e31891711283f4d98263d11bc6156717d3e75a0b86a23f3b128a992c1f38/hosts","LogPath":"/var/lib/docker/containers/9691e31891711283f4d98263d11bc6156717d3e75a0b86a23f3b128a992c1f38/9691e31891711283f4d98263d11bc6156717d3e75a0b86a23f3b128a992c1f38-json.log","Name":"/xenodochial_satoshi","RestartCount":0,"Driver":"overlay2","Platform":"linux","MountLabel":"","ProcessLabel":"","AppArmorProfile":"docker-default","ExecIDs":null,"HostConfig":{"Binds":[],"ContainerIDFile":"","LogConfig":{"Type":"json-file","Config":{}},"NetworkMode":"default","PortBindings":{"3306/tcp":[{"HostIp":"","HostPort":""}]},"RestartPolicy":{"Name":"","MaximumRetryCount":0},"AutoRemove":false,"VolumeDriver":"","VolumesFrom":[],"CapAdd":null,"CapDrop":null,"CgroupnsMode":"host","Dns":null,"DnsOptions":null,"DnsSearch":null,"ExtraHosts":[],"GroupAdd":null,"IpcMode":"shareable","Cgroup":"","Links":null,"OomScoreAdj":0,"PidMode":"","Privileged":false,"PublishAllPorts":false,"ReadonlyRootfs":false,"SecurityOpt":null,"UTSMode":"","UsernsMode":"","ShmSize":67108864,"Runtime":"runc","ConsoleSize":[0,0],"Isolation":"","CpuShares":0,"Memory":0,"NanoCpus":0,"CgroupParent":"","BlkioWeight":0,"BlkioWeightDevice":null,"BlkioDeviceReadBps":null,"BlkioDeviceWriteBps":null,"BlkioDeviceReadIOps":null,"BlkioDeviceWriteIOps":null,"CpuPeriod":0,"CpuQuota":0,"CpuRealtimePeriod":0,"CpuRealtimeRuntime":0,"CpusetCpus":"","CpusetMems":"","Devices":null,"DeviceCgroupRules":null,"DeviceRequests":null,"KernelMemory":0,"KernelMemoryTCP":0,"MemoryReservation":0,"MemorySwap":0,"MemorySwappiness":null,"OomKillDisable":false,"PidsLimit":null,"Ulimits":null,"CpuCount":0,"CpuPercent":0,"IOMaximumIOps":0,"IOMaximumBandwidth":0,"MaskedPaths":["/proc/asound","/proc/acpi","/proc/kcore","/proc/keys","/proc/latency_stats","/proc/timer_list","/proc/timer_stats","/proc/sched_debug","/proc/scsi","/sys/firmware"],"ReadonlyPaths":["/proc/bus","/proc/fs","/proc/irq","/proc/sys","/proc/sysrq-trigger"]},"GraphDriver":{"Data":{"LowerDir":"/var/lib/docker/overlay2/5529564f52cf969e31e7a1482c27be7ffed19639b506ae2e15b7e7115f699a73-init/diff:/var/lib/docker/overlay2/833a665819b5d9728d3efa7c33135034345a24f83af53b1a1af33d9b64f5492a/diff:/var/lib/docker/overlay2/bd4a2a46c227c2f15475b08c398f37acaab93f4fdba31de015d730efae0a0cfc/diff:/var/lib/docker/overlay2/31ad437d7cba8e64428a2b62db1bbb2a2ec19ca4e439ec493ef4deb50dce2783/diff:/var/lib/docker/overlay2/35173cbd8ec5b88a8888e9abbe75f8694f5d3f96a9b781bb70dc1f0889685741/diff:/var/lib/docker/overlay2/24bf69ac4e8c81062fee44e7c9f746fffbb139c3f7f4b55b4fd1b23bb101b529/diff:/var/lib/docker/overlay2/2f27c96a7775dad186b6f0da325d5a251c80aa1b7f80cf8520f493c5154aee70/diff:/var/lib/docker/overlay2/463a60088c72ddbea82639ded15801e35a79c443f6a26bf1baf320c683cb06af/diff:/var/lib/docker/overlay2/80b8224b23a2ee4b5be635c58ae579fd1913aa95558cd66ab2f5e8430f00a5b8/diff:/var/lib/docker/overlay2/20451fa0b1a07b85d665bc3a0359d721ce4e4c28fa3bce7456ab25e0babae708/diff:/var/lib/docker/overlay2/f80d865cbc6c1c6f57d0963fa6234e7a6409e079eb17f4f13ca41d02731701ad/diff:/var/lib/docker/overlay2/5a3029e0b57c6ec9b985871ff6adf08356aaa0f2a15f1e34c1a7f116ecc4a61d/diff:/var/lib/docker/overlay2/4f3423103248d0b381a1bc6a7287e2b42313ff458cea602a02b7379014b03e0e/diff","MergedDir":"/var/lib/docker/overlay2/5529564f52cf969e31e7a1482c27be7ffed19639b506ae2e15b7e7115f699a73/merged","UpperDir":"/var/lib/docker/overlay2/5529564f52cf969e31e7a1482c27be7ffed19639b506ae2e15b7e7115f699a73/diff","WorkDir":"/var/lib/docker/overlay2/5529564f52cf969e31e7a1482c27be7ffed19639b506ae2e15b7e7115f699a73/work"},"Name":"overlay2"},"Mounts":[{"Type":"volume","Name":"fd1f613c7fe3ca3ae799982507ac3f565cc9f6a2dc99ceaed92389e2c43f47d1","Source":"/var/lib/docker/volumes/fd1f613c7fe3ca3ae799982507ac3f565cc9f6a2dc99ceaed92389e2c43f47d1/_data","Destination":"/var/lib/mysql","Driver":"local","Mode":"","RW":true,"Propagation":""}],"Config":{"Hostname":"9691e3189171","Domainname":"","User":"","AttachStdin":false,"AttachStdout":false,"AttachStderr":false,"ExposedPorts":{"3306/tcp":{},"33060/tcp":{}},"Tty":false,"OpenStdin":false,"StdinOnce":false,"Env":["MYSQL_DATABASE=test","MYSQL_PASSWORD=admin","MYSQL_USER=admin","MYSQL_ROOT_PASSWORD=admin","PATH=/usr/local/sbin:/usr/local/bin:/usr/sbin:/usr/bin:/sbin:/bin","GOSU_VERSION=1.14","MYSQL_MAJOR=8.0","MYSQL_VERSION=8.0.29-1debian10"],"Cmd":["mysqld"],"Image":"mysql:8.0","Volumes":{"/var/lib/mysql":{}},"WorkingDir":"","Entrypoint":["docker-entrypoint.sh"],"OnBuild":null,"Labels":{"org.testcontainers":"true","org.testcontainers.sessionId":"d48265e4-2b28-4f8c-aa67-76dd8289af84"}},"NetworkSettings":{"Bridge":"","SandboxID":"d9de8570fe3f0a4e9f3a1ff7101c963bbd2c6a0a9d8a867b96f17f4d5edca537","HairpinMode":false,"LinkLocalIPv6Address":"","LinkLocalIPv6PrefixLen":0,"Ports":{"3306/tcp":[{"HostIp":"0.0.0.0","HostPort":"49160"},{"HostIp":"::","HostPort":"49160"}],"33060/tcp":null},"SandboxKey":"/var/run/docker/netns/d9de8570fe3f","SecondaryIPAddresses":null,"SecondaryIPv6Addresses":null,"EndpointID":"93e8fe159f683a98670e8995677c2b130dbce857fc116679206e206bda319cbf","Gateway":"172.17.0.1","GlobalIPv6Address":"","GlobalIPv6PrefixLen":0,"IPAddress":"172.17.0.3","IPPrefixLen":16,"IPv6Gateway":"","MacAddress":"02:42:ac:11:00:03","Networks":{"bridge":{"IPAMConfig":null,"Links":null,"Aliases":null,"NetworkID":"1853cd2b9856825cc97ed9ef2b12efa82d95bf9cf60ad666c276eb35cc53539e","EndpointID":"93e8fe159f683a98670e8995677c2b130dbce857fc116679206e206bda319cbf","Gateway":"172.17.0.1","IPAddress":"172.17.0.3","IPPrefixLen":16,"IPv6Gateway":"","GlobalIPv6Address":"","GlobalIPv6PrefixLen":0,"MacAddress":"02:42:ac:11:00:03","DriverOpts":null}}}}[\n]"
03:33:03.684 [main] DEBUG com.github.dockerjava.zerodep.shaded.org.apache.hc.client5.http.wire - http-outgoing-2 << "[\r][\n]"
03:33:03.684 [main] DEBUG com.github.dockerjava.zerodep.shaded.org.apache.hc.client5.http.wire - http-outgoing-2 << "0[\r][\n]"
03:33:03.684 [main] DEBUG com.github.dockerjava.zerodep.shaded.org.apache.hc.client5.http.wire - http-outgoing-2 << "[\r][\n]"
03:33:03.684 [main] DEBUG com.github.dockerjava.zerodep.shaded.org.apache.hc.client5.http.headers - http-outgoing-2 << HTTP/1.1 200 OK
03:33:03.684 [main] DEBUG com.github.dockerjava.zerodep.shaded.org.apache.hc.client5.http.headers - http-outgoing-2 << Api-Version: 1.41
03:33:03.684 [main] DEBUG com.github.dockerjava.zerodep.shaded.org.apache.hc.client5.http.headers - http-outgoing-2 << Content-Type: application/json
03:33:03.684 [main] DEBUG com.github.dockerjava.zerodep.shaded.org.apache.hc.client5.http.headers - http-outgoing-2 << Docker-Experimental: false
03:33:03.684 [main] DEBUG com.github.dockerjava.zerodep.shaded.org.apache.hc.client5.http.headers - http-outgoing-2 << Ostype: linux
03:33:03.684 [main] DEBUG com.github.dockerjava.zerodep.shaded.org.apache.hc.client5.http.headers - http-outgoing-2 << Server: Docker/20.10.12 (linux)
03:33:03.684 [main] DEBUG com.github.dockerjava.zerodep.shaded.org.apache.hc.client5.http.headers - http-outgoing-2 << Date: Thu, 23 Jun 2022 02:33:03 GMT
03:33:03.684 [main] DEBUG com.github.dockerjava.zerodep.shaded.org.apache.hc.client5.http.headers - http-outgoing-2 << Transfer-Encoding: chunked
03:33:03.684 [main] DEBUG com.github.dockerjava.zerodep.shaded.org.apache.hc.client5.http.impl.classic.MainClientExec - ex-000000A0: connection can be kept alive for 3 MINUTES
03:33:03.685 [main] DEBUG com.github.dockerjava.zerodep.shaded.org.apache.hc.client5.http.impl.classic.InternalHttpClient - ep-0000009F: releasing valid endpoint
03:33:03.685 [main] DEBUG com.github.dockerjava.zerodep.shaded.org.apache.hc.client5.http.impl.io.PoolingHttpClientConnectionManager - ep-0000009F: releasing endpoint
03:33:03.685 [main] DEBUG com.github.dockerjava.zerodep.shaded.org.apache.hc.client5.http.impl.io.PoolingHttpClientConnectionManager - ep-0000009F: connection http-outgoing-2 can be kept alive for 3 MINUTES
03:33:03.685 [main] DEBUG com.github.dockerjava.zerodep.shaded.org.apache.hc.client5.http.impl.io.PoolingHttpClientConnectionManager - ep-0000009F: connection released [route: {}->unix://localhost:2375][total available: 1; route allocated: 1 of 2147483647; total allocated: 1 of 2147483647]
03:33:03.685 [main] DEBUG 🐳 [mysql:8.0] - Trying to create JDBC connection using com.mysql.cj.jdbc.Driver to jdbc:mysql://localhost:49160/test?useSSL=false&allowPublicKeyRetrieval=true with properties: {password=admin, user=admin}
03:33:03.788 [main] DEBUG org.testcontainers.shaded.com.github.dockerjava.core.command.AbstrDockerCmd - Cmd: 9691e31891711283f4d98263d11bc6156717d3e75a0b86a23f3b128a992c1f38,false
03:33:03.788 [main] DEBUG org.testcontainers.shaded.com.github.dockerjava.core.exec.InspectContainerCmdExec - GET: DefaultWebTarget{path=[/containers/9691e31891711283f4d98263d11bc6156717d3e75a0b86a23f3b128a992c1f38/json], queryParams={}}
03:33:03.788 [main] DEBUG com.github.dockerjava.zerodep.shaded.org.apache.hc.client5.http.impl.classic.InternalHttpClient - ex-000000A1: preparing request execution
03:33:03.788 [main] DEBUG com.github.dockerjava.zerodep.shaded.org.apache.hc.client5.http.protocol.RequestAddCookies - Cookie spec selected: strict
03:33:03.788 [main] DEBUG com.github.dockerjava.zerodep.shaded.org.apache.hc.client5.http.protocol.RequestAuthCache - Auth cache not set in the context
03:33:03.788 [main] DEBUG com.github.dockerjava.zerodep.shaded.org.apache.hc.client5.http.impl.classic.ProtocolExec - ex-000000A1: target auth state: UNCHALLENGED
03:33:03.788 [main] DEBUG com.github.dockerjava.zerodep.shaded.org.apache.hc.client5.http.impl.classic.ProtocolExec - ex-000000A1: proxy auth state: UNCHALLENGED
03:33:03.788 [main] DEBUG com.github.dockerjava.zerodep.shaded.org.apache.hc.client5.http.impl.classic.ConnectExec - ex-000000A1: acquiring connection with route {}->unix://localhost:2375
03:33:03.788 [main] DEBUG com.github.dockerjava.zerodep.shaded.org.apache.hc.client5.http.impl.classic.InternalHttpClient - ex-000000A1: acquiring endpoint (3 MINUTES)
03:33:03.788 [main] DEBUG com.github.dockerjava.zerodep.shaded.org.apache.hc.client5.http.impl.io.PoolingHttpClientConnectionManager - ex-000000A1: endpoint lease request (3 MINUTES) [route: {}->unix://localhost:2375][total available: 1; route allocated: 1 of 2147483647; total allocated: 1 of 2147483647]
03:33:03.788 [main] DEBUG com.github.dockerjava.zerodep.shaded.org.apache.hc.client5.http.impl.io.PoolingHttpClientConnectionManager - ex-000000A1: endpoint leased [route: {}->unix://localhost:2375][total available: 0; route allocated: 1 of 2147483647; total allocated: 1 of 2147483647]
03:33:03.789 [main] DEBUG com.github.dockerjava.zerodep.shaded.org.apache.hc.client5.http.impl.io.PoolingHttpClientConnectionManager - ex-000000A1: acquired ep-000000A0
03:33:03.789 [main] DEBUG com.github.dockerjava.zerodep.shaded.org.apache.hc.client5.http.impl.classic.InternalHttpClient - ex-000000A1: acquired endpoint ep-000000A0
03:33:03.789 [main] DEBUG com.github.dockerjava.zerodep.shaded.org.apache.hc.client5.http.impl.classic.MainClientExec - ex-000000A1: executing GET /v1.32/containers/9691e31891711283f4d98263d11bc6156717d3e75a0b86a23f3b128a992c1f38/json HTTP/1.1
03:33:03.789 [main] DEBUG com.github.dockerjava.zerodep.shaded.org.apache.hc.client5.http.impl.classic.InternalHttpClient - ep-000000A0: start execution ex-000000A1
03:33:03.789 [main] DEBUG com.github.dockerjava.zerodep.shaded.org.apache.hc.client5.http.impl.io.PoolingHttpClientConnectionManager - ep-000000A0: executing exchange ex-000000A1 over http-outgoing-2
03:33:03.789 [main] DEBUG com.github.dockerjava.zerodep.shaded.org.apache.hc.client5.http.headers - http-outgoing-2 >> GET /v1.32/containers/9691e31891711283f4d98263d11bc6156717d3e75a0b86a23f3b128a992c1f38/json HTTP/1.1
03:33:03.789 [main] DEBUG com.github.dockerjava.zerodep.shaded.org.apache.hc.client5.http.headers - http-outgoing-2 >> accept: application/json
03:33:03.789 [main] DEBUG com.github.dockerjava.zerodep.shaded.org.apache.hc.client5.http.headers - http-outgoing-2 >> Accept-Encoding: gzip, x-gzip, deflate
03:33:03.789 [main] DEBUG com.github.dockerjava.zerodep.shaded.org.apache.hc.client5.http.headers - http-outgoing-2 >> Host: localhost:2375
03:33:03.789 [main] DEBUG com.github.dockerjava.zerodep.shaded.org.apache.hc.client5.http.headers - http-outgoing-2 >> Connection: keep-alive
03:33:03.789 [main] DEBUG com.github.dockerjava.zerodep.shaded.org.apache.hc.client5.http.headers - http-outgoing-2 >> User-Agent: Apache-HttpClient/5.0.3 (Java/11.0.15)
03:33:03.789 [main] DEBUG com.github.dockerjava.zerodep.shaded.org.apache.hc.client5.http.wire - http-outgoing-2 >> "GET /v1.32/containers/9691e31891711283f4d98263d11bc6156717d3e75a0b86a23f3b128a992c1f38/json HTTP/1.1[\r][\n]"
03:33:03.789 [main] DEBUG com.github.dockerjava.zerodep.shaded.org.apache.hc.client5.http.wire - http-outgoing-2 >> "accept: application/json[\r][\n]"
03:33:03.789 [main] DEBUG com.github.dockerjava.zerodep.shaded.org.apache.hc.client5.http.wire - http-outgoing-2 >> "Accept-Encoding: gzip, x-gzip, deflate[\r][\n]"
03:33:03.789 [main] DEBUG com.github.dockerjava.zerodep.shaded.org.apache.hc.client5.http.wire - http-outgoing-2 >> "Host: localhost:2375[\r][\n]"
03:33:03.789 [main] DEBUG com.github.dockerjava.zerodep.shaded.org.apache.hc.client5.http.wire - http-outgoing-2 >> "Connection: keep-alive[\r][\n]"
03:33:03.789 [main] DEBUG com.github.dockerjava.zerodep.shaded.org.apache.hc.client5.http.wire - http-outgoing-2 >> "User-Agent: Apache-HttpClient/5.0.3 (Java/11.0.15)[\r][\n]"
03:33:03.789 [main] DEBUG com.github.dockerjava.zerodep.shaded.org.apache.hc.client5.http.wire - http-outgoing-2 >> "[\r][\n]"
03:33:03.789 [main] DEBUG com.github.dockerjava.zerodep.shaded.org.apache.hc.client5.http.wire - http-outgoing-2 << "HTTP/1.1 200 OK[\r][\n]"
03:33:03.789 [main] DEBUG com.github.dockerjava.zerodep.shaded.org.apache.hc.client5.http.wire - http-outgoing-2 << "Api-Version: 1.41[\r][\n]"
03:33:03.789 [main] DEBUG com.github.dockerjava.zerodep.shaded.org.apache.hc.client5.http.wire - http-outgoing-2 << "Content-Type: application/json[\r][\n]"
03:33:03.789 [main] DEBUG com.github.dockerjava.zerodep.shaded.org.apache.hc.client5.http.wire - http-outgoing-2 << "Docker-Experimental: false[\r][\n]"
03:33:03.789 [main] DEBUG com.github.dockerjava.zerodep.shaded.org.apache.hc.client5.http.wire - http-outgoing-2 << "Ostype: linux[\r][\n]"
03:33:03.790 [main] DEBUG com.github.dockerjava.zerodep.shaded.org.apache.hc.client5.http.wire - http-outgoing-2 << "Server: Docker/20.10.12 (linux)[\r][\n]"
03:33:03.790 [main] DEBUG com.github.dockerjava.zerodep.shaded.org.apache.hc.client5.http.wire - http-outgoing-2 << "Date: Thu, 23 Jun 2022 02:33:03 GMT[\r][\n]"
03:33:03.790 [main] DEBUG com.github.dockerjava.zerodep.shaded.org.apache.hc.client5.http.wire - http-outgoing-2 << "Transfer-Encoding: chunked[\r][\n]"
03:33:03.790 [main] DEBUG com.github.dockerjava.zerodep.shaded.org.apache.hc.client5.http.wire - http-outgoing-2 << "[\r][\n]"
03:33:03.790 [main] DEBUG com.github.dockerjava.zerodep.shaded.org.apache.hc.client5.http.wire - http-outgoing-2 << "18ed[\r][\n]"
03:33:03.790 [main] DEBUG com.github.dockerjava.zerodep.shaded.org.apache.hc.client5.http.wire - http-outgoing-2 << "{"Id":"9691e31891711283f4d98263d11bc6156717d3e75a0b86a23f3b128a992c1f38","Created":"2022-06-23T02:32:47.03956921Z","Path":"docker-entrypoint.sh","Args":["mysqld"],"State":{"Status":"running","Running":true,"Paused":false,"Restarting":false,"OOMKilled":false,"Dead":false,"Pid":66188,"ExitCode":0,"Error":"","StartedAt":"2022-06-23T02:32:47.703880551Z","FinishedAt":"0001-01-01T00:00:00Z"},"Image":"sha256:65b636d5542b73254ce90cc4b895597dc1adc2c661ca553c38eda159979dded1","ResolvConfPath":"/var/lib/docker/containers/9691e31891711283f4d98263d11bc6156717d3e75a0b86a23f3b128a992c1f38/resolv.conf","HostnamePath":"/var/lib/docker/containers/9691e31891711283f4d98263d11bc6156717d3e75a0b86a23f3b128a992c1f38/hostname","HostsPath":"/var/lib/docker/containers/9691e31891711283f4d98263d11bc6156717d3e75a0b86a23f3b128a992c1f38/hosts","LogPath":"/var/lib/docker/containers/9691e31891711283f4d98263d11bc6156717d3e75a0b86a23f3b128a992c1f38/9691e31891711283f4d98263d11bc6156717d3e75a0b86a23f3b128a992c1f38-json.log","Name":"/xenodochial_satoshi","RestartCount":0,"Driver":"overlay2","Platform":"linux","MountLabel":"","ProcessLabel":"","AppArmorProfile":"docker-default","ExecIDs":null,"HostConfig":{"Binds":[],"ContainerIDFile":"","LogConfig":{"Type":"json-file","Config":{}},"NetworkMode":"default","PortBindings":{"3306/tcp":[{"HostIp":"","HostPort":""}]},"RestartPolicy":{"Name":"","MaximumRetryCount":0},"AutoRemove":false,"VolumeDriver":"","VolumesFrom":[],"CapAdd":null,"CapDrop":null,"CgroupnsMode":"host","Dns":null,"DnsOptions":null,"DnsSearch":null,"ExtraHosts":[],"GroupAdd":null,"IpcMode":"shareable","Cgroup":"","Links":null,"OomScoreAdj":0,"PidMode":"","Privileged":false,"PublishAllPorts":false,"ReadonlyRootfs":false,"SecurityOpt":null,"UTSMode":"","UsernsMode":"","ShmSize":67108864,"Runtime":"runc","ConsoleSize":[0,0],"Isolation":"","CpuShares":0,"Memory":0,"NanoCpus":0,"CgroupParent":"","BlkioWeight":0,"BlkioWeightDevice":null,"BlkioDeviceReadBps":null,"BlkioDeviceWriteBps":null,"BlkioDeviceReadIOps":null,"BlkioDeviceWriteIOps":null,"CpuPeriod":0,"CpuQuota":0,"CpuRealtimePeriod":0,"CpuRealtimeRuntime":0,"CpusetCpus":"","CpusetMems":"","Devices":null,"DeviceCgroupRules":null,"DeviceRequests":null,"KernelMemory":0,"KernelMemoryTCP":0,"MemoryReservation":0,"MemorySwap":0,"MemorySwappiness":null,"OomKillDisable":false,"PidsLimit":null,"Ulimits":null,"CpuCount":0,"CpuPercent":0,"IOMaximumIOps":0,"IOMaximumBandwidth":0,"MaskedPaths":["/proc/asound","/proc/acpi","/proc/kcore","/proc/keys","/proc/latency_stats","/proc/timer_list","/proc/timer_stats","/proc/sched_debug","/proc/scsi","/sys/firmware"],"ReadonlyPaths":["/proc/bus","/proc/fs","/proc/irq","/proc/sys","/proc/sysrq-trigger"]},"GraphDriver":{"Data":{"LowerDir":"/var/lib/docker/overlay2/5529564f52cf969e31e7a1482c27be7ffed19639b506ae2e15b7e7115f699a73-init/diff:/var/lib/docker/overlay2/833a665819b5d9728d3efa7c33135034345a24f83af53b1a1af33d9b64f5492a/diff:/var/lib/docker/overlay2/bd4a2a46c227c2f15475b08c398f37acaab93f4fdba31de015d730efae0a0cfc/diff:/var/lib/docker/overlay2/31ad437d7cba8e64428a2b62db1bbb2a2ec19ca4e439ec493ef4deb50dce2783/diff:/var/lib/docker/overlay2/35173cbd8ec5b88a8888e9abbe75f8694f5d3f96a9b781bb70dc1f0889685741/diff:/var/lib/docker/overlay2/24bf69ac4e8c81062fee44e7c9f746fffbb139c3f7f4b55b4fd1b23bb101b529/diff:/var/lib/docker/overlay2/2f27c96a7775dad186b6f0da325d5a251c80aa1b7f80cf8520f493c5154aee70/diff:/var/lib/docker/overlay2/463a60088c72ddbea82639ded15801e35a79c443f6a26bf1baf320c683cb06af/diff:/var/lib/docker/overlay2/80b8224b23a2ee4b5be635c58ae579fd1913aa95558cd66ab2f5e8430f00a5b8/diff:/var/lib/docker/overlay2/20451fa0b1a07b85d665bc3a0359d721ce4e4c28fa3bce7456ab25e0babae708/diff:/var/lib/docker/overlay2/f80d865cbc6c1c6f57d0963fa6234e7a6409e079eb17f4f13ca41d02731701ad/diff:/var/lib/docker/overlay2/5a3029e0b57c6ec9b985871ff6adf08356aaa0f2a15f1e34c1a7f116ecc4a61d/diff:/var/lib/docker/overlay2/4f3423103248d0b381a1bc6a7287e2b42313ff458cea602a02b7379014b03e0e/diff","MergedDir":"/var/lib/docker/overlay2/5529564f52cf969e31e7a1482c27be7ffed19639b506ae2e15b7e7115f699a73/merged","UpperDir":"/var/lib/docker/overlay2/5529564f52cf969e31e7a1482c27be7ffed19639b506ae2e15b7e7115f699a73/diff","WorkDir":"/var/lib/docker/overlay2/5529564f52cf969e31e7a1482c27be7ffed19639b506ae2e15b7e7115f699a73/work"},"Name":"overlay2"},"Mounts":[{"Type":"volume","Name":"fd1f613c7fe3ca3ae799982507ac3f565cc9f6a2dc99ceaed92389e2c43f47d1","Source":"/var/lib/docker/volumes/fd1f613c7fe3ca3ae799982507ac3f565cc9f6a2dc99ceaed92389e2c43f47d1/_data","Destination":"/var/lib/mysql","Driver":"local","Mode":"","RW":true,"Propagation":""}],"Config":{"Hostname":"9691e3189171","Domainname":"","User":"","AttachStdin":false,"AttachStdout":false,"AttachStderr":false,"ExposedPorts":{"3306/tcp":{},"33060/tcp":{}},"Tty":false,"OpenStdin":false,"StdinOnce":false,"Env":["MYSQL_DATABASE=test","MYSQL_PASSWORD=admin","MYSQL_USER=admin","MYSQL_ROOT_PASSWORD=admin","PATH=/usr/local/sbin:/usr/local/bin:/usr/sbin:/usr/bin:/sbin:/bin","GOSU_VERSION=1.14","MYSQL_MAJOR=8.0","MYSQL_VERSION=8.0.29-1debian10"],"Cmd":["mysqld"],"Image":"mysql:8.0","Volumes":{"/var/lib/mysql":{}},"WorkingDir":"","Entrypoint":["docker-entrypoint.sh"],"OnBuild":null,"Labels":{"org.testcontainers":"true","org.testcontainers.sessionId":"d48265e4-2b28-4f8c-aa67-76dd8289af84"}},"NetworkSettings":{"Bridge":"","SandboxID":"d9de8570fe3f0a4e9f3a1ff7101c963bbd2c6a0a9d8a867b96f17f4d5edca537","HairpinMode":false,"LinkLocalIPv6Address":"","LinkLocalIPv6PrefixLen":0,"Ports":{"3306/tcp":[{"HostIp":"0.0.0.0","HostPort":"49160"},{"HostIp":"::","HostPort":"49160"}],"33060/tcp":null},"SandboxKey":"/var/run/docker/netns/d9de8570fe3f","SecondaryIPAddresses":null,"SecondaryIPv6Addresses":null,"EndpointID":"93e8fe159f683a98670e8995677c2b130dbce857fc116679206e206bda319cbf","Gateway":"172.17.0.1","GlobalIPv6Address":"","GlobalIPv6PrefixLen":0,"IPAddress":"172.17.0.3","IPPrefixLen":16,"IPv6Gateway":"","MacAddress":"02:42:ac:11:00:03","Networks":{"bridge":{"IPAMConfig":null,"Links":null,"Aliases":null,"NetworkID":"1853cd2b9856825cc97ed9ef2b12efa82d95bf9cf60ad666c276eb35cc53539e","EndpointID":"93e8fe159f683a98670e8995677c2b130dbce857fc116679206e206bda319cbf","Gateway":"172.17.0.1","IPAddress":"172.17.0.3","IPPrefixLen":16,"IPv6Gateway":"","GlobalIPv6Address":"","GlobalIPv6PrefixLen":0,"MacAddress":"02:42:ac:11:00:03","DriverOpts":null}}}}[\n]"
03:33:03.790 [main] DEBUG com.github.dockerjava.zerodep.shaded.org.apache.hc.client5.http.wire - http-outgoing-2 << "[\r][\n]"
03:33:03.790 [main] DEBUG com.github.dockerjava.zerodep.shaded.org.apache.hc.client5.http.wire - http-outgoing-2 << "0[\r][\n]"
03:33:03.790 [main] DEBUG com.github.dockerjava.zerodep.shaded.org.apache.hc.client5.http.wire - http-outgoing-2 << "[\r][\n]"
03:33:03.790 [main] DEBUG com.github.dockerjava.zerodep.shaded.org.apache.hc.client5.http.headers - http-outgoing-2 << HTTP/1.1 200 OK
03:33:03.790 [main] DEBUG com.github.dockerjava.zerodep.shaded.org.apache.hc.client5.http.headers - http-outgoing-2 << Api-Version: 1.41
03:33:03.790 [main] DEBUG com.github.dockerjava.zerodep.shaded.org.apache.hc.client5.http.headers - http-outgoing-2 << Content-Type: application/json
03:33:03.790 [main] DEBUG com.github.dockerjava.zerodep.shaded.org.apache.hc.client5.http.headers - http-outgoing-2 << Docker-Experimental: false
03:33:03.790 [main] DEBUG com.github.dockerjava.zerodep.shaded.org.apache.hc.client5.http.headers - http-outgoing-2 << Ostype: linux
03:33:03.790 [main] DEBUG com.github.dockerjava.zerodep.shaded.org.apache.hc.client5.http.headers - http-outgoing-2 << Server: Docker/20.10.12 (linux)
03:33:03.790 [main] DEBUG com.github.dockerjava.zerodep.shaded.org.apache.hc.client5.http.headers - http-outgoing-2 << Date: Thu, 23 Jun 2022 02:33:03 GMT
03:33:03.790 [main] DEBUG com.github.dockerjava.zerodep.shaded.org.apache.hc.client5.http.headers - http-outgoing-2 << Transfer-Encoding: chunked
03:33:03.790 [main] DEBUG com.github.dockerjava.zerodep.shaded.org.apache.hc.client5.http.impl.classic.MainClientExec - ex-000000A1: connection can be kept alive for 3 MINUTES
03:33:03.796 [main] DEBUG com.github.dockerjava.zerodep.shaded.org.apache.hc.client5.http.impl.classic.InternalHttpClient - ep-000000A0: releasing valid endpoint
03:33:03.796 [main] DEBUG com.github.dockerjava.zerodep.shaded.org.apache.hc.client5.http.impl.io.PoolingHttpClientConnectionManager - ep-000000A0: releasing endpoint
03:33:03.796 [main] DEBUG com.github.dockerjava.zerodep.shaded.org.apache.hc.client5.http.impl.io.PoolingHttpClientConnectionManager - ep-000000A0: connection http-outgoing-2 can be kept alive for 3 MINUTES
03:33:03.796 [main] DEBUG com.github.dockerjava.zerodep.shaded.org.apache.hc.client5.http.impl.io.PoolingHttpClientConnectionManager - ep-000000A0: connection released [route: {}->unix://localhost:2375][total available: 1; route allocated: 1 of 2147483647; total allocated: 1 of 2147483647]
03:33:03.797 [main] DEBUG 🐳 [mysql:8.0] - Trying to create JDBC connection using com.mysql.cj.jdbc.Driver to jdbc:mysql://localhost:49160/test?useSSL=false&allowPublicKeyRetrieval=true with properties: {password=admin, user=admin}
03:33:03.905 [main] DEBUG org.testcontainers.shaded.com.github.dockerjava.core.command.AbstrDockerCmd - Cmd: 9691e31891711283f4d98263d11bc6156717d3e75a0b86a23f3b128a992c1f38,false
03:33:03.906 [main] DEBUG org.testcontainers.shaded.com.github.dockerjava.core.exec.InspectContainerCmdExec - GET: DefaultWebTarget{path=[/containers/9691e31891711283f4d98263d11bc6156717d3e75a0b86a23f3b128a992c1f38/json], queryParams={}}
03:33:03.906 [main] DEBUG com.github.dockerjava.zerodep.shaded.org.apache.hc.client5.http.impl.classic.InternalHttpClient - ex-000000A2: preparing request execution
03:33:03.906 [main] DEBUG com.github.dockerjava.zerodep.shaded.org.apache.hc.client5.http.protocol.RequestAddCookies - Cookie spec selected: strict
03:33:03.906 [main] DEBUG com.github.dockerjava.zerodep.shaded.org.apache.hc.client5.http.protocol.RequestAuthCache - Auth cache not set in the context
03:33:03.906 [main] DEBUG com.github.dockerjava.zerodep.shaded.org.apache.hc.client5.http.impl.classic.ProtocolExec - ex-000000A2: target auth state: UNCHALLENGED
03:33:03.906 [main] DEBUG com.github.dockerjava.zerodep.shaded.org.apache.hc.client5.http.impl.classic.ProtocolExec - ex-000000A2: proxy auth state: UNCHALLENGED
03:33:03.906 [main] DEBUG com.github.dockerjava.zerodep.shaded.org.apache.hc.client5.http.impl.classic.ConnectExec - ex-000000A2: acquiring connection with route {}->unix://localhost:2375
03:33:03.906 [main] DEBUG com.github.dockerjava.zerodep.shaded.org.apache.hc.client5.http.impl.classic.InternalHttpClient - ex-000000A2: acquiring endpoint (3 MINUTES)
03:33:03.906 [main] DEBUG com.github.dockerjava.zerodep.shaded.org.apache.hc.client5.http.impl.io.PoolingHttpClientConnectionManager - ex-000000A2: endpoint lease request (3 MINUTES) [route: {}->unix://localhost:2375][total available: 1; route allocated: 1 of 2147483647; total allocated: 1 of 2147483647]
03:33:03.906 [main] DEBUG com.github.dockerjava.zerodep.shaded.org.apache.hc.client5.http.impl.io.PoolingHttpClientConnectionManager - ex-000000A2: endpoint leased [route: {}->unix://localhost:2375][total available: 0; route allocated: 1 of 2147483647; total allocated: 1 of 2147483647]
03:33:03.907 [main] DEBUG com.github.dockerjava.zerodep.shaded.org.apache.hc.client5.http.impl.io.PoolingHttpClientConnectionManager - ex-000000A2: acquired ep-000000A1
03:33:03.907 [main] DEBUG com.github.dockerjava.zerodep.shaded.org.apache.hc.client5.http.impl.classic.InternalHttpClient - ex-000000A2: acquired endpoint ep-000000A1
03:33:03.907 [main] DEBUG com.github.dockerjava.zerodep.shaded.org.apache.hc.client5.http.impl.classic.MainClientExec - ex-000000A2: executing GET /v1.32/containers/9691e31891711283f4d98263d11bc6156717d3e75a0b86a23f3b128a992c1f38/json HTTP/1.1
03:33:03.907 [main] DEBUG com.github.dockerjava.zerodep.shaded.org.apache.hc.client5.http.impl.classic.InternalHttpClient - ep-000000A1: start execution ex-000000A2
03:33:03.907 [main] DEBUG com.github.dockerjava.zerodep.shaded.org.apache.hc.client5.http.impl.io.PoolingHttpClientConnectionManager - ep-000000A1: executing exchange ex-000000A2 over http-outgoing-2
03:33:03.907 [main] DEBUG com.github.dockerjava.zerodep.shaded.org.apache.hc.client5.http.headers - http-outgoing-2 >> GET /v1.32/containers/9691e31891711283f4d98263d11bc6156717d3e75a0b86a23f3b128a992c1f38/json HTTP/1.1
03:33:03.907 [main] DEBUG com.github.dockerjava.zerodep.shaded.org.apache.hc.client5.http.headers - http-outgoing-2 >> accept: application/json
03:33:03.907 [main] DEBUG com.github.dockerjava.zerodep.shaded.org.apache.hc.client5.http.headers - http-outgoing-2 >> Accept-Encoding: gzip, x-gzip, deflate
03:33:03.907 [main] DEBUG com.github.dockerjava.zerodep.shaded.org.apache.hc.client5.http.headers - http-outgoing-2 >> Host: localhost:2375
03:33:03.907 [main] DEBUG com.github.dockerjava.zerodep.shaded.org.apache.hc.client5.http.headers - http-outgoing-2 >> Connection: keep-alive
03:33:03.907 [main] DEBUG com.github.dockerjava.zerodep.shaded.org.apache.hc.client5.http.headers - http-outgoing-2 >> User-Agent: Apache-HttpClient/5.0.3 (Java/11.0.15)
03:33:03.907 [main] DEBUG com.github.dockerjava.zerodep.shaded.org.apache.hc.client5.http.wire - http-outgoing-2 >> "GET /v1.32/containers/9691e31891711283f4d98263d11bc6156717d3e75a0b86a23f3b128a992c1f38/json HTTP/1.1[\r][\n]"
03:33:03.907 [main] DEBUG com.github.dockerjava.zerodep.shaded.org.apache.hc.client5.http.wire - http-outgoing-2 >> "accept: application/json[\r][\n]"
03:33:03.907 [main] DEBUG com.github.dockerjava.zerodep.shaded.org.apache.hc.client5.http.wire - http-outgoing-2 >> "Accept-Encoding: gzip, x-gzip, deflate[\r][\n]"
03:33:03.907 [main] DEBUG com.github.dockerjava.zerodep.shaded.org.apache.hc.client5.http.wire - http-outgoing-2 >> "Host: localhost:2375[\r][\n]"
03:33:03.907 [main] DEBUG com.github.dockerjava.zerodep.shaded.org.apache.hc.client5.http.wire - http-outgoing-2 >> "Connection: keep-alive[\r][\n]"
03:33:03.907 [main] DEBUG com.github.dockerjava.zerodep.shaded.org.apache.hc.client5.http.wire - http-outgoing-2 >> "User-Agent: Apache-HttpClient/5.0.3 (Java/11.0.15)[\r][\n]"
03:33:03.907 [main] DEBUG com.github.dockerjava.zerodep.shaded.org.apache.hc.client5.http.wire - http-outgoing-2 >> "[\r][\n]"
03:33:03.907 [main] DEBUG com.github.dockerjava.zerodep.shaded.org.apache.hc.client5.http.wire - http-outgoing-2 << "HTTP/1.1 200 OK[\r][\n]"
03:33:03.907 [main] DEBUG com.github.dockerjava.zerodep.shaded.org.apache.hc.client5.http.wire - http-outgoing-2 << "Api-Version: 1.41[\r][\n]"
03:33:03.907 [main] DEBUG com.github.dockerjava.zerodep.shaded.org.apache.hc.client5.http.wire - http-outgoing-2 << "Content-Type: application/json[\r][\n]"
03:33:03.907 [main] DEBUG com.github.dockerjava.zerodep.shaded.org.apache.hc.client5.http.wire - http-outgoing-2 << "Docker-Experimental: false[\r][\n]"
03:33:03.907 [main] DEBUG com.github.dockerjava.zerodep.shaded.org.apache.hc.client5.http.wire - http-outgoing-2 << "Ostype: linux[\r][\n]"
03:33:03.907 [main] DEBUG com.github.dockerjava.zerodep.shaded.org.apache.hc.client5.http.wire - http-outgoing-2 << "Server: Docker/20.10.12 (linux)[\r][\n]"
03:33:03.907 [main] DEBUG com.github.dockerjava.zerodep.shaded.org.apache.hc.client5.http.wire - http-outgoing-2 << "Date: Thu, 23 Jun 2022 02:33:03 GMT[\r][\n]"
03:33:03.907 [main] DEBUG com.github.dockerjava.zerodep.shaded.org.apache.hc.client5.http.wire - http-outgoing-2 << "Transfer-Encoding: chunked[\r][\n]"
03:33:03.907 [main] DEBUG com.github.dockerjava.zerodep.shaded.org.apache.hc.client5.http.wire - http-outgoing-2 << "[\r][\n]"
03:33:03.907 [main] DEBUG com.github.dockerjava.zerodep.shaded.org.apache.hc.client5.http.wire - http-outgoing-2 << "18ed[\r][\n]"
03:33:03.907 [main] DEBUG com.github.dockerjava.zerodep.shaded.org.apache.hc.client5.http.wire - http-outgoing-2 << "{"Id":"9691e31891711283f4d98263d11bc6156717d3e75a0b86a23f3b128a992c1f38","Created":"2022-06-23T02:32:47.03956921Z","Path":"docker-entrypoint.sh","Args":["mysqld"],"State":{"Status":"running","Running":true,"Paused":false,"Restarting":false,"OOMKilled":false,"Dead":false,"Pid":66188,"ExitCode":0,"Error":"","StartedAt":"2022-06-23T02:32:47.703880551Z","FinishedAt":"0001-01-01T00:00:00Z"},"Image":"sha256:65b636d5542b73254ce90cc4b895597dc1adc2c661ca553c38eda159979dded1","ResolvConfPath":"/var/lib/docker/containers/9691e31891711283f4d98263d11bc6156717d3e75a0b86a23f3b128a992c1f38/resolv.conf","HostnamePath":"/var/lib/docker/containers/9691e31891711283f4d98263d11bc6156717d3e75a0b86a23f3b128a992c1f38/hostname","HostsPath":"/var/lib/docker/containers/9691e31891711283f4d98263d11bc6156717d3e75a0b86a23f3b128a992c1f38/hosts","LogPath":"/var/lib/docker/containers/9691e31891711283f4d98263d11bc6156717d3e75a0b86a23f3b128a992c1f38/9691e31891711283f4d98263d11bc6156717d3e75a0b86a23f3b128a992c1f38-json.log","Name":"/xenodochial_satoshi","RestartCount":0,"Driver":"overlay2","Platform":"linux","MountLabel":"","ProcessLabel":"","AppArmorProfile":"docker-default","ExecIDs":null,"HostConfig":{"Binds":[],"ContainerIDFile":"","LogConfig":{"Type":"json-file","Config":{}},"NetworkMode":"default","PortBindings":{"3306/tcp":[{"HostIp":"","HostPort":""}]},"RestartPolicy":{"Name":"","MaximumRetryCount":0},"AutoRemove":false,"VolumeDriver":"","VolumesFrom":[],"CapAdd":null,"CapDrop":null,"CgroupnsMode":"host","Dns":null,"DnsOptions":null,"DnsSearch":null,"ExtraHosts":[],"GroupAdd":null,"IpcMode":"shareable","Cgroup":"","Links":null,"OomScoreAdj":0,"PidMode":"","Privileged":false,"PublishAllPorts":false,"ReadonlyRootfs":false,"SecurityOpt":null,"UTSMode":"","UsernsMode":"","ShmSize":67108864,"Runtime":"runc","ConsoleSize":[0,0],"Isolation":"","CpuShares":0,"Memory":0,"NanoCpus":0,"CgroupParent":"","BlkioWeight":0,"BlkioWeightDevice":null,"BlkioDeviceReadBps":null,"BlkioDeviceWriteBps":null,"BlkioDeviceReadIOps":null,"BlkioDeviceWriteIOps":null,"CpuPeriod":0,"CpuQuota":0,"CpuRealtimePeriod":0,"CpuRealtimeRuntime":0,"CpusetCpus":"","CpusetMems":"","Devices":null,"DeviceCgroupRules":null,"DeviceRequests":null,"KernelMemory":0,"KernelMemoryTCP":0,"MemoryReservation":0,"MemorySwap":0,"MemorySwappiness":null,"OomKillDisable":false,"PidsLimit":null,"Ulimits":null,"CpuCount":0,"CpuPercent":0,"IOMaximumIOps":0,"IOMaximumBandwidth":0,"MaskedPaths":["/proc/asound","/proc/acpi","/proc/kcore","/proc/keys","/proc/latency_stats","/proc/timer_list","/proc/timer_stats","/proc/sched_debug","/proc/scsi","/sys/firmware"],"ReadonlyPaths":["/proc/bus","/proc/fs","/proc/irq","/proc/sys","/proc/sysrq-trigger"]},"GraphDriver":{"Data":{"LowerDir":"/var/lib/docker/overlay2/5529564f52cf969e31e7a1482c27be7ffed19639b506ae2e15b7e7115f699a73-init/diff:/var/lib/docker/overlay2/833a665819b5d9728d3efa7c33135034345a24f83af53b1a1af33d9b64f5492a/diff:/var/lib/docker/overlay2/bd4a2a46c227c2f15475b08c398f37acaab93f4fdba31de015d730efae0a0cfc/diff:/var/lib/docker/overlay2/31ad437d7cba8e64428a2b62db1bbb2a2ec19ca4e439ec493ef4deb50dce2783/diff:/var/lib/docker/overlay2/35173cbd8ec5b88a8888e9abbe75f8694f5d3f96a9b781bb70dc1f0889685741/diff:/var/lib/docker/overlay2/24bf69ac4e8c81062fee44e7c9f746fffbb139c3f7f4b55b4fd1b23bb101b529/diff:/var/lib/docker/overlay2/2f27c96a7775dad186b6f0da325d5a251c80aa1b7f80cf8520f493c5154aee70/diff:/var/lib/docker/overlay2/463a60088c72ddbea82639ded15801e35a79c443f6a26bf1baf320c683cb06af/diff:/var/lib/docker/overlay2/80b8224b23a2ee4b5be635c58ae579fd1913aa95558cd66ab2f5e8430f00a5b8/diff:/var/lib/docker/overlay2/20451fa0b1a07b85d665bc3a0359d721ce4e4c28fa3bce7456ab25e0babae708/diff:/var/lib/docker/overlay2/f80d865cbc6c1c6f57d0963fa6234e7a6409e079eb17f4f13ca41d02731701ad/diff:/var/lib/docker/overlay2/5a3029e0b57c6ec9b985871ff6adf08356aaa0f2a15f1e34c1a7f116ecc4a61d/diff:/var/lib/docker/overlay2/4f3423103248d0b381a1bc6a7287e2b42313ff458cea602a02b7379014b03e0e/diff","MergedDir":"/var/lib/docker/overlay2/5529564f52cf969e31e7a1482c27be7ffed19639b506ae2e15b7e7115f699a73/merged","UpperDir":"/var/lib/docker/overlay2/5529564f52cf969e31e7a1482c27be7ffed19639b506ae2e15b7e7115f699a73/diff","WorkDir":"/var/lib/docker/overlay2/5529564f52cf969e31e7a1482c27be7ffed19639b506ae2e15b7e7115f699a73/work"},"Name":"overlay2"},"Mounts":[{"Type":"volume","Name":"fd1f613c7fe3ca3ae799982507ac3f565cc9f6a2dc99ceaed92389e2c43f47d1","Source":"/var/lib/docker/volumes/fd1f613c7fe3ca3ae799982507ac3f565cc9f6a2dc99ceaed92389e2c43f47d1/_data","Destination":"/var/lib/mysql","Driver":"local","Mode":"","RW":true,"Propagation":""}],"Config":{"Hostname":"9691e3189171","Domainname":"","User":"","AttachStdin":false,"AttachStdout":false,"AttachStderr":false,"ExposedPorts":{"3306/tcp":{},"33060/tcp":{}},"Tty":false,"OpenStdin":false,"StdinOnce":false,"Env":["MYSQL_DATABASE=test","MYSQL_PASSWORD=admin","MYSQL_USER=admin","MYSQL_ROOT_PASSWORD=admin","PATH=/usr/local/sbin:/usr/local/bin:/usr/sbin:/usr/bin:/sbin:/bin","GOSU_VERSION=1.14","MYSQL_MAJOR=8.0","MYSQL_VERSION=8.0.29-1debian10"],"Cmd":["mysqld"],"Image":"mysql:8.0","Volumes":{"/var/lib/mysql":{}},"WorkingDir":"","Entrypoint":["docker-entrypoint.sh"],"OnBuild":null,"Labels":{"org.testcontainers":"true","org.testcontainers.sessionId":"d48265e4-2b28-4f8c-aa67-76dd8289af84"}},"NetworkSettings":{"Bridge":"","SandboxID":"d9de8570fe3f0a4e9f3a1ff7101c963bbd2c6a0a9d8a867b96f17f4d5edca537","HairpinMode":false,"LinkLocalIPv6Address":"","LinkLocalIPv6PrefixLen":0,"Ports":{"3306/tcp":[{"HostIp":"0.0.0.0","HostPort":"49160"},{"HostIp":"::","HostPort":"49160"}],"33060/tcp":null},"SandboxKey":"/var/run/docker/netns/d9de8570fe3f","SecondaryIPAddresses":null,"SecondaryIPv6Addresses":null,"EndpointID":"93e8fe159f683a98670e8995677c2b130dbce857fc116679206e206bda319cbf","Gateway":"172.17.0.1","GlobalIPv6Address":"","GlobalIPv6PrefixLen":0,"IPAddress":"172.17.0.3","IPPrefixLen":16,"IPv6Gateway":"","MacAddress":"02:42:ac:11:00:03","Networks":{"bridge":{"IPAMConfig":null,"Links":null,"Aliases":null,"NetworkID":"1853cd2b9856825cc97ed9ef2b12efa82d95bf9cf60ad666c276eb35cc53539e","EndpointID":"93e8fe159f683a98670e8995677c2b130dbce857fc116679206e206bda319cbf","Gateway":"172.17.0.1","IPAddress":"172.17.0.3","IPPrefixLen":16,"IPv6Gateway":"","GlobalIPv6Address":"","GlobalIPv6PrefixLen":0,"MacAddress":"02:42:ac:11:00:03","DriverOpts":null}}}}[\n]"
03:33:03.908 [main] DEBUG com.github.dockerjava.zerodep.shaded.org.apache.hc.client5.http.wire - http-outgoing-2 << "[\r][\n]"
03:33:03.908 [main] DEBUG com.github.dockerjava.zerodep.shaded.org.apache.hc.client5.http.wire - http-outgoing-2 << "0[\r][\n]"
03:33:03.908 [main] DEBUG com.github.dockerjava.zerodep.shaded.org.apache.hc.client5.http.wire - http-outgoing-2 << "[\r][\n]"
03:33:03.908 [main] DEBUG com.github.dockerjava.zerodep.shaded.org.apache.hc.client5.http.headers - http-outgoing-2 << HTTP/1.1 200 OK
03:33:03.908 [main] DEBUG com.github.dockerjava.zerodep.shaded.org.apache.hc.client5.http.headers - http-outgoing-2 << Api-Version: 1.41
03:33:03.908 [main] DEBUG com.github.dockerjava.zerodep.shaded.org.apache.hc.client5.http.headers - http-outgoing-2 << Content-Type: application/json
03:33:03.908 [main] DEBUG com.github.dockerjava.zerodep.shaded.org.apache.hc.client5.http.headers - http-outgoing-2 << Docker-Experimental: false
03:33:03.908 [main] DEBUG com.github.dockerjava.zerodep.shaded.org.apache.hc.client5.http.headers - http-outgoing-2 << Ostype: linux
03:33:03.908 [main] DEBUG com.github.dockerjava.zerodep.shaded.org.apache.hc.client5.http.headers - http-outgoing-2 << Server: Docker/20.10.12 (linux)
03:33:03.908 [main] DEBUG com.github.dockerjava.zerodep.shaded.org.apache.hc.client5.http.headers - http-outgoing-2 << Date: Thu, 23 Jun 2022 02:33:03 GMT
03:33:03.908 [main] DEBUG com.github.dockerjava.zerodep.shaded.org.apache.hc.client5.http.headers - http-outgoing-2 << Transfer-Encoding: chunked
03:33:03.908 [main] DEBUG com.github.dockerjava.zerodep.shaded.org.apache.hc.client5.http.impl.classic.MainClientExec - ex-000000A2: connection can be kept alive for 3 MINUTES
03:33:03.909 [main] DEBUG com.github.dockerjava.zerodep.shaded.org.apache.hc.client5.http.impl.classic.InternalHttpClient - ep-000000A1: releasing valid endpoint
03:33:03.909 [main] DEBUG com.github.dockerjava.zerodep.shaded.org.apache.hc.client5.http.impl.io.PoolingHttpClientConnectionManager - ep-000000A1: releasing endpoint
03:33:03.909 [main] DEBUG com.github.dockerjava.zerodep.shaded.org.apache.hc.client5.http.impl.io.PoolingHttpClientConnectionManager - ep-000000A1: connection http-outgoing-2 can be kept alive for 3 MINUTES
03:33:03.909 [main] DEBUG com.github.dockerjava.zerodep.shaded.org.apache.hc.client5.http.impl.io.PoolingHttpClientConnectionManager - ep-000000A1: connection released [route: {}->unix://localhost:2375][total available: 1; route allocated: 1 of 2147483647; total allocated: 1 of 2147483647]
03:33:03.909 [main] DEBUG 🐳 [mysql:8.0] - Trying to create JDBC connection using com.mysql.cj.jdbc.Driver to jdbc:mysql://localhost:49160/test?useSSL=false&allowPublicKeyRetrieval=true with properties: {password=admin, user=admin}
03:33:04.010 [main] DEBUG org.testcontainers.shaded.com.github.dockerjava.core.command.AbstrDockerCmd - Cmd: 9691e31891711283f4d98263d11bc6156717d3e75a0b86a23f3b128a992c1f38,false
03:33:04.010 [main] DEBUG org.testcontainers.shaded.com.github.dockerjava.core.exec.InspectContainerCmdExec - GET: DefaultWebTarget{path=[/containers/9691e31891711283f4d98263d11bc6156717d3e75a0b86a23f3b128a992c1f38/json], queryParams={}}
03:33:04.011 [main] DEBUG com.github.dockerjava.zerodep.shaded.org.apache.hc.client5.http.impl.classic.InternalHttpClient - ex-000000A3: preparing request execution
03:33:04.011 [main] DEBUG com.github.dockerjava.zerodep.shaded.org.apache.hc.client5.http.protocol.RequestAddCookies - Cookie spec selected: strict
03:33:04.011 [main] DEBUG com.github.dockerjava.zerodep.shaded.org.apache.hc.client5.http.protocol.RequestAuthCache - Auth cache not set in the context
03:33:04.011 [main] DEBUG com.github.dockerjava.zerodep.shaded.org.apache.hc.client5.http.impl.classic.ProtocolExec - ex-000000A3: target auth state: UNCHALLENGED
03:33:04.011 [main] DEBUG com.github.dockerjava.zerodep.shaded.org.apache.hc.client5.http.impl.classic.ProtocolExec - ex-000000A3: proxy auth state: UNCHALLENGED
03:33:04.011 [main] DEBUG com.github.dockerjava.zerodep.shaded.org.apache.hc.client5.http.impl.classic.ConnectExec - ex-000000A3: acquiring connection with route {}->unix://localhost:2375
03:33:04.011 [main] DEBUG com.github.dockerjava.zerodep.shaded.org.apache.hc.client5.http.impl.classic.InternalHttpClient - ex-000000A3: acquiring endpoint (3 MINUTES)
03:33:04.011 [main] DEBUG com.github.dockerjava.zerodep.shaded.org.apache.hc.client5.http.impl.io.PoolingHttpClientConnectionManager - ex-000000A3: endpoint lease request (3 MINUTES) [route: {}->unix://localhost:2375][total available: 1; route allocated: 1 of 2147483647; total allocated: 1 of 2147483647]
03:33:04.011 [main] DEBUG com.github.dockerjava.zerodep.shaded.org.apache.hc.client5.http.impl.io.PoolingHttpClientConnectionManager - ex-000000A3: endpoint leased [route: {}->unix://localhost:2375][total available: 0; route allocated: 1 of 2147483647; total allocated: 1 of 2147483647]
03:33:04.011 [main] DEBUG com.github.dockerjava.zerodep.shaded.org.apache.hc.client5.http.impl.io.PoolingHttpClientConnectionManager - ex-000000A3: acquired ep-000000A2
03:33:04.011 [main] DEBUG com.github.dockerjava.zerodep.shaded.org.apache.hc.client5.http.impl.classic.InternalHttpClient - ex-000000A3: acquired endpoint ep-000000A2
03:33:04.011 [main] DEBUG com.github.dockerjava.zerodep.shaded.org.apache.hc.client5.http.impl.classic.MainClientExec - ex-000000A3: executing GET /v1.32/containers/9691e31891711283f4d98263d11bc6156717d3e75a0b86a23f3b128a992c1f38/json HTTP/1.1
03:33:04.011 [main] DEBUG com.github.dockerjava.zerodep.shaded.org.apache.hc.client5.http.impl.classic.InternalHttpClient - ep-000000A2: start execution ex-000000A3
03:33:04.011 [main] DEBUG com.github.dockerjava.zerodep.shaded.org.apache.hc.client5.http.impl.io.PoolingHttpClientConnectionManager - ep-000000A2: executing exchange ex-000000A3 over http-outgoing-2
03:33:04.011 [main] DEBUG com.github.dockerjava.zerodep.shaded.org.apache.hc.client5.http.headers - http-outgoing-2 >> GET /v1.32/containers/9691e31891711283f4d98263d11bc6156717d3e75a0b86a23f3b128a992c1f38/json HTTP/1.1
03:33:04.011 [main] DEBUG com.github.dockerjava.zerodep.shaded.org.apache.hc.client5.http.headers - http-outgoing-2 >> accept: application/json
03:33:04.011 [main] DEBUG com.github.dockerjava.zerodep.shaded.org.apache.hc.client5.http.headers - http-outgoing-2 >> Accept-Encoding: gzip, x-gzip, deflate
03:33:04.011 [main] DEBUG com.github.dockerjava.zerodep.shaded.org.apache.hc.client5.http.headers - http-outgoing-2 >> Host: localhost:2375
03:33:04.011 [main] DEBUG com.github.dockerjava.zerodep.shaded.org.apache.hc.client5.http.headers - http-outgoing-2 >> Connection: keep-alive
03:33:04.011 [main] DEBUG com.github.dockerjava.zerodep.shaded.org.apache.hc.client5.http.headers - http-outgoing-2 >> User-Agent: Apache-HttpClient/5.0.3 (Java/11.0.15)
03:33:04.011 [main] DEBUG com.github.dockerjava.zerodep.shaded.org.apache.hc.client5.http.wire - http-outgoing-2 >> "GET /v1.32/containers/9691e31891711283f4d98263d11bc6156717d3e75a0b86a23f3b128a992c1f38/json HTTP/1.1[\r][\n]"
03:33:04.011 [main] DEBUG com.github.dockerjava.zerodep.shaded.org.apache.hc.client5.http.wire - http-outgoing-2 >> "accept: application/json[\r][\n]"
03:33:04.011 [main] DEBUG com.github.dockerjava.zerodep.shaded.org.apache.hc.client5.http.wire - http-outgoing-2 >> "Accept-Encoding: gzip, x-gzip, deflate[\r][\n]"
03:33:04.011 [main] DEBUG com.github.dockerjava.zerodep.shaded.org.apache.hc.client5.http.wire - http-outgoing-2 >> "Host: localhost:2375[\r][\n]"
03:33:04.011 [main] DEBUG com.github.dockerjava.zerodep.shaded.org.apache.hc.client5.http.wire - http-outgoing-2 >> "Connection: keep-alive[\r][\n]"
03:33:04.011 [main] DEBUG com.github.dockerjava.zerodep.shaded.org.apache.hc.client5.http.wire - http-outgoing-2 >> "User-Agent: Apache-HttpClient/5.0.3 (Java/11.0.15)[\r][\n]"
03:33:04.011 [main] DEBUG com.github.dockerjava.zerodep.shaded.org.apache.hc.client5.http.wire - http-outgoing-2 >> "[\r][\n]"
03:33:04.012 [main] DEBUG com.github.dockerjava.zerodep.shaded.org.apache.hc.client5.http.wire - http-outgoing-2 << "HTTP/1.1 200 OK[\r][\n]"
03:33:04.012 [main] DEBUG com.github.dockerjava.zerodep.shaded.org.apache.hc.client5.http.wire - http-outgoing-2 << "Api-Version: 1.41[\r][\n]"
03:33:04.012 [main] DEBUG com.github.dockerjava.zerodep.shaded.org.apache.hc.client5.http.wire - http-outgoing-2 << "Content-Type: application/json[\r][\n]"
03:33:04.012 [main] DEBUG com.github.dockerjava.zerodep.shaded.org.apache.hc.client5.http.wire - http-outgoing-2 << "Docker-Experimental: false[\r][\n]"
03:33:04.012 [main] DEBUG com.github.dockerjava.zerodep.shaded.org.apache.hc.client5.http.wire - http-outgoing-2 << "Ostype: linux[\r][\n]"
03:33:04.012 [main] DEBUG com.github.dockerjava.zerodep.shaded.org.apache.hc.client5.http.wire - http-outgoing-2 << "Server: Docker/20.10.12 (linux)[\r][\n]"
03:33:04.012 [main] DEBUG com.github.dockerjava.zerodep.shaded.org.apache.hc.client5.http.wire - http-outgoing-2 << "Date: Thu, 23 Jun 2022 02:33:04 GMT[\r][\n]"
03:33:04.012 [main] DEBUG com.github.dockerjava.zerodep.shaded.org.apache.hc.client5.http.wire - http-outgoing-2 << "Transfer-Encoding: chunked[\r][\n]"
03:33:04.012 [main] DEBUG com.github.dockerjava.zerodep.shaded.org.apache.hc.client5.http.wire - http-outgoing-2 << "[\r][\n]"
03:33:04.012 [main] DEBUG com.github.dockerjava.zerodep.shaded.org.apache.hc.client5.http.wire - http-outgoing-2 << "18ed[\r][\n]"
03:33:04.012 [main] DEBUG com.github.dockerjava.zerodep.shaded.org.apache.hc.client5.http.wire - http-outgoing-2 << "{"Id":"9691e31891711283f4d98263d11bc6156717d3e75a0b86a23f3b128a992c1f38","Created":"2022-06-23T02:32:47.03956921Z","Path":"docker-entrypoint.sh","Args":["mysqld"],"State":{"Status":"running","Running":true,"Paused":false,"Restarting":false,"OOMKilled":false,"Dead":false,"Pid":66188,"ExitCode":0,"Error":"","StartedAt":"2022-06-23T02:32:47.703880551Z","FinishedAt":"0001-01-01T00:00:00Z"},"Image":"sha256:65b636d5542b73254ce90cc4b895597dc1adc2c661ca553c38eda159979dded1","ResolvConfPath":"/var/lib/docker/containers/9691e31891711283f4d98263d11bc6156717d3e75a0b86a23f3b128a992c1f38/resolv.conf","HostnamePath":"/var/lib/docker/containers/9691e31891711283f4d98263d11bc6156717d3e75a0b86a23f3b128a992c1f38/hostname","HostsPath":"/var/lib/docker/containers/9691e31891711283f4d98263d11bc6156717d3e75a0b86a23f3b128a992c1f38/hosts","LogPath":"/var/lib/docker/containers/9691e31891711283f4d98263d11bc6156717d3e75a0b86a23f3b128a992c1f38/9691e31891711283f4d98263d11bc6156717d3e75a0b86a23f3b128a992c1f38-json.log","Name":"/xenodochial_satoshi","RestartCount":0,"Driver":"overlay2","Platform":"linux","MountLabel":"","ProcessLabel":"","AppArmorProfile":"docker-default","ExecIDs":null,"HostConfig":{"Binds":[],"ContainerIDFile":"","LogConfig":{"Type":"json-file","Config":{}},"NetworkMode":"default","PortBindings":{"3306/tcp":[{"HostIp":"","HostPort":""}]},"RestartPolicy":{"Name":"","MaximumRetryCount":0},"AutoRemove":false,"VolumeDriver":"","VolumesFrom":[],"CapAdd":null,"CapDrop":null,"CgroupnsMode":"host","Dns":null,"DnsOptions":null,"DnsSearch":null,"ExtraHosts":[],"GroupAdd":null,"IpcMode":"shareable","Cgroup":"","Links":null,"OomScoreAdj":0,"PidMode":"","Privileged":false,"PublishAllPorts":false,"ReadonlyRootfs":false,"SecurityOpt":null,"UTSMode":"","UsernsMode":"","ShmSize":67108864,"Runtime":"runc","ConsoleSize":[0,0],"Isolation":"","CpuShares":0,"Memory":0,"NanoCpus":0,"CgroupParent":"","BlkioWeight":0,"BlkioWeightDevice":null,"BlkioDeviceReadBps":null,"BlkioDeviceWriteBps":null,"BlkioDeviceReadIOps":null,"BlkioDeviceWriteIOps":null,"CpuPeriod":0,"CpuQuota":0,"CpuRealtimePeriod":0,"CpuRealtimeRuntime":0,"CpusetCpus":"","CpusetMems":"","Devices":null,"DeviceCgroupRules":null,"DeviceRequests":null,"KernelMemory":0,"KernelMemoryTCP":0,"MemoryReservation":0,"MemorySwap":0,"MemorySwappiness":null,"OomKillDisable":false,"PidsLimit":null,"Ulimits":null,"CpuCount":0,"CpuPercent":0,"IOMaximumIOps":0,"IOMaximumBandwidth":0,"MaskedPaths":["/proc/asound","/proc/acpi","/proc/kcore","/proc/keys","/proc/latency_stats","/proc/timer_list","/proc/timer_stats","/proc/sched_debug","/proc/scsi","/sys/firmware"],"ReadonlyPaths":["/proc/bus","/proc/fs","/proc/irq","/proc/sys","/proc/sysrq-trigger"]},"GraphDriver":{"Data":{"LowerDir":"/var/lib/docker/overlay2/5529564f52cf969e31e7a1482c27be7ffed19639b506ae2e15b7e7115f699a73-init/diff:/var/lib/docker/overlay2/833a665819b5d9728d3efa7c33135034345a24f83af53b1a1af33d9b64f5492a/diff:/var/lib/docker/overlay2/bd4a2a46c227c2f15475b08c398f37acaab93f4fdba31de015d730efae0a0cfc/diff:/var/lib/docker/overlay2/31ad437d7cba8e64428a2b62db1bbb2a2ec19ca4e439ec493ef4deb50dce2783/diff:/var/lib/docker/overlay2/35173cbd8ec5b88a8888e9abbe75f8694f5d3f96a9b781bb70dc1f0889685741/diff:/var/lib/docker/overlay2/24bf69ac4e8c81062fee44e7c9f746fffbb139c3f7f4b55b4fd1b23bb101b529/diff:/var/lib/docker/overlay2/2f27c96a7775dad186b6f0da325d5a251c80aa1b7f80cf8520f493c5154aee70/diff:/var/lib/docker/overlay2/463a60088c72ddbea82639ded15801e35a79c443f6a26bf1baf320c683cb06af/diff:/var/lib/docker/overlay2/80b8224b23a2ee4b5be635c58ae579fd1913aa95558cd66ab2f5e8430f00a5b8/diff:/var/lib/docker/overlay2/20451fa0b1a07b85d665bc3a0359d721ce4e4c28fa3bce7456ab25e0babae708/diff:/var/lib/docker/overlay2/f80d865cbc6c1c6f57d0963fa6234e7a6409e079eb17f4f13ca41d02731701ad/diff:/var/lib/docker/overlay2/5a3029e0b57c6ec9b985871ff6adf08356aaa0f2a15f1e34c1a7f116ecc4a61d/diff:/var/lib/docker/overlay2/4f3423103248d0b381a1bc6a7287e2b42313ff458cea602a02b7379014b03e0e/diff","MergedDir":"/var/lib/docker/overlay2/5529564f52cf969e31e7a1482c27be7ffed19639b506ae2e15b7e7115f699a73/merged","UpperDir":"/var/lib/docker/overlay2/5529564f52cf969e31e7a1482c27be7ffed19639b506ae2e15b7e7115f699a73/diff","WorkDir":"/var/lib/docker/overlay2/5529564f52cf969e31e7a1482c27be7ffed19639b506ae2e15b7e7115f699a73/work"},"Name":"overlay2"},"Mounts":[{"Type":"volume","Name":"fd1f613c7fe3ca3ae799982507ac3f565cc9f6a2dc99ceaed92389e2c43f47d1","Source":"/var/lib/docker/volumes/fd1f613c7fe3ca3ae799982507ac3f565cc9f6a2dc99ceaed92389e2c43f47d1/_data","Destination":"/var/lib/mysql","Driver":"local","Mode":"","RW":true,"Propagation":""}],"Config":{"Hostname":"9691e3189171","Domainname":"","User":"","AttachStdin":false,"AttachStdout":false,"AttachStderr":false,"ExposedPorts":{"3306/tcp":{},"33060/tcp":{}},"Tty":false,"OpenStdin":false,"StdinOnce":false,"Env":["MYSQL_DATABASE=test","MYSQL_PASSWORD=admin","MYSQL_USER=admin","MYSQL_ROOT_PASSWORD=admin","PATH=/usr/local/sbin:/usr/local/bin:/usr/sbin:/usr/bin:/sbin:/bin","GOSU_VERSION=1.14","MYSQL_MAJOR=8.0","MYSQL_VERSION=8.0.29-1debian10"],"Cmd":["mysqld"],"Image":"mysql:8.0","Volumes":{"/var/lib/mysql":{}},"WorkingDir":"","Entrypoint":["docker-entrypoint.sh"],"OnBuild":null,"Labels":{"org.testcontainers":"true","org.testcontainers.sessionId":"d48265e4-2b28-4f8c-aa67-76dd8289af84"}},"NetworkSettings":{"Bridge":"","SandboxID":"d9de8570fe3f0a4e9f3a1ff7101c963bbd2c6a0a9d8a867b96f17f4d5edca537","HairpinMode":false,"LinkLocalIPv6Address":"","LinkLocalIPv6PrefixLen":0,"Ports":{"3306/tcp":[{"HostIp":"0.0.0.0","HostPort":"49160"},{"HostIp":"::","HostPort":"49160"}],"33060/tcp":null},"SandboxKey":"/var/run/docker/netns/d9de8570fe3f","SecondaryIPAddresses":null,"SecondaryIPv6Addresses":null,"EndpointID":"93e8fe159f683a98670e8995677c2b130dbce857fc116679206e206bda319cbf","Gateway":"172.17.0.1","GlobalIPv6Address":"","GlobalIPv6PrefixLen":0,"IPAddress":"172.17.0.3","IPPrefixLen":16,"IPv6Gateway":"","MacAddress":"02:42:ac:11:00:03","Networks":{"bridge":{"IPAMConfig":null,"Links":null,"Aliases":null,"NetworkID":"1853cd2b9856825cc97ed9ef2b12efa82d95bf9cf60ad666c276eb35cc53539e","EndpointID":"93e8fe159f683a98670e8995677c2b130dbce857fc116679206e206bda319cbf","Gateway":"172.17.0.1","IPAddress":"172.17.0.3","IPPrefixLen":16,"IPv6Gateway":"","GlobalIPv6Address":"","GlobalIPv6PrefixLen":0,"MacAddress":"02:42:ac:11:00:03","DriverOpts":null}}}}[\n]"
03:33:04.012 [main] DEBUG com.github.dockerjava.zerodep.shaded.org.apache.hc.client5.http.wire - http-outgoing-2 << "[\r][\n]"
03:33:04.012 [main] DEBUG com.github.dockerjava.zerodep.shaded.org.apache.hc.client5.http.wire - http-outgoing-2 << "0[\r][\n]"
03:33:04.012 [main] DEBUG com.github.dockerjava.zerodep.shaded.org.apache.hc.client5.http.wire - http-outgoing-2 << "[\r][\n]"
03:33:04.012 [main] DEBUG com.github.dockerjava.zerodep.shaded.org.apache.hc.client5.http.headers - http-outgoing-2 << HTTP/1.1 200 OK
03:33:04.012 [main] DEBUG com.github.dockerjava.zerodep.shaded.org.apache.hc.client5.http.headers - http-outgoing-2 << Api-Version: 1.41
03:33:04.012 [main] DEBUG com.github.dockerjava.zerodep.shaded.org.apache.hc.client5.http.headers - http-outgoing-2 << Content-Type: application/json
03:33:04.012 [main] DEBUG com.github.dockerjava.zerodep.shaded.org.apache.hc.client5.http.headers - http-outgoing-2 << Docker-Experimental: false
03:33:04.012 [main] DEBUG com.github.dockerjava.zerodep.shaded.org.apache.hc.client5.http.headers - http-outgoing-2 << Ostype: linux
03:33:04.012 [main] DEBUG com.github.dockerjava.zerodep.shaded.org.apache.hc.client5.http.headers - http-outgoing-2 << Server: Docker/20.10.12 (linux)
03:33:04.012 [main] DEBUG com.github.dockerjava.zerodep.shaded.org.apache.hc.client5.http.headers - http-outgoing-2 << Date: Thu, 23 Jun 2022 02:33:04 GMT
03:33:04.012 [main] DEBUG com.github.dockerjava.zerodep.shaded.org.apache.hc.client5.http.headers - http-outgoing-2 << Transfer-Encoding: chunked
03:33:04.012 [main] DEBUG com.github.dockerjava.zerodep.shaded.org.apache.hc.client5.http.impl.classic.MainClientExec - ex-000000A3: connection can be kept alive for 3 MINUTES
03:33:04.013 [main] DEBUG com.github.dockerjava.zerodep.shaded.org.apache.hc.client5.http.impl.classic.InternalHttpClient - ep-000000A2: releasing valid endpoint
03:33:04.013 [main] DEBUG com.github.dockerjava.zerodep.shaded.org.apache.hc.client5.http.impl.io.PoolingHttpClientConnectionManager - ep-000000A2: releasing endpoint
03:33:04.013 [main] DEBUG com.github.dockerjava.zerodep.shaded.org.apache.hc.client5.http.impl.io.PoolingHttpClientConnectionManager - ep-000000A2: connection http-outgoing-2 can be kept alive for 3 MINUTES
03:33:04.013 [main] DEBUG com.github.dockerjava.zerodep.shaded.org.apache.hc.client5.http.impl.io.PoolingHttpClientConnectionManager - ep-000000A2: connection released [route: {}->unix://localhost:2375][total available: 1; route allocated: 1 of 2147483647; total allocated: 1 of 2147483647]
03:33:04.013 [main] DEBUG 🐳 [mysql:8.0] - Trying to create JDBC connection using com.mysql.cj.jdbc.Driver to jdbc:mysql://localhost:49160/test?useSSL=false&allowPublicKeyRetrieval=true with properties: {password=admin, user=admin}
03:33:04.114 [main] DEBUG org.testcontainers.shaded.com.github.dockerjava.core.command.AbstrDockerCmd - Cmd: 9691e31891711283f4d98263d11bc6156717d3e75a0b86a23f3b128a992c1f38,false
03:33:04.115 [main] DEBUG org.testcontainers.shaded.com.github.dockerjava.core.exec.InspectContainerCmdExec - GET: DefaultWebTarget{path=[/containers/9691e31891711283f4d98263d11bc6156717d3e75a0b86a23f3b128a992c1f38/json], queryParams={}}
03:33:04.115 [main] DEBUG com.github.dockerjava.zerodep.shaded.org.apache.hc.client5.http.impl.classic.InternalHttpClient - ex-000000A4: preparing request execution
03:33:04.115 [main] DEBUG com.github.dockerjava.zerodep.shaded.org.apache.hc.client5.http.protocol.RequestAddCookies - Cookie spec selected: strict
03:33:04.115 [main] DEBUG com.github.dockerjava.zerodep.shaded.org.apache.hc.client5.http.protocol.RequestAuthCache - Auth cache not set in the context
03:33:04.115 [main] DEBUG com.github.dockerjava.zerodep.shaded.org.apache.hc.client5.http.impl.classic.ProtocolExec - ex-000000A4: target auth state: UNCHALLENGED
03:33:04.115 [main] DEBUG com.github.dockerjava.zerodep.shaded.org.apache.hc.client5.http.impl.classic.ProtocolExec - ex-000000A4: proxy auth state: UNCHALLENGED
03:33:04.115 [main] DEBUG com.github.dockerjava.zerodep.shaded.org.apache.hc.client5.http.impl.classic.ConnectExec - ex-000000A4: acquiring connection with route {}->unix://localhost:2375
03:33:04.115 [main] DEBUG com.github.dockerjava.zerodep.shaded.org.apache.hc.client5.http.impl.classic.InternalHttpClient - ex-000000A4: acquiring endpoint (3 MINUTES)
03:33:04.115 [main] DEBUG com.github.dockerjava.zerodep.shaded.org.apache.hc.client5.http.impl.io.PoolingHttpClientConnectionManager - ex-000000A4: endpoint lease request (3 MINUTES) [route: {}->unix://localhost:2375][total available: 1; route allocated: 1 of 2147483647; total allocated: 1 of 2147483647]
03:33:04.115 [main] DEBUG com.github.dockerjava.zerodep.shaded.org.apache.hc.client5.http.impl.io.PoolingHttpClientConnectionManager - ex-000000A4: endpoint leased [route: {}->unix://localhost:2375][total available: 0; route allocated: 1 of 2147483647; total allocated: 1 of 2147483647]
03:33:04.115 [main] DEBUG com.github.dockerjava.zerodep.shaded.org.apache.hc.client5.http.impl.io.PoolingHttpClientConnectionManager - ex-000000A4: acquired ep-000000A3
03:33:04.115 [main] DEBUG com.github.dockerjava.zerodep.shaded.org.apache.hc.client5.http.impl.classic.InternalHttpClient - ex-000000A4: acquired endpoint ep-000000A3
03:33:04.115 [main] DEBUG com.github.dockerjava.zerodep.shaded.org.apache.hc.client5.http.impl.classic.MainClientExec - ex-000000A4: executing GET /v1.32/containers/9691e31891711283f4d98263d11bc6156717d3e75a0b86a23f3b128a992c1f38/json HTTP/1.1
03:33:04.115 [main] DEBUG com.github.dockerjava.zerodep.shaded.org.apache.hc.client5.http.impl.classic.InternalHttpClient - ep-000000A3: start execution ex-000000A4
03:33:04.115 [main] DEBUG com.github.dockerjava.zerodep.shaded.org.apache.hc.client5.http.impl.io.PoolingHttpClientConnectionManager - ep-000000A3: executing exchange ex-000000A4 over http-outgoing-2
03:33:04.115 [main] DEBUG com.github.dockerjava.zerodep.shaded.org.apache.hc.client5.http.headers - http-outgoing-2 >> GET /v1.32/containers/9691e31891711283f4d98263d11bc6156717d3e75a0b86a23f3b128a992c1f38/json HTTP/1.1
03:33:04.115 [main] DEBUG com.github.dockerjava.zerodep.shaded.org.apache.hc.client5.http.headers - http-outgoing-2 >> accept: application/json
03:33:04.115 [main] DEBUG com.github.dockerjava.zerodep.shaded.org.apache.hc.client5.http.headers - http-outgoing-2 >> Accept-Encoding: gzip, x-gzip, deflate
03:33:04.115 [main] DEBUG com.github.dockerjava.zerodep.shaded.org.apache.hc.client5.http.headers - http-outgoing-2 >> Host: localhost:2375
03:33:04.115 [main] DEBUG com.github.dockerjava.zerodep.shaded.org.apache.hc.client5.http.headers - http-outgoing-2 >> Connection: keep-alive
03:33:04.115 [main] DEBUG com.github.dockerjava.zerodep.shaded.org.apache.hc.client5.http.headers - http-outgoing-2 >> User-Agent: Apache-HttpClient/5.0.3 (Java/11.0.15)
03:33:04.115 [main] DEBUG com.github.dockerjava.zerodep.shaded.org.apache.hc.client5.http.wire - http-outgoing-2 >> "GET /v1.32/containers/9691e31891711283f4d98263d11bc6156717d3e75a0b86a23f3b128a992c1f38/json HTTP/1.1[\r][\n]"
03:33:04.115 [main] DEBUG com.github.dockerjava.zerodep.shaded.org.apache.hc.client5.http.wire - http-outgoing-2 >> "accept: application/json[\r][\n]"
03:33:04.115 [main] DEBUG com.github.dockerjava.zerodep.shaded.org.apache.hc.client5.http.wire - http-outgoing-2 >> "Accept-Encoding: gzip, x-gzip, deflate[\r][\n]"
03:33:04.115 [main] DEBUG com.github.dockerjava.zerodep.shaded.org.apache.hc.client5.http.wire - http-outgoing-2 >> "Host: localhost:2375[\r][\n]"
03:33:04.115 [main] DEBUG com.github.dockerjava.zerodep.shaded.org.apache.hc.client5.http.wire - http-outgoing-2 >> "Connection: keep-alive[\r][\n]"
03:33:04.115 [main] DEBUG com.github.dockerjava.zerodep.shaded.org.apache.hc.client5.http.wire - http-outgoing-2 >> "User-Agent: Apache-HttpClient/5.0.3 (Java/11.0.15)[\r][\n]"
03:33:04.115 [main] DEBUG com.github.dockerjava.zerodep.shaded.org.apache.hc.client5.http.wire - http-outgoing-2 >> "[\r][\n]"
03:33:04.116 [main] DEBUG com.github.dockerjava.zerodep.shaded.org.apache.hc.client5.http.wire - http-outgoing-2 << "HTTP/1.1 200 OK[\r][\n]"
03:33:04.116 [main] DEBUG com.github.dockerjava.zerodep.shaded.org.apache.hc.client5.http.wire - http-outgoing-2 << "Api-Version: 1.41[\r][\n]"
03:33:04.116 [main] DEBUG com.github.dockerjava.zerodep.shaded.org.apache.hc.client5.http.wire - http-outgoing-2 << "Content-Type: application/json[\r][\n]"
03:33:04.116 [main] DEBUG com.github.dockerjava.zerodep.shaded.org.apache.hc.client5.http.wire - http-outgoing-2 << "Docker-Experimental: false[\r][\n]"
03:33:04.116 [main] DEBUG com.github.dockerjava.zerodep.shaded.org.apache.hc.client5.http.wire - http-outgoing-2 << "Ostype: linux[\r][\n]"
03:33:04.116 [main] DEBUG com.github.dockerjava.zerodep.shaded.org.apache.hc.client5.http.wire - http-outgoing-2 << "Server: Docker/20.10.12 (linux)[\r][\n]"
03:33:04.116 [main] DEBUG com.github.dockerjava.zerodep.shaded.org.apache.hc.client5.http.wire - http-outgoing-2 << "Date: Thu, 23 Jun 2022 02:33:04 GMT[\r][\n]"
03:33:04.116 [main] DEBUG com.github.dockerjava.zerodep.shaded.org.apache.hc.client5.http.wire - http-outgoing-2 << "Transfer-Encoding: chunked[\r][\n]"
03:33:04.116 [main] DEBUG com.github.dockerjava.zerodep.shaded.org.apache.hc.client5.http.wire - http-outgoing-2 << "[\r][\n]"
03:33:04.116 [main] DEBUG com.github.dockerjava.zerodep.shaded.org.apache.hc.client5.http.wire - http-outgoing-2 << "18ed[\r][\n]"
03:33:04.116 [main] DEBUG com.github.dockerjava.zerodep.shaded.org.apache.hc.client5.http.wire - http-outgoing-2 << "{"Id":"9691e31891711283f4d98263d11bc6156717d3e75a0b86a23f3b128a992c1f38","Created":"2022-06-23T02:32:47.03956921Z","Path":"docker-entrypoint.sh","Args":["mysqld"],"State":{"Status":"running","Running":true,"Paused":false,"Restarting":false,"OOMKilled":false,"Dead":false,"Pid":66188,"ExitCode":0,"Error":"","StartedAt":"2022-06-23T02:32:47.703880551Z","FinishedAt":"0001-01-01T00:00:00Z"},"Image":"sha256:65b636d5542b73254ce90cc4b895597dc1adc2c661ca553c38eda159979dded1","ResolvConfPath":"/var/lib/docker/containers/9691e31891711283f4d98263d11bc6156717d3e75a0b86a23f3b128a992c1f38/resolv.conf","HostnamePath":"/var/lib/docker/containers/9691e31891711283f4d98263d11bc6156717d3e75a0b86a23f3b128a992c1f38/hostname","HostsPath":"/var/lib/docker/containers/9691e31891711283f4d98263d11bc6156717d3e75a0b86a23f3b128a992c1f38/hosts","LogPath":"/var/lib/docker/containers/9691e31891711283f4d98263d11bc6156717d3e75a0b86a23f3b128a992c1f38/9691e31891711283f4d98263d11bc6156717d3e75a0b86a23f3b128a992c1f38-json.log","Name":"/xenodochial_satoshi","RestartCount":0,"Driver":"overlay2","Platform":"linux","MountLabel":"","ProcessLabel":"","AppArmorProfile":"docker-default","ExecIDs":null,"HostConfig":{"Binds":[],"ContainerIDFile":"","LogConfig":{"Type":"json-file","Config":{}},"NetworkMode":"default","PortBindings":{"3306/tcp":[{"HostIp":"","HostPort":""}]},"RestartPolicy":{"Name":"","MaximumRetryCount":0},"AutoRemove":false,"VolumeDriver":"","VolumesFrom":[],"CapAdd":null,"CapDrop":null,"CgroupnsMode":"host","Dns":null,"DnsOptions":null,"DnsSearch":null,"ExtraHosts":[],"GroupAdd":null,"IpcMode":"shareable","Cgroup":"","Links":null,"OomScoreAdj":0,"PidMode":"","Privileged":false,"PublishAllPorts":false,"ReadonlyRootfs":false,"SecurityOpt":null,"UTSMode":"","UsernsMode":"","ShmSize":67108864,"Runtime":"runc","ConsoleSize":[0,0],"Isolation":"","CpuShares":0,"Memory":0,"NanoCpus":0,"CgroupParent":"","BlkioWeight":0,"BlkioWeightDevice":null,"BlkioDeviceReadBps":null,"BlkioDeviceWriteBps":null,"BlkioDeviceReadIOps":null,"BlkioDeviceWriteIOps":null,"CpuPeriod":0,"CpuQuota":0,"CpuRealtimePeriod":0,"CpuRealtimeRuntime":0,"CpusetCpus":"","CpusetMems":"","Devices":null,"DeviceCgroupRules":null,"DeviceRequests":null,"KernelMemory":0,"KernelMemoryTCP":0,"MemoryReservation":0,"MemorySwap":0,"MemorySwappiness":null,"OomKillDisable":false,"PidsLimit":null,"Ulimits":null,"CpuCount":0,"CpuPercent":0,"IOMaximumIOps":0,"IOMaximumBandwidth":0,"MaskedPaths":["/proc/asound","/proc/acpi","/proc/kcore","/proc/keys","/proc/latency_stats","/proc/timer_list","/proc/timer_stats","/proc/sched_debug","/proc/scsi","/sys/firmware"],"ReadonlyPaths":["/proc/bus","/proc/fs","/proc/irq","/proc/sys","/proc/sysrq-trigger"]},"GraphDriver":{"Data":{"LowerDir":"/var/lib/docker/overlay2/5529564f52cf969e31e7a1482c27be7ffed19639b506ae2e15b7e7115f699a73-init/diff:/var/lib/docker/overlay2/833a665819b5d9728d3efa7c33135034345a24f83af53b1a1af33d9b64f5492a/diff:/var/lib/docker/overlay2/bd4a2a46c227c2f15475b08c398f37acaab93f4fdba31de015d730efae0a0cfc/diff:/var/lib/docker/overlay2/31ad437d7cba8e64428a2b62db1bbb2a2ec19ca4e439ec493ef4deb50dce2783/diff:/var/lib/docker/overlay2/35173cbd8ec5b88a8888e9abbe75f8694f5d3f96a9b781bb70dc1f0889685741/diff:/var/lib/docker/overlay2/24bf69ac4e8c81062fee44e7c9f746fffbb139c3f7f4b55b4fd1b23bb101b529/diff:/var/lib/docker/overlay2/2f27c96a7775dad186b6f0da325d5a251c80aa1b7f80cf8520f493c5154aee70/diff:/var/lib/docker/overlay2/463a60088c72ddbea82639ded15801e35a79c443f6a26bf1baf320c683cb06af/diff:/var/lib/docker/overlay2/80b8224b23a2ee4b5be635c58ae579fd1913aa95558cd66ab2f5e8430f00a5b8/diff:/var/lib/docker/overlay2/20451fa0b1a07b85d665bc3a0359d721ce4e4c28fa3bce7456ab25e0babae708/diff:/var/lib/docker/overlay2/f80d865cbc6c1c6f57d0963fa6234e7a6409e079eb17f4f13ca41d02731701ad/diff:/var/lib/docker/overlay2/5a3029e0b57c6ec9b985871ff6adf08356aaa0f2a15f1e34c1a7f116ecc4a61d/diff:/var/lib/docker/overlay2/4f3423103248d0b381a1bc6a7287e2b42313ff458cea602a02b7379014b03e0e/diff","MergedDir":"/var/lib/docker/overlay2/5529564f52cf969e31e7a1482c27be7ffed19639b506ae2e15b7e7115f699a73/merged","UpperDir":"/var/lib/docker/overlay2/5529564f52cf969e31e7a1482c27be7ffed19639b506ae2e15b7e7115f699a73/diff","WorkDir":"/var/lib/docker/overlay2/5529564f52cf969e31e7a1482c27be7ffed19639b506ae2e15b7e7115f699a73/work"},"Name":"overlay2"},"Mounts":[{"Type":"volume","Name":"fd1f613c7fe3ca3ae799982507ac3f565cc9f6a2dc99ceaed92389e2c43f47d1","Source":"/var/lib/docker/volumes/fd1f613c7fe3ca3ae799982507ac3f565cc9f6a2dc99ceaed92389e2c43f47d1/_data","Destination":"/var/lib/mysql","Driver":"local","Mode":"","RW":true,"Propagation":""}],"Config":{"Hostname":"9691e3189171","Domainname":"","User":"","AttachStdin":false,"AttachStdout":false,"AttachStderr":false,"ExposedPorts":{"3306/tcp":{},"33060/tcp":{}},"Tty":false,"OpenStdin":false,"StdinOnce":false,"Env":["MYSQL_DATABASE=test","MYSQL_PASSWORD=admin","MYSQL_USER=admin","MYSQL_ROOT_PASSWORD=admin","PATH=/usr/local/sbin:/usr/local/bin:/usr/sbin:/usr/bin:/sbin:/bin","GOSU_VERSION=1.14","MYSQL_MAJOR=8.0","MYSQL_VERSION=8.0.29-1debian10"],"Cmd":["mysqld"],"Image":"mysql:8.0","Volumes":{"/var/lib/mysql":{}},"WorkingDir":"","Entrypoint":["docker-entrypoint.sh"],"OnBuild":null,"Labels":{"org.testcontainers":"true","org.testcontainers.sessionId":"d48265e4-2b28-4f8c-aa67-76dd8289af84"}},"NetworkSettings":{"Bridge":"","SandboxID":"d9de8570fe3f0a4e9f3a1ff7101c963bbd2c6a0a9d8a867b96f17f4d5edca537","HairpinMode":false,"LinkLocalIPv6Address":"","LinkLocalIPv6PrefixLen":0,"Ports":{"3306/tcp":[{"HostIp":"0.0.0.0","HostPort":"49160"},{"HostIp":"::","HostPort":"49160"}],"33060/tcp":null},"SandboxKey":"/var/run/docker/netns/d9de8570fe3f","SecondaryIPAddresses":null,"SecondaryIPv6Addresses":null,"EndpointID":"93e8fe159f683a98670e8995677c2b130dbce857fc116679206e206bda319cbf","Gateway":"172.17.0.1","GlobalIPv6Address":"","GlobalIPv6PrefixLen":0,"IPAddress":"172.17.0.3","IPPrefixLen":16,"IPv6Gateway":"","MacAddress":"02:42:ac:11:00:03","Networks":{"bridge":{"IPAMConfig":null,"Links":null,"Aliases":null,"NetworkID":"1853cd2b9856825cc97ed9ef2b12efa82d95bf9cf60ad666c276eb35cc53539e","EndpointID":"93e8fe159f683a98670e8995677c2b130dbce857fc116679206e206bda319cbf","Gateway":"172.17.0.1","IPAddress":"172.17.0.3","IPPrefixLen":16,"IPv6Gateway":"","GlobalIPv6Address":"","GlobalIPv6PrefixLen":0,"MacAddress":"02:42:ac:11:00:03","DriverOpts":null}}}}[\n]"
03:33:04.116 [main] DEBUG com.github.dockerjava.zerodep.shaded.org.apache.hc.client5.http.wire - http-outgoing-2 << "[\r][\n]"
03:33:04.116 [main] DEBUG com.github.dockerjava.zerodep.shaded.org.apache.hc.client5.http.wire - http-outgoing-2 << "0[\r][\n]"
03:33:04.116 [main] DEBUG com.github.dockerjava.zerodep.shaded.org.apache.hc.client5.http.wire - http-outgoing-2 << "[\r][\n]"
03:33:04.116 [main] DEBUG com.github.dockerjava.zerodep.shaded.org.apache.hc.client5.http.headers - http-outgoing-2 << HTTP/1.1 200 OK
03:33:04.116 [main] DEBUG com.github.dockerjava.zerodep.shaded.org.apache.hc.client5.http.headers - http-outgoing-2 << Api-Version: 1.41
03:33:04.116 [main] DEBUG com.github.dockerjava.zerodep.shaded.org.apache.hc.client5.http.headers - http-outgoing-2 << Content-Type: application/json
03:33:04.116 [main] DEBUG com.github.dockerjava.zerodep.shaded.org.apache.hc.client5.http.headers - http-outgoing-2 << Docker-Experimental: false
03:33:04.116 [main] DEBUG com.github.dockerjava.zerodep.shaded.org.apache.hc.client5.http.headers - http-outgoing-2 << Ostype: linux
03:33:04.116 [main] DEBUG com.github.dockerjava.zerodep.shaded.org.apache.hc.client5.http.headers - http-outgoing-2 << Server: Docker/20.10.12 (linux)
03:33:04.116 [main] DEBUG com.github.dockerjava.zerodep.shaded.org.apache.hc.client5.http.headers - http-outgoing-2 << Date: Thu, 23 Jun 2022 02:33:04 GMT
03:33:04.116 [main] DEBUG com.github.dockerjava.zerodep.shaded.org.apache.hc.client5.http.headers - http-outgoing-2 << Transfer-Encoding: chunked
03:33:04.116 [main] DEBUG com.github.dockerjava.zerodep.shaded.org.apache.hc.client5.http.impl.classic.MainClientExec - ex-000000A4: connection can be kept alive for 3 MINUTES
03:33:04.117 [main] DEBUG com.github.dockerjava.zerodep.shaded.org.apache.hc.client5.http.impl.classic.InternalHttpClient - ep-000000A3: releasing valid endpoint
03:33:04.117 [main] DEBUG com.github.dockerjava.zerodep.shaded.org.apache.hc.client5.http.impl.io.PoolingHttpClientConnectionManager - ep-000000A3: releasing endpoint
03:33:04.117 [main] DEBUG com.github.dockerjava.zerodep.shaded.org.apache.hc.client5.http.impl.io.PoolingHttpClientConnectionManager - ep-000000A3: connection http-outgoing-2 can be kept alive for 3 MINUTES
03:33:04.117 [main] DEBUG com.github.dockerjava.zerodep.shaded.org.apache.hc.client5.http.impl.io.PoolingHttpClientConnectionManager - ep-000000A3: connection released [route: {}->unix://localhost:2375][total available: 1; route allocated: 1 of 2147483647; total allocated: 1 of 2147483647]
03:33:04.118 [main] DEBUG 🐳 [mysql:8.0] - Trying to create JDBC connection using com.mysql.cj.jdbc.Driver to jdbc:mysql://localhost:49160/test?useSSL=false&allowPublicKeyRetrieval=true with properties: {password=admin, user=admin}
03:33:04.219 [main] DEBUG org.testcontainers.shaded.com.github.dockerjava.core.command.AbstrDockerCmd - Cmd: 9691e31891711283f4d98263d11bc6156717d3e75a0b86a23f3b128a992c1f38,false
03:33:04.219 [main] DEBUG org.testcontainers.shaded.com.github.dockerjava.core.exec.InspectContainerCmdExec - GET: DefaultWebTarget{path=[/containers/9691e31891711283f4d98263d11bc6156717d3e75a0b86a23f3b128a992c1f38/json], queryParams={}}
03:33:04.219 [main] DEBUG com.github.dockerjava.zerodep.shaded.org.apache.hc.client5.http.impl.classic.InternalHttpClient - ex-000000A5: preparing request execution
03:33:04.220 [main] DEBUG com.github.dockerjava.zerodep.shaded.org.apache.hc.client5.http.protocol.RequestAddCookies - Cookie spec selected: strict
03:33:04.220 [main] DEBUG com.github.dockerjava.zerodep.shaded.org.apache.hc.client5.http.protocol.RequestAuthCache - Auth cache not set in the context
03:33:04.220 [main] DEBUG com.github.dockerjava.zerodep.shaded.org.apache.hc.client5.http.impl.classic.ProtocolExec - ex-000000A5: target auth state: UNCHALLENGED
03:33:04.220 [main] DEBUG com.github.dockerjava.zerodep.shaded.org.apache.hc.client5.http.impl.classic.ProtocolExec - ex-000000A5: proxy auth state: UNCHALLENGED
03:33:04.220 [main] DEBUG com.github.dockerjava.zerodep.shaded.org.apache.hc.client5.http.impl.classic.ConnectExec - ex-000000A5: acquiring connection with route {}->unix://localhost:2375
03:33:04.220 [main] DEBUG com.github.dockerjava.zerodep.shaded.org.apache.hc.client5.http.impl.classic.InternalHttpClient - ex-000000A5: acquiring endpoint (3 MINUTES)
03:33:04.220 [main] DEBUG com.github.dockerjava.zerodep.shaded.org.apache.hc.client5.http.impl.io.PoolingHttpClientConnectionManager - ex-000000A5: endpoint lease request (3 MINUTES) [route: {}->unix://localhost:2375][total available: 1; route allocated: 1 of 2147483647; total allocated: 1 of 2147483647]
03:33:04.220 [main] DEBUG com.github.dockerjava.zerodep.shaded.org.apache.hc.client5.http.impl.io.PoolingHttpClientConnectionManager - ex-000000A5: endpoint leased [route: {}->unix://localhost:2375][total available: 0; route allocated: 1 of 2147483647; total allocated: 1 of 2147483647]
03:33:04.220 [main] DEBUG com.github.dockerjava.zerodep.shaded.org.apache.hc.client5.http.impl.io.PoolingHttpClientConnectionManager - ex-000000A5: acquired ep-000000A4
03:33:04.220 [main] DEBUG com.github.dockerjava.zerodep.shaded.org.apache.hc.client5.http.impl.classic.InternalHttpClient - ex-000000A5: acquired endpoint ep-000000A4
03:33:04.220 [main] DEBUG com.github.dockerjava.zerodep.shaded.org.apache.hc.client5.http.impl.classic.MainClientExec - ex-000000A5: executing GET /v1.32/containers/9691e31891711283f4d98263d11bc6156717d3e75a0b86a23f3b128a992c1f38/json HTTP/1.1
03:33:04.220 [main] DEBUG com.github.dockerjava.zerodep.shaded.org.apache.hc.client5.http.impl.classic.InternalHttpClient - ep-000000A4: start execution ex-000000A5
03:33:04.220 [main] DEBUG com.github.dockerjava.zerodep.shaded.org.apache.hc.client5.http.impl.io.PoolingHttpClientConnectionManager - ep-000000A4: executing exchange ex-000000A5 over http-outgoing-2
03:33:04.220 [main] DEBUG com.github.dockerjava.zerodep.shaded.org.apache.hc.client5.http.headers - http-outgoing-2 >> GET /v1.32/containers/9691e31891711283f4d98263d11bc6156717d3e75a0b86a23f3b128a992c1f38/json HTTP/1.1
03:33:04.220 [main] DEBUG com.github.dockerjava.zerodep.shaded.org.apache.hc.client5.http.headers - http-outgoing-2 >> accept: application/json
03:33:04.220 [main] DEBUG com.github.dockerjava.zerodep.shaded.org.apache.hc.client5.http.headers - http-outgoing-2 >> Accept-Encoding: gzip, x-gzip, deflate
03:33:04.220 [main] DEBUG com.github.dockerjava.zerodep.shaded.org.apache.hc.client5.http.headers - http-outgoing-2 >> Host: localhost:2375
03:33:04.220 [main] DEBUG com.github.dockerjava.zerodep.shaded.org.apache.hc.client5.http.headers - http-outgoing-2 >> Connection: keep-alive
03:33:04.220 [main] DEBUG com.github.dockerjava.zerodep.shaded.org.apache.hc.client5.http.headers - http-outgoing-2 >> User-Agent: Apache-HttpClient/5.0.3 (Java/11.0.15)
03:33:04.220 [main] DEBUG com.github.dockerjava.zerodep.shaded.org.apache.hc.client5.http.wire - http-outgoing-2 >> "GET /v1.32/containers/9691e31891711283f4d98263d11bc6156717d3e75a0b86a23f3b128a992c1f38/json HTTP/1.1[\r][\n]"
03:33:04.220 [main] DEBUG com.github.dockerjava.zerodep.shaded.org.apache.hc.client5.http.wire - http-outgoing-2 >> "accept: application/json[\r][\n]"
03:33:04.220 [main] DEBUG com.github.dockerjava.zerodep.shaded.org.apache.hc.client5.http.wire - http-outgoing-2 >> "Accept-Encoding: gzip, x-gzip, deflate[\r][\n]"
03:33:04.220 [main] DEBUG com.github.dockerjava.zerodep.shaded.org.apache.hc.client5.http.wire - http-outgoing-2 >> "Host: localhost:2375[\r][\n]"
03:33:04.220 [main] DEBUG com.github.dockerjava.zerodep.shaded.org.apache.hc.client5.http.wire - http-outgoing-2 >> "Connection: keep-alive[\r][\n]"
03:33:04.220 [main] DEBUG com.github.dockerjava.zerodep.shaded.org.apache.hc.client5.http.wire - http-outgoing-2 >> "User-Agent: Apache-HttpClient/5.0.3 (Java/11.0.15)[\r][\n]"
03:33:04.220 [main] DEBUG com.github.dockerjava.zerodep.shaded.org.apache.hc.client5.http.wire - http-outgoing-2 >> "[\r][\n]"
03:33:04.221 [main] DEBUG com.github.dockerjava.zerodep.shaded.org.apache.hc.client5.http.wire - http-outgoing-2 << "HTTP/1.1 200 OK[\r][\n]"
03:33:04.221 [main] DEBUG com.github.dockerjava.zerodep.shaded.org.apache.hc.client5.http.wire - http-outgoing-2 << "Api-Version: 1.41[\r][\n]"
03:33:04.221 [main] DEBUG com.github.dockerjava.zerodep.shaded.org.apache.hc.client5.http.wire - http-outgoing-2 << "Content-Type: application/json[\r][\n]"
03:33:04.221 [main] DEBUG com.github.dockerjava.zerodep.shaded.org.apache.hc.client5.http.wire - http-outgoing-2 << "Docker-Experimental: false[\r][\n]"
03:33:04.221 [main] DEBUG com.github.dockerjava.zerodep.shaded.org.apache.hc.client5.http.wire - http-outgoing-2 << "Ostype: linux[\r][\n]"
03:33:04.221 [main] DEBUG com.github.dockerjava.zerodep.shaded.org.apache.hc.client5.http.wire - http-outgoing-2 << "Server: Docker/20.10.12 (linux)[\r][\n]"
03:33:04.221 [main] DEBUG com.github.dockerjava.zerodep.shaded.org.apache.hc.client5.http.wire - http-outgoing-2 << "Date: Thu, 23 Jun 2022 02:33:04 GMT[\r][\n]"
03:33:04.221 [main] DEBUG com.github.dockerjava.zerodep.shaded.org.apache.hc.client5.http.wire - http-outgoing-2 << "Transfer-Encoding: chunked[\r][\n]"
03:33:04.221 [main] DEBUG com.github.dockerjava.zerodep.shaded.org.apache.hc.client5.http.wire - http-outgoing-2 << "[\r][\n]"
03:33:04.221 [main] DEBUG com.github.dockerjava.zerodep.shaded.org.apache.hc.client5.http.wire - http-outgoing-2 << "18ed[\r][\n]"
03:33:04.221 [main] DEBUG com.github.dockerjava.zerodep.shaded.org.apache.hc.client5.http.wire - http-outgoing-2 << "{"Id":"9691e31891711283f4d98263d11bc6156717d3e75a0b86a23f3b128a992c1f38","Created":"2022-06-23T02:32:47.03956921Z","Path":"docker-entrypoint.sh","Args":["mysqld"],"State":{"Status":"running","Running":true,"Paused":false,"Restarting":false,"OOMKilled":false,"Dead":false,"Pid":66188,"ExitCode":0,"Error":"","StartedAt":"2022-06-23T02:32:47.703880551Z","FinishedAt":"0001-01-01T00:00:00Z"},"Image":"sha256:65b636d5542b73254ce90cc4b895597dc1adc2c661ca553c38eda159979dded1","ResolvConfPath":"/var/lib/docker/containers/9691e31891711283f4d98263d11bc6156717d3e75a0b86a23f3b128a992c1f38/resolv.conf","HostnamePath":"/var/lib/docker/containers/9691e31891711283f4d98263d11bc6156717d3e75a0b86a23f3b128a992c1f38/hostname","HostsPath":"/var/lib/docker/containers/9691e31891711283f4d98263d11bc6156717d3e75a0b86a23f3b128a992c1f38/hosts","LogPath":"/var/lib/docker/containers/9691e31891711283f4d98263d11bc6156717d3e75a0b86a23f3b128a992c1f38/9691e31891711283f4d98263d11bc6156717d3e75a0b86a23f3b128a992c1f38-json.log","Name":"/xenodochial_satoshi","RestartCount":0,"Driver":"overlay2","Platform":"linux","MountLabel":"","ProcessLabel":"","AppArmorProfile":"docker-default","ExecIDs":null,"HostConfig":{"Binds":[],"ContainerIDFile":"","LogConfig":{"Type":"json-file","Config":{}},"NetworkMode":"default","PortBindings":{"3306/tcp":[{"HostIp":"","HostPort":""}]},"RestartPolicy":{"Name":"","MaximumRetryCount":0},"AutoRemove":false,"VolumeDriver":"","VolumesFrom":[],"CapAdd":null,"CapDrop":null,"CgroupnsMode":"host","Dns":null,"DnsOptions":null,"DnsSearch":null,"ExtraHosts":[],"GroupAdd":null,"IpcMode":"shareable","Cgroup":"","Links":null,"OomScoreAdj":0,"PidMode":"","Privileged":false,"PublishAllPorts":false,"ReadonlyRootfs":false,"SecurityOpt":null,"UTSMode":"","UsernsMode":"","ShmSize":67108864,"Runtime":"runc","ConsoleSize":[0,0],"Isolation":"","CpuShares":0,"Memory":0,"NanoCpus":0,"CgroupParent":"","BlkioWeight":0,"BlkioWeightDevice":null,"BlkioDeviceReadBps":null,"BlkioDeviceWriteBps":null,"BlkioDeviceReadIOps":null,"BlkioDeviceWriteIOps":null,"CpuPeriod":0,"CpuQuota":0,"CpuRealtimePeriod":0,"CpuRealtimeRuntime":0,"CpusetCpus":"","CpusetMems":"","Devices":null,"DeviceCgroupRules":null,"DeviceRequests":null,"KernelMemory":0,"KernelMemoryTCP":0,"MemoryReservation":0,"MemorySwap":0,"MemorySwappiness":null,"OomKillDisable":false,"PidsLimit":null,"Ulimits":null,"CpuCount":0,"CpuPercent":0,"IOMaximumIOps":0,"IOMaximumBandwidth":0,"MaskedPaths":["/proc/asound","/proc/acpi","/proc/kcore","/proc/keys","/proc/latency_stats","/proc/timer_list","/proc/timer_stats","/proc/sched_debug","/proc/scsi","/sys/firmware"],"ReadonlyPaths":["/proc/bus","/proc/fs","/proc/irq","/proc/sys","/proc/sysrq-trigger"]},"GraphDriver":{"Data":{"LowerDir":"/var/lib/docker/overlay2/5529564f52cf969e31e7a1482c27be7ffed19639b506ae2e15b7e7115f699a73-init/diff:/var/lib/docker/overlay2/833a665819b5d9728d3efa7c33135034345a24f83af53b1a1af33d9b64f5492a/diff:/var/lib/docker/overlay2/bd4a2a46c227c2f15475b08c398f37acaab93f4fdba31de015d730efae0a0cfc/diff:/var/lib/docker/overlay2/31ad437d7cba8e64428a2b62db1bbb2a2ec19ca4e439ec493ef4deb50dce2783/diff:/var/lib/docker/overlay2/35173cbd8ec5b88a8888e9abbe75f8694f5d3f96a9b781bb70dc1f0889685741/diff:/var/lib/docker/overlay2/24bf69ac4e8c81062fee44e7c9f746fffbb139c3f7f4b55b4fd1b23bb101b529/diff:/var/lib/docker/overlay2/2f27c96a7775dad186b6f0da325d5a251c80aa1b7f80cf8520f493c5154aee70/diff:/var/lib/docker/overlay2/463a60088c72ddbea82639ded15801e35a79c443f6a26bf1baf320c683cb06af/diff:/var/lib/docker/overlay2/80b8224b23a2ee4b5be635c58ae579fd1913aa95558cd66ab2f5e8430f00a5b8/diff:/var/lib/docker/overlay2/20451fa0b1a07b85d665bc3a0359d721ce4e4c28fa3bce7456ab25e0babae708/diff:/var/lib/docker/overlay2/f80d865cbc6c1c6f57d0963fa6234e7a6409e079eb17f4f13ca41d02731701ad/diff:/var/lib/docker/overlay2/5a3029e0b57c6ec9b985871ff6adf08356aaa0f2a15f1e34c1a7f116ecc4a61d/diff:/var/lib/docker/overlay2/4f3423103248d0b381a1bc6a7287e2b42313ff458cea602a02b7379014b03e0e/diff","MergedDir":"/var/lib/docker/overlay2/5529564f52cf969e31e7a1482c27be7ffed19639b506ae2e15b7e7115f699a73/merged","UpperDir":"/var/lib/docker/overlay2/5529564f52cf969e31e7a1482c27be7ffed19639b506ae2e15b7e7115f699a73/diff","WorkDir":"/var/lib/docker/overlay2/5529564f52cf969e31e7a1482c27be7ffed19639b506ae2e15b7e7115f699a73/work"},"Name":"overlay2"},"Mounts":[{"Type":"volume","Name":"fd1f613c7fe3ca3ae799982507ac3f565cc9f6a2dc99ceaed92389e2c43f47d1","Source":"/var/lib/docker/volumes/fd1f613c7fe3ca3ae799982507ac3f565cc9f6a2dc99ceaed92389e2c43f47d1/_data","Destination":"/var/lib/mysql","Driver":"local","Mode":"","RW":true,"Propagation":""}],"Config":{"Hostname":"9691e3189171","Domainname":"","User":"","AttachStdin":false,"AttachStdout":false,"AttachStderr":false,"ExposedPorts":{"3306/tcp":{},"33060/tcp":{}},"Tty":false,"OpenStdin":false,"StdinOnce":false,"Env":["MYSQL_DATABASE=test","MYSQL_PASSWORD=admin","MYSQL_USER=admin","MYSQL_ROOT_PASSWORD=admin","PATH=/usr/local/sbin:/usr/local/bin:/usr/sbin:/usr/bin:/sbin:/bin","GOSU_VERSION=1.14","MYSQL_MAJOR=8.0","MYSQL_VERSION=8.0.29-1debian10"],"Cmd":["mysqld"],"Image":"mysql:8.0","Volumes":{"/var/lib/mysql":{}},"WorkingDir":"","Entrypoint":["docker-entrypoint.sh"],"OnBuild":null,"Labels":{"org.testcontainers":"true","org.testcontainers.sessionId":"d48265e4-2b28-4f8c-aa67-76dd8289af84"}},"NetworkSettings":{"Bridge":"","SandboxID":"d9de8570fe3f0a4e9f3a1ff7101c963bbd2c6a0a9d8a867b96f17f4d5edca537","HairpinMode":false,"LinkLocalIPv6Address":"","LinkLocalIPv6PrefixLen":0,"Ports":{"3306/tcp":[{"HostIp":"0.0.0.0","HostPort":"49160"},{"HostIp":"::","HostPort":"49160"}],"33060/tcp":null},"SandboxKey":"/var/run/docker/netns/d9de8570fe3f","SecondaryIPAddresses":null,"SecondaryIPv6Addresses":null,"EndpointID":"93e8fe159f683a98670e8995677c2b130dbce857fc116679206e206bda319cbf","Gateway":"172.17.0.1","GlobalIPv6Address":"","GlobalIPv6PrefixLen":0,"IPAddress":"172.17.0.3","IPPrefixLen":16,"IPv6Gateway":"","MacAddress":"02:42:ac:11:00:03","Networks":{"bridge":{"IPAMConfig":null,"Links":null,"Aliases":null,"NetworkID":"1853cd2b9856825cc97ed9ef2b12efa82d95bf9cf60ad666c276eb35cc53539e","EndpointID":"93e8fe159f683a98670e8995677c2b130dbce857fc116679206e206bda319cbf","Gateway":"172.17.0.1","IPAddress":"172.17.0.3","IPPrefixLen":16,"IPv6Gateway":"","GlobalIPv6Address":"","GlobalIPv6PrefixLen":0,"MacAddress":"02:42:ac:11:00:03","DriverOpts":null}}}}[\n]"
03:33:04.221 [main] DEBUG com.github.dockerjava.zerodep.shaded.org.apache.hc.client5.http.wire - http-outgoing-2 << "[\r][\n]"
03:33:04.221 [main] DEBUG com.github.dockerjava.zerodep.shaded.org.apache.hc.client5.http.wire - http-outgoing-2 << "0[\r][\n]"
03:33:04.221 [main] DEBUG com.github.dockerjava.zerodep.shaded.org.apache.hc.client5.http.wire - http-outgoing-2 << "[\r][\n]"
03:33:04.221 [main] DEBUG com.github.dockerjava.zerodep.shaded.org.apache.hc.client5.http.headers - http-outgoing-2 << HTTP/1.1 200 OK
03:33:04.221 [main] DEBUG com.github.dockerjava.zerodep.shaded.org.apache.hc.client5.http.headers - http-outgoing-2 << Api-Version: 1.41
03:33:04.221 [main] DEBUG com.github.dockerjava.zerodep.shaded.org.apache.hc.client5.http.headers - http-outgoing-2 << Content-Type: application/json
03:33:04.221 [main] DEBUG com.github.dockerjava.zerodep.shaded.org.apache.hc.client5.http.headers - http-outgoing-2 << Docker-Experimental: false
03:33:04.221 [main] DEBUG com.github.dockerjava.zerodep.shaded.org.apache.hc.client5.http.headers - http-outgoing-2 << Ostype: linux
03:33:04.221 [main] DEBUG com.github.dockerjava.zerodep.shaded.org.apache.hc.client5.http.headers - http-outgoing-2 << Server: Docker/20.10.12 (linux)
03:33:04.221 [main] DEBUG com.github.dockerjava.zerodep.shaded.org.apache.hc.client5.http.headers - http-outgoing-2 << Date: Thu, 23 Jun 2022 02:33:04 GMT
03:33:04.221 [main] DEBUG com.github.dockerjava.zerodep.shaded.org.apache.hc.client5.http.headers - http-outgoing-2 << Transfer-Encoding: chunked
03:33:04.221 [main] DEBUG com.github.dockerjava.zerodep.shaded.org.apache.hc.client5.http.impl.classic.MainClientExec - ex-000000A5: connection can be kept alive for 3 MINUTES
03:33:04.222 [main] DEBUG com.github.dockerjava.zerodep.shaded.org.apache.hc.client5.http.impl.classic.InternalHttpClient - ep-000000A4: releasing valid endpoint
03:33:04.222 [main] DEBUG com.github.dockerjava.zerodep.shaded.org.apache.hc.client5.http.impl.io.PoolingHttpClientConnectionManager - ep-000000A4: releasing endpoint
03:33:04.222 [main] DEBUG com.github.dockerjava.zerodep.shaded.org.apache.hc.client5.http.impl.io.PoolingHttpClientConnectionManager - ep-000000A4: connection http-outgoing-2 can be kept alive for 3 MINUTES
03:33:04.222 [main] DEBUG com.github.dockerjava.zerodep.shaded.org.apache.hc.client5.http.impl.io.PoolingHttpClientConnectionManager - ep-000000A4: connection released [route: {}->unix://localhost:2375][total available: 1; route allocated: 1 of 2147483647; total allocated: 1 of 2147483647]
03:33:04.222 [main] DEBUG 🐳 [mysql:8.0] - Trying to create JDBC connection using com.mysql.cj.jdbc.Driver to jdbc:mysql://localhost:49160/test?useSSL=false&allowPublicKeyRetrieval=true with properties: {password=admin, user=admin}
03:33:04.362 [main] INFO 🐳 [mysql:8.0] - Container is started (JDBC URL: jdbc:mysql://localhost:49160/test)
03:33:04.364 [main] INFO 🐳 [mysql:8.0] - Container mysql:8.0 started in PT17.383012S
03:33:04.388 [main] DEBUG org.springframework.test.context.BootstrapUtils - Instantiating CacheAwareContextLoaderDelegate from class [org.springframework.test.context.cache.DefaultCacheAwareContextLoaderDelegate]
03:33:04.397 [main] DEBUG org.springframework.test.context.BootstrapUtils - Instantiating BootstrapContext using constructor [public org.springframework.test.context.support.DefaultBootstrapContext(java.lang.Class,org.springframework.test.context.CacheAwareContextLoaderDelegate)]
03:33:04.447 [main] DEBUG org.springframework.test.context.BootstrapUtils - Instantiating TestContextBootstrapper for test class [com.specific.integration.ProductTemplateIT] from class [org.springframework.boot.test.context.SpringBootTestContextBootstrapper]
03:33:04.460 [main] INFO org.springframework.boot.test.context.SpringBootTestContextBootstrapper - Neither @ContextConfiguration nor @ContextHierarchy found for test class [com.specific.integration.ProductTemplateIT], using SpringBootContextLoader
03:33:04.466 [main] DEBUG org.springframework.test.context.support.AbstractContextLoader - Did not detect default resource location for test class [com.specific.integration.ProductTemplateIT]: class path resource [com/specific/integration/ProductTemplateIT-context.xml] does not exist
03:33:04.466 [main] DEBUG org.springframework.test.context.support.AbstractContextLoader - Did not detect default resource location for test class [com.specific.integration.ProductTemplateIT]: class path resource [com/specific/integration/ProductTemplateITContext.groovy] does not exist
03:33:04.466 [main] INFO org.springframework.test.context.support.AbstractContextLoader - Could not detect default resource locations for test class [com.specific.integration.ProductTemplateIT]: no resource found for suffixes {-context.xml, Context.groovy}.
03:33:04.467 [main] INFO org.springframework.test.context.support.AnnotationConfigContextLoaderUtils - Could not detect default configuration classes for test class [com.specific.integration.ProductTemplateIT]: ProductTemplateIT does not declare any static, non-private, non-final, nested classes annotated with @Configuration.
03:33:04.525 [main] DEBUG org.springframework.test.context.support.ActiveProfilesUtils - Could not find an 'annotation declaring class' for annotation type [org.springframework.test.context.ActiveProfiles] and class [com.specific.integration.ProductTemplateIT]
03:33:04.599 [main] DEBUG org.springframework.context.annotation.ClassPathScanningCandidateComponentProvider - Identified candidate component class: file [/home/daniel/Desktop/petway/projSpecificService/target/classes/com/specific/ProjSpecificServiceApplication.class]
03:33:04.599 [main] INFO org.springframework.boot.test.context.SpringBootTestContextBootstrapper - Found @SpringBootConfiguration com.specific.ProjSpecificServiceApplication for test class com.specific.integration.ProductTemplateIT
03:33:04.693 [main] DEBUG org.springframework.boot.test.context.SpringBootTestContextBootstrapper - @TestExecutionListeners is not present for class [com.specific.integration.ProductTemplateIT]: using defaults.
03:33:04.693 [main] INFO org.springframework.boot.test.context.SpringBootTestContextBootstrapper - Loaded default TestExecutionListener class names from location [META-INF/spring.factories]: [org.springframework.test.context.web.ServletTestExecutionListener, org.springframework.test.context.support.DirtiesContextBeforeModesTestExecutionListener, org.springframework.test.context.event.ApplicationEventsTestExecutionListener, org.springframework.test.context.support.DependencyInjectionTestExecutionListener, org.springframework.test.context.support.DirtiesContextTestExecutionListener, org.springframework.test.context.transaction.TransactionalTestExecutionListener, org.springframework.test.context.jdbc.SqlScriptsTestExecutionListener, org.springframework.test.context.event.EventPublishingTestExecutionListener, org.springframework.boot.test.mock.mockito.MockitoTestExecutionListener, org.springframework.boot.test.mock.mockito.ResetMocksTestExecutionListener, org.springframework.boot.test.autoconfigure.restdocs.RestDocsTestExecutionListener, org.springframework.boot.test.autoconfigure.web.client.MockRestServiceServerResetTestExecutionListener, org.springframework.boot.test.autoconfigure.web.servlet.MockMvcPrintOnlyOnFailureTestExecutionListener, org.springframework.boot.test.autoconfigure.web.servlet.WebDriverTestExecutionListener, org.springframework.boot.test.autoconfigure.webservices.client.MockWebServiceServerTestExecutionListener]
03:33:04.715 [main] INFO org.springframework.boot.test.context.SpringBootTestContextBootstrapper - Using TestExecutionListeners: [org.springframework.test.context.web.ServletTestExecutionListener@6f469aef, org.springframework.test.context.support.DirtiesContextBeforeModesTestExecutionListener@52336a97, org.springframework.test.context.event.ApplicationEventsTestExecutionListener@16f89f03, org.springframework.boot.test.mock.mockito.MockitoTestExecutionListener@22e0965c, org.springframework.boot.test.autoconfigure.SpringBootDependencyInjectionTestExecutionListener@792ae10d, org.springframework.test.context.support.DirtiesContextTestExecutionListener@30845b6d, org.springframework.test.context.transaction.TransactionalTestExecutionListener@62d6caf9, org.springframework.test.context.jdbc.SqlScriptsTestExecutionListener@44a2f289, org.springframework.test.context.event.EventPublishingTestExecutionListener@6aae4199, org.springframework.boot.test.mock.mockito.ResetMocksTestExecutionListener@78633092, org.springframework.boot.test.autoconfigure.restdocs.RestDocsTestExecutionListener@2cb6bc65, org.springframework.boot.test.autoconfigure.web.client.MockRestServiceServerResetTestExecutionListener@7f5335c0, org.springframework.boot.test.autoconfigure.web.servlet.MockMvcPrintOnlyOnFailureTestExecutionListener@6769013a, org.springframework.boot.test.autoconfigure.web.servlet.WebDriverTestExecutionListener@6ef4ae5, org.springframework.boot.test.autoconfigure.webservices.client.MockWebServiceServerTestExecutionListener@1f238bc9]
03:33:04.718 [main] DEBUG org.springframework.test.context.support.AbstractDirtiesContextTestExecutionListener - Before test class: context [DefaultTestContext@330a0dbb testClass = ProductTemplateIT, testInstance = [null], testMethod = [null], testException = [null], mergedContextConfiguration = [WebMergedContextConfiguration@47c81691 testClass = ProductTemplateIT, locations = '{}', classes = '{class com.specific.ProjSpecificServiceApplication}', contextInitializerClasses = '[]', activeProfiles = '{}', propertySourceLocations = '{}', propertySourceProperties = '{org.springframework.boot.test.context.SpringBootTestContextBootstrapper=true, server.port=0}', contextCustomizers = set[org.springframework.test.context.support.DynamicPropertiesContextCustomizer@f3d6f038, org.springframework.boot.test.context.filter.ExcludeFilterContextCustomizer@433f9449, org.springframework.boot.test.json.DuplicateJsonObjectContextCustomizerFactory$DuplicateJsonObjectContextCustomizer@1a4ccb7b, org.springframework.boot.test.mock.mockito.MockitoContextCustomizer@0, org.springframework.boot.test.web.client.TestRestTemplateContextCustomizer@5e491535, org.springframework.boot.test.autoconfigure.actuate.metrics.MetricsExportContextCustomizerFactory$DisableMetricExportContextCustomizer@2d21fa63, org.springframework.boot.test.autoconfigure.properties.PropertyMappingContextCustomizer@0, org.springframework.boot.test.autoconfigure.web.servlet.WebDriverContextCustomizerFactory$Customizer@56482084, org.springframework.boot.test.context.SpringBootTestArgs@1, org.springframework.boot.test.context.SpringBootTestWebEnvironment@72cf2de5], resourceBasePath = 'src/main/webapp', contextLoader = 'org.springframework.boot.test.context.SpringBootContextLoader', parent = [null]], attributes = map['org.springframework.test.context.web.ServletTestExecutionListener.activateListener' -> false]], class annotated with @DirtiesContext [false] with mode [null].
03:33:04.733 [main] DEBUG org.springframework.test.context.support.DependencyInjectionTestExecutionListener - Performing dependency injection for test context [[DefaultTestContext@330a0dbb testClass = ProductTemplateIT, testInstance = com.specific.integration.ProductTemplateIT@5e971f6a, testMethod = [null], testException = [null], mergedContextConfiguration = [WebMergedContextConfiguration@47c81691 testClass = ProductTemplateIT, locations = '{}', classes = '{class com.specific.ProjSpecificServiceApplication}', contextInitializerClasses = '[]', activeProfiles = '{}', propertySourceLocations = '{}', propertySourceProperties = '{org.springframework.boot.test.context.SpringBootTestContextBootstrapper=true, server.port=0}', contextCustomizers = set[org.springframework.test.context.support.DynamicPropertiesContextCustomizer@f3d6f038, org.springframework.boot.test.context.filter.ExcludeFilterContextCustomizer@433f9449, org.springframework.boot.test.json.DuplicateJsonObjectContextCustomizerFactory$DuplicateJsonObjectContextCustomizer@1a4ccb7b, org.springframework.boot.test.mock.mockito.MockitoContextCustomizer@0, org.springframework.boot.test.web.client.TestRestTemplateContextCustomizer@5e491535, org.springframework.boot.test.autoconfigure.actuate.metrics.MetricsExportContextCustomizerFactory$DisableMetricExportContextCustomizer@2d21fa63, org.springframework.boot.test.autoconfigure.properties.PropertyMappingContextCustomizer@0, org.springframework.boot.test.autoconfigure.web.servlet.WebDriverContextCustomizerFactory$Customizer@56482084, org.springframework.boot.test.context.SpringBootTestArgs@1, org.springframework.boot.test.context.SpringBootTestWebEnvironment@72cf2de5], resourceBasePath = 'src/main/webapp', contextLoader = 'org.springframework.boot.test.context.SpringBootContextLoader', parent = [null]], attributes = map['org.springframework.test.context.web.ServletTestExecutionListener.activateListener' -> false, 'org.springframework.test.context.event.ApplicationEventsTestExecutionListener.recordApplicationEvents' -> false]]].

  .   ____          _            __ _ _
 /\\ / ___'_ __ _ _(_)_ __  __ _ \ \ \ \
( ( )\___ | '_ | '_| | '_ \/ _` | \ \ \ \
 \\/  ___)| |_)| | | | | || (_| |  ) ) ) )
  '  |____| .__|_| |_|_| |_\__, | / / / /
 =========|_|==============|___/=/_/_/_/
 :: Spring Boot ::                (v2.7.0)

2022-06-23 03:33:05.065  INFO 65860 --- [           main] c.s.integration.ProductTemplateIT        : Starting ProductTemplateIT using Java 11.0.15 on danielpc with PID 65860 (started by daniel in /home/daniel/Desktop/petway/projSpecificService)
2022-06-23 03:33:05.066  INFO 65860 --- [           main] c.s.integration.ProductTemplateIT        : No active profile set, falling back to 1 default profile: "default"
2022-06-23 03:33:05.996  INFO 65860 --- [           main] .s.d.r.c.RepositoryConfigurationDelegate : Bootstrapping Spring Data JPA repositories in DEFAULT mode.
2022-06-23 03:33:06.064  INFO 65860 --- [           main] .s.d.r.c.RepositoryConfigurationDelegate : Finished Spring Data repository scanning in 57 ms. Found 10 JPA repository interfaces.
2022-06-23 03:33:06.775  INFO 65860 --- [           main] o.s.b.w.embedded.tomcat.TomcatWebServer  : Tomcat initialized with port(s): 0 (http)
2022-06-23 03:33:06.790  INFO 65860 --- [           main] o.apache.catalina.core.StandardService   : Starting service [Tomcat]
2022-06-23 03:33:06.790  INFO 65860 --- [           main] org.apache.catalina.core.StandardEngine  : Starting Servlet engine: [Apache Tomcat/9.0.63]
2022-06-23 03:33:06.874  INFO 65860 --- [           main] o.a.c.c.C.[Tomcat].[localhost].[/]       : Initializing Spring embedded WebApplicationContext
2022-06-23 03:33:06.875  INFO 65860 --- [           main] w.s.c.ServletWebServerApplicationContext : Root WebApplicationContext: initialization completed in 1487 ms
2022-06-23 03:33:07.163  INFO 65860 --- [           main] o.hibernate.jpa.internal.util.LogHelper  : HHH000204: Processing PersistenceUnitInfo [name: default]
2022-06-23 03:33:07.229  INFO 65860 --- [           main] org.hibernate.Version                    : HHH000412: Hibernate ORM core version 5.6.9.Final
2022-06-23 03:33:07.391  INFO 65860 --- [           main] o.hibernate.annotations.common.Version   : HCANN000001: Hibernate Commons Annotations {5.1.2.Final}
2022-06-23 03:33:07.512  INFO 65860 --- [           main] com.zaxxer.hikari.HikariDataSource       : HikariPool-1 - Starting...
2022-06-23 03:33:07.530  WARN 65860 --- [           main] com.zaxxer.hikari.util.DriverDataSource  : Registered driver with driverClassName=com.mysql.jdbc.Driver was not found, trying direct instantiation.
2022-06-23 03:33:07.641  INFO 65860 --- [           main] com.zaxxer.hikari.HikariDataSource       : HikariPool-1 - Start completed.
2022-06-23 03:33:07.662  INFO 65860 --- [           main] org.hibernate.dialect.Dialect            : HHH000400: Using dialect: org.hibernate.dialect.MySQL8Dialect
2022-06-23 03:33:07.841  WARN 65860 --- [           main] org.hibernate.cfg.AnnotationBinder       : HHH000139: Illegal use of @Table in a subclass of a SINGLE_TABLE hierarchy: com.specific.model.Client
2022-06-23 03:33:07.844  WARN 65860 --- [           main] org.hibernate.cfg.AnnotationBinder       : HHH000139: Illegal use of @Table in a subclass of a SINGLE_TABLE hierarchy: com.specific.model.Manager
2022-06-23 03:33:10.120  INFO 65860 --- [           main] o.h.e.t.j.p.i.JtaPlatformInitiator       : HHH000490: Using JtaPlatform implementation: [org.hibernate.engine.transaction.jta.platform.internal.NoJtaPlatform]
2022-06-23 03:33:10.150  INFO 65860 --- [           main] j.LocalContainerEntityManagerFactoryBean : Initialized JPA EntityManagerFactory for persistence unit 'default'
2022-06-23 03:33:10.548  WARN 65860 --- [           main] JpaBaseConfiguration$JpaWebConfiguration : spring.jpa.open-in-view is enabled by default. Therefore, database queries may be performed during view rendering. Explicitly configure spring.jpa.open-in-view to disable this warning
2022-06-23 03:33:11.418  INFO 65860 --- [           main] o.s.s.web.DefaultSecurityFilterChain     : Will secure any request with [org.springframework.security.web.session.DisableEncodeUrlFilter@568e5659, org.springframework.security.web.context.request.async.WebAsyncManagerIntegrationFilter@37d0e7f, org.springframework.security.web.context.SecurityContextPersistenceFilter@4d727bc0, org.springframework.security.web.header.HeaderWriterFilter@b6cb7e0, org.springframework.web.filter.CorsFilter@44550413, org.springframework.security.web.authentication.logout.LogoutFilter@72bf1419, com.specific.config.JwtRequestFilter@468f4e6d, org.springframework.security.web.savedrequest.RequestCacheAwareFilter@7a6e123d, org.springframework.security.web.servletapi.SecurityContextHolderAwareRequestFilter@7ea58185, org.springframework.security.web.authentication.AnonymousAuthenticationFilter@677899da, org.springframework.security.web.session.SessionManagementFilter@6d31a0b6, org.springframework.security.web.access.ExceptionTranslationFilter@7d4bd516, org.springframework.security.web.access.intercept.FilterSecurityInterceptor@7696af7]
2022-06-23 03:33:11.774  INFO 65860 --- [           main] o.s.b.w.embedded.tomcat.TomcatWebServer  : Tomcat started on port(s): 34075 (http) with context path ''
2022-06-23 03:33:11.783  INFO 65860 --- [           main] c.s.integration.ProductTemplateIT        : Started ProductTemplateIT in 7.019 seconds (JVM running for 28.59)
2022-06-23 03:33:12.886  INFO 65860 --- [o-auto-1-exec-1] o.a.c.c.C.[Tomcat].[localhost].[/]       : Initializing Spring DispatcherServlet 'dispatcherServlet'
2022-06-23 03:33:12.886  INFO 65860 --- [o-auto-1-exec-1] o.s.web.servlet.DispatcherServlet        : Initializing Servlet 'dispatcherServlet'
2022-06-23 03:33:12.888  INFO 65860 --- [o-auto-1-exec-1] o.s.web.servlet.DispatcherServlet        : Completed initialization in 2 ms
2022-06-23 03:33:12.970  WARN 65860 --- [o-auto-1-exec-1] .w.s.m.s.DefaultHandlerExceptionResolver : Resolved [org.springframework.http.converter.HttpMessageNotReadableException: JSON parse error: Cannot deserialize value of type `java.lang.String` from Object value (token `JsonToken.START_OBJECT`); nested exception is com.fasterxml.jackson.databind.exc.MismatchedInputException: Cannot deserialize value of type `java.lang.String` from Object value (token `JsonToken.START_OBJECT`)<EOL> at [Source: (org.springframework.util.StreamUtils$NonClosingInputStream); line: 1, column: 105] (through reference chain: java.util.LinkedHashMap["store"])]
]]></system-out>
    <system-err><![CDATA[Loading class `com.mysql.jdbc.Driver'. This is deprecated. The new driver class is `com.mysql.cj.jdbc.Driver'. The driver is automatically registered via the SPI and manual loading of the driver class is generally unnecessary.
]]></system-err>
  </testcase>
</testsuite>